L 06/19/2021 - 04:01:41: [stac.smx] [Steamtools] Steam connected.
L 06/19/2021 - 22:07:24: [stac.smx] [StAC] Player (6)DoesHotter has invalid eye angles!
Current angles: 91.00 117.35 90.00.
Detections so far: 1
L 06/19/2021 - 22:07:24: [stac.smx] [StAC] Player (6)DoesHotter has invalid eye angles!
Current angles: 91.00 117.35 90.00.
Detections so far: 2
L 06/19/2021 - 22:07:24: [stac.smx] [StAC] Player (6)DoesHotter has invalid eye angles!
Current angles: 91.00 117.35 90.00.
Detections so far: 3
L 06/19/2021 - 22:07:24: [stac.smx] [StAC] Player (6)DoesHotter has invalid eye angles!
Current angles: 91.00 117.35 90.00.
Detections so far: 4
L 06/19/2021 - 22:07:24: [stac.smx] [StAC] Player (6)DoesHotter has invalid eye angles!
Current angles: 91.00 117.35 90.00.
Detections so far: 5
L 06/19/2021 - 22:07:24: [stac.smx] [StAC] Player (6)DoesHotter has invalid eye angles!
Current angles: 91.00 117.35 90.00.
Detections so far: 6
L 06/19/2021 - 22:07:24: [stac.smx] [StAC] Player (6)DoesHotter has invalid eye angles!
Current angles: 91.00 117.35 90.00.
Detections so far: 7
L 06/19/2021 - 22:07:24: [stac.smx] [StAC] Player (6)DoesHotter has invalid eye angles!
Current angles: 91.00 117.35 90.00.
Detections so far: 8
L 06/19/2021 - 22:07:24: [stac.smx] [StAC] Player (6)DoesHotter has invalid eye angles!
Current angles: 91.00 117.42 90.00.
Detections so far: 9
L 06/19/2021 - 22:07:24: [stac.smx] [StAC] Player (6)DoesHotter has invalid eye angles!
Current angles: 91.00 117.42 90.00.
Detections so far: 10
L 06/19/2021 - 22:07:24: [stac.smx] [StAC] No STV demo is being recorded, no demo name will be printed to the ban reason!
L 06/19/2021 - 22:07:25: [stac.smx] [StAC] Player (1)DoesHotter has invalid eye angles!
Current angles: 91.00 93.70 90.00.
Detections so far: 1
L 06/19/2021 - 22:07:25: [stac.smx] [StAC] Player (1)DoesHotter has invalid eye angles!
Current angles: 91.00 93.70 90.00.
Detections so far: 2
L 06/19/2021 - 22:07:25: [stac.smx] [StAC] Player (1)DoesHotter has invalid eye angles!
Current angles: 91.00 93.70 90.00.
Detections so far: 3
L 06/19/2021 - 22:07:25: [stac.smx] [StAC] Player (1)DoesHotter has invalid eye angles!
Current angles: 91.00 93.70 90.00.
Detections so far: 4
L 06/19/2021 - 22:07:25: [stac.smx] [StAC] Player (1)DoesHotter has invalid eye angles!
Current angles: 91.00 93.70 90.00.
Detections so far: 5
L 06/19/2021 - 22:07:25: [stac.smx] [StAC] Player (1)DoesHotter has invalid eye angles!
Current angles: 91.00 92.92 90.00.
Detections so far: 6
L 06/19/2021 - 22:07:25: [stac.smx] [StAC] Player (1)DoesHotter has invalid eye angles!
Current angles: 91.00 92.92 90.00.
Detections so far: 7
L 06/19/2021 - 22:07:25: [stac.smx] [StAC] Player (1)DoesHotter has invalid eye angles!
Current angles: 91.00 92.92 90.00.
Detections so far: 8
L 06/19/2021 - 22:07:25: [stac.smx] [StAC] Player (1)DoesHotter has invalid eye angles!
Current angles: 91.00 68.72 90.00.
Detections so far: 9
L 06/19/2021 - 22:07:25: [stac.smx] [StAC] Player (1)DoesHotter has invalid eye angles!
Current angles: 91.00 68.72 90.00.
Detections so far: 10
L 06/19/2021 - 22:07:25: [stac.smx] [StAC] No STV demo is being recorded, no demo name will be printed to the ban reason!
L 06/19/2021 - 22:07:25: [stac.smx] [StAC] Player (5)DoesHotter has invalid eye angles!
Current angles: 91.00 -103.41 90.00.
Detections so far: 1
L 06/19/2021 - 22:07:25: [stac.smx] [StAC] Player (5)DoesHotter has invalid eye angles!
Current angles: 91.00 -103.41 90.00.
Detections so far: 2
L 06/19/2021 - 22:07:25: [stac.smx] [StAC] Player (5)DoesHotter has invalid eye angles!
Current angles: 91.00 -103.41 90.00.
Detections so far: 3
L 06/19/2021 - 22:07:25: [stac.smx] [StAC] Player (5)DoesHotter has invalid eye angles!
Current angles: 91.00 -103.41 90.00.
Detections so far: 4
L 06/19/2021 - 22:07:25: [stac.smx] [StAC] Player (5)DoesHotter has invalid eye angles!
Current angles: 91.00 -103.41 90.00.
Detections so far: 5
L 06/19/2021 - 22:07:25: [stac.smx] [StAC] Player (5)DoesHotter has invalid eye angles!
Current angles: 91.00 -103.41 90.00.
Detections so far: 6
L 06/19/2021 - 22:07:25: [stac.smx] [StAC] Player (5)DoesHotter has invalid eye angles!
Current angles: 91.00 -103.41 90.00.
Detections so far: 7
L 06/19/2021 - 22:07:25: [stac.smx] [StAC] Player (5)DoesHotter has invalid eye angles!
Current angles: 91.00 -103.41 90.00.
Detections so far: 8
L 06/19/2021 - 22:07:25: [stac.smx] [StAC] Player (5)DoesHotter has invalid eye angles!
Current angles: 91.00 -119.76 90.00.
Detections so far: 9
L 06/19/2021 - 22:07:25: [stac.smx] [StAC] Player (5)DoesHotter has invalid eye angles!
Current angles: 91.00 -119.76 90.00.
Detections so far: 10
L 06/19/2021 - 22:07:25: [stac.smx] [StAC] No STV demo is being recorded, no demo name will be printed to the ban reason!
L 06/19/2021 - 22:07:26: [stac.smx] [StAC] Player (7)DoesHotter has invalid eye angles!
Current angles: 91.00 63.99 90.00.
Detections so far: 1
L 06/19/2021 - 22:07:26: [stac.smx] [StAC] Player (7)DoesHotter has invalid eye angles!
Current angles: 91.00 63.99 90.00.
Detections so far: 2
L 06/19/2021 - 22:07:26: [stac.smx] [StAC] Player (7)DoesHotter has invalid eye angles!
Current angles: 91.00 63.99 90.00.
Detections so far: 3
L 06/19/2021 - 22:07:26: [stac.smx] [StAC] Player (7)DoesHotter has invalid eye angles!
Current angles: 91.00 75.57 90.00.
Detections so far: 4
L 06/19/2021 - 22:07:26: [stac.smx] [StAC] Player (7)DoesHotter has invalid eye angles!
Current angles: 91.00 75.57 90.00.
Detections so far: 5
L 06/19/2021 - 22:07:26: [stac.smx] [StAC] Player (7)DoesHotter has invalid eye angles!
Current angles: 91.00 75.57 90.00.
Detections so far: 6
L 06/19/2021 - 22:07:26: [stac.smx] [StAC] Player (7)DoesHotter has invalid eye angles!
Current angles: 91.00 75.57 90.00.
Detections so far: 7
L 06/19/2021 - 22:07:26: [stac.smx] [StAC] Player (7)DoesHotter has invalid eye angles!
Current angles: 91.00 75.57 90.00.
Detections so far: 8
L 06/19/2021 - 22:07:26: [stac.smx] [StAC] Player (7)DoesHotter has invalid eye angles!
Current angles: 91.00 75.57 90.00.
Detections so far: 9
L 06/19/2021 - 22:07:26: [stac.smx] [StAC] Player (7)DoesHotter has invalid eye angles!
Current angles: 91.00 75.57 90.00.
Detections so far: 10
L 06/19/2021 - 22:07:26: [stac.smx] [StAC] No STV demo is being recorded, no demo name will be printed to the ban reason!
L 06/19/2021 - 22:07:26: [stac.smx] [StAC] Player (8)DoesHotter has invalid eye angles!
Current angles: 91.00 -97.86 90.00.
Detections so far: 1
L 06/19/2021 - 22:07:26: [stac.smx] [StAC] Player (8)DoesHotter has invalid eye angles!
Current angles: 91.00 -97.86 90.00.
Detections so far: 2
L 06/19/2021 - 22:07:26: [stac.smx] [StAC] Player (8)DoesHotter has invalid eye angles!
Current angles: 91.00 -97.86 90.00.
Detections so far: 3
L 06/19/2021 - 22:07:26: [stac.smx] [StAC] Player (8)DoesHotter has invalid eye angles!
Current angles: 91.00 -97.86 90.00.
Detections so far: 4
L 06/19/2021 - 22:07:26: [stac.smx] [StAC] Player (8)DoesHotter has invalid eye angles!
Current angles: 91.00 -97.86 90.00.
Detections so far: 5
L 06/19/2021 - 22:07:26: [stac.smx] [StAC] Player (8)DoesHotter has invalid eye angles!
Current angles: 91.00 -97.86 90.00.
Detections so far: 6
L 06/19/2021 - 22:07:26: [stac.smx] [StAC] Player (8)DoesHotter has invalid eye angles!
Current angles: 91.00 -97.86 90.00.
Detections so far: 7
L 06/19/2021 - 22:07:26: [stac.smx] [StAC] Player (8)DoesHotter has invalid eye angles!
Current angles: 91.00 -97.86 90.00.
Detections so far: 8
L 06/19/2021 - 22:07:26: [stac.smx] [StAC] Player (8)DoesHotter has invalid eye angles!
Current angles: 91.00 -97.86 90.00.
Detections so far: 9
L 06/19/2021 - 22:07:26: [stac.smx] [StAC] Player (8)DoesHotter has invalid eye angles!
Current angles: 91.00 -102.77 90.00.
Detections so far: 10
L 06/19/2021 - 22:07:26: [stac.smx] [StAC] No STV demo is being recorded, no demo name will be printed to the ban reason!
L 06/19/2021 - 22:07:26: [stac.smx] [StAC] Player DoesHotter has invalid eye angles!
Current angles: 91.00 46.54 90.00.
Detections so far: 1
L 06/19/2021 - 22:07:26: [stac.smx] [StAC] Player DoesHotter has invalid eye angles!
Current angles: 91.00 46.54 90.00.
Detections so far: 2
L 06/19/2021 - 22:07:26: [stac.smx] [StAC] Player DoesHotter has invalid eye angles!
Current angles: 91.00 46.54 90.00.
Detections so far: 3
L 06/19/2021 - 22:07:26: [stac.smx] [StAC] Player DoesHotter has invalid eye angles!
Current angles: 91.00 46.53 90.00.
Detections so far: 4
L 06/19/2021 - 22:07:26: [stac.smx] [StAC] Player DoesHotter has invalid eye angles!
Current angles: 91.00 46.53 90.00.
Detections so far: 5
L 06/19/2021 - 22:07:26: [stac.smx] [StAC] Player DoesHotter has invalid eye angles!
Current angles: 91.00 65.71 90.00.
Detections so far: 6
L 06/19/2021 - 22:07:26: [stac.smx] [StAC] Player DoesHotter has invalid eye angles!
Current angles: 91.00 65.71 90.00.
Detections so far: 7
L 06/19/2021 - 22:07:26: [stac.smx] [StAC] Player DoesHotter has invalid eye angles!
Current angles: 91.00 65.71 90.00.
Detections so far: 8
L 06/19/2021 - 22:07:26: [stac.smx] [StAC] Player DoesHotter has invalid eye angles!
Current angles: 91.00 65.71 90.00.
Detections so far: 9
L 06/19/2021 - 22:07:26: [stac.smx] [StAC] Player DoesHotter has invalid eye angles!
Current angles: 91.00 65.71 90.00.
Detections so far: 10
L 06/19/2021 - 22:07:26: [stac.smx] [StAC] No STV demo is being recorded, no demo name will be printed to the ban reason!
L 06/19/2021 - 22:07:31: [stac.smx] [StAC] Player (10)DoesHotter has invalid eye angles!
Current angles: 91.00 29.18 90.00.
Detections so far: 1
L 06/19/2021 - 22:07:31: [stac.smx] [StAC] Player (10)DoesHotter has invalid eye angles!
Current angles: 91.00 29.18 90.00.
Detections so far: 2
L 06/19/2021 - 22:07:31: [stac.smx] [StAC] Player (10)DoesHotter has invalid eye angles!
Current angles: 91.00 29.18 90.00.
Detections so far: 3
L 06/19/2021 - 22:07:31: [stac.smx] [StAC] Player (10)DoesHotter has invalid eye angles!
Current angles: 91.00 29.18 90.00.
Detections so far: 4
L 06/19/2021 - 22:07:31: [stac.smx] [StAC] Player (10)DoesHotter has invalid eye angles!
Current angles: 91.00 29.18 90.00.
Detections so far: 5
L 06/19/2021 - 22:07:31: [stac.smx] [StAC] Player (10)DoesHotter has invalid eye angles!
Current angles: 91.00 47.81 90.00.
Detections so far: 6
L 06/19/2021 - 22:07:31: [stac.smx] [StAC] Player (10)DoesHotter has invalid eye angles!
Current angles: 91.00 47.81 90.00.
Detections so far: 7
L 06/19/2021 - 22:07:31: [stac.smx] [StAC] Player (10)DoesHotter has invalid eye angles!
Current angles: 91.00 47.81 90.00.
Detections so far: 8
L 06/19/2021 - 22:07:31: [stac.smx] [StAC] Player (10)DoesHotter has invalid eye angles!
Current angles: 91.00 47.81 90.00.
Detections so far: 9
L 06/19/2021 - 22:07:31: [stac.smx] [StAC] Player (10)DoesHotter has invalid eye angles!
Current angles: 91.00 47.81 90.00.
Detections so far: 10
L 06/19/2021 - 22:07:31: [stac.smx] [StAC] No STV demo is being recorded, no demo name will be printed to the ban reason!
L 06/19/2021 - 22:07:32: [stac.smx] [StAC] Player (9)DoesHotter has invalid eye angles!
Current angles: 91.00 82.48 90.00.
Detections so far: 1
L 06/19/2021 - 22:07:32: [stac.smx] [StAC] Player (9)DoesHotter has invalid eye angles!
Current angles: 91.00 62.70 90.00.
Detections so far: 2
L 06/19/2021 - 22:07:32: [stac.smx] [StAC] Player (9)DoesHotter has invalid eye angles!
Current angles: 91.00 62.70 90.00.
Detections so far: 3
L 06/19/2021 - 22:07:32: [stac.smx] [StAC] Player (12)DoesHotter has invalid eye angles!
Current angles: 91.00 -97.23 90.00.
Detections so far: 1
L 06/19/2021 - 22:07:32: [stac.smx] [StAC] Player (12)DoesHotter has invalid eye angles!
Current angles: 91.00 -97.23 90.00.
Detections so far: 2
L 06/19/2021 - 22:07:32: [stac.smx] [StAC] Player (12)DoesHotter has invalid eye angles!
Current angles: 91.00 -94.02 90.00.
Detections so far: 3
L 06/19/2021 - 22:07:32: [stac.smx] [StAC] Player (12)DoesHotter has invalid eye angles!
Current angles: 91.00 -94.02 90.00.
Detections so far: 4
L 06/19/2021 - 22:07:32: [stac.smx] [StAC] Player (12)DoesHotter has invalid eye angles!
Current angles: 91.00 -94.02 90.00.
Detections so far: 5
L 06/19/2021 - 22:07:33: [stac.smx] [StAC] Player (9)DoesHotter has invalid eye angles!
Current angles: 91.00 62.70 90.00.
Detections so far: 4
L 06/19/2021 - 22:07:33: [stac.smx] [StAC] Player (9)DoesHotter has invalid eye angles!
Current angles: 91.00 62.70 90.00.
Detections so far: 5
L 06/19/2021 - 22:07:33: [stac.smx] [StAC] Player (9)DoesHotter has invalid eye angles!
Current angles: 91.00 62.70 90.00.
Detections so far: 6
L 06/19/2021 - 22:07:33: [stac.smx] [StAC] Player (9)DoesHotter has invalid eye angles!
Current angles: 91.00 62.70 90.00.
Detections so far: 7
L 06/19/2021 - 22:07:33: [stac.smx] [StAC] Player (12)DoesHotter has invalid eye angles!
Current angles: 91.00 -94.02 90.00.
Detections so far: 6
L 06/19/2021 - 22:07:33: [stac.smx] [StAC] Player (12)DoesHotter has invalid eye angles!
Current angles: 91.00 -94.02 90.00.
Detections so far: 7
L 06/19/2021 - 22:07:33: [stac.smx] [StAC] Player (12)DoesHotter has invalid eye angles!
Current angles: 91.00 -94.02 90.00.
Detections so far: 8
L 06/19/2021 - 22:07:33: [stac.smx] [StAC] Player (12)DoesHotter has invalid eye angles!
Current angles: 91.00 -94.02 90.00.
Detections so far: 9
L 06/19/2021 - 22:07:33: [stac.smx] [StAC] Player (12)DoesHotter has invalid eye angles!
Current angles: 91.00 -94.02 90.00.
Detections so far: 10
L 06/19/2021 - 22:07:33: [stac.smx] [StAC] No STV demo is being recorded, no demo name will be printed to the ban reason!
L 06/19/2021 - 22:07:33: [stac.smx] [StAC] Player (9)DoesHotter has invalid eye angles!
Current angles: 91.00 62.70 90.00.
Detections so far: 8
L 06/19/2021 - 22:07:33: [stac.smx] [StAC] Player (9)DoesHotter has invalid eye angles!
Current angles: 91.00 62.70 90.00.
Detections so far: 9
L 06/19/2021 - 22:07:33: [stac.smx] [StAC] Player (9)DoesHotter has invalid eye angles!
Current angles: 91.00 62.70 90.00.
Detections so far: 10
L 06/19/2021 - 22:07:33: [stac.smx] [StAC] No STV demo is being recorded, no demo name will be printed to the ban reason!
L 06/19/2021 - 22:07:33: [stac.smx] [StAC] Player (13)DoesHotter has invalid eye angles!
Current angles: 91.00 90.43 90.00.
Detections so far: 1
L 06/19/2021 - 22:07:33: [stac.smx] [StAC] Player (13)DoesHotter has invalid eye angles!
Current angles: 91.00 90.43 90.00.
Detections so far: 2
L 06/19/2021 - 22:07:33: [stac.smx] [StAC] Player (13)DoesHotter has invalid eye angles!
Current angles: 91.00 90.43 90.00.
Detections so far: 3
L 06/19/2021 - 22:07:33: [stac.smx] [StAC] Player (13)DoesHotter has invalid eye angles!
Current angles: 91.00 81.67 90.00.
Detections so far: 4
L 06/19/2021 - 22:07:33: [stac.smx] [StAC] Player (13)DoesHotter has invalid eye angles!
Current angles: 91.00 81.67 90.00.
Detections so far: 5
L 06/19/2021 - 22:07:33: [stac.smx] [StAC] Player (13)DoesHotter has invalid eye angles!
Current angles: 91.00 81.67 90.00.
Detections so far: 6
L 06/19/2021 - 22:07:33: [stac.smx] [StAC] Player (13)DoesHotter has invalid eye angles!
Current angles: 91.00 81.67 90.00.
Detections so far: 7
L 06/19/2021 - 22:07:33: [stac.smx] [StAC] Player (13)DoesHotter has invalid eye angles!
Current angles: 91.00 81.67 90.00.
Detections so far: 8
L 06/19/2021 - 22:07:33: [stac.smx] [StAC] Player (13)DoesHotter has invalid eye angles!
Current angles: 91.00 81.67 90.00.
Detections so far: 9
L 06/19/2021 - 22:07:33: [stac.smx] [StAC] Player (13)DoesHotter has invalid eye angles!
Current angles: 91.00 81.67 90.00.
Detections so far: 10
L 06/19/2021 - 22:07:33: [stac.smx] [StAC] No STV demo is being recorded, no demo name will be printed to the ban reason!
L 06/19/2021 - 22:07:38: [stac.smx] [StAC] Player (11)DoesHotter has invalid eye angles!
Current angles: 91.00 87.41 90.00.
Detections so far: 1
L 06/19/2021 - 22:07:38: [stac.smx] [StAC] Player (11)DoesHotter has invalid eye angles!
Current angles: 91.00 88.27 90.00.
Detections so far: 2
L 06/19/2021 - 22:07:38: [stac.smx] [StAC] Player (11)DoesHotter has invalid eye angles!
Current angles: 91.00 88.27 90.00.
Detections so far: 3
L 06/19/2021 - 22:07:38: [stac.smx] [StAC] Player (11)DoesHotter has invalid eye angles!
Current angles: 91.00 88.27 90.00.
Detections so far: 4
L 06/19/2021 - 22:07:38: [stac.smx] [StAC] Player (11)DoesHotter has invalid eye angles!
Current angles: 91.00 88.27 90.00.
Detections so far: 5
L 06/19/2021 - 22:07:38: [stac.smx] [StAC] Player (11)DoesHotter has invalid eye angles!
Current angles: 91.00 88.27 90.00.
Detections so far: 6
L 06/19/2021 - 22:07:38: [stac.smx] [StAC] Player (11)DoesHotter has invalid eye angles!
Current angles: 91.00 88.27 90.00.
Detections so far: 7
L 06/19/2021 - 22:07:38: [stac.smx] [StAC] Player (11)DoesHotter has invalid eye angles!
Current angles: 91.00 88.87 90.00.
Detections so far: 8
L 06/19/2021 - 22:07:38: [stac.smx] [StAC] Player (11)DoesHotter has invalid eye angles!
Current angles: 91.00 88.87 90.00.
Detections so far: 9
L 06/19/2021 - 22:07:38: [stac.smx] [StAC] Player (11)DoesHotter has invalid eye angles!
Current angles: 91.00 88.87 90.00.
Detections so far: 10
L 06/19/2021 - 22:07:38: [stac.smx] [StAC] No STV demo is being recorded, no demo name will be printed to the ban reason!
L 06/19/2021 - 22:07:38: [stac.smx] [StAC] Player (14)DoesHotter has invalid eye angles!
Current angles: 91.00 -75.73 90.00.
Detections so far: 1
L 06/19/2021 - 22:07:38: [stac.smx] [StAC] Player (14)DoesHotter has invalid eye angles!
Current angles: 91.00 -75.73 90.00.
Detections so far: 2
L 06/19/2021 - 22:07:38: [stac.smx] [StAC] Player (14)DoesHotter has invalid eye angles!
Current angles: 91.00 -75.73 90.00.
Detections so far: 3
L 06/19/2021 - 22:07:38: [stac.smx] [StAC] Player (14)DoesHotter has invalid eye angles!
Current angles: 91.00 -81.95 90.00.
Detections so far: 4
L 06/19/2021 - 22:07:38: [stac.smx] [StAC] Player (14)DoesHotter has invalid eye angles!
Current angles: 91.00 -81.95 90.00.
Detections so far: 5
L 06/19/2021 - 22:07:38: [stac.smx] [StAC] Player (14)DoesHotter has invalid eye angles!
Current angles: 91.00 -81.95 90.00.
Detections so far: 6
L 06/19/2021 - 22:07:38: [stac.smx] [StAC] Player (14)DoesHotter has invalid eye angles!
Current angles: 91.00 -81.95 90.00.
Detections so far: 7
L 06/19/2021 - 22:07:38: [stac.smx] [StAC] Player (14)DoesHotter has invalid eye angles!
Current angles: 91.00 -81.95 90.00.
Detections so far: 8
L 06/19/2021 - 22:07:38: [stac.smx] [StAC] Player (14)DoesHotter has invalid eye angles!
Current angles: 91.00 -81.95 90.00.
Detections so far: 9
L 06/19/2021 - 22:07:38: [stac.smx] [StAC] Player (14)DoesHotter has invalid eye angles!
Current angles: 91.00 -81.95 90.00.
Detections so far: 10
L 06/19/2021 - 22:07:38: [stac.smx] [StAC] No STV demo is being recorded, no demo name will be printed to the ban reason!
L 06/19/2021 - 22:07:39: [stac.smx] [StAC] Player (16)DoesHotter has invalid eye angles!
Current angles: 91.00 77.64 90.00.
Detections so far: 1
L 06/19/2021 - 22:07:39: [stac.smx] [StAC] Player (16)DoesHotter has invalid eye angles!
Current angles: 91.00 77.64 90.00.
Detections so far: 2
L 06/19/2021 - 22:07:39: [stac.smx] [StAC] Player (16)DoesHotter has invalid eye angles!
Current angles: 91.00 77.64 90.00.
Detections so far: 3
L 06/19/2021 - 22:07:39: [stac.smx] [StAC] Player (16)DoesHotter has invalid eye angles!
Current angles: 91.00 77.64 90.00.
Detections so far: 4
L 06/19/2021 - 22:07:39: [stac.smx] [StAC] Player (16)DoesHotter has invalid eye angles!
Current angles: 91.00 77.64 90.00.
Detections so far: 5
L 06/19/2021 - 22:07:39: [stac.smx] [StAC] Player (16)DoesHotter has invalid eye angles!
Current angles: 91.00 77.64 90.00.
Detections so far: 6
L 06/19/2021 - 22:07:39: [stac.smx] [StAC] Player (16)DoesHotter has invalid eye angles!
Current angles: 91.00 77.64 90.00.
Detections so far: 7
L 06/19/2021 - 22:07:39: [stac.smx] [StAC] Player (16)DoesHotter has invalid eye angles!
Current angles: 91.00 100.14 90.00.
Detections so far: 8
L 06/19/2021 - 22:07:39: [stac.smx] [StAC] Player (16)DoesHotter has invalid eye angles!
Current angles: 91.00 100.14 90.00.
Detections so far: 9
L 06/19/2021 - 22:07:39: [stac.smx] [StAC] Player (16)DoesHotter has invalid eye angles!
Current angles: 91.00 100.14 90.00.
Detections so far: 10
L 06/19/2021 - 22:07:39: [stac.smx] [StAC] No STV demo is being recorded, no demo name will be printed to the ban reason!
