<04:00:24> 

----> StAC version [5.2.1] unloaded

<04:02:06> 

----> StAC version [5.2.1] unloaded

<04:41:23> 

----------

[StAC] Player Diggy bhopped!
Consecutive detections so far: 5
<04:41:23> 
 Player: Diggy<8><[U:1:315272131]><>
 StAC cached SteamID: STEAM_0:1:157636065
<05:37:30> 

----------

[StAC] Player The Menice bhopped!
Consecutive detections so far: 5
<05:37:30> 
 Player: The Menice<19><[U:1:315272131]><>
 StAC cached SteamID: STEAM_0:1:157636065
<05:37:31> 

----------

[StAC] Player The Menice bhopped!
Consecutive detections so far: 6
<05:37:31> 
 Player: The Menice<19><[U:1:315272131]><>
 StAC cached SteamID: STEAM_0:1:157636065
<08:42:47> 

----------

[StAC] Player Waifu bhopped!
Consecutive detections so far: 5
<08:42:47> 
 Player: Waifu<23><[U:1:69823473]><>
 StAC cached SteamID: STEAM_0:1:34911736
<23:13:13> 

----------

[StAC] Player Ex0da has invalid eye angles!
Current angles: -91.00 -287.50 0.00.
Detections so far: 1
<23:13:13> 
 Player: Ex0da<46><[U:1:76358398]><>
 StAC cached SteamID: STEAM_0:0:38179199
<23:13:14> 

----------

[StAC] Player Ex0da has invalid eye angles!
Current angles: -91.00 -291.20 0.00.
Detections so far: 2
<23:13:14> 
 Player: Ex0da<46><[U:1:76358398]><>
 StAC cached SteamID: STEAM_0:0:38179199
<23:13:15> 

----------

[StAC] Player Ex0da has invalid eye angles!
Current angles: -91.00 -298.90 0.00.
Detections so far: 3
<23:13:15> 
 Player: Ex0da<46><[U:1:76358398]><>
 StAC cached SteamID: STEAM_0:0:38179199
<23:13:15> 

----------

[StAC] Player Ex0da has invalid eye angles!
Current angles: -91.00 -298.90 0.00.
Detections so far: 4
<23:13:15> 
 Player: Ex0da<46><[U:1:76358398]><>
 StAC cached SteamID: STEAM_0:0:38179199
<23:13:15> 

----------

[StAC] Player Ex0da has invalid eye angles!
Current angles: -91.00 -298.82 0.00.
Detections so far: 5
<23:13:15> 
 Player: Ex0da<46><[U:1:76358398]><>
 StAC cached SteamID: STEAM_0:0:38179199
<23:13:15> 

----------

[StAC] Player Ex0da has invalid eye angles!
Current angles: -91.00 -298.39 0.00.
Detections so far: 6
<23:13:15> 
 Player: Ex0da<46><[U:1:76358398]><>
 StAC cached SteamID: STEAM_0:0:38179199
<23:13:15> 

----------

[StAC] Player Ex0da has invalid eye angles!
Current angles: -91.00 -298.12 0.00.
Detections so far: 7
<23:13:15> 
 Player: Ex0da<46><[U:1:76358398]><>
 StAC cached SteamID: STEAM_0:0:38179199
<23:13:15> 

----------

[StAC] Player Ex0da has invalid eye angles!
Current angles: -91.00 -297.61 0.00.
Detections so far: 8
<23:13:15> 
 Player: Ex0da<46><[U:1:76358398]><>
 StAC cached SteamID: STEAM_0:0:38179199
<23:13:16> 

----------

[StAC] Player Ex0da has invalid eye angles!
Current angles: -91.00 -297.19 0.00.
Detections so far: 9
<23:13:16> 
 Player: Ex0da<46><[U:1:76358398]><>
 StAC cached SteamID: STEAM_0:0:38179199
<23:13:16> 

----------

[StAC] Player Ex0da has invalid eye angles!
Current angles: -91.00 -296.94 0.00.
Detections so far: 10
<23:13:16> 
 Player: Ex0da<46><[U:1:76358398]><>
 StAC cached SteamID: STEAM_0:0:38179199
<23:13:16> No STV demo is being recorded, no demo name will be printed to the ban reason!
