L 05/12/2021 - 04:01:26: [stac.smx] [StAC] Plugin vers. ---- 4.1.17b ---- loaded
L 05/12/2021 - 04:01:35: [stac.smx] [Steamtools] Steam connected.
L 05/12/2021 - 22:00:22: [stac.smx] 
[StAC] Player Erick bhopped! Consecutive detections so far: 5
L 05/12/2021 - 22:00:23: [stac.smx] 
[StAC] Player Erick bhopped! Consecutive detections so far: 6
L 05/12/2021 - 22:00:23: [stac.smx] 
[StAC] Player Erick bhopped! Consecutive detections so far: 7
L 05/12/2021 - 22:07:01: [stac.smx] 
[StAC] Player Erick bhopped! Consecutive detections so far: 5
L 05/12/2021 - 22:07:01: [stac.smx] 
[StAC] Player Erick bhopped! Consecutive detections so far: 6
L 05/12/2021 - 22:11:08: [stac.smx] [StAC] Player Erick changed settings 26 times within the last 60 seconds
L 05/12/2021 - 22:11:09: [stac.smx] [StAC] Player Erick changed settings 27 times within the last 60 seconds
L 05/12/2021 - 22:11:09: [stac.smx] [StAC] Player Erick changed settings 28 times within the last 60 seconds
L 05/13/2021 - 01:19:36: [stac.smx] 
[StAC] Player Erick bhopped! Consecutive detections so far: 5
L 05/13/2021 - 01:19:37: [stac.smx] 
[StAC] Player Erick bhopped! Consecutive detections so far: 6
L 05/13/2021 - 01:20:18: [stac.smx] 
[StAC] Player Erick bhopped! Consecutive detections so far: 5
L 05/13/2021 - 01:20:19: [stac.smx] 
[StAC] Player Erick bhopped! Consecutive detections so far: 6
L 05/13/2021 - 01:20:19: [stac.smx] 
[StAC] Player Erick bhopped! Consecutive detections so far: 7
L 05/13/2021 - 01:20:20: [stac.smx] 
[StAC] Player Erick bhopped! Consecutive detections so far: 8
L 05/13/2021 - 01:20:21: [stac.smx] 
[StAC] Player Erick bhopped! Consecutive detections so far: 9
L 05/13/2021 - 01:20:22: [stac.smx] 
[StAC] Player Erick bhopped! Consecutive detections so far: 10
L 05/13/2021 - 01:20:22: [stac.smx] 
[StAC] Player Erick bhopped consecutively 10 or more times! Detections so far: 1
L 05/13/2021 - 01:23:47: [stac.smx] [Steamtools] Steam disconnected.
L 05/13/2021 - 01:24:06: [stac.smx] [Steamtools] Steam connected.
