L 05/29/2021 - 04:01:58: [stac.smx] [StAC] Plugin vers. ---- 4.5.1 ---- loaded
L 05/29/2021 - 04:02:16: [stac.smx] [Steamtools] Steam connected.
L 05/29/2021 - 04:16:14: [stac.smx] [StAC] Server framerate stuttered. Expected: 66.666671, got 20.327543.
Disabling OnPlayerRunCmd checks for 5.00 seconds.
L 05/29/2021 - 05:03:21: [stac.smx] [StAC] Server framerate stuttered. Expected: 66.666671, got 43.574466.
Disabling OnPlayerRunCmd checks for 5.00 seconds.
L 05/29/2021 - 05:05:44: [stac.smx] [StAC] Server framerate stuttered. Expected: 66.666671, got 26.256410.
Disabling OnPlayerRunCmd checks for 5.00 seconds.
L 05/29/2021 - 05:07:09: [stac.smx] [StAC] Server framerate stuttered. Expected: 66.666671, got 47.080459.
Disabling OnPlayerRunCmd checks for 5.00 seconds.
L 05/29/2021 - 05:10:41: [stac.smx] [StAC] Server framerate stuttered. Expected: 66.666671, got 35.310344.
Disabling OnPlayerRunCmd checks for 5.00 seconds.
L 05/29/2021 - 05:12:31: [stac.smx] [StAC] Server framerate stuttered. Expected: 66.666671, got 35.310344.
Disabling OnPlayerRunCmd checks for 5.00 seconds.
L 05/29/2021 - 05:14:18: [stac.smx] [StAC] Server framerate stuttered. Expected: 66.666671, got 32.507938.
Disabling OnPlayerRunCmd checks for 5.00 seconds.
L 05/29/2021 - 05:15:26: [stac.smx] [StAC] Server framerate stuttered. Expected: 66.666671, got 40.156864.
Disabling OnPlayerRunCmd checks for 5.00 seconds.
L 05/29/2021 - 05:16:41: [stac.smx] [StAC] Server framerate stuttered. Expected: 66.666671, got 8.752137.
Disabling OnPlayerRunCmd checks for 5.00 seconds.
L 05/29/2021 - 05:16:41: [stac.smx] [StAC] Server framerate stuttered. Expected: 66.666671, got 33.032257.
Disabling OnPlayerRunCmd checks for 5.00 seconds.
L 05/29/2021 - 05:27:26: [stac.smx] [StAC] Server framerate stuttered. Expected: 66.666671, got 40.959999.
Disabling OnPlayerRunCmd checks for 5.00 seconds.
L 05/29/2021 - 05:28:37: [stac.smx] [StAC] Server framerate stuttered. Expected: 66.666671, got 20.686868.
Disabling OnPlayerRunCmd checks for 5.00 seconds.
L 05/29/2021 - 05:30:42: [stac.smx] [StAC] Server framerate stuttered. Expected: 66.666671, got 30.117647.
Disabling OnPlayerRunCmd checks for 5.00 seconds.
L 05/29/2021 - 05:34:31: [stac.smx] [StAC] Server framerate stuttered. Expected: 66.666671, got 33.573768.
Disabling OnPlayerRunCmd checks for 5.00 seconds.
L 05/29/2021 - 05:39:06: [stac.smx] [StAC] Server framerate stuttered. Expected: 66.666671, got 21.113401.
Disabling OnPlayerRunCmd checks for 5.00 seconds.
L 05/29/2021 - 05:43:31: [stac.smx] [StAC] Server framerate stuttered. Expected: 66.666671, got 30.567163.
Disabling OnPlayerRunCmd checks for 5.00 seconds.
L 05/29/2021 - 05:45:28: [stac.smx] [StAC] Server framerate stuttered. Expected: 66.666671, got 23.540229.
Disabling OnPlayerRunCmd checks for 5.00 seconds.
L 05/29/2021 - 05:45:28: [stac.smx] [StAC] Server framerate stuttered. Expected: 66.666671, got 36.571430.
Disabling OnPlayerRunCmd checks for 5.00 seconds.
L 05/29/2021 - 05:47:41: [stac.smx] [StAC] Server framerate stuttered. Expected: 66.666671, got 52.512821.
Disabling OnPlayerRunCmd checks for 5.00 seconds.
L 05/29/2021 - 05:48:56: [stac.smx] [StAC] Server framerate stuttered. Expected: 66.666671, got 36.571430.
Disabling OnPlayerRunCmd checks for 5.00 seconds.
L 05/29/2021 - 05:50:59: [stac.smx] [StAC] Server framerate stuttered. Expected: 66.666671, got 12.047059.
Disabling OnPlayerRunCmd checks for 5.00 seconds.
L 05/29/2021 - 05:51:40: [stac.smx] [StAC] Server framerate stuttered. Expected: 66.666671, got 36.571430.
Disabling OnPlayerRunCmd checks for 5.00 seconds.
L 05/29/2021 - 05:54:17: [stac.smx] [StAC] Server framerate stuttered. Expected: 66.666671, got 17.066667.
Disabling OnPlayerRunCmd checks for 5.00 seconds.
L 05/29/2021 - 05:55:00: [stac.smx] [StAC] Server framerate stuttered. Expected: 66.666671, got 23.813953.
Disabling OnPlayerRunCmd checks for 5.00 seconds.
L 05/29/2021 - 05:55:01: [stac.smx] [StAC] Server framerate stuttered. Expected: 66.666671, got 37.236362.
Disabling OnPlayerRunCmd checks for 5.00 seconds.
L 05/29/2021 - 05:56:09: [stac.smx] [StAC] Server framerate stuttered. Expected: 66.666671, got 40.156864.
Disabling OnPlayerRunCmd checks for 5.00 seconds.
L 05/29/2021 - 06:01:17: [stac.smx] [StAC] Server framerate stuttered. Expected: 66.666671, got 28.054794.
Disabling OnPlayerRunCmd checks for 5.00 seconds.
L 05/29/2021 - 06:05:34: [stac.smx] [StAC] Server framerate stuttered. Expected: 66.666671, got 27.675676.
Disabling OnPlayerRunCmd checks for 5.00 seconds.
L 05/29/2021 - 06:05:34: [stac.smx] [StAC] Server framerate stuttered. Expected: 66.666671, got 22.021505.
Disabling OnPlayerRunCmd checks for 5.00 seconds.
L 05/29/2021 - 06:06:46: [stac.smx] [StAC] Server framerate stuttered. Expected: 66.666671, got 26.597402.
Disabling OnPlayerRunCmd checks for 5.00 seconds.
L 05/29/2021 - 06:06:51: [stac.smx] [StAC] Server framerate stuttered. Expected: 66.666671, got 23.813953.
Disabling OnPlayerRunCmd checks for 5.00 seconds.
L 05/29/2021 - 06:07:34: [stac.smx] [StAC] Server framerate stuttered. Expected: 66.666671, got 28.054794.
Disabling OnPlayerRunCmd checks for 5.00 seconds.
L 05/29/2021 - 06:07:55: [stac.smx] [StAC] Server framerate stuttered. Expected: 66.666671, got 48.761905.
Disabling OnPlayerRunCmd checks for 5.00 seconds.
L 05/29/2021 - 06:25:01: [stac.smx] [StAC] Server framerate stuttered. Expected: 66.666671, got 20.897958.
Disabling OnPlayerRunCmd checks for 5.00 seconds.
L 05/29/2021 - 06:31:21: [stac.smx] [Steamtools] Steam disconnected.
L 05/29/2021 - 06:31:39: [stac.smx] [Steamtools] Steam connected.
L 05/29/2021 - 09:36:49: [stac.smx] [StAC] Server framerate stuttered. Expected: 66.666671, got 34.133335.
Disabling OnPlayerRunCmd checks for 5.00 seconds.
L 05/29/2021 - 13:18:36: [stac.smx] [StAC] Server framerate stuttered. Expected: 66.666671, got 23.272727.
Disabling OnPlayerRunCmd checks for 5.00 seconds.
L 05/29/2021 - 14:51:12: [stac.smx] [StAC] Server framerate stuttered. Expected: 66.666671, got 15.058823.
Disabling OnPlayerRunCmd checks for 5.00 seconds.
L 05/29/2021 - 17:31:28: [stac.smx] [StAC] Server framerate stuttered. Expected: 66.666671, got 21.333333.
Disabling OnPlayerRunCmd checks for 5.00 seconds.
L 05/29/2021 - 17:34:09: [stac.smx] [StAC] Server framerate stuttered. Expected: 66.666671, got 28.444444.
Disabling OnPlayerRunCmd checks for 5.00 seconds.
L 05/29/2021 - 17:39:32: [stac.smx] [StAC] Server framerate stuttered. Expected: 66.666671, got 25.600000.
Disabling OnPlayerRunCmd checks for 5.00 seconds.
L 05/29/2021 - 18:08:04: [stac.smx] [StAC] Server framerate stuttered. Expected: 66.666671, got 13.473684.
Disabling OnPlayerRunCmd checks for 5.00 seconds.
L 05/29/2021 - 18:52:44: [stac.smx] [StAC] Server framerate stuttered. Expected: 66.666671, got 28.444444.
Disabling OnPlayerRunCmd checks for 5.00 seconds.
L 05/29/2021 - 19:47:42: [stac.smx] [StAC] Server framerate stuttered. Expected: 66.666671, got 51.200000.
Disabling OnPlayerRunCmd checks for 5.00 seconds.
L 05/29/2021 - 19:49:12: [stac.smx] [StAC] Server framerate stuttered. Expected: 66.666671, got 51.200000.
Disabling OnPlayerRunCmd checks for 5.00 seconds.
L 05/29/2021 - 19:50:19: [stac.smx] [StAC] Server framerate stuttered. Expected: 66.666671, got 21.333333.
Disabling OnPlayerRunCmd checks for 5.00 seconds.
L 05/29/2021 - 19:52:59: [stac.smx] [StAC] Server framerate stuttered. Expected: 66.666671, got 18.285715.
Disabling OnPlayerRunCmd checks for 5.00 seconds.
L 05/29/2021 - 19:53:20: [stac.smx] [StAC] Server framerate stuttered. Expected: 66.666671, got 23.272727.
Disabling OnPlayerRunCmd checks for 5.00 seconds.
L 05/29/2021 - 19:53:25: [stac.smx] [StAC] Server framerate stuttered. Expected: 66.666671, got 28.444444.
Disabling OnPlayerRunCmd checks for 5.00 seconds.
L 05/29/2021 - 20:16:06: [stac.smx] [StAC] Server framerate stuttered. Expected: 66.666671, got 32.000000.
Disabling OnPlayerRunCmd checks for 5.00 seconds.
L 05/29/2021 - 20:16:49: [stac.smx] [StAC] Server framerate stuttered. Expected: 66.666671, got 19.692308.
Disabling OnPlayerRunCmd checks for 5.00 seconds.
L 05/29/2021 - 20:19:23: [stac.smx] [StAC] Server framerate stuttered. Expected: 66.666671, got 42.666667.
Disabling OnPlayerRunCmd checks for 5.00 seconds.
L 05/29/2021 - 20:20:33: [stac.smx] [StAC] Server framerate stuttered. Expected: 66.666671, got 25.600000.
Disabling OnPlayerRunCmd checks for 5.00 seconds.
L 05/29/2021 - 20:23:22: [stac.smx] [StAC] Server framerate stuttered. Expected: 66.666671, got 36.571430.
Disabling OnPlayerRunCmd checks for 5.00 seconds.
L 05/29/2021 - 20:25:06: [stac.smx] [StAC] Server framerate stuttered. Expected: 66.666671, got 28.444444.
Disabling OnPlayerRunCmd checks for 5.00 seconds.
L 05/29/2021 - 20:27:20: [stac.smx] [StAC] Server framerate stuttered. Expected: 66.666671, got 25.600000.
Disabling OnPlayerRunCmd checks for 5.00 seconds.
L 05/29/2021 - 20:29:03: [stac.smx] [StAC] Server framerate stuttered. Expected: 66.666671, got 42.666667.
Disabling OnPlayerRunCmd checks for 5.00 seconds.
L 05/29/2021 - 20:33:36: [stac.smx] [StAC] Server framerate stuttered. Expected: 66.666671, got 28.444444.
Disabling OnPlayerRunCmd checks for 5.00 seconds.
L 05/29/2021 - 20:34:45: [stac.smx] [StAC] Server framerate stuttered. Expected: 66.666671, got 36.571430.
Disabling OnPlayerRunCmd checks for 5.00 seconds.
L 05/29/2021 - 20:34:48: [stac.smx] [StAC] Server framerate stuttered. Expected: 66.666671, got 28.444444.
Disabling OnPlayerRunCmd checks for 5.00 seconds.
L 05/29/2021 - 20:44:21: [stac.smx] [StAC] Server framerate stuttered. Expected: 66.666671, got 36.571430.
Disabling OnPlayerRunCmd checks for 5.00 seconds.
L 05/29/2021 - 20:44:45: [stac.smx] [StAC] Server framerate stuttered. Expected: 66.666671, got 42.666667.
Disabling OnPlayerRunCmd checks for 5.00 seconds.
L 05/29/2021 - 20:44:46: [stac.smx] [StAC] Server framerate stuttered. Expected: 66.666671, got 51.200000.
Disabling OnPlayerRunCmd checks for 5.00 seconds.
L 05/29/2021 - 20:45:08: [stac.smx] [StAC] Server framerate stuttered. Expected: 66.666671, got 36.571430.
Disabling OnPlayerRunCmd checks for 5.00 seconds.
L 05/29/2021 - 20:46:46: [stac.smx] [StAC] Server framerate stuttered. Expected: 66.666671, got 28.444444.
Disabling OnPlayerRunCmd checks for 5.00 seconds.
L 05/29/2021 - 20:48:14: [stac.smx] [StAC] Server framerate stuttered. Expected: 66.666671, got 36.571430.
Disabling OnPlayerRunCmd checks for 5.00 seconds.
L 05/29/2021 - 20:48:56: [stac.smx] [StAC] Server framerate stuttered. Expected: 66.666671, got 23.272727.
Disabling OnPlayerRunCmd checks for 5.00 seconds.
L 05/29/2021 - 20:49:40: [stac.smx] [StAC] Server framerate stuttered. Expected: 66.666671, got 14.222222.
Disabling OnPlayerRunCmd checks for 5.00 seconds.
L 05/29/2021 - 20:49:49: [stac.smx] [StAC] Server framerate stuttered. Expected: 66.666671, got 25.600000.
Disabling OnPlayerRunCmd checks for 5.00 seconds.
L 05/29/2021 - 20:51:54: [stac.smx] [StAC] Server framerate stuttered. Expected: 66.666671, got 21.333333.
Disabling OnPlayerRunCmd checks for 5.00 seconds.
L 05/29/2021 - 20:51:57: [stac.smx] [StAC] Server framerate stuttered. Expected: 66.666671, got 28.444444.
Disabling OnPlayerRunCmd checks for 5.00 seconds.
L 05/29/2021 - 20:53:14: [stac.smx] [StAC] Server framerate stuttered. Expected: 66.666671, got 19.692308.
Disabling OnPlayerRunCmd checks for 5.00 seconds.
L 05/29/2021 - 20:54:02: [stac.smx] [StAC] Server framerate stuttered. Expected: 66.666671, got 36.571430.
Disabling OnPlayerRunCmd checks for 5.00 seconds.
L 05/29/2021 - 20:55:12: [stac.smx] [StAC] Server framerate stuttered. Expected: 66.666671, got 18.285715.
Disabling OnPlayerRunCmd checks for 5.00 seconds.
L 05/29/2021 - 20:56:13: [stac.smx] [StAC] Server framerate stuttered. Expected: 66.666671, got 32.000000.
Disabling OnPlayerRunCmd checks for 5.00 seconds.
L 05/29/2021 - 20:59:37: [stac.smx] [StAC] Server framerate stuttered. Expected: 66.666671, got 32.000000.
Disabling OnPlayerRunCmd checks for 5.00 seconds.
L 05/29/2021 - 20:59:43: [stac.smx] [StAC] Server framerate stuttered. Expected: 66.666671, got 28.444444.
Disabling OnPlayerRunCmd checks for 5.00 seconds.
L 05/29/2021 - 21:00:43: [stac.smx] [StAC] Server framerate stuttered. Expected: 66.666671, got 32.000000.
Disabling OnPlayerRunCmd checks for 5.00 seconds.
L 05/29/2021 - 21:00:45: [stac.smx] [StAC] Server framerate stuttered. Expected: 66.666671, got 42.666667.
Disabling OnPlayerRunCmd checks for 5.00 seconds.
L 05/29/2021 - 21:03:24: [stac.smx] [StAC] Server framerate stuttered. Expected: 66.666671, got 28.444444.
Disabling OnPlayerRunCmd checks for 5.00 seconds.
L 05/29/2021 - 21:05:27: [stac.smx] [StAC] Server framerate stuttered. Expected: 66.666671, got 23.272727.
Disabling OnPlayerRunCmd checks for 5.00 seconds.
L 05/29/2021 - 21:06:10: [stac.smx] [StAC] Server framerate stuttered. Expected: 66.666671, got 36.571430.
Disabling OnPlayerRunCmd checks for 5.00 seconds.
L 05/29/2021 - 21:06:52: [stac.smx] [StAC] Server framerate stuttered. Expected: 66.666671, got 19.692308.
Disabling OnPlayerRunCmd checks for 5.00 seconds.
L 05/29/2021 - 21:08:17: [stac.smx] [StAC] Server framerate stuttered. Expected: 66.666671, got 19.692308.
Disabling OnPlayerRunCmd checks for 5.00 seconds.
L 05/29/2021 - 21:10:52: [stac.smx] [StAC] Server framerate stuttered. Expected: 66.666671, got 36.571430.
Disabling OnPlayerRunCmd checks for 5.00 seconds.
L 05/29/2021 - 21:12:04: [stac.smx] [StAC] Server framerate stuttered. Expected: 66.666671, got 32.000000.
Disabling OnPlayerRunCmd checks for 5.00 seconds.
L 05/29/2021 - 21:12:04: [stac.smx] [StAC] Server framerate stuttered. Expected: 66.666671, got 28.444444.
Disabling OnPlayerRunCmd checks for 5.00 seconds.
L 05/29/2021 - 21:12:45: [stac.smx] [StAC] Server framerate stuttered. Expected: 66.666671, got 25.600000.
Disabling OnPlayerRunCmd checks for 5.00 seconds.
L 05/29/2021 - 21:13:12: [stac.smx] [StAC] Server framerate stuttered. Expected: 66.666671, got 32.000000.
Disabling OnPlayerRunCmd checks for 5.00 seconds.
L 05/29/2021 - 21:14:18: [stac.smx] [StAC] Server framerate stuttered. Expected: 66.666671, got 11.636363.
Disabling OnPlayerRunCmd checks for 5.00 seconds.
L 05/29/2021 - 21:14:18: [stac.smx] [StAC] Server framerate stuttered. Expected: 66.666671, got 17.066667.
Disabling OnPlayerRunCmd checks for 5.00 seconds.
L 05/29/2021 - 21:16:40: [stac.smx] [StAC] Server framerate stuttered. Expected: 66.666671, got 42.666667.
Disabling OnPlayerRunCmd checks for 5.00 seconds.
L 05/29/2021 - 21:19:37: [stac.smx] [StAC] Server framerate stuttered. Expected: 66.666671, got 28.444444.
Disabling OnPlayerRunCmd checks for 5.00 seconds.
L 05/29/2021 - 21:22:59: [stac.smx] [StAC] Server framerate stuttered. Expected: 66.666671, got 42.666667.
Disabling OnPlayerRunCmd checks for 5.00 seconds.
L 05/29/2021 - 21:22:59: [stac.smx] [StAC] Server framerate stuttered. Expected: 66.666671, got 42.666667.
Disabling OnPlayerRunCmd checks for 5.00 seconds.
L 05/29/2021 - 21:25:53: [stac.smx] [StAC] Server framerate stuttered. Expected: 66.666671, got 25.600000.
Disabling OnPlayerRunCmd checks for 5.00 seconds.
L 05/29/2021 - 21:26:36: [stac.smx] [StAC] Server framerate stuttered. Expected: 66.666671, got 23.272727.
Disabling OnPlayerRunCmd checks for 5.00 seconds.
L 05/29/2021 - 21:27:02: [stac.smx] [StAC] Server framerate stuttered. Expected: 66.666671, got 28.444444.
Disabling OnPlayerRunCmd checks for 5.00 seconds.
L 05/29/2021 - 21:27:04: [stac.smx] [StAC] Server framerate stuttered. Expected: 66.666671, got 23.272727.
Disabling OnPlayerRunCmd checks for 5.00 seconds.
L 05/29/2021 - 21:27:48: [stac.smx] [StAC] Server framerate stuttered. Expected: 66.666671, got 36.571430.
Disabling OnPlayerRunCmd checks for 5.00 seconds.
L 05/29/2021 - 21:28:28: [stac.smx] [StAC] Server framerate stuttered. Expected: 66.666671, got 36.571430.
Disabling OnPlayerRunCmd checks for 5.00 seconds.
L 05/29/2021 - 21:30:28: [stac.smx] [StAC] Server framerate stuttered. Expected: 66.666671, got 32.000000.
Disabling OnPlayerRunCmd checks for 5.00 seconds.
L 05/29/2021 - 21:33:16: [stac.smx] [StAC] Server framerate stuttered. Expected: 66.666671, got 28.444444.
Disabling OnPlayerRunCmd checks for 5.00 seconds.
L 05/29/2021 - 21:38:04: [stac.smx] [StAC] Server framerate stuttered. Expected: 66.666671, got 32.000000.
Disabling OnPlayerRunCmd checks for 5.00 seconds.
L 05/29/2021 - 21:39:35: [stac.smx] [StAC] Server framerate stuttered. Expected: 66.666671, got 28.444444.
Disabling OnPlayerRunCmd checks for 5.00 seconds.
L 05/29/2021 - 21:39:44: [stac.smx] [StAC] Server framerate stuttered. Expected: 66.666671, got 32.000000.
Disabling OnPlayerRunCmd checks for 5.00 seconds.
L 05/29/2021 - 21:50:10: [stac.smx] [StAC] Server framerate stuttered. Expected: 66.666671, got 17.066667.
Disabling OnPlayerRunCmd checks for 5.00 seconds.
L 05/29/2021 - 21:52:08: [stac.smx] [StAC] Server framerate stuttered. Expected: 66.666671, got 32.000000.
Disabling OnPlayerRunCmd checks for 5.00 seconds.
L 05/29/2021 - 21:55:47: [stac.smx] [StAC] Server framerate stuttered. Expected: 66.666671, got 25.600000.
Disabling OnPlayerRunCmd checks for 5.00 seconds.
L 05/29/2021 - 21:55:49: [stac.smx] [StAC] Server framerate stuttered. Expected: 66.666671, got 19.692308.
Disabling OnPlayerRunCmd checks for 5.00 seconds.
L 05/29/2021 - 21:57:16: [stac.smx] [StAC] Server framerate stuttered. Expected: 66.666671, got 28.444444.
Disabling OnPlayerRunCmd checks for 5.00 seconds.
L 05/29/2021 - 21:58:25: [stac.smx] [StAC] Server framerate stuttered. Expected: 66.666671, got 23.272727.
Disabling OnPlayerRunCmd checks for 5.00 seconds.
L 05/29/2021 - 21:59:35: [stac.smx] [StAC] Server framerate stuttered. Expected: 66.666671, got 23.272727.
Disabling OnPlayerRunCmd checks for 5.00 seconds.
L 05/29/2021 - 22:04:05: [stac.smx] [StAC] Server framerate stuttered. Expected: 66.666671, got 25.600000.
Disabling OnPlayerRunCmd checks for 5.00 seconds.
L 05/29/2021 - 22:04:31: [stac.smx] [StAC] Server framerate stuttered. Expected: 66.666671, got 32.000000.
Disabling OnPlayerRunCmd checks for 5.00 seconds.
L 05/29/2021 - 22:04:53: [stac.smx] [StAC] Server framerate stuttered. Expected: 66.666671, got 32.000000.
Disabling OnPlayerRunCmd checks for 5.00 seconds.
L 05/29/2021 - 22:05:17: [stac.smx] [StAC] Server framerate stuttered. Expected: 66.666671, got 28.444444.
Disabling OnPlayerRunCmd checks for 5.00 seconds.
L 05/29/2021 - 22:06:06: [stac.smx] [StAC] Server framerate stuttered. Expected: 66.666671, got 32.000000.
Disabling OnPlayerRunCmd checks for 5.00 seconds.
L 05/29/2021 - 22:06:16: [stac.smx] [StAC] Server framerate stuttered. Expected: 66.666671, got 32.000000.
Disabling OnPlayerRunCmd checks for 5.00 seconds.
L 05/29/2021 - 22:06:23: [stac.smx] [StAC] Server framerate stuttered. Expected: 66.666671, got 13.473684.
Disabling OnPlayerRunCmd checks for 5.00 seconds.
L 05/29/2021 - 22:07:12: [stac.smx] [StAC] Server framerate stuttered. Expected: 66.666671, got 25.600000.
Disabling OnPlayerRunCmd checks for 5.00 seconds.
L 05/29/2021 - 22:08:42: [stac.smx] [StAC] Server framerate stuttered. Expected: 66.666671, got 32.000000.
Disabling OnPlayerRunCmd checks for 5.00 seconds.
L 05/29/2021 - 22:09:06: [stac.smx] [StAC] Server framerate stuttered. Expected: 66.666671, got 11.636363.
Disabling OnPlayerRunCmd checks for 5.00 seconds.
L 05/29/2021 - 22:09:09: [stac.smx] [StAC] Server framerate stuttered. Expected: 66.666671, got 23.272727.
Disabling OnPlayerRunCmd checks for 5.00 seconds.
L 05/29/2021 - 22:09:27: [stac.smx] [StAC] Server framerate stuttered. Expected: 66.666671, got 36.571430.
Disabling OnPlayerRunCmd checks for 5.00 seconds.
L 05/29/2021 - 22:09:36: [stac.smx] [StAC] Server framerate stuttered. Expected: 66.666671, got 21.333333.
Disabling OnPlayerRunCmd checks for 5.00 seconds.
L 05/29/2021 - 22:09:50: [stac.smx] [StAC] Server framerate stuttered. Expected: 66.666671, got 32.000000.
Disabling OnPlayerRunCmd checks for 5.00 seconds.
L 05/29/2021 - 22:09:55: [stac.smx] [StAC] Server framerate stuttered. Expected: 66.666671, got 32.000000.
Disabling OnPlayerRunCmd checks for 5.00 seconds.
L 05/29/2021 - 22:10:15: [stac.smx] [StAC] Server framerate stuttered. Expected: 66.666671, got 32.000000.
Disabling OnPlayerRunCmd checks for 5.00 seconds.
L 05/29/2021 - 22:10:36: [stac.smx] [StAC] Server framerate stuttered. Expected: 66.666671, got 42.666667.
Disabling OnPlayerRunCmd checks for 5.00 seconds.
L 05/29/2021 - 22:10:37: [stac.smx] [StAC] Server framerate stuttered. Expected: 66.666671, got 28.444444.
Disabling OnPlayerRunCmd checks for 5.00 seconds.
L 05/29/2021 - 22:10:40: [stac.smx] [StAC] Server framerate stuttered. Expected: 66.666671, got 36.571430.
Disabling OnPlayerRunCmd checks for 5.00 seconds.
L 05/29/2021 - 22:10:58: [stac.smx] [StAC] Server framerate stuttered. Expected: 66.666671, got 32.000000.
Disabling OnPlayerRunCmd checks for 5.00 seconds.
L 05/29/2021 - 22:11:00: [stac.smx] [StAC] Server framerate stuttered. Expected: 66.666671, got 25.600000.
Disabling OnPlayerRunCmd checks for 5.00 seconds.
L 05/29/2021 - 22:11:07: [stac.smx] [StAC] Server framerate stuttered. Expected: 66.666671, got 25.600000.
Disabling OnPlayerRunCmd checks for 5.00 seconds.
L 05/29/2021 - 22:11:23: [stac.smx] [StAC] Server framerate stuttered. Expected: 66.666671, got 32.000000.
Disabling OnPlayerRunCmd checks for 5.00 seconds.
L 05/29/2021 - 22:11:42: [stac.smx] [StAC] Server framerate stuttered. Expected: 66.666671, got 42.666667.
Disabling OnPlayerRunCmd checks for 5.00 seconds.
L 05/29/2021 - 22:11:53: [stac.smx] [StAC] Server framerate stuttered. Expected: 66.666671, got 42.666667.
Disabling OnPlayerRunCmd checks for 5.00 seconds.
L 05/29/2021 - 22:12:07: [stac.smx] [StAC] Server framerate stuttered. Expected: 66.666671, got 28.444444.
Disabling OnPlayerRunCmd checks for 5.00 seconds.
L 05/29/2021 - 22:12:14: [stac.smx] [StAC] Server framerate stuttered. Expected: 66.666671, got 19.692308.
Disabling OnPlayerRunCmd checks for 5.00 seconds.
L 05/29/2021 - 22:12:20: [stac.smx] [StAC] Server framerate stuttered. Expected: 66.666671, got 28.444444.
Disabling OnPlayerRunCmd checks for 5.00 seconds.
L 05/29/2021 - 22:12:30: [stac.smx] [StAC] Server framerate stuttered. Expected: 66.666671, got 28.444444.
Disabling OnPlayerRunCmd checks for 5.00 seconds.
L 05/29/2021 - 22:12:54: [stac.smx] [StAC] Server framerate stuttered. Expected: 66.666671, got 19.692308.
Disabling OnPlayerRunCmd checks for 5.00 seconds.
L 05/29/2021 - 22:12:57: [stac.smx] [StAC] Server framerate stuttered. Expected: 66.666671, got 17.066667.
Disabling OnPlayerRunCmd checks for 5.00 seconds.
L 05/29/2021 - 22:13:19: [stac.smx] [StAC] Server framerate stuttered. Expected: 66.666671, got 17.066667.
Disabling OnPlayerRunCmd checks for 5.00 seconds.
L 05/29/2021 - 22:13:39: [stac.smx] [StAC] Server framerate stuttered. Expected: 66.666671, got 42.666667.
Disabling OnPlayerRunCmd checks for 5.00 seconds.
L 05/29/2021 - 22:14:02: [stac.smx] [StAC] Server framerate stuttered. Expected: 66.666671, got 32.000000.
Disabling OnPlayerRunCmd checks for 5.00 seconds.
L 05/29/2021 - 22:14:02: [stac.smx] [StAC] Server framerate stuttered. Expected: 66.666671, got 32.000000.
Disabling OnPlayerRunCmd checks for 5.00 seconds.
L 05/29/2021 - 22:14:02: [stac.smx] [StAC] Server framerate stuttered. Expected: 66.666671, got 32.000000.
Disabling OnPlayerRunCmd checks for 5.00 seconds.
L 05/29/2021 - 22:14:11: [stac.smx] [StAC] Server framerate stuttered. Expected: 66.666671, got 32.000000.
Disabling OnPlayerRunCmd checks for 5.00 seconds.
L 05/29/2021 - 22:14:21: [stac.smx] [StAC] Server framerate stuttered. Expected: 66.666671, got 32.000000.
Disabling OnPlayerRunCmd checks for 5.00 seconds.
L 05/29/2021 - 22:14:25: [stac.smx] [StAC] Server framerate stuttered. Expected: 66.666671, got 21.333333.
Disabling OnPlayerRunCmd checks for 5.00 seconds.
L 05/29/2021 - 22:14:25: [stac.smx] [StAC] Server framerate stuttered. Expected: 66.666671, got 25.600000.
Disabling OnPlayerRunCmd checks for 5.00 seconds.
L 05/29/2021 - 22:14:43: [stac.smx] [StAC] Server framerate stuttered. Expected: 66.666671, got 32.000000.
Disabling OnPlayerRunCmd checks for 5.00 seconds.
L 05/29/2021 - 22:15:53: [stac.smx] [StAC] Server framerate stuttered. Expected: 66.666671, got 42.666667.
Disabling OnPlayerRunCmd checks for 5.00 seconds.
L 05/29/2021 - 22:15:56: [stac.smx] [StAC] Server framerate stuttered. Expected: 66.666671, got 32.000000.
Disabling OnPlayerRunCmd checks for 5.00 seconds.
L 05/29/2021 - 22:16:20: [stac.smx] [StAC] Server framerate stuttered. Expected: 66.666671, got 32.000000.
Disabling OnPlayerRunCmd checks for 5.00 seconds.
L 05/29/2021 - 22:16:22: [stac.smx] [StAC] Server framerate stuttered. Expected: 66.666671, got 21.333333.
Disabling OnPlayerRunCmd checks for 5.00 seconds.
L 05/29/2021 - 22:16:22: [stac.smx] [StAC] Server framerate stuttered. Expected: 66.666671, got 32.000000.
Disabling OnPlayerRunCmd checks for 5.00 seconds.
L 05/29/2021 - 22:16:38: [stac.smx] [StAC] Server framerate stuttered. Expected: 66.666671, got 32.000000.
Disabling OnPlayerRunCmd checks for 5.00 seconds.
L 05/29/2021 - 22:16:54: [stac.smx] [StAC] Server framerate stuttered. Expected: 66.666671, got 21.333333.
Disabling OnPlayerRunCmd checks for 5.00 seconds.
L 05/29/2021 - 22:17:00: [stac.smx] [StAC] Server framerate stuttered. Expected: 66.666671, got 21.333333.
Disabling OnPlayerRunCmd checks for 5.00 seconds.
L 05/29/2021 - 22:17:00: [stac.smx] [StAC] Server framerate stuttered. Expected: 66.666671, got 32.000000.
Disabling OnPlayerRunCmd checks for 5.00 seconds.
L 05/29/2021 - 22:17:04: [stac.smx] [StAC] Server framerate stuttered. Expected: 66.666671, got 18.285715.
Disabling OnPlayerRunCmd checks for 5.00 seconds.
L 05/29/2021 - 22:17:07: [stac.smx] [StAC] Server framerate stuttered. Expected: 66.666671, got 32.000000.
Disabling OnPlayerRunCmd checks for 5.00 seconds.
L 05/29/2021 - 22:17:23: [stac.smx] [StAC] Server framerate stuttered. Expected: 66.666671, got 25.600000.
Disabling OnPlayerRunCmd checks for 5.00 seconds.
L 05/29/2021 - 22:17:27: [stac.smx] [StAC] Server framerate stuttered. Expected: 66.666671, got 32.000000.
Disabling OnPlayerRunCmd checks for 5.00 seconds.
L 05/29/2021 - 22:17:48: [stac.smx] [StAC] Server framerate stuttered. Expected: 66.666671, got 32.000000.
Disabling OnPlayerRunCmd checks for 5.00 seconds.
L 05/29/2021 - 22:17:49: [stac.smx] [StAC] Server framerate stuttered. Expected: 66.666671, got 21.333333.
Disabling OnPlayerRunCmd checks for 5.00 seconds.
L 05/29/2021 - 22:17:49: [stac.smx] [StAC] Server framerate stuttered. Expected: 66.666671, got 42.666667.
Disabling OnPlayerRunCmd checks for 5.00 seconds.
L 05/29/2021 - 22:17:50: [stac.smx] [StAC] Server framerate stuttered. Expected: 66.666671, got 18.285715.
Disabling OnPlayerRunCmd checks for 5.00 seconds.
L 05/29/2021 - 22:18:32: [stac.smx] [StAC] Server framerate stuttered. Expected: 66.666671, got 21.333333.
Disabling OnPlayerRunCmd checks for 5.00 seconds.
L 05/29/2021 - 22:18:48: [stac.smx] [StAC] Server framerate stuttered. Expected: 66.666671, got 32.000000.
Disabling OnPlayerRunCmd checks for 5.00 seconds.
L 05/29/2021 - 22:20:06: [stac.smx] [StAC] Server framerate stuttered. Expected: 66.666671, got 32.000000.
Disabling OnPlayerRunCmd checks for 5.00 seconds.
L 05/29/2021 - 22:21:14: [stac.smx] [StAC] Server framerate stuttered. Expected: 66.666671, got 32.000000.
Disabling OnPlayerRunCmd checks for 5.00 seconds.
L 05/29/2021 - 22:21:21: [stac.smx] [StAC] Server framerate stuttered. Expected: 66.666671, got 25.600000.
Disabling OnPlayerRunCmd checks for 5.00 seconds.
L 05/29/2021 - 22:21:35: [stac.smx] [StAC] Server framerate stuttered. Expected: 66.666671, got 32.000000.
Disabling OnPlayerRunCmd checks for 5.00 seconds.
L 05/29/2021 - 22:21:36: [stac.smx] [StAC] Server framerate stuttered. Expected: 66.666671, got 21.333333.
Disabling OnPlayerRunCmd checks for 5.00 seconds.
L 05/29/2021 - 22:21:37: [stac.smx] [StAC] Server framerate stuttered. Expected: 66.666671, got 32.000000.
Disabling OnPlayerRunCmd checks for 5.00 seconds.
L 05/29/2021 - 22:21:38: [stac.smx] [StAC] Server framerate stuttered. Expected: 66.666671, got 32.000000.
Disabling OnPlayerRunCmd checks for 5.00 seconds.
L 05/29/2021 - 22:22:00: [stac.smx] [StAC] Server framerate stuttered. Expected: 66.666671, got 11.636363.
Disabling OnPlayerRunCmd checks for 5.00 seconds.
L 05/29/2021 - 22:22:00: [stac.smx] [StAC] Server framerate stuttered. Expected: 66.666671, got 42.666667.
Disabling OnPlayerRunCmd checks for 5.00 seconds.
L 05/29/2021 - 22:22:01: [stac.smx] [StAC] Server framerate stuttered. Expected: 66.666671, got 32.000000.
Disabling OnPlayerRunCmd checks for 5.00 seconds.
L 05/29/2021 - 22:22:52: [stac.smx] [StAC] Server framerate stuttered. Expected: 66.666671, got 21.333333.
Disabling OnPlayerRunCmd checks for 5.00 seconds.
L 05/29/2021 - 22:23:36: [stac.smx] [StAC] Server framerate stuttered. Expected: 66.666671, got 32.000000.
Disabling OnPlayerRunCmd checks for 5.00 seconds.
L 05/29/2021 - 22:23:49: [stac.smx] [StAC] Server framerate stuttered. Expected: 66.666671, got 32.000000.
Disabling OnPlayerRunCmd checks for 5.00 seconds.
L 05/29/2021 - 22:24:27: [stac.smx] [StAC] Server framerate stuttered. Expected: 66.666671, got 32.000000.
Disabling OnPlayerRunCmd checks for 5.00 seconds.
L 05/29/2021 - 22:24:28: [stac.smx] [StAC] Server framerate stuttered. Expected: 66.666671, got 21.333333.
Disabling OnPlayerRunCmd checks for 5.00 seconds.
L 05/29/2021 - 22:24:28: [stac.smx] [StAC] Server framerate stuttered. Expected: 66.666671, got 21.333333.
Disabling OnPlayerRunCmd checks for 5.00 seconds.
L 05/29/2021 - 22:24:30: [stac.smx] [StAC] Server framerate stuttered. Expected: 66.666671, got 21.333333.
Disabling OnPlayerRunCmd checks for 5.00 seconds.
L 05/29/2021 - 22:24:51: [stac.smx] [StAC] Server framerate stuttered. Expected: 66.666671, got 32.000000.
Disabling OnPlayerRunCmd checks for 5.00 seconds.
L 05/29/2021 - 22:24:52: [stac.smx] [StAC] Server framerate stuttered. Expected: 66.666671, got 21.333333.
Disabling OnPlayerRunCmd checks for 5.00 seconds.
L 05/29/2021 - 22:24:52: [stac.smx] [StAC] Server framerate stuttered. Expected: 66.666671, got 32.000000.
Disabling OnPlayerRunCmd checks for 5.00 seconds.
L 05/29/2021 - 22:24:54: [stac.smx] [StAC] Server framerate stuttered. Expected: 66.666671, got 32.000000.
Disabling OnPlayerRunCmd checks for 5.00 seconds.
L 05/29/2021 - 22:25:00: [stac.smx] [StAC] Server framerate stuttered. Expected: 66.666671, got 32.000000.
Disabling OnPlayerRunCmd checks for 5.00 seconds.
L 05/29/2021 - 22:25:03: [stac.smx] [StAC] Server framerate stuttered. Expected: 66.666671, got 21.333333.
Disabling OnPlayerRunCmd checks for 5.00 seconds.
L 05/29/2021 - 22:25:11: [stac.smx] [StAC] Server framerate stuttered. Expected: 66.666671, got 32.000000.
Disabling OnPlayerRunCmd checks for 5.00 seconds.
L 05/29/2021 - 22:25:12: [stac.smx] [StAC] Server framerate stuttered. Expected: 66.666671, got 21.333333.
Disabling OnPlayerRunCmd checks for 5.00 seconds.
L 05/29/2021 - 22:25:34: [stac.smx] [StAC] Server framerate stuttered. Expected: 66.666671, got 21.333333.
Disabling OnPlayerRunCmd checks for 5.00 seconds.
L 05/29/2021 - 22:25:35: [stac.smx] [StAC] Server framerate stuttered. Expected: 66.666671, got 21.333333.
Disabling OnPlayerRunCmd checks for 5.00 seconds.
L 05/29/2021 - 22:25:37: [stac.smx] [StAC] Server framerate stuttered. Expected: 66.666671, got 32.000000.
Disabling OnPlayerRunCmd checks for 5.00 seconds.
L 05/29/2021 - 22:25:43: [stac.smx] [StAC] Server framerate stuttered. Expected: 66.666671, got 42.666667.
Disabling OnPlayerRunCmd checks for 5.00 seconds.
L 05/29/2021 - 22:25:57: [stac.smx] [StAC] Server framerate stuttered. Expected: 66.666671, got 32.000000.
Disabling OnPlayerRunCmd checks for 5.00 seconds.
L 05/29/2021 - 22:25:57: [stac.smx] [StAC] Server framerate stuttered. Expected: 66.666671, got 32.000000.
Disabling OnPlayerRunCmd checks for 5.00 seconds.
L 05/29/2021 - 22:26:02: [stac.smx] [StAC] Server framerate stuttered. Expected: 66.666671, got 32.000000.
Disabling OnPlayerRunCmd checks for 5.00 seconds.
L 05/29/2021 - 22:28:13: [stac.smx] [StAC] Server framerate stuttered. Expected: 66.666671, got 42.666667.
Disabling OnPlayerRunCmd checks for 5.00 seconds.
L 05/29/2021 - 22:28:18: [stac.smx] [StAC] Server framerate stuttered. Expected: 66.666671, got 32.000000.
Disabling OnPlayerRunCmd checks for 5.00 seconds.
L 05/29/2021 - 22:28:20: [stac.smx] [StAC] Server framerate stuttered. Expected: 66.666671, got 21.333333.
Disabling OnPlayerRunCmd checks for 5.00 seconds.
L 05/29/2021 - 22:28:37: [stac.smx] [StAC] Server framerate stuttered. Expected: 66.666671, got 32.000000.
Disabling OnPlayerRunCmd checks for 5.00 seconds.
L 05/29/2021 - 22:29:01: [stac.smx] [StAC] Server framerate stuttered. Expected: 66.666671, got 21.333333.
Disabling OnPlayerRunCmd checks for 5.00 seconds.
L 05/29/2021 - 22:29:02: [stac.smx] [StAC] Server framerate stuttered. Expected: 66.666671, got 10.666666.
Disabling OnPlayerRunCmd checks for 5.00 seconds.
L 05/29/2021 - 22:29:02: [stac.smx] [StAC] Server framerate stuttered. Expected: 66.666671, got 32.000000.
Disabling OnPlayerRunCmd checks for 5.00 seconds.
L 05/29/2021 - 22:29:46: [stac.smx] [StAC] Server framerate stuttered. Expected: 66.666671, got 32.000000.
Disabling OnPlayerRunCmd checks for 5.00 seconds.
L 05/29/2021 - 22:30:50: [stac.smx] [StAC] Server framerate stuttered. Expected: 66.666671, got 25.600000.
Disabling OnPlayerRunCmd checks for 5.00 seconds.
L 05/29/2021 - 22:30:53: [stac.smx] [StAC] Server framerate stuttered. Expected: 66.666671, got 32.000000.
Disabling OnPlayerRunCmd checks for 5.00 seconds.
L 05/29/2021 - 22:30:54: [stac.smx] [StAC] Server framerate stuttered. Expected: 66.666671, got 32.000000.
Disabling OnPlayerRunCmd checks for 5.00 seconds.
L 05/29/2021 - 22:31:50: [stac.smx] [StAC] Server framerate stuttered. Expected: 66.666671, got 32.000000.
Disabling OnPlayerRunCmd checks for 5.00 seconds.
L 05/29/2021 - 22:31:53: [stac.smx] [StAC] Server framerate stuttered. Expected: 66.666671, got 25.600000.
Disabling OnPlayerRunCmd checks for 5.00 seconds.
L 05/29/2021 - 22:31:54: [stac.smx] [StAC] Server framerate stuttered. Expected: 66.666671, got 32.000000.
Disabling OnPlayerRunCmd checks for 5.00 seconds.
L 05/29/2021 - 22:32:13: [stac.smx] [StAC] Server framerate stuttered. Expected: 66.666671, got 32.000000.
Disabling OnPlayerRunCmd checks for 5.00 seconds.
L 05/29/2021 - 22:32:53: [stac.smx] [StAC] Server framerate stuttered. Expected: 66.666671, got 42.666667.
Disabling OnPlayerRunCmd checks for 5.00 seconds.
L 05/29/2021 - 22:32:57: [stac.smx] [StAC] Server framerate stuttered. Expected: 66.666671, got 32.000000.
Disabling OnPlayerRunCmd checks for 5.00 seconds.
L 05/29/2021 - 22:33:02: [stac.smx] [StAC] Server framerate stuttered. Expected: 66.666671, got 21.333333.
Disabling OnPlayerRunCmd checks for 5.00 seconds.
L 05/29/2021 - 22:33:09: [stac.smx] [StAC] Server framerate stuttered. Expected: 66.666671, got 42.666667.
Disabling OnPlayerRunCmd checks for 5.00 seconds.
L 05/29/2021 - 22:33:34: [stac.smx] [StAC] Server framerate stuttered. Expected: 66.666671, got 25.600000.
Disabling OnPlayerRunCmd checks for 5.00 seconds.
L 05/29/2021 - 22:33:50: [stac.smx] [StAC] Server framerate stuttered. Expected: 66.666671, got 16.000000.
Disabling OnPlayerRunCmd checks for 5.00 seconds.
L 05/29/2021 - 22:34:12: [stac.smx] [StAC] Server framerate stuttered. Expected: 66.666671, got 25.600000.
Disabling OnPlayerRunCmd checks for 5.00 seconds.
L 05/29/2021 - 22:34:14: [stac.smx] [StAC] Server framerate stuttered. Expected: 66.666671, got 25.600000.
Disabling OnPlayerRunCmd checks for 5.00 seconds.
L 05/29/2021 - 22:34:24: [stac.smx] [StAC] Server framerate stuttered. Expected: 66.666671, got 32.000000.
Disabling OnPlayerRunCmd checks for 5.00 seconds.
L 05/29/2021 - 22:34:38: [stac.smx] [StAC] Server framerate stuttered. Expected: 66.666671, got 18.285715.
Disabling OnPlayerRunCmd checks for 5.00 seconds.
L 05/29/2021 - 22:34:41: [stac.smx] [StAC] Server framerate stuttered. Expected: 66.666671, got 32.000000.
Disabling OnPlayerRunCmd checks for 5.00 seconds.
L 05/29/2021 - 22:34:58: [stac.smx] [StAC] Server framerate stuttered. Expected: 66.666671, got 42.666667.
Disabling OnPlayerRunCmd checks for 5.00 seconds.
L 05/29/2021 - 22:35:01: [stac.smx] [StAC] Server framerate stuttered. Expected: 66.666671, got 25.600000.
Disabling OnPlayerRunCmd checks for 5.00 seconds.
L 05/29/2021 - 22:35:02: [stac.smx] [StAC] Server framerate stuttered. Expected: 66.666671, got 25.600000.
Disabling OnPlayerRunCmd checks for 5.00 seconds.
L 05/29/2021 - 22:35:12: [stac.smx] [StAC] Server framerate stuttered. Expected: 66.666671, got 32.000000.
Disabling OnPlayerRunCmd checks for 5.00 seconds.
L 05/29/2021 - 22:35:49: [stac.smx] [StAC] Server framerate stuttered. Expected: 66.666671, got 42.666667.
Disabling OnPlayerRunCmd checks for 5.00 seconds.
L 05/29/2021 - 22:35:52: [stac.smx] [StAC] Server framerate stuttered. Expected: 66.666671, got 25.600000.
Disabling OnPlayerRunCmd checks for 5.00 seconds.
L 05/29/2021 - 22:36:32: [stac.smx] [StAC] Server framerate stuttered. Expected: 66.666671, got 32.000000.
Disabling OnPlayerRunCmd checks for 5.00 seconds.
L 05/29/2021 - 22:37:37: [stac.smx] [StAC] Server framerate stuttered. Expected: 66.666671, got 21.333333.
Disabling OnPlayerRunCmd checks for 5.00 seconds.
L 05/29/2021 - 22:37:40: [stac.smx] [StAC] Server framerate stuttered. Expected: 66.666671, got 32.000000.
Disabling OnPlayerRunCmd checks for 5.00 seconds.
L 05/29/2021 - 22:37:46: [stac.smx] [StAC] Server framerate stuttered. Expected: 66.666671, got 32.000000.
Disabling OnPlayerRunCmd checks for 5.00 seconds.
L 05/29/2021 - 22:37:58: [stac.smx] [StAC] Server framerate stuttered. Expected: 66.666671, got 32.000000.
Disabling OnPlayerRunCmd checks for 5.00 seconds.
L 05/29/2021 - 22:37:59: [stac.smx] [StAC] Server framerate stuttered. Expected: 66.666671, got 32.000000.
Disabling OnPlayerRunCmd checks for 5.00 seconds.
L 05/29/2021 - 22:38:00: [stac.smx] [StAC] Server framerate stuttered. Expected: 66.666671, got 32.000000.
Disabling OnPlayerRunCmd checks for 5.00 seconds.
L 05/29/2021 - 22:38:04: [stac.smx] [StAC] Server framerate stuttered. Expected: 66.666671, got 32.000000.
Disabling OnPlayerRunCmd checks for 5.00 seconds.
L 05/29/2021 - 22:38:07: [stac.smx] [StAC] Server framerate stuttered. Expected: 66.666671, got 16.000000.
Disabling OnPlayerRunCmd checks for 5.00 seconds.
L 05/29/2021 - 22:38:22: [stac.smx] [StAC] Server framerate stuttered. Expected: 66.666671, got 32.000000.
Disabling OnPlayerRunCmd checks for 5.00 seconds.
L 05/29/2021 - 22:38:25: [stac.smx] [StAC] Server framerate stuttered. Expected: 66.666671, got 18.285715.
Disabling OnPlayerRunCmd checks for 5.00 seconds.
L 05/29/2021 - 22:38:27: [stac.smx] [StAC] Server framerate stuttered. Expected: 66.666671, got 12.800000.
Disabling OnPlayerRunCmd checks for 5.00 seconds.
L 05/29/2021 - 22:38:57: [stac.smx] [StAC] Server framerate stuttered. Expected: 66.666671, got 18.285715.
Disabling OnPlayerRunCmd checks for 5.00 seconds.
L 05/29/2021 - 22:39:07: [stac.smx] [StAC] Server framerate stuttered. Expected: 66.666671, got 32.000000.
Disabling OnPlayerRunCmd checks for 5.00 seconds.
L 05/29/2021 - 22:39:15: [stac.smx] [StAC] Server framerate stuttered. Expected: 66.666671, got 25.600000.
Disabling OnPlayerRunCmd checks for 5.00 seconds.
L 05/29/2021 - 22:39:31: [stac.smx] [StAC] Server framerate stuttered. Expected: 66.666671, got 32.000000.
Disabling OnPlayerRunCmd checks for 5.00 seconds.
L 05/29/2021 - 22:39:32: [stac.smx] [StAC] Server framerate stuttered. Expected: 66.666671, got 32.000000.
Disabling OnPlayerRunCmd checks for 5.00 seconds.
L 05/29/2021 - 22:39:38: [stac.smx] [StAC] Server framerate stuttered. Expected: 66.666671, got 32.000000.
Disabling OnPlayerRunCmd checks for 5.00 seconds.
L 05/29/2021 - 22:39:56: [stac.smx] [StAC] Server framerate stuttered. Expected: 66.666671, got 18.285715.
Disabling OnPlayerRunCmd checks for 5.00 seconds.
L 05/29/2021 - 22:39:57: [stac.smx] [StAC] Server framerate stuttered. Expected: 66.666671, got 21.333333.
Disabling OnPlayerRunCmd checks for 5.00 seconds.
L 05/29/2021 - 22:39:57: [stac.smx] [StAC] Server framerate stuttered. Expected: 66.666671, got 42.666667.
Disabling OnPlayerRunCmd checks for 5.00 seconds.
L 05/29/2021 - 22:40:20: [stac.smx] [StAC] Server framerate stuttered. Expected: 66.666671, got 18.285715.
Disabling OnPlayerRunCmd checks for 5.00 seconds.
L 05/29/2021 - 22:40:53: [stac.smx] [StAC] Server framerate stuttered. Expected: 66.666671, got 42.666667.
Disabling OnPlayerRunCmd checks for 5.00 seconds.
L 05/29/2021 - 22:41:09: [stac.smx] [StAC] Server framerate stuttered. Expected: 66.666671, got 21.333333.
Disabling OnPlayerRunCmd checks for 5.00 seconds.
L 05/29/2021 - 22:41:30: [stac.smx] [StAC] Server framerate stuttered. Expected: 66.666671, got 32.000000.
Disabling OnPlayerRunCmd checks for 5.00 seconds.
L 05/29/2021 - 22:41:32: [stac.smx] [StAC] Server framerate stuttered. Expected: 66.666671, got 18.285715.
Disabling OnPlayerRunCmd checks for 5.00 seconds.
L 05/29/2021 - 22:42:12: [stac.smx] [StAC] Server framerate stuttered. Expected: 66.666671, got 32.000000.
Disabling OnPlayerRunCmd checks for 5.00 seconds.
L 05/29/2021 - 22:42:33: [stac.smx] [StAC] Server framerate stuttered. Expected: 66.666671, got 42.666667.
Disabling OnPlayerRunCmd checks for 5.00 seconds.
L 05/29/2021 - 22:42:35: [stac.smx] [StAC] Server framerate stuttered. Expected: 66.666671, got 42.666667.
Disabling OnPlayerRunCmd checks for 5.00 seconds.
L 05/29/2021 - 22:42:45: [stac.smx] [StAC] Server framerate stuttered. Expected: 66.666671, got 42.666667.
Disabling OnPlayerRunCmd checks for 5.00 seconds.
L 05/29/2021 - 22:42:55: [stac.smx] [StAC] Server framerate stuttered. Expected: 66.666671, got 21.333333.
Disabling OnPlayerRunCmd checks for 5.00 seconds.
L 05/29/2021 - 22:43:28: [stac.smx] [StAC] Server framerate stuttered. Expected: 66.666671, got 25.600000.
Disabling OnPlayerRunCmd checks for 5.00 seconds.
L 05/29/2021 - 22:43:32: [stac.smx] [StAC] Server framerate stuttered. Expected: 66.666671, got 21.333333.
Disabling OnPlayerRunCmd checks for 5.00 seconds.
L 05/29/2021 - 22:43:41: [stac.smx] [StAC] Server framerate stuttered. Expected: 66.666671, got 12.800000.
Disabling OnPlayerRunCmd checks for 5.00 seconds.
L 05/29/2021 - 22:44:18: [stac.smx] [StAC] Server framerate stuttered. Expected: 66.666671, got 21.333333.
Disabling OnPlayerRunCmd checks for 5.00 seconds.
L 05/29/2021 - 22:44:22: [stac.smx] [StAC] Server framerate stuttered. Expected: 66.666671, got 21.333333.
Disabling OnPlayerRunCmd checks for 5.00 seconds.
L 05/29/2021 - 22:44:27: [stac.smx] [StAC] Server framerate stuttered. Expected: 66.666671, got 32.000000.
Disabling OnPlayerRunCmd checks for 5.00 seconds.
L 05/29/2021 - 22:44:28: [stac.smx] [StAC] Server framerate stuttered. Expected: 66.666671, got 32.000000.
Disabling OnPlayerRunCmd checks for 5.00 seconds.
L 05/29/2021 - 22:44:30: [stac.smx] [StAC] Server framerate stuttered. Expected: 66.666671, got 32.000000.
Disabling OnPlayerRunCmd checks for 5.00 seconds.
L 05/29/2021 - 22:44:51: [stac.smx] [StAC] Server framerate stuttered. Expected: 66.666671, got 42.666667.
Disabling OnPlayerRunCmd checks for 5.00 seconds.
L 05/29/2021 - 22:45:35: [stac.smx] [StAC] Server framerate stuttered. Expected: 66.666671, got 18.285715.
Disabling OnPlayerRunCmd checks for 5.00 seconds.
L 05/29/2021 - 22:45:41: [stac.smx] [StAC] Server framerate stuttered. Expected: 66.666671, got 21.333333.
Disabling OnPlayerRunCmd checks for 5.00 seconds.
L 05/29/2021 - 22:45:41: [stac.smx] [StAC] Server framerate stuttered. Expected: 66.666671, got 42.666667.
Disabling OnPlayerRunCmd checks for 5.00 seconds.
L 05/29/2021 - 22:45:54: [stac.smx] [StAC] Server framerate stuttered. Expected: 66.666671, got 32.000000.
Disabling OnPlayerRunCmd checks for 5.00 seconds.
L 05/29/2021 - 22:46:03: [stac.smx] [StAC] Server framerate stuttered. Expected: 66.666671, got 18.285715.
Disabling OnPlayerRunCmd checks for 5.00 seconds.
L 05/29/2021 - 22:46:10: [stac.smx] [StAC] Server framerate stuttered. Expected: 66.666671, got 10.666666.
Disabling OnPlayerRunCmd checks for 5.00 seconds.
L 05/29/2021 - 22:46:10: [stac.smx] [StAC] Server framerate stuttered. Expected: 66.666671, got 11.636363.
Disabling OnPlayerRunCmd checks for 5.00 seconds.
L 05/29/2021 - 22:46:12: [stac.smx] [StAC] Server framerate stuttered. Expected: 66.666671, got 21.333333.
Disabling OnPlayerRunCmd checks for 5.00 seconds.
L 05/29/2021 - 22:46:12: [stac.smx] [StAC] Server framerate stuttered. Expected: 66.666671, got 42.666667.
Disabling OnPlayerRunCmd checks for 5.00 seconds.
L 05/29/2021 - 22:48:37: [stac.smx] [StAC] Server framerate stuttered. Expected: 66.666671, got 42.666667.
Disabling OnPlayerRunCmd checks for 5.00 seconds.
L 05/29/2021 - 22:48:46: [stac.smx] [StAC] Server framerate stuttered. Expected: 66.666671, got 25.600000.
Disabling OnPlayerRunCmd checks for 5.00 seconds.
L 05/29/2021 - 22:50:00: [stac.smx] [StAC] Server framerate stuttered. Expected: 66.666671, got 16.000000.
Disabling OnPlayerRunCmd checks for 5.00 seconds.
L 05/29/2021 - 22:50:36: [stac.smx] [StAC] Server framerate stuttered. Expected: 66.666671, got 25.600000.
Disabling OnPlayerRunCmd checks for 5.00 seconds.
L 05/29/2021 - 22:53:01: [stac.smx] [StAC] Server framerate stuttered. Expected: 66.666671, got 32.000000.
Disabling OnPlayerRunCmd checks for 5.00 seconds.
L 05/29/2021 - 22:53:01: [stac.smx] [StAC] Server framerate stuttered. Expected: 66.666671, got 25.600000.
Disabling OnPlayerRunCmd checks for 5.00 seconds.
L 05/29/2021 - 22:53:05: [stac.smx] [StAC] Server framerate stuttered. Expected: 66.666671, got 32.000000.
Disabling OnPlayerRunCmd checks for 5.00 seconds.
L 05/29/2021 - 22:53:53: [stac.smx] [StAC] Server framerate stuttered. Expected: 66.666671, got 25.600000.
Disabling OnPlayerRunCmd checks for 5.00 seconds.
L 05/29/2021 - 22:54:12: [stac.smx] [StAC] Server framerate stuttered. Expected: 66.666671, got 42.666667.
Disabling OnPlayerRunCmd checks for 5.00 seconds.
L 05/29/2021 - 22:55:43: [stac.smx] [StAC] Server framerate stuttered. Expected: 66.666671, got 42.666667.
Disabling OnPlayerRunCmd checks for 5.00 seconds.
L 05/29/2021 - 22:56:28: [stac.smx] [StAC] Server framerate stuttered. Expected: 66.666671, got 21.333333.
Disabling OnPlayerRunCmd checks for 5.00 seconds.
L 05/29/2021 - 22:56:51: [stac.smx] [StAC] Server framerate stuttered. Expected: 66.666671, got 42.666667.
Disabling OnPlayerRunCmd checks for 5.00 seconds.
L 05/29/2021 - 22:57:17: [stac.smx] [StAC] Server framerate stuttered. Expected: 66.666671, got 32.000000.
Disabling OnPlayerRunCmd checks for 5.00 seconds.
L 05/29/2021 - 22:59:26: [stac.smx] [StAC] Server framerate stuttered. Expected: 66.666671, got 32.000000.
Disabling OnPlayerRunCmd checks for 5.00 seconds.
L 05/29/2021 - 22:59:37: [stac.smx] [StAC] Server framerate stuttered. Expected: 66.666671, got 42.666667.
Disabling OnPlayerRunCmd checks for 5.00 seconds.
L 05/29/2021 - 23:00:04: [stac.smx] [StAC] Server framerate stuttered. Expected: 66.666671, got 18.285715.
Disabling OnPlayerRunCmd checks for 5.00 seconds.
L 05/29/2021 - 23:00:30: [stac.smx] [StAC] Server framerate stuttered. Expected: 66.666671, got 42.666667.
Disabling OnPlayerRunCmd checks for 5.00 seconds.
L 05/29/2021 - 23:02:57: [stac.smx] [StAC] Server framerate stuttered. Expected: 66.666671, got 32.000000.
Disabling OnPlayerRunCmd checks for 5.00 seconds.
L 05/29/2021 - 23:13:19: [stac.smx] [StAC] Server framerate stuttered. Expected: 66.666671, got 25.600000.
Disabling OnPlayerRunCmd checks for 5.00 seconds.
L 05/29/2021 - 23:15:16: [stac.smx] [StAC] Server framerate stuttered. Expected: 66.666671, got 12.800000.
Disabling OnPlayerRunCmd checks for 5.00 seconds.
L 05/29/2021 - 23:20:33: [stac.smx] [StAC] Server framerate stuttered. Expected: 66.666671, got 18.285715.
Disabling OnPlayerRunCmd checks for 5.00 seconds.
L 05/29/2021 - 23:24:47: [stac.smx] [StAC] Server framerate stuttered. Expected: 66.666671, got 18.285715.
Disabling OnPlayerRunCmd checks for 5.00 seconds.
L 05/29/2021 - 23:40:44: [stac.smx] [StAC] Server framerate stuttered. Expected: 66.666671, got 32.000000.
Disabling OnPlayerRunCmd checks for 5.00 seconds.
L 05/29/2021 - 23:57:38: [stac.smx] [StAC] Server framerate stuttered. Expected: 66.666671, got 42.666667.
Disabling OnPlayerRunCmd checks for 5.00 seconds.
L 05/30/2021 - 00:09:13: [stac.smx] [StAC] Server framerate stuttered. Expected: 66.666671, got 32.000000.
Disabling OnPlayerRunCmd checks for 5.00 seconds.
L 05/30/2021 - 00:09:35: [stac.smx] [StAC] Server framerate stuttered. Expected: 66.666671, got 12.800000.
Disabling OnPlayerRunCmd checks for 5.00 seconds.
L 05/30/2021 - 00:09:36: [stac.smx] [StAC] Server framerate stuttered. Expected: 66.666671, got 42.666667.
Disabling OnPlayerRunCmd checks for 5.00 seconds.
L 05/30/2021 - 00:10:51: [stac.smx] [StAC] Server framerate stuttered. Expected: 66.666671, got 42.666667.
Disabling OnPlayerRunCmd checks for 5.00 seconds.
L 05/30/2021 - 00:11:08: [stac.smx] [StAC] Server framerate stuttered. Expected: 66.666671, got 42.666667.
Disabling OnPlayerRunCmd checks for 5.00 seconds.
L 05/30/2021 - 00:11:25: [stac.smx] [StAC] Server framerate stuttered. Expected: 66.666671, got 25.600000.
Disabling OnPlayerRunCmd checks for 5.00 seconds.
L 05/30/2021 - 00:11:28: [stac.smx] [StAC] Server framerate stuttered. Expected: 66.666671, got 42.666667.
Disabling OnPlayerRunCmd checks for 5.00 seconds.
L 05/30/2021 - 00:19:04: [stac.smx] [StAC] Server framerate stuttered. Expected: 66.666671, got 42.666667.
Disabling OnPlayerRunCmd checks for 5.00 seconds.
L 05/30/2021 - 00:22:12: [stac.smx] [StAC] Server framerate stuttered. Expected: 66.666671, got 21.333333.
Disabling OnPlayerRunCmd checks for 5.00 seconds.
L 05/30/2021 - 00:27:03: [stac.smx] [StAC] Server framerate stuttered. Expected: 66.666671, got 32.000000.
Disabling OnPlayerRunCmd checks for 5.00 seconds.
L 05/30/2021 - 00:28:24: [stac.smx] [StAC] Server framerate stuttered. Expected: 66.666671, got 32.000000.
Disabling OnPlayerRunCmd checks for 5.00 seconds.
L 05/30/2021 - 00:32:34: [stac.smx] [StAC] Server framerate stuttered. Expected: 66.666671, got 21.333333.
Disabling OnPlayerRunCmd checks for 5.00 seconds.
L 05/30/2021 - 00:38:10: [stac.smx] [StAC] Server framerate stuttered. Expected: 66.666671, got 42.666667.
Disabling OnPlayerRunCmd checks for 5.00 seconds.
L 05/30/2021 - 00:42:51: [stac.smx] [StAC] Server framerate stuttered. Expected: 66.666671, got 18.285715.
Disabling OnPlayerRunCmd checks for 5.00 seconds.
L 05/30/2021 - 00:46:04: [stac.smx] [StAC] Server framerate stuttered. Expected: 66.666671, got 32.000000.
Disabling OnPlayerRunCmd checks for 5.00 seconds.
L 05/30/2021 - 00:51:51: [stac.smx] [StAC] Server framerate stuttered. Expected: 66.666671, got 25.600000.
Disabling OnPlayerRunCmd checks for 5.00 seconds.
L 05/30/2021 - 00:52:14: [stac.smx] [StAC] Server framerate stuttered. Expected: 66.666671, got 21.333333.
Disabling OnPlayerRunCmd checks for 5.00 seconds.
L 05/30/2021 - 01:03:27: [stac.smx] [StAC] Server framerate stuttered. Expected: 66.666671, got 21.333333.
Disabling OnPlayerRunCmd checks for 5.00 seconds.
L 05/30/2021 - 01:04:32: [stac.smx] [StAC] Server framerate stuttered. Expected: 66.666671, got 42.666667.
Disabling OnPlayerRunCmd checks for 5.00 seconds.
L 05/30/2021 - 01:06:31: [stac.smx] [StAC] Server framerate stuttered. Expected: 66.666671, got 25.600000.
Disabling OnPlayerRunCmd checks for 5.00 seconds.
L 05/30/2021 - 01:08:50: [stac.smx] [StAC] Server framerate stuttered. Expected: 66.666671, got 32.000000.
Disabling OnPlayerRunCmd checks for 5.00 seconds.
L 05/30/2021 - 01:09:04: [stac.smx] [StAC] Server framerate stuttered. Expected: 66.666671, got 32.000000.
Disabling OnPlayerRunCmd checks for 5.00 seconds.
L 05/30/2021 - 01:10:12: [stac.smx] [StAC] Server framerate stuttered. Expected: 66.666671, got 32.000000.
Disabling OnPlayerRunCmd checks for 5.00 seconds.
L 05/30/2021 - 01:12:33: [stac.smx] [StAC] Server framerate stuttered. Expected: 66.666671, got 42.666667.
Disabling OnPlayerRunCmd checks for 5.00 seconds.
L 05/30/2021 - 01:14:28: [stac.smx] [StAC] Server framerate stuttered. Expected: 66.666671, got 32.000000.
Disabling OnPlayerRunCmd checks for 5.00 seconds.
L 05/30/2021 - 01:15:19: [stac.smx] [StAC] Server framerate stuttered. Expected: 66.666671, got 32.000000.
Disabling OnPlayerRunCmd checks for 5.00 seconds.
L 05/30/2021 - 01:20:22: [stac.smx] [StAC] Server framerate stuttered. Expected: 66.666671, got 16.000000.
Disabling OnPlayerRunCmd checks for 5.00 seconds.
L 05/30/2021 - 01:20:43: [stac.smx] [StAC] Server framerate stuttered. Expected: 66.666671, got 16.000000.
Disabling OnPlayerRunCmd checks for 5.00 seconds.
L 05/30/2021 - 01:22:21: [stac.smx] [StAC] Server framerate stuttered. Expected: 66.666671, got 25.600000.
Disabling OnPlayerRunCmd checks for 5.00 seconds.
L 05/30/2021 - 01:27:21: [stac.smx] [StAC] Server framerate stuttered. Expected: 66.666671, got 42.666667.
Disabling OnPlayerRunCmd checks for 5.00 seconds.
L 05/30/2021 - 01:28:05: [stac.smx] [StAC] Server framerate stuttered. Expected: 66.666671, got 25.600000.
Disabling OnPlayerRunCmd checks for 5.00 seconds.
L 05/30/2021 - 01:29:17: [stac.smx] [StAC] Server framerate stuttered. Expected: 66.666671, got 14.222222.
Disabling OnPlayerRunCmd checks for 5.00 seconds.
L 05/30/2021 - 01:30:23: [stac.smx] [StAC] Server framerate stuttered. Expected: 66.666671, got 21.333333.
Disabling OnPlayerRunCmd checks for 5.00 seconds.
L 05/30/2021 - 01:30:29: [stac.smx] [StAC] Server framerate stuttered. Expected: 66.666671, got 16.000000.
Disabling OnPlayerRunCmd checks for 5.00 seconds.
L 05/30/2021 - 01:35:31: [stac.smx] [StAC] Server framerate stuttered. Expected: 66.666671, got 32.000000.
Disabling OnPlayerRunCmd checks for 5.00 seconds.
L 05/30/2021 - 01:37:28: [stac.smx] [StAC] Server framerate stuttered. Expected: 66.666671, got 42.666667.
Disabling OnPlayerRunCmd checks for 5.00 seconds.
L 05/30/2021 - 01:39:01: [stac.smx] [StAC] Server framerate stuttered. Expected: 66.666671, got 32.000000.
Disabling OnPlayerRunCmd checks for 5.00 seconds.
L 05/30/2021 - 01:39:24: [stac.smx] [StAC] Server framerate stuttered. Expected: 66.666671, got 32.000000.
Disabling OnPlayerRunCmd checks for 5.00 seconds.
L 05/30/2021 - 01:42:24: [stac.smx] [StAC] Server framerate stuttered. Expected: 66.666671, got 21.333333.
Disabling OnPlayerRunCmd checks for 5.00 seconds.
L 05/30/2021 - 01:45:46: [stac.smx] [StAC] Server framerate stuttered. Expected: 66.666671, got 25.600000.
Disabling OnPlayerRunCmd checks for 5.00 seconds.
L 05/30/2021 - 01:46:09: [stac.smx] [StAC] Server framerate stuttered. Expected: 66.666671, got 25.600000.
Disabling OnPlayerRunCmd checks for 5.00 seconds.
L 05/30/2021 - 01:47:00: [stac.smx] [StAC] Server framerate stuttered. Expected: 66.666671, got 18.285715.
Disabling OnPlayerRunCmd checks for 5.00 seconds.
L 05/30/2021 - 01:53:24: [stac.smx] [StAC] Server framerate stuttered. Expected: 66.666671, got 21.333333.
Disabling OnPlayerRunCmd checks for 5.00 seconds.
L 05/30/2021 - 01:54:29: [stac.smx] [StAC] Server framerate stuttered. Expected: 66.666671, got 14.222222.
Disabling OnPlayerRunCmd checks for 5.00 seconds.
L 05/30/2021 - 01:54:29: [stac.smx] [StAC] Server framerate stuttered. Expected: 66.666671, got 42.666667.
Disabling OnPlayerRunCmd checks for 5.00 seconds.
L 05/30/2021 - 01:54:43: [stac.smx] [StAC] Server framerate stuttered. Expected: 66.666671, got 32.000000.
Disabling OnPlayerRunCmd checks for 5.00 seconds.
L 05/30/2021 - 01:54:43: [stac.smx] [StAC] Server framerate stuttered. Expected: 66.666671, got 32.000000.
Disabling OnPlayerRunCmd checks for 5.00 seconds.
L 05/30/2021 - 01:54:47: [stac.smx] [StAC] Server framerate stuttered. Expected: 66.666671, got 32.000000.
Disabling OnPlayerRunCmd checks for 5.00 seconds.
L 05/30/2021 - 01:55:25: [stac.smx] [StAC] Server framerate stuttered. Expected: 66.666671, got 18.285715.
Disabling OnPlayerRunCmd checks for 5.00 seconds.
L 05/30/2021 - 01:58:09: [stac.smx] [StAC] Server framerate stuttered. Expected: 66.666671, got 32.000000.
Disabling OnPlayerRunCmd checks for 5.00 seconds.
L 05/30/2021 - 01:59:47: [stac.smx] [StAC] Server framerate stuttered. Expected: 66.666671, got 21.333333.
Disabling OnPlayerRunCmd checks for 5.00 seconds.
L 05/30/2021 - 02:03:32: [stac.smx] [StAC] Server framerate stuttered. Expected: 66.666671, got 25.600000.
Disabling OnPlayerRunCmd checks for 5.00 seconds.
L 05/30/2021 - 02:03:55: [stac.smx] [StAC] Server framerate stuttered. Expected: 66.666671, got 21.333333.
Disabling OnPlayerRunCmd checks for 5.00 seconds.
L 05/30/2021 - 02:03:58: [stac.smx] [StAC] Server framerate stuttered. Expected: 66.666671, got 21.333333.
Disabling OnPlayerRunCmd checks for 5.00 seconds.
L 05/30/2021 - 02:07:40: [stac.smx] [StAC] Server framerate stuttered. Expected: 66.666671, got 21.333333.
Disabling OnPlayerRunCmd checks for 5.00 seconds.
L 05/30/2021 - 02:08:24: [stac.smx] [StAC] Server framerate stuttered. Expected: 66.666671, got 42.666667.
Disabling OnPlayerRunCmd checks for 5.00 seconds.
L 05/30/2021 - 02:09:43: [stac.smx] [StAC] Server framerate stuttered. Expected: 66.666671, got 32.000000.
Disabling OnPlayerRunCmd checks for 5.00 seconds.
L 05/30/2021 - 02:14:23: [stac.smx] [StAC] Server framerate stuttered. Expected: 66.666671, got 21.333333.
Disabling OnPlayerRunCmd checks for 5.00 seconds.
L 05/30/2021 - 02:14:43: [stac.smx] [StAC] Server framerate stuttered. Expected: 66.666671, got 21.333333.
Disabling OnPlayerRunCmd checks for 5.00 seconds.
L 05/30/2021 - 02:15:48: [stac.smx] [StAC] Server framerate stuttered. Expected: 66.666671, got 32.000000.
Disabling OnPlayerRunCmd checks for 5.00 seconds.
L 05/30/2021 - 02:16:29: [stac.smx] [StAC] Server framerate stuttered. Expected: 66.666671, got 42.666667.
Disabling OnPlayerRunCmd checks for 5.00 seconds.
L 05/30/2021 - 02:19:11: [stac.smx] [StAC] Server framerate stuttered. Expected: 66.666671, got 21.333333.
Disabling OnPlayerRunCmd checks for 5.00 seconds.
L 05/30/2021 - 02:19:57: [stac.smx] [StAC] Server framerate stuttered. Expected: 66.666671, got 32.000000.
Disabling OnPlayerRunCmd checks for 5.00 seconds.
L 05/30/2021 - 02:20:02: [stac.smx] [StAC] Server framerate stuttered. Expected: 66.666671, got 32.000000.
Disabling OnPlayerRunCmd checks for 5.00 seconds.
L 05/30/2021 - 02:20:14: [stac.smx] [StAC] Server framerate stuttered. Expected: 66.666671, got 32.000000.
Disabling OnPlayerRunCmd checks for 5.00 seconds.
L 05/30/2021 - 02:21:53: [stac.smx] [StAC] Server framerate stuttered. Expected: 66.666671, got 16.000000.
Disabling OnPlayerRunCmd checks for 5.00 seconds.
L 05/30/2021 - 02:21:53: [stac.smx] [StAC] Server framerate stuttered. Expected: 66.666671, got 42.666667.
Disabling OnPlayerRunCmd checks for 5.00 seconds.
L 05/30/2021 - 02:23:03: [stac.smx] [StAC] Server framerate stuttered. Expected: 66.666671, got 18.285715.
Disabling OnPlayerRunCmd checks for 5.00 seconds.
L 05/30/2021 - 02:23:21: [stac.smx] [StAC] Server framerate stuttered. Expected: 66.666671, got 32.000000.
Disabling OnPlayerRunCmd checks for 5.00 seconds.
L 05/30/2021 - 02:23:28: [stac.smx] [StAC] Server framerate stuttered. Expected: 66.666671, got 32.000000.
Disabling OnPlayerRunCmd checks for 5.00 seconds.
L 05/30/2021 - 02:32:11: [stac.smx] [StAC] Server framerate stuttered. Expected: 66.666671, got 42.666667.
Disabling OnPlayerRunCmd checks for 5.00 seconds.
L 05/30/2021 - 02:32:33: [stac.smx] [StAC] Server framerate stuttered. Expected: 66.666671, got 32.000000.
Disabling OnPlayerRunCmd checks for 5.00 seconds.
L 05/30/2021 - 02:32:57: [stac.smx] [StAC] Server framerate stuttered. Expected: 66.666671, got 18.285715.
Disabling OnPlayerRunCmd checks for 5.00 seconds.
L 05/30/2021 - 02:34:04: [stac.smx] [StAC] Server framerate stuttered. Expected: 66.666671, got 32.000000.
Disabling OnPlayerRunCmd checks for 5.00 seconds.
L 05/30/2021 - 02:34:32: [stac.smx] [StAC] Server framerate stuttered. Expected: 66.666671, got 32.000000.
Disabling OnPlayerRunCmd checks for 5.00 seconds.
L 05/30/2021 - 02:36:21: [stac.smx] [StAC] Server framerate stuttered. Expected: 66.666671, got 25.600000.
Disabling OnPlayerRunCmd checks for 5.00 seconds.
L 05/30/2021 - 02:40:08: [stac.smx] [StAC] Server framerate stuttered. Expected: 66.666671, got 32.000000.
Disabling OnPlayerRunCmd checks for 5.00 seconds.
L 05/30/2021 - 02:46:43: [stac.smx] [StAC] Server framerate stuttered. Expected: 66.666671, got 32.000000.
Disabling OnPlayerRunCmd checks for 5.00 seconds.
L 05/30/2021 - 02:49:45: [stac.smx] [StAC] Server framerate stuttered. Expected: 66.666671, got 32.000000.
Disabling OnPlayerRunCmd checks for 5.00 seconds.
L 05/30/2021 - 02:51:31: [stac.smx] [StAC] Server framerate stuttered. Expected: 66.666671, got 32.000000.
Disabling OnPlayerRunCmd checks for 5.00 seconds.
L 05/30/2021 - 02:52:19: [stac.smx] [StAC] Server framerate stuttered. Expected: 66.666671, got 32.000000.
Disabling OnPlayerRunCmd checks for 5.00 seconds.
L 05/30/2021 - 02:52:43: [stac.smx] [StAC] Server framerate stuttered. Expected: 66.666671, got 21.333333.
Disabling OnPlayerRunCmd checks for 5.00 seconds.
L 05/30/2021 - 02:53:11: [stac.smx] [StAC] Server framerate stuttered. Expected: 66.666671, got 32.000000.
Disabling OnPlayerRunCmd checks for 5.00 seconds.
L 05/30/2021 - 03:27:03: [stac.smx] [StAC] Server framerate stuttered. Expected: 66.666671, got 21.333333.
Disabling OnPlayerRunCmd checks for 5.00 seconds.
L 05/30/2021 - 03:51:40: [stac.smx] [StAC] Server framerate stuttered. Expected: 66.666671, got 42.666667.
Disabling OnPlayerRunCmd checks for 5.00 seconds.
L 05/30/2021 - 03:56:04: [stac.smx] [StAC] Server framerate stuttered. Expected: 66.666671, got 11.636363.
Disabling OnPlayerRunCmd checks for 5.00 seconds.
L 05/30/2021 - 03:57:09: [stac.smx] [StAC] Server framerate stuttered. Expected: 66.666671, got 14.222222.
Disabling OnPlayerRunCmd checks for 5.00 seconds.
L 05/30/2021 - 03:57:47: [stac.smx] [StAC] Server framerate stuttered. Expected: 66.666671, got 18.285715.
Disabling OnPlayerRunCmd checks for 5.00 seconds.
L 05/30/2021 - 03:57:47: [stac.smx] [StAC] Server framerate stuttered. Expected: 66.666671, got 42.666667.
Disabling OnPlayerRunCmd checks for 5.00 seconds.
