L 09/24/2021 - 04:01:03: [stac.smx] [Steamtools] Steam connected.
L 09/24/2021 - 04:01:03: [stac.smx] [SteamWorks] Steam connected.
L 09/24/2021 - 16:34:33: [stac.smx] [Steamtools] Steam disconnected.
L 09/24/2021 - 16:34:33: [stac.smx] [SteamWorks] Steam disconnected.
L 09/24/2021 - 16:36:01: [stac.smx] [Steamtools] Steam connected.
L 09/24/2021 - 16:36:01: [stac.smx] [SteamWorks] Steam connected.
L 09/24/2021 - 22:29:57: [stac.smx] 

----------

[StAC] SilentAim detection of 1.03° on market fartner.
Detections so far: 1. fuzzy = no norecoil = yes
L 09/24/2021 - 22:29:57: [stac.smx] 
 Player: market fartner<8><[U:1:1240027814]><>
 StAC cached SteamID: STEAM_0:0:620013907
L 09/24/2021 - 22:29:57: [stac.smx] 
Network:
 47.01 ms ping
 0.00 loss
 1.53 inchoke
 0.00 outchoke
 1.53 totalchoke
 138.87 kbps rate
 133.53 pps rate
L 09/24/2021 - 22:29:57: [stac.smx] 
More network:
 Approx client cmdrate: ≈67 cmd/sec
 Approx server tickrate: ≈67 tick/sec
 Failing lag check? no
 HasValidAngles? yes
 SequentialCmdnum? yes
 OrderedTickcount? yes
L 09/24/2021 - 22:29:57: [stac.smx] 
Angles:
 angles0: x 4.444434 y 93.516365
 angles1: x 5.382971 y 93.955429
 angles2: x 4.444434 y 93.516365
 angles3: x 4.444434 y 93.516365
 angles4: x 4.476994 y 93.516365
L 09/24/2021 - 22:29:57: [stac.smx] 
Previous cmdnums:
0 151347
1 151346
2 151345
3 151344
4 151343
5 151342
L 09/24/2021 - 22:29:57: [stac.smx] 
Previous tickcounts:
0 4435622
1 4435621
2 4435620
3 4435619
4 4435618
5 4435617
L 09/24/2021 - 22:29:57: [stac.smx] 
Mouse Movement (sens weighted):
 abs(x): 0
 abs(y): 0
Mouse Movement (unweighted):
 x: 0
 y: 0
Client Sens:
 0.740000
L 09/24/2021 - 22:29:57: [stac.smx] 
Previous buttons - use https://sapphonie.github.io/flags.html to convert to readable input
0 1
1 9
2 9
3 9
4 9
5 8
L 09/24/2021 - 22:35:03: [stac.smx] [Steamtools] Steam disconnected.
L 09/24/2021 - 22:35:03: [stac.smx] [SteamWorks] Steam disconnected.
L 09/24/2021 - 22:37:51: [stac.smx] [Steamtools] Steam connected.
L 09/24/2021 - 22:37:51: [stac.smx] [SteamWorks] Steam connected.
