L 09/28/2021 - 04:00:37: [stac.smx] [Steamtools] Steam connected.
L 09/28/2021 - 04:00:37: [stac.smx] [SteamWorks] Steam connected.
L 09/28/2021 - 04:02:34: [stac.smx] [Steamtools] Steam connected.
L 09/28/2021 - 04:02:34: [stac.smx] [SteamWorks] Steam connected.
L 09/28/2021 - 23:03:56: [stac.smx] [Steamtools] Steam disconnected.
L 09/28/2021 - 23:03:56: [stac.smx] [SteamWorks] Steam disconnected.
L 09/28/2021 - 23:07:40: [stac.smx] [Steamtools] Steam connected.
L 09/28/2021 - 23:07:40: [stac.smx] [SteamWorks] Steam connected.
L 09/28/2021 - 23:13:00: [stac.smx] [StAC] GetEngineTime() - steamLastOnlineTime = 319.710937 >? 300.0
L 09/28/2021 - 23:13:00: [stac.smx] steam stable!
L 09/28/2021 - 23:13:00: [stac.smx] [StAC] Kicking TheGlitch for not being authorized with Steam.
L 09/28/2021 - 23:13:48: [stac.smx] [StAC] GetEngineTime() - steamLastOnlineTime = 368.101562 >? 300.0
L 09/28/2021 - 23:13:48: [stac.smx] steam stable!
L 09/28/2021 - 23:13:48: [stac.smx] [StAC] Kicking TheGlitch for not being authorized with Steam.
L 09/28/2021 - 23:16:39: [stac.smx] [StAC] GetEngineTime() - steamLastOnlineTime = 538.515625 >? 300.0
L 09/28/2021 - 23:16:39: [stac.smx] steam stable!
L 09/28/2021 - 23:16:39: [stac.smx] [StAC] Kicking TheGlitch for not being authorized with Steam.
L 09/29/2021 - 01:42:34: [stac.smx] 

----------

[StAC] Player Jadthegamerofgames bhopped!
Consecutive detections so far: 5
L 09/29/2021 - 01:42:34: [stac.smx] 
 Player: Jadthegamerofgames<30><[U:1:331654865]><>
 StAC cached SteamID: STEAM_0:1:165827432
