L 09/29/2021 - 04:01:36: [stac.smx] [Steamtools] Steam connected.
L 09/29/2021 - 04:01:37: [stac.smx] [SteamWorks] Steam connected.
L 09/29/2021 - 21:05:19: [stac.smx] 

----------

[StAC] Player notification sqad bhopped!
Consecutive detections so far: 5
L 09/29/2021 - 21:05:19: [stac.smx] 
 Player: notification sqad<20><[U:1:154501729]><>
 StAC cached SteamID: STEAM_0:1:77250864
L 09/29/2021 - 21:16:57: [stac.smx] 

----------

[StAC] Player Trenton Barrant has invalid eye angles!
Current angles: 91.00 -87.63 90.00.
Detections so far: 1
L 09/29/2021 - 21:16:57: [stac.smx] 
 Player: Trenton Barrant<22><[U:1:1250956457]><>
 StAC cached SteamID: STEAM_0:1:625478228
L 09/29/2021 - 21:16:57: [stac.smx] 

----------

[StAC] Player Trenton Barrant has invalid eye angles!
Current angles: 91.00 -87.63 90.00.
Detections so far: 2
L 09/29/2021 - 21:16:57: [stac.smx] 
 Player: Trenton Barrant<22><[U:1:1250956457]><>
 StAC cached SteamID: STEAM_0:1:625478228
L 09/29/2021 - 21:16:57: [stac.smx] 

----------

[StAC] Player (1)Trenton Barrant has invalid eye angles!
Current angles: 91.00 91.89 90.00.
Detections so far: 1
L 09/29/2021 - 21:16:57: [stac.smx] 
 Player: (1)Trenton Barrant<23><[U:1:1250599467]><>
 StAC cached SteamID: STEAM_0:1:625299733
L 09/29/2021 - 21:16:57: [stac.smx] 

----------

[StAC] Player Trenton Barrant has invalid eye angles!
Current angles: 91.00 -87.63 90.00.
Detections so far: 3
L 09/29/2021 - 21:16:57: [stac.smx] 
 Player: Trenton Barrant<22><[U:1:1250956457]><>
 StAC cached SteamID: STEAM_0:1:625478228
L 09/29/2021 - 21:16:57: [stac.smx] 

----------

[StAC] Player (1)Trenton Barrant has invalid eye angles!
Current angles: 91.00 91.88 90.00.
Detections so far: 2
L 09/29/2021 - 21:16:57: [stac.smx] 
 Player: (1)Trenton Barrant<23><[U:1:1250599467]><>
 StAC cached SteamID: STEAM_0:1:625299733
L 09/29/2021 - 21:16:57: [stac.smx] 

----------

[StAC] Player Trenton Barrant has invalid eye angles!
Current angles: 91.00 -87.63 90.00.
Detections so far: 4
L 09/29/2021 - 21:16:57: [stac.smx] 
 Player: Trenton Barrant<22><[U:1:1250956457]><>
 StAC cached SteamID: STEAM_0:1:625478228
L 09/29/2021 - 21:16:57: [stac.smx] 

----------

[StAC] Player (1)Trenton Barrant has invalid eye angles!
Current angles: 91.00 91.87 90.00.
Detections so far: 3
L 09/29/2021 - 21:16:57: [stac.smx] 
 Player: (1)Trenton Barrant<23><[U:1:1250599467]><>
 StAC cached SteamID: STEAM_0:1:625299733
L 09/29/2021 - 21:16:57: [stac.smx] 

----------

[StAC] Player Trenton Barrant has invalid eye angles!
Current angles: 91.00 -88.68 90.00.
Detections so far: 5
L 09/29/2021 - 21:16:57: [stac.smx] 
 Player: Trenton Barrant<22><[U:1:1250956457]><>
 StAC cached SteamID: STEAM_0:1:625478228
L 09/29/2021 - 21:16:57: [stac.smx] 

----------

[StAC] Player (1)Trenton Barrant has invalid eye angles!
Current angles: 91.00 91.87 90.00.
Detections so far: 4
L 09/29/2021 - 21:16:57: [stac.smx] 
 Player: (1)Trenton Barrant<23><[U:1:1250599467]><>
 StAC cached SteamID: STEAM_0:1:625299733
L 09/29/2021 - 21:16:57: [stac.smx] 

----------

[StAC] Player Trenton Barrant has invalid eye angles!
Current angles: 91.00 -88.68 90.00.
Detections so far: 6
L 09/29/2021 - 21:16:57: [stac.smx] 
 Player: Trenton Barrant<22><[U:1:1250956457]><>
 StAC cached SteamID: STEAM_0:1:625478228
L 09/29/2021 - 21:16:57: [stac.smx] 

----------

[StAC] Player (1)Trenton Barrant has invalid eye angles!
Current angles: 91.00 91.86 90.00.
Detections so far: 5
L 09/29/2021 - 21:16:57: [stac.smx] 
 Player: (1)Trenton Barrant<23><[U:1:1250599467]><>
 StAC cached SteamID: STEAM_0:1:625299733
L 09/29/2021 - 21:16:57: [stac.smx] 

----------

[StAC] Player Trenton Barrant has invalid eye angles!
Current angles: 91.00 -88.68 90.00.
Detections so far: 7
L 09/29/2021 - 21:16:57: [stac.smx] 
 Player: Trenton Barrant<22><[U:1:1250956457]><>
 StAC cached SteamID: STEAM_0:1:625478228
L 09/29/2021 - 21:16:57: [stac.smx] 

----------

[StAC] Player (1)Trenton Barrant has invalid eye angles!
Current angles: 91.00 91.86 90.00.
Detections so far: 6
L 09/29/2021 - 21:16:57: [stac.smx] 
 Player: (1)Trenton Barrant<23><[U:1:1250599467]><>
 StAC cached SteamID: STEAM_0:1:625299733
L 09/29/2021 - 21:16:57: [stac.smx] 

----------

[StAC] Player Trenton Barrant has invalid eye angles!
Current angles: 91.00 -88.68 90.00.
Detections so far: 8
L 09/29/2021 - 21:16:57: [stac.smx] 
 Player: Trenton Barrant<22><[U:1:1250956457]><>
 StAC cached SteamID: STEAM_0:1:625478228
L 09/29/2021 - 21:16:57: [stac.smx] 

----------

[StAC] Player (1)Trenton Barrant has invalid eye angles!
Current angles: 91.00 91.85 90.00.
Detections so far: 7
L 09/29/2021 - 21:16:57: [stac.smx] 
 Player: (1)Trenton Barrant<23><[U:1:1250599467]><>
 StAC cached SteamID: STEAM_0:1:625299733
L 09/29/2021 - 21:16:57: [stac.smx] 

----------

[StAC] Player Trenton Barrant has invalid eye angles!
Current angles: 91.00 -88.68 90.00.
Detections so far: 9
L 09/29/2021 - 21:16:57: [stac.smx] 
 Player: Trenton Barrant<22><[U:1:1250956457]><>
 StAC cached SteamID: STEAM_0:1:625478228
L 09/29/2021 - 21:16:57: [stac.smx] 

----------

[StAC] Player (1)Trenton Barrant has invalid eye angles!
Current angles: 91.00 91.84 90.00.
Detections so far: 8
L 09/29/2021 - 21:16:57: [stac.smx] 
 Player: (1)Trenton Barrant<23><[U:1:1250599467]><>
 StAC cached SteamID: STEAM_0:1:625299733
L 09/29/2021 - 21:16:57: [stac.smx] 

----------

[StAC] Player Trenton Barrant has invalid eye angles!
Current angles: 91.00 -88.68 90.00.
Detections so far: 10
L 09/29/2021 - 21:16:57: [stac.smx] 
 Player: Trenton Barrant<22><[U:1:1250956457]><>
 StAC cached SteamID: STEAM_0:1:625478228
L 09/29/2021 - 21:16:57: [stac.smx] [StAC] No STV demo is being recorded, no demo name will be printed to the ban reason!
L 09/29/2021 - 21:16:57: [stac.smx] 

----------

[StAC] Player (1)Trenton Barrant has invalid eye angles!
Current angles: 91.00 91.84 90.00.
Detections so far: 9
L 09/29/2021 - 21:16:57: [stac.smx] 
 Player: (1)Trenton Barrant<23><[U:1:1250599467]><>
 StAC cached SteamID: STEAM_0:1:625299733
L 09/29/2021 - 21:16:57: [stac.smx] 

----------

[StAC] Player (1)Trenton Barrant has invalid eye angles!
Current angles: 91.00 91.83 90.00.
Detections so far: 10
L 09/29/2021 - 21:16:57: [stac.smx] 
 Player: (1)Trenton Barrant<23><[U:1:1250599467]><>
 StAC cached SteamID: STEAM_0:1:625299733
L 09/29/2021 - 21:16:57: [stac.smx] [StAC] No STV demo is being recorded, no demo name will be printed to the ban reason!
L 09/30/2021 - 01:40:13: [stac.smx] [Steamtools] Steam disconnected.
L 09/30/2021 - 01:40:13: [stac.smx] [SteamWorks] Steam disconnected.
L 09/30/2021 - 01:41:07: [stac.smx] [Steamtools] Steam connected.
L 09/30/2021 - 01:41:07: [stac.smx] [SteamWorks] Steam connected.
