L 11/07/2021 - 04:02:05: [stac.smx] [Steamtools] Steam connected.
L 11/07/2021 - 04:02:05: [stac.smx] [SteamWorks] Steam connected.
L 11/07/2021 - 04:55:01: [stac.smx] 

----------

[StAC] Player I am currently buzzed bhopped!
Consecutive detections so far: 5
L 11/07/2021 - 04:55:01: [stac.smx] 
 Player: I am currently buzzed<3><[U:1:250115861]><>
 StAC cached SteamID: STEAM_0:1:125057930
L 11/07/2021 - 05:51:14: [stac.smx] 

----------

[StAC] Player I am currently buzzed bhopped!
Consecutive detections so far: 5
L 11/07/2021 - 05:51:14: [stac.smx] 
 Player: I am currently buzzed<3><[U:1:250115861]><>
 StAC cached SteamID: STEAM_0:1:125057930
L 11/07/2021 - 19:59:46: [stac.smx] 

----------

[StAC] Player Kaki bhopped!
Consecutive detections so far: 5
L 11/07/2021 - 19:59:46: [stac.smx] 
 Player: Kaki<32><[U:1:250115861]><>
 StAC cached SteamID: STEAM_0:1:125057930
L 11/07/2021 - 19:59:48: [stac.smx] 

----------

[StAC] Player Kaki bhopped!
Consecutive detections so far: 6
L 11/07/2021 - 19:59:48: [stac.smx] 
 Player: Kaki<32><[U:1:250115861]><>
 StAC cached SteamID: STEAM_0:1:125057930
L 11/07/2021 - 22:46:40: [stac.smx] 

----------

[StAC] Player Circling bhopped!
Consecutive detections so far: 5
L 11/07/2021 - 22:46:40: [stac.smx] 
 Player: Circling<38><[U:1:1258758333]><>
 StAC cached SteamID: STEAM_0:1:629379166
L 11/07/2021 - 23:13:28: [stac.smx] [StAC] GetEngineTime() - steamLastOnlineTime = 69082.804687 >? 300.0
L 11/07/2021 - 23:13:28: [stac.smx] steam stable!
L 11/07/2021 - 23:13:28: [stac.smx] [StAC] Kicking Circling for not being authorized with Steam.
L 11/07/2021 - 23:15:08: [stac.smx] [StAC] GetEngineTime() - steamLastOnlineTime = 69182.898437 >? 300.0
L 11/07/2021 - 23:15:08: [stac.smx] steam stable!
L 11/07/2021 - 23:15:08: [stac.smx] [StAC] Kicking Circling for not being authorized with Steam.
L 11/08/2021 - 00:16:24: [stac.smx] 

----------

[StAC] Cmdnum SPIKE of 397 on poggers.
Detections so far: 1.
L 11/08/2021 - 00:16:24: [stac.smx] 
 Player: poggers<61><[U:1:1096983183]><>
 StAC cached SteamID: STEAM_0:1:548491591
L 11/08/2021 - 00:16:24: [stac.smx] 
Network:
 41.23 ms ping
 0.00 loss
 41.80 inchoke
 0.00 outchoke
 41.80 totalchoke
 187.73 kbps rate
 107.19 pps rate
L 11/08/2021 - 00:16:24: [stac.smx] 
More network:
 Approx client cmdrate: ≈67 cmd/sec
 Approx server tickrate: ≈67 tick/sec
 Failing lag check? yes
 HasValidAngles? yes
 SequentialCmdnum? no
 OrderedTickcount? yes
L 11/08/2021 - 00:16:24: [stac.smx] 
Previous cmdnums:
0 3599
1 3202
2 3201
3 3200
4 3199
5 3198
L 11/08/2021 - 00:16:24: [stac.smx] 
Previous tickcounts:
0 4857297
1 4857296
2 4857295
3 4857294
4 4857293
5 4857292
L 11/08/2021 - 00:16:52: [stac.smx] 

----------

[StAC] Cmdnum SPIKE of 546 on poggers.
Detections so far: 2.
L 11/08/2021 - 00:16:52: [stac.smx] 
 Player: poggers<61><[U:1:1096983183]><>
 StAC cached SteamID: STEAM_0:1:548491591
L 11/08/2021 - 00:16:52: [stac.smx] 
Network:
 36.86 ms ping
 0.00 loss
 45.26 inchoke
 0.00 outchoke
 45.26 totalchoke
 258.03 kbps rate
 105.33 pps rate
L 11/08/2021 - 00:16:52: [stac.smx] 
More network:
 Approx client cmdrate: ≈67 cmd/sec
 Approx server tickrate: ≈67 tick/sec
 Failing lag check? yes
 HasValidAngles? yes
 SequentialCmdnum? no
 OrderedTickcount? yes
L 11/08/2021 - 00:16:52: [stac.smx] 
Previous cmdnums:
0 20195
1 19649
2 19648
3 19647
4 19646
5 19645
L 11/08/2021 - 00:16:52: [stac.smx] 
Previous tickcounts:
0 4859201
1 4859200
2 4859199
3 4859198
4 4859197
5 4859196
L 11/08/2021 - 00:20:00: [stac.smx] 

----------

[StAC] Cmdnum SPIKE of 446 on professional retard.
Detections so far: 1.
L 11/08/2021 - 00:20:00: [stac.smx] 
 Player: professional retard<63><[U:1:992721709]><>
 StAC cached SteamID: STEAM_0:1:496360854
L 11/08/2021 - 00:20:00: [stac.smx] 
Network:
 57.64 ms ping
 0.00 loss
 25.39 inchoke
 0.00 outchoke
 25.39 totalchoke
 127.28 kbps rate
 81.39 pps rate
L 11/08/2021 - 00:20:00: [stac.smx] 
More network:
 Approx client cmdrate: ≈68 cmd/sec
 Approx server tickrate: ≈67 tick/sec
 Failing lag check? yes
 HasValidAngles? yes
 SequentialCmdnum? no
 OrderedTickcount? yes
L 11/08/2021 - 00:20:00: [stac.smx] 
Previous cmdnums:
0 15430
1 14984
2 14983
3 14982
4 14981
5 14980
L 11/08/2021 - 00:20:00: [stac.smx] 
Previous tickcounts:
0 4871737
1 4871736
2 4871735
3 4871734
4 4871733
5 4871732
L 11/08/2021 - 00:20:01: [stac.smx] 

----------

[StAC] Cmdnum SPIKE of 613 on professional retard.
Detections so far: 2.
L 11/08/2021 - 00:20:01: [stac.smx] 
 Player: professional retard<63><[U:1:992721709]><>
 StAC cached SteamID: STEAM_0:1:496360854
L 11/08/2021 - 00:20:01: [stac.smx] 
Network:
 55.86 ms ping
 0.00 loss
 25.29 inchoke
 0.00 outchoke
 25.29 totalchoke
 127.32 kbps rate
 81.37 pps rate
L 11/08/2021 - 00:20:01: [stac.smx] 
More network:
 Approx client cmdrate: ≈67 cmd/sec
 Approx server tickrate: ≈67 tick/sec
 Failing lag check? yes
 HasValidAngles? yes
 SequentialCmdnum? no
 OrderedTickcount? yes
L 11/08/2021 - 00:20:01: [stac.smx] 
Previous cmdnums:
0 16115
1 15502
2 15501
3 15500
4 15499
5 15498
L 11/08/2021 - 00:20:01: [stac.smx] 
Previous tickcounts:
0 4871810
1 4871809
2 4871808
3 4871807
4 4871806
5 4871805
L 11/08/2021 - 00:26:56: [stac.smx] 

----------

[StAC] Cmdnum SPIKE of 114 on professional retard.
Detections so far: 3.
L 11/08/2021 - 00:26:56: [stac.smx] 
 Player: professional retard<63><[U:1:992721709]><>
 StAC cached SteamID: STEAM_0:1:496360854
L 11/08/2021 - 00:26:56: [stac.smx] 
Network:
 54.15 ms ping
 0.00 loss
 25.47 inchoke
 0.00 outchoke
 25.47 totalchoke
 104.74 kbps rate
 81.33 pps rate
L 11/08/2021 - 00:26:56: [stac.smx] 
More network:
 Approx client cmdrate: ≈67 cmd/sec
 Approx server tickrate: ≈67 tick/sec
 Failing lag check? yes
 HasValidAngles? yes
 SequentialCmdnum? no
 OrderedTickcount? yes
L 11/08/2021 - 00:26:56: [stac.smx] 
Previous cmdnums:
0 45679
1 45565
2 45564
3 45563
4 45562
5 45561
L 11/08/2021 - 00:26:56: [stac.smx] 
Previous tickcounts:
0 4899484
1 4899483
2 4899482
3 4899481
4 4899480
5 4899479
L 11/08/2021 - 03:06:41: [stac.smx] 

----------

[StAC] Player Kaki bhopped!
Consecutive detections so far: 5
L 11/08/2021 - 03:06:41: [stac.smx] 
 Player: Kaki<78><[U:1:250115861]><>
 StAC cached SteamID: STEAM_0:1:125057930
