L 10/15/2021 - 01:56:41: [stac.smx] [Steamtools] Steam connected.
L 10/15/2021 - 01:56:41: [stac.smx] [SteamWorks] Steam connected.
L 10/15/2021 - 04:01:40: [stac.smx] [Steamtools] Steam connected.
L 10/15/2021 - 04:01:41: [stac.smx] [SteamWorks] Steam connected.
L 10/15/2021 - 05:01:38: [stac.smx] 

----------

[StAC] Player static bhopped!
Consecutive detections so far: 5
L 10/15/2021 - 05:01:38: [stac.smx] 
 Player: static<4><[U:1:464248769]><>
 StAC cached SteamID: STEAM_0:1:232124384
L 10/15/2021 - 05:01:44: [stac.smx] 

----------

[StAC] Player static bhopped!
Consecutive detections so far: 5
L 10/15/2021 - 05:01:44: [stac.smx] 
 Player: static<4><[U:1:464248769]><>
 StAC cached SteamID: STEAM_0:1:232124384
L 10/15/2021 - 05:01:51: [stac.smx] 

----------

[StAC] Player static bhopped!
Consecutive detections so far: 5
L 10/15/2021 - 05:01:51: [stac.smx] 
 Player: static<4><[U:1:464248769]><>
 StAC cached SteamID: STEAM_0:1:232124384
L 10/15/2021 - 05:01:52: [stac.smx] 

----------

[StAC] Player static bhopped!
Consecutive detections so far: 6
L 10/15/2021 - 05:01:52: [stac.smx] 
 Player: static<4><[U:1:464248769]><>
 StAC cached SteamID: STEAM_0:1:232124384
L 10/15/2021 - 05:01:53: [stac.smx] 

----------

[StAC] Player static bhopped!
Consecutive detections so far: 7
L 10/15/2021 - 05:01:53: [stac.smx] 
 Player: static<4><[U:1:464248769]><>
 StAC cached SteamID: STEAM_0:1:232124384
L 10/15/2021 - 05:01:57: [stac.smx] 

----------

[StAC] Player Vibe bhopped!
Consecutive detections so far: 5
L 10/15/2021 - 05:01:57: [stac.smx] 
 Player: Vibe<7><[U:1:1163060212]><>
 StAC cached SteamID: STEAM_0:0:581530106
L 10/15/2021 - 05:01:58: [stac.smx] 

----------

[StAC] Player static bhopped!
Consecutive detections so far: 5
L 10/15/2021 - 05:01:58: [stac.smx] 
 Player: static<4><[U:1:464248769]><>
 StAC cached SteamID: STEAM_0:1:232124384
L 10/15/2021 - 05:01:58: [stac.smx] 

----------

[StAC] Player Vibe bhopped!
Consecutive detections so far: 6
L 10/15/2021 - 05:01:58: [stac.smx] 
 Player: Vibe<7><[U:1:1163060212]><>
 StAC cached SteamID: STEAM_0:0:581530106
L 10/15/2021 - 05:01:59: [stac.smx] 

----------

[StAC] Player static bhopped!
Consecutive detections so far: 6
L 10/15/2021 - 05:01:59: [stac.smx] 
 Player: static<4><[U:1:464248769]><>
 StAC cached SteamID: STEAM_0:1:232124384
L 10/15/2021 - 05:01:59: [stac.smx] 

----------

[StAC] Player Vibe bhopped!
Consecutive detections so far: 7
L 10/15/2021 - 05:01:59: [stac.smx] 
 Player: Vibe<7><[U:1:1163060212]><>
 StAC cached SteamID: STEAM_0:0:581530106
L 10/15/2021 - 05:01:59: [stac.smx] 

----------

[StAC] Player static bhopped!
Consecutive detections so far: 7
L 10/15/2021 - 05:01:59: [stac.smx] 
 Player: static<4><[U:1:464248769]><>
 StAC cached SteamID: STEAM_0:1:232124384
L 10/15/2021 - 05:01:59: [stac.smx] 

----------

[StAC] Player Vibe bhopped!
Consecutive detections so far: 8
L 10/15/2021 - 05:01:59: [stac.smx] 
 Player: Vibe<7><[U:1:1163060212]><>
 StAC cached SteamID: STEAM_0:0:581530106
L 10/15/2021 - 05:02:00: [stac.smx] 

----------

[StAC] Player static bhopped!
Consecutive detections so far: 8
L 10/15/2021 - 05:02:00: [stac.smx] 
 Player: static<4><[U:1:464248769]><>
 StAC cached SteamID: STEAM_0:1:232124384
L 10/15/2021 - 05:02:00: [stac.smx] 

----------

[StAC] Player Vibe bhopped!
Consecutive detections so far: 9
L 10/15/2021 - 05:02:00: [stac.smx] 
 Player: Vibe<7><[U:1:1163060212]><>
 StAC cached SteamID: STEAM_0:0:581530106
L 10/15/2021 - 05:02:00: [stac.smx] 

----------

[StAC] Player static bhopped!
Consecutive detections so far: 9
L 10/15/2021 - 05:02:00: [stac.smx] 
 Player: static<4><[U:1:464248769]><>
 StAC cached SteamID: STEAM_0:1:232124384
L 10/15/2021 - 05:02:01: [stac.smx] 

----------

[StAC] Player Vibe bhopped!
Consecutive detections so far: 10
L 10/15/2021 - 05:02:01: [stac.smx] 
 Player: Vibe<7><[U:1:1163060212]><>
 StAC cached SteamID: STEAM_0:0:581530106
L 10/15/2021 - 05:02:01: [stac.smx] 

----------

[StAC] Player static bhopped!
Consecutive detections so far: 10
L 10/15/2021 - 05:02:01: [stac.smx] 
 Player: static<4><[U:1:464248769]><>
 StAC cached SteamID: STEAM_0:1:232124384
L 10/15/2021 - 05:02:02: [stac.smx] 

----------

[StAC] Player static bhopped!
Consecutive detections so far: 11
L 10/15/2021 - 05:02:02: [stac.smx] 
 Player: static<4><[U:1:464248769]><>
 StAC cached SteamID: STEAM_0:1:232124384
L 10/15/2021 - 05:02:02: [stac.smx] 

----------

[StAC] Player static bhopped!
Consecutive detections so far: 12
L 10/15/2021 - 05:02:02: [stac.smx] 
 Player: static<4><[U:1:464248769]><>
 StAC cached SteamID: STEAM_0:1:232124384
L 10/15/2021 - 05:02:02: [stac.smx] [StAC] No STV demo is being recorded, no demo name will be printed to the ban reason!
L 10/15/2021 - 07:30:37: [stac.smx] [Steamtools] Steam disconnected.
L 10/15/2021 - 07:30:37: [stac.smx] [SteamWorks] Steam disconnected.
L 10/15/2021 - 07:31:33: [stac.smx] [Steamtools] Steam connected.
L 10/15/2021 - 07:31:33: [stac.smx] [SteamWorks] Steam connected.
L 10/15/2021 - 07:41:02: [stac.smx] [Steamtools] Steam disconnected.
L 10/15/2021 - 07:41:02: [stac.smx] [SteamWorks] Steam disconnected.
L 10/15/2021 - 07:41:45: [stac.smx] [Steamtools] Steam connected.
L 10/15/2021 - 07:41:45: [stac.smx] [SteamWorks] Steam connected.
L 10/15/2021 - 22:05:13: [stac.smx] 

----------

[StAC] Player SPell bhopped!
Consecutive detections so far: 5
L 10/15/2021 - 22:05:13: [stac.smx] 
 Player: SPell<16><[U:1:296401296]><>
 StAC cached SteamID: STEAM_0:0:148200648
L 10/15/2021 - 22:05:59: [stac.smx] 

----------

[StAC] Player SPell bhopped!
Consecutive detections so far: 5
L 10/15/2021 - 22:05:59: [stac.smx] 
 Player: SPell<16><[U:1:296401296]><>
 StAC cached SteamID: STEAM_0:0:148200648
L 10/15/2021 - 22:06:00: [stac.smx] 

----------

[StAC] Player SPell bhopped!
Consecutive detections so far: 6
L 10/15/2021 - 22:06:00: [stac.smx] 
 Player: SPell<16><[U:1:296401296]><>
 StAC cached SteamID: STEAM_0:0:148200648
L 10/15/2021 - 22:06:01: [stac.smx] 

----------

[StAC] Player SPell bhopped!
Consecutive detections so far: 7
L 10/15/2021 - 22:06:01: [stac.smx] 
 Player: SPell<16><[U:1:296401296]><>
 StAC cached SteamID: STEAM_0:0:148200648
L 10/15/2021 - 22:06:02: [stac.smx] 

----------

[StAC] Player SPell bhopped!
Consecutive detections so far: 8
L 10/15/2021 - 22:06:02: [stac.smx] 
 Player: SPell<16><[U:1:296401296]><>
 StAC cached SteamID: STEAM_0:0:148200648
L 10/15/2021 - 22:06:02: [stac.smx] 

----------

[StAC] Player SPell bhopped!
Consecutive detections so far: 9
L 10/15/2021 - 22:06:02: [stac.smx] 
 Player: SPell<16><[U:1:296401296]><>
 StAC cached SteamID: STEAM_0:0:148200648
L 10/15/2021 - 22:06:03: [stac.smx] 

----------

[StAC] Player SPell bhopped!
Consecutive detections so far: 10
L 10/15/2021 - 22:06:03: [stac.smx] 
 Player: SPell<16><[U:1:296401296]><>
 StAC cached SteamID: STEAM_0:0:148200648
L 10/15/2021 - 22:06:03: [stac.smx] 

----------

[StAC] Player SPell bhopped!
Consecutive detections so far: 11
L 10/15/2021 - 22:06:03: [stac.smx] 
 Player: SPell<16><[U:1:296401296]><>
 StAC cached SteamID: STEAM_0:0:148200648
L 10/15/2021 - 22:06:04: [stac.smx] 

----------

[StAC] Player SPell bhopped!
Consecutive detections so far: 12
L 10/15/2021 - 22:06:04: [stac.smx] 
 Player: SPell<16><[U:1:296401296]><>
 StAC cached SteamID: STEAM_0:0:148200648
L 10/15/2021 - 22:06:04: [stac.smx] [StAC] No STV demo is being recorded, no demo name will be printed to the ban reason!
L 10/15/2021 - 22:06:13: [stac.smx] 

----------

[StAC] Cmdnum SPIKE of 374 on rae.
Detections so far: 1.
L 10/15/2021 - 22:06:13: [stac.smx] 
 Player: rae<14><[U:1:1165710999]><>
 StAC cached SteamID: STEAM_0:1:582855499
L 10/15/2021 - 22:06:13: [stac.smx] 
Network:
 107.33 ms ping
 0.00 loss
 20.70 inchoke
 1.80 outchoke
 22.50 totalchoke
 127.54 kbps rate
 120.14 pps rate
L 10/15/2021 - 22:06:13: [stac.smx] 
More network:
 Approx client cmdrate: ≈67 cmd/sec
 Approx server tickrate: ≈67 tick/sec
 Failing lag check? yes
 HasValidAngles? yes
 SequentialCmdnum? no
 OrderedTickcount? yes
L 10/15/2021 - 22:06:13: [stac.smx] 
Previous cmdnums:
0 7466
1 7092
2 7091
3 7090
4 7089
5 7088
L 10/15/2021 - 22:06:13: [stac.smx] 
Previous tickcounts:
0 4338213
1 4338212
2 4338211
3 4338210
4 4338209
5 4338208
L 10/15/2021 - 22:06:17: [stac.smx] 

----------

[StAC] Player LOONΛ bhopped!
Consecutive detections so far: 5
L 10/15/2021 - 22:06:17: [stac.smx] 
 Player: LOONΛ<15><[U:1:1205426584]><>
 StAC cached SteamID: STEAM_0:0:602713292
L 10/15/2021 - 22:06:18: [stac.smx] 

----------

[StAC] Player LOONΛ bhopped!
Consecutive detections so far: 6
L 10/15/2021 - 22:06:18: [stac.smx] 
 Player: LOONΛ<15><[U:1:1205426584]><>
 StAC cached SteamID: STEAM_0:0:602713292
L 10/15/2021 - 22:06:19: [stac.smx] 

----------

[StAC] Player LOONΛ bhopped!
Consecutive detections so far: 7
L 10/15/2021 - 22:06:19: [stac.smx] 
 Player: LOONΛ<15><[U:1:1205426584]><>
 StAC cached SteamID: STEAM_0:0:602713292
L 10/15/2021 - 22:06:20: [stac.smx] 

----------

[StAC] Player LOONΛ bhopped!
Consecutive detections so far: 8
L 10/15/2021 - 22:06:20: [stac.smx] 
 Player: LOONΛ<15><[U:1:1205426584]><>
 StAC cached SteamID: STEAM_0:0:602713292
L 10/15/2021 - 22:06:28: [stac.smx] 

----------

[StAC] Player rae bhopped!
Consecutive detections so far: 5
L 10/15/2021 - 22:06:28: [stac.smx] 
 Player: rae<14><[U:1:1165710999]><>
 StAC cached SteamID: STEAM_0:1:582855499
L 10/15/2021 - 22:06:29: [stac.smx] 

----------

[StAC] Player rae bhopped!
Consecutive detections so far: 6
L 10/15/2021 - 22:06:29: [stac.smx] 
 Player: rae<14><[U:1:1165710999]><>
 StAC cached SteamID: STEAM_0:1:582855499
L 10/15/2021 - 22:06:29: [stac.smx] 

----------

[StAC] Player rae bhopped!
Consecutive detections so far: 7
L 10/15/2021 - 22:06:29: [stac.smx] 
 Player: rae<14><[U:1:1165710999]><>
 StAC cached SteamID: STEAM_0:1:582855499
L 10/15/2021 - 22:06:30: [stac.smx] 

----------

[StAC] Player rae bhopped!
Consecutive detections so far: 8
L 10/15/2021 - 22:06:30: [stac.smx] 
 Player: rae<14><[U:1:1165710999]><>
 StAC cached SteamID: STEAM_0:1:582855499
L 10/15/2021 - 22:06:31: [stac.smx] 

----------

[StAC] Player rae bhopped!
Consecutive detections so far: 9
L 10/15/2021 - 22:06:31: [stac.smx] 
 Player: rae<14><[U:1:1165710999]><>
 StAC cached SteamID: STEAM_0:1:582855499
L 10/15/2021 - 22:06:31: [stac.smx] 

----------

[StAC] Player rae bhopped!
Consecutive detections so far: 10
L 10/15/2021 - 22:06:31: [stac.smx] 
 Player: rae<14><[U:1:1165710999]><>
 StAC cached SteamID: STEAM_0:1:582855499
L 10/15/2021 - 22:06:32: [stac.smx] 

----------

[StAC] Player rae bhopped!
Consecutive detections so far: 11
L 10/15/2021 - 22:06:32: [stac.smx] 
 Player: rae<14><[U:1:1165710999]><>
 StAC cached SteamID: STEAM_0:1:582855499
L 10/15/2021 - 22:06:32: [stac.smx] 

----------

[StAC] Player rae bhopped!
Consecutive detections so far: 12
L 10/15/2021 - 22:06:32: [stac.smx] 
 Player: rae<14><[U:1:1165710999]><>
 StAC cached SteamID: STEAM_0:1:582855499
L 10/15/2021 - 22:06:32: [stac.smx] [StAC] No STV demo is being recorded, no demo name will be printed to the ban reason!
L 10/15/2021 - 22:06:46: [stac.smx] 

----------

[StAC] Player LOONΛ bhopped!
Consecutive detections so far: 5
L 10/15/2021 - 22:06:46: [stac.smx] 
 Player: LOONΛ<15><[U:1:1205426584]><>
 StAC cached SteamID: STEAM_0:0:602713292
L 10/15/2021 - 22:06:47: [stac.smx] 

----------

[StAC] Player LOONΛ bhopped!
Consecutive detections so far: 6
L 10/15/2021 - 22:06:47: [stac.smx] 
 Player: LOONΛ<15><[U:1:1205426584]><>
 StAC cached SteamID: STEAM_0:0:602713292
L 10/15/2021 - 22:06:47: [stac.smx] 

----------

[StAC] Player LOONΛ bhopped!
Consecutive detections so far: 7
L 10/15/2021 - 22:06:47: [stac.smx] 
 Player: LOONΛ<15><[U:1:1205426584]><>
 StAC cached SteamID: STEAM_0:0:602713292
L 10/15/2021 - 22:06:48: [stac.smx] 

----------

[StAC] Player LOONΛ bhopped!
Consecutive detections so far: 8
L 10/15/2021 - 22:06:48: [stac.smx] 
 Player: LOONΛ<15><[U:1:1205426584]><>
 StAC cached SteamID: STEAM_0:0:602713292
L 10/15/2021 - 22:06:48: [stac.smx] 

----------

[StAC] Player LOONΛ bhopped!
Consecutive detections so far: 9
L 10/15/2021 - 22:06:48: [stac.smx] 
 Player: LOONΛ<15><[U:1:1205426584]><>
 StAC cached SteamID: STEAM_0:0:602713292
L 10/15/2021 - 22:06:49: [stac.smx] 

----------

[StAC] Player LOONΛ bhopped!
Consecutive detections so far: 10
L 10/15/2021 - 22:06:49: [stac.smx] 
 Player: LOONΛ<15><[U:1:1205426584]><>
 StAC cached SteamID: STEAM_0:0:602713292
L 10/15/2021 - 22:06:49: [stac.smx] 

----------

[StAC] Player LOONΛ bhopped!
Consecutive detections so far: 11
L 10/15/2021 - 22:06:49: [stac.smx] 
 Player: LOONΛ<15><[U:1:1205426584]><>
 StAC cached SteamID: STEAM_0:0:602713292
L 10/15/2021 - 22:06:49: [stac.smx] 

----------

[StAC] Player LOONΛ bhopped!
Consecutive detections so far: 12
L 10/15/2021 - 22:06:49: [stac.smx] 
 Player: LOONΛ<15><[U:1:1205426584]><>
 StAC cached SteamID: STEAM_0:0:602713292
L 10/15/2021 - 22:06:49: [stac.smx] [StAC] No STV demo is being recorded, no demo name will be printed to the ban reason!
