L 05/22/2021 - 04:01:37: [stac.smx] [StAC] Plugin vers. ---- 4.5.1 ---- loaded
L 05/22/2021 - 04:01:46: [stac.smx] [Steamtools] Steam connected.
L 05/22/2021 - 21:31:04: [stac.smx] 
[StAC] Cmdnum SPIKE of 120 on mr.Fish's Alcoholism<22><[U:1:298033280]><>.
Detections so far: 1. Held weapon: tf_weapon_rocketlauncher
L 05/22/2021 - 21:31:04: [stac.smx] 
Network:
 0.00 loss
 229.12 ms ping
 69.07 inchoke
 0.00 outchoke
 69.07 totalchoke
L 05/22/2021 - 21:31:04: [stac.smx] Time since last 10 ticks: 0.031250
L 05/22/2021 - 21:31:04: [stac.smx] 
Previous cmdnums:
0 3242
1 3122
2 3122
3 3122
4 3122
5 3122
L 05/22/2021 - 21:31:04: [stac.smx] 
Previous tickcounts:
0 4197238
1 4197238
2 4197238
3 4197238
4 4197238
5 4197238
