L 09/20/2021 - 04:01:12: [stac.smx] [Steamtools] Steam connected.
L 09/20/2021 - 04:01:12: [stac.smx] [SteamWorks] Steam connected.
L 09/20/2021 - 04:11:01: [stac.smx] [Steamtools] Steam connected.
L 09/20/2021 - 04:11:01: [stac.smx] [SteamWorks] Steam connected.
L 09/21/2021 - 02:16:23: [stac.smx] 

----------

[StAC] Player troll king (AKA Big Lob) bhopped!
Consecutive detections so far: 5
L 09/21/2021 - 02:16:23: [stac.smx] 
 Player: troll king (AKA Big Lob)<45><[U:1:925008988]><>
 StAC cached SteamID: STEAM_0:0:462504494
L 09/21/2021 - 02:16:24: [stac.smx] 

----------

[StAC] Player troll king (AKA Big Lob) bhopped!
Consecutive detections so far: 6
L 09/21/2021 - 02:16:24: [stac.smx] 
 Player: troll king (AKA Big Lob)<45><[U:1:925008988]><>
 StAC cached SteamID: STEAM_0:0:462504494
L 09/21/2021 - 02:16:24: [stac.smx] 

----------

[StAC] Player troll king (AKA Big Lob) bhopped!
Consecutive detections so far: 7
L 09/21/2021 - 02:16:24: [stac.smx] 
 Player: troll king (AKA Big Lob)<45><[U:1:925008988]><>
 StAC cached SteamID: STEAM_0:0:462504494
L 09/21/2021 - 02:16:25: [stac.smx] 

----------

[StAC] Player troll king (AKA Big Lob) bhopped!
Consecutive detections so far: 8
L 09/21/2021 - 02:16:25: [stac.smx] 
 Player: troll king (AKA Big Lob)<45><[U:1:925008988]><>
 StAC cached SteamID: STEAM_0:0:462504494
L 09/21/2021 - 02:16:26: [stac.smx] 

----------

[StAC] Player troll king (AKA Big Lob) bhopped!
Consecutive detections so far: 9
L 09/21/2021 - 02:16:26: [stac.smx] 
 Player: troll king (AKA Big Lob)<45><[U:1:925008988]><>
 StAC cached SteamID: STEAM_0:0:462504494
L 09/21/2021 - 02:16:27: [stac.smx] 

----------

[StAC] Player troll king (AKA Big Lob) bhopped!
Consecutive detections so far: 10
L 09/21/2021 - 02:16:27: [stac.smx] 
 Player: troll king (AKA Big Lob)<45><[U:1:925008988]><>
 StAC cached SteamID: STEAM_0:0:462504494
L 09/21/2021 - 02:16:27: [stac.smx] 

----------

[StAC] Player troll king (AKA Big Lob) bhopped!
Consecutive detections so far: 11
L 09/21/2021 - 02:16:27: [stac.smx] 
 Player: troll king (AKA Big Lob)<45><[U:1:925008988]><>
 StAC cached SteamID: STEAM_0:0:462504494
L 09/21/2021 - 02:16:27: [stac.smx] 

----------

[StAC] Player troll king (AKA Big Lob) bhopped!
Consecutive detections so far: 12
L 09/21/2021 - 02:16:27: [stac.smx] 
 Player: troll king (AKA Big Lob)<45><[U:1:925008988]><>
 StAC cached SteamID: STEAM_0:0:462504494
L 09/21/2021 - 02:16:27: [stac.smx] [StAC] No STV demo is being recorded, no demo name will be printed to the ban reason!
L 09/21/2021 - 03:16:33: [stac.smx] [Steamtools] Steam disconnected.
L 09/21/2021 - 03:16:33: [stac.smx] [SteamWorks] Steam disconnected.
L 09/21/2021 - 03:16:50: [stac.smx] [Steamtools] Steam connected.
L 09/21/2021 - 03:16:50: [stac.smx] [SteamWorks] Steam connected.
