L 08/21/2021 - 04:01:02: [stac.smx] [Steamtools] Steam connected.
L 08/21/2021 - 04:01:02: [stac.smx] [SteamWorks] Steam connected.
L 08/22/2021 - 01:31:57: [stac.smx] 

----------

[StAC] Player Irving bhopped!
Consecutive detections so far: 5
L 08/22/2021 - 01:31:57: [stac.smx] 
 Player: Irving<45><[U:1:43577274]><>
 StAC cached SteamID: STEAM_0:0:21788637
L 08/22/2021 - 01:31:58: [stac.smx] 

----------

[StAC] Player Irving bhopped!
Consecutive detections so far: 6
L 08/22/2021 - 01:31:58: [stac.smx] 
 Player: Irving<45><[U:1:43577274]><>
 StAC cached SteamID: STEAM_0:0:21788637
L 08/22/2021 - 01:31:58: [stac.smx] 

----------

[StAC] Player Irving bhopped!
Consecutive detections so far: 7
L 08/22/2021 - 01:31:58: [stac.smx] 
 Player: Irving<45><[U:1:43577274]><>
 StAC cached SteamID: STEAM_0:0:21788637
L 08/22/2021 - 01:31:59: [stac.smx] 

----------

[StAC] Player Irving bhopped!
Consecutive detections so far: 8
L 08/22/2021 - 01:31:59: [stac.smx] 
 Player: Irving<45><[U:1:43577274]><>
 StAC cached SteamID: STEAM_0:0:21788637
L 08/22/2021 - 01:33:20: [stac.smx] 

----------

[StAC] Player pablo.rodregez.2009 bhopped!
Consecutive detections so far: 5
L 08/22/2021 - 01:33:20: [stac.smx] 
 Player: pablo.rodregez.2009<45><[U:1:43577274]><>
 StAC cached SteamID: STEAM_0:0:21788637
L 08/22/2021 - 01:33:20: [stac.smx] 

----------

[StAC] Player pablo.rodregez.2009 bhopped!
Consecutive detections so far: 6
L 08/22/2021 - 01:33:20: [stac.smx] 
 Player: pablo.rodregez.2009<45><[U:1:43577274]><>
 StAC cached SteamID: STEAM_0:0:21788637
L 08/22/2021 - 01:33:21: [stac.smx] 

----------

[StAC] Player pablo.rodregez.2009 bhopped!
Consecutive detections so far: 7
L 08/22/2021 - 01:33:21: [stac.smx] 
 Player: pablo.rodregez.2009<45><[U:1:43577274]><>
 StAC cached SteamID: STEAM_0:0:21788637
L 08/22/2021 - 01:33:22: [stac.smx] 

----------

[StAC] Player pablo.rodregez.2009 bhopped!
Consecutive detections so far: 8
L 08/22/2021 - 01:33:22: [stac.smx] 
 Player: pablo.rodregez.2009<45><[U:1:43577274]><>
 StAC cached SteamID: STEAM_0:0:21788637
L 08/22/2021 - 01:33:23: [stac.smx] 

----------

[StAC] Player pablo.rodregez.2009 bhopped!
Consecutive detections so far: 9
L 08/22/2021 - 01:33:23: [stac.smx] 
 Player: pablo.rodregez.2009<45><[U:1:43577274]><>
 StAC cached SteamID: STEAM_0:0:21788637
L 08/22/2021 - 01:33:23: [stac.smx] 

----------

[StAC] Player pablo.rodregez.2009 bhopped!
Consecutive detections so far: 10
L 08/22/2021 - 01:33:23: [stac.smx] 
 Player: pablo.rodregez.2009<45><[U:1:43577274]><>
 StAC cached SteamID: STEAM_0:0:21788637
L 08/22/2021 - 01:33:24: [stac.smx] 

----------

[StAC] Player pablo.rodregez.2009 bhopped!
Consecutive detections so far: 11
L 08/22/2021 - 01:33:24: [stac.smx] 
 Player: pablo.rodregez.2009<45><[U:1:43577274]><>
 StAC cached SteamID: STEAM_0:0:21788637
L 08/22/2021 - 01:33:24: [stac.smx] 

----------

[StAC] Player pablo.rodregez.2009 bhopped!
Consecutive detections so far: 12
L 08/22/2021 - 01:33:24: [stac.smx] 
 Player: pablo.rodregez.2009<45><[U:1:43577274]><>
 StAC cached SteamID: STEAM_0:0:21788637
L 08/22/2021 - 01:33:24: [stac.smx] [StAC] No STV demo is being recorded, no demo name will be printed to the ban reason!
