L 05/24/2021 - 04:01:47: [stac.smx] [StAC] Plugin vers. ---- 4.5.1 ---- loaded
L 05/24/2021 - 04:01:59: [stac.smx] [Steamtools] Steam connected.
L 05/24/2021 - 04:11:03: [stac.smx] [StAC] Plugin vers. ---- 4.5.1 ---- loaded
L 05/24/2021 - 04:11:14: [stac.smx] [Steamtools] Steam connected.
L 05/24/2021 - 10:51:26: [stac.smx] [Steamtools] Steam disconnected.
L 05/24/2021 - 10:51:35: [stac.smx] [Steamtools] Steam connected.
L 05/24/2021 - 10:57:03: [stac.smx] [Steamtools] Steam disconnected.
L 05/24/2021 - 10:58:00: [stac.smx] [Steamtools] Steam connected.
L 05/24/2021 - 16:55:31: [stac.smx] [StAC] GetEngineTime() - steamLastOnlineTime = 21451.093750 >? 300.0
L 05/24/2021 - 16:55:31: [stac.smx] steam stable!
L 05/24/2021 - 16:55:31: [stac.smx] [StAC] Kicking Erwin Rommel for not being authorized with Steam.
L 05/24/2021 - 17:39:54: [stac.smx] 
[StAC] Cmdnum SPIKE of 104 on Erwin Rommel<9><[U:1:1135324915]><>.
Detections so far: 1. Held weapon: tf_weapon_knife
L 05/24/2021 - 17:39:54: [stac.smx] 
Network:
 0.00 loss
 94.11 ms ping
 78.41 inchoke
 0.00 outchoke
 78.41 totalchoke
L 05/24/2021 - 17:39:54: [stac.smx] Time since last 10 ticks: 0.031250
L 05/24/2021 - 17:39:54: [stac.smx] 
Previous cmdnums:
0 129492
1 129388
2 129388
3 129388
4 129388
5 129388
L 05/24/2021 - 17:39:54: [stac.smx] 
Previous tickcounts:
0 3234699
1 3234699
2 3234699
3 3234699
4 3234699
5 3234699
L 05/25/2021 - 01:09:04: [stac.smx] [StAC] Server framerate stuttered. Expected: 66.666671, got 32.000000.
Disabling OnPlayerRunCmd checks for 5.00 seconds.
