L 07/16/2021 - 04:00:58: [stac.smx] [Steamtools] Steam connected.
L 07/16/2021 - 04:00:58: [stac.smx] [SteamWorks] Steam connected.
L 07/16/2021 - 04:02:53: [stac.smx] [Steamtools] Steam connected.
L 07/16/2021 - 04:02:53: [stac.smx] [SteamWorks] Steam connected.
L 07/16/2021 - 08:30:35: [stac.smx] [Steamtools] Steam disconnected.
L 07/16/2021 - 08:30:35: [stac.smx] [SteamWorks] Steam disconnected.
L 07/16/2021 - 08:31:59: [stac.smx] [Steamtools] Steam connected.
L 07/16/2021 - 08:31:59: [stac.smx] [SteamWorks] Steam connected.
L 07/16/2021 - 20:52:39: [stac.smx] [StAC] Player BlueBalledBunny has invalid eye angles!
Current angles: 91.00 -103.92 90.00.
Detections so far: 1
L 07/16/2021 - 20:52:39: [stac.smx] [StAC] Player BlueBalledBunny has invalid eye angles!
Current angles: 91.00 -103.91 90.00.
Detections so far: 2
L 07/16/2021 - 20:52:39: [stac.smx] [StAC] Player BlueBalledBunny has invalid eye angles!
Current angles: 91.00 -103.91 90.00.
Detections so far: 3
L 07/16/2021 - 20:52:39: [stac.smx] [StAC] Player BlueBalledBunny has invalid eye angles!
Current angles: 91.00 -103.72 90.00.
Detections so far: 4
L 07/16/2021 - 20:52:39: [stac.smx] [StAC] Player BlueBalledBunny has invalid eye angles!
Current angles: 91.00 -103.72 90.00.
Detections so far: 5
L 07/16/2021 - 20:52:39: [stac.smx] [StAC] Player BlueBalledBunny has invalid eye angles!
Current angles: 91.00 -103.72 90.00.
Detections so far: 6
L 07/16/2021 - 20:52:39: [stac.smx] [StAC] Player BlueBalledBunny has invalid eye angles!
Current angles: 91.00 -103.72 90.00.
Detections so far: 7
L 07/16/2021 - 20:52:39: [stac.smx] [StAC] Player BlueBalledBunny has invalid eye angles!
Current angles: 91.00 -103.72 90.00.
Detections so far: 8
L 07/16/2021 - 20:52:39: [stac.smx] [StAC] Player BlueBalledBunny has invalid eye angles!
Current angles: 91.00 -103.72 90.00.
Detections so far: 9
L 07/16/2021 - 20:52:39: [stac.smx] [StAC] Player BlueBalledBunny has invalid eye angles!
Current angles: 91.00 -119.92 90.00.
Detections so far: 10
L 07/16/2021 - 20:52:39: [stac.smx] [StAC] No STV demo is being recorded, no demo name will be printed to the ban reason!
L 07/16/2021 - 20:52:45: [stac.smx] [StAC] Player (1)BlueBalledBunny has invalid eye angles!
Current angles: 91.00 -114.43 90.00.
Detections so far: 1
L 07/16/2021 - 20:52:45: [stac.smx] [StAC] Player (1)BlueBalledBunny has invalid eye angles!
Current angles: 91.00 -114.41 90.00.
Detections so far: 2
L 07/16/2021 - 20:52:45: [stac.smx] [StAC] Player (1)BlueBalledBunny has invalid eye angles!
Current angles: 91.00 -114.39 90.00.
Detections so far: 3
L 07/16/2021 - 20:52:45: [stac.smx] [StAC] Player (1)BlueBalledBunny has invalid eye angles!
Current angles: 91.00 -114.37 90.00.
Detections so far: 4
L 07/16/2021 - 20:52:45: [stac.smx] [StAC] Player (1)BlueBalledBunny has invalid eye angles!
Current angles: 91.00 -114.34 90.00.
Detections so far: 5
L 07/16/2021 - 20:52:45: [stac.smx] [StAC] Player (1)BlueBalledBunny has invalid eye angles!
Current angles: 91.00 -114.32 90.00.
Detections so far: 6
L 07/16/2021 - 20:52:45: [stac.smx] [StAC] Player (1)BlueBalledBunny has invalid eye angles!
Current angles: 91.00 -114.29 90.00.
Detections so far: 7
L 07/16/2021 - 20:52:45: [stac.smx] [StAC] Player (1)BlueBalledBunny has invalid eye angles!
Current angles: 91.00 -114.26 90.00.
Detections so far: 8
L 07/16/2021 - 20:52:45: [stac.smx] [StAC] Player (1)BlueBalledBunny has invalid eye angles!
Current angles: 91.00 -114.22 90.00.
Detections so far: 9
L 07/16/2021 - 20:52:45: [stac.smx] [StAC] Player (1)BlueBalledBunny has invalid eye angles!
Current angles: 91.00 -114.19 90.00.
Detections so far: 10
L 07/16/2021 - 20:52:45: [stac.smx] [StAC] No STV demo is being recorded, no demo name will be printed to the ban reason!
