L 06/01/2021 - 04:02:05: [stac.smx] [StAC] Plugin vers. ---- 4.5.1 ---- loaded
L 06/01/2021 - 04:02:20: [stac.smx] [Steamtools] Steam connected.
L 06/01/2021 - 06:43:30: [stac.smx] [StAC] Server framerate stuttered. Expected: 66.666671, got 34.133335.
Disabling OnPlayerRunCmd checks for 5.00 seconds.
L 06/01/2021 - 11:10:31: [stac.smx] [StAC] Server framerate stuttered. Expected: 66.666671, got 19.692308.
Disabling OnPlayerRunCmd checks for 5.00 seconds.
L 06/01/2021 - 16:56:40: [stac.smx] [Steamtools] Steam disconnected.
L 06/01/2021 - 16:56:56: [stac.smx] [Steamtools] Steam connected.
L 06/01/2021 - 19:41:01: [stac.smx] [StAC] Server framerate stuttered. Expected: 66.666671, got 42.666667.
Disabling OnPlayerRunCmd checks for 5.00 seconds.
L 06/01/2021 - 20:02:25: [stac.smx] [StAC] Server framerate stuttered. Expected: 66.666671, got 28.444444.
Disabling OnPlayerRunCmd checks for 5.00 seconds.
L 06/01/2021 - 20:18:46: [stac.smx] [StAC] Server framerate stuttered. Expected: 66.666671, got 32.000000.
Disabling OnPlayerRunCmd checks for 5.00 seconds.
L 06/01/2021 - 20:31:01: [stac.smx] [StAC] Server framerate stuttered. Expected: 66.666671, got 32.000000.
Disabling OnPlayerRunCmd checks for 5.00 seconds.
L 06/01/2021 - 20:31:46: [stac.smx] [StAC] Server framerate stuttered. Expected: 66.666671, got 28.444444.
Disabling OnPlayerRunCmd checks for 5.00 seconds.
L 06/01/2021 - 20:40:49: [stac.smx] [StAC] Server framerate stuttered. Expected: 66.666671, got 25.600000.
Disabling OnPlayerRunCmd checks for 5.00 seconds.
L 06/01/2021 - 20:41:36: [stac.smx] [StAC] Server framerate stuttered. Expected: 66.666671, got 28.444444.
Disabling OnPlayerRunCmd checks for 5.00 seconds.
L 06/01/2021 - 20:43:29: [stac.smx] [StAC] Server framerate stuttered. Expected: 66.666671, got 51.200000.
Disabling OnPlayerRunCmd checks for 5.00 seconds.
L 06/01/2021 - 20:46:26: [stac.smx] [StAC] Server framerate stuttered. Expected: 66.666671, got 21.333333.
Disabling OnPlayerRunCmd checks for 5.00 seconds.
L 06/01/2021 - 20:51:24: [stac.smx] [StAC] Server framerate stuttered. Expected: 66.666671, got 32.000000.
Disabling OnPlayerRunCmd checks for 5.00 seconds.
L 06/01/2021 - 20:51:40: [stac.smx] [StAC] Server framerate stuttered. Expected: 66.666671, got 28.444444.
Disabling OnPlayerRunCmd checks for 5.00 seconds.
L 06/01/2021 - 20:51:43: [stac.smx] [StAC] Server framerate stuttered. Expected: 66.666671, got 42.666667.
Disabling OnPlayerRunCmd checks for 5.00 seconds.
L 06/01/2021 - 20:52:08: [stac.smx] [StAC] Server framerate stuttered. Expected: 66.666671, got 25.600000.
Disabling OnPlayerRunCmd checks for 5.00 seconds.
L 06/01/2021 - 20:52:47: [stac.smx] [StAC] Server framerate stuttered. Expected: 66.666671, got 18.285715.
Disabling OnPlayerRunCmd checks for 5.00 seconds.
L 06/01/2021 - 20:53:40: [stac.smx] [StAC] Server framerate stuttered. Expected: 66.666671, got 25.600000.
Disabling OnPlayerRunCmd checks for 5.00 seconds.
L 06/01/2021 - 20:54:03: [stac.smx] [StAC] Server framerate stuttered. Expected: 66.666671, got 36.571430.
Disabling OnPlayerRunCmd checks for 5.00 seconds.
L 06/01/2021 - 21:44:47: [stac.smx] [StAC] Server framerate stuttered. Expected: 66.666671, got 28.444444.
Disabling OnPlayerRunCmd checks for 5.00 seconds.
L 06/01/2021 - 21:45:25: [stac.smx] [StAC] Server framerate stuttered. Expected: 66.666671, got 36.571430.
Disabling OnPlayerRunCmd checks for 5.00 seconds.
L 06/01/2021 - 21:54:36: [stac.smx] [StAC] Server framerate stuttered. Expected: 66.666671, got 19.692308.
Disabling OnPlayerRunCmd checks for 5.00 seconds.
L 06/01/2021 - 21:56:06: [stac.smx] [StAC] Server framerate stuttered. Expected: 66.666671, got 23.272727.
Disabling OnPlayerRunCmd checks for 5.00 seconds.
L 06/01/2021 - 21:56:08: [stac.smx] [StAC] Server framerate stuttered. Expected: 66.666671, got 28.444444.
Disabling OnPlayerRunCmd checks for 5.00 seconds.
L 06/01/2021 - 21:56:08: [stac.smx] [StAC] Server framerate stuttered. Expected: 66.666671, got 17.066667.
Disabling OnPlayerRunCmd checks for 5.00 seconds.
L 06/01/2021 - 21:59:23: [stac.smx] [StAC] Server framerate stuttered. Expected: 66.666671, got 36.571430.
Disabling OnPlayerRunCmd checks for 5.00 seconds.
L 06/01/2021 - 22:00:33: [stac.smx] [StAC] Server framerate stuttered. Expected: 66.666671, got 19.692308.
Disabling OnPlayerRunCmd checks for 5.00 seconds.
L 06/01/2021 - 22:01:46: [stac.smx] [StAC] Server framerate stuttered. Expected: 66.666671, got 36.571430.
Disabling OnPlayerRunCmd checks for 5.00 seconds.
L 06/01/2021 - 22:06:34: [stac.smx] [StAC] Server framerate stuttered. Expected: 66.666671, got 28.444444.
Disabling OnPlayerRunCmd checks for 5.00 seconds.
L 06/01/2021 - 22:07:28: [stac.smx] [StAC] Server framerate stuttered. Expected: 66.666671, got 51.200000.
Disabling OnPlayerRunCmd checks for 5.00 seconds.
L 06/01/2021 - 22:09:11: [stac.smx] 
[StAC] Cmdnum SPIKE of 73 on Electro<20><[U:1:1053403256]><>.
Detections so far: 1. Held weapon: tf_weapon_wrench
L 06/01/2021 - 22:09:11: [stac.smx] 
Network:
 0.00 loss
 68.75 ms ping
 75.85 inchoke
 0.00 outchoke
 75.85 totalchoke
L 06/01/2021 - 22:09:11: [stac.smx] Time since last 10 ticks: 0.031250
L 06/01/2021 - 22:09:11: [stac.smx] 
Previous cmdnums:
0 112157
1 112084
2 112084
3 112084
4 112084
5 112084
L 06/01/2021 - 22:09:11: [stac.smx] 
Previous tickcounts:
0 4347455
1 4347455
2 4347455
3 4347455
4 4347455
5 4347455
L 06/01/2021 - 22:09:58: [stac.smx] [StAC] Server framerate stuttered. Expected: 66.666671, got 51.200000.
Disabling OnPlayerRunCmd checks for 5.00 seconds.
L 06/01/2021 - 22:16:03: [stac.smx] [StAC] Server framerate stuttered. Expected: 66.666671, got 12.800000.
Disabling OnPlayerRunCmd checks for 5.00 seconds.
L 06/01/2021 - 22:19:06: [stac.smx] [StAC] Server framerate stuttered. Expected: 66.666671, got 25.600000.
Disabling OnPlayerRunCmd checks for 5.00 seconds.
L 06/01/2021 - 22:29:44: [stac.smx] [StAC] Server framerate stuttered. Expected: 66.666671, got 32.000000.
Disabling OnPlayerRunCmd checks for 5.00 seconds.
L 06/01/2021 - 22:31:45: [stac.smx] [StAC] Server framerate stuttered. Expected: 66.666671, got 32.000000.
Disabling OnPlayerRunCmd checks for 5.00 seconds.
L 06/01/2021 - 22:35:36: [stac.smx] [StAC] Server framerate stuttered. Expected: 66.666671, got 32.000000.
Disabling OnPlayerRunCmd checks for 5.00 seconds.
L 06/01/2021 - 22:38:57: [stac.smx] [StAC] Server framerate stuttered. Expected: 66.666671, got 21.333333.
Disabling OnPlayerRunCmd checks for 5.00 seconds.
L 06/01/2021 - 23:03:05: [stac.smx] [Steamtools] Steam disconnected.
L 06/01/2021 - 23:05:53: [stac.smx] [Steamtools] Steam connected.
L 06/02/2021 - 00:06:45: [stac.smx] [StAC] Server framerate stuttered. Expected: 66.666671, got 42.666667.
Disabling OnPlayerRunCmd checks for 5.00 seconds.
L 06/02/2021 - 00:08:43: [stac.smx] [StAC] Server framerate stuttered. Expected: 66.666671, got 32.000000.
Disabling OnPlayerRunCmd checks for 5.00 seconds.
L 06/02/2021 - 00:11:22: [stac.smx] [StAC] Server framerate stuttered. Expected: 66.666671, got 42.666667.
Disabling OnPlayerRunCmd checks for 5.00 seconds.
L 06/02/2021 - 00:11:40: [stac.smx] [StAC] Server framerate stuttered. Expected: 66.666671, got 42.666667.
Disabling OnPlayerRunCmd checks for 5.00 seconds.
L 06/02/2021 - 00:12:01: [stac.smx] [StAC] Server framerate stuttered. Expected: 66.666671, got 42.666667.
Disabling OnPlayerRunCmd checks for 5.00 seconds.
L 06/02/2021 - 00:13:00: [stac.smx] [StAC] Server framerate stuttered. Expected: 66.666671, got 32.000000.
Disabling OnPlayerRunCmd checks for 5.00 seconds.
L 06/02/2021 - 00:13:16: [stac.smx] [StAC] Server framerate stuttered. Expected: 66.666671, got 32.000000.
Disabling OnPlayerRunCmd checks for 5.00 seconds.
L 06/02/2021 - 00:14:50: [stac.smx] [StAC] Server framerate stuttered. Expected: 66.666671, got 25.600000.
Disabling OnPlayerRunCmd checks for 5.00 seconds.
L 06/02/2021 - 00:16:29: [stac.smx] [StAC] Server framerate stuttered. Expected: 66.666671, got 14.222222.
Disabling OnPlayerRunCmd checks for 5.00 seconds.
L 06/02/2021 - 00:17:11: [stac.smx] [StAC] Server framerate stuttered. Expected: 66.666671, got 21.333333.
Disabling OnPlayerRunCmd checks for 5.00 seconds.
L 06/02/2021 - 00:17:11: [stac.smx] [StAC] Server framerate stuttered. Expected: 66.666671, got 32.000000.
Disabling OnPlayerRunCmd checks for 5.00 seconds.
L 06/02/2021 - 00:18:48: [stac.smx] [StAC] Server framerate stuttered. Expected: 66.666671, got 32.000000.
Disabling OnPlayerRunCmd checks for 5.00 seconds.
L 06/02/2021 - 00:20:20: [stac.smx] [StAC] Server framerate stuttered. Expected: 66.666671, got 25.600000.
Disabling OnPlayerRunCmd checks for 5.00 seconds.
L 06/02/2021 - 00:21:50: [stac.smx] [StAC] Server framerate stuttered. Expected: 66.666671, got 25.600000.
Disabling OnPlayerRunCmd checks for 5.00 seconds.
L 06/02/2021 - 00:24:24: [stac.smx] [StAC] Server framerate stuttered. Expected: 66.666671, got 32.000000.
Disabling OnPlayerRunCmd checks for 5.00 seconds.
L 06/02/2021 - 00:27:15: [stac.smx] [StAC] Server framerate stuttered. Expected: 66.666671, got 21.333333.
Disabling OnPlayerRunCmd checks for 5.00 seconds.
L 06/02/2021 - 00:29:38: [stac.smx] [StAC] Server framerate stuttered. Expected: 66.666671, got 32.000000.
Disabling OnPlayerRunCmd checks for 5.00 seconds.
L 06/02/2021 - 00:30:12: [stac.smx] [StAC] Server framerate stuttered. Expected: 66.666671, got 32.000000.
Disabling OnPlayerRunCmd checks for 5.00 seconds.
L 06/02/2021 - 00:31:00: [stac.smx] [StAC] Server framerate stuttered. Expected: 66.666671, got 32.000000.
Disabling OnPlayerRunCmd checks for 5.00 seconds.
L 06/02/2021 - 00:31:40: [stac.smx] [StAC] Server framerate stuttered. Expected: 66.666671, got 32.000000.
Disabling OnPlayerRunCmd checks for 5.00 seconds.
L 06/02/2021 - 00:32:29: [stac.smx] [StAC] Server framerate stuttered. Expected: 66.666671, got 18.285715.
Disabling OnPlayerRunCmd checks for 5.00 seconds.
L 06/02/2021 - 00:32:52: [stac.smx] [StAC] Server framerate stuttered. Expected: 66.666671, got 32.000000.
Disabling OnPlayerRunCmd checks for 5.00 seconds.
L 06/02/2021 - 00:33:00: [stac.smx] [StAC] Server framerate stuttered. Expected: 66.666671, got 25.600000.
Disabling OnPlayerRunCmd checks for 5.00 seconds.
L 06/02/2021 - 00:35:28: [stac.smx] [StAC] Server framerate stuttered. Expected: 66.666671, got 21.333333.
Disabling OnPlayerRunCmd checks for 5.00 seconds.
L 06/02/2021 - 00:35:30: [stac.smx] [StAC] Server framerate stuttered. Expected: 66.666671, got 21.333333.
Disabling OnPlayerRunCmd checks for 5.00 seconds.
L 06/02/2021 - 00:39:30: [stac.smx] [StAC] Server framerate stuttered. Expected: 66.666671, got 21.333333.
Disabling OnPlayerRunCmd checks for 5.00 seconds.
L 06/02/2021 - 00:39:30: [stac.smx] [StAC] Server framerate stuttered. Expected: 66.666671, got 42.666667.
Disabling OnPlayerRunCmd checks for 5.00 seconds.
L 06/02/2021 - 00:39:31: [stac.smx] [StAC] Server framerate stuttered. Expected: 66.666671, got 32.000000.
Disabling OnPlayerRunCmd checks for 5.00 seconds.
L 06/02/2021 - 00:41:06: [stac.smx] [StAC] Server framerate stuttered. Expected: 66.666671, got 32.000000.
Disabling OnPlayerRunCmd checks for 5.00 seconds.
L 06/02/2021 - 00:45:12: [stac.smx] [StAC] Server framerate stuttered. Expected: 66.666671, got 21.333333.
Disabling OnPlayerRunCmd checks for 5.00 seconds.
L 06/02/2021 - 00:45:55: [stac.smx] [StAC] Server framerate stuttered. Expected: 66.666671, got 25.600000.
Disabling OnPlayerRunCmd checks for 5.00 seconds.
L 06/02/2021 - 00:51:31: [stac.smx] [StAC] Server framerate stuttered. Expected: 66.666671, got 18.285715.
Disabling OnPlayerRunCmd checks for 5.00 seconds.
L 06/02/2021 - 00:51:49: [stac.smx] [StAC] Server framerate stuttered. Expected: 66.666671, got 18.285715.
Disabling OnPlayerRunCmd checks for 5.00 seconds.
L 06/02/2021 - 00:51:55: [stac.smx] [StAC] Server framerate stuttered. Expected: 66.666671, got 25.600000.
Disabling OnPlayerRunCmd checks for 5.00 seconds.
L 06/02/2021 - 00:52:13: [stac.smx] [StAC] Server framerate stuttered. Expected: 66.666671, got 32.000000.
Disabling OnPlayerRunCmd checks for 5.00 seconds.
L 06/02/2021 - 00:53:02: [stac.smx] [StAC] Server framerate stuttered. Expected: 66.666671, got 32.000000.
Disabling OnPlayerRunCmd checks for 5.00 seconds.
L 06/02/2021 - 00:56:47: [stac.smx] [StAC] Server framerate stuttered. Expected: 66.666671, got 32.000000.
Disabling OnPlayerRunCmd checks for 5.00 seconds.
L 06/02/2021 - 00:58:43: [stac.smx] [StAC] Server framerate stuttered. Expected: 66.666671, got 42.666667.
Disabling OnPlayerRunCmd checks for 5.00 seconds.
L 06/02/2021 - 01:01:49: [stac.smx] [StAC] Server framerate stuttered. Expected: 66.666671, got 21.333333.
Disabling OnPlayerRunCmd checks for 5.00 seconds.
L 06/02/2021 - 01:02:55: [stac.smx] [StAC] Server framerate stuttered. Expected: 66.666671, got 21.333333.
Disabling OnPlayerRunCmd checks for 5.00 seconds.
L 06/02/2021 - 01:03:15: [stac.smx] [StAC] Server framerate stuttered. Expected: 66.666671, got 32.000000.
Disabling OnPlayerRunCmd checks for 5.00 seconds.
L 06/02/2021 - 01:04:53: [stac.smx] [StAC] Server framerate stuttered. Expected: 66.666671, got 32.000000.
Disabling OnPlayerRunCmd checks for 5.00 seconds.
L 06/02/2021 - 01:05:14: [stac.smx] [StAC] Server framerate stuttered. Expected: 66.666671, got 21.333333.
Disabling OnPlayerRunCmd checks for 5.00 seconds.
L 06/02/2021 - 01:07:50: [stac.smx] [StAC] Server framerate stuttered. Expected: 66.666671, got 21.333333.
Disabling OnPlayerRunCmd checks for 5.00 seconds.
L 06/02/2021 - 01:10:51: [stac.smx] [StAC] Server framerate stuttered. Expected: 66.666671, got 42.666667.
Disabling OnPlayerRunCmd checks for 5.00 seconds.
L 06/02/2021 - 01:11:35: [stac.smx] [StAC] Server framerate stuttered. Expected: 66.666671, got 21.333333.
Disabling OnPlayerRunCmd checks for 5.00 seconds.
L 06/02/2021 - 01:12:42: [stac.smx] [StAC] Server framerate stuttered. Expected: 66.666671, got 32.000000.
Disabling OnPlayerRunCmd checks for 5.00 seconds.
L 06/02/2021 - 01:13:41: [stac.smx] [StAC] Server framerate stuttered. Expected: 66.666671, got 42.666667.
Disabling OnPlayerRunCmd checks for 5.00 seconds.
L 06/02/2021 - 01:13:56: [stac.smx] [StAC] Server framerate stuttered. Expected: 66.666671, got 42.666667.
Disabling OnPlayerRunCmd checks for 5.00 seconds.
L 06/02/2021 - 01:15:22: [stac.smx] [StAC] Server framerate stuttered. Expected: 66.666671, got 18.285715.
Disabling OnPlayerRunCmd checks for 5.00 seconds.
L 06/02/2021 - 01:15:45: [stac.smx] [StAC] Server framerate stuttered. Expected: 66.666671, got 32.000000.
Disabling OnPlayerRunCmd checks for 5.00 seconds.
L 06/02/2021 - 01:16:11: [stac.smx] [StAC] Server framerate stuttered. Expected: 66.666671, got 21.333333.
Disabling OnPlayerRunCmd checks for 5.00 seconds.
L 06/02/2021 - 01:16:27: [stac.smx] [StAC] Server framerate stuttered. Expected: 66.666671, got 32.000000.
Disabling OnPlayerRunCmd checks for 5.00 seconds.
L 06/02/2021 - 01:17:14: [stac.smx] [StAC] Server framerate stuttered. Expected: 66.666671, got 32.000000.
Disabling OnPlayerRunCmd checks for 5.00 seconds.
L 06/02/2021 - 01:17:14: [stac.smx] [StAC] Server framerate stuttered. Expected: 66.666671, got 21.333333.
Disabling OnPlayerRunCmd checks for 5.00 seconds.
L 06/02/2021 - 01:17:16: [stac.smx] [StAC] Server framerate stuttered. Expected: 66.666671, got 42.666667.
Disabling OnPlayerRunCmd checks for 5.00 seconds.
L 06/02/2021 - 01:18:46: [stac.smx] [StAC] Server framerate stuttered. Expected: 66.666671, got 21.333333.
Disabling OnPlayerRunCmd checks for 5.00 seconds.
L 06/02/2021 - 01:18:50: [stac.smx] [StAC] Server framerate stuttered. Expected: 66.666671, got 25.600000.
Disabling OnPlayerRunCmd checks for 5.00 seconds.
L 06/02/2021 - 01:19:30: [stac.smx] [StAC] Server framerate stuttered. Expected: 66.666671, got 32.000000.
Disabling OnPlayerRunCmd checks for 5.00 seconds.
L 06/02/2021 - 01:21:44: [stac.smx] [StAC] Server framerate stuttered. Expected: 66.666671, got 32.000000.
Disabling OnPlayerRunCmd checks for 5.00 seconds.
L 06/02/2021 - 01:22:30: [stac.smx] [StAC] Server framerate stuttered. Expected: 66.666671, got 21.333333.
Disabling OnPlayerRunCmd checks for 5.00 seconds.
L 06/02/2021 - 01:23:14: [stac.smx] [StAC] Server framerate stuttered. Expected: 66.666671, got 42.666667.
Disabling OnPlayerRunCmd checks for 5.00 seconds.
L 06/02/2021 - 01:23:37: [stac.smx] [StAC] Server framerate stuttered. Expected: 66.666671, got 32.000000.
Disabling OnPlayerRunCmd checks for 5.00 seconds.
L 06/02/2021 - 01:25:47: [stac.smx] [StAC] Server framerate stuttered. Expected: 66.666671, got 32.000000.
Disabling OnPlayerRunCmd checks for 5.00 seconds.
L 06/02/2021 - 01:26:31: [stac.smx] [StAC] Server framerate stuttered. Expected: 66.666671, got 32.000000.
Disabling OnPlayerRunCmd checks for 5.00 seconds.
L 06/02/2021 - 01:26:55: [stac.smx] [StAC] Server framerate stuttered. Expected: 66.666671, got 32.000000.
Disabling OnPlayerRunCmd checks for 5.00 seconds.
L 06/02/2021 - 01:27:16: [stac.smx] [StAC] Server framerate stuttered. Expected: 66.666671, got 21.333333.
Disabling OnPlayerRunCmd checks for 5.00 seconds.
L 06/02/2021 - 01:28:08: [stac.smx] [StAC] Server framerate stuttered. Expected: 66.666671, got 32.000000.
Disabling OnPlayerRunCmd checks for 5.00 seconds.
L 06/02/2021 - 01:29:32: [stac.smx] [StAC] Server framerate stuttered. Expected: 66.666671, got 21.333333.
Disabling OnPlayerRunCmd checks for 5.00 seconds.
L 06/02/2021 - 01:30:19: [stac.smx] [StAC] Server framerate stuttered. Expected: 66.666671, got 32.000000.
Disabling OnPlayerRunCmd checks for 5.00 seconds.
L 06/02/2021 - 01:31:09: [stac.smx] [StAC] Server framerate stuttered. Expected: 66.666671, got 42.666667.
Disabling OnPlayerRunCmd checks for 5.00 seconds.
L 06/02/2021 - 01:32:35: [stac.smx] [StAC] Server framerate stuttered. Expected: 66.666671, got 32.000000.
Disabling OnPlayerRunCmd checks for 5.00 seconds.
L 06/02/2021 - 01:33:16: [stac.smx] [StAC] Server framerate stuttered. Expected: 66.666671, got 32.000000.
Disabling OnPlayerRunCmd checks for 5.00 seconds.
L 06/02/2021 - 01:33:42: [stac.smx] [StAC] Server framerate stuttered. Expected: 66.666671, got 32.000000.
Disabling OnPlayerRunCmd checks for 5.00 seconds.
L 06/02/2021 - 01:34:29: [stac.smx] [StAC] Server framerate stuttered. Expected: 66.666671, got 32.000000.
Disabling OnPlayerRunCmd checks for 5.00 seconds.
L 06/02/2021 - 01:34:32: [stac.smx] [StAC] Server framerate stuttered. Expected: 66.666671, got 32.000000.
Disabling OnPlayerRunCmd checks for 5.00 seconds.
L 06/02/2021 - 01:35:39: [stac.smx] [StAC] Server framerate stuttered. Expected: 66.666671, got 32.000000.
Disabling OnPlayerRunCmd checks for 5.00 seconds.
L 06/02/2021 - 01:36:01: [stac.smx] [StAC] Server framerate stuttered. Expected: 66.666671, got 21.333333.
Disabling OnPlayerRunCmd checks for 5.00 seconds.
L 06/02/2021 - 01:36:44: [stac.smx] [StAC] Server framerate stuttered. Expected: 66.666671, got 42.666667.
Disabling OnPlayerRunCmd checks for 5.00 seconds.
L 06/02/2021 - 01:36:44: [stac.smx] [StAC] Server framerate stuttered. Expected: 66.666671, got 16.000000.
Disabling OnPlayerRunCmd checks for 5.00 seconds.
L 06/02/2021 - 01:37:57: [stac.smx] [StAC] Server framerate stuttered. Expected: 66.666671, got 32.000000.
Disabling OnPlayerRunCmd checks for 5.00 seconds.
L 06/02/2021 - 01:38:18: [stac.smx] [StAC] Server framerate stuttered. Expected: 66.666671, got 21.333333.
Disabling OnPlayerRunCmd checks for 5.00 seconds.
L 06/02/2021 - 01:39:23: [stac.smx] [StAC] Server framerate stuttered. Expected: 66.666671, got 32.000000.
Disabling OnPlayerRunCmd checks for 5.00 seconds.
L 06/02/2021 - 01:41:32: [stac.smx] [StAC] Server framerate stuttered. Expected: 66.666671, got 32.000000.
Disabling OnPlayerRunCmd checks for 5.00 seconds.
L 06/02/2021 - 01:43:32: [stac.smx] [StAC] Server framerate stuttered. Expected: 66.666671, got 32.000000.
Disabling OnPlayerRunCmd checks for 5.00 seconds.
L 06/02/2021 - 01:44:26: [stac.smx] [StAC] Server framerate stuttered. Expected: 66.666671, got 32.000000.
Disabling OnPlayerRunCmd checks for 5.00 seconds.
L 06/02/2021 - 01:44:26: [stac.smx] [StAC] Server framerate stuttered. Expected: 66.666671, got 32.000000.
Disabling OnPlayerRunCmd checks for 5.00 seconds.
L 06/02/2021 - 01:45:36: [stac.smx] [StAC] Server framerate stuttered. Expected: 66.666671, got 18.285715.
Disabling OnPlayerRunCmd checks for 5.00 seconds.
L 06/02/2021 - 01:45:59: [stac.smx] [StAC] Server framerate stuttered. Expected: 66.666671, got 21.333333.
Disabling OnPlayerRunCmd checks for 5.00 seconds.
L 06/02/2021 - 01:46:18: [stac.smx] [StAC] Server framerate stuttered. Expected: 66.666671, got 32.000000.
Disabling OnPlayerRunCmd checks for 5.00 seconds.
L 06/02/2021 - 01:46:42: [stac.smx] [StAC] Server framerate stuttered. Expected: 66.666671, got 42.666667.
Disabling OnPlayerRunCmd checks for 5.00 seconds.
L 06/02/2021 - 01:46:48: [stac.smx] [StAC] Server framerate stuttered. Expected: 66.666671, got 42.666667.
Disabling OnPlayerRunCmd checks for 5.00 seconds.
L 06/02/2021 - 01:47:05: [stac.smx] [StAC] Server framerate stuttered. Expected: 66.666671, got 32.000000.
Disabling OnPlayerRunCmd checks for 5.00 seconds.
L 06/02/2021 - 01:47:08: [stac.smx] [StAC] Server framerate stuttered. Expected: 66.666671, got 32.000000.
Disabling OnPlayerRunCmd checks for 5.00 seconds.
L 06/02/2021 - 01:47:35: [stac.smx] [StAC] Server framerate stuttered. Expected: 66.666671, got 32.000000.
Disabling OnPlayerRunCmd checks for 5.00 seconds.
L 06/02/2021 - 01:48:33: [stac.smx] [StAC] Server framerate stuttered. Expected: 66.666671, got 21.333333.
Disabling OnPlayerRunCmd checks for 5.00 seconds.
L 06/02/2021 - 01:48:55: [stac.smx] [StAC] Server framerate stuttered. Expected: 66.666671, got 25.600000.
Disabling OnPlayerRunCmd checks for 5.00 seconds.
L 06/02/2021 - 01:48:57: [stac.smx] [StAC] Server framerate stuttered. Expected: 66.666671, got 32.000000.
Disabling OnPlayerRunCmd checks for 5.00 seconds.
L 06/02/2021 - 01:49:17: [stac.smx] [StAC] Server framerate stuttered. Expected: 66.666671, got 32.000000.
Disabling OnPlayerRunCmd checks for 5.00 seconds.
L 06/02/2021 - 01:49:17: [stac.smx] [StAC] Server framerate stuttered. Expected: 66.666671, got 21.333333.
Disabling OnPlayerRunCmd checks for 5.00 seconds.
L 06/02/2021 - 01:50:27: [stac.smx] [StAC] Server framerate stuttered. Expected: 66.666671, got 42.666667.
Disabling OnPlayerRunCmd checks for 5.00 seconds.
L 06/02/2021 - 01:50:51: [stac.smx] [StAC] Server framerate stuttered. Expected: 66.666671, got 42.666667.
Disabling OnPlayerRunCmd checks for 5.00 seconds.
L 06/02/2021 - 01:51:15: [stac.smx] [StAC] Server framerate stuttered. Expected: 66.666671, got 32.000000.
Disabling OnPlayerRunCmd checks for 5.00 seconds.
L 06/02/2021 - 01:54:42: [stac.smx] [StAC] Server framerate stuttered. Expected: 66.666671, got 18.285715.
Disabling OnPlayerRunCmd checks for 5.00 seconds.
L 06/02/2021 - 01:55:06: [stac.smx] [StAC] Server framerate stuttered. Expected: 66.666671, got 25.600000.
Disabling OnPlayerRunCmd checks for 5.00 seconds.
L 06/02/2021 - 01:57:10: [stac.smx] [StAC] Server framerate stuttered. Expected: 66.666671, got 32.000000.
Disabling OnPlayerRunCmd checks for 5.00 seconds.
L 06/02/2021 - 01:57:18: [stac.smx] [StAC] Server framerate stuttered. Expected: 66.666671, got 25.600000.
Disabling OnPlayerRunCmd checks for 5.00 seconds.
L 06/02/2021 - 01:58:09: [stac.smx] [StAC] Server framerate stuttered. Expected: 66.666671, got 32.000000.
Disabling OnPlayerRunCmd checks for 5.00 seconds.
L 06/02/2021 - 01:58:36: [stac.smx] [StAC] Server framerate stuttered. Expected: 66.666671, got 21.333333.
Disabling OnPlayerRunCmd checks for 5.00 seconds.
L 06/02/2021 - 01:58:47: [stac.smx] [StAC] Server framerate stuttered. Expected: 66.666671, got 42.666667.
Disabling OnPlayerRunCmd checks for 5.00 seconds.
L 06/02/2021 - 01:59:12: [stac.smx] [StAC] Server framerate stuttered. Expected: 66.666671, got 25.600000.
Disabling OnPlayerRunCmd checks for 5.00 seconds.
L 06/02/2021 - 01:59:17: [stac.smx] [StAC] Server framerate stuttered. Expected: 66.666671, got 32.000000.
Disabling OnPlayerRunCmd checks for 5.00 seconds.
L 06/02/2021 - 01:59:58: [stac.smx] [StAC] Server framerate stuttered. Expected: 66.666671, got 42.666667.
Disabling OnPlayerRunCmd checks for 5.00 seconds.
L 06/02/2021 - 02:00:02: [stac.smx] [StAC] Server framerate stuttered. Expected: 66.666671, got 32.000000.
Disabling OnPlayerRunCmd checks for 5.00 seconds.
L 06/02/2021 - 02:00:22: [stac.smx] [StAC] Server framerate stuttered. Expected: 66.666671, got 21.333333.
Disabling OnPlayerRunCmd checks for 5.00 seconds.
L 06/02/2021 - 02:01:30: [stac.smx] [StAC] Server framerate stuttered. Expected: 66.666671, got 32.000000.
Disabling OnPlayerRunCmd checks for 5.00 seconds.
L 06/02/2021 - 02:01:50: [stac.smx] [StAC] Server framerate stuttered. Expected: 66.666671, got 32.000000.
Disabling OnPlayerRunCmd checks for 5.00 seconds.
L 06/02/2021 - 02:04:13: [stac.smx] [StAC] Server framerate stuttered. Expected: 66.666671, got 21.333333.
Disabling OnPlayerRunCmd checks for 5.00 seconds.
L 06/02/2021 - 02:05:38: [stac.smx] [StAC] Server framerate stuttered. Expected: 66.666671, got 25.600000.
Disabling OnPlayerRunCmd checks for 5.00 seconds.
L 06/02/2021 - 02:06:27: [stac.smx] [StAC] Server framerate stuttered. Expected: 66.666671, got 32.000000.
Disabling OnPlayerRunCmd checks for 5.00 seconds.
L 06/02/2021 - 02:07:35: [stac.smx] [StAC] Server framerate stuttered. Expected: 66.666671, got 32.000000.
Disabling OnPlayerRunCmd checks for 5.00 seconds.
L 06/02/2021 - 02:07:59: [stac.smx] [StAC] Server framerate stuttered. Expected: 66.666671, got 32.000000.
Disabling OnPlayerRunCmd checks for 5.00 seconds.
L 06/02/2021 - 02:08:29: [stac.smx] [StAC] Server framerate stuttered. Expected: 66.666671, got 32.000000.
Disabling OnPlayerRunCmd checks for 5.00 seconds.
L 06/02/2021 - 02:08:52: [stac.smx] [StAC] Server framerate stuttered. Expected: 66.666671, got 32.000000.
Disabling OnPlayerRunCmd checks for 5.00 seconds.
L 06/02/2021 - 02:08:59: [stac.smx] [StAC] Server framerate stuttered. Expected: 66.666671, got 21.333333.
Disabling OnPlayerRunCmd checks for 5.00 seconds.
L 06/02/2021 - 02:09:20: [stac.smx] [StAC] Server framerate stuttered. Expected: 66.666671, got 21.333333.
Disabling OnPlayerRunCmd checks for 5.00 seconds.
L 06/02/2021 - 02:10:01: [stac.smx] [StAC] Server framerate stuttered. Expected: 66.666671, got 21.333333.
Disabling OnPlayerRunCmd checks for 5.00 seconds.
L 06/02/2021 - 02:11:10: [stac.smx] [StAC] Server framerate stuttered. Expected: 66.666671, got 18.285715.
Disabling OnPlayerRunCmd checks for 5.00 seconds.
L 06/02/2021 - 02:11:10: [stac.smx] [StAC] Server framerate stuttered. Expected: 66.666671, got 25.600000.
Disabling OnPlayerRunCmd checks for 5.00 seconds.
L 06/02/2021 - 02:12:32: [stac.smx] [StAC] Server framerate stuttered. Expected: 66.666671, got 21.333333.
Disabling OnPlayerRunCmd checks for 5.00 seconds.
L 06/02/2021 - 02:12:32: [stac.smx] [StAC] Server framerate stuttered. Expected: 66.666671, got 32.000000.
Disabling OnPlayerRunCmd checks for 5.00 seconds.
L 06/02/2021 - 02:14:05: [stac.smx] [StAC] Server framerate stuttered. Expected: 66.666671, got 42.666667.
Disabling OnPlayerRunCmd checks for 5.00 seconds.
L 06/02/2021 - 02:14:08: [stac.smx] [StAC] Server framerate stuttered. Expected: 66.666671, got 32.000000.
Disabling OnPlayerRunCmd checks for 5.00 seconds.
L 06/02/2021 - 02:14:51: [stac.smx] [StAC] Server framerate stuttered. Expected: 66.666671, got 21.333333.
Disabling OnPlayerRunCmd checks for 5.00 seconds.
L 06/02/2021 - 02:14:51: [stac.smx] [StAC] Server framerate stuttered. Expected: 66.666671, got 32.000000.
Disabling OnPlayerRunCmd checks for 5.00 seconds.
L 06/02/2021 - 02:15:54: [stac.smx] [StAC] Server framerate stuttered. Expected: 66.666671, got 32.000000.
Disabling OnPlayerRunCmd checks for 5.00 seconds.
L 06/02/2021 - 02:16:24: [stac.smx] [StAC] Server framerate stuttered. Expected: 66.666671, got 25.600000.
Disabling OnPlayerRunCmd checks for 5.00 seconds.
L 06/02/2021 - 02:17:28: [stac.smx] [StAC] Server framerate stuttered. Expected: 66.666671, got 32.000000.
Disabling OnPlayerRunCmd checks for 5.00 seconds.
L 06/02/2021 - 02:19:28: [stac.smx] [StAC] Server framerate stuttered. Expected: 66.666671, got 32.000000.
Disabling OnPlayerRunCmd checks for 5.00 seconds.
L 06/02/2021 - 02:19:56: [stac.smx] [StAC] Server framerate stuttered. Expected: 66.666671, got 21.333333.
Disabling OnPlayerRunCmd checks for 5.00 seconds.
L 06/02/2021 - 02:21:42: [stac.smx] [StAC] Server framerate stuttered. Expected: 66.666671, got 32.000000.
Disabling OnPlayerRunCmd checks for 5.00 seconds.
L 06/02/2021 - 02:22:27: [stac.smx] [StAC] Server framerate stuttered. Expected: 66.666671, got 32.000000.
Disabling OnPlayerRunCmd checks for 5.00 seconds.
L 06/02/2021 - 02:22:28: [stac.smx] [StAC] Server framerate stuttered. Expected: 66.666671, got 25.600000.
Disabling OnPlayerRunCmd checks for 5.00 seconds.
L 06/02/2021 - 02:22:29: [stac.smx] [StAC] Server framerate stuttered. Expected: 66.666671, got 32.000000.
Disabling OnPlayerRunCmd checks for 5.00 seconds.
L 06/02/2021 - 02:22:29: [stac.smx] [StAC] Server framerate stuttered. Expected: 66.666671, got 32.000000.
Disabling OnPlayerRunCmd checks for 5.00 seconds.
L 06/02/2021 - 02:22:29: [stac.smx] [StAC] Server framerate stuttered. Expected: 66.666671, got 32.000000.
Disabling OnPlayerRunCmd checks for 5.00 seconds.
L 06/02/2021 - 02:32:21: [stac.smx] [StAC] Server framerate stuttered. Expected: 66.666671, got 32.000000.
Disabling OnPlayerRunCmd checks for 5.00 seconds.
L 06/02/2021 - 02:35:33: [stac.smx] [StAC] Server framerate stuttered. Expected: 66.666671, got 32.000000.
Disabling OnPlayerRunCmd checks for 5.00 seconds.
L 06/02/2021 - 02:40:26: [stac.smx] [StAC] Server framerate stuttered. Expected: 66.666671, got 32.000000.
Disabling OnPlayerRunCmd checks for 5.00 seconds.
L 06/02/2021 - 02:48:22: [stac.smx] [StAC] Server framerate stuttered. Expected: 66.666671, got 42.666667.
Disabling OnPlayerRunCmd checks for 5.00 seconds.
L 06/02/2021 - 02:49:56: [stac.smx] [StAC] Server framerate stuttered. Expected: 66.666671, got 42.666667.
Disabling OnPlayerRunCmd checks for 5.00 seconds.
L 06/02/2021 - 02:51:10: [stac.smx] [StAC] Server framerate stuttered. Expected: 66.666671, got 32.000000.
Disabling OnPlayerRunCmd checks for 5.00 seconds.
L 06/02/2021 - 02:54:49: [stac.smx] [StAC] Server framerate stuttered. Expected: 66.666671, got 32.000000.
Disabling OnPlayerRunCmd checks for 5.00 seconds.
L 06/02/2021 - 02:56:47: [stac.smx] [StAC] Server framerate stuttered. Expected: 66.666671, got 42.666667.
Disabling OnPlayerRunCmd checks for 5.00 seconds.
L 06/02/2021 - 02:59:50: [stac.smx] [StAC] Server framerate stuttered. Expected: 66.666671, got 21.333333.
Disabling OnPlayerRunCmd checks for 5.00 seconds.
L 06/02/2021 - 03:00:08: [stac.smx] [StAC] Server framerate stuttered. Expected: 66.666671, got 32.000000.
Disabling OnPlayerRunCmd checks for 5.00 seconds.
L 06/02/2021 - 03:04:07: [stac.smx] [StAC] Server framerate stuttered. Expected: 66.666671, got 25.600000.
Disabling OnPlayerRunCmd checks for 5.00 seconds.
L 06/02/2021 - 03:04:27: [stac.smx] [StAC] Server framerate stuttered. Expected: 66.666671, got 21.333333.
Disabling OnPlayerRunCmd checks for 5.00 seconds.
L 06/02/2021 - 03:06:38: [stac.smx] [StAC] Server framerate stuttered. Expected: 66.666671, got 32.000000.
Disabling OnPlayerRunCmd checks for 5.00 seconds.
L 06/02/2021 - 03:06:39: [stac.smx] [StAC] Server framerate stuttered. Expected: 66.666671, got 32.000000.
Disabling OnPlayerRunCmd checks for 5.00 seconds.
L 06/02/2021 - 03:08:36: [stac.smx] [StAC] Server framerate stuttered. Expected: 66.666671, got 18.285715.
Disabling OnPlayerRunCmd checks for 5.00 seconds.
L 06/02/2021 - 03:08:55: [stac.smx] [StAC] Server framerate stuttered. Expected: 66.666671, got 42.666667.
Disabling OnPlayerRunCmd checks for 5.00 seconds.
L 06/02/2021 - 03:08:58: [stac.smx] [StAC] Server framerate stuttered. Expected: 66.666671, got 32.000000.
Disabling OnPlayerRunCmd checks for 5.00 seconds.
L 06/02/2021 - 03:09:43: [stac.smx] [StAC] Server framerate stuttered. Expected: 66.666671, got 21.333333.
Disabling OnPlayerRunCmd checks for 5.00 seconds.
L 06/02/2021 - 03:10:06: [stac.smx] [StAC] Server framerate stuttered. Expected: 66.666671, got 21.333333.
Disabling OnPlayerRunCmd checks for 5.00 seconds.
L 06/02/2021 - 03:10:32: [stac.smx] [StAC] Server framerate stuttered. Expected: 66.666671, got 32.000000.
Disabling OnPlayerRunCmd checks for 5.00 seconds.
L 06/02/2021 - 03:10:33: [stac.smx] [StAC] Server framerate stuttered. Expected: 66.666671, got 32.000000.
Disabling OnPlayerRunCmd checks for 5.00 seconds.
L 06/02/2021 - 03:11:20: [stac.smx] [StAC] Server framerate stuttered. Expected: 66.666671, got 25.600000.
Disabling OnPlayerRunCmd checks for 5.00 seconds.
L 06/02/2021 - 03:14:21: [stac.smx] [StAC] Server framerate stuttered. Expected: 66.666671, got 32.000000.
Disabling OnPlayerRunCmd checks for 5.00 seconds.
L 06/02/2021 - 03:17:45: [stac.smx] [StAC] Server framerate stuttered. Expected: 66.666671, got 21.333333.
Disabling OnPlayerRunCmd checks for 5.00 seconds.
L 06/02/2021 - 03:21:32: [stac.smx] [StAC] Server framerate stuttered. Expected: 66.666671, got 32.000000.
Disabling OnPlayerRunCmd checks for 5.00 seconds.
L 06/02/2021 - 03:21:36: [stac.smx] [StAC] Server framerate stuttered. Expected: 66.666671, got 21.333333.
Disabling OnPlayerRunCmd checks for 5.00 seconds.
