L 04/08/2021 - 04:01:12: [stac.smx] [StAC] Plugin vers. ---- 4.1.17b ---- loaded
L 04/08/2021 - 04:01:21: [stac.smx] [Steamtools] Steam connected.
L 04/08/2021 - 20:03:48: [stac.smx] 
==========
[StAC] SilentAim detection of 1.651320° on 
when basil is sus!<3><[U:1:470623912]><>.
Detections so far: 1.
fuzzy = 0
L 04/08/2021 - 20:03:48: [stac.smx] 
Network:
 0.000000 loss
 55.939079 choke
 58.149364 ms ping
Angles:
 angles0: x -16.037908 y -84.773200
 angles1: x -15.971908 y -86.423202
 angles2: x -16.037908 y -84.773200

L 04/08/2021 - 20:03:48: [stac.smx] 
Time between last 5 client ticks (most recent first):
1 0.074218
2 0.000000
3 0.003906
4 0.058593
5 0.000000
==========
