L 06/11/2021 - 04:01:37: [stac.smx] [Steamtools] Steam connected.
L 06/12/2021 - 03:04:03: [stac.smx] [StAC] Player white hoe has invalid eye angles!
Current angles: 13.62 -72.33 89.98.
Detections so far: 1
L 06/12/2021 - 03:04:05: [stac.smx] [StAC] Player white hoe has invalid eye angles!
Current angles: 10.07 -94.39 89.98.
Detections so far: 2
L 06/12/2021 - 03:04:08: [stac.smx] [StAC] Player white hoe has invalid eye angles!
Current angles: 4.31 -100.07 89.98.
Detections so far: 3
L 06/12/2021 - 03:04:10: [stac.smx] [StAC] Player white hoe has invalid eye angles!
Current angles: 2.20 -6.40 89.98.
Detections so far: 4
L 06/12/2021 - 03:04:10: [stac.smx] [StAC] Player white hoe has invalid eye angles!
Current angles: 2.20 -6.40 89.98.
Detections so far: 5
L 06/12/2021 - 03:04:10: [stac.smx] [StAC] Player white hoe has invalid eye angles!
Current angles: 2.20 -6.40 89.98.
Detections so far: 6
L 06/12/2021 - 03:04:10: [stac.smx] [StAC] Player white hoe has invalid eye angles!
Current angles: 2.20 -6.40 89.98.
Detections so far: 7
L 06/12/2021 - 03:04:10: [stac.smx] [StAC] Player white hoe has invalid eye angles!
Current angles: 2.20 -6.40 89.98.
Detections so far: 8
L 06/12/2021 - 03:04:10: [stac.smx] [StAC] Player white hoe has invalid eye angles!
Current angles: 2.20 -6.31 89.98.
Detections so far: 9
L 06/12/2021 - 03:04:10: [stac.smx] [StAC] Player white hoe has invalid eye angles!
Current angles: 2.20 -6.11 89.98.
Detections so far: 10
L 06/12/2021 - 03:04:10: [stac.smx] [StAC] No STV demo is being recorded, no demo name will be printed to the ban reason!
