L 08/12/2021 - 04:01:52: [stac.smx] [Steamtools] Steam connected.
L 08/12/2021 - 04:01:52: [stac.smx] [SteamWorks] Steam connected.
L 08/12/2021 - 08:30:41: [stac.smx] [Steamtools] Steam disconnected.
L 08/12/2021 - 08:30:41: [stac.smx] [SteamWorks] Steam disconnected.
L 08/12/2021 - 08:32:03: [stac.smx] [Steamtools] Steam connected.
L 08/12/2021 - 08:32:03: [stac.smx] [SteamWorks] Steam connected.
L 08/12/2021 - 08:49:00: [stac.smx] [Steamtools] Steam disconnected.
L 08/12/2021 - 08:49:00: [stac.smx] [SteamWorks] Steam disconnected.
L 08/12/2021 - 08:50:27: [stac.smx] [Steamtools] Steam connected.
L 08/12/2021 - 08:50:27: [stac.smx] [SteamWorks] Steam connected.
L 08/13/2021 - 00:20:11: [stac.smx] 

----------

[StAC] Player gir 489 fan has invalid eye angles!
Current angles: 271.00 -167.93 0.00.
Detections so far: 1
L 08/13/2021 - 00:20:11: [stac.smx] 
 Player: gir 489 fan<30><[U:1:859594295]><>
 StAC cached SteamID: STEAM_0:1:429797147
L 08/13/2021 - 00:20:11: [stac.smx] 

----------

[StAC] Player gir 489 fan has invalid eye angles!
Current angles: 271.00 -180.00 0.00.
Detections so far: 2
L 08/13/2021 - 00:20:11: [stac.smx] 
 Player: gir 489 fan<30><[U:1:859594295]><>
 StAC cached SteamID: STEAM_0:1:429797147
L 08/13/2021 - 00:20:11: [stac.smx] 

----------

[StAC] Player gir 489 fan has invalid eye angles!
Current angles: 271.00 -167.93 0.00.
Detections so far: 3
L 08/13/2021 - 00:20:11: [stac.smx] 
 Player: gir 489 fan<30><[U:1:859594295]><>
 StAC cached SteamID: STEAM_0:1:429797147
L 08/13/2021 - 00:20:11: [stac.smx] 

----------

[StAC] Player gir 489 fan has invalid eye angles!
Current angles: 271.00 -360.00 0.00.
Detections so far: 4
L 08/13/2021 - 00:20:11: [stac.smx] 
 Player: gir 489 fan<30><[U:1:859594295]><>
 StAC cached SteamID: STEAM_0:1:429797147
L 08/13/2021 - 00:20:11: [stac.smx] 

----------

[StAC] Player gir 489 fan has invalid eye angles!
Current angles: 271.00 -167.93 0.00.
Detections so far: 5
L 08/13/2021 - 00:20:11: [stac.smx] 
 Player: gir 489 fan<30><[U:1:859594295]><>
 StAC cached SteamID: STEAM_0:1:429797147
L 08/13/2021 - 00:20:11: [stac.smx] 

----------

[StAC] Player gir 489 fan has invalid eye angles!
Current angles: 271.00 -180.00 0.00.
Detections so far: 6
L 08/13/2021 - 00:20:11: [stac.smx] 
 Player: gir 489 fan<30><[U:1:859594295]><>
 StAC cached SteamID: STEAM_0:1:429797147
L 08/13/2021 - 00:20:11: [stac.smx] 

----------

[StAC] Player gir 489 fan has invalid eye angles!
Current angles: 271.00 -167.93 0.00.
Detections so far: 7
L 08/13/2021 - 00:20:11: [stac.smx] 
 Player: gir 489 fan<30><[U:1:859594295]><>
 StAC cached SteamID: STEAM_0:1:429797147
L 08/13/2021 - 00:20:11: [stac.smx] 

----------

[StAC] Player gir 489 fan has invalid eye angles!
Current angles: 271.00 -360.00 0.00.
Detections so far: 8
L 08/13/2021 - 00:20:11: [stac.smx] 
 Player: gir 489 fan<30><[U:1:859594295]><>
 StAC cached SteamID: STEAM_0:1:429797147
L 08/13/2021 - 00:20:11: [stac.smx] 

----------

[StAC] Player gir 489 fan has invalid eye angles!
Current angles: 271.00 -167.93 0.00.
Detections so far: 9
L 08/13/2021 - 00:20:11: [stac.smx] 
 Player: gir 489 fan<30><[U:1:859594295]><>
 StAC cached SteamID: STEAM_0:1:429797147
L 08/13/2021 - 00:20:11: [stac.smx] 

----------

[StAC] Player gir 489 fan has invalid eye angles!
Current angles: 271.00 -180.00 0.00.
Detections so far: 10
L 08/13/2021 - 00:20:11: [stac.smx] 
 Player: gir 489 fan<30><[U:1:859594295]><>
 StAC cached SteamID: STEAM_0:1:429797147
L 08/13/2021 - 00:20:11: [stac.smx] [StAC] No STV demo is being recorded, no demo name will be printed to the ban reason!
