L 06/30/2021 - 04:02:08: [stac.smx] [Steamtools] Steam connected.
L 06/30/2021 - 12:51:47: [stac.smx] [Steamtools] Steam disconnected.
L 06/30/2021 - 12:52:05: [stac.smx] [Steamtools] Steam connected.
L 06/30/2021 - 23:40:54: [stac.smx] [StAC] [Detection] Player Snow<19><[U:1:1159807108]><> is cheating - OOB cvar/netvar value 4 on var cl_cmdrate!
L 06/30/2021 - 23:40:54: [stac.smx] [StAC] No STV demo is being recorded, no demo name will be printed to the ban reason!
L 06/30/2021 - 23:59:32: [stac.smx] [StAC] Player Fat Gaming  bhopped!
Consecutive detections so far: 5
L 06/30/2021 - 23:59:33: [stac.smx] [StAC] Player Fat Gaming  bhopped!
Consecutive detections so far: 6
L 06/30/2021 - 23:59:34: [stac.smx] [StAC] Player Fat Gaming  bhopped!
Consecutive detections so far: 7
L 06/30/2021 - 23:59:34: [stac.smx] [StAC] Player Fat Gaming  bhopped!
Consecutive detections so far: 8
L 06/30/2021 - 23:59:35: [stac.smx] [StAC] Player Fat Gaming  bhopped!
Consecutive detections so far: 9
L 06/30/2021 - 23:59:36: [stac.smx] [StAC] Player Fat Gaming  bhopped!
Consecutive detections so far: 10
L 06/30/2021 - 23:59:37: [stac.smx] [StAC] Player Fat Gaming  bhopped!
Consecutive detections so far: 11
L 06/30/2021 - 23:59:38: [stac.smx] [StAC] Player Fat Gaming  bhopped!
Consecutive detections so far: 12
L 06/30/2021 - 23:59:38: [stac.smx] [StAC] No STV demo is being recorded, no demo name will be printed to the ban reason!
L 07/01/2021 - 00:05:56: [stac.smx] [StAC] Player sdka has invalid eye angles!
Current angles: -91.00 -165.00 0.00.
Detections so far: 1
L 07/01/2021 - 00:05:56: [stac.smx] [StAC] Player sdka has invalid eye angles!
Current angles: -91.00 0.00 0.00.
Detections so far: 2
L 07/01/2021 - 00:05:56: [stac.smx] [StAC] Player sdka has invalid eye angles!
Current angles: -91.00 -195.00 0.00.
Detections so far: 3
L 07/01/2021 - 00:05:56: [stac.smx] [StAC] Player sdka has invalid eye angles!
Current angles: -91.00 -30.00 0.00.
Detections so far: 4
L 07/01/2021 - 00:05:56: [stac.smx] [StAC] Player sdka has invalid eye angles!
Current angles: -91.00 -225.00 0.00.
Detections so far: 5
L 07/01/2021 - 00:05:56: [stac.smx] [StAC] Player sdka has invalid eye angles!
Current angles: -91.00 -60.00 0.00.
Detections so far: 6
L 07/01/2021 - 00:05:56: [stac.smx] [StAC] Player sdka has invalid eye angles!
Current angles: -91.00 -255.00 0.00.
Detections so far: 7
L 07/01/2021 - 00:05:56: [stac.smx] [StAC] Player sdka has invalid eye angles!
Current angles: -91.00 -90.00 0.00.
Detections so far: 8
L 07/01/2021 - 00:05:56: [stac.smx] [StAC] Player sdka has invalid eye angles!
Current angles: -91.00 -285.00 0.00.
Detections so far: 9
L 07/01/2021 - 00:05:56: [stac.smx] [StAC] Player sdka has invalid eye angles!
Current angles: -91.00 -120.00 0.00.
Detections so far: 10
L 07/01/2021 - 00:05:56: [stac.smx] [StAC] No STV demo is being recorded, no demo name will be printed to the ban reason!
