L 03/14/2021 - 04:01:28: [stac.smx] [StAC] Plugin vers. ---- 4.1.4 ---- loaded
L 03/14/2021 - 04:05:18: [stac.smx] 
==========
[StAC] Player RAE has invalid eye angles!
Current angles: -271.000000 -80.817451 0.000000.
Detections so far: 1
==========
L 03/14/2021 - 04:05:18: [stac.smx] 
==========
[StAC] Player RAE has invalid eye angles!
Current angles: -271.000000 -85.241218 0.000000.
Detections so far: 2
==========
L 03/14/2021 - 04:05:18: [stac.smx] 
==========
[StAC] Player RAE has invalid eye angles!
Current angles: -271.000000 -90.815528 0.000000.
Detections so far: 3
==========
L 03/14/2021 - 04:05:18: [stac.smx] 
==========
[StAC] Player RAE has invalid eye angles!
Current angles: -271.000000 -96.736602 0.000000.
Detections so far: 4
==========
L 03/14/2021 - 04:05:18: [stac.smx] 
==========
[StAC] Player RAE has invalid eye angles!
Current angles: -271.000000 -102.562561 0.000000.
Detections so far: 5
==========
L 03/14/2021 - 04:05:18: [stac.smx] 
==========
[StAC] Player RAE has invalid eye angles!
Current angles: -271.000000 -110.795654 0.000000.
Detections so far: 6
==========
L 03/14/2021 - 04:05:18: [stac.smx] 
==========
[StAC] Player RAE has invalid eye angles!
Current angles: -271.000000 -116.973434 0.000000.
Detections so far: 7
==========
L 03/14/2021 - 04:05:18: [stac.smx] 
==========
[StAC] Player RAE has invalid eye angles!
Current angles: -271.000000 -122.852645 0.000000.
Detections so far: 8
==========
L 03/14/2021 - 04:05:18: [stac.smx] 
==========
[StAC] Player RAE has invalid eye angles!
Current angles: -271.000000 -129.033828 0.000000.
Detections so far: 9
==========
L 03/14/2021 - 04:05:18: [stac.smx] 
==========
[StAC] Player RAE has invalid eye angles!
Current angles: -271.000000 -135.408462 0.000000.
Detections so far: 10
==========
L 03/14/2021 - 04:05:18: [stac.smx] [StAC] Null string returned for demoname. No STV info will be printed to ban reason!
L 03/14/2021 - 04:05:18: [stac.smx] [StAC] Player RAE had too many invalid eye angle detections! Total detections: 10. BANNED from server!
