L 07/28/2021 - 04:01:55: [stac.smx] [Steamtools] Steam connected.
L 07/28/2021 - 04:01:55: [stac.smx] [SteamWorks] Steam connected.
L 07/28/2021 - 04:59:30: [stac.smx] 

----------

[StAC] Player drbilljacobs bhopped!
Consecutive detections so far: 5
L 07/28/2021 - 04:59:30: [stac.smx] 
 Player: drbilljacobs<5><[U:1:48073628]><>
 StAC cached SteamID: STEAM_0:0:24036814
L 07/28/2021 - 05:07:38: [stac.smx] [StAC] Player drbilljacobs's interp was 500.0ms, indicating interp exploitation. Kicked from server.
L 07/28/2021 - 15:37:11: [stac.smx] 

----------

[StAC] Player not funy, didt laf. bhopped!
Consecutive detections so far: 5
L 07/28/2021 - 15:37:11: [stac.smx] 
 Player: not funy, didt laf.<16><[U:1:250115861]><>
 StAC cached SteamID: STEAM_0:1:125057930
L 07/28/2021 - 16:00:28: [stac.smx] [Steamtools] Steam disconnected.
L 07/28/2021 - 16:00:28: [stac.smx] [SteamWorks] Steam disconnected.
L 07/28/2021 - 16:12:35: [stac.smx] [Steamtools] Steam connected.
L 07/28/2021 - 16:12:35: [stac.smx] [SteamWorks] Steam connected.
