L 03/21/2021 - 04:01:26: [stac.smx] [StAC] Plugin vers. ---- 4.1.4 ---- loaded
L 03/21/2021 - 17:33:31: [stac.smx] [StAC] Player sandvivch's interp was 125.0ms, indicating interp exploitation. Kicked from server.
L 03/21/2021 - 17:33:53: [stac.smx] [StAC] Player sandvivch's interp was 125.0ms, indicating interp exploitation. Kicked from server.
L 03/22/2021 - 01:38:17: [stac.smx] 
[StAC] Cmdnum SPIKE of 619 on n3u, The Wiener God<31><[U:1:1107715125]><>.
Detections so far: 1. Held weapon: tf_weapon_pistol_scout
L 03/22/2021 - 01:38:17: [stac.smx] 
Previous cmdnums:
0 1839
1 1220
2 1219
3 1218
4 1217
5 1216

L 03/22/2021 - 01:38:20: [stac.smx] 
[StAC] Player n3u, The Wiener God bhopped! Consecutive detections so far: 5
L 03/22/2021 - 01:38:20: [stac.smx] 
[StAC] Player n3u, The Wiener God bhopped! Consecutive detections so far: 6
L 03/22/2021 - 01:38:21: [stac.smx] 
[StAC] Player n3u, The Wiener God bhopped! Consecutive detections so far: 7
L 03/22/2021 - 01:38:22: [stac.smx] 
[StAC] Player n3u, The Wiener God bhopped! Consecutive detections so far: 8
L 03/22/2021 - 01:38:22: [stac.smx] 
[StAC] Player n3u, The Wiener God bhopped! Consecutive detections so far: 9
L 03/22/2021 - 01:38:24: [stac.smx] 
[StAC] Player n3u, The Wiener God bhopped! Consecutive detections so far: 10
L 03/22/2021 - 01:38:24: [stac.smx] 
[StAC] Player n3u, The Wiener God bhopped! Consecutive detections so far: 11
L 03/22/2021 - 01:38:25: [stac.smx] 
[StAC] Player n3u, The Wiener God bhopped! Consecutive detections so far: 12
L 03/22/2021 - 01:38:25: [stac.smx] [StAC] Null string returned for demoname. No STV info will be printed to ban reason!
L 03/22/2021 - 01:38:25: [stac.smx] [StAC] Player n3u, The Wiener God was bhopping using a cheat program. Total consecutive bhops: 12. BANNED from server!
