L 03/18/2021 - 04:01:27: [stac.smx] [StAC] Plugin vers. ---- 4.1.4 ---- loaded
L 03/18/2021 - 21:16:40: [stac.smx] 
[StAC] Player Crimson bhopped! Consecutive detections so far: 5
L 03/19/2021 - 02:29:48: [stac.smx] [StAC] Player CARAMBA changed settings 26 times within the last 60 seconds
L 03/19/2021 - 02:29:48: [stac.smx] [StAC] Player CARAMBA changed settings 27 times within the last 60 seconds
L 03/19/2021 - 02:35:31: [stac.smx] 
==========
[StAC] SilentAim detection of 1.063133° on 
CARAMBA<28><[U:1:1099260571]><>.
Detections so far: 1.
fuzzy = 0
L 03/19/2021 - 02:35:31: [stac.smx] 
Network:
 0.508117 loss
 2.958939 choke
 128.184860 ms ping
Angles:
 angles0: x -13.230397 y -100.805435
 angles1: x -13.981742 y -100.053283
 angles2: x -13.230397 y -100.805435

L 03/19/2021 - 02:35:31: [stac.smx] 
Time between last 5 client ticks (most recent first):
1 0.007812
2 0.031250
3 0.015625
4 0.007812
5 0.000000
==========
L 03/19/2021 - 02:35:31: [stac.smx] [StAC] Player CARAMBA changed settings 26 times within the last 60 seconds
L 03/19/2021 - 02:35:34: [stac.smx] [StAC] Player CARAMBA changed settings 27 times within the last 60 seconds
L 03/19/2021 - 02:35:34: [stac.smx] 
==========
[StAC] SilentAim detection of 2.353472° on 
CARAMBA<28><[U:1:1099260571]><>.
Detections so far: 2.
fuzzy = 0
L 03/19/2021 - 02:35:34: [stac.smx] 
Network:
 0.230457 loss
 1.675170 choke
 125.748649 ms ping
Angles:
 angles0: x -18.092838 y -99.335464
 angles1: x -20.328695 y -100.070159
 angles2: x -18.092838 y -99.335464

L 03/19/2021 - 02:35:34: [stac.smx] 
Time between last 5 client ticks (most recent first):
1 0.070312
2 0.000000
3 0.046875
4 0.046875
5 0.000000
==========
L 03/19/2021 - 02:35:34: [stac.smx] [StAC] Player CARAMBA changed settings 28 times within the last 60 seconds
L 03/19/2021 - 02:38:08: [stac.smx] [StAC] Player CARAMBA changed settings 26 times within the last 60 seconds
L 03/19/2021 - 02:38:08: [stac.smx] [StAC] Player CARAMBA changed settings 27 times within the last 60 seconds
