L 03/20/2021 - 04:01:27: [stac.smx] [StAC] Plugin vers. ---- 4.1.4 ---- loaded
L 03/20/2021 - 15:34:25: [stac.smx] 
==========
[StAC] SilentAim detection of 173.470230° on 
tha‏t yoinky sploinky<12><[U:1:1146555441]><>.
Detections so far: 1.
fuzzy = 0
L 03/20/2021 - 15:34:25: [stac.smx] 
Network:
 0.000000 loss
 30.680519 choke
 848.952331 ms ping
Angles:
 angles0: x 20.888193 y -6.707997
 angles1: x 41.073425 y -178.999832
 angles2: x 20.888193 y -6.707997

L 03/20/2021 - 15:34:25: [stac.smx] 
Time between last 5 client ticks (most recent first):
1 0.000000
2 0.015625
3 0.000000
4 0.031250
5 0.000000
==========
L 03/20/2021 - 15:34:25: [stac.smx] 
==========
[StAC] SilentAim detection of 179.141067° on 
tha‏t yoinky sploinky<12><[U:1:1146555441]><>.
Detections so far: 2.
fuzzy = 0
L 03/20/2021 - 15:34:25: [stac.smx] 
Network:
 0.000000 loss
 34.338512 choke
 848.807189 ms ping
Angles:
 angles0: x 23.355350 y 6.146313
 angles1: x 5.991558 y -172.151245
 angles2: x 23.355350 y 6.146313

L 03/20/2021 - 15:34:25: [stac.smx] 
Time between last 5 client ticks (most recent first):
1 0.000000
2 0.031250
3 0.000000
4 0.042968
5 0.000000
==========
L 03/20/2021 - 15:35:09: [stac.smx] 
==========
[StAC] SilentAim detection of 95.158531° on 
tha‏t yoinky sploinky<12><[U:1:1146555441]><>.
Detections so far: 3.
fuzzy = 0
L 03/20/2021 - 15:35:09: [stac.smx] 
Network:
 0.000000 loss
 26.688369 choke
 846.630187 ms ping
Angles:
 angles0: x 8.441630 y -19.078426
 angles1: x -22.565410 y 70.886611
 angles2: x 8.441630 y -19.078426

L 03/20/2021 - 15:35:09: [stac.smx] 
Time between last 5 client ticks (most recent first):
1 0.000000
2 0.031250
3 0.000000
4 0.027343
5 0.000000
==========
L 03/20/2021 - 15:35:09: [stac.smx] 
==========
[StAC] SilentAim detection of 108.303527° on 
tha‏t yoinky sploinky<12><[U:1:1146555441]><>.
Detections so far: 4.
fuzzy = 0
L 03/20/2021 - 15:35:09: [stac.smx] 
Network:
 0.000000 loss
 27.828777 choke
 846.918823 ms ping
Angles:
 angles0: x 8.441630 y -19.078426
 angles1: x -28.967439 y 82.559234
 angles2: x 8.441630 y -19.078426

L 03/20/2021 - 15:35:09: [stac.smx] 
Time between last 5 client ticks (most recent first):
1 0.000000
2 0.031250
3 0.000000
4 0.031250
5 0.000000
==========
L 03/20/2021 - 15:35:09: [stac.smx] 
==========
[StAC] SilentAim detection of 110.020393° on 
tha‏t yoinky sploinky<12><[U:1:1146555441]><>.
Detections so far: 5.
fuzzy = 0
L 03/20/2021 - 15:35:09: [stac.smx] 
Network:
 0.000000 loss
 27.828777 choke
 846.918823 ms ping
Angles:
 angles0: x 8.441630 y -19.078426
 angles1: x -36.273689 y 81.445327
 angles2: x 8.441630 y -19.078426

L 03/20/2021 - 15:35:09: [stac.smx] 
Time between last 5 client ticks (most recent first):
1 0.000000
2 0.031250
3 0.000000
4 0.031250
5 0.000000
==========
L 03/20/2021 - 15:36:24: [stac.smx] 
==========
[StAC] SilentAim detection of 123.134048° on 
tha‏t yoinky sploinky<12><[U:1:1146555441]><>.
Detections so far: 6.
fuzzy = 0
L 03/20/2021 - 15:36:24: [stac.smx] 
Network:
 0.000000 loss
 27.930912 choke
 847.103759 ms ping
Angles:
 angles0: x 4.668734 y 57.660720
 angles1: x 19.121774 y -178.763870
 angles2: x 4.668734 y 57.660720

L 03/20/2021 - 15:36:24: [stac.smx] 
Time between last 5 client ticks (most recent first):
1 0.000000
2 0.031250
3 0.000000
4 0.042968
5 0.000000
==========
L 03/20/2021 - 15:36:24: [stac.smx] 
==========
[StAC] SilentAim detection of 115.903282° on 
tha‏t yoinky sploinky<12><[U:1:1146555441]><>.
Detections so far: 7.
fuzzy = 0
L 03/20/2021 - 15:36:24: [stac.smx] 
Network:
 0.000000 loss
 27.930912 choke
 847.103759 ms ping
Angles:
 angles0: x 4.668734 y 57.660720
 angles1: x 24.114824 y 171.921035
 angles2: x 4.668734 y 57.660720

L 03/20/2021 - 15:36:24: [stac.smx] 
Time between last 5 client ticks (most recent first):
1 0.000000
2 0.031250
3 0.000000
4 0.031250
5 0.000000
==========
L 03/20/2021 - 15:36:24: [stac.smx] 
==========
[StAC] SilentAim detection of 82.606658° on 
tha‏t yoinky sploinky<12><[U:1:1146555441]><>.
Detections so far: 8.
fuzzy = 0
L 03/20/2021 - 15:36:24: [stac.smx] 
Network:
 0.000000 loss
 27.930912 choke
 847.103759 ms ping
Angles:
 angles0: x 4.668734 y 57.660720
 angles1: x 28.910926 y 136.630187
 angles2: x 4.668734 y 57.660720

L 03/20/2021 - 15:36:24: [stac.smx] 
Time between last 5 client ticks (most recent first):
1 0.000000
2 0.015625
3 0.000000
4 0.031250
5 0.000000
==========
L 03/20/2021 - 15:36:24: [stac.smx] 
==========
[StAC] SilentAim detection of 44.240230° on 
tha‏t yoinky sploinky<12><[U:1:1146555441]><>.
Detections so far: 9.
fuzzy = 0
L 03/20/2021 - 15:36:24: [stac.smx] 
Network:
 0.000000 loss
 27.930912 choke
 847.103759 ms ping
Angles:
 angles0: x 4.668734 y 57.660720
 angles1: x 25.796655 y 96.529846
 angles2: x 4.668734 y 57.660720

L 03/20/2021 - 15:36:24: [stac.smx] 
Time between last 5 client ticks (most recent first):
1 0.000000
2 0.027343
3 0.000000
4 0.015625
5 0.000000
==========
L 03/20/2021 - 15:36:24: [stac.smx] 
==========
[StAC] SilentAim detection of 18.524444° on 
tha‏t yoinky sploinky<12><[U:1:1146555441]><>.
Detections so far: 10.
fuzzy = 0
L 03/20/2021 - 15:36:24: [stac.smx] 
Network:
 0.000000 loss
 27.930912 choke
 847.103759 ms ping
Angles:
 angles0: x 4.668734 y 57.660720
 angles1: x 19.644586 y 68.563880
 angles2: x 4.668734 y 57.660720

L 03/20/2021 - 15:36:24: [stac.smx] 
Time between last 5 client ticks (most recent first):
1 0.000000
2 0.031250
3 0.000000
4 0.027343
5 0.000000
==========
L 03/20/2021 - 15:36:24: [stac.smx] [StAC] Null string returned for demoname. No STV info will be printed to ban reason!
L 03/20/2021 - 15:36:24: [stac.smx] [StAC] Player tha‏t yoinky sploinky was using pSilentAim or NoRecoil. Total detections: 10. BANNED from server!
