L 05/27/2021 - 01:14:43: [stac.smx] [StAC] Server framerate stuttered. Expected: 66.666671, got 32.000000.
Disabling OnPlayerRunCmd checks for 5.00 seconds.
L 05/27/2021 - 01:23:40: [stac.smx] [StAC] Server framerate stuttered. Expected: 66.666671, got 18.285715.
Disabling OnPlayerRunCmd checks for 5.00 seconds.
L 05/27/2021 - 01:24:32: [stac.smx] [StAC] Server framerate stuttered. Expected: 66.666671, got 32.000000.
Disabling OnPlayerRunCmd checks for 5.00 seconds.
L 05/27/2021 - 01:40:07: [stac.smx] [StAC] Server framerate stuttered. Expected: 66.666671, got 21.333333.
Disabling OnPlayerRunCmd checks for 5.00 seconds.
L 05/27/2021 - 01:40:27: [stac.smx] [StAC] Server framerate stuttered. Expected: 66.666671, got 42.666667.
Disabling OnPlayerRunCmd checks for 5.00 seconds.
L 05/27/2021 - 01:41:17: [stac.smx] [StAC] Server framerate stuttered. Expected: 66.666671, got 25.600000.
Disabling OnPlayerRunCmd checks for 5.00 seconds.
L 05/27/2021 - 01:41:59: [stac.smx] [StAC] Server framerate stuttered. Expected: 66.666671, got 21.333333.
Disabling OnPlayerRunCmd checks for 5.00 seconds.
L 05/27/2021 - 01:46:32: [stac.smx] [StAC] Server framerate stuttered. Expected: 66.666671, got 21.333333.
Disabling OnPlayerRunCmd checks for 5.00 seconds.
L 05/27/2021 - 02:59:21: [stac.smx] [StAC] Server framerate stuttered. Expected: 66.666671, got 21.333333.
Disabling OnPlayerRunCmd checks for 5.00 seconds.
L 05/27/2021 - 03:05:25: [stac.smx] [StAC] Server framerate stuttered. Expected: 66.666671, got 32.000000.
Disabling OnPlayerRunCmd checks for 5.00 seconds.
L 05/27/2021 - 03:19:44: [stac.smx] [StAC] Server framerate stuttered. Expected: 66.666671, got 32.000000.
Disabling OnPlayerRunCmd checks for 5.00 seconds.
L 05/27/2021 - 03:22:00: [stac.smx] [StAC] Server framerate stuttered. Expected: 66.666671, got 21.333333.
Disabling OnPlayerRunCmd checks for 5.00 seconds.
L 05/27/2021 - 03:23:48: [stac.smx] [StAC] Server framerate stuttered. Expected: 66.666671, got 18.285715.
Disabling OnPlayerRunCmd checks for 5.00 seconds.
L 05/27/2021 - 03:29:52: [stac.smx] [StAC] Server framerate stuttered. Expected: 66.666671, got 32.000000.
Disabling OnPlayerRunCmd checks for 5.00 seconds.
L 05/27/2021 - 03:36:45: [stac.smx] [StAC] Server framerate stuttered. Expected: 66.666671, got 18.285715.
Disabling OnPlayerRunCmd checks for 5.00 seconds.
L 05/27/2021 - 03:37:29: [stac.smx] [StAC] Server framerate stuttered. Expected: 66.666671, got 32.000000.
Disabling OnPlayerRunCmd checks for 5.00 seconds.
L 05/27/2021 - 03:39:01: [stac.smx] [StAC] Server framerate stuttered. Expected: 66.666671, got 42.666667.
Disabling OnPlayerRunCmd checks for 5.00 seconds.
L 05/27/2021 - 03:41:02: [stac.smx] [StAC] Server framerate stuttered. Expected: 66.666671, got 42.666667.
Disabling OnPlayerRunCmd checks for 5.00 seconds.
L 05/27/2021 - 03:41:13: [stac.smx] Player Splat lft roamer<43><[U:1:1120062382]><> is repeatedly choking exactly 15 ticks - 5 detections
L 05/27/2021 - 03:41:13: [stac.smx] 
Network:
 0.00 loss
 78.12 ms ping
 84.28 inchoke
 2.14 outchoke
 86.42 totalchoke
L 05/27/2021 - 03:41:13: [stac.smx] Time since last 10 ticks: 0.242187
L 05/27/2021 - 03:41:13: [stac.smx] 
Previous cmdnums:
0 322
1 321
2 320
3 319
4 318
5 317
L 05/27/2021 - 03:41:13: [stac.smx] 
Previous tickcounts:
0 447881
1 447880
2 447879
3 447878
4 447877
5 447876
L 05/27/2021 - 03:41:14: [stac.smx] Player Splat lft roamer<43><[U:1:1120062382]><> is repeatedly choking exactly 15 ticks - 6 detections
L 05/27/2021 - 03:41:14: [stac.smx] 
Network:
 0.00 loss
 77.92 ms ping
 90.55 inchoke
 1.60 outchoke
 92.16 totalchoke
L 05/27/2021 - 03:41:14: [stac.smx] Time since last 10 ticks: 0.218750
L 05/27/2021 - 03:41:14: [stac.smx] 
Previous cmdnums:
0 337
1 336
2 335
3 334
4 333
5 332
L 05/27/2021 - 03:41:14: [stac.smx] 
Previous tickcounts:
0 447896
1 447895
2 447894
3 447893
4 447892
5 447891
L 05/27/2021 - 03:41:14: [stac.smx] Player Splat lft roamer<43><[U:1:1120062382]><> is repeatedly choking exactly 15 ticks - 7 detections
L 05/27/2021 - 03:41:14: [stac.smx] 
Network:
 0.00 loss
 79.35 ms ping
 90.55 inchoke
 1.20 outchoke
 91.76 totalchoke
L 05/27/2021 - 03:41:14: [stac.smx] Time since last 10 ticks: 0.226562
L 05/27/2021 - 03:41:14: [stac.smx] 
Previous cmdnums:
0 352
1 351
2 350
3 349
4 348
5 347
L 05/27/2021 - 03:41:14: [stac.smx] 
Previous tickcounts:
0 447911
1 447910
2 447909
3 447908
4 447907
5 447906
L 05/27/2021 - 03:41:14: [stac.smx] Player Splat lft roamer<43><[U:1:1120062382]><> is repeatedly choking exactly 15 ticks - 8 detections
L 05/27/2021 - 03:41:14: [stac.smx] 
Network:
 0.00 loss
 79.30 ms ping
 95.26 inchoke
 1.20 outchoke
 96.46 totalchoke
L 05/27/2021 - 03:41:14: [stac.smx] Time since last 10 ticks: 0.210937
L 05/27/2021 - 03:41:14: [stac.smx] 
Previous cmdnums:
0 367
1 366
2 365
3 364
4 363
5 362
L 05/27/2021 - 03:41:14: [stac.smx] 
Previous tickcounts:
0 447926
1 447925
2 447924
3 447923
4 447922
5 447921
L 05/27/2021 - 03:41:14: [stac.smx] Player Splat lft roamer<43><[U:1:1120062382]><> is repeatedly choking exactly 15 ticks - 9 detections
L 05/27/2021 - 03:41:14: [stac.smx] 
Network:
 0.00 loss
 79.59 ms ping
 95.26 inchoke
 0.90 outchoke
 96.16 totalchoke
L 05/27/2021 - 03:41:14: [stac.smx] Time since last 10 ticks: 0.218750
L 05/27/2021 - 03:41:14: [stac.smx] 
Previous cmdnums:
0 382
1 381
2 380
3 379
4 378
5 377
L 05/27/2021 - 03:41:14: [stac.smx] 
Previous tickcounts:
0 447941
1 447940
2 447939
3 447938
4 447937
5 447936
L 05/27/2021 - 03:41:15: [stac.smx] Player Splat lft roamer<43><[U:1:1120062382]><> is repeatedly choking exactly 15 ticks - 10 detections
L 05/27/2021 - 03:41:15: [stac.smx] 
Network:
 0.00 loss
 78.47 ms ping
 98.79 inchoke
 0.67 outchoke
 99.46 totalchoke
L 05/27/2021 - 03:41:15: [stac.smx] Time since last 10 ticks: 0.218750
L 05/27/2021 - 03:41:15: [stac.smx] 
Previous cmdnums:
0 397
1 396
2 395
3 394
4 393
5 392
L 05/27/2021 - 03:41:15: [stac.smx] 
Previous tickcounts:
0 447956
1 447955
2 447954
3 447953
4 447952
5 447951
L 05/27/2021 - 03:41:15: [stac.smx] Player Splat lft roamer<43><[U:1:1120062382]><> is repeatedly choking exactly 15 ticks - 11 detections
L 05/27/2021 - 03:41:15: [stac.smx] 
Network:
 0.00 loss
 75.82 ms ping
 98.79 inchoke
 0.50 outchoke
 99.29 totalchoke
L 05/27/2021 - 03:41:15: [stac.smx] Time since last 10 ticks: 0.226562
L 05/27/2021 - 03:41:15: [stac.smx] 
Previous cmdnums:
0 412
1 411
2 410
3 409
4 408
5 407
L 05/27/2021 - 03:41:15: [stac.smx] 
Previous tickcounts:
0 447971
1 447970
2 447969
3 447968
4 447967
5 447966
L 05/27/2021 - 03:41:15: [stac.smx] Player Splat lft roamer<43><[U:1:1120062382]><> is repeatedly choking exactly 15 ticks - 12 detections
L 05/27/2021 - 03:41:15: [stac.smx] 
Network:
 0.00 loss
 72.77 ms ping
 101.43 inchoke
 0.38 outchoke
 101.81 totalchoke
L 05/27/2021 - 03:41:15: [stac.smx] Time since last 10 ticks: 0.226562
L 05/27/2021 - 03:41:15: [stac.smx] 
Previous cmdnums:
0 427
1 426
2 425
3 424
4 423
5 422
L 05/27/2021 - 03:41:15: [stac.smx] 
Previous tickcounts:
0 447986
1 447985
2 447984
3 447983
4 447982
5 447981
L 05/27/2021 - 03:41:15: [stac.smx] Player Splat lft roamer<43><[U:1:1120062382]><> is repeatedly choking exactly 15 ticks - 13 detections
L 05/27/2021 - 03:41:15: [stac.smx] 
Network:
 0.00 loss
 71.00 ms ping
 101.43 inchoke
 0.28 outchoke
 101.72 totalchoke
L 05/27/2021 - 03:41:15: [stac.smx] Time since last 10 ticks: 0.226562
L 05/27/2021 - 03:41:15: [stac.smx] 
Previous cmdnums:
0 442
1 441
2 440
3 439
4 438
5 437
L 05/27/2021 - 03:41:15: [stac.smx] 
Previous tickcounts:
0 448001
1 448000
2 447999
3 447998
4 447997
5 447996
L 05/27/2021 - 03:41:15: [stac.smx] Player Splat lft roamer<43><[U:1:1120062382]><> is repeatedly choking exactly 15 ticks - 14 detections
L 05/27/2021 - 03:41:15: [stac.smx] 
Network:
 0.00 loss
 71.30 ms ping
 103.42 inchoke
 0.21 outchoke
 103.63 totalchoke
L 05/27/2021 - 03:41:15: [stac.smx] Time since last 10 ticks: 0.226562
L 05/27/2021 - 03:41:15: [stac.smx] 
Previous cmdnums:
0 457
1 456
2 455
3 454
4 453
5 452
L 05/27/2021 - 03:41:15: [stac.smx] 
Previous tickcounts:
0 448016
1 448015
2 448014
3 448013
4 448012
5 448011
L 05/27/2021 - 03:41:16: [stac.smx] Player Splat lft roamer<43><[U:1:1120062382]><> is repeatedly choking exactly 15 ticks - 15 detections
L 05/27/2021 - 03:41:16: [stac.smx] 
Network:
 0.00 loss
 71.69 ms ping
 103.42 inchoke
 0.16 outchoke
 103.58 totalchoke
L 05/27/2021 - 03:41:16: [stac.smx] Time since last 10 ticks: 0.210937
L 05/27/2021 - 03:41:16: [stac.smx] 
Previous cmdnums:
0 472
1 471
2 470
3 469
4 468
5 467
L 05/27/2021 - 03:41:16: [stac.smx] 
Previous tickcounts:
0 448031
1 448030
2 448029
3 448028
4 448027
5 448026
L 05/27/2021 - 03:41:16: [stac.smx] Player Splat lft roamer<43><[U:1:1120062382]><> is repeatedly choking exactly 15 ticks - 16 detections
L 05/27/2021 - 03:41:16: [stac.smx] 
Network:
 0.00 loss
 71.36 ms ping
 104.90 inchoke
 0.16 outchoke
 105.07 totalchoke
L 05/27/2021 - 03:41:16: [stac.smx] Time since last 10 ticks: 0.140625
L 05/27/2021 - 03:41:16: [stac.smx] 
Previous cmdnums:
0 487
1 486
2 485
3 484
4 483
5 482
L 05/27/2021 - 03:41:16: [stac.smx] 
Previous tickcounts:
0 448046
1 448045
2 448044
3 448043
4 448042
5 448041
L 05/27/2021 - 03:41:20: [stac.smx] Player Splat lft roamer<43><[U:1:1120062382]><> is repeatedly choking exactly 15 ticks - 5 detections
L 05/27/2021 - 03:41:20: [stac.smx] 
Network:
 0.00 loss
 90.51 ms ping
 101.57 inchoke
 1.09 outchoke
 102.67 totalchoke
L 05/27/2021 - 03:41:20: [stac.smx] Time since last 10 ticks: 0.226562
L 05/27/2021 - 03:41:20: [stac.smx] 
Previous cmdnums:
0 765
1 764
2 763
3 762
4 761
5 760
L 05/27/2021 - 03:41:20: [stac.smx] 
Previous tickcounts:
0 448324
1 448323
2 448322
3 448321
4 448320
5 448319
L 05/27/2021 - 03:41:20: [stac.smx] Player Splat lft roamer<43><[U:1:1120062382]><> is repeatedly choking exactly 15 ticks - 6 detections
L 05/27/2021 - 03:41:20: [stac.smx] 
Network:
 0.00 loss
 88.06 ms ping
 101.57 inchoke
 0.82 outchoke
 102.39 totalchoke
L 05/27/2021 - 03:41:20: [stac.smx] Time since last 10 ticks: 0.226562
L 05/27/2021 - 03:41:20: [stac.smx] 
Previous cmdnums:
0 780
1 779
2 778
3 777
4 776
5 775
L 05/27/2021 - 03:41:20: [stac.smx] 
Previous tickcounts:
0 448339
1 448338
2 448337
3 448336
4 448335
5 448334
L 05/27/2021 - 03:41:20: [stac.smx] Player Splat lft roamer<43><[U:1:1120062382]><> is repeatedly choking exactly 15 ticks - 7 detections
L 05/27/2021 - 03:41:20: [stac.smx] 
Network:
 0.00 loss
 84.79 ms ping
 103.52 inchoke
 0.61 outchoke
 104.14 totalchoke
L 05/27/2021 - 03:41:20: [stac.smx] Time since last 10 ticks: 0.218750
L 05/27/2021 - 03:41:20: [stac.smx] 
Previous cmdnums:
0 795
1 794
2 793
3 792
4 791
5 790
L 05/27/2021 - 03:41:20: [stac.smx] 
Previous tickcounts:
0 448354
1 448353
2 448352
3 448351
4 448350
5 448349
L 05/27/2021 - 03:41:21: [stac.smx] Player Splat lft roamer<43><[U:1:1120062382]><> is repeatedly choking exactly 15 ticks - 8 detections
L 05/27/2021 - 03:41:21: [stac.smx] 
Network:
 0.00 loss
 81.42 ms ping
 103.52 inchoke
 0.46 outchoke
 103.98 totalchoke
L 05/27/2021 - 03:41:21: [stac.smx] Time since last 10 ticks: 0.218750
L 05/27/2021 - 03:41:21: [stac.smx] 
Previous cmdnums:
0 810
1 809
2 808
3 807
4 806
5 805
L 05/27/2021 - 03:41:21: [stac.smx] 
Previous tickcounts:
0 448369
1 448368
2 448367
3 448366
4 448365
5 448364
L 05/27/2021 - 03:41:21: [stac.smx] Player Splat lft roamer<43><[U:1:1120062382]><> is repeatedly choking exactly 15 ticks - 9 detections
L 05/27/2021 - 03:41:21: [stac.smx] 
Network:
 0.00 loss
 81.01 ms ping
 104.98 inchoke
 0.46 outchoke
 105.44 totalchoke
L 05/27/2021 - 03:41:21: [stac.smx] Time since last 10 ticks: 0.226562
L 05/27/2021 - 03:41:21: [stac.smx] 
Previous cmdnums:
0 825
1 824
2 823
3 822
4 821
5 820
L 05/27/2021 - 03:41:21: [stac.smx] 
Previous tickcounts:
0 448384
1 448383
2 448382
3 448381
4 448380
5 448379
L 05/27/2021 - 03:41:21: [stac.smx] Player Splat lft roamer<43><[U:1:1120062382]><> is repeatedly choking exactly 15 ticks - 10 detections
L 05/27/2021 - 03:41:21: [stac.smx] 
Network:
 0.00 loss
 78.07 ms ping
 104.98 inchoke
 0.34 outchoke
 105.33 totalchoke
L 05/27/2021 - 03:41:21: [stac.smx] Time since last 10 ticks: 0.242187
L 05/27/2021 - 03:41:21: [stac.smx] 
Previous cmdnums:
0 840
1 839
2 838
3 837
4 836
5 835
L 05/27/2021 - 03:41:21: [stac.smx] 
Previous tickcounts:
0 448399
1 448398
2 448397
3 448396
4 448395
5 448394
L 05/27/2021 - 03:41:21: [stac.smx] Player Splat lft roamer<43><[U:1:1120062382]><> is repeatedly choking exactly 15 ticks - 11 detections
L 05/27/2021 - 03:41:21: [stac.smx] 
Network:
 0.00 loss
 77.55 ms ping
 106.08 inchoke
 0.26 outchoke
 106.34 totalchoke
L 05/27/2021 - 03:41:21: [stac.smx] Time since last 10 ticks: 0.210937
L 05/27/2021 - 03:41:21: [stac.smx] 
Previous cmdnums:
0 855
1 854
2 853
3 852
4 851
5 850
L 05/27/2021 - 03:41:21: [stac.smx] 
Previous tickcounts:
0 448414
1 448413
2 448412
3 448411
4 448410
5 448409
L 05/27/2021 - 03:41:22: [stac.smx] Player Splat lft roamer<43><[U:1:1120062382]><> is repeatedly choking exactly 15 ticks - 12 detections
L 05/27/2021 - 03:41:22: [stac.smx] 
Network:
 0.00 loss
 77.51 ms ping
 106.08 inchoke
 0.19 outchoke
 106.27 totalchoke
L 05/27/2021 - 03:41:22: [stac.smx] Time since last 10 ticks: 0.218750
L 05/27/2021 - 03:41:22: [stac.smx] 
Previous cmdnums:
0 870
1 869
2 868
3 867
4 866
5 865
L 05/27/2021 - 03:41:22: [stac.smx] 
Previous tickcounts:
0 448429
1 448428
2 448427
3 448426
4 448425
5 448424
L 05/27/2021 - 03:41:22: [stac.smx] Player Splat lft roamer<43><[U:1:1120062382]><> is repeatedly choking exactly 15 ticks - 13 detections
L 05/27/2021 - 03:41:22: [stac.smx] 
Network:
 0.00 loss
 77.82 ms ping
 106.90 inchoke
 0.14 outchoke
 107.05 totalchoke
L 05/27/2021 - 03:41:22: [stac.smx] Time since last 10 ticks: 0.218750
L 05/27/2021 - 03:41:22: [stac.smx] 
Previous cmdnums:
0 885
1 884
2 883
3 882
4 881
5 880
L 05/27/2021 - 03:41:22: [stac.smx] 
Previous tickcounts:
0 448444
1 448443
2 448442
3 448441
4 448440
5 448439
L 05/27/2021 - 03:41:22: [stac.smx] Player Splat lft roamer<43><[U:1:1120062382]><> is repeatedly choking exactly 15 ticks - 14 detections
L 05/27/2021 - 03:41:22: [stac.smx] 
Network:
 0.00 loss
 77.37 ms ping
 106.90 inchoke
 0.10 outchoke
 107.01 totalchoke
L 05/27/2021 - 03:41:22: [stac.smx] Time since last 10 ticks: 0.210937
L 05/27/2021 - 03:41:22: [stac.smx] 
Previous cmdnums:
0 900
1 899
2 898
3 897
4 896
5 895
L 05/27/2021 - 03:41:22: [stac.smx] 
Previous tickcounts:
0 448459
1 448458
2 448457
3 448456
4 448455
5 448454
L 05/27/2021 - 03:41:22: [stac.smx] Player Splat lft roamer<43><[U:1:1120062382]><> is repeatedly choking exactly 15 ticks - 15 detections
L 05/27/2021 - 03:41:22: [stac.smx] 
Network:
 0.00 loss
 76.02 ms ping
 107.52 inchoke
 0.08 outchoke
 107.60 totalchoke
L 05/27/2021 - 03:41:22: [stac.smx] Time since last 10 ticks: 0.226562
L 05/27/2021 - 03:41:22: [stac.smx] 
Previous cmdnums:
0 915
1 914
2 913
3 912
4 911
5 910
L 05/27/2021 - 03:41:22: [stac.smx] 
Previous tickcounts:
0 448474
1 448473
2 448472
3 448471
4 448470
5 448469
L 05/27/2021 - 03:41:23: [stac.smx] Player Splat lft roamer<43><[U:1:1120062382]><> is repeatedly choking exactly 15 ticks - 16 detections
L 05/27/2021 - 03:41:23: [stac.smx] 
Network:
 0.00 loss
 75.10 ms ping
 107.98 inchoke
 0.06 outchoke
 108.04 totalchoke
L 05/27/2021 - 03:41:23: [stac.smx] Time since last 10 ticks: 0.250000
L 05/27/2021 - 03:41:23: [stac.smx] 
Previous cmdnums:
0 930
1 929
2 928
3 927
4 926
5 925
L 05/27/2021 - 03:41:23: [stac.smx] 
Previous tickcounts:
0 448489
1 448488
2 448487
3 448486
4 448485
5 448484
L 05/27/2021 - 03:41:23: [stac.smx] Player Splat lft roamer<43><[U:1:1120062382]><> is repeatedly choking exactly 15 ticks - 17 detections
L 05/27/2021 - 03:41:23: [stac.smx] 
Network:
 0.00 loss
 75.10 ms ping
 107.98 inchoke
 0.06 outchoke
 108.04 totalchoke
L 05/27/2021 - 03:41:23: [stac.smx] Time since last 10 ticks: 0.187500
L 05/27/2021 - 03:41:23: [stac.smx] 
Previous cmdnums:
0 945
1 944
2 943
3 942
4 941
5 940
L 05/27/2021 - 03:41:23: [stac.smx] 
Previous tickcounts:
0 448504
1 448503
2 448502
3 448501
4 448500
5 448499
L 05/27/2021 - 03:41:23: [stac.smx] Player Splat lft roamer<43><[U:1:1120062382]><> is repeatedly choking exactly 15 ticks - 18 detections
L 05/27/2021 - 03:41:23: [stac.smx] 
Network:
 0.00 loss
 76.89 ms ping
 108.33 inchoke
 0.04 outchoke
 108.37 totalchoke
L 05/27/2021 - 03:41:23: [stac.smx] Time since last 10 ticks: 0.218750
L 05/27/2021 - 03:41:23: [stac.smx] 
Previous cmdnums:
0 960
1 959
2 958
3 957
4 956
5 955
L 05/27/2021 - 03:41:23: [stac.smx] 
Previous tickcounts:
0 448519
1 448518
2 448517
3 448516
4 448515
5 448514
L 05/27/2021 - 03:41:23: [stac.smx] Player Splat lft roamer<43><[U:1:1120062382]><> is repeatedly choking exactly 15 ticks - 19 detections
L 05/27/2021 - 03:41:23: [stac.smx] 
Network:
 0.00 loss
 78.46 ms ping
 108.33 inchoke
 0.03 outchoke
 108.36 totalchoke
L 05/27/2021 - 03:41:23: [stac.smx] Time since last 10 ticks: 0.226562
L 05/27/2021 - 03:41:23: [stac.smx] 
Previous cmdnums:
0 975
1 974
2 973
3 972
4 971
5 970
L 05/27/2021 - 03:41:23: [stac.smx] 
Previous tickcounts:
0 448534
1 448533
2 448532
3 448531
4 448530
5 448529
L 05/27/2021 - 03:41:23: [stac.smx] Player Splat lft roamer<43><[U:1:1120062382]><> is repeatedly choking exactly 15 ticks - 20 detections
L 05/27/2021 - 03:41:23: [stac.smx] 
Network:
 0.00 loss
 79.81 ms ping
 108.59 inchoke
 0.02 outchoke
 108.61 totalchoke
L 05/27/2021 - 03:41:23: [stac.smx] Time since last 10 ticks: 0.226562
L 05/27/2021 - 03:41:23: [stac.smx] 
Previous cmdnums:
0 990
1 989
2 988
3 987
4 986
5 985
L 05/27/2021 - 03:41:23: [stac.smx] 
Previous tickcounts:
0 448549
1 448548
2 448547
3 448546
4 448545
5 448544
L 05/27/2021 - 03:41:24: [stac.smx] Player Splat lft roamer<43><[U:1:1120062382]><> is repeatedly choking exactly 15 ticks - 21 detections
L 05/27/2021 - 03:41:24: [stac.smx] 
Network:
 0.00 loss
 79.86 ms ping
 108.59 inchoke
 0.01 outchoke
 108.61 totalchoke
L 05/27/2021 - 03:41:24: [stac.smx] Time since last 10 ticks: 0.234375
L 05/27/2021 - 03:41:24: [stac.smx] 
Previous cmdnums:
0 1005
1 1004
2 1003
3 1002
4 1001
5 1000
L 05/27/2021 - 03:41:24: [stac.smx] 
Previous tickcounts:
0 448564
1 448563
2 448562
3 448561
4 448560
5 448559
L 05/27/2021 - 03:41:24: [stac.smx] Player Splat lft roamer<43><[U:1:1120062382]><> is repeatedly choking exactly 15 ticks - 22 detections
L 05/27/2021 - 03:41:24: [stac.smx] 
Network:
 0.00 loss
 81.47 ms ping
 108.78 inchoke
 0.01 outchoke
 108.80 totalchoke
L 05/27/2021 - 03:41:24: [stac.smx] Time since last 10 ticks: 0.195312
L 05/27/2021 - 03:41:24: [stac.smx] 
Previous cmdnums:
0 1020
1 1019
2 1018
3 1017
4 1016
5 1015
L 05/27/2021 - 03:41:24: [stac.smx] 
Previous tickcounts:
0 448579
1 448578
2 448577
3 448576
4 448575
5 448574
L 05/27/2021 - 03:41:26: [stac.smx] Player Splat lft roamer<43><[U:1:1120062382]><> is repeatedly choking exactly 15 ticks - 5 detections
L 05/27/2021 - 03:41:26: [stac.smx] 
Network:
 0.00 loss
 83.17 ms ping
 109.18 inchoke
 0.00 outchoke
 109.19 totalchoke
L 05/27/2021 - 03:41:26: [stac.smx] Time since last 10 ticks: 0.218750
L 05/27/2021 - 03:41:26: [stac.smx] 
Previous cmdnums:
0 1140
1 1139
2 1138
3 1137
4 1136
5 1135
L 05/27/2021 - 03:41:26: [stac.smx] 
Previous tickcounts:
0 448699
1 448698
2 448697
3 448696
4 448695
5 448694
L 05/27/2021 - 03:41:26: [stac.smx] Player Splat lft roamer<43><[U:1:1120062382]><> is repeatedly choking exactly 15 ticks - 6 detections
L 05/27/2021 - 03:41:26: [stac.smx] 
Network:
 0.00 loss
 83.00 ms ping
 109.23 inchoke
 0.00 outchoke
 109.23 totalchoke
L 05/27/2021 - 03:41:26: [stac.smx] Time since last 10 ticks: 0.226562
L 05/27/2021 - 03:41:26: [stac.smx] 
Previous cmdnums:
0 1155
1 1154
2 1153
3 1152
4 1151
5 1150
L 05/27/2021 - 03:41:26: [stac.smx] 
Previous tickcounts:
0 448714
1 448713
2 448712
3 448711
4 448710
5 448709
L 05/27/2021 - 03:41:26: [stac.smx] Player Splat lft roamer<43><[U:1:1120062382]><> is repeatedly choking exactly 15 ticks - 7 detections
L 05/27/2021 - 03:41:26: [stac.smx] 
Network:
 0.00 loss
 82.01 ms ping
 109.23 inchoke
 0.00 outchoke
 109.23 totalchoke
L 05/27/2021 - 03:41:26: [stac.smx] Time since last 10 ticks: 0.226562
L 05/27/2021 - 03:41:26: [stac.smx] 
Previous cmdnums:
0 1170
1 1169
2 1168
3 1167
4 1166
5 1165
L 05/27/2021 - 03:41:26: [stac.smx] 
Previous tickcounts:
0 448729
1 448728
2 448727
3 448726
4 448725
5 448724
L 05/27/2021 - 03:41:26: [stac.smx] Player Splat lft roamer<43><[U:1:1120062382]><> is repeatedly choking exactly 15 ticks - 8 detections
L 05/27/2021 - 03:41:26: [stac.smx] 
Network:
 0.00 loss
 81.25 ms ping
 109.27 inchoke
 0.00 outchoke
 109.27 totalchoke
L 05/27/2021 - 03:41:26: [stac.smx] Time since last 10 ticks: 0.203125
L 05/27/2021 - 03:41:26: [stac.smx] 
Previous cmdnums:
0 1185
1 1184
2 1183
3 1182
4 1181
5 1180
L 05/27/2021 - 03:41:26: [stac.smx] 
Previous tickcounts:
0 448744
1 448743
2 448742
3 448741
4 448740
5 448739
L 05/27/2021 - 03:41:27: [stac.smx] Player Splat lft roamer<43><[U:1:1120062382]><> is repeatedly choking exactly 15 ticks - 9 detections
L 05/27/2021 - 03:41:27: [stac.smx] 
Network:
 0.00 loss
 81.25 ms ping
 109.27 inchoke
 0.00 outchoke
 109.27 totalchoke
L 05/27/2021 - 03:41:27: [stac.smx] Time since last 10 ticks: 0.226562
L 05/27/2021 - 03:41:27: [stac.smx] 
Previous cmdnums:
0 1200
1 1199
2 1198
3 1197
4 1196
5 1195
L 05/27/2021 - 03:41:27: [stac.smx] 
Previous tickcounts:
0 448759
1 448758
2 448757
3 448756
4 448755
5 448754
L 05/27/2021 - 03:41:30: [stac.smx] [StAC] Server framerate stuttered. Expected: 66.666671, got 42.666667.
Disabling OnPlayerRunCmd checks for 5.00 seconds.
L 05/27/2021 - 03:41:41: [stac.smx] Player Splat lft roamer<43><[U:1:1120062382]><> is repeatedly choking exactly 15 ticks - 5 detections
L 05/27/2021 - 03:41:41: [stac.smx] 
Network:
 0.00 loss
 73.57 ms ping
 106.43 inchoke
 0.00 outchoke
 106.43 totalchoke
L 05/27/2021 - 03:41:41: [stac.smx] Time since last 10 ticks: 0.242187
L 05/27/2021 - 03:41:41: [stac.smx] 
Previous cmdnums:
0 2190
1 2189
2 2188
3 2187
4 2186
5 2185
L 05/27/2021 - 03:41:41: [stac.smx] 
Previous tickcounts:
0 449747
1 449746
2 449745
3 449744
4 449743
5 449742
L 05/27/2021 - 03:41:42: [stac.smx] Player Splat lft roamer<43><[U:1:1120062382]><> is repeatedly choking exactly 15 ticks - 6 detections
L 05/27/2021 - 03:41:42: [stac.smx] 
Network:
 0.00 loss
 72.67 ms ping
 106.43 inchoke
 0.00 outchoke
 106.43 totalchoke
L 05/27/2021 - 03:41:42: [stac.smx] Time since last 10 ticks: 0.179687
L 05/27/2021 - 03:41:42: [stac.smx] 
Previous cmdnums:
0 2205
1 2204
2 2203
3 2202
4 2201
5 2200
L 05/27/2021 - 03:41:42: [stac.smx] 
Previous tickcounts:
0 449762
1 449761
2 449760
3 449759
4 449758
5 449757
L 05/27/2021 - 03:41:43: [stac.smx] Player Splat lft roamer<43><[U:1:1120062382]><> is repeatedly choking exactly 15 ticks - 5 detections
L 05/27/2021 - 03:41:43: [stac.smx] 
Network:
 0.00 loss
 70.35 ms ping
 106.41 inchoke
 0.00 outchoke
 106.41 totalchoke
L 05/27/2021 - 03:41:43: [stac.smx] Time since last 10 ticks: 0.226562
L 05/27/2021 - 03:41:43: [stac.smx] 
Previous cmdnums:
0 2307
1 2306
2 2305
3 2304
4 2303
5 2302
L 05/27/2021 - 03:41:43: [stac.smx] 
Previous tickcounts:
0 449864
1 449863
2 449862
3 449861
4 449860
5 449859
L 05/27/2021 - 03:41:43: [stac.smx] Player Splat lft roamer<43><[U:1:1120062382]><> is repeatedly choking exactly 15 ticks - 6 detections
L 05/27/2021 - 03:41:43: [stac.smx] 
Network:
 0.00 loss
 69.97 ms ping
 106.41 inchoke
 0.00 outchoke
 106.41 totalchoke
L 05/27/2021 - 03:41:43: [stac.smx] Time since last 10 ticks: 0.195312
L 05/27/2021 - 03:41:43: [stac.smx] 
Previous cmdnums:
0 2322
1 2321
2 2320
3 2319
4 2318
5 2317
L 05/27/2021 - 03:41:43: [stac.smx] 
Previous tickcounts:
0 449879
1 449878
2 449877
3 449876
4 449875
5 449874
L 05/27/2021 - 03:41:53: [stac.smx] Player Splat lft roamer<43><[U:1:1120062382]><> is repeatedly choking exactly 15 ticks - 5 detections
L 05/27/2021 - 03:41:53: [stac.smx] 
Network:
 0.00 loss
 82.13 ms ping
 105.65 inchoke
 0.00 outchoke
 105.65 totalchoke
L 05/27/2021 - 03:41:53: [stac.smx] Time since last 10 ticks: 0.226562
L 05/27/2021 - 03:41:53: [stac.smx] 
Previous cmdnums:
0 2967
1 2966
2 2965
3 2964
4 2963
5 2962
L 05/27/2021 - 03:41:53: [stac.smx] 
Previous tickcounts:
0 450524
1 450523
2 450522
3 450521
4 450520
5 450519
L 05/27/2021 - 03:41:53: [stac.smx] Player Splat lft roamer<43><[U:1:1120062382]><> is repeatedly choking exactly 15 ticks - 6 detections
L 05/27/2021 - 03:41:53: [stac.smx] 
Network:
 0.00 loss
 82.13 ms ping
 105.65 inchoke
 0.00 outchoke
 105.65 totalchoke
L 05/27/2021 - 03:41:53: [stac.smx] Time since last 10 ticks: 0.179687
L 05/27/2021 - 03:41:53: [stac.smx] 
Previous cmdnums:
0 2982
1 2981
2 2980
3 2979
4 2978
5 2977
L 05/27/2021 - 03:41:53: [stac.smx] 
Previous tickcounts:
0 450539
1 450538
2 450537
3 450536
4 450535
5 450534
L 05/27/2021 - 03:41:53: [stac.smx] 
[StAC] SilentAim detection of 1.908040° on 
Splat lft roamer<43><[U:1:1120062382]><>.
Detections so far: 1.
fuzzy = 0
L 05/27/2021 - 03:41:53: [stac.smx] 
Network:
 0.00 loss
 80.58 ms ping
 105.41 inchoke
 0.00 outchoke
 105.41 totalchoke
L 05/27/2021 - 03:41:53: [stac.smx] Time since last 10 ticks: 0.218750
L 05/27/2021 - 03:41:53: [stac.smx] 
Angles:
 angles0: x 4.003804 y 92.411537
 angles1: x 2.752510 y 93.851982
 angles2: x 4.003804 y 92.411537
 angles3: x 4.003804 y 92.411537
 angles4: x 4.003804 y 92.411537
L 05/27/2021 - 03:41:53: [stac.smx] 
Previous cmdnums:
0 2994
1 2993
2 2992
3 2991
4 2990
5 2989
L 05/27/2021 - 03:41:53: [stac.smx] 
Previous tickcounts:
0 450551
1 450550
2 450549
3 450548
4 450547
5 450546
L 05/27/2021 - 03:41:53: [stac.smx] 
Mouse Movement (sens weighted):
 abs(x): 0
 abs(y): 0
Mouse Movement (unweighted):
 x: 0
 y: 0
Client Sens:
 0.699999
L 05/27/2021 - 03:41:55: [stac.smx] Player Splat lft roamer<43><[U:1:1120062382]><> is repeatedly choking exactly 15 ticks - 5 detections
L 05/27/2021 - 03:41:55: [stac.smx] 
Network:
 0.00 loss
 80.52 ms ping
 106.16 inchoke
 0.00 outchoke
 106.16 totalchoke
L 05/27/2021 - 03:41:55: [stac.smx] Time since last 10 ticks: 0.226562
L 05/27/2021 - 03:41:55: [stac.smx] 
Previous cmdnums:
0 3084
1 3083
2 3082
3 3081
4 3080
5 3079
L 05/27/2021 - 03:41:55: [stac.smx] 
Previous tickcounts:
0 450641
1 450640
2 450639
3 450638
4 450637
5 450636
L 05/27/2021 - 03:41:55: [stac.smx] Player Splat lft roamer<43><[U:1:1120062382]><> is repeatedly choking exactly 15 ticks - 6 detections
L 05/27/2021 - 03:41:55: [stac.smx] 
Network:
 0.00 loss
 78.71 ms ping
 106.16 inchoke
 0.00 outchoke
 106.16 totalchoke
L 05/27/2021 - 03:41:55: [stac.smx] Time since last 10 ticks: 0.226562
L 05/27/2021 - 03:41:55: [stac.smx] 
Previous cmdnums:
0 3099
1 3098
2 3097
3 3096
4 3095
5 3094
L 05/27/2021 - 03:41:55: [stac.smx] 
Previous tickcounts:
0 450656
1 450655
2 450654
3 450653
4 450652
5 450651
L 05/27/2021 - 03:41:55: [stac.smx] 
[StAC] SilentAim detection of 2.146439° on 
Splat lft roamer<43><[U:1:1120062382]><>.
Detections so far: 2.
fuzzy = 0
L 05/27/2021 - 03:41:55: [stac.smx] 
Network:
 0.00 loss
 78.33 ms ping
 105.79 inchoke
 0.00 outchoke
 105.79 totalchoke
L 05/27/2021 - 03:41:55: [stac.smx] Time since last 10 ticks: 0.179687
L 05/27/2021 - 03:41:55: [stac.smx] 
Angles:
 angles0: x 3.988404 y 92.396133
 angles1: x 2.451529 y 93.894538
 angles2: x 3.988404 y 92.396133
 angles3: x 3.988404 y 92.396133
 angles4: x 3.988404 y 92.396133
L 05/27/2021 - 03:41:55: [stac.smx] 
Previous cmdnums:
0 3111
1 3110
2 3109
3 3108
4 3107
5 3106
L 05/27/2021 - 03:41:55: [stac.smx] 
Previous tickcounts:
0 450668
1 450667
2 450666
3 450665
4 450664
5 450663
L 05/27/2021 - 03:41:55: [stac.smx] 
Mouse Movement (sens weighted):
 abs(x): 0
 abs(y): 0
Mouse Movement (unweighted):
 x: 0
 y: 0
Client Sens:
 0.699999
L 05/27/2021 - 03:41:57: [stac.smx] Player Splat lft roamer<43><[U:1:1120062382]><> is repeatedly choking exactly 15 ticks - 5 detections
L 05/27/2021 - 03:41:57: [stac.smx] 
Network:
 0.00 loss
 87.24 ms ping
 106.32 inchoke
 0.00 outchoke
 106.32 totalchoke
L 05/27/2021 - 03:41:57: [stac.smx] Time since last 10 ticks: 0.226562
L 05/27/2021 - 03:41:57: [stac.smx] 
Previous cmdnums:
0 3201
1 3200
2 3199
3 3198
4 3197
5 3196
L 05/27/2021 - 03:41:57: [stac.smx] 
Previous tickcounts:
0 450758
1 450757
2 450756
3 450755
4 450754
5 450753
L 05/27/2021 - 03:41:57: [stac.smx] Player Splat lft roamer<43><[U:1:1120062382]><> is repeatedly choking exactly 15 ticks - 6 detections
L 05/27/2021 - 03:41:57: [stac.smx] 
Network:
 0.00 loss
 84.55 ms ping
 106.32 inchoke
 0.00 outchoke
 106.32 totalchoke
L 05/27/2021 - 03:41:57: [stac.smx] Time since last 10 ticks: 0.179687
L 05/27/2021 - 03:41:57: [stac.smx] 
Previous cmdnums:
0 3216
1 3215
2 3214
3 3213
4 3212
5 3211
L 05/27/2021 - 03:41:57: [stac.smx] 
Previous tickcounts:
0 450773
1 450772
2 450771
3 450770
4 450769
5 450768
L 05/27/2021 - 03:41:57: [stac.smx] 
[StAC] SilentAim detection of 5.120667° on 
Splat lft roamer<43><[U:1:1120062382]><>.
Detections so far: 3.
fuzzy = 0
L 05/27/2021 - 03:41:57: [stac.smx] 
Network:
 0.00 loss
 82.27 ms ping
 105.91 inchoke
 0.00 outchoke
 105.91 totalchoke
L 05/27/2021 - 03:41:57: [stac.smx] Time since last 10 ticks: 0.226562
L 05/27/2021 - 03:41:57: [stac.smx] 
Angles:
 angles0: x 4.003804 y 91.733772
 angles1: x 1.638661 y 87.192039
 angles2: x 4.003804 y 91.733772
 angles3: x 4.003804 y 91.733772
 angles4: x 4.003804 y 91.733772
L 05/27/2021 - 03:41:57: [stac.smx] 
Previous cmdnums:
0 3228
1 3227
2 3226
3 3225
4 3224
5 3223
L 05/27/2021 - 03:41:57: [stac.smx] 
Previous tickcounts:
0 450785
1 450784
2 450783
3 450782
4 450781
5 450780
L 05/27/2021 - 03:41:57: [stac.smx] 
Mouse Movement (sens weighted):
 abs(x): 0
 abs(y): 0
Mouse Movement (unweighted):
 x: 0
 y: 0
Client Sens:
 0.699999
L 05/27/2021 - 03:41:59: [stac.smx] 
[StAC] SilentAim detection of 17.626611° on 
Splat lft roamer<43><[U:1:1120062382]><>.
Detections so far: 4.
fuzzy = 0
L 05/27/2021 - 03:41:59: [stac.smx] 
Network:
 0.00 loss
 80.51 ms ping
 107.12 inchoke
 0.00 outchoke
 107.12 totalchoke
L 05/27/2021 - 03:41:59: [stac.smx] Time since last 10 ticks: 0.218750
L 05/27/2021 - 03:41:59: [stac.smx] 
Angles:
 angles0: x 2.633201 y 90.162879
 angles1: x -2.135070 y 107.132293
 angles2: x 2.633201 y 90.162879
 angles3: x 2.633201 y 90.178283
 angles4: x 2.633201 y 90.178283
L 05/27/2021 - 03:41:59: [stac.smx] 
Previous cmdnums:
0 3351
1 3350
2 3349
3 3348
4 3347
5 3346
L 05/27/2021 - 03:41:59: [stac.smx] 
Previous tickcounts:
0 450912
1 450897
2 450897
3 450897
4 450897
5 450897
L 05/27/2021 - 03:41:59: [stac.smx] 
Mouse Movement (sens weighted):
 abs(x): 0
 abs(y): 0
Mouse Movement (unweighted):
 x: 0
 y: 0
Client Sens:
 0.699999
L 05/27/2021 - 03:42:00: [stac.smx] Player Splat lft roamer<43><[U:1:1120062382]><> is repeatedly choking exactly 15 ticks - 5 detections
L 05/27/2021 - 03:42:00: [stac.smx] 
Network:
 0.00 loss
 78.86 ms ping
 109.45 inchoke
 0.00 outchoke
 109.45 totalchoke
L 05/27/2021 - 03:42:00: [stac.smx] Time since last 10 ticks: 0.226562
L 05/27/2021 - 03:42:00: [stac.smx] 
Previous cmdnums:
0 3441
1 3440
2 3439
3 3438
4 3437
5 3436
L 05/27/2021 - 03:42:00: [stac.smx] 
Previous tickcounts:
0 450998
1 450997
2 450996
3 450995
4 450994
5 450993
L 05/27/2021 - 03:42:00: [stac.smx] Player Splat lft roamer<43><[U:1:1120062382]><> is repeatedly choking exactly 15 ticks - 6 detections
L 05/27/2021 - 03:42:00: [stac.smx] 
Network:
 0.00 loss
 79.42 ms ping
 109.43 inchoke
 0.00 outchoke
 109.43 totalchoke
L 05/27/2021 - 03:42:00: [stac.smx] Time since last 10 ticks: 0.210937
L 05/27/2021 - 03:42:00: [stac.smx] 
Previous cmdnums:
0 3456
1 3455
2 3454
3 3453
4 3452
5 3451
L 05/27/2021 - 03:42:00: [stac.smx] 
Previous tickcounts:
0 451013
1 451012
2 451011
3 451010
4 451009
5 451008
L 05/27/2021 - 03:42:02: [stac.smx] Player Splat lft roamer<43><[U:1:1120062382]><> is repeatedly choking exactly 15 ticks - 5 detections
L 05/27/2021 - 03:42:02: [stac.smx] 
Network:
 0.00 loss
 77.53 ms ping
 109.00 inchoke
 0.00 outchoke
 109.00 totalchoke
L 05/27/2021 - 03:42:02: [stac.smx] Time since last 10 ticks: 0.179687
L 05/27/2021 - 03:42:02: [stac.smx] 
Previous cmdnums:
0 3576
1 3575
2 3574
3 3573
4 3572
5 3571
L 05/27/2021 - 03:42:02: [stac.smx] 
Previous tickcounts:
0 451132
1 451131
2 451130
3 451129
4 451128
5 451127
L 05/27/2021 - 03:42:04: [stac.smx] Player Splat lft roamer<43><[U:1:1120062382]><> is repeatedly choking exactly 15 ticks - 5 detections
L 05/27/2021 - 03:42:04: [stac.smx] 
Network:
 0.00 loss
 74.13 ms ping
 107.22 inchoke
 0.00 outchoke
 107.22 totalchoke
L 05/27/2021 - 03:42:04: [stac.smx] Time since last 10 ticks: 0.226562
L 05/27/2021 - 03:42:04: [stac.smx] 
Previous cmdnums:
0 3678
1 3677
2 3676
3 3675
4 3674
5 3673
L 05/27/2021 - 03:42:04: [stac.smx] 
Previous tickcounts:
0 451234
1 451233
2 451232
3 451231
4 451230
5 451229
L 05/27/2021 - 03:42:04: [stac.smx] Player Splat lft roamer<43><[U:1:1120062382]><> is repeatedly choking exactly 15 ticks - 6 detections
L 05/27/2021 - 03:42:04: [stac.smx] 
Network:
 0.00 loss
 73.71 ms ping
 107.22 inchoke
 0.00 outchoke
 107.22 totalchoke
L 05/27/2021 - 03:42:04: [stac.smx] Time since last 10 ticks: 0.179687
L 05/27/2021 - 03:42:04: [stac.smx] 
Previous cmdnums:
0 3693
1 3692
2 3691
3 3690
4 3689
5 3688
L 05/27/2021 - 03:42:04: [stac.smx] 
Previous tickcounts:
0 451249
1 451248
2 451247
3 451246
4 451245
5 451244
L 05/27/2021 - 03:42:04: [stac.smx] 
[StAC] SilentAim detection of 12.250206° on 
Splat lft roamer<43><[U:1:1120062382]><>.
Detections so far: 5.
fuzzy = 0
L 05/27/2021 - 03:42:04: [stac.smx] 
Network:
 0.00 loss
 75.42 ms ping
 106.59 inchoke
 0.00 outchoke
 106.59 totalchoke
L 05/27/2021 - 03:42:04: [stac.smx] Time since last 10 ticks: 0.226562
L 05/27/2021 - 03:42:04: [stac.smx] 
Angles:
 angles0: x 4.665994 y 174.201293
 angles1: x -7.557739 y 173.396377
 angles2: x 4.665994 y 174.201293
 angles3: x 4.665994 y 174.201293
 angles4: x 4.727593 y 174.001083
L 05/27/2021 - 03:42:04: [stac.smx] 
Previous cmdnums:
0 3705
1 3704
2 3703
3 3702
4 3701
5 3700
L 05/27/2021 - 03:42:04: [stac.smx] 
Previous tickcounts:
0 451261
1 451260
2 451259
3 451258
4 451257
5 451256
L 05/27/2021 - 03:42:04: [stac.smx] 
Mouse Movement (sens weighted):
 abs(x): 0
 abs(y): 0
Mouse Movement (unweighted):
 x: 0
 y: 0
Client Sens:
 0.699999
L 05/27/2021 - 03:42:05: [stac.smx] Player Splat lft roamer<43><[U:1:1120062382]><> is repeatedly choking exactly 15 ticks - 5 detections
L 05/27/2021 - 03:42:05: [stac.smx] 
Network:
 0.00 loss
 85.69 ms ping
 106.66 inchoke
 0.00 outchoke
 106.66 totalchoke
L 05/27/2021 - 03:42:05: [stac.smx] Time since last 10 ticks: 0.218750
L 05/27/2021 - 03:42:05: [stac.smx] 
Previous cmdnums:
0 3795
1 3794
2 3793
3 3792
4 3791
5 3790
L 05/27/2021 - 03:42:05: [stac.smx] 
Previous tickcounts:
0 451351
1 451350
2 451349
3 451348
4 451347
5 451346
L 05/27/2021 - 03:42:16: [stac.smx] Player Splat lft roamer<43><[U:1:1120062382]><> is repeatedly choking exactly 15 ticks - 5 detections
L 05/27/2021 - 03:42:16: [stac.smx] 
Network:
 0.00 loss
 80.22 ms ping
 94.54 inchoke
 0.00 outchoke
 94.54 totalchoke
L 05/27/2021 - 03:42:16: [stac.smx] Time since last 10 ticks: 0.218750
L 05/27/2021 - 03:42:16: [stac.smx] 
Previous cmdnums:
0 4485
1 4484
2 4483
3 4482
4 4481
5 4480
L 05/27/2021 - 03:42:16: [stac.smx] 
Previous tickcounts:
0 452041
1 452040
2 452039
3 452038
4 452037
5 452036
L 05/27/2021 - 03:42:16: [stac.smx] Player Splat lft roamer<43><[U:1:1120062382]><> is repeatedly choking exactly 15 ticks - 6 detections
L 05/27/2021 - 03:42:16: [stac.smx] 
Network:
 0.00 loss
 78.25 ms ping
 98.25 inchoke
 0.00 outchoke
 98.25 totalchoke
L 05/27/2021 - 03:42:16: [stac.smx] Time since last 10 ticks: 0.226562
L 05/27/2021 - 03:42:16: [stac.smx] 
Previous cmdnums:
0 4500
1 4499
2 4498
3 4497
4 4496
5 4495
L 05/27/2021 - 03:42:16: [stac.smx] 
Previous tickcounts:
0 452056
1 452055
2 452054
3 452053
4 452052
5 452051
L 05/27/2021 - 03:42:16: [stac.smx] Player Splat lft roamer<43><[U:1:1120062382]><> is repeatedly choking exactly 15 ticks - 7 detections
L 05/27/2021 - 03:42:16: [stac.smx] 
Network:
 0.00 loss
 77.11 ms ping
 98.25 inchoke
 0.00 outchoke
 98.25 totalchoke
L 05/27/2021 - 03:42:16: [stac.smx] Time since last 10 ticks: 0.218750
L 05/27/2021 - 03:42:16: [stac.smx] 
Previous cmdnums:
0 4515
1 4514
2 4513
3 4512
4 4511
5 4510
L 05/27/2021 - 03:42:16: [stac.smx] 
Previous tickcounts:
0 452071
1 452070
2 452069
3 452068
4 452067
5 452066
L 05/27/2021 - 03:42:16: [stac.smx] Player Splat lft roamer<43><[U:1:1120062382]><> is repeatedly choking exactly 15 ticks - 8 detections
L 05/27/2021 - 03:42:16: [stac.smx] 
Network:
 0.00 loss
 77.01 ms ping
 101.03 inchoke
 0.00 outchoke
 101.03 totalchoke
L 05/27/2021 - 03:42:16: [stac.smx] Time since last 10 ticks: 0.226562
L 05/27/2021 - 03:42:16: [stac.smx] 
Previous cmdnums:
0 4530
1 4529
2 4528
3 4527
4 4526
5 4525
L 05/27/2021 - 03:42:16: [stac.smx] 
Previous tickcounts:
0 452086
1 452085
2 452084
3 452083
4 452082
5 452081
L 05/27/2021 - 03:42:49: [stac.smx] 
[StAC] SilentAim detection of 24.470048° on 
Splat lft roamer<43><[U:1:1120062382]><>.
Detections so far: 6.
fuzzy = 0
L 05/27/2021 - 03:42:49: [stac.smx] 
Network:
 0.00 loss
 78.51 ms ping
 0.08 inchoke
 0.00 outchoke
 0.08 totalchoke
L 05/27/2021 - 03:42:49: [stac.smx] Time since last 10 ticks: 0.148437
L 05/27/2021 - 03:42:49: [stac.smx] 
Angles:
 angles0: x 21.298034 y 77.951057
 angles1: x 0.000000 y 90.000000
 angles2: x 21.298034 y 77.951057
 angles3: x 21.298034 y 77.951057
 angles4: x 21.298034 y 77.951057
L 05/27/2021 - 03:42:49: [stac.smx] 
Previous cmdnums:
0 6700
1 6699
2 6698
3 6697
4 6696
5 6695
L 05/27/2021 - 03:42:49: [stac.smx] 
Previous tickcounts:
0 454256
1 454256
2 454254
3 454253
4 454252
5 454251
L 05/27/2021 - 03:42:49: [stac.smx] 
Mouse Movement (sens weighted):
 abs(x): 0
 abs(y): 0
Mouse Movement (unweighted):
 x: 0
 y: 0
Client Sens:
 0.699999
L 05/27/2021 - 03:44:01: [stac.smx] [StAC] Server framerate stuttered. Expected: 66.666671, got 42.666667.
Disabling OnPlayerRunCmd checks for 5.00 seconds.
L 05/27/2021 - 03:44:12: [stac.smx] 
[StAC] SilentAim detection of 3.945309° on 
Splat lft roamer<43><[U:1:1120062382]><>.
Detections so far: 7.
fuzzy = 0
L 05/27/2021 - 03:44:12: [stac.smx] 
Network:
 0.00 loss
 74.75 ms ping
 0.45 inchoke
 0.00 outchoke
 0.45 totalchoke
L 05/27/2021 - 03:44:12: [stac.smx] Time since last 10 ticks: 0.164062
L 05/27/2021 - 03:44:12: [stac.smx] 
Angles:
 angles0: x 1.031303 y 164.302947
 angles1: x -1.475463 y 161.256378
 angles2: x 1.031303 y 164.302947
 angles3: x 1.031303 y 164.302947
 angles4: x 1.031303 y 164.287551
L 05/27/2021 - 03:44:12: [stac.smx] 
Previous cmdnums:
0 12243
1 12242
2 12241
3 12240
4 12239
5 12238
L 05/27/2021 - 03:44:12: [stac.smx] 
Previous tickcounts:
0 459795
1 459794
2 459793
3 459792
4 459791
5 459790
L 05/27/2021 - 03:44:12: [stac.smx] 
Mouse Movement (sens weighted):
 abs(x): 0
 abs(y): 0
Mouse Movement (unweighted):
 x: 0
 y: 0
Client Sens:
 0.699999
L 05/27/2021 - 03:44:41: [stac.smx] 
[StAC] SilentAim detection of 152.451004° on 
Splat lft roamer<43><[U:1:1120062382]><>.
Detections so far: 8.
fuzzy = 0
L 05/27/2021 - 03:44:41: [stac.smx] 
Network:
 0.00 loss
 80.39 ms ping
 0.81 inchoke
 0.00 outchoke
 0.81 totalchoke
L 05/27/2021 - 03:44:41: [stac.smx] Time since last 10 ticks: 0.148437
L 05/27/2021 - 03:44:41: [stac.smx] 
Angles:
 angles0: x 21.405479 y 51.868068
 angles1: x 0.000000 y -99.072692
 angles2: x 21.405479 y 51.868068
 angles3: x 21.405479 y 51.868068
 angles4: x 21.420879 y 51.914268
L 05/27/2021 - 03:44:41: [stac.smx] 
Previous cmdnums:
0 14208
1 14207
2 14206
3 14205
4 14204
5 14203
L 05/27/2021 - 03:44:41: [stac.smx] 
Previous tickcounts:
0 461759
1 461759
2 461757
3 461756
4 461755
5 461754
L 05/27/2021 - 03:44:41: [stac.smx] 
Mouse Movement (sens weighted):
 abs(x): 0
 abs(y): 0
Mouse Movement (unweighted):
 x: 0
 y: 0
Client Sens:
 0.699999
L 05/27/2021 - 03:44:42: [stac.smx] [StAC] Server framerate stuttered. Expected: 66.666671, got 25.600000.
Disabling OnPlayerRunCmd checks for 5.00 seconds.
L 05/27/2021 - 03:45:00: [stac.smx] 
[StAC] SilentAim detection of 1.519945° on 
Splat lft roamer<43><[U:1:1120062382]><>.
Detections so far: 9.
fuzzy = 1
L 05/27/2021 - 03:45:00: [stac.smx] 
Network:
 0.00 loss
 75.56 ms ping
 0.03 inchoke
 0.00 outchoke
 0.03 totalchoke
L 05/27/2021 - 03:45:00: [stac.smx] Time since last 10 ticks: 0.156250
L 05/27/2021 - 03:45:00: [stac.smx] 
Angles:
 angles0: x 0.631375 y 89.664466
 angles1: x -0.316986 y 88.476676
 angles2: x 0.600575 y 89.664466
 angles3: x 0.569775 y 89.556655
 angles4: x 0.538975 y 89.341049
L 05/27/2021 - 03:45:00: [stac.smx] 
Previous cmdnums:
0 15467
1 15466
2 15465
3 15464
4 15463
5 15462
L 05/27/2021 - 03:45:00: [stac.smx] 
Previous tickcounts:
0 463017
1 463016
2 463015
3 463014
4 463013
5 463012
L 05/27/2021 - 03:45:00: [stac.smx] 
Mouse Movement (sens weighted):
 abs(x): 0
 abs(y): 0
Mouse Movement (unweighted):
 x: 0
 y: 0
Client Sens:
 0.699999
L 05/27/2021 - 03:46:13: [stac.smx] [StAC] Server framerate stuttered. Expected: 66.666671, got 21.333333.
Disabling OnPlayerRunCmd checks for 5.00 seconds.
L 05/27/2021 - 03:47:43: [stac.smx] [StAC] Server framerate stuttered. Expected: 66.666671, got 18.285715.
Disabling OnPlayerRunCmd checks for 5.00 seconds.
L 05/27/2021 - 03:48:05: [stac.smx] [StAC] Server framerate stuttered. Expected: 66.666671, got 21.333333.
Disabling OnPlayerRunCmd checks for 5.00 seconds.
L 05/27/2021 - 03:48:09: [stac.smx] [StAC] Server framerate stuttered. Expected: 66.666671, got 32.000000.
Disabling OnPlayerRunCmd checks for 5.00 seconds.
L 05/27/2021 - 03:48:17: [stac.smx] 
[StAC] SilentAim detection of 17.186685° on 
Splat lft roamer<43><[U:1:1120062382]><>.
Detections so far: 10.
fuzzy = 1
L 05/27/2021 - 03:48:17: [stac.smx] 
Network:
 0.00 loss
 78.37 ms ping
 0.52 inchoke
 0.00 outchoke
 0.52 totalchoke
L 05/27/2021 - 03:48:17: [stac.smx] Time since last 10 ticks: 0.148437
L 05/27/2021 - 03:48:17: [stac.smx] 
Angles:
 angles0: x 6.883813 y 25.200422
 angles1: x 7.393298 y 42.379554
 angles2: x 6.868413 y 25.231222
 angles3: x 6.837614 y 25.215822
 angles4: x 6.699014 y 25.077222
L 05/27/2021 - 03:48:17: [stac.smx] 
Previous cmdnums:
0 28577
1 28576
2 28575
3 28574
4 28573
5 28572
L 05/27/2021 - 03:48:17: [stac.smx] 
Previous tickcounts:
0 476118
1 476117
2 476116
3 476115
4 476114
5 476113
L 05/27/2021 - 03:48:17: [stac.smx] 
Mouse Movement (sens weighted):
 abs(x): 0
 abs(y): 0
Mouse Movement (unweighted):
 x: 0
 y: 0
Client Sens:
 0.699999
L 05/27/2021 - 03:48:17: [stac.smx] [StAC] No STV demo is being recorded, no demo name will be printed to the ban reason!
L 05/27/2021 - 03:49:23: [stac.smx] [StAC] Server framerate stuttered. Expected: 66.666671, got 32.000000.
Disabling OnPlayerRunCmd checks for 5.00 seconds.
L 05/27/2021 - 03:50:45: [stac.smx] [StAC] Server framerate stuttered. Expected: 66.666671, got 32.000000.
Disabling OnPlayerRunCmd checks for 5.00 seconds.
L 05/27/2021 - 04:01:29: [stac.smx] [StAC] Plugin vers. ---- 4.5.1 ---- loaded
L 05/27/2021 - 04:01:44: [stac.smx] [Steamtools] Steam connected.
L 05/27/2021 - 15:44:49: [stac.smx] [StAC] Server framerate stuttered. Expected: 66.666671, got 28.444444.
Disabling OnPlayerRunCmd checks for 5.00 seconds.
L 05/27/2021 - 15:44:51: [stac.smx] [StAC] Server framerate stuttered. Expected: 66.666671, got 21.333333.
Disabling OnPlayerRunCmd checks for 5.00 seconds.
L 05/27/2021 - 15:54:13: [stac.smx] [StAC] Server framerate stuttered. Expected: 66.666671, got 19.692308.
Disabling OnPlayerRunCmd checks for 5.00 seconds.
L 05/27/2021 - 15:57:59: [stac.smx] [StAC] Server framerate stuttered. Expected: 66.666671, got 28.444444.
Disabling OnPlayerRunCmd checks for 5.00 seconds.
L 05/27/2021 - 15:58:20: [stac.smx] [StAC] Server framerate stuttered. Expected: 66.666671, got 36.571430.
Disabling OnPlayerRunCmd checks for 5.00 seconds.
L 05/27/2021 - 16:00:26: [stac.smx] [StAC] Server framerate stuttered. Expected: 66.666671, got 36.571430.
Disabling OnPlayerRunCmd checks for 5.00 seconds.
L 05/27/2021 - 16:01:59: [stac.smx] [StAC] Server framerate stuttered. Expected: 66.666671, got 28.444444.
Disabling OnPlayerRunCmd checks for 5.00 seconds.
L 05/27/2021 - 16:02:00: [stac.smx] [StAC] Server framerate stuttered. Expected: 66.666671, got 23.272727.
Disabling OnPlayerRunCmd checks for 5.00 seconds.
L 05/27/2021 - 16:02:20: [stac.smx] [StAC] Server framerate stuttered. Expected: 66.666671, got 32.000000.
Disabling OnPlayerRunCmd checks for 5.00 seconds.
L 05/27/2021 - 16:02:25: [stac.smx] [StAC] Server framerate stuttered. Expected: 66.666671, got 23.272727.
Disabling OnPlayerRunCmd checks for 5.00 seconds.
L 05/27/2021 - 16:02:46: [stac.smx] [StAC] Server framerate stuttered. Expected: 66.666671, got 16.000000.
Disabling OnPlayerRunCmd checks for 5.00 seconds.
L 05/27/2021 - 16:02:46: [stac.smx] [StAC] Server framerate stuttered. Expected: 66.666671, got 23.272727.
Disabling OnPlayerRunCmd checks for 5.00 seconds.
L 05/27/2021 - 16:02:47: [stac.smx] [StAC] Server framerate stuttered. Expected: 66.666671, got 21.333333.
Disabling OnPlayerRunCmd checks for 5.00 seconds.
L 05/27/2021 - 16:02:48: [stac.smx] [StAC] Server framerate stuttered. Expected: 66.666671, got 23.272727.
Disabling OnPlayerRunCmd checks for 5.00 seconds.
L 05/27/2021 - 16:04:13: [stac.smx] [StAC] Server framerate stuttered. Expected: 66.666671, got 18.285715.
Disabling OnPlayerRunCmd checks for 5.00 seconds.
L 05/27/2021 - 16:04:58: [stac.smx] [StAC] Server framerate stuttered. Expected: 66.666671, got 28.444444.
Disabling OnPlayerRunCmd checks for 5.00 seconds.
L 05/27/2021 - 16:05:09: [stac.smx] [StAC] Server framerate stuttered. Expected: 66.666671, got 32.000000.
Disabling OnPlayerRunCmd checks for 5.00 seconds.
L 05/27/2021 - 16:05:45: [stac.smx] [StAC] Server framerate stuttered. Expected: 66.666671, got 28.444444.
Disabling OnPlayerRunCmd checks for 5.00 seconds.
L 05/27/2021 - 16:05:45: [stac.smx] [StAC] Server framerate stuttered. Expected: 66.666671, got 36.571430.
Disabling OnPlayerRunCmd checks for 5.00 seconds.
L 05/27/2021 - 16:05:46: [stac.smx] [StAC] Server framerate stuttered. Expected: 66.666671, got 36.571430.
Disabling OnPlayerRunCmd checks for 5.00 seconds.
L 05/27/2021 - 16:06:07: [stac.smx] [StAC] Server framerate stuttered. Expected: 66.666671, got 21.333333.
Disabling OnPlayerRunCmd checks for 5.00 seconds.
L 05/27/2021 - 16:06:56: [stac.smx] [StAC] Server framerate stuttered. Expected: 66.666671, got 25.600000.
Disabling OnPlayerRunCmd checks for 5.00 seconds.
L 05/27/2021 - 16:07:20: [stac.smx] [StAC] Server framerate stuttered. Expected: 66.666671, got 32.000000.
Disabling OnPlayerRunCmd checks for 5.00 seconds.
L 05/27/2021 - 16:07:45: [stac.smx] [StAC] Server framerate stuttered. Expected: 66.666671, got 21.333333.
Disabling OnPlayerRunCmd checks for 5.00 seconds.
L 05/27/2021 - 16:07:45: [stac.smx] [StAC] Server framerate stuttered. Expected: 66.666671, got 42.666667.
Disabling OnPlayerRunCmd checks for 5.00 seconds.
L 05/27/2021 - 16:09:07: [stac.smx] [StAC] Server framerate stuttered. Expected: 66.666671, got 21.333333.
Disabling OnPlayerRunCmd checks for 5.00 seconds.
L 05/27/2021 - 16:11:23: [stac.smx] [StAC] Server framerate stuttered. Expected: 66.666671, got 36.571430.
Disabling OnPlayerRunCmd checks for 5.00 seconds.
L 05/27/2021 - 16:11:27: [stac.smx] [StAC] Server framerate stuttered. Expected: 66.666671, got 23.272727.
Disabling OnPlayerRunCmd checks for 5.00 seconds.
L 05/27/2021 - 16:11:27: [stac.smx] [StAC] Server framerate stuttered. Expected: 66.666671, got 36.571430.
Disabling OnPlayerRunCmd checks for 5.00 seconds.
L 05/27/2021 - 16:11:29: [stac.smx] [StAC] Server framerate stuttered. Expected: 66.666671, got 25.600000.
Disabling OnPlayerRunCmd checks for 5.00 seconds.
L 05/27/2021 - 16:11:43: [stac.smx] [StAC] Server framerate stuttered. Expected: 66.666671, got 18.285715.
Disabling OnPlayerRunCmd checks for 5.00 seconds.
L 05/27/2021 - 16:11:51: [stac.smx] [StAC] Server framerate stuttered. Expected: 66.666671, got 28.444444.
Disabling OnPlayerRunCmd checks for 5.00 seconds.
L 05/27/2021 - 16:12:07: [stac.smx] [StAC] Server framerate stuttered. Expected: 66.666671, got 16.000000.
Disabling OnPlayerRunCmd checks for 5.00 seconds.
L 05/27/2021 - 16:12:08: [stac.smx] [StAC] Server framerate stuttered. Expected: 66.666671, got 36.571430.
Disabling OnPlayerRunCmd checks for 5.00 seconds.
L 05/27/2021 - 16:12:27: [stac.smx] [StAC] Server framerate stuttered. Expected: 66.666671, got 23.272727.
Disabling OnPlayerRunCmd checks for 5.00 seconds.
L 05/27/2021 - 16:13:22: [stac.smx] [StAC] Server framerate stuttered. Expected: 66.666671, got 25.600000.
Disabling OnPlayerRunCmd checks for 5.00 seconds.
L 05/27/2021 - 16:13:22: [stac.smx] [StAC] Server framerate stuttered. Expected: 66.666671, got 36.571430.
Disabling OnPlayerRunCmd checks for 5.00 seconds.
L 05/27/2021 - 16:13:43: [stac.smx] [StAC] Server framerate stuttered. Expected: 66.666671, got 19.692308.
Disabling OnPlayerRunCmd checks for 5.00 seconds.
L 05/27/2021 - 16:15:30: [stac.smx] [StAC] Server framerate stuttered. Expected: 66.666671, got 28.444444.
Disabling OnPlayerRunCmd checks for 5.00 seconds.
L 05/27/2021 - 16:15:35: [stac.smx] [StAC] Server framerate stuttered. Expected: 66.666671, got 21.333333.
Disabling OnPlayerRunCmd checks for 5.00 seconds.
L 05/27/2021 - 16:15:44: [stac.smx] [StAC] Server framerate stuttered. Expected: 66.666671, got 32.000000.
Disabling OnPlayerRunCmd checks for 5.00 seconds.
L 05/27/2021 - 16:15:53: [stac.smx] [StAC] Server framerate stuttered. Expected: 66.666671, got 28.444444.
Disabling OnPlayerRunCmd checks for 5.00 seconds.
L 05/27/2021 - 16:15:53: [stac.smx] [StAC] Server framerate stuttered. Expected: 66.666671, got 21.333333.
Disabling OnPlayerRunCmd checks for 5.00 seconds.
L 05/27/2021 - 16:15:57: [stac.smx] [StAC] Server framerate stuttered. Expected: 66.666671, got 28.444444.
Disabling OnPlayerRunCmd checks for 5.00 seconds.
L 05/27/2021 - 16:16:03: [stac.smx] [StAC] Server framerate stuttered. Expected: 66.666671, got 32.000000.
Disabling OnPlayerRunCmd checks for 5.00 seconds.
L 05/27/2021 - 16:16:16: [stac.smx] [StAC] Server framerate stuttered. Expected: 66.666671, got 25.600000.
Disabling OnPlayerRunCmd checks for 5.00 seconds.
L 05/27/2021 - 16:16:16: [stac.smx] [StAC] Server framerate stuttered. Expected: 66.666671, got 25.600000.
Disabling OnPlayerRunCmd checks for 5.00 seconds.
L 05/27/2021 - 16:16:22: [stac.smx] [StAC] Server framerate stuttered. Expected: 66.666671, got 17.066667.
Disabling OnPlayerRunCmd checks for 5.00 seconds.
L 05/27/2021 - 16:16:25: [stac.smx] [StAC] Server framerate stuttered. Expected: 66.666671, got 36.571430.
Disabling OnPlayerRunCmd checks for 5.00 seconds.
L 05/27/2021 - 16:16:29: [stac.smx] [StAC] Server framerate stuttered. Expected: 66.666671, got 23.272727.
Disabling OnPlayerRunCmd checks for 5.00 seconds.
L 05/27/2021 - 16:16:38: [stac.smx] [StAC] Server framerate stuttered. Expected: 66.666671, got 32.000000.
Disabling OnPlayerRunCmd checks for 5.00 seconds.
L 05/27/2021 - 16:16:44: [stac.smx] [StAC] Server framerate stuttered. Expected: 66.666671, got 32.000000.
Disabling OnPlayerRunCmd checks for 5.00 seconds.
L 05/27/2021 - 16:16:45: [stac.smx] [StAC] Server framerate stuttered. Expected: 66.666671, got 36.571430.
Disabling OnPlayerRunCmd checks for 5.00 seconds.
L 05/27/2021 - 16:16:45: [stac.smx] [StAC] Server framerate stuttered. Expected: 66.666671, got 42.666667.
Disabling OnPlayerRunCmd checks for 5.00 seconds.
L 05/27/2021 - 16:16:52: [stac.smx] [StAC] Server framerate stuttered. Expected: 66.666671, got 32.000000.
Disabling OnPlayerRunCmd checks for 5.00 seconds.
L 05/27/2021 - 16:18:25: [stac.smx] [StAC] Server framerate stuttered. Expected: 66.666671, got 32.000000.
Disabling OnPlayerRunCmd checks for 5.00 seconds.
L 05/27/2021 - 16:19:32: [stac.smx] [StAC] Server framerate stuttered. Expected: 66.666671, got 28.444444.
Disabling OnPlayerRunCmd checks for 5.00 seconds.
L 05/27/2021 - 16:19:36: [stac.smx] [StAC] Server framerate stuttered. Expected: 66.666671, got 7.757575.
Disabling OnPlayerRunCmd checks for 5.00 seconds.
L 05/27/2021 - 16:19:53: [stac.smx] [StAC] Server framerate stuttered. Expected: 66.666671, got 28.444444.
Disabling OnPlayerRunCmd checks for 5.00 seconds.
L 05/27/2021 - 16:19:56: [stac.smx] [StAC] Server framerate stuttered. Expected: 66.666671, got 36.571430.
Disabling OnPlayerRunCmd checks for 5.00 seconds.
L 05/27/2021 - 16:20:16: [stac.smx] [StAC] Server framerate stuttered. Expected: 66.666671, got 25.600000.
Disabling OnPlayerRunCmd checks for 5.00 seconds.
L 05/27/2021 - 16:20:41: [stac.smx] [StAC] Server framerate stuttered. Expected: 66.666671, got 25.600000.
Disabling OnPlayerRunCmd checks for 5.00 seconds.
L 05/27/2021 - 16:21:27: [stac.smx] [StAC] Server framerate stuttered. Expected: 66.666671, got 9.481481.
Disabling OnPlayerRunCmd checks for 5.00 seconds.
L 05/27/2021 - 16:21:27: [stac.smx] [StAC] Server framerate stuttered. Expected: 66.666671, got 42.666667.
Disabling OnPlayerRunCmd checks for 5.00 seconds.
L 05/27/2021 - 16:21:49: [stac.smx] [StAC] Server framerate stuttered. Expected: 66.666671, got 28.444444.
Disabling OnPlayerRunCmd checks for 5.00 seconds.
L 05/27/2021 - 16:22:59: [stac.smx] [StAC] Server framerate stuttered. Expected: 66.666671, got 18.285715.
Disabling OnPlayerRunCmd checks for 5.00 seconds.
L 05/27/2021 - 16:23:20: [stac.smx] [StAC] Server framerate stuttered. Expected: 66.666671, got 28.444444.
Disabling OnPlayerRunCmd checks for 5.00 seconds.
L 05/27/2021 - 16:24:04: [stac.smx] [StAC] Server framerate stuttered. Expected: 66.666671, got 19.692308.
Disabling OnPlayerRunCmd checks for 5.00 seconds.
L 05/27/2021 - 16:24:07: [stac.smx] [StAC] Server framerate stuttered. Expected: 66.666671, got 28.444444.
Disabling OnPlayerRunCmd checks for 5.00 seconds.
L 05/27/2021 - 16:24:15: [stac.smx] [StAC] Server framerate stuttered. Expected: 66.666671, got 25.600000.
Disabling OnPlayerRunCmd checks for 5.00 seconds.
L 05/27/2021 - 16:24:49: [stac.smx] [StAC] Server framerate stuttered. Expected: 66.666671, got 28.444444.
Disabling OnPlayerRunCmd checks for 5.00 seconds.
L 05/27/2021 - 16:25:16: [stac.smx] [StAC] Server framerate stuttered. Expected: 66.666671, got 51.200000.
Disabling OnPlayerRunCmd checks for 5.00 seconds.
L 05/27/2021 - 16:25:56: [stac.smx] [StAC] Server framerate stuttered. Expected: 66.666671, got 25.600000.
Disabling OnPlayerRunCmd checks for 5.00 seconds.
L 05/27/2021 - 16:26:03: [stac.smx] [StAC] Server framerate stuttered. Expected: 66.666671, got 25.600000.
Disabling OnPlayerRunCmd checks for 5.00 seconds.
L 05/27/2021 - 16:28:37: [stac.smx] [StAC] Server framerate stuttered. Expected: 66.666671, got 16.000000.
Disabling OnPlayerRunCmd checks for 5.00 seconds.
L 05/27/2021 - 16:29:00: [stac.smx] [StAC] Server framerate stuttered. Expected: 66.666671, got 21.333333.
Disabling OnPlayerRunCmd checks for 5.00 seconds.
L 05/27/2021 - 16:29:29: [stac.smx] [StAC] Server framerate stuttered. Expected: 66.666671, got 42.666667.
Disabling OnPlayerRunCmd checks for 5.00 seconds.
L 05/27/2021 - 16:30:34: [stac.smx] [StAC] Server framerate stuttered. Expected: 66.666671, got 28.444444.
Disabling OnPlayerRunCmd checks for 5.00 seconds.
L 05/27/2021 - 16:33:14: [stac.smx] [StAC] Server framerate stuttered. Expected: 66.666671, got 21.333333.
Disabling OnPlayerRunCmd checks for 5.00 seconds.
L 05/27/2021 - 16:34:03: [stac.smx] [StAC] Server framerate stuttered. Expected: 66.666671, got 17.066667.
Disabling OnPlayerRunCmd checks for 5.00 seconds.
L 05/27/2021 - 16:34:28: [stac.smx] [StAC] Server framerate stuttered. Expected: 66.666671, got 28.444444.
Disabling OnPlayerRunCmd checks for 5.00 seconds.
L 05/27/2021 - 16:34:42: [stac.smx] [StAC] Server framerate stuttered. Expected: 66.666671, got 32.000000.
Disabling OnPlayerRunCmd checks for 5.00 seconds.
L 05/27/2021 - 16:34:45: [stac.smx] [StAC] Server framerate stuttered. Expected: 66.666671, got 11.636363.
Disabling OnPlayerRunCmd checks for 5.00 seconds.
L 05/27/2021 - 16:34:45: [stac.smx] [StAC] Server framerate stuttered. Expected: 66.666671, got 42.666667.
Disabling OnPlayerRunCmd checks for 5.00 seconds.
L 05/27/2021 - 16:35:28: [stac.smx] [StAC] Server framerate stuttered. Expected: 66.666671, got 21.333333.
Disabling OnPlayerRunCmd checks for 5.00 seconds.
L 05/27/2021 - 16:35:31: [stac.smx] [StAC] Server framerate stuttered. Expected: 66.666671, got 28.444444.
Disabling OnPlayerRunCmd checks for 5.00 seconds.
L 05/27/2021 - 16:36:02: [stac.smx] [StAC] Server framerate stuttered. Expected: 66.666671, got 13.473684.
Disabling OnPlayerRunCmd checks for 5.00 seconds.
L 05/27/2021 - 16:36:02: [stac.smx] [StAC] Server framerate stuttered. Expected: 66.666671, got 42.666667.
Disabling OnPlayerRunCmd checks for 5.00 seconds.
L 05/27/2021 - 16:36:14: [stac.smx] [StAC] Server framerate stuttered. Expected: 66.666671, got 18.285715.
Disabling OnPlayerRunCmd checks for 5.00 seconds.
L 05/27/2021 - 16:36:14: [stac.smx] [StAC] Server framerate stuttered. Expected: 66.666671, got 32.000000.
Disabling OnPlayerRunCmd checks for 5.00 seconds.
L 05/27/2021 - 16:36:39: [stac.smx] [StAC] Server framerate stuttered. Expected: 66.666671, got 28.444444.
Disabling OnPlayerRunCmd checks for 5.00 seconds.
L 05/27/2021 - 16:37:01: [stac.smx] [StAC] Server framerate stuttered. Expected: 66.666671, got 21.333333.
Disabling OnPlayerRunCmd checks for 5.00 seconds.
L 05/27/2021 - 16:37:24: [stac.smx] [StAC] Server framerate stuttered. Expected: 66.666671, got 28.444444.
Disabling OnPlayerRunCmd checks for 5.00 seconds.
L 05/27/2021 - 16:37:24: [stac.smx] [StAC] Server framerate stuttered. Expected: 66.666671, got 36.571430.
Disabling OnPlayerRunCmd checks for 5.00 seconds.
L 05/27/2021 - 16:37:49: [stac.smx] [StAC] Server framerate stuttered. Expected: 66.666671, got 25.600000.
Disabling OnPlayerRunCmd checks for 5.00 seconds.
L 05/27/2021 - 16:38:19: [stac.smx] [StAC] Server framerate stuttered. Expected: 66.666671, got 25.600000.
Disabling OnPlayerRunCmd checks for 5.00 seconds.
L 05/27/2021 - 16:38:32: [stac.smx] [StAC] Server framerate stuttered. Expected: 66.666671, got 25.600000.
Disabling OnPlayerRunCmd checks for 5.00 seconds.
L 05/27/2021 - 16:41:06: [stac.smx] [StAC] Server framerate stuttered. Expected: 66.666671, got 28.444444.
Disabling OnPlayerRunCmd checks for 5.00 seconds.
L 05/27/2021 - 16:41:07: [stac.smx] [StAC] Server framerate stuttered. Expected: 66.666671, got 19.692308.
Disabling OnPlayerRunCmd checks for 5.00 seconds.
L 05/27/2021 - 16:41:58: [stac.smx] [StAC] Server framerate stuttered. Expected: 66.666671, got 28.444444.
Disabling OnPlayerRunCmd checks for 5.00 seconds.
L 05/27/2021 - 16:42:14: [stac.smx] [StAC] Server framerate stuttered. Expected: 66.666671, got 42.666667.
Disabling OnPlayerRunCmd checks for 5.00 seconds.
L 05/27/2021 - 16:42:37: [stac.smx] [StAC] Server framerate stuttered. Expected: 66.666671, got 28.444444.
Disabling OnPlayerRunCmd checks for 5.00 seconds.
L 05/27/2021 - 16:42:56: [stac.smx] [StAC] Server framerate stuttered. Expected: 66.666671, got 28.444444.
Disabling OnPlayerRunCmd checks for 5.00 seconds.
L 05/27/2021 - 16:42:57: [stac.smx] [StAC] Server framerate stuttered. Expected: 66.666671, got 42.666667.
Disabling OnPlayerRunCmd checks for 5.00 seconds.
L 05/27/2021 - 16:43:02: [stac.smx] [StAC] Server framerate stuttered. Expected: 66.666671, got 36.571430.
Disabling OnPlayerRunCmd checks for 5.00 seconds.
L 05/27/2021 - 16:44:06: [stac.smx] [StAC] Server framerate stuttered. Expected: 66.666671, got 32.000000.
Disabling OnPlayerRunCmd checks for 5.00 seconds.
L 05/27/2021 - 16:45:12: [stac.smx] [StAC] Server framerate stuttered. Expected: 66.666671, got 21.333333.
Disabling OnPlayerRunCmd checks for 5.00 seconds.
L 05/27/2021 - 16:46:01: [stac.smx] [StAC] Server framerate stuttered. Expected: 66.666671, got 21.333333.
Disabling OnPlayerRunCmd checks for 5.00 seconds.
L 05/27/2021 - 16:46:01: [stac.smx] [StAC] Server framerate stuttered. Expected: 66.666671, got 36.571430.
Disabling OnPlayerRunCmd checks for 5.00 seconds.
L 05/27/2021 - 16:46:41: [stac.smx] [StAC] Server framerate stuttered. Expected: 66.666671, got 32.000000.
Disabling OnPlayerRunCmd checks for 5.00 seconds.
L 05/27/2021 - 16:46:48: [stac.smx] [StAC] Server framerate stuttered. Expected: 66.666671, got 25.600000.
Disabling OnPlayerRunCmd checks for 5.00 seconds.
L 05/27/2021 - 16:47:07: [stac.smx] [StAC] Server framerate stuttered. Expected: 66.666671, got 23.272727.
Disabling OnPlayerRunCmd checks for 5.00 seconds.
L 05/27/2021 - 16:47:12: [stac.smx] [StAC] Server framerate stuttered. Expected: 66.666671, got 25.600000.
Disabling OnPlayerRunCmd checks for 5.00 seconds.
L 05/27/2021 - 16:49:18: [stac.smx] [StAC] Server framerate stuttered. Expected: 66.666671, got 25.600000.
Disabling OnPlayerRunCmd checks for 5.00 seconds.
L 05/27/2021 - 16:50:49: [stac.smx] [StAC] Server framerate stuttered. Expected: 66.666671, got 21.333333.
Disabling OnPlayerRunCmd checks for 5.00 seconds.
L 05/27/2021 - 16:50:50: [stac.smx] [StAC] Server framerate stuttered. Expected: 66.666671, got 19.692308.
Disabling OnPlayerRunCmd checks for 5.00 seconds.
L 05/27/2021 - 16:51:13: [stac.smx] [StAC] Server framerate stuttered. Expected: 66.666671, got 28.444444.
Disabling OnPlayerRunCmd checks for 5.00 seconds.
L 05/27/2021 - 16:51:35: [stac.smx] [StAC] Server framerate stuttered. Expected: 66.666671, got 42.666667.
Disabling OnPlayerRunCmd checks for 5.00 seconds.
L 05/27/2021 - 16:52:36: [stac.smx] [StAC] Server framerate stuttered. Expected: 66.666671, got 42.666667.
Disabling OnPlayerRunCmd checks for 5.00 seconds.
L 05/27/2021 - 16:52:38: [stac.smx] [StAC] Server framerate stuttered. Expected: 66.666671, got 32.000000.
Disabling OnPlayerRunCmd checks for 5.00 seconds.
L 05/27/2021 - 16:52:38: [stac.smx] [StAC] Server framerate stuttered. Expected: 66.666671, got 42.666667.
Disabling OnPlayerRunCmd checks for 5.00 seconds.
L 05/27/2021 - 16:52:49: [stac.smx] [StAC] Server framerate stuttered. Expected: 66.666671, got 32.000000.
Disabling OnPlayerRunCmd checks for 5.00 seconds.
L 05/27/2021 - 16:52:58: [stac.smx] [StAC] Server framerate stuttered. Expected: 66.666671, got 28.444444.
Disabling OnPlayerRunCmd checks for 5.00 seconds.
L 05/27/2021 - 16:53:27: [stac.smx] [StAC] Server framerate stuttered. Expected: 66.666671, got 28.444444.
Disabling OnPlayerRunCmd checks for 5.00 seconds.
L 05/27/2021 - 16:56:26: [stac.smx] [StAC] Server framerate stuttered. Expected: 66.666671, got 42.666667.
Disabling OnPlayerRunCmd checks for 5.00 seconds.
L 05/27/2021 - 16:56:47: [stac.smx] [StAC] Server framerate stuttered. Expected: 66.666671, got 36.571430.
Disabling OnPlayerRunCmd checks for 5.00 seconds.
L 05/27/2021 - 16:57:31: [stac.smx] [StAC] Server framerate stuttered. Expected: 66.666671, got 42.666667.
Disabling OnPlayerRunCmd checks for 5.00 seconds.
L 05/27/2021 - 17:00:26: [stac.smx] [StAC] Server framerate stuttered. Expected: 66.666671, got 25.600000.
Disabling OnPlayerRunCmd checks for 5.00 seconds.
L 05/27/2021 - 17:00:26: [stac.smx] [StAC] Server framerate stuttered. Expected: 66.666671, got 28.444444.
Disabling OnPlayerRunCmd checks for 5.00 seconds.
L 05/27/2021 - 17:00:48: [stac.smx] [StAC] Server framerate stuttered. Expected: 66.666671, got 18.285715.
Disabling OnPlayerRunCmd checks for 5.00 seconds.
L 05/27/2021 - 17:00:48: [stac.smx] [StAC] Server framerate stuttered. Expected: 66.666671, got 23.272727.
Disabling OnPlayerRunCmd checks for 5.00 seconds.
L 05/27/2021 - 17:00:51: [stac.smx] [StAC] Server framerate stuttered. Expected: 66.666671, got 36.571430.
Disabling OnPlayerRunCmd checks for 5.00 seconds.
L 05/27/2021 - 17:01:11: [stac.smx] [StAC] Server framerate stuttered. Expected: 66.666671, got 23.272727.
Disabling OnPlayerRunCmd checks for 5.00 seconds.
L 05/27/2021 - 17:01:32: [stac.smx] [StAC] Server framerate stuttered. Expected: 66.666671, got 19.692308.
Disabling OnPlayerRunCmd checks for 5.00 seconds.
L 05/27/2021 - 17:01:32: [stac.smx] [StAC] Server framerate stuttered. Expected: 66.666671, got 42.666667.
Disabling OnPlayerRunCmd checks for 5.00 seconds.
L 05/27/2021 - 17:02:42: [stac.smx] [StAC] Server framerate stuttered. Expected: 66.666671, got 23.272727.
Disabling OnPlayerRunCmd checks for 5.00 seconds.
L 05/27/2021 - 17:02:43: [stac.smx] [StAC] Server framerate stuttered. Expected: 66.666671, got 28.444444.
Disabling OnPlayerRunCmd checks for 5.00 seconds.
L 05/27/2021 - 17:04:11: [stac.smx] [StAC] Server framerate stuttered. Expected: 66.666671, got 28.444444.
Disabling OnPlayerRunCmd checks for 5.00 seconds.
L 05/27/2021 - 17:04:11: [stac.smx] [StAC] Server framerate stuttered. Expected: 66.666671, got 36.571430.
Disabling OnPlayerRunCmd checks for 5.00 seconds.
L 05/27/2021 - 17:04:14: [stac.smx] [StAC] Server framerate stuttered. Expected: 66.666671, got 23.272727.
Disabling OnPlayerRunCmd checks for 5.00 seconds.
L 05/27/2021 - 17:05:00: [stac.smx] [StAC] Server framerate stuttered. Expected: 66.666671, got 42.666667.
Disabling OnPlayerRunCmd checks for 5.00 seconds.
L 05/27/2021 - 17:05:22: [stac.smx] [StAC] Server framerate stuttered. Expected: 66.666671, got 28.444444.
Disabling OnPlayerRunCmd checks for 5.00 seconds.
L 05/27/2021 - 17:13:20: [stac.smx] [StAC] Server framerate stuttered. Expected: 66.666671, got 19.692308.
Disabling OnPlayerRunCmd checks for 5.00 seconds.
L 05/27/2021 - 17:15:58: [stac.smx] [StAC] Server framerate stuttered. Expected: 66.666671, got 25.600000.
Disabling OnPlayerRunCmd checks for 5.00 seconds.
L 05/27/2021 - 17:16:02: [stac.smx] [StAC] Server framerate stuttered. Expected: 66.666671, got 18.285715.
Disabling OnPlayerRunCmd checks for 5.00 seconds.
L 05/27/2021 - 17:16:25: [stac.smx] [StAC] Server framerate stuttered. Expected: 66.666671, got 36.571430.
Disabling OnPlayerRunCmd checks for 5.00 seconds.
L 05/27/2021 - 17:17:07: [stac.smx] [StAC] Server framerate stuttered. Expected: 66.666671, got 36.571430.
Disabling OnPlayerRunCmd checks for 5.00 seconds.
L 05/27/2021 - 17:17:09: [stac.smx] [StAC] Server framerate stuttered. Expected: 66.666671, got 32.000000.
Disabling OnPlayerRunCmd checks for 5.00 seconds.
L 05/27/2021 - 17:19:29: [stac.smx] [StAC] Server framerate stuttered. Expected: 66.666671, got 25.600000.
Disabling OnPlayerRunCmd checks for 5.00 seconds.
L 05/27/2021 - 17:20:30: [stac.smx] [StAC] Server framerate stuttered. Expected: 66.666671, got 36.571430.
Disabling OnPlayerRunCmd checks for 5.00 seconds.
L 05/27/2021 - 17:20:54: [stac.smx] [StAC] Server framerate stuttered. Expected: 66.666671, got 32.000000.
Disabling OnPlayerRunCmd checks for 5.00 seconds.
L 05/27/2021 - 17:23:51: [stac.smx] [StAC] Server framerate stuttered. Expected: 66.666671, got 25.600000.
Disabling OnPlayerRunCmd checks for 5.00 seconds.
L 05/27/2021 - 17:23:51: [stac.smx] [StAC] Server framerate stuttered. Expected: 66.666671, got 25.600000.
Disabling OnPlayerRunCmd checks for 5.00 seconds.
L 05/27/2021 - 17:23:51: [stac.smx] [StAC] Server framerate stuttered. Expected: 66.666671, got 28.444444.
Disabling OnPlayerRunCmd checks for 5.00 seconds.
L 05/27/2021 - 17:27:33: [stac.smx] [StAC] Server framerate stuttered. Expected: 66.666671, got 25.600000.
Disabling OnPlayerRunCmd checks for 5.00 seconds.
L 05/27/2021 - 17:29:11: [stac.smx] [StAC] Server framerate stuttered. Expected: 66.666671, got 25.600000.
Disabling OnPlayerRunCmd checks for 5.00 seconds.
L 05/27/2021 - 17:30:59: [stac.smx] [StAC] Server framerate stuttered. Expected: 66.666671, got 32.000000.
Disabling OnPlayerRunCmd checks for 5.00 seconds.
L 05/27/2021 - 17:31:20: [stac.smx] [StAC] Server framerate stuttered. Expected: 66.666671, got 25.600000.
Disabling OnPlayerRunCmd checks for 5.00 seconds.
L 05/27/2021 - 17:32:29: [stac.smx] [StAC] Server framerate stuttered. Expected: 66.666671, got 36.571430.
Disabling OnPlayerRunCmd checks for 5.00 seconds.
L 05/27/2021 - 17:33:26: [stac.smx] [StAC] Server framerate stuttered. Expected: 66.666671, got 18.285715.
Disabling OnPlayerRunCmd checks for 5.00 seconds.
L 05/27/2021 - 17:33:27: [stac.smx] [StAC] Server framerate stuttered. Expected: 66.666671, got 42.666667.
Disabling OnPlayerRunCmd checks for 5.00 seconds.
L 05/27/2021 - 17:34:35: [stac.smx] [StAC] Server framerate stuttered. Expected: 66.666671, got 42.666667.
Disabling OnPlayerRunCmd checks for 5.00 seconds.
L 05/27/2021 - 17:57:09: [stac.smx] [StAC] Server framerate stuttered. Expected: 66.666671, got 36.571430.
Disabling OnPlayerRunCmd checks for 5.00 seconds.
L 05/27/2021 - 18:07:19: [stac.smx] [StAC] Server framerate stuttered. Expected: 66.666671, got 23.272727.
Disabling OnPlayerRunCmd checks for 5.00 seconds.
L 05/27/2021 - 18:10:18: [stac.smx] [StAC] Server framerate stuttered. Expected: 66.666671, got 17.066667.
Disabling OnPlayerRunCmd checks for 5.00 seconds.
L 05/27/2021 - 18:13:45: [stac.smx] [StAC] Server framerate stuttered. Expected: 66.666671, got 28.444444.
Disabling OnPlayerRunCmd checks for 5.00 seconds.
L 05/27/2021 - 18:22:54: [stac.smx] [StAC] Server framerate stuttered. Expected: 66.666671, got 32.000000.
Disabling OnPlayerRunCmd checks for 5.00 seconds.
L 05/27/2021 - 18:27:12: [stac.smx] [StAC] Server framerate stuttered. Expected: 66.666671, got 21.333333.
Disabling OnPlayerRunCmd checks for 5.00 seconds.
L 05/27/2021 - 18:30:02: [stac.smx] [StAC] Server framerate stuttered. Expected: 66.666671, got 28.444444.
Disabling OnPlayerRunCmd checks for 5.00 seconds.
L 05/27/2021 - 18:44:57: [stac.smx] [StAC] Server framerate stuttered. Expected: 66.666671, got 32.000000.
Disabling OnPlayerRunCmd checks for 5.00 seconds.
L 05/27/2021 - 18:47:09: [stac.smx] [StAC] Server framerate stuttered. Expected: 66.666671, got 21.333333.
Disabling OnPlayerRunCmd checks for 5.00 seconds.
L 05/27/2021 - 18:47:09: [stac.smx] [StAC] Server framerate stuttered. Expected: 66.666671, got 36.571430.
Disabling OnPlayerRunCmd checks for 5.00 seconds.
L 05/27/2021 - 18:53:11: [stac.smx] [StAC] Server framerate stuttered. Expected: 66.666671, got 36.571430.
Disabling OnPlayerRunCmd checks for 5.00 seconds.
L 05/27/2021 - 18:55:35: [stac.smx] [StAC] Server framerate stuttered. Expected: 66.666671, got 19.692308.
Disabling OnPlayerRunCmd checks for 5.00 seconds.
L 05/27/2021 - 18:59:44: [stac.smx] [StAC] Server framerate stuttered. Expected: 66.666671, got 11.636363.
Disabling OnPlayerRunCmd checks for 5.00 seconds.
L 05/27/2021 - 19:00:25: [stac.smx] [StAC] Server framerate stuttered. Expected: 66.666671, got 25.600000.
Disabling OnPlayerRunCmd checks for 5.00 seconds.
L 05/27/2021 - 19:01:28: [stac.smx] [StAC] Server framerate stuttered. Expected: 66.666671, got 12.800000.
Disabling OnPlayerRunCmd checks for 5.00 seconds.
L 05/27/2021 - 19:01:50: [stac.smx] [StAC] Server framerate stuttered. Expected: 66.666671, got 28.444444.
Disabling OnPlayerRunCmd checks for 5.00 seconds.
L 05/27/2021 - 19:02:40: [stac.smx] [StAC] Server framerate stuttered. Expected: 66.666671, got 28.444444.
Disabling OnPlayerRunCmd checks for 5.00 seconds.
L 05/27/2021 - 19:03:43: [stac.smx] [StAC] Server framerate stuttered. Expected: 66.666671, got 11.130434.
Disabling OnPlayerRunCmd checks for 5.00 seconds.
L 05/27/2021 - 19:08:30: [stac.smx] [StAC] Server framerate stuttered. Expected: 66.666671, got 42.666667.
Disabling OnPlayerRunCmd checks for 5.00 seconds.
L 05/27/2021 - 19:08:31: [stac.smx] [StAC] Server framerate stuttered. Expected: 66.666671, got 32.000000.
Disabling OnPlayerRunCmd checks for 5.00 seconds.
L 05/27/2021 - 19:11:31: [stac.smx] [StAC] Server framerate stuttered. Expected: 66.666671, got 23.272727.
Disabling OnPlayerRunCmd checks for 5.00 seconds.
L 05/27/2021 - 19:12:18: [stac.smx] [StAC] Server framerate stuttered. Expected: 66.666671, got 19.692308.
Disabling OnPlayerRunCmd checks for 5.00 seconds.
L 05/27/2021 - 19:12:41: [stac.smx] [StAC] Server framerate stuttered. Expected: 66.666671, got 28.444444.
Disabling OnPlayerRunCmd checks for 5.00 seconds.
L 05/27/2021 - 19:13:20: [stac.smx] [StAC] Server framerate stuttered. Expected: 66.666671, got 17.066667.
Disabling OnPlayerRunCmd checks for 5.00 seconds.
L 05/27/2021 - 19:13:21: [stac.smx] [StAC] Server framerate stuttered. Expected: 66.666671, got 17.066667.
Disabling OnPlayerRunCmd checks for 5.00 seconds.
L 05/27/2021 - 19:16:02: [stac.smx] [StAC] Server framerate stuttered. Expected: 66.666671, got 28.444444.
Disabling OnPlayerRunCmd checks for 5.00 seconds.
L 05/27/2021 - 19:18:45: [stac.smx] [StAC] Server framerate stuttered. Expected: 66.666671, got 21.333333.
Disabling OnPlayerRunCmd checks for 5.00 seconds.
L 05/27/2021 - 19:19:10: [stac.smx] [StAC] Server framerate stuttered. Expected: 66.666671, got 15.058823.
Disabling OnPlayerRunCmd checks for 5.00 seconds.
L 05/27/2021 - 19:20:14: [stac.smx] [StAC] Server framerate stuttered. Expected: 66.666671, got 19.692308.
Disabling OnPlayerRunCmd checks for 5.00 seconds.
L 05/27/2021 - 19:20:37: [stac.smx] [StAC] Server framerate stuttered. Expected: 66.666671, got 23.272727.
Disabling OnPlayerRunCmd checks for 5.00 seconds.
L 05/27/2021 - 19:21:02: [stac.smx] [StAC] Server framerate stuttered. Expected: 66.666671, got 42.666667.
Disabling OnPlayerRunCmd checks for 5.00 seconds.
L 05/27/2021 - 19:21:56: [stac.smx] [StAC] Server framerate stuttered. Expected: 66.666671, got 23.272727.
Disabling OnPlayerRunCmd checks for 5.00 seconds.
L 05/27/2021 - 19:22:18: [stac.smx] [StAC] Server framerate stuttered. Expected: 66.666671, got 28.444444.
Disabling OnPlayerRunCmd checks for 5.00 seconds.
L 05/27/2021 - 19:28:02: [stac.smx] [StAC] Server framerate stuttered. Expected: 66.666671, got 17.066667.
Disabling OnPlayerRunCmd checks for 5.00 seconds.
L 05/27/2021 - 19:28:02: [stac.smx] [StAC] Server framerate stuttered. Expected: 66.666671, got 42.666667.
Disabling OnPlayerRunCmd checks for 5.00 seconds.
L 05/27/2021 - 19:29:09: [stac.smx] [StAC] Server framerate stuttered. Expected: 66.666671, got 42.666667.
Disabling OnPlayerRunCmd checks for 5.00 seconds.
L 05/27/2021 - 19:36:25: [stac.smx] [StAC] Server framerate stuttered. Expected: 66.666671, got 25.600000.
Disabling OnPlayerRunCmd checks for 5.00 seconds.
L 05/27/2021 - 19:37:14: [stac.smx] [StAC] Server framerate stuttered. Expected: 66.666671, got 28.444444.
Disabling OnPlayerRunCmd checks for 5.00 seconds.
L 05/27/2021 - 19:38:01: [stac.smx] [StAC] Server framerate stuttered. Expected: 66.666671, got 51.200000.
Disabling OnPlayerRunCmd checks for 5.00 seconds.
L 05/27/2021 - 19:38:27: [stac.smx] [StAC] Server framerate stuttered. Expected: 66.666671, got 28.444444.
Disabling OnPlayerRunCmd checks for 5.00 seconds.
L 05/27/2021 - 19:39:26: [stac.smx] [StAC] Server framerate stuttered. Expected: 66.666671, got 36.571430.
Disabling OnPlayerRunCmd checks for 5.00 seconds.
L 05/27/2021 - 19:39:26: [stac.smx] [StAC] Server framerate stuttered. Expected: 66.666671, got 42.666667.
Disabling OnPlayerRunCmd checks for 5.00 seconds.
L 05/27/2021 - 19:39:29: [stac.smx] [StAC] Server framerate stuttered. Expected: 66.666671, got 42.666667.
Disabling OnPlayerRunCmd checks for 5.00 seconds.
L 05/27/2021 - 19:41:22: [stac.smx] [StAC] Server framerate stuttered. Expected: 66.666671, got 32.000000.
Disabling OnPlayerRunCmd checks for 5.00 seconds.
L 05/27/2021 - 19:42:36: [stac.smx] [StAC] Server framerate stuttered. Expected: 66.666671, got 7.757575.
Disabling OnPlayerRunCmd checks for 5.00 seconds.
L 05/27/2021 - 21:30:13: [stac.smx] [StAC] Server framerate stuttered. Expected: 66.666671, got 21.333333.
Disabling OnPlayerRunCmd checks for 5.00 seconds.
L 05/27/2021 - 21:40:21: [stac.smx] [StAC] Server framerate stuttered. Expected: 66.666671, got 28.444444.
Disabling OnPlayerRunCmd checks for 5.00 seconds.
L 05/27/2021 - 21:54:15: [stac.smx] [StAC] Server framerate stuttered. Expected: 66.666671, got 28.444444.
Disabling OnPlayerRunCmd checks for 5.00 seconds.
L 05/27/2021 - 21:54:35: [stac.smx] [StAC] Server framerate stuttered. Expected: 66.666671, got 23.272727.
Disabling OnPlayerRunCmd checks for 5.00 seconds.
L 05/27/2021 - 21:55:02: [stac.smx] [StAC] Server framerate stuttered. Expected: 66.666671, got 28.444444.
Disabling OnPlayerRunCmd checks for 5.00 seconds.
L 05/27/2021 - 21:55:43: [stac.smx] [StAC] Server framerate stuttered. Expected: 66.666671, got 51.200000.
Disabling OnPlayerRunCmd checks for 5.00 seconds.
L 05/27/2021 - 21:55:45: [stac.smx] [StAC] Server framerate stuttered. Expected: 66.666671, got 42.666667.
Disabling OnPlayerRunCmd checks for 5.00 seconds.
L 05/27/2021 - 21:56:57: [stac.smx] [StAC] Server framerate stuttered. Expected: 66.666671, got 11.130434.
Disabling OnPlayerRunCmd checks for 5.00 seconds.
L 05/27/2021 - 21:58:26: [stac.smx] [StAC] Server framerate stuttered. Expected: 66.666671, got 32.000000.
Disabling OnPlayerRunCmd checks for 5.00 seconds.
L 05/27/2021 - 22:14:28: [stac.smx] [StAC] Server framerate stuttered. Expected: 66.666671, got 25.600000.
Disabling OnPlayerRunCmd checks for 5.00 seconds.
