L 04/09/2021 - 04:01:13: [stac.smx] [StAC] Plugin vers. ---- 4.1.17b ---- loaded
L 04/09/2021 - 04:01:22: [stac.smx] [Steamtools] Steam connected.
L 04/09/2021 - 06:14:15: [stac.smx] [Steamtools] Steam disconnected.
L 04/09/2021 - 06:14:34: [stac.smx] [Steamtools] Steam connected.
L 04/09/2021 - 14:19:20: [stac.smx] [Steamtools] Steam disconnected.
L 04/09/2021 - 14:19:32: [stac.smx] [Steamtools] Steam connected.
L 04/09/2021 - 19:08:20: [stac.smx] 
[StAC] Player MarchToVictory bhopped! Consecutive detections so far: 5
L 04/09/2021 - 19:34:46: [stac.smx] 
[StAC] Player MarchToVictory bhopped! Consecutive detections so far: 5
L 04/09/2021 - 19:34:46: [stac.smx] 
[StAC] Player MarchToVictory bhopped! Consecutive detections so far: 6
L 04/09/2021 - 19:34:47: [stac.smx] 
[StAC] Player MarchToVictory bhopped! Consecutive detections so far: 7
L 04/09/2021 - 21:07:20: [stac.smx] 
==========
[StAC] Player Hexion has invalid eye angles!
Current angles: 0.000000 -90.000000 89.989997.
Detections so far: 1
==========
L 04/09/2021 - 21:07:20: [stac.smx] 
==========
[StAC] Player Hexion has invalid eye angles!
Current angles: 0.000000 -90.000000 89.989997.
Detections so far: 2
==========
L 04/09/2021 - 21:07:20: [stac.smx] 
==========
[StAC] Player Hexion has invalid eye angles!
Current angles: 0.000000 -90.000000 89.989997.
Detections so far: 3
==========
L 04/09/2021 - 21:07:20: [stac.smx] 
==========
[StAC] Player Hexion has invalid eye angles!
Current angles: 0.000000 -90.000000 89.989997.
Detections so far: 4
==========
L 04/09/2021 - 21:07:20: [stac.smx] 
==========
[StAC] Player Hexion has invalid eye angles!
Current angles: 0.000000 -90.000000 89.989997.
Detections so far: 5
==========
L 04/09/2021 - 21:07:20: [stac.smx] 
==========
[StAC] Player Hexion has invalid eye angles!
Current angles: 0.000000 -90.000000 89.989997.
Detections so far: 6
==========
L 04/09/2021 - 21:07:20: [stac.smx] 
==========
[StAC] Player Hexion has invalid eye angles!
Current angles: 0.000000 -90.000000 89.989997.
Detections so far: 7
==========
L 04/09/2021 - 21:07:20: [stac.smx] 
==========
[StAC] Player Hexion has invalid eye angles!
Current angles: 0.000000 -90.000000 89.989997.
Detections so far: 8
==========
L 04/09/2021 - 21:07:20: [stac.smx] 
==========
[StAC] Player Hexion has invalid eye angles!
Current angles: 0.000000 -90.000000 89.989997.
Detections so far: 9
==========
L 04/09/2021 - 21:07:20: [stac.smx] 
==========
[StAC] Player Hexion has invalid eye angles!
Current angles: 0.000000 -90.000000 89.989997.
Detections so far: 10
==========
L 04/09/2021 - 21:07:20: [stac.smx] [StAC] No STV demo is being recorded, no demo name will be printed to the ban reason!
L 04/09/2021 - 21:07:20: [stac.smx] [StAC] Player Hexion had too many invalid eye angle detections! Total detections: {medium
L 04/09/2021 - 21:34:38: [stac.smx] 
==========
[StAC] Player Capital Steve has invalid eye angles!
Current angles: 22.052709 -141.660125 90.000000.
Detections so far: 1
==========
L 04/09/2021 - 21:34:38: [stac.smx] 
==========
[StAC] Player Capital Steve has invalid eye angles!
Current angles: 21.683109 -142.953735 90.000000.
Detections so far: 2
==========
L 04/09/2021 - 21:34:38: [stac.smx] 
==========
[StAC] Player Capital Steve has invalid eye angles!
Current angles: 21.375110 -144.740142 90.000000.
Detections so far: 3
==========
L 04/09/2021 - 21:34:38: [stac.smx] 
==========
[StAC] Player Capital Steve has invalid eye angles!
Current angles: 21.251911 -146.095336 90.000000.
Detections so far: 4
==========
L 04/09/2021 - 21:34:38: [stac.smx] 
==========
[StAC] Player Capital Steve has invalid eye angles!
Current angles: 21.251911 -146.218536 90.000000.
Detections so far: 5
==========
L 04/09/2021 - 21:34:38: [stac.smx] 
==========
[StAC] Player Capital Steve has invalid eye angles!
Current angles: 21.251911 -101.218528 90.000000.
Detections so far: 6
==========
L 04/09/2021 - 21:34:38: [stac.smx] 
==========
[StAC] Player Capital Steve has invalid eye angles!
Current angles: 21.251911 -101.218528 90.000000.
Detections so far: 7
==========
L 04/09/2021 - 21:34:38: [stac.smx] 
==========
[StAC] Player Capital Steve has invalid eye angles!
Current angles: 21.251911 -101.218528 90.000000.
Detections so far: 8
==========
L 04/09/2021 - 21:34:38: [stac.smx] 
==========
[StAC] Player Capital Steve has invalid eye angles!
Current angles: 21.251911 -101.218528 90.000000.
Detections so far: 9
==========
L 04/09/2021 - 21:34:38: [stac.smx] 
==========
[StAC] Player Capital Steve has invalid eye angles!
Current angles: 21.251911 -101.218528 90.000000.
Detections so far: 10
==========
L 04/09/2021 - 21:34:38: [stac.smx] [StAC] No STV demo is being recorded, no demo name will be printed to the ban reason!
L 04/09/2021 - 21:34:38: [stac.smx] [StAC] Player Capital Steve had too many invalid eye angle detections! Total detections: 
