L 09/18/2021 - 04:01:14: [stac.smx] [Steamtools] Steam connected.
L 09/18/2021 - 04:01:14: [stac.smx] [SteamWorks] Steam connected.
L 09/18/2021 - 14:29:29: [stac.smx] 

----------

[StAC] Cmdnum SPIKE of 129 on Mr. L ..
Detections so far: 1.
L 09/18/2021 - 14:29:29: [stac.smx] 
 Player: Mr. L .<6><[U:1:1247955348]><>
 StAC cached SteamID: STEAM_0:0:623977674
L 09/18/2021 - 14:29:29: [stac.smx] 
Network:
 155.04 ms ping
 0.00 loss
 65.10 inchoke
 0.00 outchoke
 65.10 totalchoke
 76.85 kbps rate
 55.83 pps rate
L 09/18/2021 - 14:29:29: [stac.smx] 
More network:
 Approx client cmdrate: ≈70 cmd/sec
 Approx server tickrate: ≈67 tick/sec
 Failing lag check? yes
 HasValidAngles? yes
 SequentialCmdnum? no
 OrderedTickcount? yes
L 09/18/2021 - 14:29:29: [stac.smx] 
Previous cmdnums:
0 3599
1 3470
2 3469
3 3468
4 3467
5 3466
L 09/18/2021 - 14:29:29: [stac.smx] 
Previous tickcounts:
0 2513076
1 2513075
2 2513074
3 2513073
4 2513072
5 2513071
L 09/18/2021 - 14:29:44: [stac.smx] 

----------

[StAC] Cmdnum SPIKE of 65 on Mr. L ..
Detections so far: 2.
L 09/18/2021 - 14:29:44: [stac.smx] 
 Player: Mr. L .<6><[U:1:1247955348]><>
 StAC cached SteamID: STEAM_0:0:623977674
L 09/18/2021 - 14:29:44: [stac.smx] 
Network:
 149.81 ms ping
 0.00 loss
 64.54 inchoke
 0.00 outchoke
 64.54 totalchoke
 80.05 kbps rate
 55.82 pps rate
L 09/18/2021 - 14:29:44: [stac.smx] 
More network:
 Approx client cmdrate: ≈69 cmd/sec
 Approx server tickrate: ≈67 tick/sec
 Failing lag check? yes
 HasValidAngles? yes
 SequentialCmdnum? no
 OrderedTickcount? yes
L 09/18/2021 - 14:29:44: [stac.smx] 
Previous cmdnums:
0 23621
1 23556
2 23555
3 23554
4 23553
5 23552
L 09/18/2021 - 14:29:44: [stac.smx] 
Previous tickcounts:
0 2514102
1 2514101
2 2514100
3 2514099
4 2514098
5 2514097
L 09/18/2021 - 14:30:06: [stac.smx] 

----------

[StAC] Cmdnum SPIKE of 523 on Mr. L ..
Detections so far: 3.
L 09/18/2021 - 14:30:06: [stac.smx] 
 Player: Mr. L .<6><[U:1:1247955348]><>
 StAC cached SteamID: STEAM_0:0:623977674
L 09/18/2021 - 14:30:06: [stac.smx] 
Network:
 147.96 ms ping
 0.00 loss
 60.91 inchoke
 0.00 outchoke
 60.91 totalchoke
 65.33 kbps rate
 58.12 pps rate
L 09/18/2021 - 14:30:06: [stac.smx] 
More network:
 Approx client cmdrate: ≈67 cmd/sec
 Approx server tickrate: ≈67 tick/sec
 Failing lag check? yes
 HasValidAngles? yes
 SequentialCmdnum? no
 OrderedTickcount? yes
L 09/18/2021 - 14:30:06: [stac.smx] 
Previous cmdnums:
0 36495
1 35972
2 35971
3 35970
4 35969
5 35968
L 09/18/2021 - 14:30:06: [stac.smx] 
Previous tickcounts:
0 2515547
1 2515546
2 2515545
3 2515544
4 2515543
5 2515542
L 09/18/2021 - 14:30:24: [stac.smx] 

----------

[StAC] SilentAim detection of 8.58° on Mr. L ..
Detections so far: 1. fuzzy = no norecoil = no
L 09/18/2021 - 14:30:24: [stac.smx] 
 Player: Mr. L .<6><[U:1:1247955348]><>
 StAC cached SteamID: STEAM_0:0:623977674
L 09/18/2021 - 14:30:24: [stac.smx] 
Network:
 142.87 ms ping
 0.00 loss
 61.02 inchoke
 0.00 outchoke
 61.02 totalchoke
 68.92 kbps rate
 58.58 pps rate
L 09/18/2021 - 14:30:24: [stac.smx] 
More network:
 Approx client cmdrate: ≈66 cmd/sec
 Approx server tickrate: ≈67 tick/sec
 Failing lag check? no
 HasValidAngles? yes
 SequentialCmdnum? yes
 OrderedTickcount? yes
L 09/18/2021 - 14:30:24: [stac.smx] 
Angles:
 angles0: x 23.957990 y -84.356246
 angles1: x 32.307956 y -82.342163
 angles2: x 23.957990 y -84.356246
 angles3: x 23.957990 y -84.356246
 angles4: x 23.957990 y -84.356246
L 09/18/2021 - 14:30:24: [stac.smx] 
Previous cmdnums:
0 52574
1 52573
2 52572
3 52571
4 52570
5 52569
L 09/18/2021 - 14:30:24: [stac.smx] 
Previous tickcounts:
0 2516709
1 2516708
2 2516707
3 2516706
4 2516705
5 2516704
L 09/18/2021 - 14:30:24: [stac.smx] 
Mouse Movement (sens weighted):
 abs(x): 0
 abs(y): 0
Mouse Movement (unweighted):
 x: 0
 y: 0
Client Sens:
 3.000000
L 09/18/2021 - 14:30:24: [stac.smx] 
Previous buttons - use https://sapphonie.github.io/flags.html to convert to readable input
0 16
1 17
2 17
3 17
4 17
5 17
L 09/18/2021 - 14:30:43: [stac.smx] 

----------

[StAC] Cmdnum SPIKE of 563 on Mr. L ..
Detections so far: 4.
L 09/18/2021 - 14:30:43: [stac.smx] 
 Player: Mr. L .<6><[U:1:1247955348]><>
 StAC cached SteamID: STEAM_0:0:623977674
L 09/18/2021 - 14:30:43: [stac.smx] 
Network:
 151.08 ms ping
 0.00 loss
 63.67 inchoke
 0.00 outchoke
 63.67 totalchoke
 78.67 kbps rate
 57.32 pps rate
L 09/18/2021 - 14:30:43: [stac.smx] 
More network:
 Approx client cmdrate: ≈68 cmd/sec
 Approx server tickrate: ≈67 tick/sec
 Failing lag check? yes
 HasValidAngles? yes
 SequentialCmdnum? no
 OrderedTickcount? yes
L 09/18/2021 - 14:30:43: [stac.smx] 
Previous cmdnums:
0 54462
1 53899
2 53898
3 53897
4 53896
5 53895
L 09/18/2021 - 14:30:43: [stac.smx] 
Previous tickcounts:
0 2518035
1 2518034
2 2518033
3 2518032
4 2518031
5 2518030
L 09/18/2021 - 14:31:40: [stac.smx] 

----------

[StAC] SilentAim detection of 21.00° on Mr. L ..
Detections so far: 2. fuzzy = yes norecoil = no
L 09/18/2021 - 14:31:40: [stac.smx] 
 Player: Mr. L .<6><[U:1:1247955348]><>
 StAC cached SteamID: STEAM_0:0:623977674
L 09/18/2021 - 14:31:40: [stac.smx] 
Network:
 153.56 ms ping
 0.00 loss
 61.18 inchoke
 0.00 outchoke
 61.18 totalchoke
 63.49 kbps rate
 58.18 pps rate
L 09/18/2021 - 14:31:40: [stac.smx] 
More network:
 Approx client cmdrate: ≈71 cmd/sec
 Approx server tickrate: ≈67 tick/sec
 Failing lag check? no
 HasValidAngles? yes
 SequentialCmdnum? yes
 OrderedTickcount? yes
L 09/18/2021 - 14:31:40: [stac.smx] 
Angles:
 angles0: x -19.074001 y -122.486251
 angles1: x -18.015676 y -101.502929
 angles2: x -19.074001 y -122.472068
 angles3: x -19.074001 y -122.472068
 angles4: x -19.074001 y -122.472068
L 09/18/2021 - 14:31:40: [stac.smx] 
Previous cmdnums:
0 71662
1 71661
2 71660
3 71659
4 71658
5 71657
L 09/18/2021 - 14:31:40: [stac.smx] 
Previous tickcounts:
0 2521775
1 2521774
2 2521773
3 2521772
4 2521771
5 2521770
L 09/18/2021 - 14:31:40: [stac.smx] 
Mouse Movement (sens weighted):
 abs(x): 0
 abs(y): 0
Mouse Movement (unweighted):
 x: 0
 y: 0
Client Sens:
 3.000000
L 09/18/2021 - 14:31:40: [stac.smx] 
Previous buttons - use https://sapphonie.github.io/flags.html to convert to readable input
0 1033
1 1033
2 1032
3 1032
4 1032
5 1032
L 09/18/2021 - 14:31:40: [stac.smx] 

----------

[StAC] SilentAim detection of 21.51° on Mr. L ..
Detections so far: 3. fuzzy = yes norecoil = no
L 09/18/2021 - 14:31:40: [stac.smx] 
 Player: Mr. L .<6><[U:1:1247955348]><>
 StAC cached SteamID: STEAM_0:0:623977674
L 09/18/2021 - 14:31:40: [stac.smx] 
Network:
 153.56 ms ping
 0.00 loss
 61.18 inchoke
 0.00 outchoke
 61.18 totalchoke
 63.49 kbps rate
 58.18 pps rate
L 09/18/2021 - 14:31:40: [stac.smx] 
More network:
 Approx client cmdrate: ≈71 cmd/sec
 Approx server tickrate: ≈67 tick/sec
 Failing lag check? no
 HasValidAngles? yes
 SequentialCmdnum? yes
 OrderedTickcount? yes
L 09/18/2021 - 14:31:40: [stac.smx] 
Angles:
 angles0: x -19.074001 y -122.481712
 angles1: x -15.057902 y -101.341979
 angles2: x -19.074001 y -122.486251
 angles3: x -18.015676 y -101.502929
 angles4: x -19.074001 y -122.472068
L 09/18/2021 - 14:31:40: [stac.smx] 
Previous cmdnums:
0 71664
1 71663
2 71662
3 71661
4 71660
5 71659
L 09/18/2021 - 14:31:40: [stac.smx] 
Previous tickcounts:
0 2521777
1 2521776
2 2521775
3 2521774
4 2521773
5 2521772
L 09/18/2021 - 14:31:40: [stac.smx] 
Mouse Movement (sens weighted):
 abs(x): 0
 abs(y): 0
Mouse Movement (unweighted):
 x: 0
 y: 0
Client Sens:
 3.000000
L 09/18/2021 - 14:31:40: [stac.smx] 
Previous buttons - use https://sapphonie.github.io/flags.html to convert to readable input
0 1033
1 1033
2 1033
3 1033
4 1032
5 1032
L 09/18/2021 - 14:31:40: [stac.smx] 

----------

[StAC] SilentAim detection of 21.44° on Mr. L ..
Detections so far: 4. fuzzy = yes norecoil = no
L 09/18/2021 - 14:31:40: [stac.smx] 
 Player: Mr. L .<6><[U:1:1247955348]><>
 StAC cached SteamID: STEAM_0:0:623977674
L 09/18/2021 - 14:31:40: [stac.smx] 
Network:
 153.56 ms ping
 0.00 loss
 61.18 inchoke
 0.00 outchoke
 61.18 totalchoke
 63.49 kbps rate
 58.18 pps rate
L 09/18/2021 - 14:31:40: [stac.smx] 
More network:
 Approx client cmdrate: ≈71 cmd/sec
 Approx server tickrate: ≈67 tick/sec
 Failing lag check? no
 HasValidAngles? yes
 SequentialCmdnum? yes
 OrderedTickcount? yes
L 09/18/2021 - 14:31:40: [stac.smx] 
Angles:
 angles0: x -19.074001 y -122.472503
 angles1: x -15.749461 y -101.290710
 angles2: x -19.074001 y -122.481712
 angles3: x -15.057902 y -101.341979
 angles4: x -19.074001 y -122.486251
L 09/18/2021 - 14:31:40: [stac.smx] 
Previous cmdnums:
0 71666
1 71665
2 71664
3 71663
4 71662
5 71661
L 09/18/2021 - 14:31:40: [stac.smx] 
Previous tickcounts:
0 2521779
1 2521778
2 2521777
3 2521776
4 2521775
5 2521774
L 09/18/2021 - 14:31:40: [stac.smx] 
Mouse Movement (sens weighted):
 abs(x): 0
 abs(y): 0
Mouse Movement (unweighted):
 x: 0
 y: 0
Client Sens:
 3.000000
L 09/18/2021 - 14:31:40: [stac.smx] 
Previous buttons - use https://sapphonie.github.io/flags.html to convert to readable input
0 1025
1 1033
2 1033
3 1033
4 1033
5 1033
L 09/18/2021 - 14:31:49: [stac.smx] 

----------

[StAC] SilentAim detection of 5.10° on Mr. L ..
Detections so far: 5. fuzzy = no norecoil = no
L 09/18/2021 - 14:31:49: [stac.smx] 
 Player: Mr. L .<6><[U:1:1247955348]><>
 StAC cached SteamID: STEAM_0:0:623977674
L 09/18/2021 - 14:31:49: [stac.smx] 
Network:
 145.85 ms ping
 0.00 loss
 66.60 inchoke
 0.00 outchoke
 66.60 totalchoke
 77.48 kbps rate
 55.99 pps rate
L 09/18/2021 - 14:31:49: [stac.smx] 
More network:
 Approx client cmdrate: ≈70 cmd/sec
 Approx server tickrate: ≈67 tick/sec
 Failing lag check? no
 HasValidAngles? yes
 SequentialCmdnum? yes
 OrderedTickcount? yes
L 09/18/2021 - 14:31:49: [stac.smx] 
Angles:
 angles0: x -21.516014 y 89.622032
 angles1: x -17.528276 y 86.428993
 angles2: x -21.516014 y 89.622032
 angles3: x -21.516014 y 89.556030
 angles4: x -21.516014 y 89.556030
L 09/18/2021 - 14:31:49: [stac.smx] 
Previous cmdnums:
0 72286
1 72285
2 72284
3 72283
4 72282
5 72281
L 09/18/2021 - 14:31:49: [stac.smx] 
Previous tickcounts:
0 2522399
1 2522398
2 2522397
3 2522396
4 2522395
5 2522394
L 09/18/2021 - 14:31:49: [stac.smx] 
Mouse Movement (sens weighted):
 abs(x): 0
 abs(y): 0
Mouse Movement (unweighted):
 x: 0
 y: 0
Client Sens:
 3.000000
L 09/18/2021 - 14:31:49: [stac.smx] 
Previous buttons - use https://sapphonie.github.io/flags.html to convert to readable input
0 1025
1 1025
2 1025
3 1033
4 1033
5 1033
L 09/18/2021 - 14:32:57: [stac.smx] 

----------

[StAC] SilentAim detection of 2.84° on Mr. L ..
Detections so far: 6. fuzzy = no norecoil = yes
L 09/18/2021 - 14:32:57: [stac.smx] 
 Player: Mr. L .<6><[U:1:1247955348]><>
 StAC cached SteamID: STEAM_0:0:623977674
L 09/18/2021 - 14:32:57: [stac.smx] 
Network:
 150.72 ms ping
 0.00 loss
 61.10 inchoke
 0.00 outchoke
 61.10 totalchoke
 49.69 kbps rate
 58.57 pps rate
L 09/18/2021 - 14:32:57: [stac.smx] 
More network:
 Approx client cmdrate: ≈70 cmd/sec
 Approx server tickrate: ≈67 tick/sec
 Failing lag check? no
 HasValidAngles? yes
 SequentialCmdnum? yes
 OrderedTickcount? yes
L 09/18/2021 - 14:32:57: [stac.smx] 
Angles:
 angles0: x 1.412402 y -73.901565
 angles1: x 0.349451 y -71.264533
 angles2: x 1.412402 y -73.901565
 angles3: x 0.386697 y -71.671081
 angles4: x 1.478402 y -73.901565
L 09/18/2021 - 14:32:57: [stac.smx] 
Previous cmdnums:
0 76814
1 76813
2 76812
3 76811
4 76810
5 76809
L 09/18/2021 - 14:32:57: [stac.smx] 
Previous tickcounts:
0 2526927
1 2526926
2 2526925
3 2526924
4 2526923
5 2526922
L 09/18/2021 - 14:32:57: [stac.smx] 
Mouse Movement (sens weighted):
 abs(x): 0
 abs(y): 0
Mouse Movement (unweighted):
 x: 0
 y: 0
Client Sens:
 3.000000
L 09/18/2021 - 14:32:57: [stac.smx] 
Previous buttons - use https://sapphonie.github.io/flags.html to convert to readable input
0 1025
1 1537
2 1537
3 1537
4 1536
5 1536
L 09/18/2021 - 14:33:00: [stac.smx] 

----------

[StAC] SilentAim detection of 17.60° on Mr. L ..
Detections so far: 7. fuzzy = no norecoil = no
L 09/18/2021 - 14:33:00: [stac.smx] 
 Player: Mr. L .<6><[U:1:1247955348]><>
 StAC cached SteamID: STEAM_0:0:623977674
L 09/18/2021 - 14:33:00: [stac.smx] 
Network:
 143.11 ms ping
 0.00 loss
 60.88 inchoke
 0.00 outchoke
 60.88 totalchoke
 62.39 kbps rate
 58.87 pps rate
L 09/18/2021 - 14:33:00: [stac.smx] 
More network:
 Approx client cmdrate: ≈70 cmd/sec
 Approx server tickrate: ≈67 tick/sec
 Failing lag check? no
 HasValidAngles? yes
 SequentialCmdnum? yes
 OrderedTickcount? yes
L 09/18/2021 - 14:33:00: [stac.smx] 
Angles:
 angles0: x 0.552752 y -99.890205
 angles1: x -9.648620 y -114.235519
 angles2: x 0.552752 y -99.890205
 angles3: x -9.484530 y -114.388671
 angles4: x -9.485021 y -114.377075
L 09/18/2021 - 14:33:00: [stac.smx] 
Previous cmdnums:
0 77041
1 77040
2 77039
3 77038
4 77037
5 77036
L 09/18/2021 - 14:33:00: [stac.smx] 
Previous tickcounts:
0 2527154
1 2527153
2 2527152
3 2527151
4 2527150
5 2527149
L 09/18/2021 - 14:33:00: [stac.smx] 
Mouse Movement (sens weighted):
 abs(x): 0
 abs(y): 0
Mouse Movement (unweighted):
 x: 0
 y: 0
Client Sens:
 3.000000
L 09/18/2021 - 14:33:00: [stac.smx] 
Previous buttons - use https://sapphonie.github.io/flags.html to convert to readable input
0 1025
1 1025
2 1025
3 1025
4 1025
5 1024
L 09/18/2021 - 14:33:00: [stac.smx] 

----------

[StAC] SilentAim detection of 17.41° on Mr. L ..
Detections so far: 8. fuzzy = no norecoil = no
L 09/18/2021 - 14:33:00: [stac.smx] 
 Player: Mr. L .<6><[U:1:1247955348]><>
 StAC cached SteamID: STEAM_0:0:623977674
L 09/18/2021 - 14:33:00: [stac.smx] 
Network:
 143.11 ms ping
 0.00 loss
 60.88 inchoke
 0.00 outchoke
 60.88 totalchoke
 62.39 kbps rate
 58.87 pps rate
L 09/18/2021 - 14:33:00: [stac.smx] 
More network:
 Approx client cmdrate: ≈70 cmd/sec
 Approx server tickrate: ≈67 tick/sec
 Failing lag check? no
 HasValidAngles? yes
 SequentialCmdnum? yes
 OrderedTickcount? yes
L 09/18/2021 - 14:33:00: [stac.smx] 
Angles:
 angles0: x 0.552752 y -99.890205
 angles1: x -9.718615 y -113.953506
 angles2: x 0.552752 y -99.890205
 angles3: x 0.552752 y -99.890205
 angles4: x -9.648620 y -114.235519
L 09/18/2021 - 14:33:00: [stac.smx] 
Previous cmdnums:
0 77044
1 77043
2 77042
3 77041
4 77040
5 77039
L 09/18/2021 - 14:33:00: [stac.smx] 
Previous tickcounts:
0 2527157
1 2527156
2 2527155
3 2527154
4 2527153
5 2527152
L 09/18/2021 - 14:33:00: [stac.smx] 
Mouse Movement (sens weighted):
 abs(x): 0
 abs(y): 0
Mouse Movement (unweighted):
 x: 0
 y: 0
Client Sens:
 3.000000
L 09/18/2021 - 14:33:00: [stac.smx] 
Previous buttons - use https://sapphonie.github.io/flags.html to convert to readable input
0 1025
1 1025
2 1025
3 1025
4 1025
5 1025
L 09/18/2021 - 14:33:00: [stac.smx] 

----------

[StAC] SilentAim detection of 17.26° on Mr. L ..
Detections so far: 9. fuzzy = no norecoil = no
L 09/18/2021 - 14:33:00: [stac.smx] 
 Player: Mr. L .<6><[U:1:1247955348]><>
 StAC cached SteamID: STEAM_0:0:623977674
L 09/18/2021 - 14:33:00: [stac.smx] 
Network:
 142.60 ms ping
 0.00 loss
 60.90 inchoke
 0.00 outchoke
 60.90 totalchoke
 62.14 kbps rate
 58.88 pps rate
L 09/18/2021 - 14:33:00: [stac.smx] 
More network:
 Approx client cmdrate: ≈70 cmd/sec
 Approx server tickrate: ≈67 tick/sec
 Failing lag check? no
 HasValidAngles? yes
 SequentialCmdnum? yes
 OrderedTickcount? yes
L 09/18/2021 - 14:33:00: [stac.smx] 
Angles:
 angles0: x 0.552752 y -99.890205
 angles1: x -9.706454 y -113.770812
 angles2: x 0.552752 y -99.890205
 angles3: x -9.718615 y -113.953506
 angles4: x 0.552752 y -99.890205
L 09/18/2021 - 14:33:00: [stac.smx] 
Previous cmdnums:
0 77046
1 77045
2 77044
3 77043
4 77042
5 77041
L 09/18/2021 - 14:33:00: [stac.smx] 
Previous tickcounts:
0 2527159
1 2527158
2 2527157
3 2527156
4 2527155
5 2527154
L 09/18/2021 - 14:33:00: [stac.smx] 
Mouse Movement (sens weighted):
 abs(x): 0
 abs(y): 0
Mouse Movement (unweighted):
 x: 0
 y: 0
Client Sens:
 3.000000
L 09/18/2021 - 14:33:00: [stac.smx] 
Previous buttons - use https://sapphonie.github.io/flags.html to convert to readable input
0 1025
1 1025
2 1025
3 1025
4 1025
5 1025
L 09/18/2021 - 14:33:07: [stac.smx] 

----------

[StAC] SilentAim detection of 6.45° on Mr. L ..
Detections so far: 10. fuzzy = no norecoil = no
L 09/18/2021 - 14:33:07: [stac.smx] 
 Player: Mr. L .<6><[U:1:1247955348]><>
 StAC cached SteamID: STEAM_0:0:623977674
L 09/18/2021 - 14:33:07: [stac.smx] 
Network:
 149.19 ms ping
 0.00 loss
 60.93 inchoke
 0.00 outchoke
 60.93 totalchoke
 62.45 kbps rate
 58.80 pps rate
L 09/18/2021 - 14:33:07: [stac.smx] 
More network:
 Approx client cmdrate: ≈70 cmd/sec
 Approx server tickrate: ≈67 tick/sec
 Failing lag check? no
 HasValidAngles? yes
 SequentialCmdnum? yes
 OrderedTickcount? yes
L 09/18/2021 - 14:33:07: [stac.smx] 
Angles:
 angles0: x 8.795053 y -20.514726
 angles1: x 13.512067 y -16.108282
 angles2: x 8.795053 y -20.514726
 angles3: x 9.323053 y -20.646726
 angles4: x 1.412235 y -17.698558
L 09/18/2021 - 14:33:07: [stac.smx] 
Previous cmdnums:
0 77479
1 77478
2 77477
3 77476
4 77475
5 77474
L 09/18/2021 - 14:33:07: [stac.smx] 
Previous tickcounts:
0 2527592
1 2527591
2 2527590
3 2527589
4 2527588
5 2527587
L 09/18/2021 - 14:33:07: [stac.smx] 
Mouse Movement (sens weighted):
 abs(x): 0
 abs(y): 0
Mouse Movement (unweighted):
 x: 0
 y: 0
Client Sens:
 3.000000
L 09/18/2021 - 14:33:07: [stac.smx] 
Previous buttons - use https://sapphonie.github.io/flags.html to convert to readable input
0 17
1 17
2 17
3 17
4 17
5 17
L 09/18/2021 - 14:33:07: [stac.smx] [StAC] No STV demo is being recorded, no demo name will be printed to the ban reason!
L 09/19/2021 - 03:11:20: [stac.smx] [StAC] Player sandvichman22's interp was 105.0ms, indicating interp exploitation. Kicked from server.
