L 07/29/2021 - 03:58:15: SourceMod error session started
L 07/29/2021 - 03:58:15: Info (map "plr_hightower") (file "/hlserver/tf2/tf/addons/sourcemod/logs/errors_20210729.log")
L 07/29/2021 - 03:58:15: [SM] Exception reported: String formatted incorrectly - parameter 4 (total 3)
L 07/29/2021 - 03:58:15: [SM] Blaming: admincheats.smx
L 07/29/2021 - 03:58:15: [SM] Call stack trace:
L 07/29/2021 - 03:58:15: [SM]   [0] PrintToConsole
L 07/29/2021 - 03:58:15: [SM]   [1] Line 75, /home/forums/content/files/7/2/34150.attach::cheatcommand
L 07/29/2021 - 03:58:15: [SM] Exception reported: String formatted incorrectly - parameter 4 (total 3)
L 07/29/2021 - 03:58:15: [SM] Blaming: admincheats.smx
L 07/29/2021 - 03:58:15: [SM] Call stack trace:
L 07/29/2021 - 03:58:15: [SM]   [0] PrintToConsole
L 07/29/2021 - 03:58:15: [SM]   [1] Line 75, /home/forums/content/files/7/2/34150.attach::cheatcommand
L 07/29/2021 - 03:58:30: [SM] Exception reported: String formatted incorrectly - parameter 4 (total 3)
L 07/29/2021 - 03:58:30: [SM] Blaming: admincheats.smx
L 07/29/2021 - 03:58:30: [SM] Call stack trace:
L 07/29/2021 - 03:58:30: [SM]   [0] PrintToConsole
L 07/29/2021 - 03:58:30: [SM]   [1] Line 75, /home/forums/content/files/7/2/34150.attach::cheatcommand
L 07/29/2021 - 03:58:30: [SM] Exception reported: String formatted incorrectly - parameter 4 (total 3)
L 07/29/2021 - 03:58:30: [SM] Blaming: admincheats.smx
L 07/29/2021 - 03:58:30: [SM] Call stack trace:
L 07/29/2021 - 03:58:30: [SM]   [0] PrintToConsole
L 07/29/2021 - 03:58:30: [SM]   [1] Line 75, /home/forums/content/files/7/2/34150.attach::cheatcommand
L 07/29/2021 - 03:58:50: [SM] Exception reported: String formatted incorrectly - parameter 4 (total 3)
L 07/29/2021 - 03:58:50: [SM] Blaming: admincheats.smx
L 07/29/2021 - 03:58:50: [SM] Call stack trace:
L 07/29/2021 - 03:58:50: [SM]   [0] PrintToConsole
L 07/29/2021 - 03:58:50: [SM]   [1] Line 75, /home/forums/content/files/7/2/34150.attach::cheatcommand
L 07/29/2021 - 03:58:50: [SM] Exception reported: String formatted incorrectly - parameter 4 (total 3)
L 07/29/2021 - 03:58:50: [SM] Blaming: admincheats.smx
L 07/29/2021 - 03:58:50: [SM] Call stack trace:
L 07/29/2021 - 03:58:50: [SM]   [0] PrintToConsole
L 07/29/2021 - 03:58:50: [SM]   [1] Line 75, /home/forums/content/files/7/2/34150.attach::cheatcommand
L 07/29/2021 - 04:00:17: [SM] Exception reported: String formatted incorrectly - parameter 4 (total 3)
L 07/29/2021 - 04:00:17: [SM] Blaming: admincheats.smx
L 07/29/2021 - 04:00:17: [SM] Call stack trace:
L 07/29/2021 - 04:00:17: [SM]   [0] PrintToConsole
L 07/29/2021 - 04:00:17: [SM]   [1] Line 75, /home/forums/content/files/7/2/34150.attach::cheatcommand
L 07/29/2021 - 04:00:17: [SM] Exception reported: String formatted incorrectly - parameter 4 (total 3)
L 07/29/2021 - 04:00:17: [SM] Blaming: admincheats.smx
L 07/29/2021 - 04:00:17: [SM] Call stack trace:
L 07/29/2021 - 04:00:17: [SM]   [0] PrintToConsole
L 07/29/2021 - 04:00:17: [SM]   [1] Line 75, /home/forums/content/files/7/2/34150.attach::cheatcommand
L 07/29/2021 - 04:01:06: Error log file session closed.
L 07/29/2021 - 04:01:43: SourceMod error session started
L 07/29/2021 - 04:01:43: Info (map "plr_hightower") (file "/hlserver/tf2/tf/addons/sourcemod/logs/errors_20210729.log")
L 07/29/2021 - 04:01:43: [tf2attributes.smx] Could not initialize call to CEconItem::SetCustomName
L 07/30/2021 - 04:00:52: Error log file session closed.
