L 02/14/2021 - 07:58:50: SourceMod error session started
L 02/14/2021 - 07:58:50: Info (map "plr_hightower") (file "/hlserver/tf2/tf/addons/sourcemod/logs/errors_20210214.log")
L 02/14/2021 - 07:58:50: [SM] Exception reported: String formatted incorrectly - parameter 4 (total 3)
L 02/14/2021 - 07:58:50: [SM] Blaming: admincheats.smx
L 02/14/2021 - 07:58:50: [SM] Call stack trace:
L 02/14/2021 - 07:58:50: [SM]   [0] PrintToConsole
L 02/14/2021 - 07:58:50: [SM]   [1] Line 75, /home/forums/content/files/7/2/34150.attach::cheatcommand
L 02/14/2021 - 07:58:51: [SM] Exception reported: String formatted incorrectly - parameter 4 (total 3)
L 02/14/2021 - 07:58:51: [SM] Blaming: admincheats.smx
L 02/14/2021 - 07:58:51: [SM] Call stack trace:
L 02/14/2021 - 07:58:51: [SM]   [0] PrintToConsole
L 02/14/2021 - 07:58:51: [SM]   [1] Line 75, /home/forums/content/files/7/2/34150.attach::cheatcommand
L 02/14/2021 - 07:58:51: [SM] Exception reported: String formatted incorrectly - parameter 4 (total 3)
L 02/14/2021 - 07:58:51: [SM] Blaming: admincheats.smx
L 02/14/2021 - 07:58:51: [SM] Call stack trace:
L 02/14/2021 - 07:58:51: [SM]   [0] PrintToConsole
L 02/14/2021 - 07:58:51: [SM]   [1] Line 75, /home/forums/content/files/7/2/34150.attach::cheatcommand
L 02/14/2021 - 07:58:51: [SM] Exception reported: String formatted incorrectly - parameter 4 (total 3)
L 02/14/2021 - 07:58:51: [SM] Blaming: admincheats.smx
L 02/14/2021 - 07:58:51: [SM] Call stack trace:
L 02/14/2021 - 07:58:51: [SM]   [0] PrintToConsole
L 02/14/2021 - 07:58:51: [SM]   [1] Line 75, /home/forums/content/files/7/2/34150.attach::cheatcommand
L 02/14/2021 - 07:58:59: [SM] Exception reported: String formatted incorrectly - parameter 4 (total 3)
L 02/14/2021 - 07:58:59: [SM] Blaming: admincheats.smx
L 02/14/2021 - 07:58:59: [SM] Call stack trace:
L 02/14/2021 - 07:58:59: [SM]   [0] PrintToConsole
L 02/14/2021 - 07:58:59: [SM]   [1] Line 75, /home/forums/content/files/7/2/34150.attach::cheatcommand
L 02/14/2021 - 07:59:04: [SM] Exception reported: String formatted incorrectly - parameter 4 (total 3)
L 02/14/2021 - 07:59:04: [SM] Blaming: admincheats.smx
L 02/14/2021 - 07:59:04: [SM] Call stack trace:
L 02/14/2021 - 07:59:04: [SM]   [0] PrintToConsole
L 02/14/2021 - 07:59:04: [SM]   [1] Line 75, /home/forums/content/files/7/2/34150.attach::cheatcommand
L 02/14/2021 - 07:59:05: [SM] Exception reported: String formatted incorrectly - parameter 4 (total 3)
L 02/14/2021 - 07:59:05: [SM] Blaming: admincheats.smx
L 02/14/2021 - 07:59:05: [SM] Call stack trace:
L 02/14/2021 - 07:59:05: [SM]   [0] PrintToConsole
L 02/14/2021 - 07:59:05: [SM]   [1] Line 75, /home/forums/content/files/7/2/34150.attach::cheatcommand
L 02/14/2021 - 07:59:05: [SM] Exception reported: String formatted incorrectly - parameter 4 (total 3)
L 02/14/2021 - 07:59:05: [SM] Blaming: admincheats.smx
L 02/14/2021 - 07:59:05: [SM] Call stack trace:
L 02/14/2021 - 07:59:05: [SM]   [0] PrintToConsole
L 02/14/2021 - 07:59:05: [SM]   [1] Line 75, /home/forums/content/files/7/2/34150.attach::cheatcommand
L 02/14/2021 - 07:59:05: [SM] Exception reported: String formatted incorrectly - parameter 4 (total 3)
L 02/14/2021 - 07:59:05: [SM] Blaming: admincheats.smx
L 02/14/2021 - 07:59:05: [SM] Call stack trace:
L 02/14/2021 - 07:59:05: [SM]   [0] PrintToConsole
L 02/14/2021 - 07:59:05: [SM]   [1] Line 75, /home/forums/content/files/7/2/34150.attach::cheatcommand
L 02/14/2021 - 07:59:06: [SM] Exception reported: String formatted incorrectly - parameter 4 (total 3)
L 02/14/2021 - 07:59:06: [SM] Blaming: admincheats.smx
L 02/14/2021 - 07:59:06: [SM] Call stack trace:
L 02/14/2021 - 07:59:06: [SM]   [0] PrintToConsole
L 02/14/2021 - 07:59:06: [SM]   [1] Line 75, /home/forums/content/files/7/2/34150.attach::cheatcommand
L 02/14/2021 - 07:59:06: [SM] Exception reported: String formatted incorrectly - parameter 4 (total 3)
L 02/14/2021 - 07:59:06: [SM] Blaming: admincheats.smx
L 02/14/2021 - 07:59:06: [SM] Call stack trace:
L 02/14/2021 - 07:59:06: [SM]   [0] PrintToConsole
L 02/14/2021 - 07:59:06: [SM]   [1] Line 75, /home/forums/content/files/7/2/34150.attach::cheatcommand
L 02/14/2021 - 07:59:06: [SM] Exception reported: String formatted incorrectly - parameter 4 (total 3)
L 02/14/2021 - 07:59:06: [SM] Blaming: admincheats.smx
L 02/14/2021 - 07:59:06: [SM] Call stack trace:
L 02/14/2021 - 07:59:06: [SM]   [0] PrintToConsole
L 02/14/2021 - 07:59:06: [SM]   [1] Line 75, /home/forums/content/files/7/2/34150.attach::cheatcommand
L 02/14/2021 - 07:59:06: [SM] Exception reported: String formatted incorrectly - parameter 4 (total 3)
L 02/14/2021 - 07:59:06: [SM] Blaming: admincheats.smx
L 02/14/2021 - 07:59:06: [SM] Call stack trace:
L 02/14/2021 - 07:59:06: [SM]   [0] PrintToConsole
L 02/14/2021 - 07:59:06: [SM]   [1] Line 75, /home/forums/content/files/7/2/34150.attach::cheatcommand
L 02/14/2021 - 07:59:07: [SM] Exception reported: String formatted incorrectly - parameter 4 (total 3)
L 02/14/2021 - 07:59:07: [SM] Blaming: admincheats.smx
L 02/14/2021 - 07:59:07: [SM] Call stack trace:
L 02/14/2021 - 07:59:07: [SM]   [0] PrintToConsole
L 02/14/2021 - 07:59:07: [SM]   [1] Line 75, /home/forums/content/files/7/2/34150.attach::cheatcommand
L 02/14/2021 - 07:59:07: [SM] Exception reported: String formatted incorrectly - parameter 4 (total 3)
L 02/14/2021 - 07:59:07: [SM] Blaming: admincheats.smx
L 02/14/2021 - 07:59:07: [SM] Call stack trace:
L 02/14/2021 - 07:59:07: [SM]   [0] PrintToConsole
L 02/14/2021 - 07:59:07: [SM]   [1] Line 75, /home/forums/content/files/7/2/34150.attach::cheatcommand
L 02/14/2021 - 07:59:07: [SM] Exception reported: String formatted incorrectly - parameter 4 (total 3)
L 02/14/2021 - 07:59:07: [SM] Blaming: admincheats.smx
L 02/14/2021 - 07:59:07: [SM] Call stack trace:
L 02/14/2021 - 07:59:07: [SM]   [0] PrintToConsole
L 02/14/2021 - 07:59:07: [SM]   [1] Line 75, /home/forums/content/files/7/2/34150.attach::cheatcommand
L 02/14/2021 - 07:59:07: [SM] Exception reported: String formatted incorrectly - parameter 4 (total 3)
L 02/14/2021 - 07:59:07: [SM] Blaming: admincheats.smx
L 02/14/2021 - 07:59:07: [SM] Call stack trace:
L 02/14/2021 - 07:59:07: [SM]   [0] PrintToConsole
L 02/14/2021 - 07:59:07: [SM]   [1] Line 75, /home/forums/content/files/7/2/34150.attach::cheatcommand
L 02/14/2021 - 07:59:07: [SM] Exception reported: String formatted incorrectly - parameter 4 (total 3)
L 02/14/2021 - 07:59:07: [SM] Blaming: admincheats.smx
L 02/14/2021 - 07:59:07: [SM] Call stack trace:
L 02/14/2021 - 07:59:07: [SM]   [0] PrintToConsole
L 02/14/2021 - 07:59:07: [SM]   [1] Line 75, /home/forums/content/files/7/2/34150.attach::cheatcommand
L 02/14/2021 - 07:59:08: [SM] Exception reported: String formatted incorrectly - parameter 4 (total 3)
L 02/14/2021 - 07:59:08: [SM] Blaming: admincheats.smx
L 02/14/2021 - 07:59:08: [SM] Call stack trace:
L 02/14/2021 - 07:59:08: [SM]   [0] PrintToConsole
L 02/14/2021 - 07:59:08: [SM]   [1] Line 75, /home/forums/content/files/7/2/34150.attach::cheatcommand
L 02/14/2021 - 07:59:08: [SM] Exception reported: String formatted incorrectly - parameter 4 (total 3)
L 02/14/2021 - 07:59:08: [SM] Blaming: admincheats.smx
L 02/14/2021 - 07:59:08: [SM] Call stack trace:
L 02/14/2021 - 07:59:08: [SM]   [0] PrintToConsole
L 02/14/2021 - 07:59:08: [SM]   [1] Line 75, /home/forums/content/files/7/2/34150.attach::cheatcommand
L 02/14/2021 - 07:59:08: [SM] Exception reported: String formatted incorrectly - parameter 4 (total 3)
L 02/14/2021 - 07:59:08: [SM] Blaming: admincheats.smx
L 02/14/2021 - 07:59:08: [SM] Call stack trace:
L 02/14/2021 - 07:59:08: [SM]   [0] PrintToConsole
L 02/14/2021 - 07:59:08: [SM]   [1] Line 75, /home/forums/content/files/7/2/34150.attach::cheatcommand
L 02/14/2021 - 07:59:08: [SM] Exception reported: String formatted incorrectly - parameter 4 (total 3)
L 02/14/2021 - 07:59:08: [SM] Blaming: admincheats.smx
L 02/14/2021 - 07:59:08: [SM] Call stack trace:
L 02/14/2021 - 07:59:08: [SM]   [0] PrintToConsole
L 02/14/2021 - 07:59:08: [SM]   [1] Line 75, /home/forums/content/files/7/2/34150.attach::cheatcommand
L 02/14/2021 - 07:59:08: [SM] Exception reported: String formatted incorrectly - parameter 4 (total 3)
L 02/14/2021 - 07:59:08: [SM] Blaming: admincheats.smx
L 02/14/2021 - 07:59:08: [SM] Call stack trace:
L 02/14/2021 - 07:59:08: [SM]   [0] PrintToConsole
L 02/14/2021 - 07:59:08: [SM]   [1] Line 75, /home/forums/content/files/7/2/34150.attach::cheatcommand
L 02/14/2021 - 07:59:08: [SM] Exception reported: String formatted incorrectly - parameter 4 (total 3)
L 02/14/2021 - 07:59:08: [SM] Blaming: admincheats.smx
L 02/14/2021 - 07:59:08: [SM] Call stack trace:
L 02/14/2021 - 07:59:08: [SM]   [0] PrintToConsole
L 02/14/2021 - 07:59:08: [SM]   [1] Line 75, /home/forums/content/files/7/2/34150.attach::cheatcommand
L 02/14/2021 - 08:01:39: [SM] Exception reported: String formatted incorrectly - parameter 4 (total 3)
L 02/14/2021 - 08:01:39: [SM] Blaming: admincheats.smx
L 02/14/2021 - 08:01:39: [SM] Call stack trace:
L 02/14/2021 - 08:01:39: [SM]   [0] PrintToConsole
L 02/14/2021 - 08:01:39: [SM]   [1] Line 75, /home/forums/content/files/7/2/34150.attach::cheatcommand
L 02/14/2021 - 08:02:27: [SM] Exception reported: String formatted incorrectly - parameter 4 (total 3)
L 02/14/2021 - 08:02:27: [SM] Blaming: admincheats.smx
L 02/14/2021 - 08:02:27: [SM] Call stack trace:
L 02/14/2021 - 08:02:27: [SM]   [0] PrintToConsole
L 02/14/2021 - 08:02:27: [SM]   [1] Line 75, /home/forums/content/files/7/2/34150.attach::cheatcommand
L 02/14/2021 - 08:02:35: [SM] Exception reported: String formatted incorrectly - parameter 4 (total 3)
L 02/14/2021 - 08:02:35: [SM] Blaming: admincheats.smx
L 02/14/2021 - 08:02:35: [SM] Call stack trace:
L 02/14/2021 - 08:02:35: [SM]   [0] PrintToConsole
L 02/14/2021 - 08:02:35: [SM]   [1] Line 75, /home/forums/content/files/7/2/34150.attach::cheatcommand
L 02/14/2021 - 08:03:02: [SM] Exception reported: String formatted incorrectly - parameter 4 (total 3)
L 02/14/2021 - 08:03:02: [SM] Blaming: admincheats.smx
L 02/14/2021 - 08:03:02: [SM] Call stack trace:
L 02/14/2021 - 08:03:02: [SM]   [0] PrintToConsole
L 02/14/2021 - 08:03:02: [SM]   [1] Line 75, /home/forums/content/files/7/2/34150.attach::cheatcommand
L 02/14/2021 - 08:03:02: [SM] Exception reported: String formatted incorrectly - parameter 4 (total 3)
L 02/14/2021 - 08:03:02: [SM] Blaming: admincheats.smx
L 02/14/2021 - 08:03:02: [SM] Call stack trace:
L 02/14/2021 - 08:03:02: [SM]   [0] PrintToConsole
L 02/14/2021 - 08:03:02: [SM]   [1] Line 75, /home/forums/content/files/7/2/34150.attach::cheatcommand
L 02/14/2021 - 08:03:02: [SM] Exception reported: String formatted incorrectly - parameter 4 (total 3)
L 02/14/2021 - 08:03:02: [SM] Blaming: admincheats.smx
L 02/14/2021 - 08:03:02: [SM] Call stack trace:
L 02/14/2021 - 08:03:02: [SM]   [0] PrintToConsole
L 02/14/2021 - 08:03:02: [SM]   [1] Line 75, /home/forums/content/files/7/2/34150.attach::cheatcommand
L 02/14/2021 - 08:03:03: [SM] Exception reported: String formatted incorrectly - parameter 4 (total 3)
L 02/14/2021 - 08:03:03: [SM] Blaming: admincheats.smx
L 02/14/2021 - 08:03:03: [SM] Call stack trace:
L 02/14/2021 - 08:03:03: [SM]   [0] PrintToConsole
L 02/14/2021 - 08:03:03: [SM]   [1] Line 75, /home/forums/content/files/7/2/34150.attach::cheatcommand
L 02/14/2021 - 08:03:03: [SM] Exception reported: String formatted incorrectly - parameter 4 (total 3)
L 02/14/2021 - 08:03:03: [SM] Blaming: admincheats.smx
L 02/14/2021 - 08:03:03: [SM] Call stack trace:
L 02/14/2021 - 08:03:03: [SM]   [0] PrintToConsole
L 02/14/2021 - 08:03:03: [SM]   [1] Line 75, /home/forums/content/files/7/2/34150.attach::cheatcommand
L 02/14/2021 - 08:03:03: [SM] Exception reported: String formatted incorrectly - parameter 4 (total 3)
L 02/14/2021 - 08:03:03: [SM] Blaming: admincheats.smx
L 02/14/2021 - 08:03:03: [SM] Call stack trace:
L 02/14/2021 - 08:03:03: [SM]   [0] PrintToConsole
L 02/14/2021 - 08:03:03: [SM]   [1] Line 75, /home/forums/content/files/7/2/34150.attach::cheatcommand
L 02/14/2021 - 08:03:03: [SM] Exception reported: String formatted incorrectly - parameter 4 (total 3)
L 02/14/2021 - 08:03:03: [SM] Blaming: admincheats.smx
L 02/14/2021 - 08:03:03: [SM] Call stack trace:
L 02/14/2021 - 08:03:03: [SM]   [0] PrintToConsole
L 02/14/2021 - 08:03:03: [SM]   [1] Line 75, /home/forums/content/files/7/2/34150.attach::cheatcommand
L 02/14/2021 - 08:03:03: [SM] Exception reported: String formatted incorrectly - parameter 4 (total 3)
L 02/14/2021 - 08:03:03: [SM] Blaming: admincheats.smx
L 02/14/2021 - 08:03:03: [SM] Call stack trace:
L 02/14/2021 - 08:03:03: [SM]   [0] PrintToConsole
L 02/14/2021 - 08:03:03: [SM]   [1] Line 75, /home/forums/content/files/7/2/34150.attach::cheatcommand
L 02/14/2021 - 08:03:03: [SM] Exception reported: String formatted incorrectly - parameter 4 (total 3)
L 02/14/2021 - 08:03:03: [SM] Blaming: admincheats.smx
L 02/14/2021 - 08:03:03: [SM] Call stack trace:
L 02/14/2021 - 08:03:03: [SM]   [0] PrintToConsole
L 02/14/2021 - 08:03:03: [SM]   [1] Line 75, /home/forums/content/files/7/2/34150.attach::cheatcommand
L 02/14/2021 - 08:03:04: [SM] Exception reported: String formatted incorrectly - parameter 4 (total 3)
L 02/14/2021 - 08:03:04: [SM] Blaming: admincheats.smx
L 02/14/2021 - 08:03:04: [SM] Call stack trace:
L 02/14/2021 - 08:03:04: [SM]   [0] PrintToConsole
L 02/14/2021 - 08:03:04: [SM]   [1] Line 75, /home/forums/content/files/7/2/34150.attach::cheatcommand
L 02/14/2021 - 08:03:04: [SM] Exception reported: String formatted incorrectly - parameter 4 (total 3)
L 02/14/2021 - 08:03:04: [SM] Blaming: admincheats.smx
L 02/14/2021 - 08:03:04: [SM] Call stack trace:
L 02/14/2021 - 08:03:04: [SM]   [0] PrintToConsole
L 02/14/2021 - 08:03:04: [SM]   [1] Line 75, /home/forums/content/files/7/2/34150.attach::cheatcommand
L 02/14/2021 - 08:03:04: [SM] Exception reported: String formatted incorrectly - parameter 4 (total 3)
L 02/14/2021 - 08:03:04: [SM] Blaming: admincheats.smx
L 02/14/2021 - 08:03:04: [SM] Call stack trace:
L 02/14/2021 - 08:03:04: [SM]   [0] PrintToConsole
L 02/14/2021 - 08:03:04: [SM]   [1] Line 75, /home/forums/content/files/7/2/34150.attach::cheatcommand
L 02/14/2021 - 08:03:04: [SM] Exception reported: String formatted incorrectly - parameter 4 (total 3)
L 02/14/2021 - 08:03:04: [SM] Blaming: admincheats.smx
L 02/14/2021 - 08:03:04: [SM] Call stack trace:
L 02/14/2021 - 08:03:04: [SM]   [0] PrintToConsole
L 02/14/2021 - 08:03:04: [SM]   [1] Line 75, /home/forums/content/files/7/2/34150.attach::cheatcommand
L 02/14/2021 - 08:03:04: [SM] Exception reported: String formatted incorrectly - parameter 4 (total 3)
L 02/14/2021 - 08:03:04: [SM] Blaming: admincheats.smx
L 02/14/2021 - 08:03:04: [SM] Call stack trace:
L 02/14/2021 - 08:03:04: [SM]   [0] PrintToConsole
L 02/14/2021 - 08:03:04: [SM]   [1] Line 75, /home/forums/content/files/7/2/34150.attach::cheatcommand
L 02/14/2021 - 08:03:05: [SM] Exception reported: String formatted incorrectly - parameter 4 (total 3)
L 02/14/2021 - 08:03:05: [SM] Blaming: admincheats.smx
L 02/14/2021 - 08:03:05: [SM] Call stack trace:
L 02/14/2021 - 08:03:05: [SM]   [0] PrintToConsole
L 02/14/2021 - 08:03:05: [SM]   [1] Line 75, /home/forums/content/files/7/2/34150.attach::cheatcommand
L 02/14/2021 - 08:03:05: [SM] Exception reported: String formatted incorrectly - parameter 4 (total 3)
L 02/14/2021 - 08:03:05: [SM] Blaming: admincheats.smx
L 02/14/2021 - 08:03:05: [SM] Call stack trace:
L 02/14/2021 - 08:03:05: [SM]   [0] PrintToConsole
L 02/14/2021 - 08:03:05: [SM]   [1] Line 75, /home/forums/content/files/7/2/34150.attach::cheatcommand
L 02/14/2021 - 08:03:05: [SM] Exception reported: String formatted incorrectly - parameter 4 (total 3)
L 02/14/2021 - 08:03:05: [SM] Blaming: admincheats.smx
L 02/14/2021 - 08:03:05: [SM] Call stack trace:
L 02/14/2021 - 08:03:05: [SM]   [0] PrintToConsole
L 02/14/2021 - 08:03:05: [SM]   [1] Line 75, /home/forums/content/files/7/2/34150.attach::cheatcommand
L 02/14/2021 - 08:03:05: [SM] Exception reported: String formatted incorrectly - parameter 4 (total 3)
L 02/14/2021 - 08:03:05: [SM] Blaming: admincheats.smx
L 02/14/2021 - 08:03:05: [SM] Call stack trace:
L 02/14/2021 - 08:03:05: [SM]   [0] PrintToConsole
L 02/14/2021 - 08:03:05: [SM]   [1] Line 75, /home/forums/content/files/7/2/34150.attach::cheatcommand
L 02/14/2021 - 08:03:05: [SM] Exception reported: String formatted incorrectly - parameter 4 (total 3)
L 02/14/2021 - 08:03:05: [SM] Blaming: admincheats.smx
L 02/14/2021 - 08:03:05: [SM] Call stack trace:
L 02/14/2021 - 08:03:05: [SM]   [0] PrintToConsole
L 02/14/2021 - 08:03:05: [SM]   [1] Line 75, /home/forums/content/files/7/2/34150.attach::cheatcommand
L 02/14/2021 - 08:03:05: [SM] Exception reported: String formatted incorrectly - parameter 4 (total 3)
L 02/14/2021 - 08:03:05: [SM] Blaming: admincheats.smx
L 02/14/2021 - 08:03:05: [SM] Call stack trace:
L 02/14/2021 - 08:03:05: [SM]   [0] PrintToConsole
L 02/14/2021 - 08:03:05: [SM]   [1] Line 75, /home/forums/content/files/7/2/34150.attach::cheatcommand
L 02/14/2021 - 08:03:06: [SM] Exception reported: String formatted incorrectly - parameter 4 (total 3)
L 02/14/2021 - 08:03:06: [SM] Blaming: admincheats.smx
L 02/14/2021 - 08:03:06: [SM] Call stack trace:
L 02/14/2021 - 08:03:06: [SM]   [0] PrintToConsole
L 02/14/2021 - 08:03:06: [SM]   [1] Line 75, /home/forums/content/files/7/2/34150.attach::cheatcommand
L 02/14/2021 - 08:03:06: [SM] Exception reported: String formatted incorrectly - parameter 4 (total 3)
L 02/14/2021 - 08:03:06: [SM] Blaming: admincheats.smx
L 02/14/2021 - 08:03:06: [SM] Call stack trace:
L 02/14/2021 - 08:03:06: [SM]   [0] PrintToConsole
L 02/14/2021 - 08:03:06: [SM]   [1] Line 75, /home/forums/content/files/7/2/34150.attach::cheatcommand
L 02/14/2021 - 08:03:06: [SM] Exception reported: String formatted incorrectly - parameter 4 (total 3)
L 02/14/2021 - 08:03:06: [SM] Blaming: admincheats.smx
L 02/14/2021 - 08:03:06: [SM] Call stack trace:
L 02/14/2021 - 08:03:06: [SM]   [0] PrintToConsole
L 02/14/2021 - 08:03:06: [SM]   [1] Line 75, /home/forums/content/files/7/2/34150.attach::cheatcommand
L 02/14/2021 - 08:12:22: [SM] Exception reported: String formatted incorrectly - parameter 4 (total 3)
L 02/14/2021 - 08:12:22: [SM] Blaming: admincheats.smx
L 02/14/2021 - 08:12:22: [SM] Call stack trace:
L 02/14/2021 - 08:12:22: [SM]   [0] PrintToConsole
L 02/14/2021 - 08:12:22: [SM]   [1] Line 75, /home/forums/content/files/7/2/34150.attach::cheatcommand
L 02/14/2021 - 08:12:22: [SM] Exception reported: String formatted incorrectly - parameter 4 (total 3)
L 02/14/2021 - 08:12:22: [SM] Blaming: admincheats.smx
L 02/14/2021 - 08:12:22: [SM] Call stack trace:
L 02/14/2021 - 08:12:22: [SM]   [0] PrintToConsole
L 02/14/2021 - 08:12:22: [SM]   [1] Line 75, /home/forums/content/files/7/2/34150.attach::cheatcommand
L 02/14/2021 - 08:12:22: [SM] Exception reported: String formatted incorrectly - parameter 4 (total 3)
L 02/14/2021 - 08:12:22: [SM] Blaming: admincheats.smx
L 02/14/2021 - 08:12:22: [SM] Call stack trace:
L 02/14/2021 - 08:12:22: [SM]   [0] PrintToConsole
L 02/14/2021 - 08:12:22: [SM]   [1] Line 75, /home/forums/content/files/7/2/34150.attach::cheatcommand
L 02/14/2021 - 08:12:32: [SM] Exception reported: String formatted incorrectly - parameter 4 (total 3)
L 02/14/2021 - 08:12:32: [SM] Blaming: admincheats.smx
L 02/14/2021 - 08:12:32: [SM] Call stack trace:
L 02/14/2021 - 08:12:32: [SM]   [0] PrintToConsole
L 02/14/2021 - 08:12:32: [SM]   [1] Line 75, /home/forums/content/files/7/2/34150.attach::cheatcommand
L 02/14/2021 - 08:32:31: [SM] Exception reported: String formatted incorrectly - parameter 4 (total 3)
L 02/14/2021 - 08:32:31: [SM] Blaming: admincheats.smx
L 02/14/2021 - 08:32:31: [SM] Call stack trace:
L 02/14/2021 - 08:32:31: [SM]   [0] PrintToConsole
L 02/14/2021 - 08:32:31: [SM]   [1] Line 75, /home/forums/content/files/7/2/34150.attach::cheatcommand
L 02/14/2021 - 08:33:04: [SM] Exception reported: String formatted incorrectly - parameter 4 (total 3)
L 02/14/2021 - 08:33:04: [SM] Blaming: admincheats.smx
L 02/14/2021 - 08:33:04: [SM] Call stack trace:
L 02/14/2021 - 08:33:04: [SM]   [0] PrintToConsole
L 02/14/2021 - 08:33:04: [SM]   [1] Line 75, /home/forums/content/files/7/2/34150.attach::cheatcommand
L 02/14/2021 - 08:36:57: [SM] Exception reported: String formatted incorrectly - parameter 4 (total 3)
L 02/14/2021 - 08:36:57: [SM] Blaming: admincheats.smx
L 02/14/2021 - 08:36:57: [SM] Call stack trace:
L 02/14/2021 - 08:36:57: [SM]   [0] PrintToConsole
L 02/14/2021 - 08:36:57: [SM]   [1] Line 75, /home/forums/content/files/7/2/34150.attach::cheatcommand
L 02/14/2021 - 08:36:59: [SM] Exception reported: String formatted incorrectly - parameter 4 (total 3)
L 02/14/2021 - 08:36:59: [SM] Blaming: admincheats.smx
L 02/14/2021 - 08:36:59: [SM] Call stack trace:
L 02/14/2021 - 08:36:59: [SM]   [0] PrintToConsole
L 02/14/2021 - 08:36:59: [SM]   [1] Line 75, /home/forums/content/files/7/2/34150.attach::cheatcommand
L 02/14/2021 - 08:37:13: [SM] Exception reported: String formatted incorrectly - parameter 4 (total 3)
L 02/14/2021 - 08:37:13: [SM] Blaming: admincheats.smx
L 02/14/2021 - 08:37:13: [SM] Call stack trace:
L 02/14/2021 - 08:37:13: [SM]   [0] PrintToConsole
L 02/14/2021 - 08:37:13: [SM]   [1] Line 75, /home/forums/content/files/7/2/34150.attach::cheatcommand
L 02/14/2021 - 08:39:51: [SM] Exception reported: String formatted incorrectly - parameter 4 (total 3)
L 02/14/2021 - 08:39:51: [SM] Blaming: admincheats.smx
L 02/14/2021 - 08:39:51: [SM] Call stack trace:
L 02/14/2021 - 08:39:51: [SM]   [0] PrintToConsole
L 02/14/2021 - 08:39:51: [SM]   [1] Line 75, /home/forums/content/files/7/2/34150.attach::cheatcommand
L 02/14/2021 - 08:40:01: [SM] Exception reported: String formatted incorrectly - parameter 4 (total 3)
L 02/14/2021 - 08:40:01: [SM] Blaming: admincheats.smx
L 02/14/2021 - 08:40:01: [SM] Call stack trace:
L 02/14/2021 - 08:40:01: [SM]   [0] PrintToConsole
L 02/14/2021 - 08:40:01: [SM]   [1] Line 75, /home/forums/content/files/7/2/34150.attach::cheatcommand
L 02/14/2021 - 08:40:22: [SM] Exception reported: String formatted incorrectly - parameter 4 (total 3)
L 02/14/2021 - 08:40:22: [SM] Blaming: admincheats.smx
L 02/14/2021 - 08:40:22: [SM] Call stack trace:
L 02/14/2021 - 08:40:22: [SM]   [0] PrintToConsole
L 02/14/2021 - 08:40:22: [SM]   [1] Line 75, /home/forums/content/files/7/2/34150.attach::cheatcommand
L 02/14/2021 - 08:40:47: [SM] Exception reported: String formatted incorrectly - parameter 4 (total 3)
L 02/14/2021 - 08:40:47: [SM] Blaming: admincheats.smx
L 02/14/2021 - 08:40:47: [SM] Call stack trace:
L 02/14/2021 - 08:40:47: [SM]   [0] PrintToConsole
L 02/14/2021 - 08:40:47: [SM]   [1] Line 75, /home/forums/content/files/7/2/34150.attach::cheatcommand
L 02/14/2021 - 08:45:48: [SM] Exception reported: String formatted incorrectly - parameter 4 (total 3)
L 02/14/2021 - 08:45:48: [SM] Blaming: admincheats.smx
L 02/14/2021 - 08:45:48: [SM] Call stack trace:
L 02/14/2021 - 08:45:48: [SM]   [0] PrintToConsole
L 02/14/2021 - 08:45:48: [SM]   [1] Line 75, /home/forums/content/files/7/2/34150.attach::cheatcommand
L 02/14/2021 - 08:45:52: [SM] Exception reported: String formatted incorrectly - parameter 4 (total 3)
L 02/14/2021 - 08:45:52: [SM] Blaming: admincheats.smx
L 02/14/2021 - 08:45:52: [SM] Call stack trace:
L 02/14/2021 - 08:45:52: [SM]   [0] PrintToConsole
L 02/14/2021 - 08:45:52: [SM]   [1] Line 75, /home/forums/content/files/7/2/34150.attach::cheatcommand
L 02/14/2021 - 09:00:45: [SM] Exception reported: String formatted incorrectly - parameter 4 (total 3)
L 02/14/2021 - 09:00:45: [SM] Blaming: admincheats.smx
L 02/14/2021 - 09:00:45: [SM] Call stack trace:
L 02/14/2021 - 09:00:45: [SM]   [0] PrintToConsole
L 02/14/2021 - 09:00:45: [SM]   [1] Line 75, /home/forums/content/files/7/2/34150.attach::cheatcommand
L 02/14/2021 - 09:00:51: [SM] Exception reported: String formatted incorrectly - parameter 4 (total 3)
L 02/14/2021 - 09:00:51: [SM] Blaming: admincheats.smx
L 02/14/2021 - 09:00:51: [SM] Call stack trace:
L 02/14/2021 - 09:00:51: [SM]   [0] PrintToConsole
L 02/14/2021 - 09:00:51: [SM]   [1] Line 75, /home/forums/content/files/7/2/34150.attach::cheatcommand
L 02/14/2021 - 09:03:02: [SM] Exception reported: String formatted incorrectly - parameter 4 (total 3)
L 02/14/2021 - 09:03:02: [SM] Blaming: admincheats.smx
L 02/14/2021 - 09:03:02: [SM] Call stack trace:
L 02/14/2021 - 09:03:02: [SM]   [0] PrintToConsole
L 02/14/2021 - 09:03:02: [SM]   [1] Line 75, /home/forums/content/files/7/2/34150.attach::cheatcommand
L 02/14/2021 - 09:03:04: [SM] Exception reported: String formatted incorrectly - parameter 4 (total 3)
L 02/14/2021 - 09:03:04: [SM] Blaming: admincheats.smx
L 02/14/2021 - 09:03:04: [SM] Call stack trace:
L 02/14/2021 - 09:03:04: [SM]   [0] PrintToConsole
L 02/14/2021 - 09:03:04: [SM]   [1] Line 75, /home/forums/content/files/7/2/34150.attach::cheatcommand
L 02/14/2021 - 09:03:05: [SM] Exception reported: String formatted incorrectly - parameter 4 (total 3)
L 02/14/2021 - 09:03:05: [SM] Blaming: admincheats.smx
L 02/14/2021 - 09:03:05: [SM] Call stack trace:
L 02/14/2021 - 09:03:05: [SM]   [0] PrintToConsole
L 02/14/2021 - 09:03:05: [SM]   [1] Line 75, /home/forums/content/files/7/2/34150.attach::cheatcommand
L 02/14/2021 - 09:03:05: [SM] Exception reported: String formatted incorrectly - parameter 4 (total 3)
L 02/14/2021 - 09:03:05: [SM] Blaming: admincheats.smx
L 02/14/2021 - 09:03:05: [SM] Call stack trace:
L 02/14/2021 - 09:03:05: [SM]   [0] PrintToConsole
L 02/14/2021 - 09:03:05: [SM]   [1] Line 75, /home/forums/content/files/7/2/34150.attach::cheatcommand
L 02/14/2021 - 09:03:05: [SM] Exception reported: String formatted incorrectly - parameter 4 (total 3)
L 02/14/2021 - 09:03:05: [SM] Blaming: admincheats.smx
L 02/14/2021 - 09:03:05: [SM] Call stack trace:
L 02/14/2021 - 09:03:05: [SM]   [0] PrintToConsole
L 02/14/2021 - 09:03:05: [SM]   [1] Line 75, /home/forums/content/files/7/2/34150.attach::cheatcommand
L 02/14/2021 - 09:03:13: [SM] Exception reported: String formatted incorrectly - parameter 4 (total 3)
L 02/14/2021 - 09:03:13: [SM] Blaming: admincheats.smx
L 02/14/2021 - 09:03:13: [SM] Call stack trace:
L 02/14/2021 - 09:03:13: [SM]   [0] PrintToConsole
L 02/14/2021 - 09:03:13: [SM]   [1] Line 75, /home/forums/content/files/7/2/34150.attach::cheatcommand
L 02/14/2021 - 09:22:06: Error log file session closed.
