L 06/16/2021 - 04:01:59: SourceMod error session started
L 06/16/2021 - 04:01:59: Info (map "plr_hightower") (file "/hlserver/tf2/tf/addons/sourcemod/logs/errors_20210616.log")
L 06/16/2021 - 04:01:59: [tf2attributes.smx] Could not initialize call to CEconItem::SetCustomName
L 06/16/2021 - 05:03:37: [SM] Exception reported: String formatted incorrectly - parameter 4 (total 3)
L 06/16/2021 - 05:03:37: [SM] Blaming: admincheats.smx
L 06/16/2021 - 05:03:37: [SM] Call stack trace:
L 06/16/2021 - 05:03:37: [SM]   [0] PrintToConsole
L 06/16/2021 - 05:03:37: [SM]   [1] Line 75, /home/forums/content/files/7/2/34150.attach::cheatcommand
L 06/16/2021 - 05:03:42: [SM] Exception reported: String formatted incorrectly - parameter 4 (total 3)
L 06/16/2021 - 05:03:42: [SM] Blaming: admincheats.smx
L 06/16/2021 - 05:03:42: [SM] Call stack trace:
L 06/16/2021 - 05:03:42: [SM]   [0] PrintToConsole
L 06/16/2021 - 05:03:42: [SM]   [1] Line 75, /home/forums/content/files/7/2/34150.attach::cheatcommand
L 06/16/2021 - 05:03:43: [SM] Exception reported: String formatted incorrectly - parameter 4 (total 3)
L 06/16/2021 - 05:03:43: [SM] Blaming: admincheats.smx
L 06/16/2021 - 05:03:43: [SM] Call stack trace:
L 06/16/2021 - 05:03:43: [SM]   [0] PrintToConsole
L 06/16/2021 - 05:03:43: [SM]   [1] Line 75, /home/forums/content/files/7/2/34150.attach::cheatcommand
L 06/16/2021 - 05:03:44: [SM] Exception reported: String formatted incorrectly - parameter 4 (total 3)
L 06/16/2021 - 05:03:44: [SM] Blaming: admincheats.smx
L 06/16/2021 - 05:03:44: [SM] Call stack trace:
L 06/16/2021 - 05:03:44: [SM]   [0] PrintToConsole
L 06/16/2021 - 05:03:44: [SM]   [1] Line 75, /home/forums/content/files/7/2/34150.attach::cheatcommand
L 06/16/2021 - 05:03:56: [SM] Exception reported: String formatted incorrectly - parameter 4 (total 3)
L 06/16/2021 - 05:03:56: [SM] Blaming: admincheats.smx
L 06/16/2021 - 05:03:56: [SM] Call stack trace:
L 06/16/2021 - 05:03:56: [SM]   [0] PrintToConsole
L 06/16/2021 - 05:03:56: [SM]   [1] Line 75, /home/forums/content/files/7/2/34150.attach::cheatcommand
L 06/16/2021 - 05:04:06: [SM] Exception reported: String formatted incorrectly - parameter 4 (total 3)
L 06/16/2021 - 05:04:06: [SM] Blaming: admincheats.smx
L 06/16/2021 - 05:04:06: [SM] Call stack trace:
L 06/16/2021 - 05:04:06: [SM]   [0] PrintToConsole
L 06/16/2021 - 05:04:06: [SM]   [1] Line 75, /home/forums/content/files/7/2/34150.attach::cheatcommand
L 06/16/2021 - 05:04:32: [SM] Exception reported: String formatted incorrectly - parameter 4 (total 3)
L 06/16/2021 - 05:04:32: [SM] Blaming: admincheats.smx
L 06/16/2021 - 05:04:32: [SM] Call stack trace:
L 06/16/2021 - 05:04:32: [SM]   [0] PrintToConsole
L 06/16/2021 - 05:04:32: [SM]   [1] Line 75, /home/forums/content/files/7/2/34150.attach::cheatcommand
L 06/16/2021 - 05:05:12: [SM] Exception reported: String formatted incorrectly - parameter 4 (total 3)
L 06/16/2021 - 05:05:12: [SM] Blaming: admincheats.smx
L 06/16/2021 - 05:05:12: [SM] Call stack trace:
L 06/16/2021 - 05:05:12: [SM]   [0] PrintToConsole
L 06/16/2021 - 05:05:12: [SM]   [1] Line 75, /home/forums/content/files/7/2/34150.attach::cheatcommand
L 06/16/2021 - 05:05:18: [SM] Exception reported: String formatted incorrectly - parameter 4 (total 3)
L 06/16/2021 - 05:05:18: [SM] Blaming: admincheats.smx
L 06/16/2021 - 05:05:18: [SM] Call stack trace:
L 06/16/2021 - 05:05:18: [SM]   [0] PrintToConsole
L 06/16/2021 - 05:05:18: [SM]   [1] Line 75, /home/forums/content/files/7/2/34150.attach::cheatcommand
L 06/16/2021 - 05:15:10: Error log file session closed.
L 06/16/2021 - 05:17:53: SourceMod error session started
L 06/16/2021 - 05:17:53: Info (map "mvm_coaltown") (file "/hlserver/tf2/tf/addons/sourcemod/logs/errors_20210616.log")
L 06/16/2021 - 05:17:53: [SM] Exception reported: String formatted incorrectly - parameter 4 (total 3)
L 06/16/2021 - 05:17:53: [SM] Blaming: admincheats.smx
L 06/16/2021 - 05:17:53: [SM] Call stack trace:
L 06/16/2021 - 05:17:53: [SM]   [0] PrintToConsole
L 06/16/2021 - 05:17:53: [SM]   [1] Line 75, /home/forums/content/files/7/2/34150.attach::cheatcommand
L 06/16/2021 - 05:29:43: [SM] Exception reported: String formatted incorrectly - parameter 4 (total 3)
L 06/16/2021 - 05:29:43: [SM] Blaming: admincheats.smx
L 06/16/2021 - 05:29:43: [SM] Call stack trace:
L 06/16/2021 - 05:29:43: [SM]   [0] PrintToConsole
L 06/16/2021 - 05:29:43: [SM]   [1] Line 75, /home/forums/content/files/7/2/34150.attach::cheatcommand
L 06/16/2021 - 05:29:54: [SM] Exception reported: String formatted incorrectly - parameter 4 (total 3)
L 06/16/2021 - 05:29:54: [SM] Blaming: admincheats.smx
L 06/16/2021 - 05:29:54: [SM] Call stack trace:
L 06/16/2021 - 05:29:54: [SM]   [0] PrintToConsole
L 06/16/2021 - 05:29:54: [SM]   [1] Line 75, /home/forums/content/files/7/2/34150.attach::cheatcommand
L 06/16/2021 - 05:33:58: Error log file session closed.
L 06/16/2021 - 05:37:27: SourceMod error session started
L 06/16/2021 - 05:37:27: Info (map "plr_hightower") (file "/hlserver/tf2/tf/addons/sourcemod/logs/errors_20210616.log")
L 06/16/2021 - 05:37:27: [SM] Exception reported: String formatted incorrectly - parameter 4 (total 3)
L 06/16/2021 - 05:37:27: [SM] Blaming: admincheats.smx
L 06/16/2021 - 05:37:27: [SM] Call stack trace:
L 06/16/2021 - 05:37:27: [SM]   [0] PrintToConsole
L 06/16/2021 - 05:37:27: [SM]   [1] Line 75, /home/forums/content/files/7/2/34150.attach::cheatcommand
L 06/16/2021 - 05:37:33: [SM] Exception reported: String formatted incorrectly - parameter 4 (total 3)
L 06/16/2021 - 05:37:33: [SM] Blaming: admincheats.smx
L 06/16/2021 - 05:37:33: [SM] Call stack trace:
L 06/16/2021 - 05:37:33: [SM]   [0] PrintToConsole
L 06/16/2021 - 05:37:33: [SM]   [1] Line 75, /home/forums/content/files/7/2/34150.attach::cheatcommand
L 06/16/2021 - 05:38:00: [SM] Exception reported: String formatted incorrectly - parameter 4 (total 3)
L 06/16/2021 - 05:38:00: [SM] Blaming: admincheats.smx
L 06/16/2021 - 05:38:00: [SM] Call stack trace:
L 06/16/2021 - 05:38:00: [SM]   [0] PrintToConsole
L 06/16/2021 - 05:38:00: [SM]   [1] Line 75, /home/forums/content/files/7/2/34150.attach::cheatcommand
L 06/16/2021 - 05:38:09: [SM] Exception reported: String formatted incorrectly - parameter 4 (total 3)
L 06/16/2021 - 05:38:09: [SM] Blaming: admincheats.smx
L 06/16/2021 - 05:38:09: [SM] Call stack trace:
L 06/16/2021 - 05:38:09: [SM]   [0] PrintToConsole
L 06/16/2021 - 05:38:09: [SM]   [1] Line 75, /home/forums/content/files/7/2/34150.attach::cheatcommand
L 06/16/2021 - 05:38:20: [SM] Exception reported: String formatted incorrectly - parameter 4 (total 3)
L 06/16/2021 - 05:38:20: [SM] Blaming: admincheats.smx
L 06/16/2021 - 05:38:20: [SM] Call stack trace:
L 06/16/2021 - 05:38:20: [SM]   [0] PrintToConsole
L 06/16/2021 - 05:38:20: [SM]   [1] Line 75, /home/forums/content/files/7/2/34150.attach::cheatcommand
L 06/16/2021 - 05:38:24: [SM] Exception reported: String formatted incorrectly - parameter 4 (total 3)
L 06/16/2021 - 05:38:24: [SM] Blaming: admincheats.smx
L 06/16/2021 - 05:38:24: [SM] Call stack trace:
L 06/16/2021 - 05:38:24: [SM]   [0] PrintToConsole
L 06/16/2021 - 05:38:24: [SM]   [1] Line 75, /home/forums/content/files/7/2/34150.attach::cheatcommand
L 06/16/2021 - 05:38:25: [SM] Exception reported: String formatted incorrectly - parameter 4 (total 3)
L 06/16/2021 - 05:38:25: [SM] Blaming: admincheats.smx
L 06/16/2021 - 05:38:25: [SM] Call stack trace:
L 06/16/2021 - 05:38:25: [SM]   [0] PrintToConsole
L 06/16/2021 - 05:38:25: [SM]   [1] Line 75, /home/forums/content/files/7/2/34150.attach::cheatcommand
L 06/16/2021 - 05:38:25: [SM] Exception reported: String formatted incorrectly - parameter 4 (total 3)
L 06/16/2021 - 05:38:25: [SM] Blaming: admincheats.smx
L 06/16/2021 - 05:38:25: [SM] Call stack trace:
L 06/16/2021 - 05:38:25: [SM]   [0] PrintToConsole
L 06/16/2021 - 05:38:25: [SM]   [1] Line 75, /home/forums/content/files/7/2/34150.attach::cheatcommand
L 06/16/2021 - 05:38:25: [SM] Exception reported: String formatted incorrectly - parameter 4 (total 3)
L 06/16/2021 - 05:38:25: [SM] Blaming: admincheats.smx
L 06/16/2021 - 05:38:25: [SM] Call stack trace:
L 06/16/2021 - 05:38:25: [SM]   [0] PrintToConsole
L 06/16/2021 - 05:38:25: [SM]   [1] Line 75, /home/forums/content/files/7/2/34150.attach::cheatcommand
L 06/16/2021 - 05:38:25: [SM] Exception reported: String formatted incorrectly - parameter 4 (total 3)
L 06/16/2021 - 05:38:25: [SM] Blaming: admincheats.smx
L 06/16/2021 - 05:38:25: [SM] Call stack trace:
L 06/16/2021 - 05:38:25: [SM]   [0] PrintToConsole
L 06/16/2021 - 05:38:25: [SM]   [1] Line 75, /home/forums/content/files/7/2/34150.attach::cheatcommand
L 06/16/2021 - 05:38:25: [SM] Exception reported: String formatted incorrectly - parameter 4 (total 3)
L 06/16/2021 - 05:38:25: [SM] Blaming: admincheats.smx
L 06/16/2021 - 05:38:25: [SM] Call stack trace:
L 06/16/2021 - 05:38:25: [SM]   [0] PrintToConsole
L 06/16/2021 - 05:38:25: [SM]   [1] Line 75, /home/forums/content/files/7/2/34150.attach::cheatcommand
L 06/16/2021 - 05:38:25: [SM] Exception reported: String formatted incorrectly - parameter 4 (total 3)
L 06/16/2021 - 05:38:25: [SM] Blaming: admincheats.smx
L 06/16/2021 - 05:38:25: [SM] Call stack trace:
L 06/16/2021 - 05:38:25: [SM]   [0] PrintToConsole
L 06/16/2021 - 05:38:25: [SM]   [1] Line 75, /home/forums/content/files/7/2/34150.attach::cheatcommand
L 06/16/2021 - 05:38:26: [SM] Exception reported: String formatted incorrectly - parameter 4 (total 3)
L 06/16/2021 - 05:38:26: [SM] Blaming: admincheats.smx
L 06/16/2021 - 05:38:26: [SM] Call stack trace:
L 06/16/2021 - 05:38:26: [SM]   [0] PrintToConsole
L 06/16/2021 - 05:38:26: [SM]   [1] Line 75, /home/forums/content/files/7/2/34150.attach::cheatcommand
L 06/16/2021 - 05:38:26: [SM] Exception reported: String formatted incorrectly - parameter 4 (total 3)
L 06/16/2021 - 05:38:26: [SM] Blaming: admincheats.smx
L 06/16/2021 - 05:38:26: [SM] Call stack trace:
L 06/16/2021 - 05:38:26: [SM]   [0] PrintToConsole
L 06/16/2021 - 05:38:26: [SM]   [1] Line 75, /home/forums/content/files/7/2/34150.attach::cheatcommand
L 06/16/2021 - 05:38:26: [SM] Exception reported: String formatted incorrectly - parameter 4 (total 3)
L 06/16/2021 - 05:38:26: [SM] Blaming: admincheats.smx
L 06/16/2021 - 05:38:26: [SM] Call stack trace:
L 06/16/2021 - 05:38:26: [SM]   [0] PrintToConsole
L 06/16/2021 - 05:38:26: [SM]   [1] Line 75, /home/forums/content/files/7/2/34150.attach::cheatcommand
L 06/16/2021 - 05:38:26: [SM] Exception reported: String formatted incorrectly - parameter 4 (total 3)
L 06/16/2021 - 05:38:26: [SM] Blaming: admincheats.smx
L 06/16/2021 - 05:38:26: [SM] Call stack trace:
L 06/16/2021 - 05:38:26: [SM]   [0] PrintToConsole
L 06/16/2021 - 05:38:26: [SM]   [1] Line 75, /home/forums/content/files/7/2/34150.attach::cheatcommand
L 06/16/2021 - 05:38:26: [SM] Exception reported: String formatted incorrectly - parameter 4 (total 3)
L 06/16/2021 - 05:38:26: [SM] Blaming: admincheats.smx
L 06/16/2021 - 05:38:26: [SM] Call stack trace:
L 06/16/2021 - 05:38:26: [SM]   [0] PrintToConsole
L 06/16/2021 - 05:38:26: [SM]   [1] Line 75, /home/forums/content/files/7/2/34150.attach::cheatcommand
L 06/16/2021 - 05:38:26: [SM] Exception reported: String formatted incorrectly - parameter 4 (total 3)
L 06/16/2021 - 05:38:26: [SM] Blaming: admincheats.smx
L 06/16/2021 - 05:38:26: [SM] Call stack trace:
L 06/16/2021 - 05:38:26: [SM]   [0] PrintToConsole
L 06/16/2021 - 05:38:26: [SM]   [1] Line 75, /home/forums/content/files/7/2/34150.attach::cheatcommand
L 06/16/2021 - 05:38:27: [SM] Exception reported: String formatted incorrectly - parameter 4 (total 3)
L 06/16/2021 - 05:38:27: [SM] Blaming: admincheats.smx
L 06/16/2021 - 05:38:27: [SM] Call stack trace:
L 06/16/2021 - 05:38:27: [SM]   [0] PrintToConsole
L 06/16/2021 - 05:38:27: [SM]   [1] Line 75, /home/forums/content/files/7/2/34150.attach::cheatcommand
L 06/16/2021 - 05:38:27: [SM] Exception reported: String formatted incorrectly - parameter 4 (total 3)
L 06/16/2021 - 05:38:27: [SM] Blaming: admincheats.smx
L 06/16/2021 - 05:38:27: [SM] Call stack trace:
L 06/16/2021 - 05:38:27: [SM]   [0] PrintToConsole
L 06/16/2021 - 05:38:27: [SM]   [1] Line 75, /home/forums/content/files/7/2/34150.attach::cheatcommand
L 06/16/2021 - 05:38:27: [SM] Exception reported: String formatted incorrectly - parameter 4 (total 3)
L 06/16/2021 - 05:38:27: [SM] Blaming: admincheats.smx
L 06/16/2021 - 05:38:27: [SM] Call stack trace:
L 06/16/2021 - 05:38:27: [SM]   [0] PrintToConsole
L 06/16/2021 - 05:38:27: [SM]   [1] Line 75, /home/forums/content/files/7/2/34150.attach::cheatcommand
L 06/16/2021 - 05:38:27: [SM] Exception reported: String formatted incorrectly - parameter 4 (total 3)
L 06/16/2021 - 05:38:27: [SM] Blaming: admincheats.smx
L 06/16/2021 - 05:38:27: [SM] Call stack trace:
L 06/16/2021 - 05:38:27: [SM]   [0] PrintToConsole
L 06/16/2021 - 05:38:27: [SM]   [1] Line 75, /home/forums/content/files/7/2/34150.attach::cheatcommand
L 06/16/2021 - 05:38:27: [SM] Exception reported: String formatted incorrectly - parameter 4 (total 3)
L 06/16/2021 - 05:38:27: [SM] Blaming: admincheats.smx
L 06/16/2021 - 05:38:27: [SM] Call stack trace:
L 06/16/2021 - 05:38:27: [SM]   [0] PrintToConsole
L 06/16/2021 - 05:38:27: [SM]   [1] Line 75, /home/forums/content/files/7/2/34150.attach::cheatcommand
L 06/16/2021 - 05:38:28: [SM] Exception reported: String formatted incorrectly - parameter 4 (total 3)
L 06/16/2021 - 05:38:28: [SM] Blaming: admincheats.smx
L 06/16/2021 - 05:38:28: [SM] Call stack trace:
L 06/16/2021 - 05:38:28: [SM]   [0] PrintToConsole
L 06/16/2021 - 05:38:28: [SM]   [1] Line 75, /home/forums/content/files/7/2/34150.attach::cheatcommand
L 06/16/2021 - 05:40:37: Error log file session closed.
