L 09/17/2020 - 06:02:59: SourceMod error session started
L 09/17/2020 - 06:02:59: Info (map "plr_hightower") (file "/hlserver/tf2/tf/addons/sourcemod/logs/errors_20200917.log")
L 09/17/2020 - 06:02:59: [SM] Exception reported: String formatted incorrectly - parameter 4 (total 3)
L 09/17/2020 - 06:02:59: [SM] Blaming: admincheats.smx
L 09/17/2020 - 06:02:59: [SM] Call stack trace:
L 09/17/2020 - 06:02:59: [SM]   [0] PrintToConsole
L 09/17/2020 - 06:02:59: [SM]   [1] Line 75, /home/forums/content/files/7/2/34150.attach::cheatcommand
L 09/17/2020 - 06:03:11: [SM] Exception reported: String formatted incorrectly - parameter 4 (total 3)
L 09/17/2020 - 06:03:11: [SM] Blaming: admincheats.smx
L 09/17/2020 - 06:03:11: [SM] Call stack trace:
L 09/17/2020 - 06:03:11: [SM]   [0] PrintToConsole
L 09/17/2020 - 06:03:11: [SM]   [1] Line 75, /home/forums/content/files/7/2/34150.attach::cheatcommand
L 09/17/2020 - 06:04:57: [SM] Exception reported: String formatted incorrectly - parameter 4 (total 3)
L 09/17/2020 - 06:04:57: [SM] Blaming: admincheats.smx
L 09/17/2020 - 06:04:57: [SM] Call stack trace:
L 09/17/2020 - 06:04:57: [SM]   [0] PrintToConsole
L 09/17/2020 - 06:04:57: [SM]   [1] Line 75, /home/forums/content/files/7/2/34150.attach::cheatcommand
L 09/17/2020 - 06:04:58: [SM] Exception reported: String formatted incorrectly - parameter 4 (total 3)
L 09/17/2020 - 06:04:58: [SM] Blaming: admincheats.smx
L 09/17/2020 - 06:04:58: [SM] Call stack trace:
L 09/17/2020 - 06:04:58: [SM]   [0] PrintToConsole
L 09/17/2020 - 06:04:58: [SM]   [1] Line 75, /home/forums/content/files/7/2/34150.attach::cheatcommand
L 09/17/2020 - 06:04:58: [SM] Exception reported: String formatted incorrectly - parameter 4 (total 3)
L 09/17/2020 - 06:04:58: [SM] Blaming: admincheats.smx
L 09/17/2020 - 06:04:58: [SM] Call stack trace:
L 09/17/2020 - 06:04:58: [SM]   [0] PrintToConsole
L 09/17/2020 - 06:04:58: [SM]   [1] Line 75, /home/forums/content/files/7/2/34150.attach::cheatcommand
L 09/17/2020 - 06:04:59: [SM] Exception reported: String formatted incorrectly - parameter 4 (total 3)
L 09/17/2020 - 06:04:59: [SM] Blaming: admincheats.smx
L 09/17/2020 - 06:04:59: [SM] Call stack trace:
L 09/17/2020 - 06:04:59: [SM]   [0] PrintToConsole
L 09/17/2020 - 06:04:59: [SM]   [1] Line 75, /home/forums/content/files/7/2/34150.attach::cheatcommand
L 09/17/2020 - 06:04:59: [SM] Exception reported: String formatted incorrectly - parameter 4 (total 3)
L 09/17/2020 - 06:04:59: [SM] Blaming: admincheats.smx
L 09/17/2020 - 06:04:59: [SM] Call stack trace:
L 09/17/2020 - 06:04:59: [SM]   [0] PrintToConsole
L 09/17/2020 - 06:04:59: [SM]   [1] Line 75, /home/forums/content/files/7/2/34150.attach::cheatcommand
L 09/17/2020 - 06:04:59: [SM] Exception reported: String formatted incorrectly - parameter 4 (total 3)
L 09/17/2020 - 06:04:59: [SM] Blaming: admincheats.smx
L 09/17/2020 - 06:04:59: [SM] Call stack trace:
L 09/17/2020 - 06:04:59: [SM]   [0] PrintToConsole
L 09/17/2020 - 06:04:59: [SM]   [1] Line 75, /home/forums/content/files/7/2/34150.attach::cheatcommand
L 09/17/2020 - 06:04:59: [SM] Exception reported: String formatted incorrectly - parameter 4 (total 3)
L 09/17/2020 - 06:04:59: [SM] Blaming: admincheats.smx
L 09/17/2020 - 06:04:59: [SM] Call stack trace:
L 09/17/2020 - 06:04:59: [SM]   [0] PrintToConsole
L 09/17/2020 - 06:04:59: [SM]   [1] Line 75, /home/forums/content/files/7/2/34150.attach::cheatcommand
L 09/17/2020 - 06:04:59: [SM] Exception reported: String formatted incorrectly - parameter 4 (total 3)
L 09/17/2020 - 06:04:59: [SM] Blaming: admincheats.smx
L 09/17/2020 - 06:04:59: [SM] Call stack trace:
L 09/17/2020 - 06:04:59: [SM]   [0] PrintToConsole
L 09/17/2020 - 06:04:59: [SM]   [1] Line 75, /home/forums/content/files/7/2/34150.attach::cheatcommand
L 09/17/2020 - 06:05:00: [SM] Exception reported: String formatted incorrectly - parameter 4 (total 3)
L 09/17/2020 - 06:05:00: [SM] Blaming: admincheats.smx
L 09/17/2020 - 06:05:00: [SM] Call stack trace:
L 09/17/2020 - 06:05:00: [SM]   [0] PrintToConsole
L 09/17/2020 - 06:05:00: [SM]   [1] Line 75, /home/forums/content/files/7/2/34150.attach::cheatcommand
L 09/17/2020 - 06:05:00: [SM] Exception reported: String formatted incorrectly - parameter 4 (total 3)
L 09/17/2020 - 06:05:00: [SM] Blaming: admincheats.smx
L 09/17/2020 - 06:05:00: [SM] Call stack trace:
L 09/17/2020 - 06:05:00: [SM]   [0] PrintToConsole
L 09/17/2020 - 06:05:00: [SM]   [1] Line 75, /home/forums/content/files/7/2/34150.attach::cheatcommand
L 09/17/2020 - 06:05:00: [SM] Exception reported: String formatted incorrectly - parameter 4 (total 3)
L 09/17/2020 - 06:05:00: [SM] Blaming: admincheats.smx
L 09/17/2020 - 06:05:00: [SM] Call stack trace:
L 09/17/2020 - 06:05:00: [SM]   [0] PrintToConsole
L 09/17/2020 - 06:05:00: [SM]   [1] Line 75, /home/forums/content/files/7/2/34150.attach::cheatcommand
L 09/17/2020 - 06:05:00: [SM] Exception reported: String formatted incorrectly - parameter 4 (total 3)
L 09/17/2020 - 06:05:00: [SM] Blaming: admincheats.smx
L 09/17/2020 - 06:05:00: [SM] Call stack trace:
L 09/17/2020 - 06:05:00: [SM]   [0] PrintToConsole
L 09/17/2020 - 06:05:00: [SM]   [1] Line 75, /home/forums/content/files/7/2/34150.attach::cheatcommand
L 09/17/2020 - 06:05:00: [SM] Exception reported: String formatted incorrectly - parameter 4 (total 3)
L 09/17/2020 - 06:05:00: [SM] Blaming: admincheats.smx
L 09/17/2020 - 06:05:00: [SM] Call stack trace:
L 09/17/2020 - 06:05:00: [SM]   [0] PrintToConsole
L 09/17/2020 - 06:05:00: [SM]   [1] Line 75, /home/forums/content/files/7/2/34150.attach::cheatcommand
L 09/17/2020 - 06:05:00: [SM] Exception reported: String formatted incorrectly - parameter 4 (total 3)
L 09/17/2020 - 06:05:00: [SM] Blaming: admincheats.smx
L 09/17/2020 - 06:05:00: [SM] Call stack trace:
L 09/17/2020 - 06:05:00: [SM]   [0] PrintToConsole
L 09/17/2020 - 06:05:00: [SM]   [1] Line 75, /home/forums/content/files/7/2/34150.attach::cheatcommand
L 09/17/2020 - 06:05:01: [SM] Exception reported: String formatted incorrectly - parameter 4 (total 3)
L 09/17/2020 - 06:05:01: [SM] Blaming: admincheats.smx
L 09/17/2020 - 06:05:01: [SM] Call stack trace:
L 09/17/2020 - 06:05:01: [SM]   [0] PrintToConsole
L 09/17/2020 - 06:05:01: [SM]   [1] Line 75, /home/forums/content/files/7/2/34150.attach::cheatcommand
L 09/17/2020 - 06:05:01: [SM] Exception reported: String formatted incorrectly - parameter 4 (total 3)
L 09/17/2020 - 06:05:01: [SM] Blaming: admincheats.smx
L 09/17/2020 - 06:05:01: [SM] Call stack trace:
L 09/17/2020 - 06:05:01: [SM]   [0] PrintToConsole
L 09/17/2020 - 06:05:01: [SM]   [1] Line 75, /home/forums/content/files/7/2/34150.attach::cheatcommand
L 09/17/2020 - 06:05:01: [SM] Exception reported: String formatted incorrectly - parameter 4 (total 3)
L 09/17/2020 - 06:05:01: [SM] Blaming: admincheats.smx
L 09/17/2020 - 06:05:01: [SM] Call stack trace:
L 09/17/2020 - 06:05:01: [SM]   [0] PrintToConsole
L 09/17/2020 - 06:05:01: [SM]   [1] Line 75, /home/forums/content/files/7/2/34150.attach::cheatcommand
L 09/17/2020 - 06:05:12: [SM] Exception reported: String formatted incorrectly - parameter 4 (total 3)
L 09/17/2020 - 06:05:12: [SM] Blaming: admincheats.smx
L 09/17/2020 - 06:05:12: [SM] Call stack trace:
L 09/17/2020 - 06:05:12: [SM]   [0] PrintToConsole
L 09/17/2020 - 06:05:12: [SM]   [1] Line 75, /home/forums/content/files/7/2/34150.attach::cheatcommand
L 09/17/2020 - 06:05:13: [SM] Exception reported: String formatted incorrectly - parameter 4 (total 3)
L 09/17/2020 - 06:05:13: [SM] Blaming: admincheats.smx
L 09/17/2020 - 06:05:13: [SM] Call stack trace:
L 09/17/2020 - 06:05:13: [SM]   [0] PrintToConsole
L 09/17/2020 - 06:05:13: [SM]   [1] Line 75, /home/forums/content/files/7/2/34150.attach::cheatcommand
L 09/17/2020 - 06:05:13: [SM] Exception reported: String formatted incorrectly - parameter 4 (total 3)
L 09/17/2020 - 06:05:13: [SM] Blaming: admincheats.smx
L 09/17/2020 - 06:05:13: [SM] Call stack trace:
L 09/17/2020 - 06:05:13: [SM]   [0] PrintToConsole
L 09/17/2020 - 06:05:13: [SM]   [1] Line 75, /home/forums/content/files/7/2/34150.attach::cheatcommand
L 09/17/2020 - 06:05:13: [SM] Exception reported: String formatted incorrectly - parameter 4 (total 3)
L 09/17/2020 - 06:05:13: [SM] Blaming: admincheats.smx
L 09/17/2020 - 06:05:13: [SM] Call stack trace:
L 09/17/2020 - 06:05:13: [SM]   [0] PrintToConsole
L 09/17/2020 - 06:05:13: [SM]   [1] Line 75, /home/forums/content/files/7/2/34150.attach::cheatcommand
L 09/17/2020 - 06:05:13: [SM] Exception reported: String formatted incorrectly - parameter 4 (total 3)
L 09/17/2020 - 06:05:13: [SM] Blaming: admincheats.smx
L 09/17/2020 - 06:05:13: [SM] Call stack trace:
L 09/17/2020 - 06:05:13: [SM]   [0] PrintToConsole
L 09/17/2020 - 06:05:13: [SM]   [1] Line 75, /home/forums/content/files/7/2/34150.attach::cheatcommand
L 09/17/2020 - 06:05:14: [SM] Exception reported: String formatted incorrectly - parameter 4 (total 3)
L 09/17/2020 - 06:05:14: [SM] Blaming: admincheats.smx
L 09/17/2020 - 06:05:14: [SM] Call stack trace:
L 09/17/2020 - 06:05:14: [SM]   [0] PrintToConsole
L 09/17/2020 - 06:05:14: [SM]   [1] Line 75, /home/forums/content/files/7/2/34150.attach::cheatcommand
L 09/17/2020 - 06:05:14: [SM] Exception reported: String formatted incorrectly - parameter 4 (total 3)
L 09/17/2020 - 06:05:14: [SM] Blaming: admincheats.smx
L 09/17/2020 - 06:05:14: [SM] Call stack trace:
L 09/17/2020 - 06:05:14: [SM]   [0] PrintToConsole
L 09/17/2020 - 06:05:14: [SM]   [1] Line 75, /home/forums/content/files/7/2/34150.attach::cheatcommand
L 09/17/2020 - 06:05:14: [SM] Exception reported: String formatted incorrectly - parameter 4 (total 3)
L 09/17/2020 - 06:05:14: [SM] Blaming: admincheats.smx
L 09/17/2020 - 06:05:14: [SM] Call stack trace:
L 09/17/2020 - 06:05:14: [SM]   [0] PrintToConsole
L 09/17/2020 - 06:05:14: [SM]   [1] Line 75, /home/forums/content/files/7/2/34150.attach::cheatcommand
L 09/17/2020 - 06:05:14: [SM] Exception reported: String formatted incorrectly - parameter 4 (total 3)
L 09/17/2020 - 06:05:14: [SM] Blaming: admincheats.smx
L 09/17/2020 - 06:05:14: [SM] Call stack trace:
L 09/17/2020 - 06:05:14: [SM]   [0] PrintToConsole
L 09/17/2020 - 06:05:14: [SM]   [1] Line 75, /home/forums/content/files/7/2/34150.attach::cheatcommand
L 09/17/2020 - 06:05:14: [SM] Exception reported: String formatted incorrectly - parameter 4 (total 3)
L 09/17/2020 - 06:05:14: [SM] Blaming: admincheats.smx
L 09/17/2020 - 06:05:14: [SM] Call stack trace:
L 09/17/2020 - 06:05:14: [SM]   [0] PrintToConsole
L 09/17/2020 - 06:05:14: [SM]   [1] Line 75, /home/forums/content/files/7/2/34150.attach::cheatcommand
L 09/17/2020 - 06:05:14: [SM] Exception reported: String formatted incorrectly - parameter 4 (total 3)
L 09/17/2020 - 06:05:14: [SM] Blaming: admincheats.smx
L 09/17/2020 - 06:05:14: [SM] Call stack trace:
L 09/17/2020 - 06:05:14: [SM]   [0] PrintToConsole
L 09/17/2020 - 06:05:14: [SM]   [1] Line 75, /home/forums/content/files/7/2/34150.attach::cheatcommand
L 09/17/2020 - 06:05:15: [SM] Exception reported: String formatted incorrectly - parameter 4 (total 3)
L 09/17/2020 - 06:05:15: [SM] Blaming: admincheats.smx
L 09/17/2020 - 06:05:15: [SM] Call stack trace:
L 09/17/2020 - 06:05:15: [SM]   [0] PrintToConsole
L 09/17/2020 - 06:05:15: [SM]   [1] Line 75, /home/forums/content/files/7/2/34150.attach::cheatcommand
L 09/17/2020 - 06:05:15: [SM] Exception reported: String formatted incorrectly - parameter 4 (total 3)
L 09/17/2020 - 06:05:15: [SM] Blaming: admincheats.smx
L 09/17/2020 - 06:05:15: [SM] Call stack trace:
L 09/17/2020 - 06:05:15: [SM]   [0] PrintToConsole
L 09/17/2020 - 06:05:15: [SM]   [1] Line 75, /home/forums/content/files/7/2/34150.attach::cheatcommand
L 09/17/2020 - 06:05:15: [SM] Exception reported: String formatted incorrectly - parameter 4 (total 3)
L 09/17/2020 - 06:05:15: [SM] Blaming: admincheats.smx
L 09/17/2020 - 06:05:15: [SM] Call stack trace:
L 09/17/2020 - 06:05:15: [SM]   [0] PrintToConsole
L 09/17/2020 - 06:05:15: [SM]   [1] Line 75, /home/forums/content/files/7/2/34150.attach::cheatcommand
L 09/17/2020 - 06:05:15: [SM] Exception reported: String formatted incorrectly - parameter 4 (total 3)
L 09/17/2020 - 06:05:15: [SM] Blaming: admincheats.smx
L 09/17/2020 - 06:05:15: [SM] Call stack trace:
L 09/17/2020 - 06:05:15: [SM]   [0] PrintToConsole
L 09/17/2020 - 06:05:15: [SM]   [1] Line 75, /home/forums/content/files/7/2/34150.attach::cheatcommand
L 09/17/2020 - 06:05:15: [SM] Exception reported: String formatted incorrectly - parameter 4 (total 3)
L 09/17/2020 - 06:05:15: [SM] Blaming: admincheats.smx
L 09/17/2020 - 06:05:15: [SM] Call stack trace:
L 09/17/2020 - 06:05:15: [SM]   [0] PrintToConsole
L 09/17/2020 - 06:05:15: [SM]   [1] Line 75, /home/forums/content/files/7/2/34150.attach::cheatcommand
L 09/17/2020 - 06:05:16: [SM] Exception reported: String formatted incorrectly - parameter 4 (total 3)
L 09/17/2020 - 06:05:16: [SM] Blaming: admincheats.smx
L 09/17/2020 - 06:05:16: [SM] Call stack trace:
L 09/17/2020 - 06:05:16: [SM]   [0] PrintToConsole
L 09/17/2020 - 06:05:16: [SM]   [1] Line 75, /home/forums/content/files/7/2/34150.attach::cheatcommand
L 09/17/2020 - 06:05:16: [SM] Exception reported: String formatted incorrectly - parameter 4 (total 3)
L 09/17/2020 - 06:05:16: [SM] Blaming: admincheats.smx
L 09/17/2020 - 06:05:16: [SM] Call stack trace:
L 09/17/2020 - 06:05:16: [SM]   [0] PrintToConsole
L 09/17/2020 - 06:05:16: [SM]   [1] Line 75, /home/forums/content/files/7/2/34150.attach::cheatcommand
L 09/17/2020 - 06:05:16: [SM] Exception reported: String formatted incorrectly - parameter 4 (total 3)
L 09/17/2020 - 06:05:16: [SM] Blaming: admincheats.smx
L 09/17/2020 - 06:05:16: [SM] Call stack trace:
L 09/17/2020 - 06:05:16: [SM]   [0] PrintToConsole
L 09/17/2020 - 06:05:16: [SM]   [1] Line 75, /home/forums/content/files/7/2/34150.attach::cheatcommand
L 09/17/2020 - 06:05:16: [SM] Exception reported: String formatted incorrectly - parameter 4 (total 3)
L 09/17/2020 - 06:05:16: [SM] Blaming: admincheats.smx
L 09/17/2020 - 06:05:16: [SM] Call stack trace:
L 09/17/2020 - 06:05:16: [SM]   [0] PrintToConsole
L 09/17/2020 - 06:05:16: [SM]   [1] Line 75, /home/forums/content/files/7/2/34150.attach::cheatcommand
L 09/17/2020 - 06:05:16: [SM] Exception reported: String formatted incorrectly - parameter 4 (total 3)
L 09/17/2020 - 06:05:16: [SM] Blaming: admincheats.smx
L 09/17/2020 - 06:05:16: [SM] Call stack trace:
L 09/17/2020 - 06:05:16: [SM]   [0] PrintToConsole
L 09/17/2020 - 06:05:16: [SM]   [1] Line 75, /home/forums/content/files/7/2/34150.attach::cheatcommand
L 09/17/2020 - 06:05:17: [SM] Exception reported: String formatted incorrectly - parameter 4 (total 3)
L 09/17/2020 - 06:05:17: [SM] Blaming: admincheats.smx
L 09/17/2020 - 06:05:17: [SM] Call stack trace:
L 09/17/2020 - 06:05:17: [SM]   [0] PrintToConsole
L 09/17/2020 - 06:05:17: [SM]   [1] Line 75, /home/forums/content/files/7/2/34150.attach::cheatcommand
L 09/17/2020 - 06:05:17: [SM] Exception reported: String formatted incorrectly - parameter 4 (total 3)
L 09/17/2020 - 06:05:17: [SM] Blaming: admincheats.smx
L 09/17/2020 - 06:05:17: [SM] Call stack trace:
L 09/17/2020 - 06:05:17: [SM]   [0] PrintToConsole
L 09/17/2020 - 06:05:17: [SM]   [1] Line 75, /home/forums/content/files/7/2/34150.attach::cheatcommand
L 09/17/2020 - 06:05:17: [SM] Exception reported: String formatted incorrectly - parameter 4 (total 3)
L 09/17/2020 - 06:05:17: [SM] Blaming: admincheats.smx
L 09/17/2020 - 06:05:17: [SM] Call stack trace:
L 09/17/2020 - 06:05:17: [SM]   [0] PrintToConsole
L 09/17/2020 - 06:05:17: [SM]   [1] Line 75, /home/forums/content/files/7/2/34150.attach::cheatcommand
L 09/17/2020 - 06:05:17: [SM] Exception reported: String formatted incorrectly - parameter 4 (total 3)
L 09/17/2020 - 06:05:17: [SM] Blaming: admincheats.smx
L 09/17/2020 - 06:05:17: [SM] Call stack trace:
L 09/17/2020 - 06:05:17: [SM]   [0] PrintToConsole
L 09/17/2020 - 06:05:17: [SM]   [1] Line 75, /home/forums/content/files/7/2/34150.attach::cheatcommand
L 09/17/2020 - 06:05:17: [SM] Exception reported: String formatted incorrectly - parameter 4 (total 3)
L 09/17/2020 - 06:05:17: [SM] Blaming: admincheats.smx
L 09/17/2020 - 06:05:17: [SM] Call stack trace:
L 09/17/2020 - 06:05:17: [SM]   [0] PrintToConsole
L 09/17/2020 - 06:05:17: [SM]   [1] Line 75, /home/forums/content/files/7/2/34150.attach::cheatcommand
L 09/17/2020 - 06:05:17: [SM] Exception reported: String formatted incorrectly - parameter 4 (total 3)
L 09/17/2020 - 06:05:17: [SM] Blaming: admincheats.smx
L 09/17/2020 - 06:05:17: [SM] Call stack trace:
L 09/17/2020 - 06:05:17: [SM]   [0] PrintToConsole
L 09/17/2020 - 06:05:17: [SM]   [1] Line 75, /home/forums/content/files/7/2/34150.attach::cheatcommand
L 09/17/2020 - 06:05:18: [SM] Exception reported: String formatted incorrectly - parameter 4 (total 3)
L 09/17/2020 - 06:05:18: [SM] Blaming: admincheats.smx
L 09/17/2020 - 06:05:18: [SM] Call stack trace:
L 09/17/2020 - 06:05:18: [SM]   [0] PrintToConsole
L 09/17/2020 - 06:05:18: [SM]   [1] Line 75, /home/forums/content/files/7/2/34150.attach::cheatcommand
L 09/17/2020 - 06:05:18: [SM] Exception reported: String formatted incorrectly - parameter 4 (total 3)
L 09/17/2020 - 06:05:18: [SM] Blaming: admincheats.smx
L 09/17/2020 - 06:05:18: [SM] Call stack trace:
L 09/17/2020 - 06:05:18: [SM]   [0] PrintToConsole
L 09/17/2020 - 06:05:18: [SM]   [1] Line 75, /home/forums/content/files/7/2/34150.attach::cheatcommand
L 09/17/2020 - 06:05:42: [SM] Exception reported: String formatted incorrectly - parameter 4 (total 3)
L 09/17/2020 - 06:05:42: [SM] Blaming: admincheats.smx
L 09/17/2020 - 06:05:42: [SM] Call stack trace:
L 09/17/2020 - 06:05:42: [SM]   [0] PrintToConsole
L 09/17/2020 - 06:05:42: [SM]   [1] Line 75, /home/forums/content/files/7/2/34150.attach::cheatcommand
L 09/17/2020 - 06:05:42: [SM] Exception reported: String formatted incorrectly - parameter 4 (total 3)
L 09/17/2020 - 06:05:42: [SM] Blaming: admincheats.smx
L 09/17/2020 - 06:05:42: [SM] Call stack trace:
L 09/17/2020 - 06:05:42: [SM]   [0] PrintToConsole
L 09/17/2020 - 06:05:42: [SM]   [1] Line 75, /home/forums/content/files/7/2/34150.attach::cheatcommand
L 09/17/2020 - 06:05:42: [SM] Exception reported: String formatted incorrectly - parameter 4 (total 3)
L 09/17/2020 - 06:05:42: [SM] Blaming: admincheats.smx
L 09/17/2020 - 06:05:42: [SM] Call stack trace:
L 09/17/2020 - 06:05:42: [SM]   [0] PrintToConsole
L 09/17/2020 - 06:05:42: [SM]   [1] Line 75, /home/forums/content/files/7/2/34150.attach::cheatcommand
L 09/17/2020 - 06:05:42: [SM] Exception reported: String formatted incorrectly - parameter 4 (total 3)
L 09/17/2020 - 06:05:42: [SM] Blaming: admincheats.smx
L 09/17/2020 - 06:05:42: [SM] Call stack trace:
L 09/17/2020 - 06:05:42: [SM]   [0] PrintToConsole
L 09/17/2020 - 06:05:42: [SM]   [1] Line 75, /home/forums/content/files/7/2/34150.attach::cheatcommand
L 09/17/2020 - 06:05:42: [SM] Exception reported: String formatted incorrectly - parameter 4 (total 3)
L 09/17/2020 - 06:05:42: [SM] Blaming: admincheats.smx
L 09/17/2020 - 06:05:42: [SM] Call stack trace:
L 09/17/2020 - 06:05:42: [SM]   [0] PrintToConsole
L 09/17/2020 - 06:05:42: [SM]   [1] Line 75, /home/forums/content/files/7/2/34150.attach::cheatcommand
L 09/17/2020 - 06:05:42: [SM] Exception reported: String formatted incorrectly - parameter 4 (total 3)
L 09/17/2020 - 06:05:42: [SM] Blaming: admincheats.smx
L 09/17/2020 - 06:05:42: [SM] Call stack trace:
L 09/17/2020 - 06:05:42: [SM]   [0] PrintToConsole
L 09/17/2020 - 06:05:42: [SM]   [1] Line 75, /home/forums/content/files/7/2/34150.attach::cheatcommand
L 09/17/2020 - 06:05:43: [SM] Exception reported: String formatted incorrectly - parameter 4 (total 3)
L 09/17/2020 - 06:05:43: [SM] Blaming: admincheats.smx
L 09/17/2020 - 06:05:43: [SM] Call stack trace:
L 09/17/2020 - 06:05:43: [SM]   [0] PrintToConsole
L 09/17/2020 - 06:05:43: [SM]   [1] Line 75, /home/forums/content/files/7/2/34150.attach::cheatcommand
L 09/17/2020 - 06:05:43: [SM] Exception reported: String formatted incorrectly - parameter 4 (total 3)
L 09/17/2020 - 06:05:43: [SM] Blaming: admincheats.smx
L 09/17/2020 - 06:05:43: [SM] Call stack trace:
L 09/17/2020 - 06:05:43: [SM]   [0] PrintToConsole
L 09/17/2020 - 06:05:43: [SM]   [1] Line 75, /home/forums/content/files/7/2/34150.attach::cheatcommand
L 09/17/2020 - 06:05:43: [SM] Exception reported: String formatted incorrectly - parameter 4 (total 3)
L 09/17/2020 - 06:05:43: [SM] Blaming: admincheats.smx
L 09/17/2020 - 06:05:43: [SM] Call stack trace:
L 09/17/2020 - 06:05:43: [SM]   [0] PrintToConsole
L 09/17/2020 - 06:05:43: [SM]   [1] Line 75, /home/forums/content/files/7/2/34150.attach::cheatcommand
L 09/17/2020 - 06:05:43: [SM] Exception reported: String formatted incorrectly - parameter 4 (total 3)
L 09/17/2020 - 06:05:43: [SM] Blaming: admincheats.smx
L 09/17/2020 - 06:05:43: [SM] Call stack trace:
L 09/17/2020 - 06:05:43: [SM]   [0] PrintToConsole
L 09/17/2020 - 06:05:43: [SM]   [1] Line 75, /home/forums/content/files/7/2/34150.attach::cheatcommand
L 09/17/2020 - 06:05:43: [SM] Exception reported: String formatted incorrectly - parameter 4 (total 3)
L 09/17/2020 - 06:05:43: [SM] Blaming: admincheats.smx
L 09/17/2020 - 06:05:43: [SM] Call stack trace:
L 09/17/2020 - 06:05:43: [SM]   [0] PrintToConsole
L 09/17/2020 - 06:05:43: [SM]   [1] Line 75, /home/forums/content/files/7/2/34150.attach::cheatcommand
L 09/17/2020 - 06:06:26: [SM] Exception reported: String formatted incorrectly - parameter 4 (total 3)
L 09/17/2020 - 06:06:26: [SM] Blaming: admincheats.smx
L 09/17/2020 - 06:06:26: [SM] Call stack trace:
L 09/17/2020 - 06:06:26: [SM]   [0] PrintToConsole
L 09/17/2020 - 06:06:26: [SM]   [1] Line 75, /home/forums/content/files/7/2/34150.attach::cheatcommand
L 09/17/2020 - 06:06:40: [SM] Exception reported: String formatted incorrectly - parameter 4 (total 3)
L 09/17/2020 - 06:06:40: [SM] Blaming: admincheats.smx
L 09/17/2020 - 06:06:40: [SM] Call stack trace:
L 09/17/2020 - 06:06:40: [SM]   [0] PrintToConsole
L 09/17/2020 - 06:06:40: [SM]   [1] Line 75, /home/forums/content/files/7/2/34150.attach::cheatcommand
L 09/17/2020 - 06:06:40: [SM] Exception reported: String formatted incorrectly - parameter 4 (total 3)
L 09/17/2020 - 06:06:40: [SM] Blaming: admincheats.smx
L 09/17/2020 - 06:06:40: [SM] Call stack trace:
L 09/17/2020 - 06:06:40: [SM]   [0] PrintToConsole
L 09/17/2020 - 06:06:40: [SM]   [1] Line 75, /home/forums/content/files/7/2/34150.attach::cheatcommand
L 09/17/2020 - 06:06:40: [SM] Exception reported: String formatted incorrectly - parameter 4 (total 3)
L 09/17/2020 - 06:06:40: [SM] Blaming: admincheats.smx
L 09/17/2020 - 06:06:40: [SM] Call stack trace:
L 09/17/2020 - 06:06:40: [SM]   [0] PrintToConsole
L 09/17/2020 - 06:06:40: [SM]   [1] Line 75, /home/forums/content/files/7/2/34150.attach::cheatcommand
L 09/17/2020 - 06:06:40: [SM] Exception reported: String formatted incorrectly - parameter 4 (total 3)
L 09/17/2020 - 06:06:40: [SM] Blaming: admincheats.smx
L 09/17/2020 - 06:06:40: [SM] Call stack trace:
L 09/17/2020 - 06:06:40: [SM]   [0] PrintToConsole
L 09/17/2020 - 06:06:40: [SM]   [1] Line 75, /home/forums/content/files/7/2/34150.attach::cheatcommand
L 09/17/2020 - 06:06:41: [SM] Exception reported: String formatted incorrectly - parameter 4 (total 3)
L 09/17/2020 - 06:06:41: [SM] Blaming: admincheats.smx
L 09/17/2020 - 06:06:41: [SM] Call stack trace:
L 09/17/2020 - 06:06:41: [SM]   [0] PrintToConsole
L 09/17/2020 - 06:06:41: [SM]   [1] Line 75, /home/forums/content/files/7/2/34150.attach::cheatcommand
L 09/17/2020 - 06:06:41: [SM] Exception reported: String formatted incorrectly - parameter 4 (total 3)
L 09/17/2020 - 06:06:41: [SM] Blaming: admincheats.smx
L 09/17/2020 - 06:06:41: [SM] Call stack trace:
L 09/17/2020 - 06:06:41: [SM]   [0] PrintToConsole
L 09/17/2020 - 06:06:41: [SM]   [1] Line 75, /home/forums/content/files/7/2/34150.attach::cheatcommand
L 09/17/2020 - 06:07:17: [SM] Exception reported: String formatted incorrectly - parameter 4 (total 3)
L 09/17/2020 - 06:07:17: [SM] Blaming: admincheats.smx
L 09/17/2020 - 06:07:17: [SM] Call stack trace:
L 09/17/2020 - 06:07:17: [SM]   [0] PrintToConsole
L 09/17/2020 - 06:07:17: [SM]   [1] Line 75, /home/forums/content/files/7/2/34150.attach::cheatcommand
L 09/17/2020 - 06:07:32: [SM] Exception reported: String formatted incorrectly - parameter 4 (total 3)
L 09/17/2020 - 06:07:32: [SM] Blaming: admincheats.smx
L 09/17/2020 - 06:07:32: [SM] Call stack trace:
L 09/17/2020 - 06:07:32: [SM]   [0] PrintToConsole
L 09/17/2020 - 06:07:32: [SM]   [1] Line 75, /home/forums/content/files/7/2/34150.attach::cheatcommand
L 09/17/2020 - 06:07:32: [SM] Exception reported: String formatted incorrectly - parameter 4 (total 3)
L 09/17/2020 - 06:07:32: [SM] Blaming: admincheats.smx
L 09/17/2020 - 06:07:32: [SM] Call stack trace:
L 09/17/2020 - 06:07:32: [SM]   [0] PrintToConsole
L 09/17/2020 - 06:07:32: [SM]   [1] Line 75, /home/forums/content/files/7/2/34150.attach::cheatcommand
L 09/17/2020 - 06:07:32: [SM] Exception reported: String formatted incorrectly - parameter 4 (total 3)
L 09/17/2020 - 06:07:32: [SM] Blaming: admincheats.smx
L 09/17/2020 - 06:07:32: [SM] Call stack trace:
L 09/17/2020 - 06:07:32: [SM]   [0] PrintToConsole
L 09/17/2020 - 06:07:32: [SM]   [1] Line 75, /home/forums/content/files/7/2/34150.attach::cheatcommand
L 09/17/2020 - 06:07:33: [SM] Exception reported: String formatted incorrectly - parameter 4 (total 3)
L 09/17/2020 - 06:07:33: [SM] Blaming: admincheats.smx
L 09/17/2020 - 06:07:33: [SM] Call stack trace:
L 09/17/2020 - 06:07:33: [SM]   [0] PrintToConsole
L 09/17/2020 - 06:07:33: [SM]   [1] Line 75, /home/forums/content/files/7/2/34150.attach::cheatcommand
L 09/17/2020 - 06:07:33: [SM] Exception reported: String formatted incorrectly - parameter 4 (total 3)
L 09/17/2020 - 06:07:33: [SM] Blaming: admincheats.smx
L 09/17/2020 - 06:07:33: [SM] Call stack trace:
L 09/17/2020 - 06:07:33: [SM]   [0] PrintToConsole
L 09/17/2020 - 06:07:33: [SM]   [1] Line 75, /home/forums/content/files/7/2/34150.attach::cheatcommand
L 09/17/2020 - 06:07:33: [SM] Exception reported: String formatted incorrectly - parameter 4 (total 3)
L 09/17/2020 - 06:07:33: [SM] Blaming: admincheats.smx
L 09/17/2020 - 06:07:33: [SM] Call stack trace:
L 09/17/2020 - 06:07:33: [SM]   [0] PrintToConsole
L 09/17/2020 - 06:07:33: [SM]   [1] Line 75, /home/forums/content/files/7/2/34150.attach::cheatcommand
L 09/17/2020 - 06:07:33: [SM] Exception reported: String formatted incorrectly - parameter 4 (total 3)
L 09/17/2020 - 06:07:33: [SM] Blaming: admincheats.smx
L 09/17/2020 - 06:07:33: [SM] Call stack trace:
L 09/17/2020 - 06:07:33: [SM]   [0] PrintToConsole
L 09/17/2020 - 06:07:33: [SM]   [1] Line 75, /home/forums/content/files/7/2/34150.attach::cheatcommand
L 09/17/2020 - 06:07:33: [SM] Exception reported: String formatted incorrectly - parameter 4 (total 3)
L 09/17/2020 - 06:07:33: [SM] Blaming: admincheats.smx
L 09/17/2020 - 06:07:33: [SM] Call stack trace:
L 09/17/2020 - 06:07:33: [SM]   [0] PrintToConsole
L 09/17/2020 - 06:07:33: [SM]   [1] Line 75, /home/forums/content/files/7/2/34150.attach::cheatcommand
L 09/17/2020 - 06:07:33: [SM] Exception reported: String formatted incorrectly - parameter 4 (total 3)
L 09/17/2020 - 06:07:33: [SM] Blaming: admincheats.smx
L 09/17/2020 - 06:07:33: [SM] Call stack trace:
L 09/17/2020 - 06:07:33: [SM]   [0] PrintToConsole
L 09/17/2020 - 06:07:33: [SM]   [1] Line 75, /home/forums/content/files/7/2/34150.attach::cheatcommand
L 09/17/2020 - 06:07:34: [SM] Exception reported: String formatted incorrectly - parameter 4 (total 3)
L 09/17/2020 - 06:07:34: [SM] Blaming: admincheats.smx
L 09/17/2020 - 06:07:34: [SM] Call stack trace:
L 09/17/2020 - 06:07:34: [SM]   [0] PrintToConsole
L 09/17/2020 - 06:07:34: [SM]   [1] Line 75, /home/forums/content/files/7/2/34150.attach::cheatcommand
L 09/17/2020 - 06:07:34: [SM] Exception reported: String formatted incorrectly - parameter 4 (total 3)
L 09/17/2020 - 06:07:34: [SM] Blaming: admincheats.smx
L 09/17/2020 - 06:07:34: [SM] Call stack trace:
L 09/17/2020 - 06:07:34: [SM]   [0] PrintToConsole
L 09/17/2020 - 06:07:34: [SM]   [1] Line 75, /home/forums/content/files/7/2/34150.attach::cheatcommand
L 09/17/2020 - 06:07:34: [SM] Exception reported: String formatted incorrectly - parameter 4 (total 3)
L 09/17/2020 - 06:07:34: [SM] Blaming: admincheats.smx
L 09/17/2020 - 06:07:34: [SM] Call stack trace:
L 09/17/2020 - 06:07:34: [SM]   [0] PrintToConsole
L 09/17/2020 - 06:07:34: [SM]   [1] Line 75, /home/forums/content/files/7/2/34150.attach::cheatcommand
L 09/17/2020 - 06:07:34: [SM] Exception reported: String formatted incorrectly - parameter 4 (total 3)
L 09/17/2020 - 06:07:34: [SM] Blaming: admincheats.smx
L 09/17/2020 - 06:07:34: [SM] Call stack trace:
L 09/17/2020 - 06:07:34: [SM]   [0] PrintToConsole
L 09/17/2020 - 06:07:34: [SM]   [1] Line 75, /home/forums/content/files/7/2/34150.attach::cheatcommand
L 09/17/2020 - 06:07:34: [SM] Exception reported: String formatted incorrectly - parameter 4 (total 3)
L 09/17/2020 - 06:07:34: [SM] Blaming: admincheats.smx
L 09/17/2020 - 06:07:34: [SM] Call stack trace:
L 09/17/2020 - 06:07:34: [SM]   [0] PrintToConsole
L 09/17/2020 - 06:07:34: [SM]   [1] Line 75, /home/forums/content/files/7/2/34150.attach::cheatcommand
L 09/17/2020 - 06:07:34: [SM] Exception reported: String formatted incorrectly - parameter 4 (total 3)
L 09/17/2020 - 06:07:34: [SM] Blaming: admincheats.smx
L 09/17/2020 - 06:07:34: [SM] Call stack trace:
L 09/17/2020 - 06:07:34: [SM]   [0] PrintToConsole
L 09/17/2020 - 06:07:34: [SM]   [1] Line 75, /home/forums/content/files/7/2/34150.attach::cheatcommand
L 09/17/2020 - 06:07:35: [SM] Exception reported: String formatted incorrectly - parameter 4 (total 3)
L 09/17/2020 - 06:07:35: [SM] Blaming: admincheats.smx
L 09/17/2020 - 06:07:35: [SM] Call stack trace:
L 09/17/2020 - 06:07:35: [SM]   [0] PrintToConsole
L 09/17/2020 - 06:07:35: [SM]   [1] Line 75, /home/forums/content/files/7/2/34150.attach::cheatcommand
L 09/17/2020 - 06:07:35: [SM] Exception reported: String formatted incorrectly - parameter 4 (total 3)
L 09/17/2020 - 06:07:35: [SM] Blaming: admincheats.smx
L 09/17/2020 - 06:07:35: [SM] Call stack trace:
L 09/17/2020 - 06:07:35: [SM]   [0] PrintToConsole
L 09/17/2020 - 06:07:35: [SM]   [1] Line 75, /home/forums/content/files/7/2/34150.attach::cheatcommand
L 09/17/2020 - 06:07:35: [SM] Exception reported: String formatted incorrectly - parameter 4 (total 3)
L 09/17/2020 - 06:07:35: [SM] Blaming: admincheats.smx
L 09/17/2020 - 06:07:35: [SM] Call stack trace:
L 09/17/2020 - 06:07:35: [SM]   [0] PrintToConsole
L 09/17/2020 - 06:07:35: [SM]   [1] Line 75, /home/forums/content/files/7/2/34150.attach::cheatcommand
L 09/17/2020 - 06:07:35: [SM] Exception reported: String formatted incorrectly - parameter 4 (total 3)
L 09/17/2020 - 06:07:35: [SM] Blaming: admincheats.smx
L 09/17/2020 - 06:07:35: [SM] Call stack trace:
L 09/17/2020 - 06:07:35: [SM]   [0] PrintToConsole
L 09/17/2020 - 06:07:35: [SM]   [1] Line 75, /home/forums/content/files/7/2/34150.attach::cheatcommand
L 09/17/2020 - 06:07:35: [SM] Exception reported: String formatted incorrectly - parameter 4 (total 3)
L 09/17/2020 - 06:07:35: [SM] Blaming: admincheats.smx
L 09/17/2020 - 06:07:35: [SM] Call stack trace:
L 09/17/2020 - 06:07:35: [SM]   [0] PrintToConsole
L 09/17/2020 - 06:07:35: [SM]   [1] Line 75, /home/forums/content/files/7/2/34150.attach::cheatcommand
L 09/17/2020 - 06:07:35: [SM] Exception reported: String formatted incorrectly - parameter 4 (total 3)
L 09/17/2020 - 06:07:35: [SM] Blaming: admincheats.smx
L 09/17/2020 - 06:07:35: [SM] Call stack trace:
L 09/17/2020 - 06:07:35: [SM]   [0] PrintToConsole
L 09/17/2020 - 06:07:35: [SM]   [1] Line 75, /home/forums/content/files/7/2/34150.attach::cheatcommand
L 09/17/2020 - 06:07:36: [SM] Exception reported: String formatted incorrectly - parameter 4 (total 3)
L 09/17/2020 - 06:07:36: [SM] Blaming: admincheats.smx
L 09/17/2020 - 06:07:36: [SM] Call stack trace:
L 09/17/2020 - 06:07:36: [SM]   [0] PrintToConsole
L 09/17/2020 - 06:07:36: [SM]   [1] Line 75, /home/forums/content/files/7/2/34150.attach::cheatcommand
L 09/17/2020 - 06:07:36: [SM] Exception reported: String formatted incorrectly - parameter 4 (total 3)
L 09/17/2020 - 06:07:36: [SM] Blaming: admincheats.smx
L 09/17/2020 - 06:07:36: [SM] Call stack trace:
L 09/17/2020 - 06:07:36: [SM]   [0] PrintToConsole
L 09/17/2020 - 06:07:36: [SM]   [1] Line 75, /home/forums/content/files/7/2/34150.attach::cheatcommand
L 09/17/2020 - 06:07:36: [SM] Exception reported: String formatted incorrectly - parameter 4 (total 3)
L 09/17/2020 - 06:07:36: [SM] Blaming: admincheats.smx
L 09/17/2020 - 06:07:36: [SM] Call stack trace:
L 09/17/2020 - 06:07:36: [SM]   [0] PrintToConsole
L 09/17/2020 - 06:07:36: [SM]   [1] Line 75, /home/forums/content/files/7/2/34150.attach::cheatcommand
L 09/17/2020 - 06:07:36: [SM] Exception reported: String formatted incorrectly - parameter 4 (total 3)
L 09/17/2020 - 06:07:36: [SM] Blaming: admincheats.smx
L 09/17/2020 - 06:07:36: [SM] Call stack trace:
L 09/17/2020 - 06:07:36: [SM]   [0] PrintToConsole
L 09/17/2020 - 06:07:36: [SM]   [1] Line 75, /home/forums/content/files/7/2/34150.attach::cheatcommand
L 09/17/2020 - 06:07:36: [SM] Exception reported: String formatted incorrectly - parameter 4 (total 3)
L 09/17/2020 - 06:07:36: [SM] Blaming: admincheats.smx
L 09/17/2020 - 06:07:36: [SM] Call stack trace:
L 09/17/2020 - 06:07:36: [SM]   [0] PrintToConsole
L 09/17/2020 - 06:07:36: [SM]   [1] Line 75, /home/forums/content/files/7/2/34150.attach::cheatcommand
L 09/17/2020 - 06:07:37: [SM] Exception reported: String formatted incorrectly - parameter 4 (total 3)
L 09/17/2020 - 06:07:37: [SM] Blaming: admincheats.smx
L 09/17/2020 - 06:07:37: [SM] Call stack trace:
L 09/17/2020 - 06:07:37: [SM]   [0] PrintToConsole
L 09/17/2020 - 06:07:37: [SM]   [1] Line 75, /home/forums/content/files/7/2/34150.attach::cheatcommand
L 09/17/2020 - 06:07:37: [SM] Exception reported: String formatted incorrectly - parameter 4 (total 3)
L 09/17/2020 - 06:07:37: [SM] Blaming: admincheats.smx
L 09/17/2020 - 06:07:37: [SM] Call stack trace:
L 09/17/2020 - 06:07:37: [SM]   [0] PrintToConsole
L 09/17/2020 - 06:07:37: [SM]   [1] Line 75, /home/forums/content/files/7/2/34150.attach::cheatcommand
L 09/17/2020 - 06:07:37: [SM] Exception reported: String formatted incorrectly - parameter 4 (total 3)
L 09/17/2020 - 06:07:37: [SM] Blaming: admincheats.smx
L 09/17/2020 - 06:07:37: [SM] Call stack trace:
L 09/17/2020 - 06:07:37: [SM]   [0] PrintToConsole
L 09/17/2020 - 06:07:37: [SM]   [1] Line 75, /home/forums/content/files/7/2/34150.attach::cheatcommand
L 09/17/2020 - 06:07:37: [SM] Exception reported: String formatted incorrectly - parameter 4 (total 3)
L 09/17/2020 - 06:07:37: [SM] Blaming: admincheats.smx
L 09/17/2020 - 06:07:37: [SM] Call stack trace:
L 09/17/2020 - 06:07:37: [SM]   [0] PrintToConsole
L 09/17/2020 - 06:07:37: [SM]   [1] Line 75, /home/forums/content/files/7/2/34150.attach::cheatcommand
L 09/17/2020 - 06:07:37: [SM] Exception reported: String formatted incorrectly - parameter 4 (total 3)
L 09/17/2020 - 06:07:37: [SM] Blaming: admincheats.smx
L 09/17/2020 - 06:07:37: [SM] Call stack trace:
L 09/17/2020 - 06:07:37: [SM]   [0] PrintToConsole
L 09/17/2020 - 06:07:37: [SM]   [1] Line 75, /home/forums/content/files/7/2/34150.attach::cheatcommand
L 09/17/2020 - 06:07:37: [SM] Exception reported: String formatted incorrectly - parameter 4 (total 3)
L 09/17/2020 - 06:07:37: [SM] Blaming: admincheats.smx
L 09/17/2020 - 06:07:37: [SM] Call stack trace:
L 09/17/2020 - 06:07:37: [SM]   [0] PrintToConsole
L 09/17/2020 - 06:07:37: [SM]   [1] Line 75, /home/forums/content/files/7/2/34150.attach::cheatcommand
L 09/17/2020 - 06:07:38: [SM] Exception reported: String formatted incorrectly - parameter 4 (total 3)
L 09/17/2020 - 06:07:38: [SM] Blaming: admincheats.smx
L 09/17/2020 - 06:07:38: [SM] Call stack trace:
L 09/17/2020 - 06:07:38: [SM]   [0] PrintToConsole
L 09/17/2020 - 06:07:38: [SM]   [1] Line 75, /home/forums/content/files/7/2/34150.attach::cheatcommand
L 09/17/2020 - 06:07:38: [SM] Exception reported: String formatted incorrectly - parameter 4 (total 3)
L 09/17/2020 - 06:07:38: [SM] Blaming: admincheats.smx
L 09/17/2020 - 06:07:38: [SM] Call stack trace:
L 09/17/2020 - 06:07:38: [SM]   [0] PrintToConsole
L 09/17/2020 - 06:07:38: [SM]   [1] Line 75, /home/forums/content/files/7/2/34150.attach::cheatcommand
L 09/17/2020 - 06:07:38: [SM] Exception reported: String formatted incorrectly - parameter 4 (total 3)
L 09/17/2020 - 06:07:38: [SM] Blaming: admincheats.smx
L 09/17/2020 - 06:07:38: [SM] Call stack trace:
L 09/17/2020 - 06:07:38: [SM]   [0] PrintToConsole
L 09/17/2020 - 06:07:38: [SM]   [1] Line 75, /home/forums/content/files/7/2/34150.attach::cheatcommand
L 09/17/2020 - 06:07:38: [SM] Exception reported: String formatted incorrectly - parameter 4 (total 3)
L 09/17/2020 - 06:07:38: [SM] Blaming: admincheats.smx
L 09/17/2020 - 06:07:38: [SM] Call stack trace:
L 09/17/2020 - 06:07:38: [SM]   [0] PrintToConsole
L 09/17/2020 - 06:07:38: [SM]   [1] Line 75, /home/forums/content/files/7/2/34150.attach::cheatcommand
L 09/17/2020 - 06:07:38: [SM] Exception reported: String formatted incorrectly - parameter 4 (total 3)
L 09/17/2020 - 06:07:38: [SM] Blaming: admincheats.smx
L 09/17/2020 - 06:07:38: [SM] Call stack trace:
L 09/17/2020 - 06:07:38: [SM]   [0] PrintToConsole
L 09/17/2020 - 06:07:38: [SM]   [1] Line 75, /home/forums/content/files/7/2/34150.attach::cheatcommand
L 09/17/2020 - 06:07:39: [SM] Exception reported: String formatted incorrectly - parameter 4 (total 3)
L 09/17/2020 - 06:07:39: [SM] Blaming: admincheats.smx
L 09/17/2020 - 06:07:39: [SM] Call stack trace:
L 09/17/2020 - 06:07:39: [SM]   [0] PrintToConsole
L 09/17/2020 - 06:07:39: [SM]   [1] Line 75, /home/forums/content/files/7/2/34150.attach::cheatcommand
L 09/17/2020 - 06:07:39: [SM] Exception reported: String formatted incorrectly - parameter 4 (total 3)
L 09/17/2020 - 06:07:39: [SM] Blaming: admincheats.smx
L 09/17/2020 - 06:07:39: [SM] Call stack trace:
L 09/17/2020 - 06:07:39: [SM]   [0] PrintToConsole
L 09/17/2020 - 06:07:39: [SM]   [1] Line 75, /home/forums/content/files/7/2/34150.attach::cheatcommand
L 09/17/2020 - 06:07:39: [SM] Exception reported: String formatted incorrectly - parameter 4 (total 3)
L 09/17/2020 - 06:07:39: [SM] Blaming: admincheats.smx
L 09/17/2020 - 06:07:39: [SM] Call stack trace:
L 09/17/2020 - 06:07:39: [SM]   [0] PrintToConsole
L 09/17/2020 - 06:07:39: [SM]   [1] Line 75, /home/forums/content/files/7/2/34150.attach::cheatcommand
L 09/17/2020 - 06:07:39: [SM] Exception reported: String formatted incorrectly - parameter 4 (total 3)
L 09/17/2020 - 06:07:39: [SM] Blaming: admincheats.smx
L 09/17/2020 - 06:07:39: [SM] Call stack trace:
L 09/17/2020 - 06:07:39: [SM]   [0] PrintToConsole
L 09/17/2020 - 06:07:39: [SM]   [1] Line 75, /home/forums/content/files/7/2/34150.attach::cheatcommand
L 09/17/2020 - 06:09:08: [SM] Exception reported: String formatted incorrectly - parameter 4 (total 3)
L 09/17/2020 - 06:09:08: [SM] Blaming: admincheats.smx
L 09/17/2020 - 06:09:08: [SM] Call stack trace:
L 09/17/2020 - 06:09:08: [SM]   [0] PrintToConsole
L 09/17/2020 - 06:09:08: [SM]   [1] Line 75, /home/forums/content/files/7/2/34150.attach::cheatcommand
L 09/17/2020 - 06:09:13: [SM] Exception reported: String formatted incorrectly - parameter 4 (total 3)
L 09/17/2020 - 06:09:13: [SM] Blaming: admincheats.smx
L 09/17/2020 - 06:09:13: [SM] Call stack trace:
L 09/17/2020 - 06:09:13: [SM]   [0] PrintToConsole
L 09/17/2020 - 06:09:13: [SM]   [1] Line 75, /home/forums/content/files/7/2/34150.attach::cheatcommand
L 09/17/2020 - 06:09:32: [SM] Exception reported: String formatted incorrectly - parameter 4 (total 3)
L 09/17/2020 - 06:09:32: [SM] Blaming: admincheats.smx
L 09/17/2020 - 06:09:32: [SM] Call stack trace:
L 09/17/2020 - 06:09:32: [SM]   [0] PrintToConsole
L 09/17/2020 - 06:09:32: [SM]   [1] Line 75, /home/forums/content/files/7/2/34150.attach::cheatcommand
L 09/17/2020 - 06:09:32: [SM] Exception reported: String formatted incorrectly - parameter 4 (total 3)
L 09/17/2020 - 06:09:32: [SM] Blaming: admincheats.smx
L 09/17/2020 - 06:09:32: [SM] Call stack trace:
L 09/17/2020 - 06:09:32: [SM]   [0] PrintToConsole
L 09/17/2020 - 06:09:32: [SM]   [1] Line 75, /home/forums/content/files/7/2/34150.attach::cheatcommand
L 09/17/2020 - 06:09:32: [SM] Exception reported: String formatted incorrectly - parameter 4 (total 3)
L 09/17/2020 - 06:09:32: [SM] Blaming: admincheats.smx
L 09/17/2020 - 06:09:32: [SM] Call stack trace:
L 09/17/2020 - 06:09:32: [SM]   [0] PrintToConsole
L 09/17/2020 - 06:09:32: [SM]   [1] Line 75, /home/forums/content/files/7/2/34150.attach::cheatcommand
L 09/17/2020 - 06:09:32: [SM] Exception reported: String formatted incorrectly - parameter 4 (total 3)
L 09/17/2020 - 06:09:32: [SM] Blaming: admincheats.smx
L 09/17/2020 - 06:09:32: [SM] Call stack trace:
L 09/17/2020 - 06:09:32: [SM]   [0] PrintToConsole
L 09/17/2020 - 06:09:32: [SM]   [1] Line 75, /home/forums/content/files/7/2/34150.attach::cheatcommand
L 09/17/2020 - 06:09:32: [SM] Exception reported: String formatted incorrectly - parameter 4 (total 3)
L 09/17/2020 - 06:09:32: [SM] Blaming: admincheats.smx
L 09/17/2020 - 06:09:32: [SM] Call stack trace:
L 09/17/2020 - 06:09:32: [SM]   [0] PrintToConsole
L 09/17/2020 - 06:09:32: [SM]   [1] Line 75, /home/forums/content/files/7/2/34150.attach::cheatcommand
L 09/17/2020 - 06:09:32: [SM] Exception reported: String formatted incorrectly - parameter 4 (total 3)
L 09/17/2020 - 06:09:32: [SM] Blaming: admincheats.smx
L 09/17/2020 - 06:09:32: [SM] Call stack trace:
L 09/17/2020 - 06:09:32: [SM]   [0] PrintToConsole
L 09/17/2020 - 06:09:32: [SM]   [1] Line 75, /home/forums/content/files/7/2/34150.attach::cheatcommand
L 09/17/2020 - 06:09:33: [SM] Exception reported: String formatted incorrectly - parameter 4 (total 3)
L 09/17/2020 - 06:09:33: [SM] Blaming: admincheats.smx
L 09/17/2020 - 06:09:33: [SM] Call stack trace:
L 09/17/2020 - 06:09:33: [SM]   [0] PrintToConsole
L 09/17/2020 - 06:09:33: [SM]   [1] Line 75, /home/forums/content/files/7/2/34150.attach::cheatcommand
L 09/17/2020 - 06:09:33: [SM] Exception reported: String formatted incorrectly - parameter 4 (total 3)
L 09/17/2020 - 06:09:33: [SM] Blaming: admincheats.smx
L 09/17/2020 - 06:09:33: [SM] Call stack trace:
L 09/17/2020 - 06:09:33: [SM]   [0] PrintToConsole
L 09/17/2020 - 06:09:33: [SM]   [1] Line 75, /home/forums/content/files/7/2/34150.attach::cheatcommand
L 09/17/2020 - 06:09:33: [SM] Exception reported: String formatted incorrectly - parameter 4 (total 3)
L 09/17/2020 - 06:09:33: [SM] Blaming: admincheats.smx
L 09/17/2020 - 06:09:33: [SM] Call stack trace:
L 09/17/2020 - 06:09:33: [SM]   [0] PrintToConsole
L 09/17/2020 - 06:09:33: [SM]   [1] Line 75, /home/forums/content/files/7/2/34150.attach::cheatcommand
L 09/17/2020 - 06:09:33: [SM] Exception reported: String formatted incorrectly - parameter 4 (total 3)
L 09/17/2020 - 06:09:33: [SM] Blaming: admincheats.smx
L 09/17/2020 - 06:09:33: [SM] Call stack trace:
L 09/17/2020 - 06:09:33: [SM]   [0] PrintToConsole
L 09/17/2020 - 06:09:33: [SM]   [1] Line 75, /home/forums/content/files/7/2/34150.attach::cheatcommand
L 09/17/2020 - 06:09:33: [SM] Exception reported: String formatted incorrectly - parameter 4 (total 3)
L 09/17/2020 - 06:09:33: [SM] Blaming: admincheats.smx
L 09/17/2020 - 06:09:33: [SM] Call stack trace:
L 09/17/2020 - 06:09:33: [SM]   [0] PrintToConsole
L 09/17/2020 - 06:09:33: [SM]   [1] Line 75, /home/forums/content/files/7/2/34150.attach::cheatcommand
L 09/17/2020 - 06:09:33: [SM] Exception reported: String formatted incorrectly - parameter 4 (total 3)
L 09/17/2020 - 06:09:33: [SM] Blaming: admincheats.smx
L 09/17/2020 - 06:09:33: [SM] Call stack trace:
L 09/17/2020 - 06:09:33: [SM]   [0] PrintToConsole
L 09/17/2020 - 06:09:33: [SM]   [1] Line 75, /home/forums/content/files/7/2/34150.attach::cheatcommand
L 09/17/2020 - 06:09:34: [SM] Exception reported: String formatted incorrectly - parameter 4 (total 3)
L 09/17/2020 - 06:09:34: [SM] Blaming: admincheats.smx
L 09/17/2020 - 06:09:34: [SM] Call stack trace:
L 09/17/2020 - 06:09:34: [SM]   [0] PrintToConsole
L 09/17/2020 - 06:09:34: [SM]   [1] Line 75, /home/forums/content/files/7/2/34150.attach::cheatcommand
L 09/17/2020 - 06:09:34: [SM] Exception reported: String formatted incorrectly - parameter 4 (total 3)
L 09/17/2020 - 06:09:34: [SM] Blaming: admincheats.smx
L 09/17/2020 - 06:09:34: [SM] Call stack trace:
L 09/17/2020 - 06:09:34: [SM]   [0] PrintToConsole
L 09/17/2020 - 06:09:34: [SM]   [1] Line 75, /home/forums/content/files/7/2/34150.attach::cheatcommand
L 09/17/2020 - 06:09:34: [SM] Exception reported: String formatted incorrectly - parameter 4 (total 3)
L 09/17/2020 - 06:09:34: [SM] Blaming: admincheats.smx
L 09/17/2020 - 06:09:34: [SM] Call stack trace:
L 09/17/2020 - 06:09:34: [SM]   [0] PrintToConsole
L 09/17/2020 - 06:09:34: [SM]   [1] Line 75, /home/forums/content/files/7/2/34150.attach::cheatcommand
L 09/17/2020 - 06:09:34: [SM] Exception reported: String formatted incorrectly - parameter 4 (total 3)
L 09/17/2020 - 06:09:34: [SM] Blaming: admincheats.smx
L 09/17/2020 - 06:09:34: [SM] Call stack trace:
L 09/17/2020 - 06:09:34: [SM]   [0] PrintToConsole
L 09/17/2020 - 06:09:34: [SM]   [1] Line 75, /home/forums/content/files/7/2/34150.attach::cheatcommand
L 09/17/2020 - 06:09:34: [SM] Exception reported: String formatted incorrectly - parameter 4 (total 3)
L 09/17/2020 - 06:09:34: [SM] Blaming: admincheats.smx
L 09/17/2020 - 06:09:34: [SM] Call stack trace:
L 09/17/2020 - 06:09:34: [SM]   [0] PrintToConsole
L 09/17/2020 - 06:09:34: [SM]   [1] Line 75, /home/forums/content/files/7/2/34150.attach::cheatcommand
L 09/17/2020 - 06:09:34: [SM] Exception reported: String formatted incorrectly - parameter 4 (total 3)
L 09/17/2020 - 06:09:34: [SM] Blaming: admincheats.smx
L 09/17/2020 - 06:09:34: [SM] Call stack trace:
L 09/17/2020 - 06:09:34: [SM]   [0] PrintToConsole
L 09/17/2020 - 06:09:34: [SM]   [1] Line 75, /home/forums/content/files/7/2/34150.attach::cheatcommand
L 09/17/2020 - 06:09:35: [SM] Exception reported: String formatted incorrectly - parameter 4 (total 3)
L 09/17/2020 - 06:09:35: [SM] Blaming: admincheats.smx
L 09/17/2020 - 06:09:35: [SM] Call stack trace:
L 09/17/2020 - 06:09:35: [SM]   [0] PrintToConsole
L 09/17/2020 - 06:09:35: [SM]   [1] Line 75, /home/forums/content/files/7/2/34150.attach::cheatcommand
L 09/17/2020 - 06:09:35: [SM] Exception reported: String formatted incorrectly - parameter 4 (total 3)
L 09/17/2020 - 06:09:35: [SM] Blaming: admincheats.smx
L 09/17/2020 - 06:09:35: [SM] Call stack trace:
L 09/17/2020 - 06:09:35: [SM]   [0] PrintToConsole
L 09/17/2020 - 06:09:35: [SM]   [1] Line 75, /home/forums/content/files/7/2/34150.attach::cheatcommand
L 09/17/2020 - 06:09:35: [SM] Exception reported: String formatted incorrectly - parameter 4 (total 3)
L 09/17/2020 - 06:09:35: [SM] Blaming: admincheats.smx
L 09/17/2020 - 06:09:35: [SM] Call stack trace:
L 09/17/2020 - 06:09:35: [SM]   [0] PrintToConsole
L 09/17/2020 - 06:09:35: [SM]   [1] Line 75, /home/forums/content/files/7/2/34150.attach::cheatcommand
L 09/17/2020 - 06:09:35: [SM] Exception reported: String formatted incorrectly - parameter 4 (total 3)
L 09/17/2020 - 06:09:35: [SM] Blaming: admincheats.smx
L 09/17/2020 - 06:09:35: [SM] Call stack trace:
L 09/17/2020 - 06:09:35: [SM]   [0] PrintToConsole
L 09/17/2020 - 06:09:35: [SM]   [1] Line 75, /home/forums/content/files/7/2/34150.attach::cheatcommand
L 09/17/2020 - 06:09:35: [SM] Exception reported: String formatted incorrectly - parameter 4 (total 3)
L 09/17/2020 - 06:09:35: [SM] Blaming: admincheats.smx
L 09/17/2020 - 06:09:35: [SM] Call stack trace:
L 09/17/2020 - 06:09:35: [SM]   [0] PrintToConsole
L 09/17/2020 - 06:09:35: [SM]   [1] Line 75, /home/forums/content/files/7/2/34150.attach::cheatcommand
L 09/17/2020 - 06:09:35: [SM] Exception reported: String formatted incorrectly - parameter 4 (total 3)
L 09/17/2020 - 06:09:35: [SM] Blaming: admincheats.smx
L 09/17/2020 - 06:09:35: [SM] Call stack trace:
L 09/17/2020 - 06:09:35: [SM]   [0] PrintToConsole
L 09/17/2020 - 06:09:35: [SM]   [1] Line 75, /home/forums/content/files/7/2/34150.attach::cheatcommand
L 09/17/2020 - 06:09:36: [SM] Exception reported: String formatted incorrectly - parameter 4 (total 3)
L 09/17/2020 - 06:09:36: [SM] Blaming: admincheats.smx
L 09/17/2020 - 06:09:36: [SM] Call stack trace:
L 09/17/2020 - 06:09:36: [SM]   [0] PrintToConsole
L 09/17/2020 - 06:09:36: [SM]   [1] Line 75, /home/forums/content/files/7/2/34150.attach::cheatcommand
L 09/17/2020 - 06:09:36: [SM] Exception reported: String formatted incorrectly - parameter 4 (total 3)
L 09/17/2020 - 06:09:36: [SM] Blaming: admincheats.smx
L 09/17/2020 - 06:09:36: [SM] Call stack trace:
L 09/17/2020 - 06:09:36: [SM]   [0] PrintToConsole
L 09/17/2020 - 06:09:36: [SM]   [1] Line 75, /home/forums/content/files/7/2/34150.attach::cheatcommand
L 09/17/2020 - 06:09:36: [SM] Exception reported: String formatted incorrectly - parameter 4 (total 3)
L 09/17/2020 - 06:09:36: [SM] Blaming: admincheats.smx
L 09/17/2020 - 06:09:36: [SM] Call stack trace:
L 09/17/2020 - 06:09:36: [SM]   [0] PrintToConsole
L 09/17/2020 - 06:09:36: [SM]   [1] Line 75, /home/forums/content/files/7/2/34150.attach::cheatcommand
L 09/17/2020 - 06:09:36: [SM] Exception reported: String formatted incorrectly - parameter 4 (total 3)
L 09/17/2020 - 06:09:36: [SM] Blaming: admincheats.smx
L 09/17/2020 - 06:09:36: [SM] Call stack trace:
L 09/17/2020 - 06:09:36: [SM]   [0] PrintToConsole
L 09/17/2020 - 06:09:36: [SM]   [1] Line 75, /home/forums/content/files/7/2/34150.attach::cheatcommand
L 09/17/2020 - 06:09:36: [SM] Exception reported: String formatted incorrectly - parameter 4 (total 3)
L 09/17/2020 - 06:09:36: [SM] Blaming: admincheats.smx
L 09/17/2020 - 06:09:36: [SM] Call stack trace:
L 09/17/2020 - 06:09:36: [SM]   [0] PrintToConsole
L 09/17/2020 - 06:09:36: [SM]   [1] Line 75, /home/forums/content/files/7/2/34150.attach::cheatcommand
L 09/17/2020 - 06:09:36: [SM] Exception reported: String formatted incorrectly - parameter 4 (total 3)
L 09/17/2020 - 06:09:36: [SM] Blaming: admincheats.smx
L 09/17/2020 - 06:09:36: [SM] Call stack trace:
L 09/17/2020 - 06:09:36: [SM]   [0] PrintToConsole
L 09/17/2020 - 06:09:36: [SM]   [1] Line 75, /home/forums/content/files/7/2/34150.attach::cheatcommand
L 09/17/2020 - 06:09:36: [SM] Exception reported: String formatted incorrectly - parameter 4 (total 3)
L 09/17/2020 - 06:09:36: [SM] Blaming: admincheats.smx
L 09/17/2020 - 06:09:36: [SM] Call stack trace:
L 09/17/2020 - 06:09:36: [SM]   [0] PrintToConsole
L 09/17/2020 - 06:09:36: [SM]   [1] Line 75, /home/forums/content/files/7/2/34150.attach::cheatcommand
L 09/17/2020 - 06:09:37: [SM] Exception reported: String formatted incorrectly - parameter 4 (total 3)
L 09/17/2020 - 06:09:37: [SM] Blaming: admincheats.smx
L 09/17/2020 - 06:09:37: [SM] Call stack trace:
L 09/17/2020 - 06:09:37: [SM]   [0] PrintToConsole
L 09/17/2020 - 06:09:37: [SM]   [1] Line 75, /home/forums/content/files/7/2/34150.attach::cheatcommand
L 09/17/2020 - 06:09:37: [SM] Exception reported: String formatted incorrectly - parameter 4 (total 3)
L 09/17/2020 - 06:09:37: [SM] Blaming: admincheats.smx
L 09/17/2020 - 06:09:37: [SM] Call stack trace:
L 09/17/2020 - 06:09:37: [SM]   [0] PrintToConsole
L 09/17/2020 - 06:09:37: [SM]   [1] Line 75, /home/forums/content/files/7/2/34150.attach::cheatcommand
L 09/17/2020 - 06:09:37: [SM] Exception reported: String formatted incorrectly - parameter 4 (total 3)
L 09/17/2020 - 06:09:37: [SM] Blaming: admincheats.smx
L 09/17/2020 - 06:09:37: [SM] Call stack trace:
L 09/17/2020 - 06:09:37: [SM]   [0] PrintToConsole
L 09/17/2020 - 06:09:37: [SM]   [1] Line 75, /home/forums/content/files/7/2/34150.attach::cheatcommand
L 09/17/2020 - 06:09:37: [SM] Exception reported: String formatted incorrectly - parameter 4 (total 3)
L 09/17/2020 - 06:09:37: [SM] Blaming: admincheats.smx
L 09/17/2020 - 06:09:37: [SM] Call stack trace:
L 09/17/2020 - 06:09:37: [SM]   [0] PrintToConsole
L 09/17/2020 - 06:09:37: [SM]   [1] Line 75, /home/forums/content/files/7/2/34150.attach::cheatcommand
L 09/17/2020 - 06:09:37: [SM] Exception reported: String formatted incorrectly - parameter 4 (total 3)
L 09/17/2020 - 06:09:37: [SM] Blaming: admincheats.smx
L 09/17/2020 - 06:09:37: [SM] Call stack trace:
L 09/17/2020 - 06:09:37: [SM]   [0] PrintToConsole
L 09/17/2020 - 06:09:37: [SM]   [1] Line 75, /home/forums/content/files/7/2/34150.attach::cheatcommand
L 09/17/2020 - 06:09:37: [SM] Exception reported: String formatted incorrectly - parameter 4 (total 3)
L 09/17/2020 - 06:09:37: [SM] Blaming: admincheats.smx
L 09/17/2020 - 06:09:37: [SM] Call stack trace:
L 09/17/2020 - 06:09:37: [SM]   [0] PrintToConsole
L 09/17/2020 - 06:09:37: [SM]   [1] Line 75, /home/forums/content/files/7/2/34150.attach::cheatcommand
L 09/17/2020 - 06:09:38: [SM] Exception reported: String formatted incorrectly - parameter 4 (total 3)
L 09/17/2020 - 06:09:38: [SM] Blaming: admincheats.smx
L 09/17/2020 - 06:09:38: [SM] Call stack trace:
L 09/17/2020 - 06:09:38: [SM]   [0] PrintToConsole
L 09/17/2020 - 06:09:38: [SM]   [1] Line 75, /home/forums/content/files/7/2/34150.attach::cheatcommand
L 09/17/2020 - 06:09:38: [SM] Exception reported: String formatted incorrectly - parameter 4 (total 3)
L 09/17/2020 - 06:09:38: [SM] Blaming: admincheats.smx
L 09/17/2020 - 06:09:38: [SM] Call stack trace:
L 09/17/2020 - 06:09:38: [SM]   [0] PrintToConsole
L 09/17/2020 - 06:09:38: [SM]   [1] Line 75, /home/forums/content/files/7/2/34150.attach::cheatcommand
L 09/17/2020 - 06:09:38: [SM] Exception reported: String formatted incorrectly - parameter 4 (total 3)
L 09/17/2020 - 06:09:38: [SM] Blaming: admincheats.smx
L 09/17/2020 - 06:09:38: [SM] Call stack trace:
L 09/17/2020 - 06:09:38: [SM]   [0] PrintToConsole
L 09/17/2020 - 06:09:38: [SM]   [1] Line 75, /home/forums/content/files/7/2/34150.attach::cheatcommand
L 09/17/2020 - 06:09:38: [SM] Exception reported: String formatted incorrectly - parameter 4 (total 3)
L 09/17/2020 - 06:09:38: [SM] Blaming: admincheats.smx
L 09/17/2020 - 06:09:38: [SM] Call stack trace:
L 09/17/2020 - 06:09:38: [SM]   [0] PrintToConsole
L 09/17/2020 - 06:09:38: [SM]   [1] Line 75, /home/forums/content/files/7/2/34150.attach::cheatcommand
L 09/17/2020 - 06:09:38: [SM] Exception reported: String formatted incorrectly - parameter 4 (total 3)
L 09/17/2020 - 06:09:38: [SM] Blaming: admincheats.smx
L 09/17/2020 - 06:09:38: [SM] Call stack trace:
L 09/17/2020 - 06:09:38: [SM]   [0] PrintToConsole
L 09/17/2020 - 06:09:38: [SM]   [1] Line 75, /home/forums/content/files/7/2/34150.attach::cheatcommand
L 09/17/2020 - 06:09:38: [SM] Exception reported: String formatted incorrectly - parameter 4 (total 3)
L 09/17/2020 - 06:09:38: [SM] Blaming: admincheats.smx
L 09/17/2020 - 06:09:38: [SM] Call stack trace:
L 09/17/2020 - 06:09:38: [SM]   [0] PrintToConsole
L 09/17/2020 - 06:09:38: [SM]   [1] Line 75, /home/forums/content/files/7/2/34150.attach::cheatcommand
L 09/17/2020 - 06:09:39: [SM] Exception reported: String formatted incorrectly - parameter 4 (total 3)
L 09/17/2020 - 06:09:39: [SM] Blaming: admincheats.smx
L 09/17/2020 - 06:09:39: [SM] Call stack trace:
L 09/17/2020 - 06:09:39: [SM]   [0] PrintToConsole
L 09/17/2020 - 06:09:39: [SM]   [1] Line 75, /home/forums/content/files/7/2/34150.attach::cheatcommand
L 09/17/2020 - 06:09:39: [SM] Exception reported: String formatted incorrectly - parameter 4 (total 3)
L 09/17/2020 - 06:09:39: [SM] Blaming: admincheats.smx
L 09/17/2020 - 06:09:39: [SM] Call stack trace:
L 09/17/2020 - 06:09:39: [SM]   [0] PrintToConsole
L 09/17/2020 - 06:09:39: [SM]   [1] Line 75, /home/forums/content/files/7/2/34150.attach::cheatcommand
L 09/17/2020 - 06:09:39: [SM] Exception reported: String formatted incorrectly - parameter 4 (total 3)
L 09/17/2020 - 06:09:39: [SM] Blaming: admincheats.smx
L 09/17/2020 - 06:09:39: [SM] Call stack trace:
L 09/17/2020 - 06:09:39: [SM]   [0] PrintToConsole
L 09/17/2020 - 06:09:39: [SM]   [1] Line 75, /home/forums/content/files/7/2/34150.attach::cheatcommand
L 09/17/2020 - 06:09:39: [SM] Exception reported: String formatted incorrectly - parameter 4 (total 3)
L 09/17/2020 - 06:09:39: [SM] Blaming: admincheats.smx
L 09/17/2020 - 06:09:39: [SM] Call stack trace:
L 09/17/2020 - 06:09:39: [SM]   [0] PrintToConsole
L 09/17/2020 - 06:09:39: [SM]   [1] Line 75, /home/forums/content/files/7/2/34150.attach::cheatcommand
L 09/17/2020 - 06:09:39: [SM] Exception reported: String formatted incorrectly - parameter 4 (total 3)
L 09/17/2020 - 06:09:39: [SM] Blaming: admincheats.smx
L 09/17/2020 - 06:09:39: [SM] Call stack trace:
L 09/17/2020 - 06:09:39: [SM]   [0] PrintToConsole
L 09/17/2020 - 06:09:39: [SM]   [1] Line 75, /home/forums/content/files/7/2/34150.attach::cheatcommand
L 09/17/2020 - 06:10:01: [SM] Exception reported: String formatted incorrectly - parameter 4 (total 3)
L 09/17/2020 - 06:10:01: [SM] Blaming: admincheats.smx
L 09/17/2020 - 06:10:01: [SM] Call stack trace:
L 09/17/2020 - 06:10:01: [SM]   [0] PrintToConsole
L 09/17/2020 - 06:10:01: [SM]   [1] Line 75, /home/forums/content/files/7/2/34150.attach::cheatcommand
L 09/17/2020 - 06:10:02: [SM] Exception reported: String formatted incorrectly - parameter 4 (total 3)
L 09/17/2020 - 06:10:02: [SM] Blaming: admincheats.smx
L 09/17/2020 - 06:10:02: [SM] Call stack trace:
L 09/17/2020 - 06:10:02: [SM]   [0] PrintToConsole
L 09/17/2020 - 06:10:02: [SM]   [1] Line 75, /home/forums/content/files/7/2/34150.attach::cheatcommand
L 09/17/2020 - 06:10:02: [SM] Exception reported: String formatted incorrectly - parameter 4 (total 3)
L 09/17/2020 - 06:10:02: [SM] Blaming: admincheats.smx
L 09/17/2020 - 06:10:02: [SM] Call stack trace:
L 09/17/2020 - 06:10:02: [SM]   [0] PrintToConsole
L 09/17/2020 - 06:10:02: [SM]   [1] Line 75, /home/forums/content/files/7/2/34150.attach::cheatcommand
L 09/17/2020 - 06:10:02: [SM] Exception reported: String formatted incorrectly - parameter 4 (total 3)
L 09/17/2020 - 06:10:02: [SM] Blaming: admincheats.smx
L 09/17/2020 - 06:10:02: [SM] Call stack trace:
L 09/17/2020 - 06:10:02: [SM]   [0] PrintToConsole
L 09/17/2020 - 06:10:02: [SM]   [1] Line 75, /home/forums/content/files/7/2/34150.attach::cheatcommand
L 09/17/2020 - 06:10:02: [SM] Exception reported: String formatted incorrectly - parameter 4 (total 3)
L 09/17/2020 - 06:10:02: [SM] Blaming: admincheats.smx
L 09/17/2020 - 06:10:02: [SM] Call stack trace:
L 09/17/2020 - 06:10:02: [SM]   [0] PrintToConsole
L 09/17/2020 - 06:10:02: [SM]   [1] Line 75, /home/forums/content/files/7/2/34150.attach::cheatcommand
L 09/17/2020 - 06:10:03: [SM] Exception reported: String formatted incorrectly - parameter 4 (total 3)
L 09/17/2020 - 06:10:03: [SM] Blaming: admincheats.smx
L 09/17/2020 - 06:10:03: [SM] Call stack trace:
L 09/17/2020 - 06:10:03: [SM]   [0] PrintToConsole
L 09/17/2020 - 06:10:03: [SM]   [1] Line 75, /home/forums/content/files/7/2/34150.attach::cheatcommand
L 09/17/2020 - 06:10:03: [SM] Exception reported: String formatted incorrectly - parameter 4 (total 3)
L 09/17/2020 - 06:10:03: [SM] Blaming: admincheats.smx
L 09/17/2020 - 06:10:03: [SM] Call stack trace:
L 09/17/2020 - 06:10:03: [SM]   [0] PrintToConsole
L 09/17/2020 - 06:10:03: [SM]   [1] Line 75, /home/forums/content/files/7/2/34150.attach::cheatcommand
L 09/17/2020 - 06:10:03: [SM] Exception reported: String formatted incorrectly - parameter 4 (total 3)
L 09/17/2020 - 06:10:03: [SM] Blaming: admincheats.smx
L 09/17/2020 - 06:10:03: [SM] Call stack trace:
L 09/17/2020 - 06:10:03: [SM]   [0] PrintToConsole
L 09/17/2020 - 06:10:03: [SM]   [1] Line 75, /home/forums/content/files/7/2/34150.attach::cheatcommand
L 09/17/2020 - 06:10:03: [SM] Exception reported: String formatted incorrectly - parameter 4 (total 3)
L 09/17/2020 - 06:10:03: [SM] Blaming: admincheats.smx
L 09/17/2020 - 06:10:03: [SM] Call stack trace:
L 09/17/2020 - 06:10:03: [SM]   [0] PrintToConsole
L 09/17/2020 - 06:10:03: [SM]   [1] Line 75, /home/forums/content/files/7/2/34150.attach::cheatcommand
L 09/17/2020 - 06:10:03: [SM] Exception reported: String formatted incorrectly - parameter 4 (total 3)
L 09/17/2020 - 06:10:03: [SM] Blaming: admincheats.smx
L 09/17/2020 - 06:10:03: [SM] Call stack trace:
L 09/17/2020 - 06:10:03: [SM]   [0] PrintToConsole
L 09/17/2020 - 06:10:03: [SM]   [1] Line 75, /home/forums/content/files/7/2/34150.attach::cheatcommand
L 09/17/2020 - 06:10:04: [SM] Exception reported: String formatted incorrectly - parameter 4 (total 3)
L 09/17/2020 - 06:10:04: [SM] Blaming: admincheats.smx
L 09/17/2020 - 06:10:04: [SM] Call stack trace:
L 09/17/2020 - 06:10:04: [SM]   [0] PrintToConsole
L 09/17/2020 - 06:10:04: [SM]   [1] Line 75, /home/forums/content/files/7/2/34150.attach::cheatcommand
L 09/17/2020 - 06:10:04: [SM] Exception reported: String formatted incorrectly - parameter 4 (total 3)
L 09/17/2020 - 06:10:04: [SM] Blaming: admincheats.smx
L 09/17/2020 - 06:10:04: [SM] Call stack trace:
L 09/17/2020 - 06:10:04: [SM]   [0] PrintToConsole
L 09/17/2020 - 06:10:04: [SM]   [1] Line 75, /home/forums/content/files/7/2/34150.attach::cheatcommand
L 09/17/2020 - 06:10:04: [SM] Exception reported: String formatted incorrectly - parameter 4 (total 3)
L 09/17/2020 - 06:10:04: [SM] Blaming: admincheats.smx
L 09/17/2020 - 06:10:04: [SM] Call stack trace:
L 09/17/2020 - 06:10:04: [SM]   [0] PrintToConsole
L 09/17/2020 - 06:10:04: [SM]   [1] Line 75, /home/forums/content/files/7/2/34150.attach::cheatcommand
L 09/17/2020 - 06:10:04: [SM] Exception reported: String formatted incorrectly - parameter 4 (total 3)
L 09/17/2020 - 06:10:04: [SM] Blaming: admincheats.smx
L 09/17/2020 - 06:10:04: [SM] Call stack trace:
L 09/17/2020 - 06:10:04: [SM]   [0] PrintToConsole
L 09/17/2020 - 06:10:04: [SM]   [1] Line 75, /home/forums/content/files/7/2/34150.attach::cheatcommand
L 09/17/2020 - 06:10:04: [SM] Exception reported: String formatted incorrectly - parameter 4 (total 3)
L 09/17/2020 - 06:10:04: [SM] Blaming: admincheats.smx
L 09/17/2020 - 06:10:04: [SM] Call stack trace:
L 09/17/2020 - 06:10:04: [SM]   [0] PrintToConsole
L 09/17/2020 - 06:10:04: [SM]   [1] Line 75, /home/forums/content/files/7/2/34150.attach::cheatcommand
L 09/17/2020 - 06:10:04: [SM] Exception reported: String formatted incorrectly - parameter 4 (total 3)
L 09/17/2020 - 06:10:04: [SM] Blaming: admincheats.smx
L 09/17/2020 - 06:10:04: [SM] Call stack trace:
L 09/17/2020 - 06:10:04: [SM]   [0] PrintToConsole
L 09/17/2020 - 06:10:04: [SM]   [1] Line 75, /home/forums/content/files/7/2/34150.attach::cheatcommand
L 09/17/2020 - 06:10:05: [SM] Exception reported: String formatted incorrectly - parameter 4 (total 3)
L 09/17/2020 - 06:10:05: [SM] Blaming: admincheats.smx
L 09/17/2020 - 06:10:05: [SM] Call stack trace:
L 09/17/2020 - 06:10:05: [SM]   [0] PrintToConsole
L 09/17/2020 - 06:10:05: [SM]   [1] Line 75, /home/forums/content/files/7/2/34150.attach::cheatcommand
L 09/17/2020 - 06:10:05: [SM] Exception reported: String formatted incorrectly - parameter 4 (total 3)
L 09/17/2020 - 06:10:05: [SM] Blaming: admincheats.smx
L 09/17/2020 - 06:10:05: [SM] Call stack trace:
L 09/17/2020 - 06:10:05: [SM]   [0] PrintToConsole
L 09/17/2020 - 06:10:05: [SM]   [1] Line 75, /home/forums/content/files/7/2/34150.attach::cheatcommand
L 09/17/2020 - 06:10:05: [SM] Exception reported: String formatted incorrectly - parameter 4 (total 3)
L 09/17/2020 - 06:10:05: [SM] Blaming: admincheats.smx
L 09/17/2020 - 06:10:05: [SM] Call stack trace:
L 09/17/2020 - 06:10:05: [SM]   [0] PrintToConsole
L 09/17/2020 - 06:10:05: [SM]   [1] Line 75, /home/forums/content/files/7/2/34150.attach::cheatcommand
L 09/17/2020 - 06:10:05: [SM] Exception reported: String formatted incorrectly - parameter 4 (total 3)
L 09/17/2020 - 06:10:05: [SM] Blaming: admincheats.smx
L 09/17/2020 - 06:10:05: [SM] Call stack trace:
L 09/17/2020 - 06:10:05: [SM]   [0] PrintToConsole
L 09/17/2020 - 06:10:05: [SM]   [1] Line 75, /home/forums/content/files/7/2/34150.attach::cheatcommand
L 09/17/2020 - 06:10:05: [SM] Exception reported: String formatted incorrectly - parameter 4 (total 3)
L 09/17/2020 - 06:10:05: [SM] Blaming: admincheats.smx
L 09/17/2020 - 06:10:05: [SM] Call stack trace:
L 09/17/2020 - 06:10:05: [SM]   [0] PrintToConsole
L 09/17/2020 - 06:10:05: [SM]   [1] Line 75, /home/forums/content/files/7/2/34150.attach::cheatcommand
L 09/17/2020 - 06:10:05: [SM] Exception reported: String formatted incorrectly - parameter 4 (total 3)
L 09/17/2020 - 06:10:05: [SM] Blaming: admincheats.smx
L 09/17/2020 - 06:10:05: [SM] Call stack trace:
L 09/17/2020 - 06:10:05: [SM]   [0] PrintToConsole
L 09/17/2020 - 06:10:05: [SM]   [1] Line 75, /home/forums/content/files/7/2/34150.attach::cheatcommand
L 09/17/2020 - 06:10:06: [SM] Exception reported: String formatted incorrectly - parameter 4 (total 3)
L 09/17/2020 - 06:10:06: [SM] Blaming: admincheats.smx
L 09/17/2020 - 06:10:06: [SM] Call stack trace:
L 09/17/2020 - 06:10:06: [SM]   [0] PrintToConsole
L 09/17/2020 - 06:10:06: [SM]   [1] Line 75, /home/forums/content/files/7/2/34150.attach::cheatcommand
L 09/17/2020 - 06:10:06: [SM] Exception reported: String formatted incorrectly - parameter 4 (total 3)
L 09/17/2020 - 06:10:06: [SM] Blaming: admincheats.smx
L 09/17/2020 - 06:10:06: [SM] Call stack trace:
L 09/17/2020 - 06:10:06: [SM]   [0] PrintToConsole
L 09/17/2020 - 06:10:06: [SM]   [1] Line 75, /home/forums/content/files/7/2/34150.attach::cheatcommand
L 09/17/2020 - 06:10:06: [SM] Exception reported: String formatted incorrectly - parameter 4 (total 3)
L 09/17/2020 - 06:10:06: [SM] Blaming: admincheats.smx
L 09/17/2020 - 06:10:06: [SM] Call stack trace:
L 09/17/2020 - 06:10:06: [SM]   [0] PrintToConsole
L 09/17/2020 - 06:10:06: [SM]   [1] Line 75, /home/forums/content/files/7/2/34150.attach::cheatcommand
L 09/17/2020 - 06:10:06: [SM] Exception reported: String formatted incorrectly - parameter 4 (total 3)
L 09/17/2020 - 06:10:06: [SM] Blaming: admincheats.smx
L 09/17/2020 - 06:10:06: [SM] Call stack trace:
L 09/17/2020 - 06:10:06: [SM]   [0] PrintToConsole
L 09/17/2020 - 06:10:06: [SM]   [1] Line 75, /home/forums/content/files/7/2/34150.attach::cheatcommand
L 09/17/2020 - 06:10:06: [SM] Exception reported: String formatted incorrectly - parameter 4 (total 3)
L 09/17/2020 - 06:10:06: [SM] Blaming: admincheats.smx
L 09/17/2020 - 06:10:06: [SM] Call stack trace:
L 09/17/2020 - 06:10:06: [SM]   [0] PrintToConsole
L 09/17/2020 - 06:10:06: [SM]   [1] Line 75, /home/forums/content/files/7/2/34150.attach::cheatcommand
L 09/17/2020 - 06:10:06: [SM] Exception reported: String formatted incorrectly - parameter 4 (total 3)
L 09/17/2020 - 06:10:06: [SM] Blaming: admincheats.smx
L 09/17/2020 - 06:10:06: [SM] Call stack trace:
L 09/17/2020 - 06:10:06: [SM]   [0] PrintToConsole
L 09/17/2020 - 06:10:06: [SM]   [1] Line 75, /home/forums/content/files/7/2/34150.attach::cheatcommand
L 09/17/2020 - 06:10:07: [SM] Exception reported: String formatted incorrectly - parameter 4 (total 3)
L 09/17/2020 - 06:10:07: [SM] Blaming: admincheats.smx
L 09/17/2020 - 06:10:07: [SM] Call stack trace:
L 09/17/2020 - 06:10:07: [SM]   [0] PrintToConsole
L 09/17/2020 - 06:10:07: [SM]   [1] Line 75, /home/forums/content/files/7/2/34150.attach::cheatcommand
L 09/17/2020 - 06:10:07: [SM] Exception reported: String formatted incorrectly - parameter 4 (total 3)
L 09/17/2020 - 06:10:07: [SM] Blaming: admincheats.smx
L 09/17/2020 - 06:10:07: [SM] Call stack trace:
L 09/17/2020 - 06:10:07: [SM]   [0] PrintToConsole
L 09/17/2020 - 06:10:07: [SM]   [1] Line 75, /home/forums/content/files/7/2/34150.attach::cheatcommand
L 09/17/2020 - 06:10:07: [SM] Exception reported: String formatted incorrectly - parameter 4 (total 3)
L 09/17/2020 - 06:10:07: [SM] Blaming: admincheats.smx
L 09/17/2020 - 06:10:07: [SM] Call stack trace:
L 09/17/2020 - 06:10:07: [SM]   [0] PrintToConsole
L 09/17/2020 - 06:10:07: [SM]   [1] Line 75, /home/forums/content/files/7/2/34150.attach::cheatcommand
L 09/17/2020 - 06:10:07: [SM] Exception reported: String formatted incorrectly - parameter 4 (total 3)
L 09/17/2020 - 06:10:07: [SM] Blaming: admincheats.smx
L 09/17/2020 - 06:10:07: [SM] Call stack trace:
L 09/17/2020 - 06:10:07: [SM]   [0] PrintToConsole
L 09/17/2020 - 06:10:07: [SM]   [1] Line 75, /home/forums/content/files/7/2/34150.attach::cheatcommand
L 09/17/2020 - 06:10:07: [SM] Exception reported: String formatted incorrectly - parameter 4 (total 3)
L 09/17/2020 - 06:10:07: [SM] Blaming: admincheats.smx
L 09/17/2020 - 06:10:07: [SM] Call stack trace:
L 09/17/2020 - 06:10:07: [SM]   [0] PrintToConsole
L 09/17/2020 - 06:10:07: [SM]   [1] Line 75, /home/forums/content/files/7/2/34150.attach::cheatcommand
L 09/17/2020 - 06:10:08: [SM] Exception reported: String formatted incorrectly - parameter 4 (total 3)
L 09/17/2020 - 06:10:08: [SM] Blaming: admincheats.smx
L 09/17/2020 - 06:10:08: [SM] Call stack trace:
L 09/17/2020 - 06:10:08: [SM]   [0] PrintToConsole
L 09/17/2020 - 06:10:08: [SM]   [1] Line 75, /home/forums/content/files/7/2/34150.attach::cheatcommand
L 09/17/2020 - 06:10:08: [SM] Exception reported: String formatted incorrectly - parameter 4 (total 3)
L 09/17/2020 - 06:10:08: [SM] Blaming: admincheats.smx
L 09/17/2020 - 06:10:08: [SM] Call stack trace:
L 09/17/2020 - 06:10:08: [SM]   [0] PrintToConsole
L 09/17/2020 - 06:10:08: [SM]   [1] Line 75, /home/forums/content/files/7/2/34150.attach::cheatcommand
L 09/17/2020 - 06:10:08: [SM] Exception reported: String formatted incorrectly - parameter 4 (total 3)
L 09/17/2020 - 06:10:08: [SM] Blaming: admincheats.smx
L 09/17/2020 - 06:10:08: [SM] Call stack trace:
L 09/17/2020 - 06:10:08: [SM]   [0] PrintToConsole
L 09/17/2020 - 06:10:08: [SM]   [1] Line 75, /home/forums/content/files/7/2/34150.attach::cheatcommand
L 09/17/2020 - 06:10:08: [SM] Exception reported: String formatted incorrectly - parameter 4 (total 3)
L 09/17/2020 - 06:10:08: [SM] Blaming: admincheats.smx
L 09/17/2020 - 06:10:08: [SM] Call stack trace:
L 09/17/2020 - 06:10:08: [SM]   [0] PrintToConsole
L 09/17/2020 - 06:10:08: [SM]   [1] Line 75, /home/forums/content/files/7/2/34150.attach::cheatcommand
L 09/17/2020 - 06:10:08: [SM] Exception reported: String formatted incorrectly - parameter 4 (total 3)
L 09/17/2020 - 06:10:08: [SM] Blaming: admincheats.smx
L 09/17/2020 - 06:10:08: [SM] Call stack trace:
L 09/17/2020 - 06:10:08: [SM]   [0] PrintToConsole
L 09/17/2020 - 06:10:08: [SM]   [1] Line 75, /home/forums/content/files/7/2/34150.attach::cheatcommand
L 09/17/2020 - 06:10:08: [SM] Exception reported: String formatted incorrectly - parameter 4 (total 3)
L 09/17/2020 - 06:10:08: [SM] Blaming: admincheats.smx
L 09/17/2020 - 06:10:08: [SM] Call stack trace:
L 09/17/2020 - 06:10:08: [SM]   [0] PrintToConsole
L 09/17/2020 - 06:10:08: [SM]   [1] Line 75, /home/forums/content/files/7/2/34150.attach::cheatcommand
L 09/17/2020 - 06:10:09: [SM] Exception reported: String formatted incorrectly - parameter 4 (total 3)
L 09/17/2020 - 06:10:09: [SM] Blaming: admincheats.smx
L 09/17/2020 - 06:10:09: [SM] Call stack trace:
L 09/17/2020 - 06:10:09: [SM]   [0] PrintToConsole
L 09/17/2020 - 06:10:09: [SM]   [1] Line 75, /home/forums/content/files/7/2/34150.attach::cheatcommand
L 09/17/2020 - 06:10:09: [SM] Exception reported: String formatted incorrectly - parameter 4 (total 3)
L 09/17/2020 - 06:10:09: [SM] Blaming: admincheats.smx
L 09/17/2020 - 06:10:09: [SM] Call stack trace:
L 09/17/2020 - 06:10:09: [SM]   [0] PrintToConsole
L 09/17/2020 - 06:10:09: [SM]   [1] Line 75, /home/forums/content/files/7/2/34150.attach::cheatcommand
L 09/17/2020 - 06:10:09: [SM] Exception reported: String formatted incorrectly - parameter 4 (total 3)
L 09/17/2020 - 06:10:09: [SM] Blaming: admincheats.smx
L 09/17/2020 - 06:10:09: [SM] Call stack trace:
L 09/17/2020 - 06:10:09: [SM]   [0] PrintToConsole
L 09/17/2020 - 06:10:09: [SM]   [1] Line 75, /home/forums/content/files/7/2/34150.attach::cheatcommand
L 09/17/2020 - 06:10:09: [SM] Exception reported: String formatted incorrectly - parameter 4 (total 3)
L 09/17/2020 - 06:10:09: [SM] Blaming: admincheats.smx
L 09/17/2020 - 06:10:09: [SM] Call stack trace:
L 09/17/2020 - 06:10:09: [SM]   [0] PrintToConsole
L 09/17/2020 - 06:10:09: [SM]   [1] Line 75, /home/forums/content/files/7/2/34150.attach::cheatcommand
L 09/17/2020 - 06:10:09: [SM] Exception reported: String formatted incorrectly - parameter 4 (total 3)
L 09/17/2020 - 06:10:09: [SM] Blaming: admincheats.smx
L 09/17/2020 - 06:10:09: [SM] Call stack trace:
L 09/17/2020 - 06:10:09: [SM]   [0] PrintToConsole
L 09/17/2020 - 06:10:09: [SM]   [1] Line 75, /home/forums/content/files/7/2/34150.attach::cheatcommand
L 09/17/2020 - 06:10:10: [SM] Exception reported: String formatted incorrectly - parameter 4 (total 3)
L 09/17/2020 - 06:10:10: [SM] Blaming: admincheats.smx
L 09/17/2020 - 06:10:10: [SM] Call stack trace:
L 09/17/2020 - 06:10:10: [SM]   [0] PrintToConsole
L 09/17/2020 - 06:10:10: [SM]   [1] Line 75, /home/forums/content/files/7/2/34150.attach::cheatcommand
L 09/17/2020 - 06:10:10: [SM] Exception reported: String formatted incorrectly - parameter 4 (total 3)
L 09/17/2020 - 06:10:10: [SM] Blaming: admincheats.smx
L 09/17/2020 - 06:10:10: [SM] Call stack trace:
L 09/17/2020 - 06:10:10: [SM]   [0] PrintToConsole
L 09/17/2020 - 06:10:10: [SM]   [1] Line 75, /home/forums/content/files/7/2/34150.attach::cheatcommand
L 09/17/2020 - 06:10:10: [SM] Exception reported: String formatted incorrectly - parameter 4 (total 3)
L 09/17/2020 - 06:10:10: [SM] Blaming: admincheats.smx
L 09/17/2020 - 06:10:10: [SM] Call stack trace:
L 09/17/2020 - 06:10:10: [SM]   [0] PrintToConsole
L 09/17/2020 - 06:10:10: [SM]   [1] Line 75, /home/forums/content/files/7/2/34150.attach::cheatcommand
L 09/17/2020 - 06:10:10: [SM] Exception reported: String formatted incorrectly - parameter 4 (total 3)
L 09/17/2020 - 06:10:10: [SM] Blaming: admincheats.smx
L 09/17/2020 - 06:10:10: [SM] Call stack trace:
L 09/17/2020 - 06:10:10: [SM]   [0] PrintToConsole
L 09/17/2020 - 06:10:10: [SM]   [1] Line 75, /home/forums/content/files/7/2/34150.attach::cheatcommand
L 09/17/2020 - 06:10:10: [SM] Exception reported: String formatted incorrectly - parameter 4 (total 3)
L 09/17/2020 - 06:10:10: [SM] Blaming: admincheats.smx
L 09/17/2020 - 06:10:10: [SM] Call stack trace:
L 09/17/2020 - 06:10:10: [SM]   [0] PrintToConsole
L 09/17/2020 - 06:10:10: [SM]   [1] Line 75, /home/forums/content/files/7/2/34150.attach::cheatcommand
L 09/17/2020 - 06:10:10: [SM] Exception reported: String formatted incorrectly - parameter 4 (total 3)
L 09/17/2020 - 06:10:10: [SM] Blaming: admincheats.smx
L 09/17/2020 - 06:10:10: [SM] Call stack trace:
L 09/17/2020 - 06:10:10: [SM]   [0] PrintToConsole
L 09/17/2020 - 06:10:10: [SM]   [1] Line 75, /home/forums/content/files/7/2/34150.attach::cheatcommand
L 09/17/2020 - 06:10:11: [SM] Exception reported: String formatted incorrectly - parameter 4 (total 3)
L 09/17/2020 - 06:10:11: [SM] Blaming: admincheats.smx
L 09/17/2020 - 06:10:11: [SM] Call stack trace:
L 09/17/2020 - 06:10:11: [SM]   [0] PrintToConsole
L 09/17/2020 - 06:10:11: [SM]   [1] Line 75, /home/forums/content/files/7/2/34150.attach::cheatcommand
L 09/17/2020 - 06:10:11: [SM] Exception reported: String formatted incorrectly - parameter 4 (total 3)
L 09/17/2020 - 06:10:11: [SM] Blaming: admincheats.smx
L 09/17/2020 - 06:10:11: [SM] Call stack trace:
L 09/17/2020 - 06:10:11: [SM]   [0] PrintToConsole
L 09/17/2020 - 06:10:11: [SM]   [1] Line 75, /home/forums/content/files/7/2/34150.attach::cheatcommand
L 09/17/2020 - 06:10:11: [SM] Exception reported: String formatted incorrectly - parameter 4 (total 3)
L 09/17/2020 - 06:10:11: [SM] Blaming: admincheats.smx
L 09/17/2020 - 06:10:11: [SM] Call stack trace:
L 09/17/2020 - 06:10:11: [SM]   [0] PrintToConsole
L 09/17/2020 - 06:10:11: [SM]   [1] Line 75, /home/forums/content/files/7/2/34150.attach::cheatcommand
L 09/17/2020 - 06:10:11: [SM] Exception reported: String formatted incorrectly - parameter 4 (total 3)
L 09/17/2020 - 06:10:11: [SM] Blaming: admincheats.smx
L 09/17/2020 - 06:10:11: [SM] Call stack trace:
L 09/17/2020 - 06:10:11: [SM]   [0] PrintToConsole
L 09/17/2020 - 06:10:11: [SM]   [1] Line 75, /home/forums/content/files/7/2/34150.attach::cheatcommand
L 09/17/2020 - 06:10:11: [SM] Exception reported: String formatted incorrectly - parameter 4 (total 3)
L 09/17/2020 - 06:10:11: [SM] Blaming: admincheats.smx
L 09/17/2020 - 06:10:11: [SM] Call stack trace:
L 09/17/2020 - 06:10:11: [SM]   [0] PrintToConsole
L 09/17/2020 - 06:10:11: [SM]   [1] Line 75, /home/forums/content/files/7/2/34150.attach::cheatcommand
L 09/17/2020 - 06:10:12: [SM] Exception reported: String formatted incorrectly - parameter 4 (total 3)
L 09/17/2020 - 06:10:12: [SM] Blaming: admincheats.smx
L 09/17/2020 - 06:10:12: [SM] Call stack trace:
L 09/17/2020 - 06:10:12: [SM]   [0] PrintToConsole
L 09/17/2020 - 06:10:12: [SM]   [1] Line 75, /home/forums/content/files/7/2/34150.attach::cheatcommand
L 09/17/2020 - 06:10:12: [SM] Exception reported: String formatted incorrectly - parameter 4 (total 3)
L 09/17/2020 - 06:10:12: [SM] Blaming: admincheats.smx
L 09/17/2020 - 06:10:12: [SM] Call stack trace:
L 09/17/2020 - 06:10:12: [SM]   [0] PrintToConsole
L 09/17/2020 - 06:10:12: [SM]   [1] Line 75, /home/forums/content/files/7/2/34150.attach::cheatcommand
L 09/17/2020 - 06:10:12: [SM] Exception reported: String formatted incorrectly - parameter 4 (total 3)
L 09/17/2020 - 06:10:12: [SM] Blaming: admincheats.smx
L 09/17/2020 - 06:10:12: [SM] Call stack trace:
L 09/17/2020 - 06:10:12: [SM]   [0] PrintToConsole
L 09/17/2020 - 06:10:12: [SM]   [1] Line 75, /home/forums/content/files/7/2/34150.attach::cheatcommand
L 09/17/2020 - 06:10:12: [SM] Exception reported: String formatted incorrectly - parameter 4 (total 3)
L 09/17/2020 - 06:10:12: [SM] Blaming: admincheats.smx
L 09/17/2020 - 06:10:12: [SM] Call stack trace:
L 09/17/2020 - 06:10:12: [SM]   [0] PrintToConsole
L 09/17/2020 - 06:10:12: [SM]   [1] Line 75, /home/forums/content/files/7/2/34150.attach::cheatcommand
L 09/17/2020 - 06:10:12: [SM] Exception reported: String formatted incorrectly - parameter 4 (total 3)
L 09/17/2020 - 06:10:12: [SM] Blaming: admincheats.smx
L 09/17/2020 - 06:10:12: [SM] Call stack trace:
L 09/17/2020 - 06:10:12: [SM]   [0] PrintToConsole
L 09/17/2020 - 06:10:12: [SM]   [1] Line 75, /home/forums/content/files/7/2/34150.attach::cheatcommand
L 09/17/2020 - 06:10:12: [SM] Exception reported: String formatted incorrectly - parameter 4 (total 3)
L 09/17/2020 - 06:10:12: [SM] Blaming: admincheats.smx
L 09/17/2020 - 06:10:12: [SM] Call stack trace:
L 09/17/2020 - 06:10:12: [SM]   [0] PrintToConsole
L 09/17/2020 - 06:10:12: [SM]   [1] Line 75, /home/forums/content/files/7/2/34150.attach::cheatcommand
L 09/17/2020 - 06:10:13: [SM] Exception reported: String formatted incorrectly - parameter 4 (total 3)
L 09/17/2020 - 06:10:13: [SM] Blaming: admincheats.smx
L 09/17/2020 - 06:10:13: [SM] Call stack trace:
L 09/17/2020 - 06:10:13: [SM]   [0] PrintToConsole
L 09/17/2020 - 06:10:13: [SM]   [1] Line 75, /home/forums/content/files/7/2/34150.attach::cheatcommand
L 09/17/2020 - 06:10:13: [SM] Exception reported: String formatted incorrectly - parameter 4 (total 3)
L 09/17/2020 - 06:10:13: [SM] Blaming: admincheats.smx
L 09/17/2020 - 06:10:13: [SM] Call stack trace:
L 09/17/2020 - 06:10:13: [SM]   [0] PrintToConsole
L 09/17/2020 - 06:10:13: [SM]   [1] Line 75, /home/forums/content/files/7/2/34150.attach::cheatcommand
L 09/17/2020 - 06:10:13: [SM] Exception reported: String formatted incorrectly - parameter 4 (total 3)
L 09/17/2020 - 06:10:13: [SM] Blaming: admincheats.smx
L 09/17/2020 - 06:10:13: [SM] Call stack trace:
L 09/17/2020 - 06:10:13: [SM]   [0] PrintToConsole
L 09/17/2020 - 06:10:13: [SM]   [1] Line 75, /home/forums/content/files/7/2/34150.attach::cheatcommand
L 09/17/2020 - 06:10:13: [SM] Exception reported: String formatted incorrectly - parameter 4 (total 3)
L 09/17/2020 - 06:10:13: [SM] Blaming: admincheats.smx
L 09/17/2020 - 06:10:13: [SM] Call stack trace:
L 09/17/2020 - 06:10:13: [SM]   [0] PrintToConsole
L 09/17/2020 - 06:10:13: [SM]   [1] Line 75, /home/forums/content/files/7/2/34150.attach::cheatcommand
L 09/17/2020 - 06:10:13: [SM] Exception reported: String formatted incorrectly - parameter 4 (total 3)
L 09/17/2020 - 06:10:13: [SM] Blaming: admincheats.smx
L 09/17/2020 - 06:10:13: [SM] Call stack trace:
L 09/17/2020 - 06:10:13: [SM]   [0] PrintToConsole
L 09/17/2020 - 06:10:13: [SM]   [1] Line 75, /home/forums/content/files/7/2/34150.attach::cheatcommand
L 09/17/2020 - 06:10:14: [SM] Exception reported: String formatted incorrectly - parameter 4 (total 3)
L 09/17/2020 - 06:10:14: [SM] Blaming: admincheats.smx
L 09/17/2020 - 06:10:14: [SM] Call stack trace:
L 09/17/2020 - 06:10:14: [SM]   [0] PrintToConsole
L 09/17/2020 - 06:10:14: [SM]   [1] Line 75, /home/forums/content/files/7/2/34150.attach::cheatcommand
L 09/17/2020 - 06:10:14: [SM] Exception reported: String formatted incorrectly - parameter 4 (total 3)
L 09/17/2020 - 06:10:14: [SM] Blaming: admincheats.smx
L 09/17/2020 - 06:10:14: [SM] Call stack trace:
L 09/17/2020 - 06:10:14: [SM]   [0] PrintToConsole
L 09/17/2020 - 06:10:14: [SM]   [1] Line 75, /home/forums/content/files/7/2/34150.attach::cheatcommand
L 09/17/2020 - 06:10:14: [SM] Exception reported: String formatted incorrectly - parameter 4 (total 3)
L 09/17/2020 - 06:10:14: [SM] Blaming: admincheats.smx
L 09/17/2020 - 06:10:14: [SM] Call stack trace:
L 09/17/2020 - 06:10:14: [SM]   [0] PrintToConsole
L 09/17/2020 - 06:10:14: [SM]   [1] Line 75, /home/forums/content/files/7/2/34150.attach::cheatcommand
L 09/17/2020 - 06:10:14: [SM] Exception reported: String formatted incorrectly - parameter 4 (total 3)
L 09/17/2020 - 06:10:14: [SM] Blaming: admincheats.smx
L 09/17/2020 - 06:10:14: [SM] Call stack trace:
L 09/17/2020 - 06:10:14: [SM]   [0] PrintToConsole
L 09/17/2020 - 06:10:14: [SM]   [1] Line 75, /home/forums/content/files/7/2/34150.attach::cheatcommand
L 09/17/2020 - 06:10:15: [SM] Exception reported: String formatted incorrectly - parameter 4 (total 3)
L 09/17/2020 - 06:10:15: [SM] Blaming: admincheats.smx
L 09/17/2020 - 06:10:15: [SM] Call stack trace:
L 09/17/2020 - 06:10:15: [SM]   [0] PrintToConsole
L 09/17/2020 - 06:10:15: [SM]   [1] Line 75, /home/forums/content/files/7/2/34150.attach::cheatcommand
L 09/17/2020 - 06:10:16: [SM] Exception reported: String formatted incorrectly - parameter 4 (total 3)
L 09/17/2020 - 06:10:16: [SM] Blaming: admincheats.smx
L 09/17/2020 - 06:10:16: [SM] Call stack trace:
L 09/17/2020 - 06:10:16: [SM]   [0] PrintToConsole
L 09/17/2020 - 06:10:16: [SM]   [1] Line 75, /home/forums/content/files/7/2/34150.attach::cheatcommand
L 09/17/2020 - 06:10:16: [SM] Exception reported: String formatted incorrectly - parameter 4 (total 3)
L 09/17/2020 - 06:10:16: [SM] Blaming: admincheats.smx
L 09/17/2020 - 06:10:16: [SM] Call stack trace:
L 09/17/2020 - 06:10:16: [SM]   [0] PrintToConsole
L 09/17/2020 - 06:10:16: [SM]   [1] Line 75, /home/forums/content/files/7/2/34150.attach::cheatcommand
L 09/17/2020 - 06:10:17: [SM] Exception reported: String formatted incorrectly - parameter 4 (total 3)
L 09/17/2020 - 06:10:17: [SM] Blaming: admincheats.smx
L 09/17/2020 - 06:10:17: [SM] Call stack trace:
L 09/17/2020 - 06:10:17: [SM]   [0] PrintToConsole
L 09/17/2020 - 06:10:17: [SM]   [1] Line 75, /home/forums/content/files/7/2/34150.attach::cheatcommand
L 09/17/2020 - 06:10:17: [SM] Exception reported: String formatted incorrectly - parameter 4 (total 3)
L 09/17/2020 - 06:10:17: [SM] Blaming: admincheats.smx
L 09/17/2020 - 06:10:17: [SM] Call stack trace:
L 09/17/2020 - 06:10:17: [SM]   [0] PrintToConsole
L 09/17/2020 - 06:10:17: [SM]   [1] Line 75, /home/forums/content/files/7/2/34150.attach::cheatcommand
L 09/17/2020 - 06:10:17: [SM] Exception reported: String formatted incorrectly - parameter 4 (total 3)
L 09/17/2020 - 06:10:17: [SM] Blaming: admincheats.smx
L 09/17/2020 - 06:10:17: [SM] Call stack trace:
L 09/17/2020 - 06:10:17: [SM]   [0] PrintToConsole
L 09/17/2020 - 06:10:17: [SM]   [1] Line 75, /home/forums/content/files/7/2/34150.attach::cheatcommand
L 09/17/2020 - 06:10:18: [SM] Exception reported: String formatted incorrectly - parameter 4 (total 3)
L 09/17/2020 - 06:10:18: [SM] Blaming: admincheats.smx
L 09/17/2020 - 06:10:18: [SM] Call stack trace:
L 09/17/2020 - 06:10:18: [SM]   [0] PrintToConsole
L 09/17/2020 - 06:10:18: [SM]   [1] Line 75, /home/forums/content/files/7/2/34150.attach::cheatcommand
L 09/17/2020 - 06:10:23: [SM] Exception reported: String formatted incorrectly - parameter 4 (total 3)
L 09/17/2020 - 06:10:23: [SM] Blaming: admincheats.smx
L 09/17/2020 - 06:10:23: [SM] Call stack trace:
L 09/17/2020 - 06:10:23: [SM]   [0] PrintToConsole
L 09/17/2020 - 06:10:23: [SM]   [1] Line 75, /home/forums/content/files/7/2/34150.attach::cheatcommand
L 09/17/2020 - 06:11:01: [SM] Exception reported: String formatted incorrectly - parameter 4 (total 3)
L 09/17/2020 - 06:11:01: [SM] Blaming: admincheats.smx
L 09/17/2020 - 06:11:01: [SM] Call stack trace:
L 09/17/2020 - 06:11:01: [SM]   [0] PrintToConsole
L 09/17/2020 - 06:11:01: [SM]   [1] Line 75, /home/forums/content/files/7/2/34150.attach::cheatcommand
L 09/17/2020 - 06:12:19: Error log file session closed.
L 09/17/2020 - 21:42:53: SourceMod error session started
L 09/17/2020 - 21:42:53: Info (map "plr_hightower") (file "/hlserver/tf2/tf/addons/sourcemod/logs/errors_20200917.log")
L 09/17/2020 - 21:42:53: [SM] Exception reported: String formatted incorrectly - parameter 4 (total 3)
L 09/17/2020 - 21:42:53: [SM] Blaming: admincheats.smx
L 09/17/2020 - 21:42:53: [SM] Call stack trace:
L 09/17/2020 - 21:42:53: [SM]   [0] PrintToConsole
L 09/17/2020 - 21:42:53: [SM]   [1] Line 75, /home/forums/content/files/7/2/34150.attach::cheatcommand
L 09/17/2020 - 21:42:53: [SM] Exception reported: String formatted incorrectly - parameter 4 (total 3)
L 09/17/2020 - 21:42:53: [SM] Blaming: admincheats.smx
L 09/17/2020 - 21:42:53: [SM] Call stack trace:
L 09/17/2020 - 21:42:53: [SM]   [0] PrintToConsole
L 09/17/2020 - 21:42:53: [SM]   [1] Line 75, /home/forums/content/files/7/2/34150.attach::cheatcommand
L 09/17/2020 - 21:42:53: [SM] Exception reported: String formatted incorrectly - parameter 4 (total 3)
L 09/17/2020 - 21:42:53: [SM] Blaming: admincheats.smx
L 09/17/2020 - 21:42:53: [SM] Call stack trace:
L 09/17/2020 - 21:42:53: [SM]   [0] PrintToConsole
L 09/17/2020 - 21:42:53: [SM]   [1] Line 75, /home/forums/content/files/7/2/34150.attach::cheatcommand
L 09/17/2020 - 21:42:53: [SM] Exception reported: String formatted incorrectly - parameter 4 (total 3)
L 09/17/2020 - 21:42:53: [SM] Blaming: admincheats.smx
L 09/17/2020 - 21:42:53: [SM] Call stack trace:
L 09/17/2020 - 21:42:53: [SM]   [0] PrintToConsole
L 09/17/2020 - 21:42:53: [SM]   [1] Line 75, /home/forums/content/files/7/2/34150.attach::cheatcommand
L 09/17/2020 - 21:42:53: [SM] Exception reported: String formatted incorrectly - parameter 4 (total 3)
L 09/17/2020 - 21:42:53: [SM] Blaming: admincheats.smx
L 09/17/2020 - 21:42:53: [SM] Call stack trace:
L 09/17/2020 - 21:42:53: [SM]   [0] PrintToConsole
L 09/17/2020 - 21:42:53: [SM]   [1] Line 75, /home/forums/content/files/7/2/34150.attach::cheatcommand
L 09/17/2020 - 21:42:53: [SM] Exception reported: String formatted incorrectly - parameter 4 (total 3)
L 09/17/2020 - 21:42:53: [SM] Blaming: admincheats.smx
L 09/17/2020 - 21:42:53: [SM] Call stack trace:
L 09/17/2020 - 21:42:53: [SM]   [0] PrintToConsole
L 09/17/2020 - 21:42:53: [SM]   [1] Line 75, /home/forums/content/files/7/2/34150.attach::cheatcommand
L 09/17/2020 - 21:42:53: [SM] Exception reported: String formatted incorrectly - parameter 4 (total 3)
L 09/17/2020 - 21:42:53: [SM] Blaming: admincheats.smx
L 09/17/2020 - 21:42:53: [SM] Call stack trace:
L 09/17/2020 - 21:42:53: [SM]   [0] PrintToConsole
L 09/17/2020 - 21:42:53: [SM]   [1] Line 75, /home/forums/content/files/7/2/34150.attach::cheatcommand
L 09/17/2020 - 21:42:53: [SM] Exception reported: String formatted incorrectly - parameter 4 (total 3)
L 09/17/2020 - 21:42:53: [SM] Blaming: admincheats.smx
L 09/17/2020 - 21:42:53: [SM] Call stack trace:
L 09/17/2020 - 21:42:53: [SM]   [0] PrintToConsole
L 09/17/2020 - 21:42:53: [SM]   [1] Line 75, /home/forums/content/files/7/2/34150.attach::cheatcommand
L 09/17/2020 - 21:42:53: [SM] Exception reported: String formatted incorrectly - parameter 4 (total 3)
L 09/17/2020 - 21:42:53: [SM] Blaming: admincheats.smx
L 09/17/2020 - 21:42:53: [SM] Call stack trace:
L 09/17/2020 - 21:42:53: [SM]   [0] PrintToConsole
L 09/17/2020 - 21:42:53: [SM]   [1] Line 75, /home/forums/content/files/7/2/34150.attach::cheatcommand
L 09/17/2020 - 21:42:53: [SM] Exception reported: String formatted incorrectly - parameter 4 (total 3)
L 09/17/2020 - 21:42:53: [SM] Blaming: admincheats.smx
L 09/17/2020 - 21:42:53: [SM] Call stack trace:
L 09/17/2020 - 21:42:53: [SM]   [0] PrintToConsole
L 09/17/2020 - 21:42:53: [SM]   [1] Line 75, /home/forums/content/files/7/2/34150.attach::cheatcommand
L 09/17/2020 - 21:42:53: [SM] Exception reported: String formatted incorrectly - parameter 4 (total 3)
L 09/17/2020 - 21:42:53: [SM] Blaming: admincheats.smx
L 09/17/2020 - 21:42:53: [SM] Call stack trace:
L 09/17/2020 - 21:42:53: [SM]   [0] PrintToConsole
L 09/17/2020 - 21:42:53: [SM]   [1] Line 75, /home/forums/content/files/7/2/34150.attach::cheatcommand
L 09/17/2020 - 21:42:53: [SM] Exception reported: String formatted incorrectly - parameter 4 (total 3)
L 09/17/2020 - 21:42:53: [SM] Blaming: admincheats.smx
L 09/17/2020 - 21:42:53: [SM] Call stack trace:
L 09/17/2020 - 21:42:53: [SM]   [0] PrintToConsole
L 09/17/2020 - 21:42:53: [SM]   [1] Line 75, /home/forums/content/files/7/2/34150.attach::cheatcommand
L 09/17/2020 - 21:42:53: [SM] Exception reported: String formatted incorrectly - parameter 4 (total 3)
L 09/17/2020 - 21:42:53: [SM] Blaming: admincheats.smx
L 09/17/2020 - 21:42:53: [SM] Call stack trace:
L 09/17/2020 - 21:42:53: [SM]   [0] PrintToConsole
L 09/17/2020 - 21:42:53: [SM]   [1] Line 75, /home/forums/content/files/7/2/34150.attach::cheatcommand
L 09/17/2020 - 21:42:53: [SM] Exception reported: String formatted incorrectly - parameter 4 (total 3)
L 09/17/2020 - 21:42:53: [SM] Blaming: admincheats.smx
L 09/17/2020 - 21:42:53: [SM] Call stack trace:
L 09/17/2020 - 21:42:53: [SM]   [0] PrintToConsole
L 09/17/2020 - 21:42:53: [SM]   [1] Line 75, /home/forums/content/files/7/2/34150.attach::cheatcommand
L 09/19/2020 - 03:44:03: Error log file session closed.
