L 07/05/2020 - 01:28:20: SourceMod error session started
L 07/05/2020 - 01:28:20: Info (map "cp_dustbowl") (file "/hlserver/tf2/tf/addons/sourcemod/logs/errors_20200705.log")
L 07/05/2020 - 01:28:20: [SM] Exception reported: String formatted incorrectly - parameter 4 (total 3)
L 07/05/2020 - 01:28:20: [SM] Blaming: admincheats.smx
L 07/05/2020 - 01:28:20: [SM] Call stack trace:
L 07/05/2020 - 01:28:20: [SM]   [0] PrintToConsole
L 07/05/2020 - 01:28:20: [SM]   [1] Line 75, /home/forums/content/files/7/2/34150.attach::cheatcommand
L 07/05/2020 - 01:29:42: Error log file session closed.
L 07/05/2020 - 01:36:03: SourceMod error session started
L 07/05/2020 - 01:36:03: Info (map "koth_viaduct_event") (file "/hlserver/tf2/tf/addons/sourcemod/logs/errors_20200705.log")
L 07/05/2020 - 01:36:03: [SM] Exception reported: String formatted incorrectly - parameter 4 (total 3)
L 07/05/2020 - 01:36:03: [SM] Blaming: admincheats.smx
L 07/05/2020 - 01:36:03: [SM] Call stack trace:
L 07/05/2020 - 01:36:03: [SM]   [0] PrintToConsole
L 07/05/2020 - 01:36:03: [SM]   [1] Line 75, /home/forums/content/files/7/2/34150.attach::cheatcommand
L 07/05/2020 - 01:36:08: [SM] Exception reported: String formatted incorrectly - parameter 4 (total 3)
L 07/05/2020 - 01:36:08: [SM] Blaming: admincheats.smx
L 07/05/2020 - 01:36:08: [SM] Call stack trace:
L 07/05/2020 - 01:36:08: [SM]   [0] PrintToConsole
L 07/05/2020 - 01:36:08: [SM]   [1] Line 75, /home/forums/content/files/7/2/34150.attach::cheatcommand
L 07/05/2020 - 01:36:12: [SM] Exception reported: String formatted incorrectly - parameter 4 (total 3)
L 07/05/2020 - 01:36:12: [SM] Blaming: admincheats.smx
L 07/05/2020 - 01:36:12: [SM] Call stack trace:
L 07/05/2020 - 01:36:12: [SM]   [0] PrintToConsole
L 07/05/2020 - 01:36:12: [SM]   [1] Line 75, /home/forums/content/files/7/2/34150.attach::cheatcommand
L 07/05/2020 - 01:38:53: [SM] Exception reported: String formatted incorrectly - parameter 4 (total 3)
L 07/05/2020 - 01:38:53: [SM] Blaming: admincheats.smx
L 07/05/2020 - 01:38:53: [SM] Call stack trace:
L 07/05/2020 - 01:38:53: [SM]   [0] PrintToConsole
L 07/05/2020 - 01:38:53: [SM]   [1] Line 75, /home/forums/content/files/7/2/34150.attach::cheatcommand
L 07/05/2020 - 01:38:59: [SM] Exception reported: String formatted incorrectly - parameter 4 (total 3)
L 07/05/2020 - 01:38:59: [SM] Blaming: admincheats.smx
L 07/05/2020 - 01:38:59: [SM] Call stack trace:
L 07/05/2020 - 01:38:59: [SM]   [0] PrintToConsole
L 07/05/2020 - 01:38:59: [SM]   [1] Line 75, /home/forums/content/files/7/2/34150.attach::cheatcommand
L 07/05/2020 - 01:40:12: [SM] Exception reported: String formatted incorrectly - parameter 4 (total 3)
L 07/05/2020 - 01:40:12: [SM] Blaming: admincheats.smx
L 07/05/2020 - 01:40:12: [SM] Call stack trace:
L 07/05/2020 - 01:40:12: [SM]   [0] PrintToConsole
L 07/05/2020 - 01:40:12: [SM]   [1] Line 75, /home/forums/content/files/7/2/34150.attach::cheatcommand
L 07/05/2020 - 01:40:16: [SM] Exception reported: String formatted incorrectly - parameter 4 (total 3)
L 07/05/2020 - 01:40:16: [SM] Blaming: admincheats.smx
L 07/05/2020 - 01:40:16: [SM] Call stack trace:
L 07/05/2020 - 01:40:16: [SM]   [0] PrintToConsole
L 07/05/2020 - 01:40:16: [SM]   [1] Line 75, /home/forums/content/files/7/2/34150.attach::cheatcommand
L 07/05/2020 - 01:40:17: [SM] Exception reported: String formatted incorrectly - parameter 4 (total 3)
L 07/05/2020 - 01:40:17: [SM] Blaming: admincheats.smx
L 07/05/2020 - 01:40:17: [SM] Call stack trace:
L 07/05/2020 - 01:40:17: [SM]   [0] PrintToConsole
L 07/05/2020 - 01:40:17: [SM]   [1] Line 75, /home/forums/content/files/7/2/34150.attach::cheatcommand
L 07/05/2020 - 01:47:47: [SM] Exception reported: String formatted incorrectly - parameter 4 (total 3)
L 07/05/2020 - 01:47:47: [SM] Blaming: admincheats.smx
L 07/05/2020 - 01:47:47: [SM] Call stack trace:
L 07/05/2020 - 01:47:47: [SM]   [0] PrintToConsole
L 07/05/2020 - 01:47:47: [SM]   [1] Line 75, /home/forums/content/files/7/2/34150.attach::cheatcommand
L 07/05/2020 - 01:52:18: [SM] Exception reported: String formatted incorrectly - parameter 4 (total 3)
L 07/05/2020 - 01:52:18: [SM] Blaming: admincheats.smx
L 07/05/2020 - 01:52:18: [SM] Call stack trace:
L 07/05/2020 - 01:52:18: [SM]   [0] PrintToConsole
L 07/05/2020 - 01:52:18: [SM]   [1] Line 75, /home/forums/content/files/7/2/34150.attach::cheatcommand
L 07/05/2020 - 01:52:25: [SM] Exception reported: String formatted incorrectly - parameter 4 (total 3)
L 07/05/2020 - 01:52:25: [SM] Blaming: admincheats.smx
L 07/05/2020 - 01:52:25: [SM] Call stack trace:
L 07/05/2020 - 01:52:25: [SM]   [0] PrintToConsole
L 07/05/2020 - 01:52:25: [SM]   [1] Line 75, /home/forums/content/files/7/2/34150.attach::cheatcommand
L 07/05/2020 - 01:52:32: [SM] Exception reported: String formatted incorrectly - parameter 4 (total 3)
L 07/05/2020 - 01:52:32: [SM] Blaming: admincheats.smx
L 07/05/2020 - 01:52:32: [SM] Call stack trace:
L 07/05/2020 - 01:52:32: [SM]   [0] PrintToConsole
L 07/05/2020 - 01:52:32: [SM]   [1] Line 75, /home/forums/content/files/7/2/34150.attach::cheatcommand
L 07/05/2020 - 01:57:34: Error log file session closed.
