L 07/07/2021 - 04:01:29: SourceMod error session started
L 07/07/2021 - 04:01:29: Info (map "plr_hightower") (file "/hlserver/tf2/tf/addons/sourcemod/logs/errors_20210707.log")
L 07/07/2021 - 04:01:29: [tf2attributes.smx] Could not initialize call to CEconItem::SetCustomName
L 07/07/2021 - 21:26:39: [SM] Exception reported: String formatted incorrectly - parameter 4 (total 3)
L 07/07/2021 - 21:26:39: [SM] Blaming: admincheats.smx
L 07/07/2021 - 21:26:39: [SM] Call stack trace:
L 07/07/2021 - 21:26:39: [SM]   [0] PrintToConsole
L 07/07/2021 - 21:26:39: [SM]   [1] Line 75, /home/forums/content/files/7/2/34150.attach::cheatcommand
L 07/07/2021 - 21:26:39: [SM] Exception reported: String formatted incorrectly - parameter 4 (total 3)
L 07/07/2021 - 21:26:39: [SM] Blaming: admincheats.smx
L 07/07/2021 - 21:26:39: [SM] Call stack trace:
L 07/07/2021 - 21:26:39: [SM]   [0] PrintToConsole
L 07/07/2021 - 21:26:39: [SM]   [1] Line 75, /home/forums/content/files/7/2/34150.attach::cheatcommand
L 07/07/2021 - 21:26:59: [SM] Exception reported: String formatted incorrectly - parameter 4 (total 3)
L 07/07/2021 - 21:26:59: [SM] Blaming: admincheats.smx
L 07/07/2021 - 21:26:59: [SM] Call stack trace:
L 07/07/2021 - 21:26:59: [SM]   [0] PrintToConsole
L 07/07/2021 - 21:26:59: [SM]   [1] Line 75, /home/forums/content/files/7/2/34150.attach::cheatcommand
L 07/07/2021 - 21:26:59: [SM] Exception reported: String formatted incorrectly - parameter 4 (total 3)
L 07/07/2021 - 21:26:59: [SM] Blaming: admincheats.smx
L 07/07/2021 - 21:26:59: [SM] Call stack trace:
L 07/07/2021 - 21:26:59: [SM]   [0] PrintToConsole
L 07/07/2021 - 21:26:59: [SM]   [1] Line 75, /home/forums/content/files/7/2/34150.attach::cheatcommand
L 07/07/2021 - 21:27:04: [SM] Exception reported: String formatted incorrectly - parameter 4 (total 3)
L 07/07/2021 - 21:27:04: [SM] Blaming: admincheats.smx
L 07/07/2021 - 21:27:04: [SM] Call stack trace:
L 07/07/2021 - 21:27:04: [SM]   [0] PrintToConsole
L 07/07/2021 - 21:27:04: [SM]   [1] Line 75, /home/forums/content/files/7/2/34150.attach::cheatcommand
L 07/07/2021 - 21:27:04: [SM] Exception reported: String formatted incorrectly - parameter 4 (total 3)
L 07/07/2021 - 21:27:04: [SM] Blaming: admincheats.smx
L 07/07/2021 - 21:27:04: [SM] Call stack trace:
L 07/07/2021 - 21:27:04: [SM]   [0] PrintToConsole
L 07/07/2021 - 21:27:04: [SM]   [1] Line 75, /home/forums/content/files/7/2/34150.attach::cheatcommand
L 07/07/2021 - 21:27:10: [SM] Exception reported: String formatted incorrectly - parameter 4 (total 3)
L 07/07/2021 - 21:27:10: [SM] Blaming: admincheats.smx
L 07/07/2021 - 21:27:10: [SM] Call stack trace:
L 07/07/2021 - 21:27:10: [SM]   [0] PrintToConsole
L 07/07/2021 - 21:27:10: [SM]   [1] Line 75, /home/forums/content/files/7/2/34150.attach::cheatcommand
L 07/07/2021 - 21:27:10: [SM] Exception reported: String formatted incorrectly - parameter 4 (total 3)
L 07/07/2021 - 21:27:10: [SM] Blaming: admincheats.smx
L 07/07/2021 - 21:27:10: [SM] Call stack trace:
L 07/07/2021 - 21:27:10: [SM]   [0] PrintToConsole
L 07/07/2021 - 21:27:10: [SM]   [1] Line 75, /home/forums/content/files/7/2/34150.attach::cheatcommand
L 07/07/2021 - 21:27:18: [SM] Exception reported: String formatted incorrectly - parameter 4 (total 3)
L 07/07/2021 - 21:27:18: [SM] Blaming: admincheats.smx
L 07/07/2021 - 21:27:18: [SM] Call stack trace:
L 07/07/2021 - 21:27:18: [SM]   [0] PrintToConsole
L 07/07/2021 - 21:27:18: [SM]   [1] Line 75, /home/forums/content/files/7/2/34150.attach::cheatcommand
L 07/07/2021 - 21:27:18: [SM] Exception reported: String formatted incorrectly - parameter 4 (total 3)
L 07/07/2021 - 21:27:18: [SM] Blaming: admincheats.smx
L 07/07/2021 - 21:27:18: [SM] Call stack trace:
L 07/07/2021 - 21:27:18: [SM]   [0] PrintToConsole
L 07/07/2021 - 21:27:18: [SM]   [1] Line 75, /home/forums/content/files/7/2/34150.attach::cheatcommand
L 07/07/2021 - 21:27:18: [SM] Exception reported: String formatted incorrectly - parameter 4 (total 3)
L 07/07/2021 - 21:27:18: [SM] Blaming: admincheats.smx
L 07/07/2021 - 21:27:18: [SM] Call stack trace:
L 07/07/2021 - 21:27:18: [SM]   [0] PrintToConsole
L 07/07/2021 - 21:27:18: [SM]   [1] Line 75, /home/forums/content/files/7/2/34150.attach::cheatcommand
L 07/07/2021 - 21:27:18: [SM] Exception reported: String formatted incorrectly - parameter 4 (total 3)
L 07/07/2021 - 21:27:18: [SM] Blaming: admincheats.smx
L 07/07/2021 - 21:27:18: [SM] Call stack trace:
L 07/07/2021 - 21:27:18: [SM]   [0] PrintToConsole
L 07/07/2021 - 21:27:18: [SM]   [1] Line 75, /home/forums/content/files/7/2/34150.attach::cheatcommand
L 07/07/2021 - 21:27:18: [SM] Exception reported: String formatted incorrectly - parameter 4 (total 3)
L 07/07/2021 - 21:27:18: [SM] Blaming: admincheats.smx
L 07/07/2021 - 21:27:18: [SM] Call stack trace:
L 07/07/2021 - 21:27:18: [SM]   [0] PrintToConsole
L 07/07/2021 - 21:27:18: [SM]   [1] Line 75, /home/forums/content/files/7/2/34150.attach::cheatcommand
L 07/07/2021 - 21:27:18: [SM] Exception reported: String formatted incorrectly - parameter 4 (total 3)
L 07/07/2021 - 21:27:18: [SM] Blaming: admincheats.smx
L 07/07/2021 - 21:27:18: [SM] Call stack trace:
L 07/07/2021 - 21:27:18: [SM]   [0] PrintToConsole
L 07/07/2021 - 21:27:18: [SM]   [1] Line 75, /home/forums/content/files/7/2/34150.attach::cheatcommand
L 07/07/2021 - 21:27:21: [SM] Exception reported: String formatted incorrectly - parameter 4 (total 3)
L 07/07/2021 - 21:27:21: [SM] Blaming: admincheats.smx
L 07/07/2021 - 21:27:21: [SM] Call stack trace:
L 07/07/2021 - 21:27:21: [SM]   [0] PrintToConsole
L 07/07/2021 - 21:27:21: [SM]   [1] Line 75, /home/forums/content/files/7/2/34150.attach::cheatcommand
L 07/07/2021 - 21:27:21: [SM] Exception reported: String formatted incorrectly - parameter 4 (total 3)
L 07/07/2021 - 21:27:21: [SM] Blaming: admincheats.smx
L 07/07/2021 - 21:27:21: [SM] Call stack trace:
L 07/07/2021 - 21:27:21: [SM]   [0] PrintToConsole
L 07/07/2021 - 21:27:21: [SM]   [1] Line 75, /home/forums/content/files/7/2/34150.attach::cheatcommand
L 07/07/2021 - 21:28:38: [SM] Exception reported: String formatted incorrectly - parameter 4 (total 3)
L 07/07/2021 - 21:28:38: [SM] Blaming: admincheats.smx
L 07/07/2021 - 21:28:38: [SM] Call stack trace:
L 07/07/2021 - 21:28:38: [SM]   [0] PrintToConsole
L 07/07/2021 - 21:28:38: [SM]   [1] Line 75, /home/forums/content/files/7/2/34150.attach::cheatcommand
L 07/07/2021 - 21:28:38: [SM] Exception reported: String formatted incorrectly - parameter 4 (total 3)
L 07/07/2021 - 21:28:38: [SM] Blaming: admincheats.smx
L 07/07/2021 - 21:28:38: [SM] Call stack trace:
L 07/07/2021 - 21:28:38: [SM]   [0] PrintToConsole
L 07/07/2021 - 21:28:38: [SM]   [1] Line 75, /home/forums/content/files/7/2/34150.attach::cheatcommand
L 07/07/2021 - 21:30:06: [SM] Exception reported: String formatted incorrectly - parameter 4 (total 3)
L 07/07/2021 - 21:30:06: [SM] Blaming: admincheats.smx
L 07/07/2021 - 21:30:06: [SM] Call stack trace:
L 07/07/2021 - 21:30:06: [SM]   [0] PrintToConsole
L 07/07/2021 - 21:30:06: [SM]   [1] Line 75, /home/forums/content/files/7/2/34150.attach::cheatcommand
L 07/07/2021 - 21:30:06: [SM] Exception reported: String formatted incorrectly - parameter 4 (total 3)
L 07/07/2021 - 21:30:06: [SM] Blaming: admincheats.smx
L 07/07/2021 - 21:30:06: [SM] Call stack trace:
L 07/07/2021 - 21:30:06: [SM]   [0] PrintToConsole
L 07/07/2021 - 21:30:06: [SM]   [1] Line 75, /home/forums/content/files/7/2/34150.attach::cheatcommand
L 07/07/2021 - 21:31:12: [SM] Exception reported: String formatted incorrectly - parameter 4 (total 3)
L 07/07/2021 - 21:31:12: [SM] Blaming: admincheats.smx
L 07/07/2021 - 21:31:12: [SM] Call stack trace:
L 07/07/2021 - 21:31:12: [SM]   [0] PrintToConsole
L 07/07/2021 - 21:31:12: [SM]   [1] Line 75, /home/forums/content/files/7/2/34150.attach::cheatcommand
L 07/07/2021 - 21:31:12: [SM] Exception reported: String formatted incorrectly - parameter 4 (total 3)
L 07/07/2021 - 21:31:12: [SM] Blaming: admincheats.smx
L 07/07/2021 - 21:31:12: [SM] Call stack trace:
L 07/07/2021 - 21:31:12: [SM]   [0] PrintToConsole
L 07/07/2021 - 21:31:12: [SM]   [1] Line 75, /home/forums/content/files/7/2/34150.attach::cheatcommand
L 07/07/2021 - 23:03:07: Error log file session closed.
