L 12/08/2021 - 04:01:22: SourceMod error session started
L 12/08/2021 - 04:01:22: Info (map "plr_hightower") (file "/hlserver/tf2/tf/addons/sourcemod/logs/errors_20211208.log")
L 12/08/2021 - 04:01:22: [tf2attributes.smx] Could not initialize call to CEconItem::SetCustomName
L 12/08/2021 - 04:01:22: [SM] Exception reported: Invalid convar handle 0 (error 4)
L 12/08/2021 - 04:01:22: [SM] Blaming: stac.smx
L 12/08/2021 - 04:01:22: [SM] Call stack trace:
L 12/08/2021 - 04:01:22: [SM]   [0] GetConVarBool
L 12/08/2021 - 04:01:22: [SM]   [1] Line 477, ./scripting/stac/stac_cvars.sp::setStacVars
L 12/08/2021 - 04:01:22: [SM]   [2] Line 392, ./scripting/stac/stac_cvars.sp::initCvars
L 12/08/2021 - 04:01:22: [SM]   [3] Line 134, ./scripting/stac.sp::OnPluginStart
L 12/08/2021 - 04:01:22: [SM] Unable to load plugin "stac.smx": Error detected in plugin startup (see error logs)
L 12/08/2021 - 22:07:06: Error log file session closed.
L 12/08/2021 - 22:07:34: SourceMod error session started
L 12/08/2021 - 22:07:34: Info (map "plr_hightower") (file "/hlserver/tf2/tf/addons/sourcemod/logs/errors_20211208.log")
L 12/08/2021 - 22:07:34: [tf2attributes.smx] Could not initialize call to CEconItem::SetCustomName
L 12/08/2021 - 22:07:34: [SM] Exception reported: Invalid convar handle 0 (error 4)
L 12/08/2021 - 22:07:34: [SM] Blaming: stac.smx
L 12/08/2021 - 22:07:34: [SM] Call stack trace:
L 12/08/2021 - 22:07:34: [SM]   [0] GetConVarBool
L 12/08/2021 - 22:07:34: [SM]   [1] Line 477, ./scripting/stac/stac_cvars.sp::setStacVars
L 12/08/2021 - 22:07:34: [SM]   [2] Line 392, ./scripting/stac/stac_cvars.sp::initCvars
L 12/08/2021 - 22:07:34: [SM]   [3] Line 134, ./scripting/stac.sp::OnPluginStart
L 12/08/2021 - 22:07:34: [SM] Unable to load plugin "stac.smx": Error detected in plugin startup (see error logs)
L 12/09/2021 - 00:00:50: Error log file session closed.
