L 01/04/2022 - 00:28:12: SourceMod error session started
L 01/04/2022 - 00:28:12: Info (map "pl_upward") (file "/home/tf2server/hlserver/tf2/tf/addons/sourcemod/logs/errors_20220104.log")
L 01/04/2022 - 00:28:12: [SM] Failed to load plugin "tf2-comp-fixes.smx": Unable to load plugin (bad header).
L 01/04/2022 - 12:31:27: SourceMod error session started
L 01/04/2022 - 12:31:27: Info (map "arena_badlands") (file "/home/tf2server/hlserver/tf2/tf/addons/sourcemod/logs/errors_20220104.log")
L 01/04/2022 - 12:31:27: [SM] Failed to load plugin "tf2-comp-fixes.smx": Unable to load plugin (bad header).
L 01/04/2022 - 12:31:27: [tf2attributes.smx] Could not initialize call to CEconItem::SetCustomName
L 01/04/2022 - 12:31:28: SourceMod error session started
L 01/04/2022 - 12:31:28: Info (map "pl_sludgepit_final4") (file "/home/tf2server/hlserver/tf2/tf/addons/sourcemod/logs/errors_20220104.log")
L 01/04/2022 - 12:31:28: [SM] Failed to load plugin "tf2-comp-fixes.smx": Unable to load plugin (bad header).
L 01/04/2022 - 12:31:28: [tf2attributes.smx] Could not initialize call to CEconItem::SetCustomName
L 01/04/2022 - 12:35:12: SourceMod error session started
L 01/04/2022 - 12:35:12: Info (map "cp_well") (file "/home/tf2server/hlserver/tf2/tf/addons/sourcemod/logs/errors_20220104.log")
L 01/04/2022 - 12:35:12: [SM] Failed to load plugin "tf2-comp-fixes.smx": Unable to load plugin (bad header).
L 01/04/2022 - 12:35:12: [tf2attributes.smx] Could not initialize call to CEconItem::SetCustomName
L 01/04/2022 - 12:35:13: SourceMod error session started
L 01/04/2022 - 12:35:13: Info (map "workshop/koth_landfall_rc2.ugc2126546593") (file "/home/tf2server/hlserver/tf2/tf/addons/sourcemod/logs/errors_20220104.log")
L 01/04/2022 - 12:35:13: [SM] Failed to load plugin "tf2-comp-fixes.smx": Unable to load plugin (bad header).
L 01/04/2022 - 12:35:13: [tf2attributes.smx] Could not initialize call to CEconItem::SetCustomName
L 01/04/2022 - 12:39:42: SourceMod error session started
L 01/04/2022 - 12:39:42: Info (map "pl_cactuscanyon") (file "/home/tf2server/hlserver/tf2/tf/addons/sourcemod/logs/errors_20220104.log")
L 01/04/2022 - 12:39:42: [SM] Failed to load plugin "tf2-comp-fixes.smx": Unable to load plugin (bad header).
L 01/04/2022 - 12:39:42: [tf2attributes.smx] Could not initialize call to CEconItem::SetCustomName
L 01/04/2022 - 12:39:45: SourceMod error session started
L 01/04/2022 - 12:39:45: Info (map "cp_snowplow") (file "/home/tf2server/hlserver/tf2/tf/addons/sourcemod/logs/errors_20220104.log")
L 01/04/2022 - 12:39:45: [SM] Failed to load plugin "tf2-comp-fixes.smx": Unable to load plugin (bad header).
L 01/04/2022 - 12:39:45: [tf2attributes.smx] Could not initialize call to CEconItem::SetCustomName
L 01/04/2022 - 12:43:08: SourceMod error session started
L 01/04/2022 - 12:43:08: Info (map "workshop/pl_angkor_rc2.ugc454686689") (file "/home/tf2server/hlserver/tf2/tf/addons/sourcemod/logs/errors_20220104.log")
L 01/04/2022 - 12:43:08: [SM] Failed to load plugin "tf2-comp-fixes.smx": Unable to load plugin (bad header).
L 01/04/2022 - 12:43:08: [tf2attributes.smx] Could not initialize call to CEconItem::SetCustomName
L 01/04/2022 - 12:43:08: SourceMod error session started
L 01/04/2022 - 12:43:08: Info (map "workshop/pl_clifftop_b3.ugc565392839") (file "/home/tf2server/hlserver/tf2/tf/addons/sourcemod/logs/errors_20220104.log")
L 01/04/2022 - 12:43:08: [SM] Failed to load plugin "tf2-comp-fixes.smx": Unable to load plugin (bad header).
L 01/04/2022 - 12:43:09: [tf2attributes.smx] Could not initialize call to CEconItem::SetCustomName
L 01/04/2022 - 12:44:03: SourceMod error session started
L 01/04/2022 - 12:44:03: Info (map "cp_scourge_b4") (file "/home/tf2server/hlserver/tf2/tf/addons/sourcemod/logs/errors_20220104.log")
L 01/04/2022 - 12:44:03: [SM] Failed to load plugin "tf2-comp-fixes.smx": Unable to load plugin (bad header).
L 01/04/2022 - 12:44:04: [tf2attributes.smx] Could not initialize call to CEconItem::SetCustomName
L 01/04/2022 - 12:44:05: SourceMod error session started
L 01/04/2022 - 12:44:05: Info (map "workshop/koth_bagel_rc2a.ugc791213600") (file "/home/tf2server/hlserver/tf2/tf/addons/sourcemod/logs/errors_20220104.log")
L 01/04/2022 - 12:44:05: [SM] Failed to load plugin "tf2-comp-fixes.smx": Unable to load plugin (bad header).
L 01/04/2022 - 12:44:05: [tf2attributes.smx] Could not initialize call to CEconItem::SetCustomName
