L 10/18/2021 - 01:16:30: SourceMod error session started
L 10/18/2021 - 01:16:30: Info (map "plr_hightower_event") (file "/hlserver/tf2/tf/addons/sourcemod/logs/errors_20211018.log")
L 10/18/2021 - 01:16:30: [SM] Exception reported: String formatted incorrectly - parameter 4 (total 3)
L 10/18/2021 - 01:16:30: [SM] Blaming: admincheats.smx
L 10/18/2021 - 01:16:30: [SM] Call stack trace:
L 10/18/2021 - 01:16:30: [SM]   [0] PrintToConsole
L 10/18/2021 - 01:16:30: [SM]   [1] Line 75, /home/forums/content/files/7/2/34150.attach::cheatcommand
L 10/18/2021 - 01:16:32: [SM] Exception reported: String formatted incorrectly - parameter 4 (total 3)
L 10/18/2021 - 01:16:32: [SM] Blaming: admincheats.smx
L 10/18/2021 - 01:16:32: [SM] Call stack trace:
L 10/18/2021 - 01:16:32: [SM]   [0] PrintToConsole
L 10/18/2021 - 01:16:32: [SM]   [1] Line 75, /home/forums/content/files/7/2/34150.attach::cheatcommand
L 10/18/2021 - 01:16:32: [SM] Exception reported: String formatted incorrectly - parameter 4 (total 3)
L 10/18/2021 - 01:16:32: [SM] Blaming: admincheats.smx
L 10/18/2021 - 01:16:32: [SM] Call stack trace:
L 10/18/2021 - 01:16:32: [SM]   [0] PrintToConsole
L 10/18/2021 - 01:16:32: [SM]   [1] Line 75, /home/forums/content/files/7/2/34150.attach::cheatcommand
L 10/18/2021 - 01:16:32: [SM] Exception reported: String formatted incorrectly - parameter 4 (total 3)
L 10/18/2021 - 01:16:32: [SM] Blaming: admincheats.smx
L 10/18/2021 - 01:16:32: [SM] Call stack trace:
L 10/18/2021 - 01:16:32: [SM]   [0] PrintToConsole
L 10/18/2021 - 01:16:32: [SM]   [1] Line 75, /home/forums/content/files/7/2/34150.attach::cheatcommand
L 10/18/2021 - 01:16:32: [SM] Exception reported: String formatted incorrectly - parameter 4 (total 3)
L 10/18/2021 - 01:16:32: [SM] Blaming: admincheats.smx
L 10/18/2021 - 01:16:32: [SM] Call stack trace:
L 10/18/2021 - 01:16:32: [SM]   [0] PrintToConsole
L 10/18/2021 - 01:16:32: [SM]   [1] Line 75, /home/forums/content/files/7/2/34150.attach::cheatcommand
L 10/18/2021 - 01:16:33: [SM] Exception reported: String formatted incorrectly - parameter 4 (total 3)
L 10/18/2021 - 01:16:33: [SM] Blaming: admincheats.smx
L 10/18/2021 - 01:16:33: [SM] Call stack trace:
L 10/18/2021 - 01:16:33: [SM]   [0] PrintToConsole
L 10/18/2021 - 01:16:33: [SM]   [1] Line 75, /home/forums/content/files/7/2/34150.attach::cheatcommand
L 10/18/2021 - 01:16:33: [SM] Exception reported: String formatted incorrectly - parameter 4 (total 3)
L 10/18/2021 - 01:16:33: [SM] Blaming: admincheats.smx
L 10/18/2021 - 01:16:33: [SM] Call stack trace:
L 10/18/2021 - 01:16:33: [SM]   [0] PrintToConsole
L 10/18/2021 - 01:16:33: [SM]   [1] Line 75, /home/forums/content/files/7/2/34150.attach::cheatcommand
L 10/18/2021 - 01:16:33: [SM] Exception reported: String formatted incorrectly - parameter 4 (total 3)
L 10/18/2021 - 01:16:33: [SM] Blaming: admincheats.smx
L 10/18/2021 - 01:16:33: [SM] Call stack trace:
L 10/18/2021 - 01:16:33: [SM]   [0] PrintToConsole
L 10/18/2021 - 01:16:33: [SM]   [1] Line 75, /home/forums/content/files/7/2/34150.attach::cheatcommand
L 10/18/2021 - 01:16:33: [SM] Exception reported: String formatted incorrectly - parameter 4 (total 3)
L 10/18/2021 - 01:16:33: [SM] Blaming: admincheats.smx
L 10/18/2021 - 01:16:33: [SM] Call stack trace:
L 10/18/2021 - 01:16:33: [SM]   [0] PrintToConsole
L 10/18/2021 - 01:16:33: [SM]   [1] Line 75, /home/forums/content/files/7/2/34150.attach::cheatcommand
L 10/18/2021 - 01:16:33: [SM] Exception reported: String formatted incorrectly - parameter 4 (total 3)
L 10/18/2021 - 01:16:33: [SM] Blaming: admincheats.smx
L 10/18/2021 - 01:16:33: [SM] Call stack trace:
L 10/18/2021 - 01:16:33: [SM]   [0] PrintToConsole
L 10/18/2021 - 01:16:33: [SM]   [1] Line 75, /home/forums/content/files/7/2/34150.attach::cheatcommand
L 10/18/2021 - 01:16:33: [SM] Exception reported: String formatted incorrectly - parameter 4 (total 3)
L 10/18/2021 - 01:16:33: [SM] Blaming: admincheats.smx
L 10/18/2021 - 01:16:33: [SM] Call stack trace:
L 10/18/2021 - 01:16:33: [SM]   [0] PrintToConsole
L 10/18/2021 - 01:16:33: [SM]   [1] Line 75, /home/forums/content/files/7/2/34150.attach::cheatcommand
L 10/18/2021 - 01:16:34: [SM] Exception reported: String formatted incorrectly - parameter 4 (total 3)
L 10/18/2021 - 01:16:34: [SM] Blaming: admincheats.smx
L 10/18/2021 - 01:16:34: [SM] Call stack trace:
L 10/18/2021 - 01:16:34: [SM]   [0] PrintToConsole
L 10/18/2021 - 01:16:34: [SM]   [1] Line 75, /home/forums/content/files/7/2/34150.attach::cheatcommand
L 10/18/2021 - 01:16:34: [SM] Exception reported: String formatted incorrectly - parameter 4 (total 3)
L 10/18/2021 - 01:16:34: [SM] Blaming: admincheats.smx
L 10/18/2021 - 01:16:34: [SM] Call stack trace:
L 10/18/2021 - 01:16:34: [SM]   [0] PrintToConsole
L 10/18/2021 - 01:16:34: [SM]   [1] Line 75, /home/forums/content/files/7/2/34150.attach::cheatcommand
L 10/18/2021 - 01:16:34: [SM] Exception reported: String formatted incorrectly - parameter 4 (total 3)
L 10/18/2021 - 01:16:34: [SM] Blaming: admincheats.smx
L 10/18/2021 - 01:16:34: [SM] Call stack trace:
L 10/18/2021 - 01:16:34: [SM]   [0] PrintToConsole
L 10/18/2021 - 01:16:34: [SM]   [1] Line 75, /home/forums/content/files/7/2/34150.attach::cheatcommand
L 10/18/2021 - 01:16:34: [SM] Exception reported: String formatted incorrectly - parameter 4 (total 3)
L 10/18/2021 - 01:16:34: [SM] Blaming: admincheats.smx
L 10/18/2021 - 01:16:34: [SM] Call stack trace:
L 10/18/2021 - 01:16:34: [SM]   [0] PrintToConsole
L 10/18/2021 - 01:16:34: [SM]   [1] Line 75, /home/forums/content/files/7/2/34150.attach::cheatcommand
L 10/18/2021 - 01:16:35: [SM] Exception reported: String formatted incorrectly - parameter 4 (total 3)
L 10/18/2021 - 01:16:35: [SM] Blaming: admincheats.smx
L 10/18/2021 - 01:16:35: [SM] Call stack trace:
L 10/18/2021 - 01:16:35: [SM]   [0] PrintToConsole
L 10/18/2021 - 01:16:35: [SM]   [1] Line 75, /home/forums/content/files/7/2/34150.attach::cheatcommand
L 10/18/2021 - 01:16:35: [SM] Exception reported: String formatted incorrectly - parameter 4 (total 3)
L 10/18/2021 - 01:16:35: [SM] Blaming: admincheats.smx
L 10/18/2021 - 01:16:35: [SM] Call stack trace:
L 10/18/2021 - 01:16:35: [SM]   [0] PrintToConsole
L 10/18/2021 - 01:16:35: [SM]   [1] Line 75, /home/forums/content/files/7/2/34150.attach::cheatcommand
L 10/18/2021 - 01:16:36: [SM] Exception reported: String formatted incorrectly - parameter 4 (total 3)
L 10/18/2021 - 01:16:36: [SM] Blaming: admincheats.smx
L 10/18/2021 - 01:16:36: [SM] Call stack trace:
L 10/18/2021 - 01:16:36: [SM]   [0] PrintToConsole
L 10/18/2021 - 01:16:36: [SM]   [1] Line 75, /home/forums/content/files/7/2/34150.attach::cheatcommand
L 10/18/2021 - 01:16:36: [SM] Exception reported: String formatted incorrectly - parameter 4 (total 3)
L 10/18/2021 - 01:16:36: [SM] Blaming: admincheats.smx
L 10/18/2021 - 01:16:36: [SM] Call stack trace:
L 10/18/2021 - 01:16:36: [SM]   [0] PrintToConsole
L 10/18/2021 - 01:16:36: [SM]   [1] Line 75, /home/forums/content/files/7/2/34150.attach::cheatcommand
L 10/18/2021 - 01:16:36: [SM] Exception reported: String formatted incorrectly - parameter 4 (total 3)
L 10/18/2021 - 01:16:36: [SM] Blaming: admincheats.smx
L 10/18/2021 - 01:16:36: [SM] Call stack trace:
L 10/18/2021 - 01:16:36: [SM]   [0] PrintToConsole
L 10/18/2021 - 01:16:36: [SM]   [1] Line 75, /home/forums/content/files/7/2/34150.attach::cheatcommand
L 10/18/2021 - 01:16:36: [SM] Exception reported: String formatted incorrectly - parameter 4 (total 3)
L 10/18/2021 - 01:16:36: [SM] Blaming: admincheats.smx
L 10/18/2021 - 01:16:36: [SM] Call stack trace:
L 10/18/2021 - 01:16:36: [SM]   [0] PrintToConsole
L 10/18/2021 - 01:16:36: [SM]   [1] Line 75, /home/forums/content/files/7/2/34150.attach::cheatcommand
L 10/18/2021 - 01:16:37: [SM] Exception reported: String formatted incorrectly - parameter 4 (total 3)
L 10/18/2021 - 01:16:37: [SM] Blaming: admincheats.smx
L 10/18/2021 - 01:16:37: [SM] Call stack trace:
L 10/18/2021 - 01:16:37: [SM]   [0] PrintToConsole
L 10/18/2021 - 01:16:37: [SM]   [1] Line 75, /home/forums/content/files/7/2/34150.attach::cheatcommand
L 10/18/2021 - 01:16:37: [SM] Exception reported: String formatted incorrectly - parameter 4 (total 3)
L 10/18/2021 - 01:16:37: [SM] Blaming: admincheats.smx
L 10/18/2021 - 01:16:37: [SM] Call stack trace:
L 10/18/2021 - 01:16:37: [SM]   [0] PrintToConsole
L 10/18/2021 - 01:16:37: [SM]   [1] Line 75, /home/forums/content/files/7/2/34150.attach::cheatcommand
L 10/18/2021 - 01:16:37: [SM] Exception reported: String formatted incorrectly - parameter 4 (total 3)
L 10/18/2021 - 01:16:37: [SM] Blaming: admincheats.smx
L 10/18/2021 - 01:16:37: [SM] Call stack trace:
L 10/18/2021 - 01:16:37: [SM]   [0] PrintToConsole
L 10/18/2021 - 01:16:37: [SM]   [1] Line 75, /home/forums/content/files/7/2/34150.attach::cheatcommand
L 10/18/2021 - 01:16:38: [SM] Exception reported: String formatted incorrectly - parameter 4 (total 3)
L 10/18/2021 - 01:16:38: [SM] Blaming: admincheats.smx
L 10/18/2021 - 01:16:38: [SM] Call stack trace:
L 10/18/2021 - 01:16:38: [SM]   [0] PrintToConsole
L 10/18/2021 - 01:16:38: [SM]   [1] Line 75, /home/forums/content/files/7/2/34150.attach::cheatcommand
L 10/18/2021 - 01:16:38: [SM] Exception reported: String formatted incorrectly - parameter 4 (total 3)
L 10/18/2021 - 01:16:38: [SM] Blaming: admincheats.smx
L 10/18/2021 - 01:16:38: [SM] Call stack trace:
L 10/18/2021 - 01:16:38: [SM]   [0] PrintToConsole
L 10/18/2021 - 01:16:38: [SM]   [1] Line 75, /home/forums/content/files/7/2/34150.attach::cheatcommand
L 10/18/2021 - 01:16:38: [SM] Exception reported: String formatted incorrectly - parameter 4 (total 3)
L 10/18/2021 - 01:16:38: [SM] Blaming: admincheats.smx
L 10/18/2021 - 01:16:38: [SM] Call stack trace:
L 10/18/2021 - 01:16:38: [SM]   [0] PrintToConsole
L 10/18/2021 - 01:16:38: [SM]   [1] Line 75, /home/forums/content/files/7/2/34150.attach::cheatcommand
L 10/18/2021 - 01:16:38: [SM] Exception reported: String formatted incorrectly - parameter 4 (total 3)
L 10/18/2021 - 01:16:38: [SM] Blaming: admincheats.smx
L 10/18/2021 - 01:16:38: [SM] Call stack trace:
L 10/18/2021 - 01:16:38: [SM]   [0] PrintToConsole
L 10/18/2021 - 01:16:38: [SM]   [1] Line 75, /home/forums/content/files/7/2/34150.attach::cheatcommand
L 10/18/2021 - 01:16:38: [SM] Exception reported: String formatted incorrectly - parameter 4 (total 3)
L 10/18/2021 - 01:16:38: [SM] Blaming: admincheats.smx
L 10/18/2021 - 01:16:38: [SM] Call stack trace:
L 10/18/2021 - 01:16:38: [SM]   [0] PrintToConsole
L 10/18/2021 - 01:16:38: [SM]   [1] Line 75, /home/forums/content/files/7/2/34150.attach::cheatcommand
L 10/18/2021 - 01:16:39: [SM] Exception reported: String formatted incorrectly - parameter 4 (total 3)
L 10/18/2021 - 01:16:39: [SM] Blaming: admincheats.smx
L 10/18/2021 - 01:16:39: [SM] Call stack trace:
L 10/18/2021 - 01:16:39: [SM]   [0] PrintToConsole
L 10/18/2021 - 01:16:39: [SM]   [1] Line 75, /home/forums/content/files/7/2/34150.attach::cheatcommand
L 10/18/2021 - 01:16:39: [SM] Exception reported: String formatted incorrectly - parameter 4 (total 3)
L 10/18/2021 - 01:16:39: [SM] Blaming: admincheats.smx
L 10/18/2021 - 01:16:39: [SM] Call stack trace:
L 10/18/2021 - 01:16:39: [SM]   [0] PrintToConsole
L 10/18/2021 - 01:16:39: [SM]   [1] Line 75, /home/forums/content/files/7/2/34150.attach::cheatcommand
L 10/18/2021 - 01:16:39: [SM] Exception reported: String formatted incorrectly - parameter 4 (total 3)
L 10/18/2021 - 01:16:39: [SM] Blaming: admincheats.smx
L 10/18/2021 - 01:16:39: [SM] Call stack trace:
L 10/18/2021 - 01:16:39: [SM]   [0] PrintToConsole
L 10/18/2021 - 01:16:39: [SM]   [1] Line 75, /home/forums/content/files/7/2/34150.attach::cheatcommand
L 10/18/2021 - 01:16:39: [SM] Exception reported: String formatted incorrectly - parameter 4 (total 3)
L 10/18/2021 - 01:16:39: [SM] Blaming: admincheats.smx
L 10/18/2021 - 01:16:39: [SM] Call stack trace:
L 10/18/2021 - 01:16:39: [SM]   [0] PrintToConsole
L 10/18/2021 - 01:16:39: [SM]   [1] Line 75, /home/forums/content/files/7/2/34150.attach::cheatcommand
L 10/18/2021 - 01:16:40: [SM] Exception reported: String formatted incorrectly - parameter 4 (total 3)
L 10/18/2021 - 01:16:40: [SM] Blaming: admincheats.smx
L 10/18/2021 - 01:16:40: [SM] Call stack trace:
L 10/18/2021 - 01:16:40: [SM]   [0] PrintToConsole
L 10/18/2021 - 01:16:40: [SM]   [1] Line 75, /home/forums/content/files/7/2/34150.attach::cheatcommand
L 10/18/2021 - 01:16:40: [SM] Exception reported: String formatted incorrectly - parameter 4 (total 3)
L 10/18/2021 - 01:16:40: [SM] Blaming: admincheats.smx
L 10/18/2021 - 01:16:40: [SM] Call stack trace:
L 10/18/2021 - 01:16:40: [SM]   [0] PrintToConsole
L 10/18/2021 - 01:16:40: [SM]   [1] Line 75, /home/forums/content/files/7/2/34150.attach::cheatcommand
L 10/18/2021 - 01:23:26: [SM] Exception reported: String formatted incorrectly - parameter 4 (total 3)
L 10/18/2021 - 01:23:26: [SM] Blaming: admincheats.smx
L 10/18/2021 - 01:23:26: [SM] Call stack trace:
L 10/18/2021 - 01:23:26: [SM]   [0] PrintToConsole
L 10/18/2021 - 01:23:26: [SM]   [1] Line 75, /home/forums/content/files/7/2/34150.attach::cheatcommand
L 10/18/2021 - 01:23:26: [SM] Exception reported: String formatted incorrectly - parameter 4 (total 3)
L 10/18/2021 - 01:23:26: [SM] Blaming: admincheats.smx
L 10/18/2021 - 01:23:26: [SM] Call stack trace:
L 10/18/2021 - 01:23:26: [SM]   [0] PrintToConsole
L 10/18/2021 - 01:23:26: [SM]   [1] Line 75, /home/forums/content/files/7/2/34150.attach::cheatcommand
L 10/18/2021 - 01:23:26: [SM] Exception reported: String formatted incorrectly - parameter 4 (total 3)
L 10/18/2021 - 01:23:26: [SM] Blaming: admincheats.smx
L 10/18/2021 - 01:23:26: [SM] Call stack trace:
L 10/18/2021 - 01:23:26: [SM]   [0] PrintToConsole
L 10/18/2021 - 01:23:26: [SM]   [1] Line 75, /home/forums/content/files/7/2/34150.attach::cheatcommand
L 10/18/2021 - 01:23:27: [SM] Exception reported: String formatted incorrectly - parameter 4 (total 3)
L 10/18/2021 - 01:23:27: [SM] Blaming: admincheats.smx
L 10/18/2021 - 01:23:27: [SM] Call stack trace:
L 10/18/2021 - 01:23:27: [SM]   [0] PrintToConsole
L 10/18/2021 - 01:23:27: [SM]   [1] Line 75, /home/forums/content/files/7/2/34150.attach::cheatcommand
L 10/18/2021 - 01:23:27: [SM] Exception reported: String formatted incorrectly - parameter 4 (total 3)
L 10/18/2021 - 01:23:27: [SM] Blaming: admincheats.smx
L 10/18/2021 - 01:23:27: [SM] Call stack trace:
L 10/18/2021 - 01:23:27: [SM]   [0] PrintToConsole
L 10/18/2021 - 01:23:27: [SM]   [1] Line 75, /home/forums/content/files/7/2/34150.attach::cheatcommand
L 10/18/2021 - 01:23:27: [SM] Exception reported: String formatted incorrectly - parameter 4 (total 3)
L 10/18/2021 - 01:23:27: [SM] Blaming: admincheats.smx
L 10/18/2021 - 01:23:27: [SM] Call stack trace:
L 10/18/2021 - 01:23:27: [SM]   [0] PrintToConsole
L 10/18/2021 - 01:23:27: [SM]   [1] Line 75, /home/forums/content/files/7/2/34150.attach::cheatcommand
L 10/18/2021 - 01:23:27: [SM] Exception reported: String formatted incorrectly - parameter 4 (total 3)
L 10/18/2021 - 01:23:27: [SM] Blaming: admincheats.smx
L 10/18/2021 - 01:23:27: [SM] Call stack trace:
L 10/18/2021 - 01:23:27: [SM]   [0] PrintToConsole
L 10/18/2021 - 01:23:27: [SM]   [1] Line 75, /home/forums/content/files/7/2/34150.attach::cheatcommand
L 10/18/2021 - 01:23:28: [SM] Exception reported: String formatted incorrectly - parameter 4 (total 3)
L 10/18/2021 - 01:23:28: [SM] Blaming: admincheats.smx
L 10/18/2021 - 01:23:28: [SM] Call stack trace:
L 10/18/2021 - 01:23:28: [SM]   [0] PrintToConsole
L 10/18/2021 - 01:23:28: [SM]   [1] Line 75, /home/forums/content/files/7/2/34150.attach::cheatcommand
L 10/18/2021 - 01:23:28: [SM] Exception reported: String formatted incorrectly - parameter 4 (total 3)
L 10/18/2021 - 01:23:28: [SM] Blaming: admincheats.smx
L 10/18/2021 - 01:23:28: [SM] Call stack trace:
L 10/18/2021 - 01:23:28: [SM]   [0] PrintToConsole
L 10/18/2021 - 01:23:28: [SM]   [1] Line 75, /home/forums/content/files/7/2/34150.attach::cheatcommand
L 10/18/2021 - 01:23:28: [SM] Exception reported: String formatted incorrectly - parameter 4 (total 3)
L 10/18/2021 - 01:23:28: [SM] Blaming: admincheats.smx
L 10/18/2021 - 01:23:28: [SM] Call stack trace:
L 10/18/2021 - 01:23:28: [SM]   [0] PrintToConsole
L 10/18/2021 - 01:23:28: [SM]   [1] Line 75, /home/forums/content/files/7/2/34150.attach::cheatcommand
L 10/18/2021 - 01:23:43: [SM] Exception reported: String formatted incorrectly - parameter 4 (total 3)
L 10/18/2021 - 01:23:43: [SM] Blaming: admincheats.smx
L 10/18/2021 - 01:23:43: [SM] Call stack trace:
L 10/18/2021 - 01:23:43: [SM]   [0] PrintToConsole
L 10/18/2021 - 01:23:43: [SM]   [1] Line 75, /home/forums/content/files/7/2/34150.attach::cheatcommand
L 10/18/2021 - 01:23:43: [SM] Exception reported: String formatted incorrectly - parameter 4 (total 3)
L 10/18/2021 - 01:23:43: [SM] Blaming: admincheats.smx
L 10/18/2021 - 01:23:43: [SM] Call stack trace:
L 10/18/2021 - 01:23:43: [SM]   [0] PrintToConsole
L 10/18/2021 - 01:23:43: [SM]   [1] Line 75, /home/forums/content/files/7/2/34150.attach::cheatcommand
L 10/18/2021 - 01:23:44: [SM] Exception reported: String formatted incorrectly - parameter 4 (total 3)
L 10/18/2021 - 01:23:44: [SM] Blaming: admincheats.smx
L 10/18/2021 - 01:23:44: [SM] Call stack trace:
L 10/18/2021 - 01:23:44: [SM]   [0] PrintToConsole
L 10/18/2021 - 01:23:44: [SM]   [1] Line 75, /home/forums/content/files/7/2/34150.attach::cheatcommand
L 10/18/2021 - 01:23:44: [SM] Exception reported: String formatted incorrectly - parameter 4 (total 3)
L 10/18/2021 - 01:23:44: [SM] Blaming: admincheats.smx
L 10/18/2021 - 01:23:44: [SM] Call stack trace:
L 10/18/2021 - 01:23:44: [SM]   [0] PrintToConsole
L 10/18/2021 - 01:23:44: [SM]   [1] Line 75, /home/forums/content/files/7/2/34150.attach::cheatcommand
L 10/18/2021 - 01:23:46: [SM] Exception reported: String formatted incorrectly - parameter 4 (total 3)
L 10/18/2021 - 01:23:46: [SM] Blaming: admincheats.smx
L 10/18/2021 - 01:23:46: [SM] Call stack trace:
L 10/18/2021 - 01:23:46: [SM]   [0] PrintToConsole
L 10/18/2021 - 01:23:46: [SM]   [1] Line 75, /home/forums/content/files/7/2/34150.attach::cheatcommand
L 10/18/2021 - 01:23:46: [SM] Exception reported: String formatted incorrectly - parameter 4 (total 3)
L 10/18/2021 - 01:23:46: [SM] Blaming: admincheats.smx
L 10/18/2021 - 01:23:46: [SM] Call stack trace:
L 10/18/2021 - 01:23:46: [SM]   [0] PrintToConsole
L 10/18/2021 - 01:23:46: [SM]   [1] Line 75, /home/forums/content/files/7/2/34150.attach::cheatcommand
L 10/18/2021 - 01:23:46: [SM] Exception reported: String formatted incorrectly - parameter 4 (total 3)
L 10/18/2021 - 01:23:46: [SM] Blaming: admincheats.smx
L 10/18/2021 - 01:23:46: [SM] Call stack trace:
L 10/18/2021 - 01:23:46: [SM]   [0] PrintToConsole
L 10/18/2021 - 01:23:46: [SM]   [1] Line 75, /home/forums/content/files/7/2/34150.attach::cheatcommand
L 10/18/2021 - 01:23:47: [SM] Exception reported: String formatted incorrectly - parameter 4 (total 3)
L 10/18/2021 - 01:23:47: [SM] Blaming: admincheats.smx
L 10/18/2021 - 01:23:47: [SM] Call stack trace:
L 10/18/2021 - 01:23:47: [SM]   [0] PrintToConsole
L 10/18/2021 - 01:23:47: [SM]   [1] Line 75, /home/forums/content/files/7/2/34150.attach::cheatcommand
L 10/18/2021 - 01:23:47: [SM] Exception reported: String formatted incorrectly - parameter 4 (total 3)
L 10/18/2021 - 01:23:47: [SM] Blaming: admincheats.smx
L 10/18/2021 - 01:23:47: [SM] Call stack trace:
L 10/18/2021 - 01:23:47: [SM]   [0] PrintToConsole
L 10/18/2021 - 01:23:47: [SM]   [1] Line 75, /home/forums/content/files/7/2/34150.attach::cheatcommand
L 10/18/2021 - 01:23:47: [SM] Exception reported: String formatted incorrectly - parameter 4 (total 3)
L 10/18/2021 - 01:23:47: [SM] Blaming: admincheats.smx
L 10/18/2021 - 01:23:47: [SM] Call stack trace:
L 10/18/2021 - 01:23:47: [SM]   [0] PrintToConsole
L 10/18/2021 - 01:23:47: [SM]   [1] Line 75, /home/forums/content/files/7/2/34150.attach::cheatcommand
L 10/18/2021 - 01:23:48: [SM] Exception reported: String formatted incorrectly - parameter 4 (total 3)
L 10/18/2021 - 01:23:48: [SM] Blaming: admincheats.smx
L 10/18/2021 - 01:23:48: [SM] Call stack trace:
L 10/18/2021 - 01:23:48: [SM]   [0] PrintToConsole
L 10/18/2021 - 01:23:48: [SM]   [1] Line 75, /home/forums/content/files/7/2/34150.attach::cheatcommand
L 10/18/2021 - 01:23:48: [SM] Exception reported: String formatted incorrectly - parameter 4 (total 3)
L 10/18/2021 - 01:23:48: [SM] Blaming: admincheats.smx
L 10/18/2021 - 01:23:48: [SM] Call stack trace:
L 10/18/2021 - 01:23:48: [SM]   [0] PrintToConsole
L 10/18/2021 - 01:23:48: [SM]   [1] Line 75, /home/forums/content/files/7/2/34150.attach::cheatcommand
L 10/18/2021 - 01:23:48: [SM] Exception reported: String formatted incorrectly - parameter 4 (total 3)
L 10/18/2021 - 01:23:48: [SM] Blaming: admincheats.smx
L 10/18/2021 - 01:23:48: [SM] Call stack trace:
L 10/18/2021 - 01:23:48: [SM]   [0] PrintToConsole
L 10/18/2021 - 01:23:48: [SM]   [1] Line 75, /home/forums/content/files/7/2/34150.attach::cheatcommand
L 10/18/2021 - 01:23:50: [SM] Exception reported: String formatted incorrectly - parameter 4 (total 3)
L 10/18/2021 - 01:23:50: [SM] Blaming: admincheats.smx
L 10/18/2021 - 01:23:50: [SM] Call stack trace:
L 10/18/2021 - 01:23:50: [SM]   [0] PrintToConsole
L 10/18/2021 - 01:23:50: [SM]   [1] Line 75, /home/forums/content/files/7/2/34150.attach::cheatcommand
L 10/18/2021 - 01:23:50: [SM] Exception reported: String formatted incorrectly - parameter 4 (total 3)
L 10/18/2021 - 01:23:50: [SM] Blaming: admincheats.smx
L 10/18/2021 - 01:23:50: [SM] Call stack trace:
L 10/18/2021 - 01:23:50: [SM]   [0] PrintToConsole
L 10/18/2021 - 01:23:50: [SM]   [1] Line 75, /home/forums/content/files/7/2/34150.attach::cheatcommand
L 10/18/2021 - 01:23:50: [SM] Exception reported: String formatted incorrectly - parameter 4 (total 3)
L 10/18/2021 - 01:23:50: [SM] Blaming: admincheats.smx
L 10/18/2021 - 01:23:50: [SM] Call stack trace:
L 10/18/2021 - 01:23:50: [SM]   [0] PrintToConsole
L 10/18/2021 - 01:23:50: [SM]   [1] Line 75, /home/forums/content/files/7/2/34150.attach::cheatcommand
L 10/18/2021 - 01:23:51: [SM] Exception reported: String formatted incorrectly - parameter 4 (total 3)
L 10/18/2021 - 01:23:51: [SM] Blaming: admincheats.smx
L 10/18/2021 - 01:23:51: [SM] Call stack trace:
L 10/18/2021 - 01:23:51: [SM]   [0] PrintToConsole
L 10/18/2021 - 01:23:51: [SM]   [1] Line 75, /home/forums/content/files/7/2/34150.attach::cheatcommand
L 10/18/2021 - 01:23:51: [SM] Exception reported: String formatted incorrectly - parameter 4 (total 3)
L 10/18/2021 - 01:23:51: [SM] Blaming: admincheats.smx
L 10/18/2021 - 01:23:51: [SM] Call stack trace:
L 10/18/2021 - 01:23:51: [SM]   [0] PrintToConsole
L 10/18/2021 - 01:23:51: [SM]   [1] Line 75, /home/forums/content/files/7/2/34150.attach::cheatcommand
L 10/18/2021 - 01:23:51: [SM] Exception reported: String formatted incorrectly - parameter 4 (total 3)
L 10/18/2021 - 01:23:51: [SM] Blaming: admincheats.smx
L 10/18/2021 - 01:23:51: [SM] Call stack trace:
L 10/18/2021 - 01:23:51: [SM]   [0] PrintToConsole
L 10/18/2021 - 01:23:51: [SM]   [1] Line 75, /home/forums/content/files/7/2/34150.attach::cheatcommand
L 10/18/2021 - 01:23:52: [SM] Exception reported: String formatted incorrectly - parameter 4 (total 3)
L 10/18/2021 - 01:23:52: [SM] Blaming: admincheats.smx
L 10/18/2021 - 01:23:52: [SM] Call stack trace:
L 10/18/2021 - 01:23:52: [SM]   [0] PrintToConsole
L 10/18/2021 - 01:23:52: [SM]   [1] Line 75, /home/forums/content/files/7/2/34150.attach::cheatcommand
L 10/18/2021 - 01:23:52: [SM] Exception reported: String formatted incorrectly - parameter 4 (total 3)
L 10/18/2021 - 01:23:52: [SM] Blaming: admincheats.smx
L 10/18/2021 - 01:23:52: [SM] Call stack trace:
L 10/18/2021 - 01:23:52: [SM]   [0] PrintToConsole
L 10/18/2021 - 01:23:52: [SM]   [1] Line 75, /home/forums/content/files/7/2/34150.attach::cheatcommand
L 10/18/2021 - 01:23:52: [SM] Exception reported: String formatted incorrectly - parameter 4 (total 3)
L 10/18/2021 - 01:23:52: [SM] Blaming: admincheats.smx
L 10/18/2021 - 01:23:52: [SM] Call stack trace:
L 10/18/2021 - 01:23:52: [SM]   [0] PrintToConsole
L 10/18/2021 - 01:23:52: [SM]   [1] Line 75, /home/forums/content/files/7/2/34150.attach::cheatcommand
L 10/18/2021 - 01:23:52: [SM] Exception reported: String formatted incorrectly - parameter 4 (total 3)
L 10/18/2021 - 01:23:52: [SM] Blaming: admincheats.smx
L 10/18/2021 - 01:23:52: [SM] Call stack trace:
L 10/18/2021 - 01:23:52: [SM]   [0] PrintToConsole
L 10/18/2021 - 01:23:52: [SM]   [1] Line 75, /home/forums/content/files/7/2/34150.attach::cheatcommand
L 10/18/2021 - 01:23:52: [SM] Exception reported: String formatted incorrectly - parameter 4 (total 3)
L 10/18/2021 - 01:23:52: [SM] Blaming: admincheats.smx
L 10/18/2021 - 01:23:52: [SM] Call stack trace:
L 10/18/2021 - 01:23:52: [SM]   [0] PrintToConsole
L 10/18/2021 - 01:23:52: [SM]   [1] Line 75, /home/forums/content/files/7/2/34150.attach::cheatcommand
L 10/18/2021 - 01:23:53: [SM] Exception reported: String formatted incorrectly - parameter 4 (total 3)
L 10/18/2021 - 01:23:53: [SM] Blaming: admincheats.smx
L 10/18/2021 - 01:23:53: [SM] Call stack trace:
L 10/18/2021 - 01:23:53: [SM]   [0] PrintToConsole
L 10/18/2021 - 01:23:53: [SM]   [1] Line 75, /home/forums/content/files/7/2/34150.attach::cheatcommand
L 10/18/2021 - 01:23:53: [SM] Exception reported: String formatted incorrectly - parameter 4 (total 3)
L 10/18/2021 - 01:23:53: [SM] Blaming: admincheats.smx
L 10/18/2021 - 01:23:53: [SM] Call stack trace:
L 10/18/2021 - 01:23:53: [SM]   [0] PrintToConsole
L 10/18/2021 - 01:23:53: [SM]   [1] Line 75, /home/forums/content/files/7/2/34150.attach::cheatcommand
L 10/18/2021 - 01:27:57: [SM] Exception reported: String formatted incorrectly - parameter 4 (total 3)
L 10/18/2021 - 01:27:57: [SM] Blaming: admincheats.smx
L 10/18/2021 - 01:27:57: [SM] Call stack trace:
L 10/18/2021 - 01:27:57: [SM]   [0] PrintToConsole
L 10/18/2021 - 01:27:57: [SM]   [1] Line 75, /home/forums/content/files/7/2/34150.attach::cheatcommand
L 10/18/2021 - 01:27:58: [SM] Exception reported: String formatted incorrectly - parameter 4 (total 3)
L 10/18/2021 - 01:27:58: [SM] Blaming: admincheats.smx
L 10/18/2021 - 01:27:58: [SM] Call stack trace:
L 10/18/2021 - 01:27:58: [SM]   [0] PrintToConsole
L 10/18/2021 - 01:27:58: [SM]   [1] Line 75, /home/forums/content/files/7/2/34150.attach::cheatcommand
L 10/18/2021 - 01:27:58: [SM] Exception reported: String formatted incorrectly - parameter 4 (total 3)
L 10/18/2021 - 01:27:58: [SM] Blaming: admincheats.smx
L 10/18/2021 - 01:27:58: [SM] Call stack trace:
L 10/18/2021 - 01:27:58: [SM]   [0] PrintToConsole
L 10/18/2021 - 01:27:58: [SM]   [1] Line 75, /home/forums/content/files/7/2/34150.attach::cheatcommand
L 10/18/2021 - 01:27:58: [SM] Exception reported: String formatted incorrectly - parameter 4 (total 3)
L 10/18/2021 - 01:27:58: [SM] Blaming: admincheats.smx
L 10/18/2021 - 01:27:58: [SM] Call stack trace:
L 10/18/2021 - 01:27:58: [SM]   [0] PrintToConsole
L 10/18/2021 - 01:27:58: [SM]   [1] Line 75, /home/forums/content/files/7/2/34150.attach::cheatcommand
L 10/18/2021 - 01:27:58: [SM] Exception reported: String formatted incorrectly - parameter 4 (total 3)
L 10/18/2021 - 01:27:58: [SM] Blaming: admincheats.smx
L 10/18/2021 - 01:27:58: [SM] Call stack trace:
L 10/18/2021 - 01:27:58: [SM]   [0] PrintToConsole
L 10/18/2021 - 01:27:58: [SM]   [1] Line 75, /home/forums/content/files/7/2/34150.attach::cheatcommand
L 10/18/2021 - 01:27:58: [SM] Exception reported: String formatted incorrectly - parameter 4 (total 3)
L 10/18/2021 - 01:27:58: [SM] Blaming: admincheats.smx
L 10/18/2021 - 01:27:58: [SM] Call stack trace:
L 10/18/2021 - 01:27:58: [SM]   [0] PrintToConsole
L 10/18/2021 - 01:27:58: [SM]   [1] Line 75, /home/forums/content/files/7/2/34150.attach::cheatcommand
L 10/18/2021 - 01:27:58: [SM] Exception reported: String formatted incorrectly - parameter 4 (total 3)
L 10/18/2021 - 01:27:58: [SM] Blaming: admincheats.smx
L 10/18/2021 - 01:27:58: [SM] Call stack trace:
L 10/18/2021 - 01:27:58: [SM]   [0] PrintToConsole
L 10/18/2021 - 01:27:58: [SM]   [1] Line 75, /home/forums/content/files/7/2/34150.attach::cheatcommand
L 10/18/2021 - 01:27:59: [SM] Exception reported: String formatted incorrectly - parameter 4 (total 3)
L 10/18/2021 - 01:27:59: [SM] Blaming: admincheats.smx
L 10/18/2021 - 01:27:59: [SM] Call stack trace:
L 10/18/2021 - 01:27:59: [SM]   [0] PrintToConsole
L 10/18/2021 - 01:27:59: [SM]   [1] Line 75, /home/forums/content/files/7/2/34150.attach::cheatcommand
L 10/18/2021 - 01:27:59: [SM] Exception reported: String formatted incorrectly - parameter 4 (total 3)
L 10/18/2021 - 01:27:59: [SM] Blaming: admincheats.smx
L 10/18/2021 - 01:27:59: [SM] Call stack trace:
L 10/18/2021 - 01:27:59: [SM]   [0] PrintToConsole
L 10/18/2021 - 01:27:59: [SM]   [1] Line 75, /home/forums/content/files/7/2/34150.attach::cheatcommand
L 10/18/2021 - 01:27:59: [SM] Exception reported: String formatted incorrectly - parameter 4 (total 3)
L 10/18/2021 - 01:27:59: [SM] Blaming: admincheats.smx
L 10/18/2021 - 01:27:59: [SM] Call stack trace:
L 10/18/2021 - 01:27:59: [SM]   [0] PrintToConsole
L 10/18/2021 - 01:27:59: [SM]   [1] Line 75, /home/forums/content/files/7/2/34150.attach::cheatcommand
L 10/18/2021 - 01:27:59: [SM] Exception reported: String formatted incorrectly - parameter 4 (total 3)
L 10/18/2021 - 01:27:59: [SM] Blaming: admincheats.smx
L 10/18/2021 - 01:27:59: [SM] Call stack trace:
L 10/18/2021 - 01:27:59: [SM]   [0] PrintToConsole
L 10/18/2021 - 01:27:59: [SM]   [1] Line 75, /home/forums/content/files/7/2/34150.attach::cheatcommand
L 10/18/2021 - 04:00:50: Error log file session closed.
L 10/18/2021 - 04:01:42: SourceMod error session started
L 10/18/2021 - 04:01:42: Info (map "plr_hightower_event") (file "/hlserver/tf2/tf/addons/sourcemod/logs/errors_20211018.log")
L 10/18/2021 - 04:01:42: [tf2attributes.smx] Could not initialize call to CEconItem::SetCustomName
L 10/18/2021 - 04:11:06: SourceMod error session started
L 10/18/2021 - 04:11:06: Info (map "plr_hightower_event") (file "/hlserver/tf2/tf/addons/sourcemod/logs/errors_20211018.log")
L 10/18/2021 - 04:11:06: [tf2attributes.smx] Could not initialize call to CEconItem::SetCustomName
L 10/19/2021 - 04:00:17: Error log file session closed.
