L 01/05/2022 - 04:00:30: SourceMod error session started
L 01/05/2022 - 04:00:30: Info (map "workshop/koth_offblast_rc4.ugc2125714706") (file "/home/tf2server/hlserver/tf2/tf/addons/sourcemod/logs/errors_20220105.log")
L 01/05/2022 - 04:00:30: [SM] Failed to load plugin "tf2-comp-fixes.smx": Unable to load plugin (bad header).
L 01/05/2022 - 04:00:30: SourceMod error session started
L 01/05/2022 - 04:00:30: Info (map "workshop/arena_yanqing_b3a.ugc1364041671") (file "/home/tf2server/hlserver/tf2/tf/addons/sourcemod/logs/errors_20220105.log")
L 01/05/2022 - 04:00:30: [SM] Failed to load plugin "tf2-comp-fixes.smx": Unable to load plugin (bad header).
L 01/05/2022 - 04:00:30: [tf2attributes.smx] Could not initialize call to CEconItem::SetCustomName
L 01/05/2022 - 04:00:30: [tf2attributes.smx] Could not initialize call to CEconItem::SetCustomName
L 01/05/2022 - 14:37:19: Error log file session closed.
L 01/05/2022 - 14:37:19: SourceMod error session started
L 01/05/2022 - 14:37:19: Info (map "pl_borneo") (file "/home/tf2server/hlserver/tf2/tf/addons/sourcemod/logs/errors_20220105.log")
L 01/05/2022 - 14:37:19: [SM] Failed to load plugin "tf2-comp-fixes.smx": Unable to load plugin (bad header).
L 01/05/2022 - 14:38:23: Error log file session closed.
L 01/05/2022 - 14:38:23: SourceMod error session started
L 01/05/2022 - 14:38:23: Info (map "plr_hightower") (file "/home/tf2server/hlserver/tf2/tf/addons/sourcemod/logs/errors_20220105.log")
L 01/05/2022 - 14:38:23: [SM] Failed to load plugin "tf2-comp-fixes.smx": Unable to load plugin (bad header).
L 01/05/2022 - 20:28:40: Error log file session closed.
L 01/05/2022 - 20:28:44: Error log file session closed.
L 01/05/2022 - 20:29:09: SourceMod error session started
L 01/05/2022 - 20:29:09: Info (map "pl_frontier_final") (file "/home/tf2server/hlserver/tf2/tf/addons/sourcemod/logs/errors_20220105.log")
L 01/05/2022 - 20:29:09: [SM] Failed to load plugin "tf2-comp-fixes.smx": Unable to load plugin (bad header).
L 01/05/2022 - 20:29:09: [tf2attributes.smx] Could not initialize call to CEconItem::SetCustomName
L 01/05/2022 - 20:29:10: SourceMod error session started
L 01/05/2022 - 20:29:10: Info (map "cp_metalworks") (file "/home/tf2server/hlserver/tf2/tf/addons/sourcemod/logs/errors_20220105.log")
L 01/05/2022 - 20:29:10: [SM] Failed to load plugin "tf2-comp-fixes.smx": Unable to load plugin (bad header).
L 01/05/2022 - 20:29:10: [tf2attributes.smx] Could not initialize call to CEconItem::SetCustomName
L 01/05/2022 - 23:08:02: Error log file session closed.
L 01/05/2022 - 23:08:02: SourceMod error session started
L 01/05/2022 - 23:08:02: Info (map "cp_snakewater_final1") (file "/home/tf2server/hlserver/tf2/tf/addons/sourcemod/logs/errors_20220105.log")
L 01/05/2022 - 23:08:02: [SM] Failed to load plugin "tf2-comp-fixes.smx": Unable to load plugin (bad header).
L 01/06/2022 - 00:05:07: Error log file session closed.
L 01/06/2022 - 19:03:07: Error log file session closed.
