L 09/15/2021 - 02:05:13: SourceMod error session started
L 09/15/2021 - 02:05:13: Info (map "workshop/koth_databank_rc3.ugc2112251255") (file "/hlserver/tf2/tf/addons/sourcemod/logs/errors_20210915.log")
L 09/15/2021 - 02:05:13: [SM] Error parsing gameconfig file "/hlserver/tf2/tf/addons/sourcemod/gamedata/tf2.workshop_sounds.txt":
L 09/15/2021 - 02:05:13: [SM] Error 1 on line 0, col 0: Stream failed to open
L 09/15/2021 - 02:05:13: [SM] Exception reported: Unable to open tf2.workshop_sounds: File could not be opened: No such file or directory
L 09/15/2021 - 02:05:13: [SM] Blaming: tf_workshop_sounds_fix.smx
L 09/15/2021 - 02:05:13: [SM] Call stack trace:
L 09/15/2021 - 02:05:13: [SM]   [0] LoadGameConfigFile
L 09/15/2021 - 02:05:13: [SM]   [1] Line 38, S:\Hard Drive Backup\SourceMod\SM-TFWorksopSoundscapeFix\scripting\tf_workshop_sounds_fix.sp::OnPluginStart
L 09/15/2021 - 02:05:13: [SM] Unable to load plugin "tf_workshop_sounds_fix.smx": Error detected in plugin startup (see error logs)
L 09/15/2021 - 02:10:11: Error log file session closed.
L 09/15/2021 - 02:12:04: SourceMod error session started
L 09/15/2021 - 02:12:04: Info (map "workshop/koth_databank_rc3.ugc2112251255") (file "/hlserver/tf2/tf/addons/sourcemod/logs/errors_20210915.log")
L 09/15/2021 - 02:12:04: [SM] Exception reported: [StAC] sv_cheats set to 1! Aborting!
L 09/15/2021 - 02:12:04: [SM] Blaming: stac.smx
L 09/15/2021 - 02:12:04: [SM] Call stack trace:
L 09/15/2021 - 02:12:04: [SM]   [0] SetFailState
L 09/15/2021 - 02:12:04: [SM]   [1] Line 531, /home/steph/stac/scripting/stac/stac_cvars.sp::GenericCvarChanged
L 09/15/2021 - 02:12:04: [SM]   [3] ServerCommandEx
L 09/15/2021 - 02:12:04: [SM]   [4] Line 402, D:\builds\build-sourcemod-msvc12\windows-1.10\build\plugins\basecommands.sp::Command_Rcon
L 09/15/2021 - 02:12:05: [SM] Exception reported: String formatted incorrectly - parameter 4 (total 3)
L 09/15/2021 - 02:12:05: [SM] Blaming: admincheats.smx
L 09/15/2021 - 02:12:05: [SM] Call stack trace:
L 09/15/2021 - 02:12:05: [SM]   [0] PrintToConsole
L 09/15/2021 - 02:12:05: [SM]   [1] Line 75, /home/forums/content/files/7/2/34150.attach::cheatcommand
L 09/15/2021 - 02:12:17: [SM] Exception reported: String formatted incorrectly - parameter 4 (total 3)
L 09/15/2021 - 02:12:17: [SM] Blaming: admincheats.smx
L 09/15/2021 - 02:12:17: [SM] Call stack trace:
L 09/15/2021 - 02:12:17: [SM]   [0] PrintToConsole
L 09/15/2021 - 02:12:17: [SM]   [1] Line 75, /home/forums/content/files/7/2/34150.attach::cheatcommand
L 09/15/2021 - 02:12:26: [SM] Exception reported: String formatted incorrectly - parameter 4 (total 3)
L 09/15/2021 - 02:12:26: [SM] Blaming: admincheats.smx
L 09/15/2021 - 02:12:26: [SM] Call stack trace:
L 09/15/2021 - 02:12:26: [SM]   [0] PrintToConsole
L 09/15/2021 - 02:12:26: [SM]   [1] Line 75, /home/forums/content/files/7/2/34150.attach::cheatcommand
L 09/15/2021 - 02:12:29: [SM] Exception reported: String formatted incorrectly - parameter 4 (total 3)
L 09/15/2021 - 02:12:29: [SM] Blaming: admincheats.smx
L 09/15/2021 - 02:12:29: [SM] Call stack trace:
L 09/15/2021 - 02:12:29: [SM]   [0] PrintToConsole
L 09/15/2021 - 02:12:29: [SM]   [1] Line 75, /home/forums/content/files/7/2/34150.attach::cheatcommand
L 09/15/2021 - 02:12:30: [SM] Exception reported: String formatted incorrectly - parameter 4 (total 3)
L 09/15/2021 - 02:12:30: [SM] Blaming: admincheats.smx
L 09/15/2021 - 02:12:30: [SM] Call stack trace:
L 09/15/2021 - 02:12:30: [SM]   [0] PrintToConsole
L 09/15/2021 - 02:12:30: [SM]   [1] Line 75, /home/forums/content/files/7/2/34150.attach::cheatcommand
L 09/15/2021 - 02:12:30: [SM] Exception reported: String formatted incorrectly - parameter 4 (total 3)
L 09/15/2021 - 02:12:30: [SM] Blaming: admincheats.smx
L 09/15/2021 - 02:12:30: [SM] Call stack trace:
L 09/15/2021 - 02:12:30: [SM]   [0] PrintToConsole
L 09/15/2021 - 02:12:30: [SM]   [1] Line 75, /home/forums/content/files/7/2/34150.attach::cheatcommand
L 09/15/2021 - 02:12:30: [SM] Exception reported: String formatted incorrectly - parameter 4 (total 3)
L 09/15/2021 - 02:12:30: [SM] Blaming: admincheats.smx
L 09/15/2021 - 02:12:30: [SM] Call stack trace:
L 09/15/2021 - 02:12:30: [SM]   [0] PrintToConsole
L 09/15/2021 - 02:12:30: [SM]   [1] Line 75, /home/forums/content/files/7/2/34150.attach::cheatcommand
L 09/15/2021 - 02:12:30: [SM] Exception reported: String formatted incorrectly - parameter 4 (total 3)
L 09/15/2021 - 02:12:30: [SM] Blaming: admincheats.smx
L 09/15/2021 - 02:12:30: [SM] Call stack trace:
L 09/15/2021 - 02:12:30: [SM]   [0] PrintToConsole
L 09/15/2021 - 02:12:30: [SM]   [1] Line 75, /home/forums/content/files/7/2/34150.attach::cheatcommand
L 09/15/2021 - 02:12:31: [SM] Exception reported: String formatted incorrectly - parameter 4 (total 3)
L 09/15/2021 - 02:12:31: [SM] Blaming: admincheats.smx
L 09/15/2021 - 02:12:31: [SM] Call stack trace:
L 09/15/2021 - 02:12:31: [SM]   [0] PrintToConsole
L 09/15/2021 - 02:12:31: [SM]   [1] Line 75, /home/forums/content/files/7/2/34150.attach::cheatcommand
L 09/15/2021 - 02:12:31: [SM] Exception reported: String formatted incorrectly - parameter 4 (total 3)
L 09/15/2021 - 02:12:31: [SM] Blaming: admincheats.smx
L 09/15/2021 - 02:12:31: [SM] Call stack trace:
L 09/15/2021 - 02:12:31: [SM]   [0] PrintToConsole
L 09/15/2021 - 02:12:31: [SM]   [1] Line 75, /home/forums/content/files/7/2/34150.attach::cheatcommand
L 09/15/2021 - 02:12:31: [SM] Exception reported: String formatted incorrectly - parameter 4 (total 3)
L 09/15/2021 - 02:12:31: [SM] Blaming: admincheats.smx
L 09/15/2021 - 02:12:31: [SM] Call stack trace:
L 09/15/2021 - 02:12:31: [SM]   [0] PrintToConsole
L 09/15/2021 - 02:12:31: [SM]   [1] Line 75, /home/forums/content/files/7/2/34150.attach::cheatcommand
L 09/15/2021 - 02:12:31: [SM] Exception reported: String formatted incorrectly - parameter 4 (total 3)
L 09/15/2021 - 02:12:31: [SM] Blaming: admincheats.smx
L 09/15/2021 - 02:12:31: [SM] Call stack trace:
L 09/15/2021 - 02:12:31: [SM]   [0] PrintToConsole
L 09/15/2021 - 02:12:31: [SM]   [1] Line 75, /home/forums/content/files/7/2/34150.attach::cheatcommand
L 09/15/2021 - 02:12:39: [SM] Exception reported: String formatted incorrectly - parameter 4 (total 3)
L 09/15/2021 - 02:12:39: [SM] Blaming: admincheats.smx
L 09/15/2021 - 02:12:39: [SM] Call stack trace:
L 09/15/2021 - 02:12:39: [SM]   [0] PrintToConsole
L 09/15/2021 - 02:12:39: [SM]   [1] Line 75, /home/forums/content/files/7/2/34150.attach::cheatcommand
L 09/15/2021 - 02:12:39: [SM] Exception reported: String formatted incorrectly - parameter 4 (total 3)
L 09/15/2021 - 02:12:39: [SM] Blaming: admincheats.smx
L 09/15/2021 - 02:12:39: [SM] Call stack trace:
L 09/15/2021 - 02:12:39: [SM]   [0] PrintToConsole
L 09/15/2021 - 02:12:39: [SM]   [1] Line 75, /home/forums/content/files/7/2/34150.attach::cheatcommand
L 09/15/2021 - 02:12:39: [SM] Exception reported: String formatted incorrectly - parameter 4 (total 3)
L 09/15/2021 - 02:12:39: [SM] Blaming: admincheats.smx
L 09/15/2021 - 02:12:39: [SM] Call stack trace:
L 09/15/2021 - 02:12:39: [SM]   [0] PrintToConsole
L 09/15/2021 - 02:12:39: [SM]   [1] Line 75, /home/forums/content/files/7/2/34150.attach::cheatcommand
L 09/15/2021 - 02:12:39: [SM] Exception reported: String formatted incorrectly - parameter 4 (total 3)
L 09/15/2021 - 02:12:39: [SM] Blaming: admincheats.smx
L 09/15/2021 - 02:12:39: [SM] Call stack trace:
L 09/15/2021 - 02:12:39: [SM]   [0] PrintToConsole
L 09/15/2021 - 02:12:39: [SM]   [1] Line 75, /home/forums/content/files/7/2/34150.attach::cheatcommand
L 09/15/2021 - 02:12:39: [SM] Exception reported: String formatted incorrectly - parameter 4 (total 3)
L 09/15/2021 - 02:12:39: [SM] Blaming: admincheats.smx
L 09/15/2021 - 02:12:39: [SM] Call stack trace:
L 09/15/2021 - 02:12:39: [SM]   [0] PrintToConsole
L 09/15/2021 - 02:12:39: [SM]   [1] Line 75, /home/forums/content/files/7/2/34150.attach::cheatcommand
L 09/15/2021 - 02:12:39: [SM] Exception reported: String formatted incorrectly - parameter 4 (total 3)
L 09/15/2021 - 02:12:39: [SM] Blaming: admincheats.smx
L 09/15/2021 - 02:12:39: [SM] Call stack trace:
L 09/15/2021 - 02:12:39: [SM]   [0] PrintToConsole
L 09/15/2021 - 02:12:39: [SM]   [1] Line 75, /home/forums/content/files/7/2/34150.attach::cheatcommand
L 09/15/2021 - 02:12:39: [SM] Exception reported: String formatted incorrectly - parameter 4 (total 3)
L 09/15/2021 - 02:12:39: [SM] Blaming: admincheats.smx
L 09/15/2021 - 02:12:39: [SM] Call stack trace:
L 09/15/2021 - 02:12:39: [SM]   [0] PrintToConsole
L 09/15/2021 - 02:12:39: [SM]   [1] Line 75, /home/forums/content/files/7/2/34150.attach::cheatcommand
L 09/15/2021 - 02:12:39: [SM] Exception reported: String formatted incorrectly - parameter 4 (total 3)
L 09/15/2021 - 02:12:39: [SM] Blaming: admincheats.smx
L 09/15/2021 - 02:12:39: [SM] Call stack trace:
L 09/15/2021 - 02:12:39: [SM]   [0] PrintToConsole
L 09/15/2021 - 02:12:39: [SM]   [1] Line 75, /home/forums/content/files/7/2/34150.attach::cheatcommand
L 09/15/2021 - 02:12:39: [SM] Exception reported: String formatted incorrectly - parameter 4 (total 3)
L 09/15/2021 - 02:12:39: [SM] Blaming: admincheats.smx
L 09/15/2021 - 02:12:39: [SM] Call stack trace:
L 09/15/2021 - 02:12:39: [SM]   [0] PrintToConsole
L 09/15/2021 - 02:12:39: [SM]   [1] Line 75, /home/forums/content/files/7/2/34150.attach::cheatcommand
L 09/15/2021 - 02:12:39: [SM] Exception reported: String formatted incorrectly - parameter 4 (total 3)
L 09/15/2021 - 02:12:39: [SM] Blaming: admincheats.smx
L 09/15/2021 - 02:12:39: [SM] Call stack trace:
L 09/15/2021 - 02:12:39: [SM]   [0] PrintToConsole
L 09/15/2021 - 02:12:39: [SM]   [1] Line 75, /home/forums/content/files/7/2/34150.attach::cheatcommand
L 09/15/2021 - 02:12:39: [SM] Exception reported: String formatted incorrectly - parameter 4 (total 3)
L 09/15/2021 - 02:12:39: [SM] Blaming: admincheats.smx
L 09/15/2021 - 02:12:39: [SM] Call stack trace:
L 09/15/2021 - 02:12:39: [SM]   [0] PrintToConsole
L 09/15/2021 - 02:12:39: [SM]   [1] Line 75, /home/forums/content/files/7/2/34150.attach::cheatcommand
L 09/15/2021 - 02:12:39: [SM] Exception reported: String formatted incorrectly - parameter 4 (total 3)
L 09/15/2021 - 02:12:39: [SM] Blaming: admincheats.smx
L 09/15/2021 - 02:12:39: [SM] Call stack trace:
L 09/15/2021 - 02:12:39: [SM]   [0] PrintToConsole
L 09/15/2021 - 02:12:39: [SM]   [1] Line 75, /home/forums/content/files/7/2/34150.attach::cheatcommand
L 09/15/2021 - 02:12:39: [SM] Exception reported: String formatted incorrectly - parameter 4 (total 3)
L 09/15/2021 - 02:12:39: [SM] Blaming: admincheats.smx
L 09/15/2021 - 02:12:39: [SM] Call stack trace:
L 09/15/2021 - 02:12:39: [SM]   [0] PrintToConsole
L 09/15/2021 - 02:12:39: [SM]   [1] Line 75, /home/forums/content/files/7/2/34150.attach::cheatcommand
L 09/15/2021 - 02:12:39: [SM] Exception reported: String formatted incorrectly - parameter 4 (total 3)
L 09/15/2021 - 02:12:39: [SM] Blaming: admincheats.smx
L 09/15/2021 - 02:12:39: [SM] Call stack trace:
L 09/15/2021 - 02:12:39: [SM]   [0] PrintToConsole
L 09/15/2021 - 02:12:39: [SM]   [1] Line 75, /home/forums/content/files/7/2/34150.attach::cheatcommand
L 09/15/2021 - 02:12:39: [SM] Exception reported: String formatted incorrectly - parameter 4 (total 3)
L 09/15/2021 - 02:12:39: [SM] Blaming: admincheats.smx
L 09/15/2021 - 02:12:39: [SM] Call stack trace:
L 09/15/2021 - 02:12:39: [SM]   [0] PrintToConsole
L 09/15/2021 - 02:12:39: [SM]   [1] Line 75, /home/forums/content/files/7/2/34150.attach::cheatcommand
L 09/15/2021 - 02:12:39: [SM] Exception reported: String formatted incorrectly - parameter 4 (total 3)
L 09/15/2021 - 02:12:39: [SM] Blaming: admincheats.smx
L 09/15/2021 - 02:12:39: [SM] Call stack trace:
L 09/15/2021 - 02:12:39: [SM]   [0] PrintToConsole
L 09/15/2021 - 02:12:39: [SM]   [1] Line 75, /home/forums/content/files/7/2/34150.attach::cheatcommand
L 09/15/2021 - 02:12:39: [SM] Exception reported: String formatted incorrectly - parameter 4 (total 3)
L 09/15/2021 - 02:12:39: [SM] Blaming: admincheats.smx
L 09/15/2021 - 02:12:39: [SM] Call stack trace:
L 09/15/2021 - 02:12:39: [SM]   [0] PrintToConsole
L 09/15/2021 - 02:12:39: [SM]   [1] Line 75, /home/forums/content/files/7/2/34150.attach::cheatcommand
L 09/15/2021 - 02:12:39: [SM] Exception reported: String formatted incorrectly - parameter 4 (total 3)
L 09/15/2021 - 02:12:39: [SM] Blaming: admincheats.smx
L 09/15/2021 - 02:12:39: [SM] Call stack trace:
L 09/15/2021 - 02:12:39: [SM]   [0] PrintToConsole
L 09/15/2021 - 02:12:39: [SM]   [1] Line 75, /home/forums/content/files/7/2/34150.attach::cheatcommand
L 09/15/2021 - 02:12:39: [SM] Exception reported: String formatted incorrectly - parameter 4 (total 3)
L 09/15/2021 - 02:12:39: [SM] Blaming: admincheats.smx
L 09/15/2021 - 02:12:39: [SM] Call stack trace:
L 09/15/2021 - 02:12:39: [SM]   [0] PrintToConsole
L 09/15/2021 - 02:12:39: [SM]   [1] Line 75, /home/forums/content/files/7/2/34150.attach::cheatcommand
L 09/15/2021 - 02:12:39: [SM] Exception reported: String formatted incorrectly - parameter 4 (total 3)
L 09/15/2021 - 02:12:39: [SM] Blaming: admincheats.smx
L 09/15/2021 - 02:12:39: [SM] Call stack trace:
L 09/15/2021 - 02:12:39: [SM]   [0] PrintToConsole
L 09/15/2021 - 02:12:39: [SM]   [1] Line 75, /home/forums/content/files/7/2/34150.attach::cheatcommand
L 09/15/2021 - 02:12:39: [SM] Exception reported: String formatted incorrectly - parameter 4 (total 3)
L 09/15/2021 - 02:12:39: [SM] Blaming: admincheats.smx
L 09/15/2021 - 02:12:39: [SM] Call stack trace:
L 09/15/2021 - 02:12:39: [SM]   [0] PrintToConsole
L 09/15/2021 - 02:12:39: [SM]   [1] Line 75, /home/forums/content/files/7/2/34150.attach::cheatcommand
L 09/15/2021 - 02:12:39: [SM] Exception reported: String formatted incorrectly - parameter 4 (total 3)
L 09/15/2021 - 02:12:39: [SM] Blaming: admincheats.smx
L 09/15/2021 - 02:12:39: [SM] Call stack trace:
L 09/15/2021 - 02:12:39: [SM]   [0] PrintToConsole
L 09/15/2021 - 02:12:39: [SM]   [1] Line 75, /home/forums/content/files/7/2/34150.attach::cheatcommand
L 09/15/2021 - 02:12:39: [SM] Exception reported: String formatted incorrectly - parameter 4 (total 3)
L 09/15/2021 - 02:12:39: [SM] Blaming: admincheats.smx
L 09/15/2021 - 02:12:39: [SM] Call stack trace:
L 09/15/2021 - 02:12:39: [SM]   [0] PrintToConsole
L 09/15/2021 - 02:12:39: [SM]   [1] Line 75, /home/forums/content/files/7/2/34150.attach::cheatcommand
L 09/15/2021 - 02:12:39: [SM] Exception reported: String formatted incorrectly - parameter 4 (total 3)
L 09/15/2021 - 02:12:39: [SM] Blaming: admincheats.smx
L 09/15/2021 - 02:12:39: [SM] Call stack trace:
L 09/15/2021 - 02:12:39: [SM]   [0] PrintToConsole
L 09/15/2021 - 02:12:39: [SM]   [1] Line 75, /home/forums/content/files/7/2/34150.attach::cheatcommand
L 09/15/2021 - 02:12:39: [SM] Exception reported: String formatted incorrectly - parameter 4 (total 3)
L 09/15/2021 - 02:12:39: [SM] Blaming: admincheats.smx
L 09/15/2021 - 02:12:39: [SM] Call stack trace:
L 09/15/2021 - 02:12:39: [SM]   [0] PrintToConsole
L 09/15/2021 - 02:12:39: [SM]   [1] Line 75, /home/forums/content/files/7/2/34150.attach::cheatcommand
L 09/15/2021 - 02:12:39: [SM] Exception reported: String formatted incorrectly - parameter 4 (total 3)
L 09/15/2021 - 02:12:39: [SM] Blaming: admincheats.smx
L 09/15/2021 - 02:12:39: [SM] Call stack trace:
L 09/15/2021 - 02:12:39: [SM]   [0] PrintToConsole
L 09/15/2021 - 02:12:39: [SM]   [1] Line 75, /home/forums/content/files/7/2/34150.attach::cheatcommand
L 09/15/2021 - 02:12:39: [SM] Exception reported: String formatted incorrectly - parameter 4 (total 3)
L 09/15/2021 - 02:12:39: [SM] Blaming: admincheats.smx
L 09/15/2021 - 02:12:39: [SM] Call stack trace:
L 09/15/2021 - 02:12:39: [SM]   [0] PrintToConsole
L 09/15/2021 - 02:12:39: [SM]   [1] Line 75, /home/forums/content/files/7/2/34150.attach::cheatcommand
L 09/15/2021 - 02:12:39: [SM] Exception reported: String formatted incorrectly - parameter 4 (total 3)
L 09/15/2021 - 02:12:39: [SM] Blaming: admincheats.smx
L 09/15/2021 - 02:12:39: [SM] Call stack trace:
L 09/15/2021 - 02:12:39: [SM]   [0] PrintToConsole
L 09/15/2021 - 02:12:39: [SM]   [1] Line 75, /home/forums/content/files/7/2/34150.attach::cheatcommand
L 09/15/2021 - 02:12:39: [SM] Exception reported: String formatted incorrectly - parameter 4 (total 3)
L 09/15/2021 - 02:12:39: [SM] Blaming: admincheats.smx
L 09/15/2021 - 02:12:39: [SM] Call stack trace:
L 09/15/2021 - 02:12:39: [SM]   [0] PrintToConsole
L 09/15/2021 - 02:12:39: [SM]   [1] Line 75, /home/forums/content/files/7/2/34150.attach::cheatcommand
L 09/15/2021 - 02:12:39: [SM] Exception reported: String formatted incorrectly - parameter 4 (total 3)
L 09/15/2021 - 02:12:39: [SM] Blaming: admincheats.smx
L 09/15/2021 - 02:12:39: [SM] Call stack trace:
L 09/15/2021 - 02:12:39: [SM]   [0] PrintToConsole
L 09/15/2021 - 02:12:39: [SM]   [1] Line 75, /home/forums/content/files/7/2/34150.attach::cheatcommand
L 09/15/2021 - 02:12:39: [SM] Exception reported: String formatted incorrectly - parameter 4 (total 3)
L 09/15/2021 - 02:12:39: [SM] Blaming: admincheats.smx
L 09/15/2021 - 02:12:39: [SM] Call stack trace:
L 09/15/2021 - 02:12:39: [SM]   [0] PrintToConsole
L 09/15/2021 - 02:12:39: [SM]   [1] Line 75, /home/forums/content/files/7/2/34150.attach::cheatcommand
L 09/15/2021 - 02:12:39: [SM] Exception reported: String formatted incorrectly - parameter 4 (total 3)
L 09/15/2021 - 02:12:39: [SM] Blaming: admincheats.smx
L 09/15/2021 - 02:12:39: [SM] Call stack trace:
L 09/15/2021 - 02:12:39: [SM]   [0] PrintToConsole
L 09/15/2021 - 02:12:39: [SM]   [1] Line 75, /home/forums/content/files/7/2/34150.attach::cheatcommand
L 09/15/2021 - 02:12:39: [SM] Exception reported: String formatted incorrectly - parameter 4 (total 3)
L 09/15/2021 - 02:12:39: [SM] Blaming: admincheats.smx
L 09/15/2021 - 02:12:39: [SM] Call stack trace:
L 09/15/2021 - 02:12:39: [SM]   [0] PrintToConsole
L 09/15/2021 - 02:12:39: [SM]   [1] Line 75, /home/forums/content/files/7/2/34150.attach::cheatcommand
L 09/15/2021 - 02:12:39: [SM] Exception reported: String formatted incorrectly - parameter 4 (total 3)
L 09/15/2021 - 02:12:39: [SM] Blaming: admincheats.smx
L 09/15/2021 - 02:12:39: [SM] Call stack trace:
L 09/15/2021 - 02:12:39: [SM]   [0] PrintToConsole
L 09/15/2021 - 02:12:39: [SM]   [1] Line 75, /home/forums/content/files/7/2/34150.attach::cheatcommand
L 09/15/2021 - 02:12:39: [SM] Exception reported: String formatted incorrectly - parameter 4 (total 3)
L 09/15/2021 - 02:12:39: [SM] Blaming: admincheats.smx
L 09/15/2021 - 02:12:39: [SM] Call stack trace:
L 09/15/2021 - 02:12:39: [SM]   [0] PrintToConsole
L 09/15/2021 - 02:12:39: [SM]   [1] Line 75, /home/forums/content/files/7/2/34150.attach::cheatcommand
L 09/15/2021 - 02:12:39: [SM] Exception reported: String formatted incorrectly - parameter 4 (total 3)
L 09/15/2021 - 02:12:39: [SM] Blaming: admincheats.smx
L 09/15/2021 - 02:12:39: [SM] Call stack trace:
L 09/15/2021 - 02:12:39: [SM]   [0] PrintToConsole
L 09/15/2021 - 02:12:39: [SM]   [1] Line 75, /home/forums/content/files/7/2/34150.attach::cheatcommand
L 09/15/2021 - 02:12:39: [SM] Exception reported: String formatted incorrectly - parameter 4 (total 3)
L 09/15/2021 - 02:12:39: [SM] Blaming: admincheats.smx
L 09/15/2021 - 02:12:39: [SM] Call stack trace:
L 09/15/2021 - 02:12:39: [SM]   [0] PrintToConsole
L 09/15/2021 - 02:12:39: [SM]   [1] Line 75, /home/forums/content/files/7/2/34150.attach::cheatcommand
L 09/15/2021 - 02:12:39: [SM] Exception reported: String formatted incorrectly - parameter 4 (total 3)
L 09/15/2021 - 02:12:39: [SM] Blaming: admincheats.smx
L 09/15/2021 - 02:12:39: [SM] Call stack trace:
L 09/15/2021 - 02:12:39: [SM]   [0] PrintToConsole
L 09/15/2021 - 02:12:39: [SM]   [1] Line 75, /home/forums/content/files/7/2/34150.attach::cheatcommand
L 09/15/2021 - 02:12:39: [SM] Exception reported: String formatted incorrectly - parameter 4 (total 3)
L 09/15/2021 - 02:12:39: [SM] Blaming: admincheats.smx
L 09/15/2021 - 02:12:39: [SM] Call stack trace:
L 09/15/2021 - 02:12:39: [SM]   [0] PrintToConsole
L 09/15/2021 - 02:12:39: [SM]   [1] Line 75, /home/forums/content/files/7/2/34150.attach::cheatcommand
L 09/15/2021 - 02:13:49: [SM] Exception reported: String formatted incorrectly - parameter 4 (total 3)
L 09/15/2021 - 02:13:49: [SM] Blaming: admincheats.smx
L 09/15/2021 - 02:13:49: [SM] Call stack trace:
L 09/15/2021 - 02:13:49: [SM]   [0] PrintToConsole
L 09/15/2021 - 02:13:49: [SM]   [1] Line 75, /home/forums/content/files/7/2/34150.attach::cheatcommand
L 09/15/2021 - 02:13:51: [SM] Exception reported: String formatted incorrectly - parameter 4 (total 3)
L 09/15/2021 - 02:13:51: [SM] Blaming: admincheats.smx
L 09/15/2021 - 02:13:51: [SM] Call stack trace:
L 09/15/2021 - 02:13:51: [SM]   [0] PrintToConsole
L 09/15/2021 - 02:13:51: [SM]   [1] Line 75, /home/forums/content/files/7/2/34150.attach::cheatcommand
L 09/15/2021 - 02:13:51: [SM] Exception reported: String formatted incorrectly - parameter 4 (total 3)
L 09/15/2021 - 02:13:51: [SM] Blaming: admincheats.smx
L 09/15/2021 - 02:13:51: [SM] Call stack trace:
L 09/15/2021 - 02:13:51: [SM]   [0] PrintToConsole
L 09/15/2021 - 02:13:51: [SM]   [1] Line 75, /home/forums/content/files/7/2/34150.attach::cheatcommand
L 09/15/2021 - 02:13:51: [SM] Exception reported: String formatted incorrectly - parameter 4 (total 3)
L 09/15/2021 - 02:13:51: [SM] Blaming: admincheats.smx
L 09/15/2021 - 02:13:51: [SM] Call stack trace:
L 09/15/2021 - 02:13:51: [SM]   [0] PrintToConsole
L 09/15/2021 - 02:13:51: [SM]   [1] Line 75, /home/forums/content/files/7/2/34150.attach::cheatcommand
L 09/15/2021 - 02:13:51: [SM] Exception reported: String formatted incorrectly - parameter 4 (total 3)
L 09/15/2021 - 02:13:51: [SM] Blaming: admincheats.smx
L 09/15/2021 - 02:13:51: [SM] Call stack trace:
L 09/15/2021 - 02:13:51: [SM]   [0] PrintToConsole
L 09/15/2021 - 02:13:51: [SM]   [1] Line 75, /home/forums/content/files/7/2/34150.attach::cheatcommand
L 09/15/2021 - 02:13:51: [SM] Exception reported: String formatted incorrectly - parameter 4 (total 3)
L 09/15/2021 - 02:13:51: [SM] Blaming: admincheats.smx
L 09/15/2021 - 02:13:51: [SM] Call stack trace:
L 09/15/2021 - 02:13:51: [SM]   [0] PrintToConsole
L 09/15/2021 - 02:13:51: [SM]   [1] Line 75, /home/forums/content/files/7/2/34150.attach::cheatcommand
L 09/15/2021 - 02:13:51: [SM] Exception reported: String formatted incorrectly - parameter 4 (total 3)
L 09/15/2021 - 02:13:51: [SM] Blaming: admincheats.smx
L 09/15/2021 - 02:13:51: [SM] Call stack trace:
L 09/15/2021 - 02:13:51: [SM]   [0] PrintToConsole
L 09/15/2021 - 02:13:51: [SM]   [1] Line 75, /home/forums/content/files/7/2/34150.attach::cheatcommand
L 09/15/2021 - 02:13:51: [SM] Exception reported: String formatted incorrectly - parameter 4 (total 3)
L 09/15/2021 - 02:13:51: [SM] Blaming: admincheats.smx
L 09/15/2021 - 02:13:51: [SM] Call stack trace:
L 09/15/2021 - 02:13:51: [SM]   [0] PrintToConsole
L 09/15/2021 - 02:13:51: [SM]   [1] Line 75, /home/forums/content/files/7/2/34150.attach::cheatcommand
L 09/15/2021 - 02:13:51: [SM] Exception reported: String formatted incorrectly - parameter 4 (total 3)
L 09/15/2021 - 02:13:51: [SM] Blaming: admincheats.smx
L 09/15/2021 - 02:13:51: [SM] Call stack trace:
L 09/15/2021 - 02:13:51: [SM]   [0] PrintToConsole
L 09/15/2021 - 02:13:51: [SM]   [1] Line 75, /home/forums/content/files/7/2/34150.attach::cheatcommand
L 09/15/2021 - 02:13:51: [SM] Exception reported: String formatted incorrectly - parameter 4 (total 3)
L 09/15/2021 - 02:13:51: [SM] Blaming: admincheats.smx
L 09/15/2021 - 02:13:51: [SM] Call stack trace:
L 09/15/2021 - 02:13:51: [SM]   [0] PrintToConsole
L 09/15/2021 - 02:13:51: [SM]   [1] Line 75, /home/forums/content/files/7/2/34150.attach::cheatcommand
L 09/15/2021 - 02:13:51: [SM] Exception reported: String formatted incorrectly - parameter 4 (total 3)
L 09/15/2021 - 02:13:51: [SM] Blaming: admincheats.smx
L 09/15/2021 - 02:13:51: [SM] Call stack trace:
L 09/15/2021 - 02:13:51: [SM]   [0] PrintToConsole
L 09/15/2021 - 02:13:51: [SM]   [1] Line 75, /home/forums/content/files/7/2/34150.attach::cheatcommand
L 09/15/2021 - 02:13:51: [SM] Exception reported: String formatted incorrectly - parameter 4 (total 3)
L 09/15/2021 - 02:13:51: [SM] Blaming: admincheats.smx
L 09/15/2021 - 02:13:51: [SM] Call stack trace:
L 09/15/2021 - 02:13:51: [SM]   [0] PrintToConsole
L 09/15/2021 - 02:13:51: [SM]   [1] Line 75, /home/forums/content/files/7/2/34150.attach::cheatcommand
L 09/15/2021 - 02:13:51: [SM] Exception reported: String formatted incorrectly - parameter 4 (total 3)
L 09/15/2021 - 02:13:51: [SM] Blaming: admincheats.smx
L 09/15/2021 - 02:13:51: [SM] Call stack trace:
L 09/15/2021 - 02:13:51: [SM]   [0] PrintToConsole
L 09/15/2021 - 02:13:51: [SM]   [1] Line 75, /home/forums/content/files/7/2/34150.attach::cheatcommand
L 09/15/2021 - 02:13:51: [SM] Exception reported: String formatted incorrectly - parameter 4 (total 3)
L 09/15/2021 - 02:13:51: [SM] Blaming: admincheats.smx
L 09/15/2021 - 02:13:51: [SM] Call stack trace:
L 09/15/2021 - 02:13:51: [SM]   [0] PrintToConsole
L 09/15/2021 - 02:13:51: [SM]   [1] Line 75, /home/forums/content/files/7/2/34150.attach::cheatcommand
L 09/15/2021 - 02:13:51: [SM] Exception reported: String formatted incorrectly - parameter 4 (total 3)
L 09/15/2021 - 02:13:51: [SM] Blaming: admincheats.smx
L 09/15/2021 - 02:13:51: [SM] Call stack trace:
L 09/15/2021 - 02:13:51: [SM]   [0] PrintToConsole
L 09/15/2021 - 02:13:51: [SM]   [1] Line 75, /home/forums/content/files/7/2/34150.attach::cheatcommand
L 09/15/2021 - 02:13:51: [SM] Exception reported: String formatted incorrectly - parameter 4 (total 3)
L 09/15/2021 - 02:13:51: [SM] Blaming: admincheats.smx
L 09/15/2021 - 02:13:51: [SM] Call stack trace:
L 09/15/2021 - 02:13:51: [SM]   [0] PrintToConsole
L 09/15/2021 - 02:13:51: [SM]   [1] Line 75, /home/forums/content/files/7/2/34150.attach::cheatcommand
L 09/15/2021 - 02:13:51: [SM] Exception reported: String formatted incorrectly - parameter 4 (total 3)
L 09/15/2021 - 02:13:51: [SM] Blaming: admincheats.smx
L 09/15/2021 - 02:13:51: [SM] Call stack trace:
L 09/15/2021 - 02:13:51: [SM]   [0] PrintToConsole
L 09/15/2021 - 02:13:51: [SM]   [1] Line 75, /home/forums/content/files/7/2/34150.attach::cheatcommand
L 09/15/2021 - 02:13:51: [SM] Exception reported: String formatted incorrectly - parameter 4 (total 3)
L 09/15/2021 - 02:13:51: [SM] Blaming: admincheats.smx
L 09/15/2021 - 02:13:51: [SM] Call stack trace:
L 09/15/2021 - 02:13:51: [SM]   [0] PrintToConsole
L 09/15/2021 - 02:13:51: [SM]   [1] Line 75, /home/forums/content/files/7/2/34150.attach::cheatcommand
L 09/15/2021 - 02:13:51: [SM] Exception reported: String formatted incorrectly - parameter 4 (total 3)
L 09/15/2021 - 02:13:51: [SM] Blaming: admincheats.smx
L 09/15/2021 - 02:13:51: [SM] Call stack trace:
L 09/15/2021 - 02:13:51: [SM]   [0] PrintToConsole
L 09/15/2021 - 02:13:51: [SM]   [1] Line 75, /home/forums/content/files/7/2/34150.attach::cheatcommand
L 09/15/2021 - 02:13:51: [SM] Exception reported: String formatted incorrectly - parameter 4 (total 3)
L 09/15/2021 - 02:13:51: [SM] Blaming: admincheats.smx
L 09/15/2021 - 02:13:51: [SM] Call stack trace:
L 09/15/2021 - 02:13:51: [SM]   [0] PrintToConsole
L 09/15/2021 - 02:13:51: [SM]   [1] Line 75, /home/forums/content/files/7/2/34150.attach::cheatcommand
L 09/15/2021 - 02:13:51: [SM] Exception reported: String formatted incorrectly - parameter 4 (total 3)
L 09/15/2021 - 02:13:51: [SM] Blaming: admincheats.smx
L 09/15/2021 - 02:13:51: [SM] Call stack trace:
L 09/15/2021 - 02:13:51: [SM]   [0] PrintToConsole
L 09/15/2021 - 02:13:51: [SM]   [1] Line 75, /home/forums/content/files/7/2/34150.attach::cheatcommand
L 09/15/2021 - 02:13:51: [SM] Exception reported: String formatted incorrectly - parameter 4 (total 3)
L 09/15/2021 - 02:13:51: [SM] Blaming: admincheats.smx
L 09/15/2021 - 02:13:51: [SM] Call stack trace:
L 09/15/2021 - 02:13:51: [SM]   [0] PrintToConsole
L 09/15/2021 - 02:13:51: [SM]   [1] Line 75, /home/forums/content/files/7/2/34150.attach::cheatcommand
L 09/15/2021 - 02:18:27: Error log file session closed.
L 09/15/2021 - 02:24:52: SourceMod error session started
L 09/15/2021 - 02:24:52: Info (map "koth_sawmill") (file "/hlserver/tf2/tf/addons/sourcemod/logs/errors_20210915.log")
L 09/15/2021 - 02:24:52: [SM] Exception reported: String formatted incorrectly - parameter 4 (total 3)
L 09/15/2021 - 02:24:52: [SM] Blaming: admincheats.smx
L 09/15/2021 - 02:24:52: [SM] Call stack trace:
L 09/15/2021 - 02:24:52: [SM]   [0] PrintToConsole
L 09/15/2021 - 02:24:52: [SM]   [1] Line 75, /home/forums/content/files/7/2/34150.attach::cheatcommand
L 09/15/2021 - 02:34:18: [SM] Exception reported: String formatted incorrectly - parameter 4 (total 3)
L 09/15/2021 - 02:34:18: [SM] Blaming: admincheats.smx
L 09/15/2021 - 02:34:18: [SM] Call stack trace:
L 09/15/2021 - 02:34:18: [SM]   [0] PrintToConsole
L 09/15/2021 - 02:34:18: [SM]   [1] Line 75, /home/forums/content/files/7/2/34150.attach::cheatcommand
L 09/15/2021 - 02:37:32: [SM] Exception reported: String formatted incorrectly - parameter 4 (total 3)
L 09/15/2021 - 02:37:32: [SM] Blaming: admincheats.smx
L 09/15/2021 - 02:37:32: [SM] Call stack trace:
L 09/15/2021 - 02:37:32: [SM]   [0] PrintToConsole
L 09/15/2021 - 02:37:32: [SM]   [1] Line 75, /home/forums/content/files/7/2/34150.attach::cheatcommand
L 09/15/2021 - 02:48:10: [SM] Exception reported: String formatted incorrectly - parameter 4 (total 3)
L 09/15/2021 - 02:48:10: [SM] Blaming: admincheats.smx
L 09/15/2021 - 02:48:10: [SM] Call stack trace:
L 09/15/2021 - 02:48:10: [SM]   [0] PrintToConsole
L 09/15/2021 - 02:48:10: [SM]   [1] Line 75, /home/forums/content/files/7/2/34150.attach::cheatcommand
L 09/15/2021 - 02:50:42: Error log file session closed.
L 09/15/2021 - 04:01:50: SourceMod error session started
L 09/15/2021 - 04:01:50: Info (map "plr_hightower") (file "/hlserver/tf2/tf/addons/sourcemod/logs/errors_20210915.log")
L 09/15/2021 - 04:01:50: [tf2attributes.smx] Could not initialize call to CEconItem::SetCustomName
L 09/16/2021 - 04:00:58: Error log file session closed.
