L 08/20/2020 - 00:53:50: SourceMod error session started
L 08/20/2020 - 00:53:50: Info (map "cp_standin_final") (file "/hlserver/tf2/tf/addons/sourcemod/logs/errors_20200820.log")
L 08/20/2020 - 00:53:50: [SM] Fatal error encountered parsing translation file "spraytracenomenu.phrases.txt"
L 08/20/2020 - 00:53:50: [SM] Error (line 0, column 0): Stream failed to open
L 08/20/2020 - 05:33:51: Error log file session closed.
L 08/20/2020 - 05:33:51: SourceMod error session started
L 08/20/2020 - 05:33:51: Info (map "plr_hightower") (file "/hlserver/tf2/tf/addons/sourcemod/logs/errors_20200820.log")
L 08/20/2020 - 05:33:51: [SM] Fatal error encountered parsing translation file "spraytracenomenu.phrases.txt"
L 08/20/2020 - 05:33:51: [SM] Error (line 0, column 0): Stream failed to open
L 08/20/2020 - 06:14:11: [SM] Exception reported: Language phrase "Sprayed Name" not found (arg 6)
L 08/20/2020 - 06:14:11: [SM] Blaming: spraytracenomenu.smx
L 08/20/2020 - 06:14:11: [SM] Call stack trace:
L 08/20/2020 - 06:14:11: [SM]   [0] ShowSyncHudText
L 08/20/2020 - 06:14:11: [SM]   [1] Line 226, /home/forums/content/files/2/8/4/1/5/5/177382.attach::CheckAllTraces
L 08/20/2020 - 06:14:12: [SM] Exception reported: Language phrase "Sprayed Name" not found (arg 6)
L 08/20/2020 - 06:14:12: [SM] Blaming: spraytracenomenu.smx
L 08/20/2020 - 06:14:12: [SM] Call stack trace:
L 08/20/2020 - 06:14:12: [SM]   [0] ShowSyncHudText
L 08/20/2020 - 06:14:12: [SM]   [1] Line 226, /home/forums/content/files/2/8/4/1/5/5/177382.attach::CheckAllTraces
L 08/20/2020 - 06:14:13: [SM] Exception reported: Language phrase "Sprayed Name" not found (arg 6)
L 08/20/2020 - 06:14:13: [SM] Blaming: spraytracenomenu.smx
L 08/20/2020 - 06:14:13: [SM] Call stack trace:
L 08/20/2020 - 06:14:13: [SM]   [0] ShowSyncHudText
L 08/20/2020 - 06:14:13: [SM]   [1] Line 226, /home/forums/content/files/2/8/4/1/5/5/177382.attach::CheckAllTraces
L 08/20/2020 - 06:14:14: [SM] Exception reported: Language phrase "Sprayed Name" not found (arg 6)
L 08/20/2020 - 06:14:14: [SM] Blaming: spraytracenomenu.smx
L 08/20/2020 - 06:14:14: [SM] Call stack trace:
L 08/20/2020 - 06:14:14: [SM]   [0] ShowSyncHudText
L 08/20/2020 - 06:14:14: [SM]   [1] Line 226, /home/forums/content/files/2/8/4/1/5/5/177382.attach::CheckAllTraces
L 08/20/2020 - 06:14:15: [SM] Exception reported: Language phrase "Sprayed Name" not found (arg 6)
L 08/20/2020 - 06:14:15: [SM] Blaming: spraytracenomenu.smx
L 08/20/2020 - 06:14:15: [SM] Call stack trace:
L 08/20/2020 - 06:14:15: [SM]   [0] ShowSyncHudText
L 08/20/2020 - 06:14:15: [SM]   [1] Line 226, /home/forums/content/files/2/8/4/1/5/5/177382.attach::CheckAllTraces
L 08/20/2020 - 06:14:16: [SM] Exception reported: Language phrase "Sprayed Name" not found (arg 6)
L 08/20/2020 - 06:14:16: [SM] Blaming: spraytracenomenu.smx
L 08/20/2020 - 06:14:16: [SM] Call stack trace:
L 08/20/2020 - 06:14:16: [SM]   [0] ShowSyncHudText
L 08/20/2020 - 06:14:16: [SM]   [1] Line 226, /home/forums/content/files/2/8/4/1/5/5/177382.attach::CheckAllTraces
L 08/20/2020 - 06:14:17: [SM] Exception reported: Language phrase "Sprayed Name" not found (arg 6)
L 08/20/2020 - 06:14:17: [SM] Blaming: spraytracenomenu.smx
L 08/20/2020 - 06:14:17: [SM] Call stack trace:
L 08/20/2020 - 06:14:17: [SM]   [0] ShowSyncHudText
L 08/20/2020 - 06:14:17: [SM]   [1] Line 226, /home/forums/content/files/2/8/4/1/5/5/177382.attach::CheckAllTraces
L 08/20/2020 - 06:14:18: [SM] Exception reported: Language phrase "Sprayed Name" not found (arg 6)
L 08/20/2020 - 06:14:18: [SM] Blaming: spraytracenomenu.smx
L 08/20/2020 - 06:14:18: [SM] Call stack trace:
L 08/20/2020 - 06:14:18: [SM]   [0] ShowSyncHudText
L 08/20/2020 - 06:14:18: [SM]   [1] Line 226, /home/forums/content/files/2/8/4/1/5/5/177382.attach::CheckAllTraces
L 08/20/2020 - 06:14:19: [SM] Exception reported: Language phrase "Sprayed Name" not found (arg 6)
L 08/20/2020 - 06:14:19: [SM] Blaming: spraytracenomenu.smx
L 08/20/2020 - 06:14:19: [SM] Call stack trace:
L 08/20/2020 - 06:14:19: [SM]   [0] ShowSyncHudText
L 08/20/2020 - 06:14:19: [SM]   [1] Line 226, /home/forums/content/files/2/8/4/1/5/5/177382.attach::CheckAllTraces
L 08/20/2020 - 06:14:20: [SM] Exception reported: Language phrase "Sprayed Name" not found (arg 6)
L 08/20/2020 - 06:14:20: [SM] Blaming: spraytracenomenu.smx
L 08/20/2020 - 06:14:20: [SM] Call stack trace:
L 08/20/2020 - 06:14:20: [SM]   [0] ShowSyncHudText
L 08/20/2020 - 06:14:20: [SM]   [1] Line 226, /home/forums/content/files/2/8/4/1/5/5/177382.attach::CheckAllTraces
L 08/20/2020 - 06:14:21: [SM] Exception reported: Language phrase "Sprayed Name" not found (arg 6)
L 08/20/2020 - 06:14:21: [SM] Blaming: spraytracenomenu.smx
L 08/20/2020 - 06:14:21: [SM] Call stack trace:
L 08/20/2020 - 06:14:21: [SM]   [0] ShowSyncHudText
L 08/20/2020 - 06:14:21: [SM]   [1] Line 226, /home/forums/content/files/2/8/4/1/5/5/177382.attach::CheckAllTraces
L 08/20/2020 - 06:14:22: [SM] Exception reported: Language phrase "Sprayed Name" not found (arg 6)
L 08/20/2020 - 06:14:22: [SM] Blaming: spraytracenomenu.smx
L 08/20/2020 - 06:14:22: [SM] Call stack trace:
L 08/20/2020 - 06:14:22: [SM]   [0] ShowSyncHudText
L 08/20/2020 - 06:14:22: [SM]   [1] Line 226, /home/forums/content/files/2/8/4/1/5/5/177382.attach::CheckAllTraces
L 08/20/2020 - 06:14:23: [SM] Exception reported: Language phrase "Sprayed Name" not found (arg 6)
L 08/20/2020 - 06:14:23: [SM] Blaming: spraytracenomenu.smx
L 08/20/2020 - 06:14:23: [SM] Call stack trace:
L 08/20/2020 - 06:14:23: [SM]   [0] ShowSyncHudText
L 08/20/2020 - 06:14:23: [SM]   [1] Line 226, /home/forums/content/files/2/8/4/1/5/5/177382.attach::CheckAllTraces
L 08/20/2020 - 06:14:24: [SM] Exception reported: Language phrase "Sprayed Name" not found (arg 6)
L 08/20/2020 - 06:14:24: [SM] Blaming: spraytracenomenu.smx
L 08/20/2020 - 06:14:24: [SM] Call stack trace:
L 08/20/2020 - 06:14:24: [SM]   [0] ShowSyncHudText
L 08/20/2020 - 06:14:24: [SM]   [1] Line 226, /home/forums/content/files/2/8/4/1/5/5/177382.attach::CheckAllTraces
L 08/20/2020 - 06:14:25: [SM] Exception reported: Language phrase "Sprayed Name" not found (arg 6)
L 08/20/2020 - 06:14:25: [SM] Blaming: spraytracenomenu.smx
L 08/20/2020 - 06:14:25: [SM] Call stack trace:
L 08/20/2020 - 06:14:25: [SM]   [0] ShowSyncHudText
L 08/20/2020 - 06:14:25: [SM]   [1] Line 226, /home/forums/content/files/2/8/4/1/5/5/177382.attach::CheckAllTraces
L 08/20/2020 - 06:14:26: [SM] Exception reported: Language phrase "Sprayed Name" not found (arg 6)
L 08/20/2020 - 06:14:26: [SM] Blaming: spraytracenomenu.smx
L 08/20/2020 - 06:14:26: [SM] Call stack trace:
L 08/20/2020 - 06:14:26: [SM]   [0] ShowSyncHudText
L 08/20/2020 - 06:14:26: [SM]   [1] Line 226, /home/forums/content/files/2/8/4/1/5/5/177382.attach::CheckAllTraces
L 08/20/2020 - 06:14:27: [SM] Exception reported: Language phrase "Sprayed Name" not found (arg 6)
L 08/20/2020 - 06:14:27: [SM] Blaming: spraytracenomenu.smx
L 08/20/2020 - 06:14:27: [SM] Call stack trace:
L 08/20/2020 - 06:14:27: [SM]   [0] ShowSyncHudText
L 08/20/2020 - 06:14:27: [SM]   [1] Line 226, /home/forums/content/files/2/8/4/1/5/5/177382.attach::CheckAllTraces
L 08/20/2020 - 06:14:28: [SM] Exception reported: Language phrase "Sprayed Name" not found (arg 6)
L 08/20/2020 - 06:14:28: [SM] Blaming: spraytracenomenu.smx
L 08/20/2020 - 06:14:28: [SM] Call stack trace:
L 08/20/2020 - 06:14:28: [SM]   [0] ShowSyncHudText
L 08/20/2020 - 06:14:28: [SM]   [1] Line 226, /home/forums/content/files/2/8/4/1/5/5/177382.attach::CheckAllTraces
L 08/20/2020 - 06:14:29: [SM] Exception reported: Language phrase "Sprayed Name" not found (arg 6)
L 08/20/2020 - 06:14:29: [SM] Blaming: spraytracenomenu.smx
L 08/20/2020 - 06:14:29: [SM] Call stack trace:
L 08/20/2020 - 06:14:29: [SM]   [0] ShowSyncHudText
L 08/20/2020 - 06:14:29: [SM]   [1] Line 226, /home/forums/content/files/2/8/4/1/5/5/177382.attach::CheckAllTraces
L 08/20/2020 - 06:14:30: [SM] Exception reported: Language phrase "Sprayed Name" not found (arg 6)
L 08/20/2020 - 06:14:30: [SM] Blaming: spraytracenomenu.smx
L 08/20/2020 - 06:14:30: [SM] Call stack trace:
L 08/20/2020 - 06:14:30: [SM]   [0] ShowSyncHudText
L 08/20/2020 - 06:14:30: [SM]   [1] Line 226, /home/forums/content/files/2/8/4/1/5/5/177382.attach::CheckAllTraces
L 08/20/2020 - 06:14:31: [SM] Exception reported: Language phrase "Sprayed Name" not found (arg 6)
L 08/20/2020 - 06:14:31: [SM] Blaming: spraytracenomenu.smx
L 08/20/2020 - 06:14:31: [SM] Call stack trace:
L 08/20/2020 - 06:14:31: [SM]   [0] ShowSyncHudText
L 08/20/2020 - 06:14:31: [SM]   [1] Line 226, /home/forums/content/files/2/8/4/1/5/5/177382.attach::CheckAllTraces
L 08/20/2020 - 06:14:32: [SM] Exception reported: Language phrase "Sprayed Name" not found (arg 6)
L 08/20/2020 - 06:14:32: [SM] Blaming: spraytracenomenu.smx
L 08/20/2020 - 06:14:32: [SM] Call stack trace:
L 08/20/2020 - 06:14:32: [SM]   [0] ShowSyncHudText
L 08/20/2020 - 06:14:32: [SM]   [1] Line 226, /home/forums/content/files/2/8/4/1/5/5/177382.attach::CheckAllTraces
L 08/20/2020 - 06:14:33: [SM] Exception reported: Language phrase "Sprayed Name" not found (arg 6)
L 08/20/2020 - 06:14:33: [SM] Blaming: spraytracenomenu.smx
L 08/20/2020 - 06:14:33: [SM] Call stack trace:
L 08/20/2020 - 06:14:33: [SM]   [0] ShowSyncHudText
L 08/20/2020 - 06:14:33: [SM]   [1] Line 226, /home/forums/content/files/2/8/4/1/5/5/177382.attach::CheckAllTraces
L 08/20/2020 - 06:14:34: [SM] Exception reported: Language phrase "Sprayed Name" not found (arg 6)
L 08/20/2020 - 06:14:34: [SM] Blaming: spraytracenomenu.smx
L 08/20/2020 - 06:14:34: [SM] Call stack trace:
L 08/20/2020 - 06:14:34: [SM]   [0] ShowSyncHudText
L 08/20/2020 - 06:14:34: [SM]   [1] Line 226, /home/forums/content/files/2/8/4/1/5/5/177382.attach::CheckAllTraces
L 08/20/2020 - 06:14:35: [SM] Exception reported: Language phrase "Sprayed Name" not found (arg 6)
L 08/20/2020 - 06:14:35: [SM] Blaming: spraytracenomenu.smx
L 08/20/2020 - 06:14:35: [SM] Call stack trace:
L 08/20/2020 - 06:14:35: [SM]   [0] ShowSyncHudText
L 08/20/2020 - 06:14:35: [SM]   [1] Line 226, /home/forums/content/files/2/8/4/1/5/5/177382.attach::CheckAllTraces
L 08/20/2020 - 06:14:36: [SM] Exception reported: Language phrase "Sprayed Name" not found (arg 6)
L 08/20/2020 - 06:14:36: [SM] Blaming: spraytracenomenu.smx
L 08/20/2020 - 06:14:36: [SM] Call stack trace:
L 08/20/2020 - 06:14:36: [SM]   [0] ShowSyncHudText
L 08/20/2020 - 06:14:36: [SM]   [1] Line 226, /home/forums/content/files/2/8/4/1/5/5/177382.attach::CheckAllTraces
L 08/20/2020 - 06:14:37: [SM] Exception reported: Language phrase "Sprayed Name" not found (arg 6)
L 08/20/2020 - 06:14:37: [SM] Blaming: spraytracenomenu.smx
L 08/20/2020 - 06:14:37: [SM] Call stack trace:
L 08/20/2020 - 06:14:37: [SM]   [0] ShowSyncHudText
L 08/20/2020 - 06:14:37: [SM]   [1] Line 226, /home/forums/content/files/2/8/4/1/5/5/177382.attach::CheckAllTraces
L 08/20/2020 - 06:14:38: [SM] Exception reported: Language phrase "Sprayed Name" not found (arg 6)
L 08/20/2020 - 06:14:38: [SM] Blaming: spraytracenomenu.smx
L 08/20/2020 - 06:14:38: [SM] Call stack trace:
L 08/20/2020 - 06:14:38: [SM]   [0] ShowSyncHudText
L 08/20/2020 - 06:14:38: [SM]   [1] Line 226, /home/forums/content/files/2/8/4/1/5/5/177382.attach::CheckAllTraces
L 08/20/2020 - 06:14:39: [SM] Exception reported: Language phrase "Sprayed Name" not found (arg 6)
L 08/20/2020 - 06:14:39: [SM] Blaming: spraytracenomenu.smx
L 08/20/2020 - 06:14:39: [SM] Call stack trace:
L 08/20/2020 - 06:14:39: [SM]   [0] ShowSyncHudText
L 08/20/2020 - 06:14:39: [SM]   [1] Line 226, /home/forums/content/files/2/8/4/1/5/5/177382.attach::CheckAllTraces
L 08/20/2020 - 06:14:40: [SM] Exception reported: Language phrase "Sprayed Name" not found (arg 6)
L 08/20/2020 - 06:14:40: [SM] Blaming: spraytracenomenu.smx
L 08/20/2020 - 06:14:40: [SM] Call stack trace:
L 08/20/2020 - 06:14:40: [SM]   [0] ShowSyncHudText
L 08/20/2020 - 06:14:40: [SM]   [1] Line 226, /home/forums/content/files/2/8/4/1/5/5/177382.attach::CheckAllTraces
L 08/20/2020 - 06:14:41: [SM] Exception reported: Language phrase "Sprayed Name" not found (arg 6)
L 08/20/2020 - 06:14:41: [SM] Blaming: spraytracenomenu.smx
L 08/20/2020 - 06:14:41: [SM] Call stack trace:
L 08/20/2020 - 06:14:41: [SM]   [0] ShowSyncHudText
L 08/20/2020 - 06:14:41: [SM]   [1] Line 226, /home/forums/content/files/2/8/4/1/5/5/177382.attach::CheckAllTraces
L 08/20/2020 - 06:14:42: [SM] Exception reported: Language phrase "Sprayed Name" not found (arg 6)
L 08/20/2020 - 06:14:42: [SM] Blaming: spraytracenomenu.smx
L 08/20/2020 - 06:14:42: [SM] Call stack trace:
L 08/20/2020 - 06:14:42: [SM]   [0] ShowSyncHudText
L 08/20/2020 - 06:14:42: [SM]   [1] Line 226, /home/forums/content/files/2/8/4/1/5/5/177382.attach::CheckAllTraces
L 08/20/2020 - 06:14:43: [SM] Exception reported: Language phrase "Sprayed Name" not found (arg 6)
L 08/20/2020 - 06:14:43: [SM] Blaming: spraytracenomenu.smx
L 08/20/2020 - 06:14:43: [SM] Call stack trace:
L 08/20/2020 - 06:14:43: [SM]   [0] ShowSyncHudText
L 08/20/2020 - 06:14:43: [SM]   [1] Line 226, /home/forums/content/files/2/8/4/1/5/5/177382.attach::CheckAllTraces
L 08/20/2020 - 06:14:44: [SM] Exception reported: Language phrase "Sprayed Name" not found (arg 6)
L 08/20/2020 - 06:14:44: [SM] Blaming: spraytracenomenu.smx
L 08/20/2020 - 06:14:44: [SM] Call stack trace:
L 08/20/2020 - 06:14:44: [SM]   [0] ShowSyncHudText
L 08/20/2020 - 06:14:44: [SM]   [1] Line 226, /home/forums/content/files/2/8/4/1/5/5/177382.attach::CheckAllTraces
L 08/20/2020 - 06:14:45: [SM] Exception reported: Language phrase "Sprayed Name" not found (arg 6)
L 08/20/2020 - 06:14:45: [SM] Blaming: spraytracenomenu.smx
L 08/20/2020 - 06:14:45: [SM] Call stack trace:
L 08/20/2020 - 06:14:45: [SM]   [0] ShowSyncHudText
L 08/20/2020 - 06:14:45: [SM]   [1] Line 226, /home/forums/content/files/2/8/4/1/5/5/177382.attach::CheckAllTraces
L 08/20/2020 - 06:14:46: [SM] Exception reported: Language phrase "Sprayed Name" not found (arg 6)
L 08/20/2020 - 06:14:46: [SM] Blaming: spraytracenomenu.smx
L 08/20/2020 - 06:14:46: [SM] Call stack trace:
L 08/20/2020 - 06:14:46: [SM]   [0] ShowSyncHudText
L 08/20/2020 - 06:14:46: [SM]   [1] Line 226, /home/forums/content/files/2/8/4/1/5/5/177382.attach::CheckAllTraces
L 08/20/2020 - 06:14:47: [SM] Exception reported: Language phrase "Sprayed Name" not found (arg 6)
L 08/20/2020 - 06:14:47: [SM] Blaming: spraytracenomenu.smx
L 08/20/2020 - 06:14:47: [SM] Call stack trace:
L 08/20/2020 - 06:14:47: [SM]   [0] ShowSyncHudText
L 08/20/2020 - 06:14:47: [SM]   [1] Line 226, /home/forums/content/files/2/8/4/1/5/5/177382.attach::CheckAllTraces
L 08/20/2020 - 06:14:48: [SM] Exception reported: Language phrase "Sprayed Name" not found (arg 6)
L 08/20/2020 - 06:14:48: [SM] Blaming: spraytracenomenu.smx
L 08/20/2020 - 06:14:48: [SM] Call stack trace:
L 08/20/2020 - 06:14:48: [SM]   [0] ShowSyncHudText
L 08/20/2020 - 06:14:48: [SM]   [1] Line 226, /home/forums/content/files/2/8/4/1/5/5/177382.attach::CheckAllTraces
L 08/20/2020 - 06:14:49: [SM] Exception reported: Language phrase "Sprayed Name" not found (arg 6)
L 08/20/2020 - 06:14:49: [SM] Blaming: spraytracenomenu.smx
L 08/20/2020 - 06:14:49: [SM] Call stack trace:
L 08/20/2020 - 06:14:49: [SM]   [0] ShowSyncHudText
L 08/20/2020 - 06:14:49: [SM]   [1] Line 226, /home/forums/content/files/2/8/4/1/5/5/177382.attach::CheckAllTraces
L 08/20/2020 - 06:14:50: [SM] Exception reported: Language phrase "Sprayed Name" not found (arg 6)
L 08/20/2020 - 06:14:50: [SM] Blaming: spraytracenomenu.smx
L 08/20/2020 - 06:14:50: [SM] Call stack trace:
L 08/20/2020 - 06:14:50: [SM]   [0] ShowSyncHudText
L 08/20/2020 - 06:14:50: [SM]   [1] Line 226, /home/forums/content/files/2/8/4/1/5/5/177382.attach::CheckAllTraces
L 08/20/2020 - 06:14:51: [SM] Exception reported: Language phrase "Sprayed Name" not found (arg 6)
L 08/20/2020 - 06:14:51: [SM] Blaming: spraytracenomenu.smx
L 08/20/2020 - 06:14:51: [SM] Call stack trace:
L 08/20/2020 - 06:14:51: [SM]   [0] ShowSyncHudText
L 08/20/2020 - 06:14:51: [SM]   [1] Line 226, /home/forums/content/files/2/8/4/1/5/5/177382.attach::CheckAllTraces
L 08/20/2020 - 06:14:52: [SM] Exception reported: Language phrase "Sprayed Name" not found (arg 6)
L 08/20/2020 - 06:14:52: [SM] Blaming: spraytracenomenu.smx
L 08/20/2020 - 06:14:52: [SM] Call stack trace:
L 08/20/2020 - 06:14:52: [SM]   [0] ShowSyncHudText
L 08/20/2020 - 06:14:52: [SM]   [1] Line 226, /home/forums/content/files/2/8/4/1/5/5/177382.attach::CheckAllTraces
L 08/20/2020 - 06:14:53: [SM] Exception reported: Language phrase "Sprayed Name" not found (arg 6)
L 08/20/2020 - 06:14:53: [SM] Blaming: spraytracenomenu.smx
L 08/20/2020 - 06:14:53: [SM] Call stack trace:
L 08/20/2020 - 06:14:53: [SM]   [0] ShowSyncHudText
L 08/20/2020 - 06:14:53: [SM]   [1] Line 226, /home/forums/content/files/2/8/4/1/5/5/177382.attach::CheckAllTraces
L 08/20/2020 - 06:14:54: [SM] Exception reported: Language phrase "Sprayed Name" not found (arg 6)
L 08/20/2020 - 06:14:54: [SM] Blaming: spraytracenomenu.smx
L 08/20/2020 - 06:14:54: [SM] Call stack trace:
L 08/20/2020 - 06:14:54: [SM]   [0] ShowSyncHudText
L 08/20/2020 - 06:14:54: [SM]   [1] Line 226, /home/forums/content/files/2/8/4/1/5/5/177382.attach::CheckAllTraces
L 08/20/2020 - 06:14:55: [SM] Exception reported: Language phrase "Sprayed Name" not found (arg 6)
L 08/20/2020 - 06:14:55: [SM] Blaming: spraytracenomenu.smx
L 08/20/2020 - 06:14:55: [SM] Call stack trace:
L 08/20/2020 - 06:14:55: [SM]   [0] ShowSyncHudText
L 08/20/2020 - 06:14:55: [SM]   [1] Line 226, /home/forums/content/files/2/8/4/1/5/5/177382.attach::CheckAllTraces
L 08/20/2020 - 06:14:56: [SM] Exception reported: Language phrase "Sprayed Name" not found (arg 6)
L 08/20/2020 - 06:14:56: [SM] Blaming: spraytracenomenu.smx
L 08/20/2020 - 06:14:56: [SM] Call stack trace:
L 08/20/2020 - 06:14:56: [SM]   [0] ShowSyncHudText
L 08/20/2020 - 06:14:56: [SM]   [1] Line 226, /home/forums/content/files/2/8/4/1/5/5/177382.attach::CheckAllTraces
L 08/20/2020 - 06:14:57: [SM] Exception reported: Language phrase "Sprayed Name" not found (arg 6)
L 08/20/2020 - 06:14:57: [SM] Blaming: spraytracenomenu.smx
L 08/20/2020 - 06:14:57: [SM] Call stack trace:
L 08/20/2020 - 06:14:57: [SM]   [0] ShowSyncHudText
L 08/20/2020 - 06:14:57: [SM]   [1] Line 226, /home/forums/content/files/2/8/4/1/5/5/177382.attach::CheckAllTraces
L 08/20/2020 - 06:14:58: [SM] Exception reported: Language phrase "Sprayed Name" not found (arg 6)
L 08/20/2020 - 06:14:58: [SM] Blaming: spraytracenomenu.smx
L 08/20/2020 - 06:14:58: [SM] Call stack trace:
L 08/20/2020 - 06:14:58: [SM]   [0] ShowSyncHudText
L 08/20/2020 - 06:14:58: [SM]   [1] Line 226, /home/forums/content/files/2/8/4/1/5/5/177382.attach::CheckAllTraces
L 08/20/2020 - 06:14:59: [SM] Exception reported: Language phrase "Sprayed Name" not found (arg 6)
L 08/20/2020 - 06:14:59: [SM] Blaming: spraytracenomenu.smx
L 08/20/2020 - 06:14:59: [SM] Call stack trace:
L 08/20/2020 - 06:14:59: [SM]   [0] ShowSyncHudText
L 08/20/2020 - 06:14:59: [SM]   [1] Line 226, /home/forums/content/files/2/8/4/1/5/5/177382.attach::CheckAllTraces
L 08/20/2020 - 06:15:00: [SM] Exception reported: Language phrase "Sprayed Name" not found (arg 6)
L 08/20/2020 - 06:15:00: [SM] Blaming: spraytracenomenu.smx
L 08/20/2020 - 06:15:00: [SM] Call stack trace:
L 08/20/2020 - 06:15:00: [SM]   [0] ShowSyncHudText
L 08/20/2020 - 06:15:00: [SM]   [1] Line 226, /home/forums/content/files/2/8/4/1/5/5/177382.attach::CheckAllTraces
L 08/20/2020 - 06:15:01: [SM] Exception reported: Language phrase "Sprayed Name" not found (arg 6)
L 08/20/2020 - 06:15:01: [SM] Blaming: spraytracenomenu.smx
L 08/20/2020 - 06:15:01: [SM] Call stack trace:
L 08/20/2020 - 06:15:01: [SM]   [0] ShowSyncHudText
L 08/20/2020 - 06:15:01: [SM]   [1] Line 226, /home/forums/content/files/2/8/4/1/5/5/177382.attach::CheckAllTraces
L 08/20/2020 - 06:15:02: [SM] Exception reported: Language phrase "Sprayed Name" not found (arg 6)
L 08/20/2020 - 06:15:02: [SM] Blaming: spraytracenomenu.smx
L 08/20/2020 - 06:15:02: [SM] Call stack trace:
L 08/20/2020 - 06:15:02: [SM]   [0] ShowSyncHudText
L 08/20/2020 - 06:15:02: [SM]   [1] Line 226, /home/forums/content/files/2/8/4/1/5/5/177382.attach::CheckAllTraces
L 08/20/2020 - 06:15:03: [SM] Exception reported: Language phrase "Sprayed Name" not found (arg 6)
L 08/20/2020 - 06:15:03: [SM] Blaming: spraytracenomenu.smx
L 08/20/2020 - 06:15:03: [SM] Call stack trace:
L 08/20/2020 - 06:15:03: [SM]   [0] ShowSyncHudText
L 08/20/2020 - 06:15:03: [SM]   [1] Line 226, /home/forums/content/files/2/8/4/1/5/5/177382.attach::CheckAllTraces
L 08/20/2020 - 06:15:04: [SM] Exception reported: Language phrase "Sprayed Name" not found (arg 6)
L 08/20/2020 - 06:15:04: [SM] Blaming: spraytracenomenu.smx
L 08/20/2020 - 06:15:04: [SM] Call stack trace:
L 08/20/2020 - 06:15:04: [SM]   [0] ShowSyncHudText
L 08/20/2020 - 06:15:04: [SM]   [1] Line 226, /home/forums/content/files/2/8/4/1/5/5/177382.attach::CheckAllTraces
L 08/20/2020 - 06:15:05: [SM] Exception reported: Language phrase "Sprayed Name" not found (arg 6)
L 08/20/2020 - 06:15:05: [SM] Blaming: spraytracenomenu.smx
L 08/20/2020 - 06:15:05: [SM] Call stack trace:
L 08/20/2020 - 06:15:05: [SM]   [0] ShowSyncHudText
L 08/20/2020 - 06:15:05: [SM]   [1] Line 226, /home/forums/content/files/2/8/4/1/5/5/177382.attach::CheckAllTraces
L 08/20/2020 - 06:15:06: [SM] Exception reported: Language phrase "Sprayed Name" not found (arg 6)
L 08/20/2020 - 06:15:06: [SM] Blaming: spraytracenomenu.smx
L 08/20/2020 - 06:15:06: [SM] Call stack trace:
L 08/20/2020 - 06:15:06: [SM]   [0] ShowSyncHudText
L 08/20/2020 - 06:15:06: [SM]   [1] Line 226, /home/forums/content/files/2/8/4/1/5/5/177382.attach::CheckAllTraces
L 08/20/2020 - 06:15:07: [SM] Exception reported: Language phrase "Sprayed Name" not found (arg 6)
L 08/20/2020 - 06:15:07: [SM] Blaming: spraytracenomenu.smx
L 08/20/2020 - 06:15:07: [SM] Call stack trace:
L 08/20/2020 - 06:15:07: [SM]   [0] ShowSyncHudText
L 08/20/2020 - 06:15:07: [SM]   [1] Line 226, /home/forums/content/files/2/8/4/1/5/5/177382.attach::CheckAllTraces
L 08/20/2020 - 06:15:08: [SM] Exception reported: Language phrase "Sprayed Name" not found (arg 6)
L 08/20/2020 - 06:15:08: [SM] Blaming: spraytracenomenu.smx
L 08/20/2020 - 06:15:08: [SM] Call stack trace:
L 08/20/2020 - 06:15:08: [SM]   [0] ShowSyncHudText
L 08/20/2020 - 06:15:08: [SM]   [1] Line 226, /home/forums/content/files/2/8/4/1/5/5/177382.attach::CheckAllTraces
L 08/20/2020 - 06:15:09: [SM] Exception reported: Language phrase "Sprayed Name" not found (arg 6)
L 08/20/2020 - 06:15:09: [SM] Blaming: spraytracenomenu.smx
L 08/20/2020 - 06:15:09: [SM] Call stack trace:
L 08/20/2020 - 06:15:09: [SM]   [0] ShowSyncHudText
L 08/20/2020 - 06:15:09: [SM]   [1] Line 226, /home/forums/content/files/2/8/4/1/5/5/177382.attach::CheckAllTraces
L 08/20/2020 - 06:15:10: [SM] Exception reported: Language phrase "Sprayed Name" not found (arg 6)
L 08/20/2020 - 06:15:10: [SM] Blaming: spraytracenomenu.smx
L 08/20/2020 - 06:15:10: [SM] Call stack trace:
L 08/20/2020 - 06:15:10: [SM]   [0] ShowSyncHudText
L 08/20/2020 - 06:15:10: [SM]   [1] Line 226, /home/forums/content/files/2/8/4/1/5/5/177382.attach::CheckAllTraces
L 08/20/2020 - 06:15:11: Error log file session closed.
