L 01/07/2022 - 13:16:11: SourceMod error session started
L 01/07/2022 - 13:16:11: Info (map "workshop/koth_synthetic_rc6a.ugc1549817316") (file "/home/tf2server/hlserver/tf2/tf/addons/sourcemod/logs/errors_20220107.log")
L 01/07/2022 - 13:16:11: [SM] Failed to load plugin "tf2-comp-fixes.smx": Unable to load plugin (bad header).
L 01/07/2022 - 13:22:31: SourceMod error session started
L 01/07/2022 - 13:22:31: Info (map "koth_brazil") (file "/home/tf2server/hlserver/tf2/tf/addons/sourcemod/logs/errors_20220107.log")
L 01/07/2022 - 13:22:31: [SM] Failed to load plugin "tf2-comp-fixes.smx": Unable to load plugin (bad header).
L 01/07/2022 - 13:22:31: [tf2attributes.smx] Could not initialize call to CEconItem::SetCustomName
L 01/07/2022 - 13:22:31: SourceMod error session started
L 01/07/2022 - 13:22:31: Info (map "workshop/koth_harter_rc1.ugc2149817484") (file "/home/tf2server/hlserver/tf2/tf/addons/sourcemod/logs/errors_20220107.log")
L 01/07/2022 - 13:22:31: [SM] Failed to load plugin "tf2-comp-fixes.smx": Unable to load plugin (bad header).
L 01/07/2022 - 13:22:31: [tf2attributes.smx] Could not initialize call to CEconItem::SetCustomName
L 01/07/2022 - 13:42:34: [SM] Exception reported: String formatted incorrectly - parameter 4 (total 3)
L 01/07/2022 - 13:42:34: [SM] Blaming: admincheats.smx
L 01/07/2022 - 13:42:34: [SM] Call stack trace:
L 01/07/2022 - 13:42:34: [SM]   [0] PrintToConsole
L 01/07/2022 - 13:42:34: [SM]   [1] Line 75, /home/forums/content/files/7/2/34150.attach::cheatcommand
L 01/07/2022 - 13:42:36: [SM] Exception reported: String formatted incorrectly - parameter 4 (total 3)
L 01/07/2022 - 13:42:36: [SM] Blaming: admincheats.smx
L 01/07/2022 - 13:42:36: [SM] Call stack trace:
L 01/07/2022 - 13:42:36: [SM]   [0] PrintToConsole
L 01/07/2022 - 13:42:36: [SM]   [1] Line 75, /home/forums/content/files/7/2/34150.attach::cheatcommand
L 01/07/2022 - 13:42:38: [SM] Exception reported: String formatted incorrectly - parameter 4 (total 3)
L 01/07/2022 - 13:42:38: [SM] Blaming: admincheats.smx
L 01/07/2022 - 13:42:38: [SM] Call stack trace:
L 01/07/2022 - 13:42:38: [SM]   [0] PrintToConsole
L 01/07/2022 - 13:42:38: [SM]   [1] Line 75, /home/forums/content/files/7/2/34150.attach::cheatcommand
L 01/07/2022 - 13:42:39: [SM] Exception reported: String formatted incorrectly - parameter 4 (total 3)
L 01/07/2022 - 13:42:39: [SM] Blaming: admincheats.smx
L 01/07/2022 - 13:42:39: [SM] Call stack trace:
L 01/07/2022 - 13:42:39: [SM]   [0] PrintToConsole
L 01/07/2022 - 13:42:39: [SM]   [1] Line 75, /home/forums/content/files/7/2/34150.attach::cheatcommand
L 01/07/2022 - 13:42:39: [SM] Exception reported: String formatted incorrectly - parameter 4 (total 3)
L 01/07/2022 - 13:42:39: [SM] Blaming: admincheats.smx
L 01/07/2022 - 13:42:39: [SM] Call stack trace:
L 01/07/2022 - 13:42:39: [SM]   [0] PrintToConsole
L 01/07/2022 - 13:42:39: [SM]   [1] Line 75, /home/forums/content/files/7/2/34150.attach::cheatcommand
L 01/07/2022 - 13:42:49: Error log file session closed.
L 01/07/2022 - 13:42:50: SourceMod error session started
L 01/07/2022 - 13:42:50: Info (map "koth_brazil") (file "/home/tf2server/hlserver/tf2/tf/addons/sourcemod/logs/errors_20220107.log")
L 01/07/2022 - 13:42:50: [SM] Failed to load plugin "tf2-comp-fixes.smx": Unable to load plugin (bad header).
L 01/07/2022 - 13:48:09: Error log file session closed.
L 01/07/2022 - 13:48:09: SourceMod error session started
L 01/07/2022 - 13:48:09: Info (map "workshop/koth_harter_rc1.ugc2149817484") (file "/home/tf2server/hlserver/tf2/tf/addons/sourcemod/logs/errors_20220107.log")
L 01/07/2022 - 13:48:09: [SM] Failed to load plugin "tf2-comp-fixes.smx": Unable to load plugin (bad header).
L 01/07/2022 - 19:08:32: SourceMod error session started
L 01/07/2022 - 19:08:32: Info (map "cp_altitude") (file "/home/tf2server/hlserver/tf2/tf/addons/sourcemod/logs/errors_20220107.log")
L 01/07/2022 - 19:08:32: [SM] Failed to load plugin "tf2-comp-fixes.smx": Unable to load plugin (bad header).
L 01/07/2022 - 19:08:32: [tf2attributes.smx] Could not initialize call to CEconItem::SetCustomName
L 01/07/2022 - 19:08:32: SourceMod error session started
L 01/07/2022 - 19:08:32: Info (map "pl_midwest_b51") (file "/home/tf2server/hlserver/tf2/tf/addons/sourcemod/logs/errors_20220107.log")
L 01/07/2022 - 19:08:32: [SM] Failed to load plugin "tf2-comp-fixes.smx": Unable to load plugin (bad header).
L 01/07/2022 - 19:08:32: [tf2attributes.smx] Could not initialize call to CEconItem::SetCustomName
L 01/08/2022 - 00:44:14: Error log file session closed.
