L 07/03/2020 - 06:19:12: SourceMod error session started
L 07/03/2020 - 06:19:12: Info (map "pl_upward") (file "/hlserver/tf2/tf/addons/sourcemod/logs/errors_20200703.log")
L 07/03/2020 - 06:19:12: [SM] Exception reported: String formatted incorrectly - parameter 4 (total 3)
L 07/03/2020 - 06:19:12: [SM] Blaming: admincheats.smx
L 07/03/2020 - 06:19:12: [SM] Call stack trace:
L 07/03/2020 - 06:19:12: [SM]   [0] PrintToConsole
L 07/03/2020 - 06:19:12: [SM]   [1] Line 75, /home/forums/content/files/7/2/34150.attach::cheatcommand
L 07/03/2020 - 06:19:12: [SM] Exception reported: String formatted incorrectly - parameter 4 (total 3)
L 07/03/2020 - 06:19:12: [SM] Blaming: admincheats.smx
L 07/03/2020 - 06:19:12: [SM] Call stack trace:
L 07/03/2020 - 06:19:12: [SM]   [0] PrintToConsole
L 07/03/2020 - 06:19:12: [SM]   [1] Line 75, /home/forums/content/files/7/2/34150.attach::cheatcommand
L 07/03/2020 - 06:19:13: [SM] Exception reported: String formatted incorrectly - parameter 4 (total 3)
L 07/03/2020 - 06:19:13: [SM] Blaming: admincheats.smx
L 07/03/2020 - 06:19:13: [SM] Call stack trace:
L 07/03/2020 - 06:19:13: [SM]   [0] PrintToConsole
L 07/03/2020 - 06:19:13: [SM]   [1] Line 75, /home/forums/content/files/7/2/34150.attach::cheatcommand
L 07/03/2020 - 06:19:13: [SM] Exception reported: String formatted incorrectly - parameter 4 (total 3)
L 07/03/2020 - 06:19:13: [SM] Blaming: admincheats.smx
L 07/03/2020 - 06:19:13: [SM] Call stack trace:
L 07/03/2020 - 06:19:13: [SM]   [0] PrintToConsole
L 07/03/2020 - 06:19:13: [SM]   [1] Line 75, /home/forums/content/files/7/2/34150.attach::cheatcommand
L 07/03/2020 - 06:19:18: [SM] Exception reported: String formatted incorrectly - parameter 4 (total 3)
L 07/03/2020 - 06:19:18: [SM] Blaming: admincheats.smx
L 07/03/2020 - 06:19:18: [SM] Call stack trace:
L 07/03/2020 - 06:19:18: [SM]   [0] PrintToConsole
L 07/03/2020 - 06:19:18: [SM]   [1] Line 75, /home/forums/content/files/7/2/34150.attach::cheatcommand
L 07/03/2020 - 06:19:18: [SM] Exception reported: String formatted incorrectly - parameter 4 (total 3)
L 07/03/2020 - 06:19:18: [SM] Blaming: admincheats.smx
L 07/03/2020 - 06:19:18: [SM] Call stack trace:
L 07/03/2020 - 06:19:18: [SM]   [0] PrintToConsole
L 07/03/2020 - 06:19:18: [SM]   [1] Line 75, /home/forums/content/files/7/2/34150.attach::cheatcommand
L 07/03/2020 - 06:19:18: [SM] Exception reported: String formatted incorrectly - parameter 4 (total 3)
L 07/03/2020 - 06:19:18: [SM] Blaming: admincheats.smx
L 07/03/2020 - 06:19:18: [SM] Call stack trace:
L 07/03/2020 - 06:19:18: [SM]   [0] PrintToConsole
L 07/03/2020 - 06:19:18: [SM]   [1] Line 75, /home/forums/content/files/7/2/34150.attach::cheatcommand
L 07/03/2020 - 06:19:19: [SM] Exception reported: String formatted incorrectly - parameter 4 (total 3)
L 07/03/2020 - 06:19:19: [SM] Blaming: admincheats.smx
L 07/03/2020 - 06:19:19: [SM] Call stack trace:
L 07/03/2020 - 06:19:19: [SM]   [0] PrintToConsole
L 07/03/2020 - 06:19:19: [SM]   [1] Line 75, /home/forums/content/files/7/2/34150.attach::cheatcommand
L 07/03/2020 - 06:19:19: [SM] Exception reported: String formatted incorrectly - parameter 4 (total 3)
L 07/03/2020 - 06:19:19: [SM] Blaming: admincheats.smx
L 07/03/2020 - 06:19:19: [SM] Call stack trace:
L 07/03/2020 - 06:19:19: [SM]   [0] PrintToConsole
L 07/03/2020 - 06:19:19: [SM]   [1] Line 75, /home/forums/content/files/7/2/34150.attach::cheatcommand
L 07/03/2020 - 06:19:19: [SM] Exception reported: String formatted incorrectly - parameter 4 (total 3)
L 07/03/2020 - 06:19:19: [SM] Blaming: admincheats.smx
L 07/03/2020 - 06:19:19: [SM] Call stack trace:
L 07/03/2020 - 06:19:19: [SM]   [0] PrintToConsole
L 07/03/2020 - 06:19:19: [SM]   [1] Line 75, /home/forums/content/files/7/2/34150.attach::cheatcommand
L 07/03/2020 - 06:19:19: [SM] Exception reported: String formatted incorrectly - parameter 4 (total 3)
L 07/03/2020 - 06:19:19: [SM] Blaming: admincheats.smx
L 07/03/2020 - 06:19:19: [SM] Call stack trace:
L 07/03/2020 - 06:19:19: [SM]   [0] PrintToConsole
L 07/03/2020 - 06:19:19: [SM]   [1] Line 75, /home/forums/content/files/7/2/34150.attach::cheatcommand
L 07/03/2020 - 06:19:19: [SM] Exception reported: String formatted incorrectly - parameter 4 (total 3)
L 07/03/2020 - 06:19:19: [SM] Blaming: admincheats.smx
L 07/03/2020 - 06:19:19: [SM] Call stack trace:
L 07/03/2020 - 06:19:19: [SM]   [0] PrintToConsole
L 07/03/2020 - 06:19:19: [SM]   [1] Line 75, /home/forums/content/files/7/2/34150.attach::cheatcommand
L 07/03/2020 - 06:19:20: [SM] Exception reported: String formatted incorrectly - parameter 4 (total 3)
L 07/03/2020 - 06:19:20: [SM] Blaming: admincheats.smx
L 07/03/2020 - 06:19:20: [SM] Call stack trace:
L 07/03/2020 - 06:19:20: [SM]   [0] PrintToConsole
L 07/03/2020 - 06:19:20: [SM]   [1] Line 75, /home/forums/content/files/7/2/34150.attach::cheatcommand
L 07/03/2020 - 06:19:20: [SM] Exception reported: String formatted incorrectly - parameter 4 (total 3)
L 07/03/2020 - 06:19:20: [SM] Blaming: admincheats.smx
L 07/03/2020 - 06:19:20: [SM] Call stack trace:
L 07/03/2020 - 06:19:20: [SM]   [0] PrintToConsole
L 07/03/2020 - 06:19:20: [SM]   [1] Line 75, /home/forums/content/files/7/2/34150.attach::cheatcommand
L 07/03/2020 - 06:19:20: [SM] Exception reported: String formatted incorrectly - parameter 4 (total 3)
L 07/03/2020 - 06:19:20: [SM] Blaming: admincheats.smx
L 07/03/2020 - 06:19:20: [SM] Call stack trace:
L 07/03/2020 - 06:19:20: [SM]   [0] PrintToConsole
L 07/03/2020 - 06:19:20: [SM]   [1] Line 75, /home/forums/content/files/7/2/34150.attach::cheatcommand
L 07/03/2020 - 06:19:21: [SM] Exception reported: String formatted incorrectly - parameter 4 (total 3)
L 07/03/2020 - 06:19:21: [SM] Blaming: admincheats.smx
L 07/03/2020 - 06:19:21: [SM] Call stack trace:
L 07/03/2020 - 06:19:21: [SM]   [0] PrintToConsole
L 07/03/2020 - 06:19:21: [SM]   [1] Line 75, /home/forums/content/files/7/2/34150.attach::cheatcommand
L 07/03/2020 - 06:19:21: [SM] Exception reported: String formatted incorrectly - parameter 4 (total 3)
L 07/03/2020 - 06:19:21: [SM] Blaming: admincheats.smx
L 07/03/2020 - 06:19:21: [SM] Call stack trace:
L 07/03/2020 - 06:19:21: [SM]   [0] PrintToConsole
L 07/03/2020 - 06:19:21: [SM]   [1] Line 75, /home/forums/content/files/7/2/34150.attach::cheatcommand
L 07/03/2020 - 06:19:21: [SM] Exception reported: String formatted incorrectly - parameter 4 (total 3)
L 07/03/2020 - 06:19:21: [SM] Blaming: admincheats.smx
L 07/03/2020 - 06:19:21: [SM] Call stack trace:
L 07/03/2020 - 06:19:21: [SM]   [0] PrintToConsole
L 07/03/2020 - 06:19:21: [SM]   [1] Line 75, /home/forums/content/files/7/2/34150.attach::cheatcommand
L 07/03/2020 - 06:19:21: [SM] Exception reported: String formatted incorrectly - parameter 4 (total 3)
L 07/03/2020 - 06:19:21: [SM] Blaming: admincheats.smx
L 07/03/2020 - 06:19:21: [SM] Call stack trace:
L 07/03/2020 - 06:19:21: [SM]   [0] PrintToConsole
L 07/03/2020 - 06:19:21: [SM]   [1] Line 75, /home/forums/content/files/7/2/34150.attach::cheatcommand
L 07/03/2020 - 06:19:21: [SM] Exception reported: String formatted incorrectly - parameter 4 (total 3)
L 07/03/2020 - 06:19:21: [SM] Blaming: admincheats.smx
L 07/03/2020 - 06:19:21: [SM] Call stack trace:
L 07/03/2020 - 06:19:21: [SM]   [0] PrintToConsole
L 07/03/2020 - 06:19:21: [SM]   [1] Line 75, /home/forums/content/files/7/2/34150.attach::cheatcommand
L 07/03/2020 - 06:19:22: [SM] Exception reported: String formatted incorrectly - parameter 4 (total 3)
L 07/03/2020 - 06:19:22: [SM] Blaming: admincheats.smx
L 07/03/2020 - 06:19:22: [SM] Call stack trace:
L 07/03/2020 - 06:19:22: [SM]   [0] PrintToConsole
L 07/03/2020 - 06:19:22: [SM]   [1] Line 75, /home/forums/content/files/7/2/34150.attach::cheatcommand
L 07/03/2020 - 06:19:22: [SM] Exception reported: String formatted incorrectly - parameter 4 (total 3)
L 07/03/2020 - 06:19:22: [SM] Blaming: admincheats.smx
L 07/03/2020 - 06:19:22: [SM] Call stack trace:
L 07/03/2020 - 06:19:22: [SM]   [0] PrintToConsole
L 07/03/2020 - 06:19:22: [SM]   [1] Line 75, /home/forums/content/files/7/2/34150.attach::cheatcommand
L 07/03/2020 - 06:19:22: [SM] Exception reported: String formatted incorrectly - parameter 4 (total 3)
L 07/03/2020 - 06:19:22: [SM] Blaming: admincheats.smx
L 07/03/2020 - 06:19:22: [SM] Call stack trace:
L 07/03/2020 - 06:19:22: [SM]   [0] PrintToConsole
L 07/03/2020 - 06:19:22: [SM]   [1] Line 75, /home/forums/content/files/7/2/34150.attach::cheatcommand
L 07/03/2020 - 06:19:22: [SM] Exception reported: String formatted incorrectly - parameter 4 (total 3)
L 07/03/2020 - 06:19:22: [SM] Blaming: admincheats.smx
L 07/03/2020 - 06:19:22: [SM] Call stack trace:
L 07/03/2020 - 06:19:22: [SM]   [0] PrintToConsole
L 07/03/2020 - 06:19:22: [SM]   [1] Line 75, /home/forums/content/files/7/2/34150.attach::cheatcommand
L 07/03/2020 - 06:19:22: [SM] Exception reported: String formatted incorrectly - parameter 4 (total 3)
L 07/03/2020 - 06:19:22: [SM] Blaming: admincheats.smx
L 07/03/2020 - 06:19:22: [SM] Call stack trace:
L 07/03/2020 - 06:19:22: [SM]   [0] PrintToConsole
L 07/03/2020 - 06:19:22: [SM]   [1] Line 75, /home/forums/content/files/7/2/34150.attach::cheatcommand
L 07/03/2020 - 06:19:23: [SM] Exception reported: String formatted incorrectly - parameter 4 (total 3)
L 07/03/2020 - 06:19:23: [SM] Blaming: admincheats.smx
L 07/03/2020 - 06:19:23: [SM] Call stack trace:
L 07/03/2020 - 06:19:23: [SM]   [0] PrintToConsole
L 07/03/2020 - 06:19:23: [SM]   [1] Line 75, /home/forums/content/files/7/2/34150.attach::cheatcommand
L 07/03/2020 - 06:19:23: [SM] Exception reported: String formatted incorrectly - parameter 4 (total 3)
L 07/03/2020 - 06:19:23: [SM] Blaming: admincheats.smx
L 07/03/2020 - 06:19:23: [SM] Call stack trace:
L 07/03/2020 - 06:19:23: [SM]   [0] PrintToConsole
L 07/03/2020 - 06:19:23: [SM]   [1] Line 75, /home/forums/content/files/7/2/34150.attach::cheatcommand
L 07/03/2020 - 06:19:23: [SM] Exception reported: String formatted incorrectly - parameter 4 (total 3)
L 07/03/2020 - 06:19:23: [SM] Blaming: admincheats.smx
L 07/03/2020 - 06:19:23: [SM] Call stack trace:
L 07/03/2020 - 06:19:23: [SM]   [0] PrintToConsole
L 07/03/2020 - 06:19:23: [SM]   [1] Line 75, /home/forums/content/files/7/2/34150.attach::cheatcommand
L 07/03/2020 - 06:19:23: [SM] Exception reported: String formatted incorrectly - parameter 4 (total 3)
L 07/03/2020 - 06:19:23: [SM] Blaming: admincheats.smx
L 07/03/2020 - 06:19:23: [SM] Call stack trace:
L 07/03/2020 - 06:19:23: [SM]   [0] PrintToConsole
L 07/03/2020 - 06:19:23: [SM]   [1] Line 75, /home/forums/content/files/7/2/34150.attach::cheatcommand
L 07/03/2020 - 06:19:23: [SM] Exception reported: String formatted incorrectly - parameter 4 (total 3)
L 07/03/2020 - 06:19:23: [SM] Blaming: admincheats.smx
L 07/03/2020 - 06:19:23: [SM] Call stack trace:
L 07/03/2020 - 06:19:23: [SM]   [0] PrintToConsole
L 07/03/2020 - 06:19:23: [SM]   [1] Line 75, /home/forums/content/files/7/2/34150.attach::cheatcommand
L 07/03/2020 - 06:19:23: [SM] Exception reported: String formatted incorrectly - parameter 4 (total 3)
L 07/03/2020 - 06:19:23: [SM] Blaming: admincheats.smx
L 07/03/2020 - 06:19:23: [SM] Call stack trace:
L 07/03/2020 - 06:19:23: [SM]   [0] PrintToConsole
L 07/03/2020 - 06:19:23: [SM]   [1] Line 75, /home/forums/content/files/7/2/34150.attach::cheatcommand
L 07/03/2020 - 06:19:24: [SM] Exception reported: String formatted incorrectly - parameter 4 (total 3)
L 07/03/2020 - 06:19:24: [SM] Blaming: admincheats.smx
L 07/03/2020 - 06:19:24: [SM] Call stack trace:
L 07/03/2020 - 06:19:24: [SM]   [0] PrintToConsole
L 07/03/2020 - 06:19:24: [SM]   [1] Line 75, /home/forums/content/files/7/2/34150.attach::cheatcommand
L 07/03/2020 - 06:19:24: [SM] Exception reported: String formatted incorrectly - parameter 4 (total 3)
L 07/03/2020 - 06:19:24: [SM] Blaming: admincheats.smx
L 07/03/2020 - 06:19:24: [SM] Call stack trace:
L 07/03/2020 - 06:19:24: [SM]   [0] PrintToConsole
L 07/03/2020 - 06:19:24: [SM]   [1] Line 75, /home/forums/content/files/7/2/34150.attach::cheatcommand
L 07/03/2020 - 06:19:24: [SM] Exception reported: String formatted incorrectly - parameter 4 (total 3)
L 07/03/2020 - 06:19:24: [SM] Blaming: admincheats.smx
L 07/03/2020 - 06:19:24: [SM] Call stack trace:
L 07/03/2020 - 06:19:24: [SM]   [0] PrintToConsole
L 07/03/2020 - 06:19:24: [SM]   [1] Line 75, /home/forums/content/files/7/2/34150.attach::cheatcommand
L 07/03/2020 - 06:19:25: [SM] Exception reported: String formatted incorrectly - parameter 4 (total 3)
L 07/03/2020 - 06:19:25: [SM] Blaming: admincheats.smx
L 07/03/2020 - 06:19:25: [SM] Call stack trace:
L 07/03/2020 - 06:19:25: [SM]   [0] PrintToConsole
L 07/03/2020 - 06:19:25: [SM]   [1] Line 75, /home/forums/content/files/7/2/34150.attach::cheatcommand
L 07/03/2020 - 06:19:25: [SM] Exception reported: String formatted incorrectly - parameter 4 (total 3)
L 07/03/2020 - 06:19:25: [SM] Blaming: admincheats.smx
L 07/03/2020 - 06:19:25: [SM] Call stack trace:
L 07/03/2020 - 06:19:25: [SM]   [0] PrintToConsole
L 07/03/2020 - 06:19:25: [SM]   [1] Line 75, /home/forums/content/files/7/2/34150.attach::cheatcommand
L 07/03/2020 - 06:19:25: [SM] Exception reported: String formatted incorrectly - parameter 4 (total 3)
L 07/03/2020 - 06:19:25: [SM] Blaming: admincheats.smx
L 07/03/2020 - 06:19:25: [SM] Call stack trace:
L 07/03/2020 - 06:19:25: [SM]   [0] PrintToConsole
L 07/03/2020 - 06:19:25: [SM]   [1] Line 75, /home/forums/content/files/7/2/34150.attach::cheatcommand
L 07/03/2020 - 06:19:25: [SM] Exception reported: String formatted incorrectly - parameter 4 (total 3)
L 07/03/2020 - 06:19:25: [SM] Blaming: admincheats.smx
L 07/03/2020 - 06:19:25: [SM] Call stack trace:
L 07/03/2020 - 06:19:25: [SM]   [0] PrintToConsole
L 07/03/2020 - 06:19:25: [SM]   [1] Line 75, /home/forums/content/files/7/2/34150.attach::cheatcommand
L 07/03/2020 - 06:19:25: [SM] Exception reported: String formatted incorrectly - parameter 4 (total 3)
L 07/03/2020 - 06:19:25: [SM] Blaming: admincheats.smx
L 07/03/2020 - 06:19:25: [SM] Call stack trace:
L 07/03/2020 - 06:19:25: [SM]   [0] PrintToConsole
L 07/03/2020 - 06:19:25: [SM]   [1] Line 75, /home/forums/content/files/7/2/34150.attach::cheatcommand
L 07/03/2020 - 06:19:26: [SM] Exception reported: String formatted incorrectly - parameter 4 (total 3)
L 07/03/2020 - 06:19:26: [SM] Blaming: admincheats.smx
L 07/03/2020 - 06:19:26: [SM] Call stack trace:
L 07/03/2020 - 06:19:26: [SM]   [0] PrintToConsole
L 07/03/2020 - 06:19:26: [SM]   [1] Line 75, /home/forums/content/files/7/2/34150.attach::cheatcommand
L 07/03/2020 - 06:19:26: [SM] Exception reported: String formatted incorrectly - parameter 4 (total 3)
L 07/03/2020 - 06:19:26: [SM] Blaming: admincheats.smx
L 07/03/2020 - 06:19:26: [SM] Call stack trace:
L 07/03/2020 - 06:19:26: [SM]   [0] PrintToConsole
L 07/03/2020 - 06:19:26: [SM]   [1] Line 75, /home/forums/content/files/7/2/34150.attach::cheatcommand
L 07/03/2020 - 06:19:26: [SM] Exception reported: String formatted incorrectly - parameter 4 (total 3)
L 07/03/2020 - 06:19:26: [SM] Blaming: admincheats.smx
L 07/03/2020 - 06:19:26: [SM] Call stack trace:
L 07/03/2020 - 06:19:26: [SM]   [0] PrintToConsole
L 07/03/2020 - 06:19:26: [SM]   [1] Line 75, /home/forums/content/files/7/2/34150.attach::cheatcommand
L 07/03/2020 - 06:19:26: [SM] Exception reported: String formatted incorrectly - parameter 4 (total 3)
L 07/03/2020 - 06:19:26: [SM] Blaming: admincheats.smx
L 07/03/2020 - 06:19:26: [SM] Call stack trace:
L 07/03/2020 - 06:19:26: [SM]   [0] PrintToConsole
L 07/03/2020 - 06:19:26: [SM]   [1] Line 75, /home/forums/content/files/7/2/34150.attach::cheatcommand
L 07/03/2020 - 06:19:27: [SM] Exception reported: String formatted incorrectly - parameter 4 (total 3)
L 07/03/2020 - 06:19:27: [SM] Blaming: admincheats.smx
L 07/03/2020 - 06:19:27: [SM] Call stack trace:
L 07/03/2020 - 06:19:27: [SM]   [0] PrintToConsole
L 07/03/2020 - 06:19:27: [SM]   [1] Line 75, /home/forums/content/files/7/2/34150.attach::cheatcommand
L 07/03/2020 - 06:19:27: [SM] Exception reported: String formatted incorrectly - parameter 4 (total 3)
L 07/03/2020 - 06:19:27: [SM] Blaming: admincheats.smx
L 07/03/2020 - 06:19:27: [SM] Call stack trace:
L 07/03/2020 - 06:19:27: [SM]   [0] PrintToConsole
L 07/03/2020 - 06:19:27: [SM]   [1] Line 75, /home/forums/content/files/7/2/34150.attach::cheatcommand
L 07/03/2020 - 06:19:27: [SM] Exception reported: String formatted incorrectly - parameter 4 (total 3)
L 07/03/2020 - 06:19:27: [SM] Blaming: admincheats.smx
L 07/03/2020 - 06:19:27: [SM] Call stack trace:
L 07/03/2020 - 06:19:27: [SM]   [0] PrintToConsole
L 07/03/2020 - 06:19:27: [SM]   [1] Line 75, /home/forums/content/files/7/2/34150.attach::cheatcommand
L 07/03/2020 - 06:19:27: [SM] Exception reported: String formatted incorrectly - parameter 4 (total 3)
L 07/03/2020 - 06:19:27: [SM] Blaming: admincheats.smx
L 07/03/2020 - 06:19:27: [SM] Call stack trace:
L 07/03/2020 - 06:19:27: [SM]   [0] PrintToConsole
L 07/03/2020 - 06:19:27: [SM]   [1] Line 75, /home/forums/content/files/7/2/34150.attach::cheatcommand
L 07/03/2020 - 06:19:28: [SM] Exception reported: String formatted incorrectly - parameter 4 (total 3)
L 07/03/2020 - 06:19:28: [SM] Blaming: admincheats.smx
L 07/03/2020 - 06:19:28: [SM] Call stack trace:
L 07/03/2020 - 06:19:28: [SM]   [0] PrintToConsole
L 07/03/2020 - 06:19:28: [SM]   [1] Line 75, /home/forums/content/files/7/2/34150.attach::cheatcommand
L 07/03/2020 - 06:19:28: [SM] Exception reported: String formatted incorrectly - parameter 4 (total 3)
L 07/03/2020 - 06:19:28: [SM] Blaming: admincheats.smx
L 07/03/2020 - 06:19:28: [SM] Call stack trace:
L 07/03/2020 - 06:19:28: [SM]   [0] PrintToConsole
L 07/03/2020 - 06:19:28: [SM]   [1] Line 75, /home/forums/content/files/7/2/34150.attach::cheatcommand
L 07/03/2020 - 06:19:29: [SM] Exception reported: String formatted incorrectly - parameter 4 (total 3)
L 07/03/2020 - 06:19:29: [SM] Blaming: admincheats.smx
L 07/03/2020 - 06:19:29: [SM] Call stack trace:
L 07/03/2020 - 06:19:29: [SM]   [0] PrintToConsole
L 07/03/2020 - 06:19:29: [SM]   [1] Line 75, /home/forums/content/files/7/2/34150.attach::cheatcommand
L 07/03/2020 - 06:19:29: [SM] Exception reported: String formatted incorrectly - parameter 4 (total 3)
L 07/03/2020 - 06:19:29: [SM] Blaming: admincheats.smx
L 07/03/2020 - 06:19:29: [SM] Call stack trace:
L 07/03/2020 - 06:19:29: [SM]   [0] PrintToConsole
L 07/03/2020 - 06:19:29: [SM]   [1] Line 75, /home/forums/content/files/7/2/34150.attach::cheatcommand
L 07/03/2020 - 06:19:29: [SM] Exception reported: String formatted incorrectly - parameter 4 (total 3)
L 07/03/2020 - 06:19:29: [SM] Blaming: admincheats.smx
L 07/03/2020 - 06:19:29: [SM] Call stack trace:
L 07/03/2020 - 06:19:29: [SM]   [0] PrintToConsole
L 07/03/2020 - 06:19:29: [SM]   [1] Line 75, /home/forums/content/files/7/2/34150.attach::cheatcommand
L 07/03/2020 - 06:19:29: [SM] Exception reported: String formatted incorrectly - parameter 4 (total 3)
L 07/03/2020 - 06:19:29: [SM] Blaming: admincheats.smx
L 07/03/2020 - 06:19:29: [SM] Call stack trace:
L 07/03/2020 - 06:19:29: [SM]   [0] PrintToConsole
L 07/03/2020 - 06:19:29: [SM]   [1] Line 75, /home/forums/content/files/7/2/34150.attach::cheatcommand
L 07/03/2020 - 06:19:30: [SM] Exception reported: String formatted incorrectly - parameter 4 (total 3)
L 07/03/2020 - 06:19:30: [SM] Blaming: admincheats.smx
L 07/03/2020 - 06:19:30: [SM] Call stack trace:
L 07/03/2020 - 06:19:30: [SM]   [0] PrintToConsole
L 07/03/2020 - 06:19:30: [SM]   [1] Line 75, /home/forums/content/files/7/2/34150.attach::cheatcommand
L 07/03/2020 - 06:19:30: [SM] Exception reported: String formatted incorrectly - parameter 4 (total 3)
L 07/03/2020 - 06:19:30: [SM] Blaming: admincheats.smx
L 07/03/2020 - 06:19:30: [SM] Call stack trace:
L 07/03/2020 - 06:19:30: [SM]   [0] PrintToConsole
L 07/03/2020 - 06:19:30: [SM]   [1] Line 75, /home/forums/content/files/7/2/34150.attach::cheatcommand
L 07/03/2020 - 06:19:30: [SM] Exception reported: String formatted incorrectly - parameter 4 (total 3)
L 07/03/2020 - 06:19:30: [SM] Blaming: admincheats.smx
L 07/03/2020 - 06:19:30: [SM] Call stack trace:
L 07/03/2020 - 06:19:30: [SM]   [0] PrintToConsole
L 07/03/2020 - 06:19:30: [SM]   [1] Line 75, /home/forums/content/files/7/2/34150.attach::cheatcommand
L 07/03/2020 - 06:19:30: [SM] Exception reported: String formatted incorrectly - parameter 4 (total 3)
L 07/03/2020 - 06:19:30: [SM] Blaming: admincheats.smx
L 07/03/2020 - 06:19:30: [SM] Call stack trace:
L 07/03/2020 - 06:19:30: [SM]   [0] PrintToConsole
L 07/03/2020 - 06:19:30: [SM]   [1] Line 75, /home/forums/content/files/7/2/34150.attach::cheatcommand
L 07/03/2020 - 06:19:30: [SM] Exception reported: String formatted incorrectly - parameter 4 (total 3)
L 07/03/2020 - 06:19:30: [SM] Blaming: admincheats.smx
L 07/03/2020 - 06:19:30: [SM] Call stack trace:
L 07/03/2020 - 06:19:30: [SM]   [0] PrintToConsole
L 07/03/2020 - 06:19:30: [SM]   [1] Line 75, /home/forums/content/files/7/2/34150.attach::cheatcommand
L 07/03/2020 - 06:19:31: [SM] Exception reported: String formatted incorrectly - parameter 4 (total 3)
L 07/03/2020 - 06:19:31: [SM] Blaming: admincheats.smx
L 07/03/2020 - 06:19:31: [SM] Call stack trace:
L 07/03/2020 - 06:19:31: [SM]   [0] PrintToConsole
L 07/03/2020 - 06:19:31: [SM]   [1] Line 75, /home/forums/content/files/7/2/34150.attach::cheatcommand
L 07/03/2020 - 06:19:31: [SM] Exception reported: String formatted incorrectly - parameter 4 (total 3)
L 07/03/2020 - 06:19:31: [SM] Blaming: admincheats.smx
L 07/03/2020 - 06:19:31: [SM] Call stack trace:
L 07/03/2020 - 06:19:31: [SM]   [0] PrintToConsole
L 07/03/2020 - 06:19:31: [SM]   [1] Line 75, /home/forums/content/files/7/2/34150.attach::cheatcommand
L 07/03/2020 - 06:19:31: [SM] Exception reported: String formatted incorrectly - parameter 4 (total 3)
L 07/03/2020 - 06:19:31: [SM] Blaming: admincheats.smx
L 07/03/2020 - 06:19:31: [SM] Call stack trace:
L 07/03/2020 - 06:19:31: [SM]   [0] PrintToConsole
L 07/03/2020 - 06:19:31: [SM]   [1] Line 75, /home/forums/content/files/7/2/34150.attach::cheatcommand
L 07/03/2020 - 06:19:31: [SM] Exception reported: String formatted incorrectly - parameter 4 (total 3)
L 07/03/2020 - 06:19:31: [SM] Blaming: admincheats.smx
L 07/03/2020 - 06:19:31: [SM] Call stack trace:
L 07/03/2020 - 06:19:31: [SM]   [0] PrintToConsole
L 07/03/2020 - 06:19:31: [SM]   [1] Line 75, /home/forums/content/files/7/2/34150.attach::cheatcommand
L 07/03/2020 - 06:19:31: [SM] Exception reported: String formatted incorrectly - parameter 4 (total 3)
L 07/03/2020 - 06:19:31: [SM] Blaming: admincheats.smx
L 07/03/2020 - 06:19:31: [SM] Call stack trace:
L 07/03/2020 - 06:19:31: [SM]   [0] PrintToConsole
L 07/03/2020 - 06:19:31: [SM]   [1] Line 75, /home/forums/content/files/7/2/34150.attach::cheatcommand
L 07/03/2020 - 06:19:32: [SM] Exception reported: String formatted incorrectly - parameter 4 (total 3)
L 07/03/2020 - 06:19:32: [SM] Blaming: admincheats.smx
L 07/03/2020 - 06:19:32: [SM] Call stack trace:
L 07/03/2020 - 06:19:32: [SM]   [0] PrintToConsole
L 07/03/2020 - 06:19:32: [SM]   [1] Line 75, /home/forums/content/files/7/2/34150.attach::cheatcommand
L 07/03/2020 - 06:19:32: [SM] Exception reported: String formatted incorrectly - parameter 4 (total 3)
L 07/03/2020 - 06:19:32: [SM] Blaming: admincheats.smx
L 07/03/2020 - 06:19:32: [SM] Call stack trace:
L 07/03/2020 - 06:19:32: [SM]   [0] PrintToConsole
L 07/03/2020 - 06:19:32: [SM]   [1] Line 75, /home/forums/content/files/7/2/34150.attach::cheatcommand
L 07/03/2020 - 06:19:33: [SM] Exception reported: String formatted incorrectly - parameter 4 (total 3)
L 07/03/2020 - 06:19:33: [SM] Blaming: admincheats.smx
L 07/03/2020 - 06:19:33: [SM] Call stack trace:
L 07/03/2020 - 06:19:33: [SM]   [0] PrintToConsole
L 07/03/2020 - 06:19:33: [SM]   [1] Line 75, /home/forums/content/files/7/2/34150.attach::cheatcommand
L 07/03/2020 - 06:19:34: [SM] Exception reported: String formatted incorrectly - parameter 4 (total 3)
L 07/03/2020 - 06:19:34: [SM] Blaming: admincheats.smx
L 07/03/2020 - 06:19:34: [SM] Call stack trace:
L 07/03/2020 - 06:19:34: [SM]   [0] PrintToConsole
L 07/03/2020 - 06:19:34: [SM]   [1] Line 75, /home/forums/content/files/7/2/34150.attach::cheatcommand
L 07/03/2020 - 06:19:34: [SM] Exception reported: String formatted incorrectly - parameter 4 (total 3)
L 07/03/2020 - 06:19:34: [SM] Blaming: admincheats.smx
L 07/03/2020 - 06:19:34: [SM] Call stack trace:
L 07/03/2020 - 06:19:34: [SM]   [0] PrintToConsole
L 07/03/2020 - 06:19:34: [SM]   [1] Line 75, /home/forums/content/files/7/2/34150.attach::cheatcommand
L 07/03/2020 - 06:19:34: [SM] Exception reported: String formatted incorrectly - parameter 4 (total 3)
L 07/03/2020 - 06:19:34: [SM] Blaming: admincheats.smx
L 07/03/2020 - 06:19:34: [SM] Call stack trace:
L 07/03/2020 - 06:19:34: [SM]   [0] PrintToConsole
L 07/03/2020 - 06:19:34: [SM]   [1] Line 75, /home/forums/content/files/7/2/34150.attach::cheatcommand
L 07/03/2020 - 06:19:34: [SM] Exception reported: String formatted incorrectly - parameter 4 (total 3)
L 07/03/2020 - 06:19:34: [SM] Blaming: admincheats.smx
L 07/03/2020 - 06:19:34: [SM] Call stack trace:
L 07/03/2020 - 06:19:34: [SM]   [0] PrintToConsole
L 07/03/2020 - 06:19:34: [SM]   [1] Line 75, /home/forums/content/files/7/2/34150.attach::cheatcommand
L 07/03/2020 - 06:19:35: [SM] Exception reported: String formatted incorrectly - parameter 4 (total 3)
L 07/03/2020 - 06:19:35: [SM] Blaming: admincheats.smx
L 07/03/2020 - 06:19:35: [SM] Call stack trace:
L 07/03/2020 - 06:19:35: [SM]   [0] PrintToConsole
L 07/03/2020 - 06:19:35: [SM]   [1] Line 75, /home/forums/content/files/7/2/34150.attach::cheatcommand
L 07/03/2020 - 06:19:35: [SM] Exception reported: String formatted incorrectly - parameter 4 (total 3)
L 07/03/2020 - 06:19:35: [SM] Blaming: admincheats.smx
L 07/03/2020 - 06:19:35: [SM] Call stack trace:
L 07/03/2020 - 06:19:35: [SM]   [0] PrintToConsole
L 07/03/2020 - 06:19:35: [SM]   [1] Line 75, /home/forums/content/files/7/2/34150.attach::cheatcommand
L 07/03/2020 - 06:19:35: [SM] Exception reported: String formatted incorrectly - parameter 4 (total 3)
L 07/03/2020 - 06:19:35: [SM] Blaming: admincheats.smx
L 07/03/2020 - 06:19:35: [SM] Call stack trace:
L 07/03/2020 - 06:19:35: [SM]   [0] PrintToConsole
L 07/03/2020 - 06:19:35: [SM]   [1] Line 75, /home/forums/content/files/7/2/34150.attach::cheatcommand
L 07/03/2020 - 06:19:35: [SM] Exception reported: String formatted incorrectly - parameter 4 (total 3)
L 07/03/2020 - 06:19:35: [SM] Blaming: admincheats.smx
L 07/03/2020 - 06:19:35: [SM] Call stack trace:
L 07/03/2020 - 06:19:35: [SM]   [0] PrintToConsole
L 07/03/2020 - 06:19:35: [SM]   [1] Line 75, /home/forums/content/files/7/2/34150.attach::cheatcommand
L 07/03/2020 - 06:19:47: [SM] Exception reported: String formatted incorrectly - parameter 4 (total 3)
L 07/03/2020 - 06:19:47: [SM] Blaming: admincheats.smx
L 07/03/2020 - 06:19:47: [SM] Call stack trace:
L 07/03/2020 - 06:19:47: [SM]   [0] PrintToConsole
L 07/03/2020 - 06:19:47: [SM]   [1] Line 75, /home/forums/content/files/7/2/34150.attach::cheatcommand
L 07/03/2020 - 06:20:13: [SM] Exception reported: String formatted incorrectly - parameter 4 (total 3)
L 07/03/2020 - 06:20:13: [SM] Blaming: admincheats.smx
L 07/03/2020 - 06:20:13: [SM] Call stack trace:
L 07/03/2020 - 06:20:13: [SM]   [0] PrintToConsole
L 07/03/2020 - 06:20:13: [SM]   [1] Line 75, /home/forums/content/files/7/2/34150.attach::cheatcommand
L 07/03/2020 - 06:20:18: [SM] Exception reported: String formatted incorrectly - parameter 4 (total 3)
L 07/03/2020 - 06:20:18: [SM] Blaming: admincheats.smx
L 07/03/2020 - 06:20:18: [SM] Call stack trace:
L 07/03/2020 - 06:20:18: [SM]   [0] PrintToConsole
L 07/03/2020 - 06:20:18: [SM]   [1] Line 75, /home/forums/content/files/7/2/34150.attach::cheatcommand
L 07/03/2020 - 06:20:19: [SM] Exception reported: String formatted incorrectly - parameter 4 (total 3)
L 07/03/2020 - 06:20:19: [SM] Blaming: admincheats.smx
L 07/03/2020 - 06:20:19: [SM] Call stack trace:
L 07/03/2020 - 06:20:19: [SM]   [0] PrintToConsole
L 07/03/2020 - 06:20:19: [SM]   [1] Line 75, /home/forums/content/files/7/2/34150.attach::cheatcommand
L 07/03/2020 - 06:20:20: [SM] Exception reported: String formatted incorrectly - parameter 4 (total 3)
L 07/03/2020 - 06:20:20: [SM] Blaming: admincheats.smx
L 07/03/2020 - 06:20:20: [SM] Call stack trace:
L 07/03/2020 - 06:20:20: [SM]   [0] PrintToConsole
L 07/03/2020 - 06:20:20: [SM]   [1] Line 75, /home/forums/content/files/7/2/34150.attach::cheatcommand
L 07/03/2020 - 06:20:33: [SM] Exception reported: String formatted incorrectly - parameter 4 (total 3)
L 07/03/2020 - 06:20:33: [SM] Blaming: admincheats.smx
L 07/03/2020 - 06:20:33: [SM] Call stack trace:
L 07/03/2020 - 06:20:33: [SM]   [0] PrintToConsole
L 07/03/2020 - 06:20:33: [SM]   [1] Line 75, /home/forums/content/files/7/2/34150.attach::cheatcommand
L 07/03/2020 - 06:30:53: Error log file session closed.
L 07/03/2020 - 06:36:37: SourceMod error session started
L 07/03/2020 - 06:36:37: Info (map "plr_bananabay") (file "/hlserver/tf2/tf/addons/sourcemod/logs/errors_20200703.log")
L 07/03/2020 - 06:36:37: [SM] Exception reported: String formatted incorrectly - parameter 4 (total 3)
L 07/03/2020 - 06:36:37: [SM] Blaming: admincheats.smx
L 07/03/2020 - 06:36:37: [SM] Call stack trace:
L 07/03/2020 - 06:36:37: [SM]   [0] PrintToConsole
L 07/03/2020 - 06:36:37: [SM]   [1] Line 75, /home/forums/content/files/7/2/34150.attach::cheatcommand
L 07/03/2020 - 06:38:16: [SM] Exception reported: String formatted incorrectly - parameter 4 (total 3)
L 07/03/2020 - 06:38:16: [SM] Blaming: admincheats.smx
L 07/03/2020 - 06:38:16: [SM] Call stack trace:
L 07/03/2020 - 06:38:16: [SM]   [0] PrintToConsole
L 07/03/2020 - 06:38:16: [SM]   [1] Line 75, /home/forums/content/files/7/2/34150.attach::cheatcommand
L 07/03/2020 - 06:38:17: [SM] Exception reported: String formatted incorrectly - parameter 4 (total 3)
L 07/03/2020 - 06:38:17: [SM] Blaming: admincheats.smx
L 07/03/2020 - 06:38:17: [SM] Call stack trace:
L 07/03/2020 - 06:38:17: [SM]   [0] PrintToConsole
L 07/03/2020 - 06:38:17: [SM]   [1] Line 75, /home/forums/content/files/7/2/34150.attach::cheatcommand
L 07/03/2020 - 06:38:20: [SM] Exception reported: String formatted incorrectly - parameter 4 (total 3)
L 07/03/2020 - 06:38:20: [SM] Blaming: admincheats.smx
L 07/03/2020 - 06:38:20: [SM] Call stack trace:
L 07/03/2020 - 06:38:20: [SM]   [0] PrintToConsole
L 07/03/2020 - 06:38:20: [SM]   [1] Line 75, /home/forums/content/files/7/2/34150.attach::cheatcommand
L 07/03/2020 - 06:53:27: Error log file session closed.
L 07/03/2020 - 23:16:37: SourceMod error session started
L 07/03/2020 - 23:16:37: Info (map "workshop/cp_snowbase_b3.ugc2081770490") (file "/hlserver/tf2/tf/addons/sourcemod/logs/errors_20200703.log")
L 07/03/2020 - 23:16:37: [SM] Exception reported: String formatted incorrectly - parameter 4 (total 3)
L 07/03/2020 - 23:16:37: [SM] Blaming: admincheats.smx
L 07/03/2020 - 23:16:37: [SM] Call stack trace:
L 07/03/2020 - 23:16:37: [SM]   [0] PrintToConsole
L 07/03/2020 - 23:16:37: [SM]   [1] Line 75, /home/forums/content/files/7/2/34150.attach::cheatcommand
L 07/03/2020 - 23:17:57: Error log file session closed.
L 07/03/2020 - 23:19:10: SourceMod error session started
L 07/03/2020 - 23:19:10: Info (map "workshop/pl_barnblitz_pro7.ugc582280235") (file "/hlserver/tf2/tf/addons/sourcemod/logs/errors_20200703.log")
L 07/03/2020 - 23:19:10: [SM] Exception reported: String formatted incorrectly - parameter 4 (total 3)
L 07/03/2020 - 23:19:10: [SM] Blaming: admincheats.smx
L 07/03/2020 - 23:19:10: [SM] Call stack trace:
L 07/03/2020 - 23:19:10: [SM]   [0] PrintToConsole
L 07/03/2020 - 23:19:10: [SM]   [1] Line 75, /home/forums/content/files/7/2/34150.attach::cheatcommand
L 07/03/2020 - 23:19:10: [SM] Exception reported: String formatted incorrectly - parameter 4 (total 3)
L 07/03/2020 - 23:19:10: [SM] Blaming: admincheats.smx
L 07/03/2020 - 23:19:10: [SM] Call stack trace:
L 07/03/2020 - 23:19:10: [SM]   [0] PrintToConsole
L 07/03/2020 - 23:19:10: [SM]   [1] Line 75, /home/forums/content/files/7/2/34150.attach::cheatcommand
L 07/03/2020 - 23:19:10: [SM] Exception reported: String formatted incorrectly - parameter 4 (total 3)
L 07/03/2020 - 23:19:10: [SM] Blaming: admincheats.smx
L 07/03/2020 - 23:19:10: [SM] Call stack trace:
L 07/03/2020 - 23:19:10: [SM]   [0] PrintToConsole
L 07/03/2020 - 23:19:10: [SM]   [1] Line 75, /home/forums/content/files/7/2/34150.attach::cheatcommand
L 07/03/2020 - 23:19:10: [SM] Exception reported: String formatted incorrectly - parameter 4 (total 3)
L 07/03/2020 - 23:19:10: [SM] Blaming: admincheats.smx
L 07/03/2020 - 23:19:10: [SM] Call stack trace:
L 07/03/2020 - 23:19:10: [SM]   [0] PrintToConsole
L 07/03/2020 - 23:19:10: [SM]   [1] Line 75, /home/forums/content/files/7/2/34150.attach::cheatcommand
L 07/03/2020 - 23:19:10: [SM] Exception reported: String formatted incorrectly - parameter 4 (total 3)
L 07/03/2020 - 23:19:10: [SM] Blaming: admincheats.smx
L 07/03/2020 - 23:19:10: [SM] Call stack trace:
L 07/03/2020 - 23:19:10: [SM]   [0] PrintToConsole
L 07/03/2020 - 23:19:10: [SM]   [1] Line 75, /home/forums/content/files/7/2/34150.attach::cheatcommand
L 07/03/2020 - 23:19:10: [SM] Exception reported: String formatted incorrectly - parameter 4 (total 3)
L 07/03/2020 - 23:19:10: [SM] Blaming: admincheats.smx
L 07/03/2020 - 23:19:10: [SM] Call stack trace:
L 07/03/2020 - 23:19:10: [SM]   [0] PrintToConsole
L 07/03/2020 - 23:19:10: [SM]   [1] Line 75, /home/forums/content/files/7/2/34150.attach::cheatcommand
L 07/03/2020 - 23:19:11: [SM] Exception reported: String formatted incorrectly - parameter 4 (total 3)
L 07/03/2020 - 23:19:11: [SM] Blaming: admincheats.smx
L 07/03/2020 - 23:19:11: [SM] Call stack trace:
L 07/03/2020 - 23:19:11: [SM]   [0] PrintToConsole
L 07/03/2020 - 23:19:11: [SM]   [1] Line 75, /home/forums/content/files/7/2/34150.attach::cheatcommand
L 07/03/2020 - 23:19:11: [SM] Exception reported: String formatted incorrectly - parameter 4 (total 3)
L 07/03/2020 - 23:19:11: [SM] Blaming: admincheats.smx
L 07/03/2020 - 23:19:11: [SM] Call stack trace:
L 07/03/2020 - 23:19:11: [SM]   [0] PrintToConsole
L 07/03/2020 - 23:19:11: [SM]   [1] Line 75, /home/forums/content/files/7/2/34150.attach::cheatcommand
L 07/03/2020 - 23:19:11: [SM] Exception reported: String formatted incorrectly - parameter 4 (total 3)
L 07/03/2020 - 23:19:11: [SM] Blaming: admincheats.smx
L 07/03/2020 - 23:19:11: [SM] Call stack trace:
L 07/03/2020 - 23:19:11: [SM]   [0] PrintToConsole
L 07/03/2020 - 23:19:11: [SM]   [1] Line 75, /home/forums/content/files/7/2/34150.attach::cheatcommand
L 07/03/2020 - 23:19:11: [SM] Exception reported: String formatted incorrectly - parameter 4 (total 3)
L 07/03/2020 - 23:19:11: [SM] Blaming: admincheats.smx
L 07/03/2020 - 23:19:11: [SM] Call stack trace:
L 07/03/2020 - 23:19:11: [SM]   [0] PrintToConsole
L 07/03/2020 - 23:19:11: [SM]   [1] Line 75, /home/forums/content/files/7/2/34150.attach::cheatcommand
L 07/03/2020 - 23:19:11: [SM] Exception reported: String formatted incorrectly - parameter 4 (total 3)
L 07/03/2020 - 23:19:11: [SM] Blaming: admincheats.smx
L 07/03/2020 - 23:19:11: [SM] Call stack trace:
L 07/03/2020 - 23:19:11: [SM]   [0] PrintToConsole
L 07/03/2020 - 23:19:11: [SM]   [1] Line 75, /home/forums/content/files/7/2/34150.attach::cheatcommand
L 07/03/2020 - 23:19:11: [SM] Exception reported: String formatted incorrectly - parameter 4 (total 3)
L 07/03/2020 - 23:19:11: [SM] Blaming: admincheats.smx
L 07/03/2020 - 23:19:11: [SM] Call stack trace:
L 07/03/2020 - 23:19:11: [SM]   [0] PrintToConsole
L 07/03/2020 - 23:19:11: [SM]   [1] Line 75, /home/forums/content/files/7/2/34150.attach::cheatcommand
L 07/03/2020 - 23:19:11: [SM] Exception reported: String formatted incorrectly - parameter 4 (total 3)
L 07/03/2020 - 23:19:11: [SM] Blaming: admincheats.smx
L 07/03/2020 - 23:19:11: [SM] Call stack trace:
L 07/03/2020 - 23:19:11: [SM]   [0] PrintToConsole
L 07/03/2020 - 23:19:11: [SM]   [1] Line 75, /home/forums/content/files/7/2/34150.attach::cheatcommand
L 07/03/2020 - 23:19:12: [SM] Exception reported: String formatted incorrectly - parameter 4 (total 3)
L 07/03/2020 - 23:19:12: [SM] Blaming: admincheats.smx
L 07/03/2020 - 23:19:12: [SM] Call stack trace:
L 07/03/2020 - 23:19:12: [SM]   [0] PrintToConsole
L 07/03/2020 - 23:19:12: [SM]   [1] Line 75, /home/forums/content/files/7/2/34150.attach::cheatcommand
L 07/03/2020 - 23:19:12: [SM] Exception reported: String formatted incorrectly - parameter 4 (total 3)
L 07/03/2020 - 23:19:12: [SM] Blaming: admincheats.smx
L 07/03/2020 - 23:19:12: [SM] Call stack trace:
L 07/03/2020 - 23:19:12: [SM]   [0] PrintToConsole
L 07/03/2020 - 23:19:12: [SM]   [1] Line 75, /home/forums/content/files/7/2/34150.attach::cheatcommand
L 07/03/2020 - 23:19:12: [SM] Exception reported: String formatted incorrectly - parameter 4 (total 3)
L 07/03/2020 - 23:19:12: [SM] Blaming: admincheats.smx
L 07/03/2020 - 23:19:12: [SM] Call stack trace:
L 07/03/2020 - 23:19:12: [SM]   [0] PrintToConsole
L 07/03/2020 - 23:19:12: [SM]   [1] Line 75, /home/forums/content/files/7/2/34150.attach::cheatcommand
L 07/03/2020 - 23:19:12: [SM] Exception reported: String formatted incorrectly - parameter 4 (total 3)
L 07/03/2020 - 23:19:12: [SM] Blaming: admincheats.smx
L 07/03/2020 - 23:19:12: [SM] Call stack trace:
L 07/03/2020 - 23:19:12: [SM]   [0] PrintToConsole
L 07/03/2020 - 23:19:12: [SM]   [1] Line 75, /home/forums/content/files/7/2/34150.attach::cheatcommand
L 07/03/2020 - 23:19:13: [SM] Exception reported: String formatted incorrectly - parameter 4 (total 3)
L 07/03/2020 - 23:19:13: [SM] Blaming: admincheats.smx
L 07/03/2020 - 23:19:13: [SM] Call stack trace:
L 07/03/2020 - 23:19:13: [SM]   [0] PrintToConsole
L 07/03/2020 - 23:19:13: [SM]   [1] Line 75, /home/forums/content/files/7/2/34150.attach::cheatcommand
L 07/03/2020 - 23:19:13: [SM] Exception reported: String formatted incorrectly - parameter 4 (total 3)
L 07/03/2020 - 23:19:13: [SM] Blaming: admincheats.smx
L 07/03/2020 - 23:19:13: [SM] Call stack trace:
L 07/03/2020 - 23:19:13: [SM]   [0] PrintToConsole
L 07/03/2020 - 23:19:13: [SM]   [1] Line 75, /home/forums/content/files/7/2/34150.attach::cheatcommand
L 07/04/2020 - 01:10:14: Error log file session closed.
