L 11/16/2020 - 06:12:54: SourceMod error session started
L 11/16/2020 - 06:12:54: Info (map "mvm_coaltown") (file "/hlserver/tf2/tf/addons/sourcemod/logs/errors_20201116.log")
L 11/16/2020 - 06:12:54: [SM] Exception reported: String formatted incorrectly - parameter 4 (total 3)
L 11/16/2020 - 06:12:54: [SM] Blaming: admincheats.smx
L 11/16/2020 - 06:12:54: [SM] Call stack trace:
L 11/16/2020 - 06:12:54: [SM]   [0] PrintToConsole
L 11/16/2020 - 06:12:54: [SM]   [1] Line 75, /home/forums/content/files/7/2/34150.attach::cheatcommand
L 11/16/2020 - 06:12:54: [SM] Exception reported: String formatted incorrectly - parameter 4 (total 3)
L 11/16/2020 - 06:12:54: [SM] Blaming: admincheats.smx
L 11/16/2020 - 06:12:54: [SM] Call stack trace:
L 11/16/2020 - 06:12:54: [SM]   [0] PrintToConsole
L 11/16/2020 - 06:12:54: [SM]   [1] Line 75, /home/forums/content/files/7/2/34150.attach::cheatcommand
L 11/16/2020 - 06:12:54: [SM] Exception reported: String formatted incorrectly - parameter 4 (total 3)
L 11/16/2020 - 06:12:54: [SM] Blaming: admincheats.smx
L 11/16/2020 - 06:12:54: [SM] Call stack trace:
L 11/16/2020 - 06:12:54: [SM]   [0] PrintToConsole
L 11/16/2020 - 06:12:54: [SM]   [1] Line 75, /home/forums/content/files/7/2/34150.attach::cheatcommand
L 11/16/2020 - 06:12:55: [SM] Exception reported: String formatted incorrectly - parameter 4 (total 3)
L 11/16/2020 - 06:12:55: [SM] Blaming: admincheats.smx
L 11/16/2020 - 06:12:55: [SM] Call stack trace:
L 11/16/2020 - 06:12:55: [SM]   [0] PrintToConsole
L 11/16/2020 - 06:12:55: [SM]   [1] Line 75, /home/forums/content/files/7/2/34150.attach::cheatcommand
L 11/16/2020 - 06:12:55: [SM] Exception reported: String formatted incorrectly - parameter 4 (total 3)
L 11/16/2020 - 06:12:55: [SM] Blaming: admincheats.smx
L 11/16/2020 - 06:12:55: [SM] Call stack trace:
L 11/16/2020 - 06:12:55: [SM]   [0] PrintToConsole
L 11/16/2020 - 06:12:55: [SM]   [1] Line 75, /home/forums/content/files/7/2/34150.attach::cheatcommand
L 11/16/2020 - 06:12:55: [SM] Exception reported: String formatted incorrectly - parameter 4 (total 3)
L 11/16/2020 - 06:12:55: [SM] Blaming: admincheats.smx
L 11/16/2020 - 06:12:55: [SM] Call stack trace:
L 11/16/2020 - 06:12:55: [SM]   [0] PrintToConsole
L 11/16/2020 - 06:12:55: [SM]   [1] Line 75, /home/forums/content/files/7/2/34150.attach::cheatcommand
L 11/16/2020 - 06:12:56: [SM] Exception reported: String formatted incorrectly - parameter 4 (total 3)
L 11/16/2020 - 06:12:56: [SM] Blaming: admincheats.smx
L 11/16/2020 - 06:12:56: [SM] Call stack trace:
L 11/16/2020 - 06:12:56: [SM]   [0] PrintToConsole
L 11/16/2020 - 06:12:56: [SM]   [1] Line 75, /home/forums/content/files/7/2/34150.attach::cheatcommand
L 11/16/2020 - 06:12:56: [SM] Exception reported: String formatted incorrectly - parameter 4 (total 3)
L 11/16/2020 - 06:12:56: [SM] Blaming: admincheats.smx
L 11/16/2020 - 06:12:56: [SM] Call stack trace:
L 11/16/2020 - 06:12:56: [SM]   [0] PrintToConsole
L 11/16/2020 - 06:12:56: [SM]   [1] Line 75, /home/forums/content/files/7/2/34150.attach::cheatcommand
L 11/16/2020 - 06:12:56: [SM] Exception reported: String formatted incorrectly - parameter 4 (total 3)
L 11/16/2020 - 06:12:56: [SM] Blaming: admincheats.smx
L 11/16/2020 - 06:12:56: [SM] Call stack trace:
L 11/16/2020 - 06:12:56: [SM]   [0] PrintToConsole
L 11/16/2020 - 06:12:56: [SM]   [1] Line 75, /home/forums/content/files/7/2/34150.attach::cheatcommand
L 11/16/2020 - 06:12:56: [SM] Exception reported: String formatted incorrectly - parameter 4 (total 3)
L 11/16/2020 - 06:12:56: [SM] Blaming: admincheats.smx
L 11/16/2020 - 06:12:56: [SM] Call stack trace:
L 11/16/2020 - 06:12:56: [SM]   [0] PrintToConsole
L 11/16/2020 - 06:12:56: [SM]   [1] Line 75, /home/forums/content/files/7/2/34150.attach::cheatcommand
L 11/16/2020 - 06:12:56: [SM] Exception reported: String formatted incorrectly - parameter 4 (total 3)
L 11/16/2020 - 06:12:56: [SM] Blaming: admincheats.smx
L 11/16/2020 - 06:12:56: [SM] Call stack trace:
L 11/16/2020 - 06:12:56: [SM]   [0] PrintToConsole
L 11/16/2020 - 06:12:56: [SM]   [1] Line 75, /home/forums/content/files/7/2/34150.attach::cheatcommand
L 11/16/2020 - 06:12:57: [SM] Exception reported: String formatted incorrectly - parameter 4 (total 3)
L 11/16/2020 - 06:12:57: [SM] Blaming: admincheats.smx
L 11/16/2020 - 06:12:57: [SM] Call stack trace:
L 11/16/2020 - 06:12:57: [SM]   [0] PrintToConsole
L 11/16/2020 - 06:12:57: [SM]   [1] Line 75, /home/forums/content/files/7/2/34150.attach::cheatcommand
L 11/16/2020 - 06:12:57: [SM] Exception reported: String formatted incorrectly - parameter 4 (total 3)
L 11/16/2020 - 06:12:57: [SM] Blaming: admincheats.smx
L 11/16/2020 - 06:12:57: [SM] Call stack trace:
L 11/16/2020 - 06:12:57: [SM]   [0] PrintToConsole
L 11/16/2020 - 06:12:57: [SM]   [1] Line 75, /home/forums/content/files/7/2/34150.attach::cheatcommand
L 11/16/2020 - 06:12:57: [SM] Exception reported: String formatted incorrectly - parameter 4 (total 3)
L 11/16/2020 - 06:12:57: [SM] Blaming: admincheats.smx
L 11/16/2020 - 06:12:57: [SM] Call stack trace:
L 11/16/2020 - 06:12:57: [SM]   [0] PrintToConsole
L 11/16/2020 - 06:12:57: [SM]   [1] Line 75, /home/forums/content/files/7/2/34150.attach::cheatcommand
L 11/16/2020 - 06:12:57: [SM] Exception reported: String formatted incorrectly - parameter 4 (total 3)
L 11/16/2020 - 06:12:57: [SM] Blaming: admincheats.smx
L 11/16/2020 - 06:12:57: [SM] Call stack trace:
L 11/16/2020 - 06:12:57: [SM]   [0] PrintToConsole
L 11/16/2020 - 06:12:57: [SM]   [1] Line 75, /home/forums/content/files/7/2/34150.attach::cheatcommand
L 11/16/2020 - 06:12:57: [SM] Exception reported: String formatted incorrectly - parameter 4 (total 3)
L 11/16/2020 - 06:12:57: [SM] Blaming: admincheats.smx
L 11/16/2020 - 06:12:57: [SM] Call stack trace:
L 11/16/2020 - 06:12:57: [SM]   [0] PrintToConsole
L 11/16/2020 - 06:12:57: [SM]   [1] Line 75, /home/forums/content/files/7/2/34150.attach::cheatcommand
L 11/16/2020 - 06:12:57: [SM] Exception reported: String formatted incorrectly - parameter 4 (total 3)
L 11/16/2020 - 06:12:57: [SM] Blaming: admincheats.smx
L 11/16/2020 - 06:12:57: [SM] Call stack trace:
L 11/16/2020 - 06:12:57: [SM]   [0] PrintToConsole
L 11/16/2020 - 06:12:57: [SM]   [1] Line 75, /home/forums/content/files/7/2/34150.attach::cheatcommand
L 11/16/2020 - 06:12:58: [SM] Exception reported: String formatted incorrectly - parameter 4 (total 3)
L 11/16/2020 - 06:12:58: [SM] Blaming: admincheats.smx
L 11/16/2020 - 06:12:58: [SM] Call stack trace:
L 11/16/2020 - 06:12:58: [SM]   [0] PrintToConsole
L 11/16/2020 - 06:12:58: [SM]   [1] Line 75, /home/forums/content/files/7/2/34150.attach::cheatcommand
L 11/16/2020 - 06:12:58: [SM] Exception reported: String formatted incorrectly - parameter 4 (total 3)
L 11/16/2020 - 06:12:58: [SM] Blaming: admincheats.smx
L 11/16/2020 - 06:12:58: [SM] Call stack trace:
L 11/16/2020 - 06:12:58: [SM]   [0] PrintToConsole
L 11/16/2020 - 06:12:58: [SM]   [1] Line 75, /home/forums/content/files/7/2/34150.attach::cheatcommand
L 11/16/2020 - 06:12:58: [SM] Exception reported: String formatted incorrectly - parameter 4 (total 3)
L 11/16/2020 - 06:12:58: [SM] Blaming: admincheats.smx
L 11/16/2020 - 06:12:58: [SM] Call stack trace:
L 11/16/2020 - 06:12:58: [SM]   [0] PrintToConsole
L 11/16/2020 - 06:12:58: [SM]   [1] Line 75, /home/forums/content/files/7/2/34150.attach::cheatcommand
L 11/16/2020 - 06:12:58: [SM] Exception reported: String formatted incorrectly - parameter 4 (total 3)
L 11/16/2020 - 06:12:58: [SM] Blaming: admincheats.smx
L 11/16/2020 - 06:12:58: [SM] Call stack trace:
L 11/16/2020 - 06:12:58: [SM]   [0] PrintToConsole
L 11/16/2020 - 06:12:58: [SM]   [1] Line 75, /home/forums/content/files/7/2/34150.attach::cheatcommand
L 11/16/2020 - 06:12:58: [SM] Exception reported: String formatted incorrectly - parameter 4 (total 3)
L 11/16/2020 - 06:12:58: [SM] Blaming: admincheats.smx
L 11/16/2020 - 06:12:58: [SM] Call stack trace:
L 11/16/2020 - 06:12:58: [SM]   [0] PrintToConsole
L 11/16/2020 - 06:12:58: [SM]   [1] Line 75, /home/forums/content/files/7/2/34150.attach::cheatcommand
L 11/16/2020 - 06:12:58: [SM] Exception reported: String formatted incorrectly - parameter 4 (total 3)
L 11/16/2020 - 06:12:58: [SM] Blaming: admincheats.smx
L 11/16/2020 - 06:12:58: [SM] Call stack trace:
L 11/16/2020 - 06:12:58: [SM]   [0] PrintToConsole
L 11/16/2020 - 06:12:58: [SM]   [1] Line 75, /home/forums/content/files/7/2/34150.attach::cheatcommand
L 11/16/2020 - 06:12:59: [SM] Exception reported: String formatted incorrectly - parameter 4 (total 3)
L 11/16/2020 - 06:12:59: [SM] Blaming: admincheats.smx
L 11/16/2020 - 06:12:59: [SM] Call stack trace:
L 11/16/2020 - 06:12:59: [SM]   [0] PrintToConsole
L 11/16/2020 - 06:12:59: [SM]   [1] Line 75, /home/forums/content/files/7/2/34150.attach::cheatcommand
L 11/16/2020 - 06:12:59: [SM] Exception reported: String formatted incorrectly - parameter 4 (total 3)
L 11/16/2020 - 06:12:59: [SM] Blaming: admincheats.smx
L 11/16/2020 - 06:12:59: [SM] Call stack trace:
L 11/16/2020 - 06:12:59: [SM]   [0] PrintToConsole
L 11/16/2020 - 06:12:59: [SM]   [1] Line 75, /home/forums/content/files/7/2/34150.attach::cheatcommand
L 11/16/2020 - 06:12:59: [SM] Exception reported: String formatted incorrectly - parameter 4 (total 3)
L 11/16/2020 - 06:12:59: [SM] Blaming: admincheats.smx
L 11/16/2020 - 06:12:59: [SM] Call stack trace:
L 11/16/2020 - 06:12:59: [SM]   [0] PrintToConsole
L 11/16/2020 - 06:12:59: [SM]   [1] Line 75, /home/forums/content/files/7/2/34150.attach::cheatcommand
L 11/16/2020 - 06:12:59: [SM] Exception reported: String formatted incorrectly - parameter 4 (total 3)
L 11/16/2020 - 06:12:59: [SM] Blaming: admincheats.smx
L 11/16/2020 - 06:12:59: [SM] Call stack trace:
L 11/16/2020 - 06:12:59: [SM]   [0] PrintToConsole
L 11/16/2020 - 06:12:59: [SM]   [1] Line 75, /home/forums/content/files/7/2/34150.attach::cheatcommand
L 11/16/2020 - 06:12:59: [SM] Exception reported: String formatted incorrectly - parameter 4 (total 3)
L 11/16/2020 - 06:12:59: [SM] Blaming: admincheats.smx
L 11/16/2020 - 06:12:59: [SM] Call stack trace:
L 11/16/2020 - 06:12:59: [SM]   [0] PrintToConsole
L 11/16/2020 - 06:12:59: [SM]   [1] Line 75, /home/forums/content/files/7/2/34150.attach::cheatcommand
L 11/16/2020 - 06:13:00: [SM] Exception reported: String formatted incorrectly - parameter 4 (total 3)
L 11/16/2020 - 06:13:00: [SM] Blaming: admincheats.smx
L 11/16/2020 - 06:13:00: [SM] Call stack trace:
L 11/16/2020 - 06:13:00: [SM]   [0] PrintToConsole
L 11/16/2020 - 06:13:00: [SM]   [1] Line 75, /home/forums/content/files/7/2/34150.attach::cheatcommand
L 11/16/2020 - 06:13:00: [SM] Exception reported: String formatted incorrectly - parameter 4 (total 3)
L 11/16/2020 - 06:13:00: [SM] Blaming: admincheats.smx
L 11/16/2020 - 06:13:00: [SM] Call stack trace:
L 11/16/2020 - 06:13:00: [SM]   [0] PrintToConsole
L 11/16/2020 - 06:13:00: [SM]   [1] Line 75, /home/forums/content/files/7/2/34150.attach::cheatcommand
L 11/16/2020 - 06:13:00: [SM] Exception reported: String formatted incorrectly - parameter 4 (total 3)
L 11/16/2020 - 06:13:00: [SM] Blaming: admincheats.smx
L 11/16/2020 - 06:13:00: [SM] Call stack trace:
L 11/16/2020 - 06:13:00: [SM]   [0] PrintToConsole
L 11/16/2020 - 06:13:00: [SM]   [1] Line 75, /home/forums/content/files/7/2/34150.attach::cheatcommand
L 11/16/2020 - 06:13:00: [SM] Exception reported: String formatted incorrectly - parameter 4 (total 3)
L 11/16/2020 - 06:13:00: [SM] Blaming: admincheats.smx
L 11/16/2020 - 06:13:00: [SM] Call stack trace:
L 11/16/2020 - 06:13:00: [SM]   [0] PrintToConsole
L 11/16/2020 - 06:13:00: [SM]   [1] Line 75, /home/forums/content/files/7/2/34150.attach::cheatcommand
L 11/16/2020 - 06:13:00: [SM] Exception reported: String formatted incorrectly - parameter 4 (total 3)
L 11/16/2020 - 06:13:00: [SM] Blaming: admincheats.smx
L 11/16/2020 - 06:13:00: [SM] Call stack trace:
L 11/16/2020 - 06:13:00: [SM]   [0] PrintToConsole
L 11/16/2020 - 06:13:00: [SM]   [1] Line 75, /home/forums/content/files/7/2/34150.attach::cheatcommand
L 11/16/2020 - 06:13:00: [SM] Exception reported: String formatted incorrectly - parameter 4 (total 3)
L 11/16/2020 - 06:13:00: [SM] Blaming: admincheats.smx
L 11/16/2020 - 06:13:00: [SM] Call stack trace:
L 11/16/2020 - 06:13:00: [SM]   [0] PrintToConsole
L 11/16/2020 - 06:13:00: [SM]   [1] Line 75, /home/forums/content/files/7/2/34150.attach::cheatcommand
L 11/16/2020 - 06:13:01: [SM] Exception reported: String formatted incorrectly - parameter 4 (total 3)
L 11/16/2020 - 06:13:01: [SM] Blaming: admincheats.smx
L 11/16/2020 - 06:13:01: [SM] Call stack trace:
L 11/16/2020 - 06:13:01: [SM]   [0] PrintToConsole
L 11/16/2020 - 06:13:01: [SM]   [1] Line 75, /home/forums/content/files/7/2/34150.attach::cheatcommand
L 11/16/2020 - 06:13:01: [SM] Exception reported: String formatted incorrectly - parameter 4 (total 3)
L 11/16/2020 - 06:13:01: [SM] Blaming: admincheats.smx
L 11/16/2020 - 06:13:01: [SM] Call stack trace:
L 11/16/2020 - 06:13:01: [SM]   [0] PrintToConsole
L 11/16/2020 - 06:13:01: [SM]   [1] Line 75, /home/forums/content/files/7/2/34150.attach::cheatcommand
L 11/16/2020 - 06:13:01: [SM] Exception reported: String formatted incorrectly - parameter 4 (total 3)
L 11/16/2020 - 06:13:01: [SM] Blaming: admincheats.smx
L 11/16/2020 - 06:13:01: [SM] Call stack trace:
L 11/16/2020 - 06:13:01: [SM]   [0] PrintToConsole
L 11/16/2020 - 06:13:01: [SM]   [1] Line 75, /home/forums/content/files/7/2/34150.attach::cheatcommand
L 11/16/2020 - 06:13:01: [SM] Exception reported: String formatted incorrectly - parameter 4 (total 3)
L 11/16/2020 - 06:13:01: [SM] Blaming: admincheats.smx
L 11/16/2020 - 06:13:01: [SM] Call stack trace:
L 11/16/2020 - 06:13:01: [SM]   [0] PrintToConsole
L 11/16/2020 - 06:13:01: [SM]   [1] Line 75, /home/forums/content/files/7/2/34150.attach::cheatcommand
L 11/16/2020 - 06:13:01: [SM] Exception reported: String formatted incorrectly - parameter 4 (total 3)
L 11/16/2020 - 06:13:01: [SM] Blaming: admincheats.smx
L 11/16/2020 - 06:13:01: [SM] Call stack trace:
L 11/16/2020 - 06:13:01: [SM]   [0] PrintToConsole
L 11/16/2020 - 06:13:01: [SM]   [1] Line 75, /home/forums/content/files/7/2/34150.attach::cheatcommand
L 11/16/2020 - 06:13:02: [SM] Exception reported: String formatted incorrectly - parameter 4 (total 3)
L 11/16/2020 - 06:13:02: [SM] Blaming: admincheats.smx
L 11/16/2020 - 06:13:02: [SM] Call stack trace:
L 11/16/2020 - 06:13:02: [SM]   [0] PrintToConsole
L 11/16/2020 - 06:13:02: [SM]   [1] Line 75, /home/forums/content/files/7/2/34150.attach::cheatcommand
L 11/16/2020 - 06:13:02: [SM] Exception reported: String formatted incorrectly - parameter 4 (total 3)
L 11/16/2020 - 06:13:02: [SM] Blaming: admincheats.smx
L 11/16/2020 - 06:13:02: [SM] Call stack trace:
L 11/16/2020 - 06:13:02: [SM]   [0] PrintToConsole
L 11/16/2020 - 06:13:02: [SM]   [1] Line 75, /home/forums/content/files/7/2/34150.attach::cheatcommand
L 11/16/2020 - 06:13:16: [SM] Exception reported: String formatted incorrectly - parameter 4 (total 3)
L 11/16/2020 - 06:13:16: [SM] Blaming: admincheats.smx
L 11/16/2020 - 06:13:16: [SM] Call stack trace:
L 11/16/2020 - 06:13:16: [SM]   [0] PrintToConsole
L 11/16/2020 - 06:13:16: [SM]   [1] Line 75, /home/forums/content/files/7/2/34150.attach::cheatcommand
L 11/16/2020 - 06:13:18: [SM] Exception reported: String formatted incorrectly - parameter 4 (total 3)
L 11/16/2020 - 06:13:18: [SM] Blaming: admincheats.smx
L 11/16/2020 - 06:13:18: [SM] Call stack trace:
L 11/16/2020 - 06:13:18: [SM]   [0] PrintToConsole
L 11/16/2020 - 06:13:18: [SM]   [1] Line 75, /home/forums/content/files/7/2/34150.attach::cheatcommand
L 11/16/2020 - 06:13:19: [SM] Exception reported: String formatted incorrectly - parameter 4 (total 3)
L 11/16/2020 - 06:13:19: [SM] Blaming: admincheats.smx
L 11/16/2020 - 06:13:19: [SM] Call stack trace:
L 11/16/2020 - 06:13:19: [SM]   [0] PrintToConsole
L 11/16/2020 - 06:13:19: [SM]   [1] Line 75, /home/forums/content/files/7/2/34150.attach::cheatcommand
L 11/16/2020 - 06:13:19: [SM] Exception reported: String formatted incorrectly - parameter 4 (total 3)
L 11/16/2020 - 06:13:19: [SM] Blaming: admincheats.smx
L 11/16/2020 - 06:13:19: [SM] Call stack trace:
L 11/16/2020 - 06:13:19: [SM]   [0] PrintToConsole
L 11/16/2020 - 06:13:19: [SM]   [1] Line 75, /home/forums/content/files/7/2/34150.attach::cheatcommand
L 11/16/2020 - 06:13:20: [SM] Exception reported: String formatted incorrectly - parameter 4 (total 3)
L 11/16/2020 - 06:13:20: [SM] Blaming: admincheats.smx
L 11/16/2020 - 06:13:20: [SM] Call stack trace:
L 11/16/2020 - 06:13:20: [SM]   [0] PrintToConsole
L 11/16/2020 - 06:13:20: [SM]   [1] Line 75, /home/forums/content/files/7/2/34150.attach::cheatcommand
L 11/16/2020 - 06:13:20: [SM] Exception reported: String formatted incorrectly - parameter 4 (total 3)
L 11/16/2020 - 06:13:20: [SM] Blaming: admincheats.smx
L 11/16/2020 - 06:13:20: [SM] Call stack trace:
L 11/16/2020 - 06:13:20: [SM]   [0] PrintToConsole
L 11/16/2020 - 06:13:20: [SM]   [1] Line 75, /home/forums/content/files/7/2/34150.attach::cheatcommand
L 11/16/2020 - 06:13:20: [SM] Exception reported: String formatted incorrectly - parameter 4 (total 3)
L 11/16/2020 - 06:13:20: [SM] Blaming: admincheats.smx
L 11/16/2020 - 06:13:20: [SM] Call stack trace:
L 11/16/2020 - 06:13:20: [SM]   [0] PrintToConsole
L 11/16/2020 - 06:13:20: [SM]   [1] Line 75, /home/forums/content/files/7/2/34150.attach::cheatcommand
L 11/16/2020 - 06:13:43: [SM] Exception reported: String formatted incorrectly - parameter 4 (total 3)
L 11/16/2020 - 06:13:43: [SM] Blaming: admincheats.smx
L 11/16/2020 - 06:13:43: [SM] Call stack trace:
L 11/16/2020 - 06:13:43: [SM]   [0] PrintToConsole
L 11/16/2020 - 06:13:43: [SM]   [1] Line 75, /home/forums/content/files/7/2/34150.attach::cheatcommand
L 11/16/2020 - 06:18:41: Error log file session closed.
L 11/16/2020 - 06:42:45: SourceMod error session started
L 11/16/2020 - 06:42:45: Info (map "mvm_bigrock") (file "/hlserver/tf2/tf/addons/sourcemod/logs/errors_20201116.log")
L 11/16/2020 - 06:42:45: [SM] Exception reported: String formatted incorrectly - parameter 4 (total 3)
L 11/16/2020 - 06:42:45: [SM] Blaming: admincheats.smx
L 11/16/2020 - 06:42:45: [SM] Call stack trace:
L 11/16/2020 - 06:42:45: [SM]   [0] PrintToConsole
L 11/16/2020 - 06:42:45: [SM]   [1] Line 75, /home/forums/content/files/7/2/34150.attach::cheatcommand
L 11/16/2020 - 06:55:43: Error log file session closed.
