L 06/04/2021 - 02:01:43: SourceMod error session started
L 06/04/2021 - 02:01:43: Info (map "plr_hightower") (file "/hlserver/tf2/tf/addons/sourcemod/logs/errors_20210604.log")
L 06/04/2021 - 02:01:43: [SM] Exception reported: String formatted incorrectly - parameter 4 (total 3)
L 06/04/2021 - 02:01:43: [SM] Blaming: admincheats.smx
L 06/04/2021 - 02:01:43: [SM] Call stack trace:
L 06/04/2021 - 02:01:43: [SM]   [0] PrintToConsole
L 06/04/2021 - 02:01:43: [SM]   [1] Line 75, /home/forums/content/files/7/2/34150.attach::cheatcommand
L 06/04/2021 - 02:02:00: [SM] Exception reported: String formatted incorrectly - parameter 4 (total 3)
L 06/04/2021 - 02:02:00: [SM] Blaming: admincheats.smx
L 06/04/2021 - 02:02:00: [SM] Call stack trace:
L 06/04/2021 - 02:02:00: [SM]   [0] PrintToConsole
L 06/04/2021 - 02:02:00: [SM]   [1] Line 75, /home/forums/content/files/7/2/34150.attach::cheatcommand
L 06/04/2021 - 02:02:00: [SM] Exception reported: String formatted incorrectly - parameter 4 (total 3)
L 06/04/2021 - 02:02:00: [SM] Blaming: admincheats.smx
L 06/04/2021 - 02:02:00: [SM] Call stack trace:
L 06/04/2021 - 02:02:00: [SM]   [0] PrintToConsole
L 06/04/2021 - 02:02:00: [SM]   [1] Line 75, /home/forums/content/files/7/2/34150.attach::cheatcommand
L 06/04/2021 - 02:02:01: [SM] Exception reported: String formatted incorrectly - parameter 4 (total 3)
L 06/04/2021 - 02:02:01: [SM] Blaming: admincheats.smx
L 06/04/2021 - 02:02:01: [SM] Call stack trace:
L 06/04/2021 - 02:02:01: [SM]   [0] PrintToConsole
L 06/04/2021 - 02:02:01: [SM]   [1] Line 75, /home/forums/content/files/7/2/34150.attach::cheatcommand
L 06/04/2021 - 02:02:01: [SM] Exception reported: String formatted incorrectly - parameter 4 (total 3)
L 06/04/2021 - 02:02:01: [SM] Blaming: admincheats.smx
L 06/04/2021 - 02:02:01: [SM] Call stack trace:
L 06/04/2021 - 02:02:01: [SM]   [0] PrintToConsole
L 06/04/2021 - 02:02:01: [SM]   [1] Line 75, /home/forums/content/files/7/2/34150.attach::cheatcommand
L 06/04/2021 - 02:02:01: [SM] Exception reported: String formatted incorrectly - parameter 4 (total 3)
L 06/04/2021 - 02:02:01: [SM] Blaming: admincheats.smx
L 06/04/2021 - 02:02:01: [SM] Call stack trace:
L 06/04/2021 - 02:02:01: [SM]   [0] PrintToConsole
L 06/04/2021 - 02:02:01: [SM]   [1] Line 75, /home/forums/content/files/7/2/34150.attach::cheatcommand
L 06/04/2021 - 02:02:01: [SM] Exception reported: String formatted incorrectly - parameter 4 (total 3)
L 06/04/2021 - 02:02:01: [SM] Blaming: admincheats.smx
L 06/04/2021 - 02:02:01: [SM] Call stack trace:
L 06/04/2021 - 02:02:01: [SM]   [0] PrintToConsole
L 06/04/2021 - 02:02:01: [SM]   [1] Line 75, /home/forums/content/files/7/2/34150.attach::cheatcommand
L 06/04/2021 - 02:02:01: [SM] Exception reported: String formatted incorrectly - parameter 4 (total 3)
L 06/04/2021 - 02:02:01: [SM] Blaming: admincheats.smx
L 06/04/2021 - 02:02:01: [SM] Call stack trace:
L 06/04/2021 - 02:02:01: [SM]   [0] PrintToConsole
L 06/04/2021 - 02:02:01: [SM]   [1] Line 75, /home/forums/content/files/7/2/34150.attach::cheatcommand
L 06/04/2021 - 02:02:02: [SM] Exception reported: String formatted incorrectly - parameter 4 (total 3)
L 06/04/2021 - 02:02:02: [SM] Blaming: admincheats.smx
L 06/04/2021 - 02:02:02: [SM] Call stack trace:
L 06/04/2021 - 02:02:02: [SM]   [0] PrintToConsole
L 06/04/2021 - 02:02:02: [SM]   [1] Line 75, /home/forums/content/files/7/2/34150.attach::cheatcommand
L 06/04/2021 - 02:02:02: [SM] Exception reported: String formatted incorrectly - parameter 4 (total 3)
L 06/04/2021 - 02:02:02: [SM] Blaming: admincheats.smx
L 06/04/2021 - 02:02:02: [SM] Call stack trace:
L 06/04/2021 - 02:02:02: [SM]   [0] PrintToConsole
L 06/04/2021 - 02:02:02: [SM]   [1] Line 75, /home/forums/content/files/7/2/34150.attach::cheatcommand
L 06/04/2021 - 02:02:02: [SM] Exception reported: String formatted incorrectly - parameter 4 (total 3)
L 06/04/2021 - 02:02:02: [SM] Blaming: admincheats.smx
L 06/04/2021 - 02:02:02: [SM] Call stack trace:
L 06/04/2021 - 02:02:02: [SM]   [0] PrintToConsole
L 06/04/2021 - 02:02:02: [SM]   [1] Line 75, /home/forums/content/files/7/2/34150.attach::cheatcommand
L 06/04/2021 - 02:02:02: [SM] Exception reported: String formatted incorrectly - parameter 4 (total 3)
L 06/04/2021 - 02:02:02: [SM] Blaming: admincheats.smx
L 06/04/2021 - 02:02:02: [SM] Call stack trace:
L 06/04/2021 - 02:02:02: [SM]   [0] PrintToConsole
L 06/04/2021 - 02:02:02: [SM]   [1] Line 75, /home/forums/content/files/7/2/34150.attach::cheatcommand
L 06/04/2021 - 02:02:02: [SM] Exception reported: String formatted incorrectly - parameter 4 (total 3)
L 06/04/2021 - 02:02:02: [SM] Blaming: admincheats.smx
L 06/04/2021 - 02:02:02: [SM] Call stack trace:
L 06/04/2021 - 02:02:02: [SM]   [0] PrintToConsole
L 06/04/2021 - 02:02:02: [SM]   [1] Line 75, /home/forums/content/files/7/2/34150.attach::cheatcommand
L 06/04/2021 - 02:02:07: [SM] Exception reported: String formatted incorrectly - parameter 4 (total 3)
L 06/04/2021 - 02:02:07: [SM] Blaming: admincheats.smx
L 06/04/2021 - 02:02:07: [SM] Call stack trace:
L 06/04/2021 - 02:02:07: [SM]   [0] PrintToConsole
L 06/04/2021 - 02:02:07: [SM]   [1] Line 75, /home/forums/content/files/7/2/34150.attach::cheatcommand
L 06/04/2021 - 02:02:07: [SM] Exception reported: String formatted incorrectly - parameter 4 (total 3)
L 06/04/2021 - 02:02:07: [SM] Blaming: admincheats.smx
L 06/04/2021 - 02:02:07: [SM] Call stack trace:
L 06/04/2021 - 02:02:07: [SM]   [0] PrintToConsole
L 06/04/2021 - 02:02:07: [SM]   [1] Line 75, /home/forums/content/files/7/2/34150.attach::cheatcommand
L 06/04/2021 - 02:03:51: [SM] Exception reported: String formatted incorrectly - parameter 4 (total 3)
L 06/04/2021 - 02:03:51: [SM] Blaming: admincheats.smx
L 06/04/2021 - 02:03:51: [SM] Call stack trace:
L 06/04/2021 - 02:03:51: [SM]   [0] PrintToConsole
L 06/04/2021 - 02:03:51: [SM]   [1] Line 75, /home/forums/content/files/7/2/34150.attach::cheatcommand
L 06/04/2021 - 02:03:54: [SM] Exception reported: String formatted incorrectly - parameter 4 (total 3)
L 06/04/2021 - 02:03:54: [SM] Blaming: admincheats.smx
L 06/04/2021 - 02:03:54: [SM] Call stack trace:
L 06/04/2021 - 02:03:54: [SM]   [0] PrintToConsole
L 06/04/2021 - 02:03:54: [SM]   [1] Line 75, /home/forums/content/files/7/2/34150.attach::cheatcommand
L 06/04/2021 - 02:03:54: [SM] Exception reported: String formatted incorrectly - parameter 4 (total 3)
L 06/04/2021 - 02:03:54: [SM] Blaming: admincheats.smx
L 06/04/2021 - 02:03:54: [SM] Call stack trace:
L 06/04/2021 - 02:03:54: [SM]   [0] PrintToConsole
L 06/04/2021 - 02:03:54: [SM]   [1] Line 75, /home/forums/content/files/7/2/34150.attach::cheatcommand
L 06/04/2021 - 02:04:09: [SM] Exception reported: String formatted incorrectly - parameter 4 (total 3)
L 06/04/2021 - 02:04:09: [SM] Blaming: admincheats.smx
L 06/04/2021 - 02:04:09: [SM] Call stack trace:
L 06/04/2021 - 02:04:09: [SM]   [0] PrintToConsole
L 06/04/2021 - 02:04:09: [SM]   [1] Line 75, /home/forums/content/files/7/2/34150.attach::cheatcommand
L 06/04/2021 - 04:00:46: Error log file session closed.
L 06/04/2021 - 04:01:53: SourceMod error session started
L 06/04/2021 - 04:01:53: Info (map "plr_hightower") (file "/hlserver/tf2/tf/addons/sourcemod/logs/errors_20210604.log")
L 06/04/2021 - 04:01:53: [tf2attributes.smx] Could not initialize call to CEconItem::SetCustomName
L 06/05/2021 - 04:00:07: Error log file session closed.
