L 04/13/2021 - 01:57:01: SourceMod error session started
L 04/13/2021 - 01:57:01: Info (map "plr_hightower") (file "/hlserver/tf2/tf/addons/sourcemod/logs/errors_20210413.log")
L 04/13/2021 - 01:57:01: [SM] Exception reported: String formatted incorrectly - parameter 4 (total 3)
L 04/13/2021 - 01:57:01: [SM] Blaming: admincheats.smx
L 04/13/2021 - 01:57:01: [SM] Call stack trace:
L 04/13/2021 - 01:57:01: [SM]   [0] PrintToConsole
L 04/13/2021 - 01:57:01: [SM]   [1] Line 75, /home/forums/content/files/7/2/34150.attach::cheatcommand
L 04/13/2021 - 01:57:01: [SM] Exception reported: String formatted incorrectly - parameter 4 (total 3)
L 04/13/2021 - 01:57:01: [SM] Blaming: admincheats.smx
L 04/13/2021 - 01:57:01: [SM] Call stack trace:
L 04/13/2021 - 01:57:01: [SM]   [0] PrintToConsole
L 04/13/2021 - 01:57:01: [SM]   [1] Line 75, /home/forums/content/files/7/2/34150.attach::cheatcommand
L 04/13/2021 - 01:57:01: [SM] Exception reported: String formatted incorrectly - parameter 4 (total 3)
L 04/13/2021 - 01:57:01: [SM] Blaming: admincheats.smx
L 04/13/2021 - 01:57:01: [SM] Call stack trace:
L 04/13/2021 - 01:57:01: [SM]   [0] PrintToConsole
L 04/13/2021 - 01:57:01: [SM]   [1] Line 75, /home/forums/content/files/7/2/34150.attach::cheatcommand
L 04/13/2021 - 01:57:01: [SM] Exception reported: String formatted incorrectly - parameter 4 (total 3)
L 04/13/2021 - 01:57:01: [SM] Blaming: admincheats.smx
L 04/13/2021 - 01:57:01: [SM] Call stack trace:
L 04/13/2021 - 01:57:01: [SM]   [0] PrintToConsole
L 04/13/2021 - 01:57:01: [SM]   [1] Line 75, /home/forums/content/files/7/2/34150.attach::cheatcommand
L 04/13/2021 - 01:57:01: [SM] Exception reported: String formatted incorrectly - parameter 4 (total 3)
L 04/13/2021 - 01:57:01: [SM] Blaming: admincheats.smx
L 04/13/2021 - 01:57:01: [SM] Call stack trace:
L 04/13/2021 - 01:57:01: [SM]   [0] PrintToConsole
L 04/13/2021 - 01:57:01: [SM]   [1] Line 75, /home/forums/content/files/7/2/34150.attach::cheatcommand
L 04/13/2021 - 01:57:02: [SM] Exception reported: String formatted incorrectly - parameter 4 (total 3)
L 04/13/2021 - 01:57:02: [SM] Blaming: admincheats.smx
L 04/13/2021 - 01:57:02: [SM] Call stack trace:
L 04/13/2021 - 01:57:02: [SM]   [0] PrintToConsole
L 04/13/2021 - 01:57:02: [SM]   [1] Line 75, /home/forums/content/files/7/2/34150.attach::cheatcommand
L 04/13/2021 - 01:57:02: [SM] Exception reported: String formatted incorrectly - parameter 4 (total 3)
L 04/13/2021 - 01:57:02: [SM] Blaming: admincheats.smx
L 04/13/2021 - 01:57:02: [SM] Call stack trace:
L 04/13/2021 - 01:57:02: [SM]   [0] PrintToConsole
L 04/13/2021 - 01:57:02: [SM]   [1] Line 75, /home/forums/content/files/7/2/34150.attach::cheatcommand
L 04/13/2021 - 01:57:02: [SM] Exception reported: String formatted incorrectly - parameter 4 (total 3)
L 04/13/2021 - 01:57:02: [SM] Blaming: admincheats.smx
L 04/13/2021 - 01:57:02: [SM] Call stack trace:
L 04/13/2021 - 01:57:02: [SM]   [0] PrintToConsole
L 04/13/2021 - 01:57:02: [SM]   [1] Line 75, /home/forums/content/files/7/2/34150.attach::cheatcommand
L 04/13/2021 - 01:57:02: [SM] Exception reported: String formatted incorrectly - parameter 4 (total 3)
L 04/13/2021 - 01:57:02: [SM] Blaming: admincheats.smx
L 04/13/2021 - 01:57:02: [SM] Call stack trace:
L 04/13/2021 - 01:57:02: [SM]   [0] PrintToConsole
L 04/13/2021 - 01:57:02: [SM]   [1] Line 75, /home/forums/content/files/7/2/34150.attach::cheatcommand
L 04/13/2021 - 01:57:02: [SM] Exception reported: String formatted incorrectly - parameter 4 (total 3)
L 04/13/2021 - 01:57:02: [SM] Blaming: admincheats.smx
L 04/13/2021 - 01:57:02: [SM] Call stack trace:
L 04/13/2021 - 01:57:02: [SM]   [0] PrintToConsole
L 04/13/2021 - 01:57:02: [SM]   [1] Line 75, /home/forums/content/files/7/2/34150.attach::cheatcommand
L 04/13/2021 - 01:57:02: [SM] Exception reported: String formatted incorrectly - parameter 4 (total 3)
L 04/13/2021 - 01:57:02: [SM] Blaming: admincheats.smx
L 04/13/2021 - 01:57:02: [SM] Call stack trace:
L 04/13/2021 - 01:57:02: [SM]   [0] PrintToConsole
L 04/13/2021 - 01:57:02: [SM]   [1] Line 75, /home/forums/content/files/7/2/34150.attach::cheatcommand
L 04/13/2021 - 01:57:03: [SM] Exception reported: String formatted incorrectly - parameter 4 (total 3)
L 04/13/2021 - 01:57:03: [SM] Blaming: admincheats.smx
L 04/13/2021 - 01:57:03: [SM] Call stack trace:
L 04/13/2021 - 01:57:03: [SM]   [0] PrintToConsole
L 04/13/2021 - 01:57:03: [SM]   [1] Line 75, /home/forums/content/files/7/2/34150.attach::cheatcommand
L 04/13/2021 - 01:57:03: [SM] Exception reported: String formatted incorrectly - parameter 4 (total 3)
L 04/13/2021 - 01:57:03: [SM] Blaming: admincheats.smx
L 04/13/2021 - 01:57:03: [SM] Call stack trace:
L 04/13/2021 - 01:57:03: [SM]   [0] PrintToConsole
L 04/13/2021 - 01:57:03: [SM]   [1] Line 75, /home/forums/content/files/7/2/34150.attach::cheatcommand
L 04/13/2021 - 01:57:03: [SM] Exception reported: String formatted incorrectly - parameter 4 (total 3)
L 04/13/2021 - 01:57:03: [SM] Blaming: admincheats.smx
L 04/13/2021 - 01:57:03: [SM] Call stack trace:
L 04/13/2021 - 01:57:03: [SM]   [0] PrintToConsole
L 04/13/2021 - 01:57:03: [SM]   [1] Line 75, /home/forums/content/files/7/2/34150.attach::cheatcommand
L 04/13/2021 - 01:57:03: [SM] Exception reported: String formatted incorrectly - parameter 4 (total 3)
L 04/13/2021 - 01:57:03: [SM] Blaming: admincheats.smx
L 04/13/2021 - 01:57:03: [SM] Call stack trace:
L 04/13/2021 - 01:57:03: [SM]   [0] PrintToConsole
L 04/13/2021 - 01:57:03: [SM]   [1] Line 75, /home/forums/content/files/7/2/34150.attach::cheatcommand
L 04/13/2021 - 01:57:03: [SM] Exception reported: String formatted incorrectly - parameter 4 (total 3)
L 04/13/2021 - 01:57:03: [SM] Blaming: admincheats.smx
L 04/13/2021 - 01:57:03: [SM] Call stack trace:
L 04/13/2021 - 01:57:03: [SM]   [0] PrintToConsole
L 04/13/2021 - 01:57:03: [SM]   [1] Line 75, /home/forums/content/files/7/2/34150.attach::cheatcommand
L 04/13/2021 - 01:57:04: [SM] Exception reported: String formatted incorrectly - parameter 4 (total 3)
L 04/13/2021 - 01:57:04: [SM] Blaming: admincheats.smx
L 04/13/2021 - 01:57:04: [SM] Call stack trace:
L 04/13/2021 - 01:57:04: [SM]   [0] PrintToConsole
L 04/13/2021 - 01:57:04: [SM]   [1] Line 75, /home/forums/content/files/7/2/34150.attach::cheatcommand
L 04/13/2021 - 01:57:04: [SM] Exception reported: String formatted incorrectly - parameter 4 (total 3)
L 04/13/2021 - 01:57:04: [SM] Blaming: admincheats.smx
L 04/13/2021 - 01:57:04: [SM] Call stack trace:
L 04/13/2021 - 01:57:04: [SM]   [0] PrintToConsole
L 04/13/2021 - 01:57:04: [SM]   [1] Line 75, /home/forums/content/files/7/2/34150.attach::cheatcommand
L 04/13/2021 - 01:57:04: [SM] Exception reported: String formatted incorrectly - parameter 4 (total 3)
L 04/13/2021 - 01:57:04: [SM] Blaming: admincheats.smx
L 04/13/2021 - 01:57:04: [SM] Call stack trace:
L 04/13/2021 - 01:57:04: [SM]   [0] PrintToConsole
L 04/13/2021 - 01:57:04: [SM]   [1] Line 75, /home/forums/content/files/7/2/34150.attach::cheatcommand
L 04/13/2021 - 01:57:04: [SM] Exception reported: String formatted incorrectly - parameter 4 (total 3)
L 04/13/2021 - 01:57:04: [SM] Blaming: admincheats.smx
L 04/13/2021 - 01:57:04: [SM] Call stack trace:
L 04/13/2021 - 01:57:04: [SM]   [0] PrintToConsole
L 04/13/2021 - 01:57:04: [SM]   [1] Line 75, /home/forums/content/files/7/2/34150.attach::cheatcommand
L 04/13/2021 - 01:57:04: [SM] Exception reported: String formatted incorrectly - parameter 4 (total 3)
L 04/13/2021 - 01:57:04: [SM] Blaming: admincheats.smx
L 04/13/2021 - 01:57:04: [SM] Call stack trace:
L 04/13/2021 - 01:57:04: [SM]   [0] PrintToConsole
L 04/13/2021 - 01:57:04: [SM]   [1] Line 75, /home/forums/content/files/7/2/34150.attach::cheatcommand
L 04/13/2021 - 01:57:04: [SM] Exception reported: String formatted incorrectly - parameter 4 (total 3)
L 04/13/2021 - 01:57:04: [SM] Blaming: admincheats.smx
L 04/13/2021 - 01:57:04: [SM] Call stack trace:
L 04/13/2021 - 01:57:04: [SM]   [0] PrintToConsole
L 04/13/2021 - 01:57:04: [SM]   [1] Line 75, /home/forums/content/files/7/2/34150.attach::cheatcommand
L 04/13/2021 - 01:57:05: [SM] Exception reported: String formatted incorrectly - parameter 4 (total 3)
L 04/13/2021 - 01:57:05: [SM] Blaming: admincheats.smx
L 04/13/2021 - 01:57:05: [SM] Call stack trace:
L 04/13/2021 - 01:57:05: [SM]   [0] PrintToConsole
L 04/13/2021 - 01:57:05: [SM]   [1] Line 75, /home/forums/content/files/7/2/34150.attach::cheatcommand
L 04/13/2021 - 01:57:05: [SM] Exception reported: String formatted incorrectly - parameter 4 (total 3)
L 04/13/2021 - 01:57:05: [SM] Blaming: admincheats.smx
L 04/13/2021 - 01:57:05: [SM] Call stack trace:
L 04/13/2021 - 01:57:05: [SM]   [0] PrintToConsole
L 04/13/2021 - 01:57:05: [SM]   [1] Line 75, /home/forums/content/files/7/2/34150.attach::cheatcommand
L 04/13/2021 - 01:57:05: [SM] Exception reported: String formatted incorrectly - parameter 4 (total 3)
L 04/13/2021 - 01:57:05: [SM] Blaming: admincheats.smx
L 04/13/2021 - 01:57:05: [SM] Call stack trace:
L 04/13/2021 - 01:57:05: [SM]   [0] PrintToConsole
L 04/13/2021 - 01:57:05: [SM]   [1] Line 75, /home/forums/content/files/7/2/34150.attach::cheatcommand
L 04/13/2021 - 01:57:05: [SM] Exception reported: String formatted incorrectly - parameter 4 (total 3)
L 04/13/2021 - 01:57:05: [SM] Blaming: admincheats.smx
L 04/13/2021 - 01:57:05: [SM] Call stack trace:
L 04/13/2021 - 01:57:05: [SM]   [0] PrintToConsole
L 04/13/2021 - 01:57:05: [SM]   [1] Line 75, /home/forums/content/files/7/2/34150.attach::cheatcommand
L 04/13/2021 - 01:57:05: [SM] Exception reported: String formatted incorrectly - parameter 4 (total 3)
L 04/13/2021 - 01:57:05: [SM] Blaming: admincheats.smx
L 04/13/2021 - 01:57:05: [SM] Call stack trace:
L 04/13/2021 - 01:57:05: [SM]   [0] PrintToConsole
L 04/13/2021 - 01:57:05: [SM]   [1] Line 75, /home/forums/content/files/7/2/34150.attach::cheatcommand
L 04/13/2021 - 01:57:05: [SM] Exception reported: String formatted incorrectly - parameter 4 (total 3)
L 04/13/2021 - 01:57:05: [SM] Blaming: admincheats.smx
L 04/13/2021 - 01:57:05: [SM] Call stack trace:
L 04/13/2021 - 01:57:05: [SM]   [0] PrintToConsole
L 04/13/2021 - 01:57:05: [SM]   [1] Line 75, /home/forums/content/files/7/2/34150.attach::cheatcommand
L 04/13/2021 - 01:57:06: [SM] Exception reported: String formatted incorrectly - parameter 4 (total 3)
L 04/13/2021 - 01:57:06: [SM] Blaming: admincheats.smx
L 04/13/2021 - 01:57:06: [SM] Call stack trace:
L 04/13/2021 - 01:57:06: [SM]   [0] PrintToConsole
L 04/13/2021 - 01:57:06: [SM]   [1] Line 75, /home/forums/content/files/7/2/34150.attach::cheatcommand
L 04/13/2021 - 01:57:06: [SM] Exception reported: String formatted incorrectly - parameter 4 (total 3)
L 04/13/2021 - 01:57:06: [SM] Blaming: admincheats.smx
L 04/13/2021 - 01:57:06: [SM] Call stack trace:
L 04/13/2021 - 01:57:06: [SM]   [0] PrintToConsole
L 04/13/2021 - 01:57:06: [SM]   [1] Line 75, /home/forums/content/files/7/2/34150.attach::cheatcommand
L 04/13/2021 - 01:57:06: [SM] Exception reported: String formatted incorrectly - parameter 4 (total 3)
L 04/13/2021 - 01:57:06: [SM] Blaming: admincheats.smx
L 04/13/2021 - 01:57:06: [SM] Call stack trace:
L 04/13/2021 - 01:57:06: [SM]   [0] PrintToConsole
L 04/13/2021 - 01:57:06: [SM]   [1] Line 75, /home/forums/content/files/7/2/34150.attach::cheatcommand
L 04/13/2021 - 01:57:06: [SM] Exception reported: String formatted incorrectly - parameter 4 (total 3)
L 04/13/2021 - 01:57:06: [SM] Blaming: admincheats.smx
L 04/13/2021 - 01:57:06: [SM] Call stack trace:
L 04/13/2021 - 01:57:06: [SM]   [0] PrintToConsole
L 04/13/2021 - 01:57:06: [SM]   [1] Line 75, /home/forums/content/files/7/2/34150.attach::cheatcommand
L 04/13/2021 - 01:57:06: [SM] Exception reported: String formatted incorrectly - parameter 4 (total 3)
L 04/13/2021 - 01:57:06: [SM] Blaming: admincheats.smx
L 04/13/2021 - 01:57:06: [SM] Call stack trace:
L 04/13/2021 - 01:57:06: [SM]   [0] PrintToConsole
L 04/13/2021 - 01:57:06: [SM]   [1] Line 75, /home/forums/content/files/7/2/34150.attach::cheatcommand
L 04/13/2021 - 01:57:07: [SM] Exception reported: String formatted incorrectly - parameter 4 (total 3)
L 04/13/2021 - 01:57:07: [SM] Blaming: admincheats.smx
L 04/13/2021 - 01:57:07: [SM] Call stack trace:
L 04/13/2021 - 01:57:07: [SM]   [0] PrintToConsole
L 04/13/2021 - 01:57:07: [SM]   [1] Line 75, /home/forums/content/files/7/2/34150.attach::cheatcommand
L 04/13/2021 - 01:57:07: [SM] Exception reported: String formatted incorrectly - parameter 4 (total 3)
L 04/13/2021 - 01:57:07: [SM] Blaming: admincheats.smx
L 04/13/2021 - 01:57:07: [SM] Call stack trace:
L 04/13/2021 - 01:57:07: [SM]   [0] PrintToConsole
L 04/13/2021 - 01:57:07: [SM]   [1] Line 75, /home/forums/content/files/7/2/34150.attach::cheatcommand
L 04/13/2021 - 01:57:07: [SM] Exception reported: String formatted incorrectly - parameter 4 (total 3)
L 04/13/2021 - 01:57:07: [SM] Blaming: admincheats.smx
L 04/13/2021 - 01:57:07: [SM] Call stack trace:
L 04/13/2021 - 01:57:07: [SM]   [0] PrintToConsole
L 04/13/2021 - 01:57:07: [SM]   [1] Line 75, /home/forums/content/files/7/2/34150.attach::cheatcommand
L 04/13/2021 - 01:57:07: [SM] Exception reported: String formatted incorrectly - parameter 4 (total 3)
L 04/13/2021 - 01:57:07: [SM] Blaming: admincheats.smx
L 04/13/2021 - 01:57:07: [SM] Call stack trace:
L 04/13/2021 - 01:57:07: [SM]   [0] PrintToConsole
L 04/13/2021 - 01:57:07: [SM]   [1] Line 75, /home/forums/content/files/7/2/34150.attach::cheatcommand
L 04/13/2021 - 01:57:07: [SM] Exception reported: String formatted incorrectly - parameter 4 (total 3)
L 04/13/2021 - 01:57:07: [SM] Blaming: admincheats.smx
L 04/13/2021 - 01:57:07: [SM] Call stack trace:
L 04/13/2021 - 01:57:07: [SM]   [0] PrintToConsole
L 04/13/2021 - 01:57:07: [SM]   [1] Line 75, /home/forums/content/files/7/2/34150.attach::cheatcommand
L 04/13/2021 - 01:57:07: [SM] Exception reported: String formatted incorrectly - parameter 4 (total 3)
L 04/13/2021 - 01:57:07: [SM] Blaming: admincheats.smx
L 04/13/2021 - 01:57:07: [SM] Call stack trace:
L 04/13/2021 - 01:57:07: [SM]   [0] PrintToConsole
L 04/13/2021 - 01:57:07: [SM]   [1] Line 75, /home/forums/content/files/7/2/34150.attach::cheatcommand
L 04/13/2021 - 01:57:08: [SM] Exception reported: String formatted incorrectly - parameter 4 (total 3)
L 04/13/2021 - 01:57:08: [SM] Blaming: admincheats.smx
L 04/13/2021 - 01:57:08: [SM] Call stack trace:
L 04/13/2021 - 01:57:08: [SM]   [0] PrintToConsole
L 04/13/2021 - 01:57:08: [SM]   [1] Line 75, /home/forums/content/files/7/2/34150.attach::cheatcommand
L 04/13/2021 - 01:57:08: [SM] Exception reported: String formatted incorrectly - parameter 4 (total 3)
L 04/13/2021 - 01:57:08: [SM] Blaming: admincheats.smx
L 04/13/2021 - 01:57:08: [SM] Call stack trace:
L 04/13/2021 - 01:57:08: [SM]   [0] PrintToConsole
L 04/13/2021 - 01:57:08: [SM]   [1] Line 75, /home/forums/content/files/7/2/34150.attach::cheatcommand
L 04/13/2021 - 01:57:08: [SM] Exception reported: String formatted incorrectly - parameter 4 (total 3)
L 04/13/2021 - 01:57:08: [SM] Blaming: admincheats.smx
L 04/13/2021 - 01:57:08: [SM] Call stack trace:
L 04/13/2021 - 01:57:08: [SM]   [0] PrintToConsole
L 04/13/2021 - 01:57:08: [SM]   [1] Line 75, /home/forums/content/files/7/2/34150.attach::cheatcommand
L 04/13/2021 - 01:57:08: [SM] Exception reported: String formatted incorrectly - parameter 4 (total 3)
L 04/13/2021 - 01:57:08: [SM] Blaming: admincheats.smx
L 04/13/2021 - 01:57:08: [SM] Call stack trace:
L 04/13/2021 - 01:57:08: [SM]   [0] PrintToConsole
L 04/13/2021 - 01:57:08: [SM]   [1] Line 75, /home/forums/content/files/7/2/34150.attach::cheatcommand
L 04/13/2021 - 01:57:08: [SM] Exception reported: String formatted incorrectly - parameter 4 (total 3)
L 04/13/2021 - 01:57:08: [SM] Blaming: admincheats.smx
L 04/13/2021 - 01:57:08: [SM] Call stack trace:
L 04/13/2021 - 01:57:08: [SM]   [0] PrintToConsole
L 04/13/2021 - 01:57:08: [SM]   [1] Line 75, /home/forums/content/files/7/2/34150.attach::cheatcommand
L 04/13/2021 - 01:57:09: [SM] Exception reported: String formatted incorrectly - parameter 4 (total 3)
L 04/13/2021 - 01:57:09: [SM] Blaming: admincheats.smx
L 04/13/2021 - 01:57:09: [SM] Call stack trace:
L 04/13/2021 - 01:57:09: [SM]   [0] PrintToConsole
L 04/13/2021 - 01:57:09: [SM]   [1] Line 75, /home/forums/content/files/7/2/34150.attach::cheatcommand
L 04/13/2021 - 01:57:09: [SM] Exception reported: String formatted incorrectly - parameter 4 (total 3)
L 04/13/2021 - 01:57:09: [SM] Blaming: admincheats.smx
L 04/13/2021 - 01:57:09: [SM] Call stack trace:
L 04/13/2021 - 01:57:09: [SM]   [0] PrintToConsole
L 04/13/2021 - 01:57:09: [SM]   [1] Line 75, /home/forums/content/files/7/2/34150.attach::cheatcommand
L 04/13/2021 - 01:57:09: [SM] Exception reported: String formatted incorrectly - parameter 4 (total 3)
L 04/13/2021 - 01:57:09: [SM] Blaming: admincheats.smx
L 04/13/2021 - 01:57:09: [SM] Call stack trace:
L 04/13/2021 - 01:57:09: [SM]   [0] PrintToConsole
L 04/13/2021 - 01:57:09: [SM]   [1] Line 75, /home/forums/content/files/7/2/34150.attach::cheatcommand
L 04/13/2021 - 01:57:09: [SM] Exception reported: String formatted incorrectly - parameter 4 (total 3)
L 04/13/2021 - 01:57:09: [SM] Blaming: admincheats.smx
L 04/13/2021 - 01:57:09: [SM] Call stack trace:
L 04/13/2021 - 01:57:09: [SM]   [0] PrintToConsole
L 04/13/2021 - 01:57:09: [SM]   [1] Line 75, /home/forums/content/files/7/2/34150.attach::cheatcommand
L 04/13/2021 - 01:57:09: [SM] Exception reported: String formatted incorrectly - parameter 4 (total 3)
L 04/13/2021 - 01:57:09: [SM] Blaming: admincheats.smx
L 04/13/2021 - 01:57:09: [SM] Call stack trace:
L 04/13/2021 - 01:57:09: [SM]   [0] PrintToConsole
L 04/13/2021 - 01:57:09: [SM]   [1] Line 75, /home/forums/content/files/7/2/34150.attach::cheatcommand
L 04/13/2021 - 01:57:10: [SM] Exception reported: String formatted incorrectly - parameter 4 (total 3)
L 04/13/2021 - 01:57:10: [SM] Blaming: admincheats.smx
L 04/13/2021 - 01:57:10: [SM] Call stack trace:
L 04/13/2021 - 01:57:10: [SM]   [0] PrintToConsole
L 04/13/2021 - 01:57:10: [SM]   [1] Line 75, /home/forums/content/files/7/2/34150.attach::cheatcommand
L 04/13/2021 - 01:57:10: [SM] Exception reported: String formatted incorrectly - parameter 4 (total 3)
L 04/13/2021 - 01:57:10: [SM] Blaming: admincheats.smx
L 04/13/2021 - 01:57:10: [SM] Call stack trace:
L 04/13/2021 - 01:57:10: [SM]   [0] PrintToConsole
L 04/13/2021 - 01:57:10: [SM]   [1] Line 75, /home/forums/content/files/7/2/34150.attach::cheatcommand
L 04/13/2021 - 01:57:10: [SM] Exception reported: String formatted incorrectly - parameter 4 (total 3)
L 04/13/2021 - 01:57:10: [SM] Blaming: admincheats.smx
L 04/13/2021 - 01:57:10: [SM] Call stack trace:
L 04/13/2021 - 01:57:10: [SM]   [0] PrintToConsole
L 04/13/2021 - 01:57:10: [SM]   [1] Line 75, /home/forums/content/files/7/2/34150.attach::cheatcommand
L 04/13/2021 - 01:57:25: [SM] Exception reported: String formatted incorrectly - parameter 4 (total 3)
L 04/13/2021 - 01:57:25: [SM] Blaming: admincheats.smx
L 04/13/2021 - 01:57:25: [SM] Call stack trace:
L 04/13/2021 - 01:57:25: [SM]   [0] PrintToConsole
L 04/13/2021 - 01:57:25: [SM]   [1] Line 75, /home/forums/content/files/7/2/34150.attach::cheatcommand
L 04/13/2021 - 02:04:01: Error log file session closed.
L 04/13/2021 - 02:16:20: SourceMod error session started
L 04/13/2021 - 02:16:20: Info (map "plr_hightower") (file "/hlserver/tf2/tf/addons/sourcemod/logs/errors_20210413.log")
L 04/13/2021 - 02:16:20: [SM] Exception reported: String formatted incorrectly - parameter 4 (total 3)
L 04/13/2021 - 02:16:20: [SM] Blaming: admincheats.smx
L 04/13/2021 - 02:16:20: [SM] Call stack trace:
L 04/13/2021 - 02:16:20: [SM]   [0] PrintToConsole
L 04/13/2021 - 02:16:20: [SM]   [1] Line 75, /home/forums/content/files/7/2/34150.attach::cheatcommand
L 04/13/2021 - 02:16:20: [SM] Exception reported: String formatted incorrectly - parameter 4 (total 3)
L 04/13/2021 - 02:16:20: [SM] Blaming: admincheats.smx
L 04/13/2021 - 02:16:20: [SM] Call stack trace:
L 04/13/2021 - 02:16:20: [SM]   [0] PrintToConsole
L 04/13/2021 - 02:16:20: [SM]   [1] Line 75, /home/forums/content/files/7/2/34150.attach::cheatcommand
L 04/13/2021 - 02:16:25: [SM] Exception reported: String formatted incorrectly - parameter 4 (total 3)
L 04/13/2021 - 02:16:25: [SM] Blaming: admincheats.smx
L 04/13/2021 - 02:16:25: [SM] Call stack trace:
L 04/13/2021 - 02:16:25: [SM]   [0] PrintToConsole
L 04/13/2021 - 02:16:25: [SM]   [1] Line 75, /home/forums/content/files/7/2/34150.attach::cheatcommand
L 04/13/2021 - 02:16:26: [SM] Exception reported: String formatted incorrectly - parameter 4 (total 3)
L 04/13/2021 - 02:16:26: [SM] Blaming: admincheats.smx
L 04/13/2021 - 02:16:26: [SM] Call stack trace:
L 04/13/2021 - 02:16:26: [SM]   [0] PrintToConsole
L 04/13/2021 - 02:16:26: [SM]   [1] Line 75, /home/forums/content/files/7/2/34150.attach::cheatcommand
L 04/13/2021 - 02:16:31: [SM] Exception reported: String formatted incorrectly - parameter 4 (total 3)
L 04/13/2021 - 02:16:31: [SM] Blaming: admincheats.smx
L 04/13/2021 - 02:16:31: [SM] Call stack trace:
L 04/13/2021 - 02:16:31: [SM]   [0] PrintToConsole
L 04/13/2021 - 02:16:31: [SM]   [1] Line 75, /home/forums/content/files/7/2/34150.attach::cheatcommand
L 04/13/2021 - 02:16:46: [SM] Exception reported: String formatted incorrectly - parameter 4 (total 3)
L 04/13/2021 - 02:16:46: [SM] Blaming: admincheats.smx
L 04/13/2021 - 02:16:46: [SM] Call stack trace:
L 04/13/2021 - 02:16:46: [SM]   [0] PrintToConsole
L 04/13/2021 - 02:16:46: [SM]   [1] Line 75, /home/forums/content/files/7/2/34150.attach::cheatcommand
L 04/13/2021 - 02:16:46: [SM] Exception reported: String formatted incorrectly - parameter 4 (total 3)
L 04/13/2021 - 02:16:46: [SM] Blaming: admincheats.smx
L 04/13/2021 - 02:16:46: [SM] Call stack trace:
L 04/13/2021 - 02:16:46: [SM]   [0] PrintToConsole
L 04/13/2021 - 02:16:46: [SM]   [1] Line 75, /home/forums/content/files/7/2/34150.attach::cheatcommand
L 04/13/2021 - 02:16:46: [SM] Exception reported: String formatted incorrectly - parameter 4 (total 3)
L 04/13/2021 - 02:16:46: [SM] Blaming: admincheats.smx
L 04/13/2021 - 02:16:46: [SM] Call stack trace:
L 04/13/2021 - 02:16:46: [SM]   [0] PrintToConsole
L 04/13/2021 - 02:16:46: [SM]   [1] Line 75, /home/forums/content/files/7/2/34150.attach::cheatcommand
L 04/13/2021 - 02:16:47: [SM] Exception reported: String formatted incorrectly - parameter 4 (total 3)
L 04/13/2021 - 02:16:47: [SM] Blaming: admincheats.smx
L 04/13/2021 - 02:16:47: [SM] Call stack trace:
L 04/13/2021 - 02:16:47: [SM]   [0] PrintToConsole
L 04/13/2021 - 02:16:47: [SM]   [1] Line 75, /home/forums/content/files/7/2/34150.attach::cheatcommand
L 04/13/2021 - 02:16:47: [SM] Exception reported: String formatted incorrectly - parameter 4 (total 3)
L 04/13/2021 - 02:16:47: [SM] Blaming: admincheats.smx
L 04/13/2021 - 02:16:47: [SM] Call stack trace:
L 04/13/2021 - 02:16:47: [SM]   [0] PrintToConsole
L 04/13/2021 - 02:16:47: [SM]   [1] Line 75, /home/forums/content/files/7/2/34150.attach::cheatcommand
L 04/13/2021 - 02:16:47: [SM] Exception reported: String formatted incorrectly - parameter 4 (total 3)
L 04/13/2021 - 02:16:47: [SM] Blaming: admincheats.smx
L 04/13/2021 - 02:16:47: [SM] Call stack trace:
L 04/13/2021 - 02:16:47: [SM]   [0] PrintToConsole
L 04/13/2021 - 02:16:47: [SM]   [1] Line 75, /home/forums/content/files/7/2/34150.attach::cheatcommand
L 04/13/2021 - 02:16:47: [SM] Exception reported: String formatted incorrectly - parameter 4 (total 3)
L 04/13/2021 - 02:16:47: [SM] Blaming: admincheats.smx
L 04/13/2021 - 02:16:47: [SM] Call stack trace:
L 04/13/2021 - 02:16:47: [SM]   [0] PrintToConsole
L 04/13/2021 - 02:16:47: [SM]   [1] Line 75, /home/forums/content/files/7/2/34150.attach::cheatcommand
L 04/13/2021 - 02:16:47: [SM] Exception reported: String formatted incorrectly - parameter 4 (total 3)
L 04/13/2021 - 02:16:47: [SM] Blaming: admincheats.smx
L 04/13/2021 - 02:16:47: [SM] Call stack trace:
L 04/13/2021 - 02:16:47: [SM]   [0] PrintToConsole
L 04/13/2021 - 02:16:47: [SM]   [1] Line 75, /home/forums/content/files/7/2/34150.attach::cheatcommand
L 04/13/2021 - 02:16:47: [SM] Exception reported: String formatted incorrectly - parameter 4 (total 3)
L 04/13/2021 - 02:16:47: [SM] Blaming: admincheats.smx
L 04/13/2021 - 02:16:47: [SM] Call stack trace:
L 04/13/2021 - 02:16:47: [SM]   [0] PrintToConsole
L 04/13/2021 - 02:16:47: [SM]   [1] Line 75, /home/forums/content/files/7/2/34150.attach::cheatcommand
L 04/13/2021 - 02:16:48: [SM] Exception reported: String formatted incorrectly - parameter 4 (total 3)
L 04/13/2021 - 02:16:48: [SM] Blaming: admincheats.smx
L 04/13/2021 - 02:16:48: [SM] Call stack trace:
L 04/13/2021 - 02:16:48: [SM]   [0] PrintToConsole
L 04/13/2021 - 02:16:48: [SM]   [1] Line 75, /home/forums/content/files/7/2/34150.attach::cheatcommand
L 04/13/2021 - 02:16:48: [SM] Exception reported: String formatted incorrectly - parameter 4 (total 3)
L 04/13/2021 - 02:16:48: [SM] Blaming: admincheats.smx
L 04/13/2021 - 02:16:48: [SM] Call stack trace:
L 04/13/2021 - 02:16:48: [SM]   [0] PrintToConsole
L 04/13/2021 - 02:16:48: [SM]   [1] Line 75, /home/forums/content/files/7/2/34150.attach::cheatcommand
L 04/13/2021 - 02:16:48: [SM] Exception reported: String formatted incorrectly - parameter 4 (total 3)
L 04/13/2021 - 02:16:48: [SM] Blaming: admincheats.smx
L 04/13/2021 - 02:16:48: [SM] Call stack trace:
L 04/13/2021 - 02:16:48: [SM]   [0] PrintToConsole
L 04/13/2021 - 02:16:48: [SM]   [1] Line 75, /home/forums/content/files/7/2/34150.attach::cheatcommand
L 04/13/2021 - 02:16:48: [SM] Exception reported: String formatted incorrectly - parameter 4 (total 3)
L 04/13/2021 - 02:16:48: [SM] Blaming: admincheats.smx
L 04/13/2021 - 02:16:48: [SM] Call stack trace:
L 04/13/2021 - 02:16:48: [SM]   [0] PrintToConsole
L 04/13/2021 - 02:16:48: [SM]   [1] Line 75, /home/forums/content/files/7/2/34150.attach::cheatcommand
L 04/13/2021 - 02:16:48: [SM] Exception reported: String formatted incorrectly - parameter 4 (total 3)
L 04/13/2021 - 02:16:48: [SM] Blaming: admincheats.smx
L 04/13/2021 - 02:16:48: [SM] Call stack trace:
L 04/13/2021 - 02:16:48: [SM]   [0] PrintToConsole
L 04/13/2021 - 02:16:48: [SM]   [1] Line 75, /home/forums/content/files/7/2/34150.attach::cheatcommand
L 04/13/2021 - 02:16:48: [SM] Exception reported: String formatted incorrectly - parameter 4 (total 3)
L 04/13/2021 - 02:16:48: [SM] Blaming: admincheats.smx
L 04/13/2021 - 02:16:48: [SM] Call stack trace:
L 04/13/2021 - 02:16:48: [SM]   [0] PrintToConsole
L 04/13/2021 - 02:16:48: [SM]   [1] Line 75, /home/forums/content/files/7/2/34150.attach::cheatcommand
L 04/13/2021 - 02:16:49: [SM] Exception reported: String formatted incorrectly - parameter 4 (total 3)
L 04/13/2021 - 02:16:49: [SM] Blaming: admincheats.smx
L 04/13/2021 - 02:16:49: [SM] Call stack trace:
L 04/13/2021 - 02:16:49: [SM]   [0] PrintToConsole
L 04/13/2021 - 02:16:49: [SM]   [1] Line 75, /home/forums/content/files/7/2/34150.attach::cheatcommand
L 04/13/2021 - 02:16:49: [SM] Exception reported: String formatted incorrectly - parameter 4 (total 3)
L 04/13/2021 - 02:16:49: [SM] Blaming: admincheats.smx
L 04/13/2021 - 02:16:49: [SM] Call stack trace:
L 04/13/2021 - 02:16:49: [SM]   [0] PrintToConsole
L 04/13/2021 - 02:16:49: [SM]   [1] Line 75, /home/forums/content/files/7/2/34150.attach::cheatcommand
L 04/13/2021 - 02:16:49: [SM] Exception reported: String formatted incorrectly - parameter 4 (total 3)
L 04/13/2021 - 02:16:49: [SM] Blaming: admincheats.smx
L 04/13/2021 - 02:16:49: [SM] Call stack trace:
L 04/13/2021 - 02:16:49: [SM]   [0] PrintToConsole
L 04/13/2021 - 02:16:49: [SM]   [1] Line 75, /home/forums/content/files/7/2/34150.attach::cheatcommand
L 04/13/2021 - 02:16:49: [SM] Exception reported: String formatted incorrectly - parameter 4 (total 3)
L 04/13/2021 - 02:16:49: [SM] Blaming: admincheats.smx
L 04/13/2021 - 02:16:49: [SM] Call stack trace:
L 04/13/2021 - 02:16:49: [SM]   [0] PrintToConsole
L 04/13/2021 - 02:16:49: [SM]   [1] Line 75, /home/forums/content/files/7/2/34150.attach::cheatcommand
L 04/13/2021 - 02:16:49: [SM] Exception reported: String formatted incorrectly - parameter 4 (total 3)
L 04/13/2021 - 02:16:49: [SM] Blaming: admincheats.smx
L 04/13/2021 - 02:16:49: [SM] Call stack trace:
L 04/13/2021 - 02:16:49: [SM]   [0] PrintToConsole
L 04/13/2021 - 02:16:49: [SM]   [1] Line 75, /home/forums/content/files/7/2/34150.attach::cheatcommand
L 04/13/2021 - 02:16:50: [SM] Exception reported: String formatted incorrectly - parameter 4 (total 3)
L 04/13/2021 - 02:16:50: [SM] Blaming: admincheats.smx
L 04/13/2021 - 02:16:50: [SM] Call stack trace:
L 04/13/2021 - 02:16:50: [SM]   [0] PrintToConsole
L 04/13/2021 - 02:16:50: [SM]   [1] Line 75, /home/forums/content/files/7/2/34150.attach::cheatcommand
L 04/13/2021 - 02:16:50: [SM] Exception reported: String formatted incorrectly - parameter 4 (total 3)
L 04/13/2021 - 02:16:50: [SM] Blaming: admincheats.smx
L 04/13/2021 - 02:16:50: [SM] Call stack trace:
L 04/13/2021 - 02:16:50: [SM]   [0] PrintToConsole
L 04/13/2021 - 02:16:50: [SM]   [1] Line 75, /home/forums/content/files/7/2/34150.attach::cheatcommand
L 04/13/2021 - 02:16:50: [SM] Exception reported: String formatted incorrectly - parameter 4 (total 3)
L 04/13/2021 - 02:16:50: [SM] Blaming: admincheats.smx
L 04/13/2021 - 02:16:50: [SM] Call stack trace:
L 04/13/2021 - 02:16:50: [SM]   [0] PrintToConsole
L 04/13/2021 - 02:16:50: [SM]   [1] Line 75, /home/forums/content/files/7/2/34150.attach::cheatcommand
L 04/13/2021 - 02:16:50: [SM] Exception reported: String formatted incorrectly - parameter 4 (total 3)
L 04/13/2021 - 02:16:50: [SM] Blaming: admincheats.smx
L 04/13/2021 - 02:16:50: [SM] Call stack trace:
L 04/13/2021 - 02:16:50: [SM]   [0] PrintToConsole
L 04/13/2021 - 02:16:50: [SM]   [1] Line 75, /home/forums/content/files/7/2/34150.attach::cheatcommand
L 04/13/2021 - 02:16:50: [SM] Exception reported: String formatted incorrectly - parameter 4 (total 3)
L 04/13/2021 - 02:16:50: [SM] Blaming: admincheats.smx
L 04/13/2021 - 02:16:50: [SM] Call stack trace:
L 04/13/2021 - 02:16:50: [SM]   [0] PrintToConsole
L 04/13/2021 - 02:16:50: [SM]   [1] Line 75, /home/forums/content/files/7/2/34150.attach::cheatcommand
L 04/13/2021 - 02:16:51: [SM] Exception reported: String formatted incorrectly - parameter 4 (total 3)
L 04/13/2021 - 02:16:51: [SM] Blaming: admincheats.smx
L 04/13/2021 - 02:16:51: [SM] Call stack trace:
L 04/13/2021 - 02:16:51: [SM]   [0] PrintToConsole
L 04/13/2021 - 02:16:51: [SM]   [1] Line 75, /home/forums/content/files/7/2/34150.attach::cheatcommand
L 04/13/2021 - 02:16:51: [SM] Exception reported: String formatted incorrectly - parameter 4 (total 3)
L 04/13/2021 - 02:16:51: [SM] Blaming: admincheats.smx
L 04/13/2021 - 02:16:51: [SM] Call stack trace:
L 04/13/2021 - 02:16:51: [SM]   [0] PrintToConsole
L 04/13/2021 - 02:16:51: [SM]   [1] Line 75, /home/forums/content/files/7/2/34150.attach::cheatcommand
L 04/13/2021 - 02:16:51: [SM] Exception reported: String formatted incorrectly - parameter 4 (total 3)
L 04/13/2021 - 02:16:51: [SM] Blaming: admincheats.smx
L 04/13/2021 - 02:16:51: [SM] Call stack trace:
L 04/13/2021 - 02:16:51: [SM]   [0] PrintToConsole
L 04/13/2021 - 02:16:51: [SM]   [1] Line 75, /home/forums/content/files/7/2/34150.attach::cheatcommand
L 04/13/2021 - 02:16:51: [SM] Exception reported: String formatted incorrectly - parameter 4 (total 3)
L 04/13/2021 - 02:16:51: [SM] Blaming: admincheats.smx
L 04/13/2021 - 02:16:51: [SM] Call stack trace:
L 04/13/2021 - 02:16:51: [SM]   [0] PrintToConsole
L 04/13/2021 - 02:16:51: [SM]   [1] Line 75, /home/forums/content/files/7/2/34150.attach::cheatcommand
L 04/13/2021 - 02:16:51: [SM] Exception reported: String formatted incorrectly - parameter 4 (total 3)
L 04/13/2021 - 02:16:51: [SM] Blaming: admincheats.smx
L 04/13/2021 - 02:16:51: [SM] Call stack trace:
L 04/13/2021 - 02:16:51: [SM]   [0] PrintToConsole
L 04/13/2021 - 02:16:51: [SM]   [1] Line 75, /home/forums/content/files/7/2/34150.attach::cheatcommand
L 04/13/2021 - 02:16:52: [SM] Exception reported: String formatted incorrectly - parameter 4 (total 3)
L 04/13/2021 - 02:16:52: [SM] Blaming: admincheats.smx
L 04/13/2021 - 02:16:52: [SM] Call stack trace:
L 04/13/2021 - 02:16:52: [SM]   [0] PrintToConsole
L 04/13/2021 - 02:16:52: [SM]   [1] Line 75, /home/forums/content/files/7/2/34150.attach::cheatcommand
L 04/13/2021 - 02:16:52: [SM] Exception reported: String formatted incorrectly - parameter 4 (total 3)
L 04/13/2021 - 02:16:52: [SM] Blaming: admincheats.smx
L 04/13/2021 - 02:16:52: [SM] Call stack trace:
L 04/13/2021 - 02:16:52: [SM]   [0] PrintToConsole
L 04/13/2021 - 02:16:52: [SM]   [1] Line 75, /home/forums/content/files/7/2/34150.attach::cheatcommand
L 04/13/2021 - 02:16:52: [SM] Exception reported: String formatted incorrectly - parameter 4 (total 3)
L 04/13/2021 - 02:16:52: [SM] Blaming: admincheats.smx
L 04/13/2021 - 02:16:52: [SM] Call stack trace:
L 04/13/2021 - 02:16:52: [SM]   [0] PrintToConsole
L 04/13/2021 - 02:16:52: [SM]   [1] Line 75, /home/forums/content/files/7/2/34150.attach::cheatcommand
L 04/13/2021 - 02:16:52: [SM] Exception reported: String formatted incorrectly - parameter 4 (total 3)
L 04/13/2021 - 02:16:52: [SM] Blaming: admincheats.smx
L 04/13/2021 - 02:16:52: [SM] Call stack trace:
L 04/13/2021 - 02:16:52: [SM]   [0] PrintToConsole
L 04/13/2021 - 02:16:52: [SM]   [1] Line 75, /home/forums/content/files/7/2/34150.attach::cheatcommand
L 04/13/2021 - 02:16:52: [SM] Exception reported: String formatted incorrectly - parameter 4 (total 3)
L 04/13/2021 - 02:16:52: [SM] Blaming: admincheats.smx
L 04/13/2021 - 02:16:52: [SM] Call stack trace:
L 04/13/2021 - 02:16:52: [SM]   [0] PrintToConsole
L 04/13/2021 - 02:16:52: [SM]   [1] Line 75, /home/forums/content/files/7/2/34150.attach::cheatcommand
L 04/13/2021 - 02:16:52: [SM] Exception reported: String formatted incorrectly - parameter 4 (total 3)
L 04/13/2021 - 02:16:52: [SM] Blaming: admincheats.smx
L 04/13/2021 - 02:16:52: [SM] Call stack trace:
L 04/13/2021 - 02:16:52: [SM]   [0] PrintToConsole
L 04/13/2021 - 02:16:52: [SM]   [1] Line 75, /home/forums/content/files/7/2/34150.attach::cheatcommand
L 04/13/2021 - 02:16:53: [SM] Exception reported: String formatted incorrectly - parameter 4 (total 3)
L 04/13/2021 - 02:16:53: [SM] Blaming: admincheats.smx
L 04/13/2021 - 02:16:53: [SM] Call stack trace:
L 04/13/2021 - 02:16:53: [SM]   [0] PrintToConsole
L 04/13/2021 - 02:16:53: [SM]   [1] Line 75, /home/forums/content/files/7/2/34150.attach::cheatcommand
L 04/13/2021 - 02:16:54: [SM] Exception reported: String formatted incorrectly - parameter 4 (total 3)
L 04/13/2021 - 02:16:54: [SM] Blaming: admincheats.smx
L 04/13/2021 - 02:16:54: [SM] Call stack trace:
L 04/13/2021 - 02:16:54: [SM]   [0] PrintToConsole
L 04/13/2021 - 02:16:54: [SM]   [1] Line 75, /home/forums/content/files/7/2/34150.attach::cheatcommand
L 04/13/2021 - 02:16:54: [SM] Exception reported: String formatted incorrectly - parameter 4 (total 3)
L 04/13/2021 - 02:16:54: [SM] Blaming: admincheats.smx
L 04/13/2021 - 02:16:54: [SM] Call stack trace:
L 04/13/2021 - 02:16:54: [SM]   [0] PrintToConsole
L 04/13/2021 - 02:16:54: [SM]   [1] Line 75, /home/forums/content/files/7/2/34150.attach::cheatcommand
L 04/13/2021 - 02:16:54: [SM] Exception reported: String formatted incorrectly - parameter 4 (total 3)
L 04/13/2021 - 02:16:54: [SM] Blaming: admincheats.smx
L 04/13/2021 - 02:16:54: [SM] Call stack trace:
L 04/13/2021 - 02:16:54: [SM]   [0] PrintToConsole
L 04/13/2021 - 02:16:54: [SM]   [1] Line 75, /home/forums/content/files/7/2/34150.attach::cheatcommand
L 04/13/2021 - 02:16:55: [SM] Exception reported: String formatted incorrectly - parameter 4 (total 3)
L 04/13/2021 - 02:16:55: [SM] Blaming: admincheats.smx
L 04/13/2021 - 02:16:55: [SM] Call stack trace:
L 04/13/2021 - 02:16:55: [SM]   [0] PrintToConsole
L 04/13/2021 - 02:16:55: [SM]   [1] Line 75, /home/forums/content/files/7/2/34150.attach::cheatcommand
L 04/13/2021 - 02:16:55: [SM] Exception reported: String formatted incorrectly - parameter 4 (total 3)
L 04/13/2021 - 02:16:55: [SM] Blaming: admincheats.smx
L 04/13/2021 - 02:16:55: [SM] Call stack trace:
L 04/13/2021 - 02:16:55: [SM]   [0] PrintToConsole
L 04/13/2021 - 02:16:55: [SM]   [1] Line 75, /home/forums/content/files/7/2/34150.attach::cheatcommand
L 04/13/2021 - 02:16:55: [SM] Exception reported: String formatted incorrectly - parameter 4 (total 3)
L 04/13/2021 - 02:16:55: [SM] Blaming: admincheats.smx
L 04/13/2021 - 02:16:55: [SM] Call stack trace:
L 04/13/2021 - 02:16:55: [SM]   [0] PrintToConsole
L 04/13/2021 - 02:16:55: [SM]   [1] Line 75, /home/forums/content/files/7/2/34150.attach::cheatcommand
L 04/13/2021 - 02:16:55: [SM] Exception reported: String formatted incorrectly - parameter 4 (total 3)
L 04/13/2021 - 02:16:55: [SM] Blaming: admincheats.smx
L 04/13/2021 - 02:16:55: [SM] Call stack trace:
L 04/13/2021 - 02:16:55: [SM]   [0] PrintToConsole
L 04/13/2021 - 02:16:55: [SM]   [1] Line 75, /home/forums/content/files/7/2/34150.attach::cheatcommand
L 04/13/2021 - 02:16:55: [SM] Exception reported: String formatted incorrectly - parameter 4 (total 3)
L 04/13/2021 - 02:16:55: [SM] Blaming: admincheats.smx
L 04/13/2021 - 02:16:55: [SM] Call stack trace:
L 04/13/2021 - 02:16:55: [SM]   [0] PrintToConsole
L 04/13/2021 - 02:16:55: [SM]   [1] Line 75, /home/forums/content/files/7/2/34150.attach::cheatcommand
L 04/13/2021 - 02:16:55: [SM] Exception reported: String formatted incorrectly - parameter 4 (total 3)
L 04/13/2021 - 02:16:55: [SM] Blaming: admincheats.smx
L 04/13/2021 - 02:16:55: [SM] Call stack trace:
L 04/13/2021 - 02:16:55: [SM]   [0] PrintToConsole
L 04/13/2021 - 02:16:55: [SM]   [1] Line 75, /home/forums/content/files/7/2/34150.attach::cheatcommand
L 04/13/2021 - 02:16:57: [SM] Exception reported: String formatted incorrectly - parameter 4 (total 3)
L 04/13/2021 - 02:16:57: [SM] Blaming: admincheats.smx
L 04/13/2021 - 02:16:57: [SM] Call stack trace:
L 04/13/2021 - 02:16:57: [SM]   [0] PrintToConsole
L 04/13/2021 - 02:16:57: [SM]   [1] Line 75, /home/forums/content/files/7/2/34150.attach::cheatcommand
L 04/13/2021 - 02:16:57: [SM] Exception reported: String formatted incorrectly - parameter 4 (total 3)
L 04/13/2021 - 02:16:57: [SM] Blaming: admincheats.smx
L 04/13/2021 - 02:16:57: [SM] Call stack trace:
L 04/13/2021 - 02:16:57: [SM]   [0] PrintToConsole
L 04/13/2021 - 02:16:57: [SM]   [1] Line 75, /home/forums/content/files/7/2/34150.attach::cheatcommand
L 04/13/2021 - 02:16:57: [SM] Exception reported: String formatted incorrectly - parameter 4 (total 3)
L 04/13/2021 - 02:16:57: [SM] Blaming: admincheats.smx
L 04/13/2021 - 02:16:57: [SM] Call stack trace:
L 04/13/2021 - 02:16:57: [SM]   [0] PrintToConsole
L 04/13/2021 - 02:16:57: [SM]   [1] Line 75, /home/forums/content/files/7/2/34150.attach::cheatcommand
L 04/13/2021 - 02:16:58: [SM] Exception reported: String formatted incorrectly - parameter 4 (total 3)
L 04/13/2021 - 02:16:58: [SM] Blaming: admincheats.smx
L 04/13/2021 - 02:16:58: [SM] Call stack trace:
L 04/13/2021 - 02:16:58: [SM]   [0] PrintToConsole
L 04/13/2021 - 02:16:58: [SM]   [1] Line 75, /home/forums/content/files/7/2/34150.attach::cheatcommand
L 04/13/2021 - 02:16:58: [SM] Exception reported: String formatted incorrectly - parameter 4 (total 3)
L 04/13/2021 - 02:16:58: [SM] Blaming: admincheats.smx
L 04/13/2021 - 02:16:58: [SM] Call stack trace:
L 04/13/2021 - 02:16:58: [SM]   [0] PrintToConsole
L 04/13/2021 - 02:16:58: [SM]   [1] Line 75, /home/forums/content/files/7/2/34150.attach::cheatcommand
L 04/13/2021 - 02:16:58: [SM] Exception reported: String formatted incorrectly - parameter 4 (total 3)
L 04/13/2021 - 02:16:58: [SM] Blaming: admincheats.smx
L 04/13/2021 - 02:16:58: [SM] Call stack trace:
L 04/13/2021 - 02:16:58: [SM]   [0] PrintToConsole
L 04/13/2021 - 02:16:58: [SM]   [1] Line 75, /home/forums/content/files/7/2/34150.attach::cheatcommand
L 04/13/2021 - 02:16:58: [SM] Exception reported: String formatted incorrectly - parameter 4 (total 3)
L 04/13/2021 - 02:16:58: [SM] Blaming: admincheats.smx
L 04/13/2021 - 02:16:58: [SM] Call stack trace:
L 04/13/2021 - 02:16:58: [SM]   [0] PrintToConsole
L 04/13/2021 - 02:16:58: [SM]   [1] Line 75, /home/forums/content/files/7/2/34150.attach::cheatcommand
L 04/13/2021 - 02:16:58: [SM] Exception reported: String formatted incorrectly - parameter 4 (total 3)
L 04/13/2021 - 02:16:58: [SM] Blaming: admincheats.smx
L 04/13/2021 - 02:16:58: [SM] Call stack trace:
L 04/13/2021 - 02:16:58: [SM]   [0] PrintToConsole
L 04/13/2021 - 02:16:58: [SM]   [1] Line 75, /home/forums/content/files/7/2/34150.attach::cheatcommand
L 04/13/2021 - 02:16:58: [SM] Exception reported: String formatted incorrectly - parameter 4 (total 3)
L 04/13/2021 - 02:16:58: [SM] Blaming: admincheats.smx
L 04/13/2021 - 02:16:58: [SM] Call stack trace:
L 04/13/2021 - 02:16:58: [SM]   [0] PrintToConsole
L 04/13/2021 - 02:16:58: [SM]   [1] Line 75, /home/forums/content/files/7/2/34150.attach::cheatcommand
L 04/13/2021 - 02:16:59: [SM] Exception reported: String formatted incorrectly - parameter 4 (total 3)
L 04/13/2021 - 02:16:59: [SM] Blaming: admincheats.smx
L 04/13/2021 - 02:16:59: [SM] Call stack trace:
L 04/13/2021 - 02:16:59: [SM]   [0] PrintToConsole
L 04/13/2021 - 02:16:59: [SM]   [1] Line 75, /home/forums/content/files/7/2/34150.attach::cheatcommand
L 04/13/2021 - 02:16:59: [SM] Exception reported: String formatted incorrectly - parameter 4 (total 3)
L 04/13/2021 - 02:16:59: [SM] Blaming: admincheats.smx
L 04/13/2021 - 02:16:59: [SM] Call stack trace:
L 04/13/2021 - 02:16:59: [SM]   [0] PrintToConsole
L 04/13/2021 - 02:16:59: [SM]   [1] Line 75, /home/forums/content/files/7/2/34150.attach::cheatcommand
L 04/13/2021 - 02:16:59: [SM] Exception reported: String formatted incorrectly - parameter 4 (total 3)
L 04/13/2021 - 02:16:59: [SM] Blaming: admincheats.smx
L 04/13/2021 - 02:16:59: [SM] Call stack trace:
L 04/13/2021 - 02:16:59: [SM]   [0] PrintToConsole
L 04/13/2021 - 02:16:59: [SM]   [1] Line 75, /home/forums/content/files/7/2/34150.attach::cheatcommand
L 04/13/2021 - 02:16:59: [SM] Exception reported: String formatted incorrectly - parameter 4 (total 3)
L 04/13/2021 - 02:16:59: [SM] Blaming: admincheats.smx
L 04/13/2021 - 02:16:59: [SM] Call stack trace:
L 04/13/2021 - 02:16:59: [SM]   [0] PrintToConsole
L 04/13/2021 - 02:16:59: [SM]   [1] Line 75, /home/forums/content/files/7/2/34150.attach::cheatcommand
L 04/13/2021 - 02:17:00: [SM] Exception reported: String formatted incorrectly - parameter 4 (total 3)
L 04/13/2021 - 02:17:00: [SM] Blaming: admincheats.smx
L 04/13/2021 - 02:17:00: [SM] Call stack trace:
L 04/13/2021 - 02:17:00: [SM]   [0] PrintToConsole
L 04/13/2021 - 02:17:00: [SM]   [1] Line 75, /home/forums/content/files/7/2/34150.attach::cheatcommand
L 04/13/2021 - 02:17:00: [SM] Exception reported: String formatted incorrectly - parameter 4 (total 3)
L 04/13/2021 - 02:17:00: [SM] Blaming: admincheats.smx
L 04/13/2021 - 02:17:00: [SM] Call stack trace:
L 04/13/2021 - 02:17:00: [SM]   [0] PrintToConsole
L 04/13/2021 - 02:17:00: [SM]   [1] Line 75, /home/forums/content/files/7/2/34150.attach::cheatcommand
L 04/13/2021 - 02:17:00: [SM] Exception reported: String formatted incorrectly - parameter 4 (total 3)
L 04/13/2021 - 02:17:00: [SM] Blaming: admincheats.smx
L 04/13/2021 - 02:17:00: [SM] Call stack trace:
L 04/13/2021 - 02:17:00: [SM]   [0] PrintToConsole
L 04/13/2021 - 02:17:00: [SM]   [1] Line 75, /home/forums/content/files/7/2/34150.attach::cheatcommand
L 04/13/2021 - 02:17:00: [SM] Exception reported: String formatted incorrectly - parameter 4 (total 3)
L 04/13/2021 - 02:17:00: [SM] Blaming: admincheats.smx
L 04/13/2021 - 02:17:00: [SM] Call stack trace:
L 04/13/2021 - 02:17:00: [SM]   [0] PrintToConsole
L 04/13/2021 - 02:17:00: [SM]   [1] Line 75, /home/forums/content/files/7/2/34150.attach::cheatcommand
L 04/13/2021 - 02:17:00: [SM] Exception reported: String formatted incorrectly - parameter 4 (total 3)
L 04/13/2021 - 02:17:00: [SM] Blaming: admincheats.smx
L 04/13/2021 - 02:17:00: [SM] Call stack trace:
L 04/13/2021 - 02:17:00: [SM]   [0] PrintToConsole
L 04/13/2021 - 02:17:00: [SM]   [1] Line 75, /home/forums/content/files/7/2/34150.attach::cheatcommand
L 04/13/2021 - 02:17:00: [SM] Exception reported: String formatted incorrectly - parameter 4 (total 3)
L 04/13/2021 - 02:17:00: [SM] Blaming: admincheats.smx
L 04/13/2021 - 02:17:00: [SM] Call stack trace:
L 04/13/2021 - 02:17:00: [SM]   [0] PrintToConsole
L 04/13/2021 - 02:17:00: [SM]   [1] Line 75, /home/forums/content/files/7/2/34150.attach::cheatcommand
L 04/13/2021 - 02:17:01: [SM] Exception reported: String formatted incorrectly - parameter 4 (total 3)
L 04/13/2021 - 02:17:01: [SM] Blaming: admincheats.smx
L 04/13/2021 - 02:17:01: [SM] Call stack trace:
L 04/13/2021 - 02:17:01: [SM]   [0] PrintToConsole
L 04/13/2021 - 02:17:01: [SM]   [1] Line 75, /home/forums/content/files/7/2/34150.attach::cheatcommand
L 04/13/2021 - 02:17:01: [SM] Exception reported: String formatted incorrectly - parameter 4 (total 3)
L 04/13/2021 - 02:17:01: [SM] Blaming: admincheats.smx
L 04/13/2021 - 02:17:01: [SM] Call stack trace:
L 04/13/2021 - 02:17:01: [SM]   [0] PrintToConsole
L 04/13/2021 - 02:17:01: [SM]   [1] Line 75, /home/forums/content/files/7/2/34150.attach::cheatcommand
L 04/13/2021 - 02:17:01: [SM] Exception reported: String formatted incorrectly - parameter 4 (total 3)
L 04/13/2021 - 02:17:01: [SM] Blaming: admincheats.smx
L 04/13/2021 - 02:17:01: [SM] Call stack trace:
L 04/13/2021 - 02:17:01: [SM]   [0] PrintToConsole
L 04/13/2021 - 02:17:01: [SM]   [1] Line 75, /home/forums/content/files/7/2/34150.attach::cheatcommand
L 04/13/2021 - 02:17:01: [SM] Exception reported: String formatted incorrectly - parameter 4 (total 3)
L 04/13/2021 - 02:17:01: [SM] Blaming: admincheats.smx
L 04/13/2021 - 02:17:01: [SM] Call stack trace:
L 04/13/2021 - 02:17:01: [SM]   [0] PrintToConsole
L 04/13/2021 - 02:17:01: [SM]   [1] Line 75, /home/forums/content/files/7/2/34150.attach::cheatcommand
L 04/13/2021 - 02:17:01: [SM] Exception reported: String formatted incorrectly - parameter 4 (total 3)
L 04/13/2021 - 02:17:01: [SM] Blaming: admincheats.smx
L 04/13/2021 - 02:17:01: [SM] Call stack trace:
L 04/13/2021 - 02:17:01: [SM]   [0] PrintToConsole
L 04/13/2021 - 02:17:01: [SM]   [1] Line 75, /home/forums/content/files/7/2/34150.attach::cheatcommand
L 04/13/2021 - 02:17:02: [SM] Exception reported: String formatted incorrectly - parameter 4 (total 3)
L 04/13/2021 - 02:17:02: [SM] Blaming: admincheats.smx
L 04/13/2021 - 02:17:02: [SM] Call stack trace:
L 04/13/2021 - 02:17:02: [SM]   [0] PrintToConsole
L 04/13/2021 - 02:17:02: [SM]   [1] Line 75, /home/forums/content/files/7/2/34150.attach::cheatcommand
L 04/13/2021 - 02:17:02: [SM] Exception reported: String formatted incorrectly - parameter 4 (total 3)
L 04/13/2021 - 02:17:02: [SM] Blaming: admincheats.smx
L 04/13/2021 - 02:17:02: [SM] Call stack trace:
L 04/13/2021 - 02:17:02: [SM]   [0] PrintToConsole
L 04/13/2021 - 02:17:02: [SM]   [1] Line 75, /home/forums/content/files/7/2/34150.attach::cheatcommand
L 04/13/2021 - 02:17:02: [SM] Exception reported: String formatted incorrectly - parameter 4 (total 3)
L 04/13/2021 - 02:17:02: [SM] Blaming: admincheats.smx
L 04/13/2021 - 02:17:02: [SM] Call stack trace:
L 04/13/2021 - 02:17:02: [SM]   [0] PrintToConsole
L 04/13/2021 - 02:17:02: [SM]   [1] Line 75, /home/forums/content/files/7/2/34150.attach::cheatcommand
L 04/13/2021 - 02:17:02: [SM] Exception reported: String formatted incorrectly - parameter 4 (total 3)
L 04/13/2021 - 02:17:02: [SM] Blaming: admincheats.smx
L 04/13/2021 - 02:17:02: [SM] Call stack trace:
L 04/13/2021 - 02:17:02: [SM]   [0] PrintToConsole
L 04/13/2021 - 02:17:02: [SM]   [1] Line 75, /home/forums/content/files/7/2/34150.attach::cheatcommand
L 04/13/2021 - 02:17:02: [SM] Exception reported: String formatted incorrectly - parameter 4 (total 3)
L 04/13/2021 - 02:17:02: [SM] Blaming: admincheats.smx
L 04/13/2021 - 02:17:02: [SM] Call stack trace:
L 04/13/2021 - 02:17:02: [SM]   [0] PrintToConsole
L 04/13/2021 - 02:17:02: [SM]   [1] Line 75, /home/forums/content/files/7/2/34150.attach::cheatcommand
L 04/13/2021 - 02:17:03: [SM] Exception reported: String formatted incorrectly - parameter 4 (total 3)
L 04/13/2021 - 02:17:03: [SM] Blaming: admincheats.smx
L 04/13/2021 - 02:17:03: [SM] Call stack trace:
L 04/13/2021 - 02:17:03: [SM]   [0] PrintToConsole
L 04/13/2021 - 02:17:03: [SM]   [1] Line 75, /home/forums/content/files/7/2/34150.attach::cheatcommand
L 04/13/2021 - 02:17:03: [SM] Exception reported: String formatted incorrectly - parameter 4 (total 3)
L 04/13/2021 - 02:17:03: [SM] Blaming: admincheats.smx
L 04/13/2021 - 02:17:03: [SM] Call stack trace:
L 04/13/2021 - 02:17:03: [SM]   [0] PrintToConsole
L 04/13/2021 - 02:17:03: [SM]   [1] Line 75, /home/forums/content/files/7/2/34150.attach::cheatcommand
L 04/13/2021 - 02:17:03: [SM] Exception reported: String formatted incorrectly - parameter 4 (total 3)
L 04/13/2021 - 02:17:03: [SM] Blaming: admincheats.smx
L 04/13/2021 - 02:17:03: [SM] Call stack trace:
L 04/13/2021 - 02:17:03: [SM]   [0] PrintToConsole
L 04/13/2021 - 02:17:03: [SM]   [1] Line 75, /home/forums/content/files/7/2/34150.attach::cheatcommand
L 04/13/2021 - 02:17:03: [SM] Exception reported: String formatted incorrectly - parameter 4 (total 3)
L 04/13/2021 - 02:17:03: [SM] Blaming: admincheats.smx
L 04/13/2021 - 02:17:03: [SM] Call stack trace:
L 04/13/2021 - 02:17:03: [SM]   [0] PrintToConsole
L 04/13/2021 - 02:17:03: [SM]   [1] Line 75, /home/forums/content/files/7/2/34150.attach::cheatcommand
L 04/13/2021 - 02:17:03: [SM] Exception reported: String formatted incorrectly - parameter 4 (total 3)
L 04/13/2021 - 02:17:03: [SM] Blaming: admincheats.smx
L 04/13/2021 - 02:17:03: [SM] Call stack trace:
L 04/13/2021 - 02:17:03: [SM]   [0] PrintToConsole
L 04/13/2021 - 02:17:03: [SM]   [1] Line 75, /home/forums/content/files/7/2/34150.attach::cheatcommand
L 04/13/2021 - 02:17:04: [SM] Exception reported: String formatted incorrectly - parameter 4 (total 3)
L 04/13/2021 - 02:17:04: [SM] Blaming: admincheats.smx
L 04/13/2021 - 02:17:04: [SM] Call stack trace:
L 04/13/2021 - 02:17:04: [SM]   [0] PrintToConsole
L 04/13/2021 - 02:17:04: [SM]   [1] Line 75, /home/forums/content/files/7/2/34150.attach::cheatcommand
L 04/13/2021 - 02:17:04: [SM] Exception reported: String formatted incorrectly - parameter 4 (total 3)
L 04/13/2021 - 02:17:04: [SM] Blaming: admincheats.smx
L 04/13/2021 - 02:17:04: [SM] Call stack trace:
L 04/13/2021 - 02:17:04: [SM]   [0] PrintToConsole
L 04/13/2021 - 02:17:04: [SM]   [1] Line 75, /home/forums/content/files/7/2/34150.attach::cheatcommand
L 04/13/2021 - 02:17:04: [SM] Exception reported: String formatted incorrectly - parameter 4 (total 3)
L 04/13/2021 - 02:17:04: [SM] Blaming: admincheats.smx
L 04/13/2021 - 02:17:04: [SM] Call stack trace:
L 04/13/2021 - 02:17:04: [SM]   [0] PrintToConsole
L 04/13/2021 - 02:17:04: [SM]   [1] Line 75, /home/forums/content/files/7/2/34150.attach::cheatcommand
L 04/13/2021 - 02:17:04: [SM] Exception reported: String formatted incorrectly - parameter 4 (total 3)
L 04/13/2021 - 02:17:04: [SM] Blaming: admincheats.smx
L 04/13/2021 - 02:17:04: [SM] Call stack trace:
L 04/13/2021 - 02:17:04: [SM]   [0] PrintToConsole
L 04/13/2021 - 02:17:04: [SM]   [1] Line 75, /home/forums/content/files/7/2/34150.attach::cheatcommand
L 04/13/2021 - 02:17:05: [SM] Exception reported: String formatted incorrectly - parameter 4 (total 3)
L 04/13/2021 - 02:17:05: [SM] Blaming: admincheats.smx
L 04/13/2021 - 02:17:05: [SM] Call stack trace:
L 04/13/2021 - 02:17:05: [SM]   [0] PrintToConsole
L 04/13/2021 - 02:17:05: [SM]   [1] Line 75, /home/forums/content/files/7/2/34150.attach::cheatcommand
L 04/13/2021 - 02:17:05: [SM] Exception reported: String formatted incorrectly - parameter 4 (total 3)
L 04/13/2021 - 02:17:05: [SM] Blaming: admincheats.smx
L 04/13/2021 - 02:17:05: [SM] Call stack trace:
L 04/13/2021 - 02:17:05: [SM]   [0] PrintToConsole
L 04/13/2021 - 02:17:05: [SM]   [1] Line 75, /home/forums/content/files/7/2/34150.attach::cheatcommand
L 04/13/2021 - 02:17:05: [SM] Exception reported: String formatted incorrectly - parameter 4 (total 3)
L 04/13/2021 - 02:17:05: [SM] Blaming: admincheats.smx
L 04/13/2021 - 02:17:05: [SM] Call stack trace:
L 04/13/2021 - 02:17:05: [SM]   [0] PrintToConsole
L 04/13/2021 - 02:17:05: [SM]   [1] Line 75, /home/forums/content/files/7/2/34150.attach::cheatcommand
L 04/13/2021 - 02:17:05: [SM] Exception reported: String formatted incorrectly - parameter 4 (total 3)
L 04/13/2021 - 02:17:05: [SM] Blaming: admincheats.smx
L 04/13/2021 - 02:17:05: [SM] Call stack trace:
L 04/13/2021 - 02:17:05: [SM]   [0] PrintToConsole
L 04/13/2021 - 02:17:05: [SM]   [1] Line 75, /home/forums/content/files/7/2/34150.attach::cheatcommand
L 04/13/2021 - 02:17:05: [SM] Exception reported: String formatted incorrectly - parameter 4 (total 3)
L 04/13/2021 - 02:17:05: [SM] Blaming: admincheats.smx
L 04/13/2021 - 02:17:05: [SM] Call stack trace:
L 04/13/2021 - 02:17:05: [SM]   [0] PrintToConsole
L 04/13/2021 - 02:17:05: [SM]   [1] Line 75, /home/forums/content/files/7/2/34150.attach::cheatcommand
L 04/13/2021 - 02:17:06: [SM] Exception reported: String formatted incorrectly - parameter 4 (total 3)
L 04/13/2021 - 02:17:06: [SM] Blaming: admincheats.smx
L 04/13/2021 - 02:17:06: [SM] Call stack trace:
L 04/13/2021 - 02:17:06: [SM]   [0] PrintToConsole
L 04/13/2021 - 02:17:06: [SM]   [1] Line 75, /home/forums/content/files/7/2/34150.attach::cheatcommand
L 04/13/2021 - 02:17:06: [SM] Exception reported: String formatted incorrectly - parameter 4 (total 3)
L 04/13/2021 - 02:17:06: [SM] Blaming: admincheats.smx
L 04/13/2021 - 02:17:06: [SM] Call stack trace:
L 04/13/2021 - 02:17:06: [SM]   [0] PrintToConsole
L 04/13/2021 - 02:17:06: [SM]   [1] Line 75, /home/forums/content/files/7/2/34150.attach::cheatcommand
L 04/13/2021 - 02:17:11: [SM] Exception reported: String formatted incorrectly - parameter 4 (total 3)
L 04/13/2021 - 02:17:11: [SM] Blaming: admincheats.smx
L 04/13/2021 - 02:17:11: [SM] Call stack trace:
L 04/13/2021 - 02:17:11: [SM]   [0] PrintToConsole
L 04/13/2021 - 02:17:11: [SM]   [1] Line 75, /home/forums/content/files/7/2/34150.attach::cheatcommand
L 04/13/2021 - 02:17:11: [SM] Exception reported: String formatted incorrectly - parameter 4 (total 3)
L 04/13/2021 - 02:17:11: [SM] Blaming: admincheats.smx
L 04/13/2021 - 02:17:11: [SM] Call stack trace:
L 04/13/2021 - 02:17:11: [SM]   [0] PrintToConsole
L 04/13/2021 - 02:17:11: [SM]   [1] Line 75, /home/forums/content/files/7/2/34150.attach::cheatcommand
L 04/13/2021 - 02:17:11: [SM] Exception reported: String formatted incorrectly - parameter 4 (total 3)
L 04/13/2021 - 02:17:11: [SM] Blaming: admincheats.smx
L 04/13/2021 - 02:17:11: [SM] Call stack trace:
L 04/13/2021 - 02:17:11: [SM]   [0] PrintToConsole
L 04/13/2021 - 02:17:11: [SM]   [1] Line 75, /home/forums/content/files/7/2/34150.attach::cheatcommand
L 04/13/2021 - 02:17:11: [SM] Exception reported: String formatted incorrectly - parameter 4 (total 3)
L 04/13/2021 - 02:17:11: [SM] Blaming: admincheats.smx
L 04/13/2021 - 02:17:11: [SM] Call stack trace:
L 04/13/2021 - 02:17:11: [SM]   [0] PrintToConsole
L 04/13/2021 - 02:17:11: [SM]   [1] Line 75, /home/forums/content/files/7/2/34150.attach::cheatcommand
L 04/13/2021 - 02:17:12: [SM] Exception reported: String formatted incorrectly - parameter 4 (total 3)
L 04/13/2021 - 02:17:12: [SM] Blaming: admincheats.smx
L 04/13/2021 - 02:17:12: [SM] Call stack trace:
L 04/13/2021 - 02:17:12: [SM]   [0] PrintToConsole
L 04/13/2021 - 02:17:12: [SM]   [1] Line 75, /home/forums/content/files/7/2/34150.attach::cheatcommand
L 04/13/2021 - 02:17:12: [SM] Exception reported: String formatted incorrectly - parameter 4 (total 3)
L 04/13/2021 - 02:17:12: [SM] Blaming: admincheats.smx
L 04/13/2021 - 02:17:12: [SM] Call stack trace:
L 04/13/2021 - 02:17:12: [SM]   [0] PrintToConsole
L 04/13/2021 - 02:17:12: [SM]   [1] Line 75, /home/forums/content/files/7/2/34150.attach::cheatcommand
L 04/13/2021 - 02:17:12: [SM] Exception reported: String formatted incorrectly - parameter 4 (total 3)
L 04/13/2021 - 02:17:12: [SM] Blaming: admincheats.smx
L 04/13/2021 - 02:17:12: [SM] Call stack trace:
L 04/13/2021 - 02:17:12: [SM]   [0] PrintToConsole
L 04/13/2021 - 02:17:12: [SM]   [1] Line 75, /home/forums/content/files/7/2/34150.attach::cheatcommand
L 04/13/2021 - 02:17:12: [SM] Exception reported: String formatted incorrectly - parameter 4 (total 3)
L 04/13/2021 - 02:17:12: [SM] Blaming: admincheats.smx
L 04/13/2021 - 02:17:12: [SM] Call stack trace:
L 04/13/2021 - 02:17:12: [SM]   [0] PrintToConsole
L 04/13/2021 - 02:17:12: [SM]   [1] Line 75, /home/forums/content/files/7/2/34150.attach::cheatcommand
L 04/13/2021 - 02:17:12: [SM] Exception reported: String formatted incorrectly - parameter 4 (total 3)
L 04/13/2021 - 02:17:12: [SM] Blaming: admincheats.smx
L 04/13/2021 - 02:17:12: [SM] Call stack trace:
L 04/13/2021 - 02:17:12: [SM]   [0] PrintToConsole
L 04/13/2021 - 02:17:12: [SM]   [1] Line 75, /home/forums/content/files/7/2/34150.attach::cheatcommand
L 04/13/2021 - 02:17:13: [SM] Exception reported: String formatted incorrectly - parameter 4 (total 3)
L 04/13/2021 - 02:17:13: [SM] Blaming: admincheats.smx
L 04/13/2021 - 02:17:13: [SM] Call stack trace:
L 04/13/2021 - 02:17:13: [SM]   [0] PrintToConsole
L 04/13/2021 - 02:17:13: [SM]   [1] Line 75, /home/forums/content/files/7/2/34150.attach::cheatcommand
L 04/13/2021 - 02:17:13: [SM] Exception reported: String formatted incorrectly - parameter 4 (total 3)
L 04/13/2021 - 02:17:13: [SM] Blaming: admincheats.smx
L 04/13/2021 - 02:17:13: [SM] Call stack trace:
L 04/13/2021 - 02:17:13: [SM]   [0] PrintToConsole
L 04/13/2021 - 02:17:13: [SM]   [1] Line 75, /home/forums/content/files/7/2/34150.attach::cheatcommand
L 04/13/2021 - 02:17:13: [SM] Exception reported: String formatted incorrectly - parameter 4 (total 3)
L 04/13/2021 - 02:17:13: [SM] Blaming: admincheats.smx
L 04/13/2021 - 02:17:13: [SM] Call stack trace:
L 04/13/2021 - 02:17:13: [SM]   [0] PrintToConsole
L 04/13/2021 - 02:17:13: [SM]   [1] Line 75, /home/forums/content/files/7/2/34150.attach::cheatcommand
L 04/13/2021 - 02:17:13: [SM] Exception reported: String formatted incorrectly - parameter 4 (total 3)
L 04/13/2021 - 02:17:13: [SM] Blaming: admincheats.smx
L 04/13/2021 - 02:17:13: [SM] Call stack trace:
L 04/13/2021 - 02:17:13: [SM]   [0] PrintToConsole
L 04/13/2021 - 02:17:13: [SM]   [1] Line 75, /home/forums/content/files/7/2/34150.attach::cheatcommand
L 04/13/2021 - 02:17:14: [SM] Exception reported: String formatted incorrectly - parameter 4 (total 3)
L 04/13/2021 - 02:17:14: [SM] Blaming: admincheats.smx
L 04/13/2021 - 02:17:14: [SM] Call stack trace:
L 04/13/2021 - 02:17:14: [SM]   [0] PrintToConsole
L 04/13/2021 - 02:17:14: [SM]   [1] Line 75, /home/forums/content/files/7/2/34150.attach::cheatcommand
L 04/13/2021 - 02:17:14: [SM] Exception reported: String formatted incorrectly - parameter 4 (total 3)
L 04/13/2021 - 02:17:14: [SM] Blaming: admincheats.smx
L 04/13/2021 - 02:17:14: [SM] Call stack trace:
L 04/13/2021 - 02:17:14: [SM]   [0] PrintToConsole
L 04/13/2021 - 02:17:14: [SM]   [1] Line 75, /home/forums/content/files/7/2/34150.attach::cheatcommand
L 04/13/2021 - 02:17:14: [SM] Exception reported: String formatted incorrectly - parameter 4 (total 3)
L 04/13/2021 - 02:17:14: [SM] Blaming: admincheats.smx
L 04/13/2021 - 02:17:14: [SM] Call stack trace:
L 04/13/2021 - 02:17:14: [SM]   [0] PrintToConsole
L 04/13/2021 - 02:17:14: [SM]   [1] Line 75, /home/forums/content/files/7/2/34150.attach::cheatcommand
L 04/13/2021 - 02:17:14: [SM] Exception reported: String formatted incorrectly - parameter 4 (total 3)
L 04/13/2021 - 02:17:14: [SM] Blaming: admincheats.smx
L 04/13/2021 - 02:17:14: [SM] Call stack trace:
L 04/13/2021 - 02:17:14: [SM]   [0] PrintToConsole
L 04/13/2021 - 02:17:14: [SM]   [1] Line 75, /home/forums/content/files/7/2/34150.attach::cheatcommand
L 04/13/2021 - 02:17:15: [SM] Exception reported: String formatted incorrectly - parameter 4 (total 3)
L 04/13/2021 - 02:17:15: [SM] Blaming: admincheats.smx
L 04/13/2021 - 02:17:15: [SM] Call stack trace:
L 04/13/2021 - 02:17:15: [SM]   [0] PrintToConsole
L 04/13/2021 - 02:17:15: [SM]   [1] Line 75, /home/forums/content/files/7/2/34150.attach::cheatcommand
L 04/13/2021 - 02:17:15: [SM] Exception reported: String formatted incorrectly - parameter 4 (total 3)
L 04/13/2021 - 02:17:15: [SM] Blaming: admincheats.smx
L 04/13/2021 - 02:17:15: [SM] Call stack trace:
L 04/13/2021 - 02:17:15: [SM]   [0] PrintToConsole
L 04/13/2021 - 02:17:15: [SM]   [1] Line 75, /home/forums/content/files/7/2/34150.attach::cheatcommand
L 04/13/2021 - 02:17:15: [SM] Exception reported: String formatted incorrectly - parameter 4 (total 3)
L 04/13/2021 - 02:17:15: [SM] Blaming: admincheats.smx
L 04/13/2021 - 02:17:15: [SM] Call stack trace:
L 04/13/2021 - 02:17:15: [SM]   [0] PrintToConsole
L 04/13/2021 - 02:17:15: [SM]   [1] Line 75, /home/forums/content/files/7/2/34150.attach::cheatcommand
L 04/13/2021 - 02:17:15: [SM] Exception reported: String formatted incorrectly - parameter 4 (total 3)
L 04/13/2021 - 02:17:15: [SM] Blaming: admincheats.smx
L 04/13/2021 - 02:17:15: [SM] Call stack trace:
L 04/13/2021 - 02:17:15: [SM]   [0] PrintToConsole
L 04/13/2021 - 02:17:15: [SM]   [1] Line 75, /home/forums/content/files/7/2/34150.attach::cheatcommand
L 04/13/2021 - 02:17:15: [SM] Exception reported: String formatted incorrectly - parameter 4 (total 3)
L 04/13/2021 - 02:17:15: [SM] Blaming: admincheats.smx
L 04/13/2021 - 02:17:15: [SM] Call stack trace:
L 04/13/2021 - 02:17:15: [SM]   [0] PrintToConsole
L 04/13/2021 - 02:17:15: [SM]   [1] Line 75, /home/forums/content/files/7/2/34150.attach::cheatcommand
L 04/13/2021 - 02:17:16: [SM] Exception reported: String formatted incorrectly - parameter 4 (total 3)
L 04/13/2021 - 02:17:16: [SM] Blaming: admincheats.smx
L 04/13/2021 - 02:17:16: [SM] Call stack trace:
L 04/13/2021 - 02:17:16: [SM]   [0] PrintToConsole
L 04/13/2021 - 02:17:16: [SM]   [1] Line 75, /home/forums/content/files/7/2/34150.attach::cheatcommand
L 04/13/2021 - 02:17:16: [SM] Exception reported: String formatted incorrectly - parameter 4 (total 3)
L 04/13/2021 - 02:17:16: [SM] Blaming: admincheats.smx
L 04/13/2021 - 02:17:16: [SM] Call stack trace:
L 04/13/2021 - 02:17:16: [SM]   [0] PrintToConsole
L 04/13/2021 - 02:17:16: [SM]   [1] Line 75, /home/forums/content/files/7/2/34150.attach::cheatcommand
L 04/13/2021 - 02:17:16: [SM] Exception reported: String formatted incorrectly - parameter 4 (total 3)
L 04/13/2021 - 02:17:16: [SM] Blaming: admincheats.smx
L 04/13/2021 - 02:17:16: [SM] Call stack trace:
L 04/13/2021 - 02:17:16: [SM]   [0] PrintToConsole
L 04/13/2021 - 02:17:16: [SM]   [1] Line 75, /home/forums/content/files/7/2/34150.attach::cheatcommand
L 04/13/2021 - 02:17:16: [SM] Exception reported: String formatted incorrectly - parameter 4 (total 3)
L 04/13/2021 - 02:17:16: [SM] Blaming: admincheats.smx
L 04/13/2021 - 02:17:16: [SM] Call stack trace:
L 04/13/2021 - 02:17:16: [SM]   [0] PrintToConsole
L 04/13/2021 - 02:17:16: [SM]   [1] Line 75, /home/forums/content/files/7/2/34150.attach::cheatcommand
L 04/13/2021 - 02:17:17: [SM] Exception reported: String formatted incorrectly - parameter 4 (total 3)
L 04/13/2021 - 02:17:17: [SM] Blaming: admincheats.smx
L 04/13/2021 - 02:17:17: [SM] Call stack trace:
L 04/13/2021 - 02:17:17: [SM]   [0] PrintToConsole
L 04/13/2021 - 02:17:17: [SM]   [1] Line 75, /home/forums/content/files/7/2/34150.attach::cheatcommand
L 04/13/2021 - 02:17:17: [SM] Exception reported: String formatted incorrectly - parameter 4 (total 3)
L 04/13/2021 - 02:17:17: [SM] Blaming: admincheats.smx
L 04/13/2021 - 02:17:17: [SM] Call stack trace:
L 04/13/2021 - 02:17:17: [SM]   [0] PrintToConsole
L 04/13/2021 - 02:17:17: [SM]   [1] Line 75, /home/forums/content/files/7/2/34150.attach::cheatcommand
L 04/13/2021 - 02:17:17: [SM] Exception reported: String formatted incorrectly - parameter 4 (total 3)
L 04/13/2021 - 02:17:17: [SM] Blaming: admincheats.smx
L 04/13/2021 - 02:17:17: [SM] Call stack trace:
L 04/13/2021 - 02:17:17: [SM]   [0] PrintToConsole
L 04/13/2021 - 02:17:17: [SM]   [1] Line 75, /home/forums/content/files/7/2/34150.attach::cheatcommand
L 04/13/2021 - 02:17:17: [SM] Exception reported: String formatted incorrectly - parameter 4 (total 3)
L 04/13/2021 - 02:17:17: [SM] Blaming: admincheats.smx
L 04/13/2021 - 02:17:17: [SM] Call stack trace:
L 04/13/2021 - 02:17:17: [SM]   [0] PrintToConsole
L 04/13/2021 - 02:17:17: [SM]   [1] Line 75, /home/forums/content/files/7/2/34150.attach::cheatcommand
L 04/13/2021 - 02:17:17: [SM] Exception reported: String formatted incorrectly - parameter 4 (total 3)
L 04/13/2021 - 02:17:17: [SM] Blaming: admincheats.smx
L 04/13/2021 - 02:17:17: [SM] Call stack trace:
L 04/13/2021 - 02:17:17: [SM]   [0] PrintToConsole
L 04/13/2021 - 02:17:17: [SM]   [1] Line 75, /home/forums/content/files/7/2/34150.attach::cheatcommand
L 04/13/2021 - 02:17:18: [SM] Exception reported: String formatted incorrectly - parameter 4 (total 3)
L 04/13/2021 - 02:17:18: [SM] Blaming: admincheats.smx
L 04/13/2021 - 02:17:18: [SM] Call stack trace:
L 04/13/2021 - 02:17:18: [SM]   [0] PrintToConsole
L 04/13/2021 - 02:17:18: [SM]   [1] Line 75, /home/forums/content/files/7/2/34150.attach::cheatcommand
L 04/13/2021 - 02:17:18: [SM] Exception reported: String formatted incorrectly - parameter 4 (total 3)
L 04/13/2021 - 02:17:18: [SM] Blaming: admincheats.smx
L 04/13/2021 - 02:17:18: [SM] Call stack trace:
L 04/13/2021 - 02:17:18: [SM]   [0] PrintToConsole
L 04/13/2021 - 02:17:18: [SM]   [1] Line 75, /home/forums/content/files/7/2/34150.attach::cheatcommand
L 04/13/2021 - 02:17:18: [SM] Exception reported: String formatted incorrectly - parameter 4 (total 3)
L 04/13/2021 - 02:17:18: [SM] Blaming: admincheats.smx
L 04/13/2021 - 02:17:18: [SM] Call stack trace:
L 04/13/2021 - 02:17:18: [SM]   [0] PrintToConsole
L 04/13/2021 - 02:17:18: [SM]   [1] Line 75, /home/forums/content/files/7/2/34150.attach::cheatcommand
L 04/13/2021 - 02:17:18: [SM] Exception reported: String formatted incorrectly - parameter 4 (total 3)
L 04/13/2021 - 02:17:18: [SM] Blaming: admincheats.smx
L 04/13/2021 - 02:17:18: [SM] Call stack trace:
L 04/13/2021 - 02:17:18: [SM]   [0] PrintToConsole
L 04/13/2021 - 02:17:18: [SM]   [1] Line 75, /home/forums/content/files/7/2/34150.attach::cheatcommand
L 04/13/2021 - 02:17:18: [SM] Exception reported: String formatted incorrectly - parameter 4 (total 3)
L 04/13/2021 - 02:17:18: [SM] Blaming: admincheats.smx
L 04/13/2021 - 02:17:18: [SM] Call stack trace:
L 04/13/2021 - 02:17:18: [SM]   [0] PrintToConsole
L 04/13/2021 - 02:17:18: [SM]   [1] Line 75, /home/forums/content/files/7/2/34150.attach::cheatcommand
L 04/13/2021 - 02:17:19: [SM] Exception reported: String formatted incorrectly - parameter 4 (total 3)
L 04/13/2021 - 02:17:19: [SM] Blaming: admincheats.smx
L 04/13/2021 - 02:17:19: [SM] Call stack trace:
L 04/13/2021 - 02:17:19: [SM]   [0] PrintToConsole
L 04/13/2021 - 02:17:19: [SM]   [1] Line 75, /home/forums/content/files/7/2/34150.attach::cheatcommand
L 04/13/2021 - 02:17:19: [SM] Exception reported: String formatted incorrectly - parameter 4 (total 3)
L 04/13/2021 - 02:17:19: [SM] Blaming: admincheats.smx
L 04/13/2021 - 02:17:19: [SM] Call stack trace:
L 04/13/2021 - 02:17:19: [SM]   [0] PrintToConsole
L 04/13/2021 - 02:17:19: [SM]   [1] Line 75, /home/forums/content/files/7/2/34150.attach::cheatcommand
L 04/13/2021 - 02:17:19: [SM] Exception reported: String formatted incorrectly - parameter 4 (total 3)
L 04/13/2021 - 02:17:19: [SM] Blaming: admincheats.smx
L 04/13/2021 - 02:17:19: [SM] Call stack trace:
L 04/13/2021 - 02:17:19: [SM]   [0] PrintToConsole
L 04/13/2021 - 02:17:19: [SM]   [1] Line 75, /home/forums/content/files/7/2/34150.attach::cheatcommand
L 04/13/2021 - 02:17:19: [SM] Exception reported: String formatted incorrectly - parameter 4 (total 3)
L 04/13/2021 - 02:17:19: [SM] Blaming: admincheats.smx
L 04/13/2021 - 02:17:19: [SM] Call stack trace:
L 04/13/2021 - 02:17:19: [SM]   [0] PrintToConsole
L 04/13/2021 - 02:17:19: [SM]   [1] Line 75, /home/forums/content/files/7/2/34150.attach::cheatcommand
L 04/13/2021 - 02:17:20: [SM] Exception reported: String formatted incorrectly - parameter 4 (total 3)
L 04/13/2021 - 02:17:20: [SM] Blaming: admincheats.smx
L 04/13/2021 - 02:17:20: [SM] Call stack trace:
L 04/13/2021 - 02:17:20: [SM]   [0] PrintToConsole
L 04/13/2021 - 02:17:20: [SM]   [1] Line 75, /home/forums/content/files/7/2/34150.attach::cheatcommand
L 04/13/2021 - 02:17:20: [SM] Exception reported: String formatted incorrectly - parameter 4 (total 3)
L 04/13/2021 - 02:17:20: [SM] Blaming: admincheats.smx
L 04/13/2021 - 02:17:20: [SM] Call stack trace:
L 04/13/2021 - 02:17:20: [SM]   [0] PrintToConsole
L 04/13/2021 - 02:17:20: [SM]   [1] Line 75, /home/forums/content/files/7/2/34150.attach::cheatcommand
L 04/13/2021 - 02:17:20: [SM] Exception reported: String formatted incorrectly - parameter 4 (total 3)
L 04/13/2021 - 02:17:20: [SM] Blaming: admincheats.smx
L 04/13/2021 - 02:17:20: [SM] Call stack trace:
L 04/13/2021 - 02:17:20: [SM]   [0] PrintToConsole
L 04/13/2021 - 02:17:20: [SM]   [1] Line 75, /home/forums/content/files/7/2/34150.attach::cheatcommand
L 04/13/2021 - 02:17:20: [SM] Exception reported: String formatted incorrectly - parameter 4 (total 3)
L 04/13/2021 - 02:17:20: [SM] Blaming: admincheats.smx
L 04/13/2021 - 02:17:20: [SM] Call stack trace:
L 04/13/2021 - 02:17:20: [SM]   [0] PrintToConsole
L 04/13/2021 - 02:17:20: [SM]   [1] Line 75, /home/forums/content/files/7/2/34150.attach::cheatcommand
L 04/13/2021 - 02:17:21: [SM] Exception reported: String formatted incorrectly - parameter 4 (total 3)
L 04/13/2021 - 02:17:21: [SM] Blaming: admincheats.smx
L 04/13/2021 - 02:17:21: [SM] Call stack trace:
L 04/13/2021 - 02:17:21: [SM]   [0] PrintToConsole
L 04/13/2021 - 02:17:21: [SM]   [1] Line 75, /home/forums/content/files/7/2/34150.attach::cheatcommand
L 04/13/2021 - 02:17:21: [SM] Exception reported: String formatted incorrectly - parameter 4 (total 3)
L 04/13/2021 - 02:17:21: [SM] Blaming: admincheats.smx
L 04/13/2021 - 02:17:21: [SM] Call stack trace:
L 04/13/2021 - 02:17:21: [SM]   [0] PrintToConsole
L 04/13/2021 - 02:17:21: [SM]   [1] Line 75, /home/forums/content/files/7/2/34150.attach::cheatcommand
L 04/13/2021 - 02:17:21: [SM] Exception reported: String formatted incorrectly - parameter 4 (total 3)
L 04/13/2021 - 02:17:21: [SM] Blaming: admincheats.smx
L 04/13/2021 - 02:17:21: [SM] Call stack trace:
L 04/13/2021 - 02:17:21: [SM]   [0] PrintToConsole
L 04/13/2021 - 02:17:21: [SM]   [1] Line 75, /home/forums/content/files/7/2/34150.attach::cheatcommand
L 04/13/2021 - 02:17:21: [SM] Exception reported: String formatted incorrectly - parameter 4 (total 3)
L 04/13/2021 - 02:17:21: [SM] Blaming: admincheats.smx
L 04/13/2021 - 02:17:21: [SM] Call stack trace:
L 04/13/2021 - 02:17:21: [SM]   [0] PrintToConsole
L 04/13/2021 - 02:17:21: [SM]   [1] Line 75, /home/forums/content/files/7/2/34150.attach::cheatcommand
L 04/13/2021 - 02:17:22: [SM] Exception reported: String formatted incorrectly - parameter 4 (total 3)
L 04/13/2021 - 02:17:22: [SM] Blaming: admincheats.smx
L 04/13/2021 - 02:17:22: [SM] Call stack trace:
L 04/13/2021 - 02:17:22: [SM]   [0] PrintToConsole
L 04/13/2021 - 02:17:22: [SM]   [1] Line 75, /home/forums/content/files/7/2/34150.attach::cheatcommand
L 04/13/2021 - 02:17:22: [SM] Exception reported: String formatted incorrectly - parameter 4 (total 3)
L 04/13/2021 - 02:17:22: [SM] Blaming: admincheats.smx
L 04/13/2021 - 02:17:22: [SM] Call stack trace:
L 04/13/2021 - 02:17:22: [SM]   [0] PrintToConsole
L 04/13/2021 - 02:17:22: [SM]   [1] Line 75, /home/forums/content/files/7/2/34150.attach::cheatcommand
L 04/13/2021 - 02:17:22: [SM] Exception reported: String formatted incorrectly - parameter 4 (total 3)
L 04/13/2021 - 02:17:22: [SM] Blaming: admincheats.smx
L 04/13/2021 - 02:17:22: [SM] Call stack trace:
L 04/13/2021 - 02:17:22: [SM]   [0] PrintToConsole
L 04/13/2021 - 02:17:22: [SM]   [1] Line 75, /home/forums/content/files/7/2/34150.attach::cheatcommand
L 04/13/2021 - 02:17:22: [SM] Exception reported: String formatted incorrectly - parameter 4 (total 3)
L 04/13/2021 - 02:17:22: [SM] Blaming: admincheats.smx
L 04/13/2021 - 02:17:22: [SM] Call stack trace:
L 04/13/2021 - 02:17:22: [SM]   [0] PrintToConsole
L 04/13/2021 - 02:17:22: [SM]   [1] Line 75, /home/forums/content/files/7/2/34150.attach::cheatcommand
L 04/13/2021 - 02:17:23: [SM] Exception reported: String formatted incorrectly - parameter 4 (total 3)
L 04/13/2021 - 02:17:23: [SM] Blaming: admincheats.smx
L 04/13/2021 - 02:17:23: [SM] Call stack trace:
L 04/13/2021 - 02:17:23: [SM]   [0] PrintToConsole
L 04/13/2021 - 02:17:23: [SM]   [1] Line 75, /home/forums/content/files/7/2/34150.attach::cheatcommand
L 04/13/2021 - 02:17:23: [SM] Exception reported: String formatted incorrectly - parameter 4 (total 3)
L 04/13/2021 - 02:17:23: [SM] Blaming: admincheats.smx
L 04/13/2021 - 02:17:23: [SM] Call stack trace:
L 04/13/2021 - 02:17:23: [SM]   [0] PrintToConsole
L 04/13/2021 - 02:17:23: [SM]   [1] Line 75, /home/forums/content/files/7/2/34150.attach::cheatcommand
L 04/13/2021 - 02:17:23: [SM] Exception reported: String formatted incorrectly - parameter 4 (total 3)
L 04/13/2021 - 02:17:23: [SM] Blaming: admincheats.smx
L 04/13/2021 - 02:17:23: [SM] Call stack trace:
L 04/13/2021 - 02:17:23: [SM]   [0] PrintToConsole
L 04/13/2021 - 02:17:23: [SM]   [1] Line 75, /home/forums/content/files/7/2/34150.attach::cheatcommand
L 04/13/2021 - 02:17:23: [SM] Exception reported: String formatted incorrectly - parameter 4 (total 3)
L 04/13/2021 - 02:17:23: [SM] Blaming: admincheats.smx
L 04/13/2021 - 02:17:23: [SM] Call stack trace:
L 04/13/2021 - 02:17:23: [SM]   [0] PrintToConsole
L 04/13/2021 - 02:17:23: [SM]   [1] Line 75, /home/forums/content/files/7/2/34150.attach::cheatcommand
L 04/13/2021 - 02:17:23: [SM] Exception reported: String formatted incorrectly - parameter 4 (total 3)
L 04/13/2021 - 02:17:23: [SM] Blaming: admincheats.smx
L 04/13/2021 - 02:17:23: [SM] Call stack trace:
L 04/13/2021 - 02:17:23: [SM]   [0] PrintToConsole
L 04/13/2021 - 02:17:23: [SM]   [1] Line 75, /home/forums/content/files/7/2/34150.attach::cheatcommand
L 04/13/2021 - 02:17:24: [SM] Exception reported: String formatted incorrectly - parameter 4 (total 3)
L 04/13/2021 - 02:17:24: [SM] Blaming: admincheats.smx
L 04/13/2021 - 02:17:24: [SM] Call stack trace:
L 04/13/2021 - 02:17:24: [SM]   [0] PrintToConsole
L 04/13/2021 - 02:17:24: [SM]   [1] Line 75, /home/forums/content/files/7/2/34150.attach::cheatcommand
L 04/13/2021 - 02:17:24: [SM] Exception reported: String formatted incorrectly - parameter 4 (total 3)
L 04/13/2021 - 02:17:24: [SM] Blaming: admincheats.smx
L 04/13/2021 - 02:17:24: [SM] Call stack trace:
L 04/13/2021 - 02:17:24: [SM]   [0] PrintToConsole
L 04/13/2021 - 02:17:24: [SM]   [1] Line 75, /home/forums/content/files/7/2/34150.attach::cheatcommand
L 04/13/2021 - 02:17:24: [SM] Exception reported: String formatted incorrectly - parameter 4 (total 3)
L 04/13/2021 - 02:17:24: [SM] Blaming: admincheats.smx
L 04/13/2021 - 02:17:24: [SM] Call stack trace:
L 04/13/2021 - 02:17:24: [SM]   [0] PrintToConsole
L 04/13/2021 - 02:17:24: [SM]   [1] Line 75, /home/forums/content/files/7/2/34150.attach::cheatcommand
L 04/13/2021 - 02:17:24: [SM] Exception reported: String formatted incorrectly - parameter 4 (total 3)
L 04/13/2021 - 02:17:24: [SM] Blaming: admincheats.smx
L 04/13/2021 - 02:17:24: [SM] Call stack trace:
L 04/13/2021 - 02:17:24: [SM]   [0] PrintToConsole
L 04/13/2021 - 02:17:24: [SM]   [1] Line 75, /home/forums/content/files/7/2/34150.attach::cheatcommand
L 04/13/2021 - 02:17:24: [SM] Exception reported: String formatted incorrectly - parameter 4 (total 3)
L 04/13/2021 - 02:17:24: [SM] Blaming: admincheats.smx
L 04/13/2021 - 02:17:24: [SM] Call stack trace:
L 04/13/2021 - 02:17:24: [SM]   [0] PrintToConsole
L 04/13/2021 - 02:17:24: [SM]   [1] Line 75, /home/forums/content/files/7/2/34150.attach::cheatcommand
L 04/13/2021 - 02:17:25: [SM] Exception reported: String formatted incorrectly - parameter 4 (total 3)
L 04/13/2021 - 02:17:25: [SM] Blaming: admincheats.smx
L 04/13/2021 - 02:17:25: [SM] Call stack trace:
L 04/13/2021 - 02:17:25: [SM]   [0] PrintToConsole
L 04/13/2021 - 02:17:25: [SM]   [1] Line 75, /home/forums/content/files/7/2/34150.attach::cheatcommand
L 04/13/2021 - 02:17:25: [SM] Exception reported: String formatted incorrectly - parameter 4 (total 3)
L 04/13/2021 - 02:17:25: [SM] Blaming: admincheats.smx
L 04/13/2021 - 02:17:25: [SM] Call stack trace:
L 04/13/2021 - 02:17:25: [SM]   [0] PrintToConsole
L 04/13/2021 - 02:17:25: [SM]   [1] Line 75, /home/forums/content/files/7/2/34150.attach::cheatcommand
L 04/13/2021 - 02:17:25: [SM] Exception reported: String formatted incorrectly - parameter 4 (total 3)
L 04/13/2021 - 02:17:25: [SM] Blaming: admincheats.smx
L 04/13/2021 - 02:17:25: [SM] Call stack trace:
L 04/13/2021 - 02:17:25: [SM]   [0] PrintToConsole
L 04/13/2021 - 02:17:25: [SM]   [1] Line 75, /home/forums/content/files/7/2/34150.attach::cheatcommand
L 04/13/2021 - 02:17:26: [SM] Exception reported: String formatted incorrectly - parameter 4 (total 3)
L 04/13/2021 - 02:17:26: [SM] Blaming: admincheats.smx
L 04/13/2021 - 02:17:26: [SM] Call stack trace:
L 04/13/2021 - 02:17:26: [SM]   [0] PrintToConsole
L 04/13/2021 - 02:17:26: [SM]   [1] Line 75, /home/forums/content/files/7/2/34150.attach::cheatcommand
L 04/13/2021 - 02:17:27: [SM] Exception reported: String formatted incorrectly - parameter 4 (total 3)
L 04/13/2021 - 02:17:27: [SM] Blaming: admincheats.smx
L 04/13/2021 - 02:17:27: [SM] Call stack trace:
L 04/13/2021 - 02:17:27: [SM]   [0] PrintToConsole
L 04/13/2021 - 02:17:27: [SM]   [1] Line 75, /home/forums/content/files/7/2/34150.attach::cheatcommand
L 04/13/2021 - 02:17:27: [SM] Exception reported: String formatted incorrectly - parameter 4 (total 3)
L 04/13/2021 - 02:17:27: [SM] Blaming: admincheats.smx
L 04/13/2021 - 02:17:27: [SM] Call stack trace:
L 04/13/2021 - 02:17:27: [SM]   [0] PrintToConsole
L 04/13/2021 - 02:17:27: [SM]   [1] Line 75, /home/forums/content/files/7/2/34150.attach::cheatcommand
L 04/13/2021 - 02:17:27: [SM] Exception reported: String formatted incorrectly - parameter 4 (total 3)
L 04/13/2021 - 02:17:27: [SM] Blaming: admincheats.smx
L 04/13/2021 - 02:17:27: [SM] Call stack trace:
L 04/13/2021 - 02:17:27: [SM]   [0] PrintToConsole
L 04/13/2021 - 02:17:27: [SM]   [1] Line 75, /home/forums/content/files/7/2/34150.attach::cheatcommand
L 04/13/2021 - 02:17:27: [SM] Exception reported: String formatted incorrectly - parameter 4 (total 3)
L 04/13/2021 - 02:17:27: [SM] Blaming: admincheats.smx
L 04/13/2021 - 02:17:27: [SM] Call stack trace:
L 04/13/2021 - 02:17:27: [SM]   [0] PrintToConsole
L 04/13/2021 - 02:17:27: [SM]   [1] Line 75, /home/forums/content/files/7/2/34150.attach::cheatcommand
L 04/13/2021 - 02:17:27: [SM] Exception reported: String formatted incorrectly - parameter 4 (total 3)
L 04/13/2021 - 02:17:27: [SM] Blaming: admincheats.smx
L 04/13/2021 - 02:17:27: [SM] Call stack trace:
L 04/13/2021 - 02:17:27: [SM]   [0] PrintToConsole
L 04/13/2021 - 02:17:27: [SM]   [1] Line 75, /home/forums/content/files/7/2/34150.attach::cheatcommand
L 04/13/2021 - 02:17:28: [SM] Exception reported: String formatted incorrectly - parameter 4 (total 3)
L 04/13/2021 - 02:17:28: [SM] Blaming: admincheats.smx
L 04/13/2021 - 02:17:28: [SM] Call stack trace:
L 04/13/2021 - 02:17:28: [SM]   [0] PrintToConsole
L 04/13/2021 - 02:17:28: [SM]   [1] Line 75, /home/forums/content/files/7/2/34150.attach::cheatcommand
L 04/13/2021 - 02:17:28: [SM] Exception reported: String formatted incorrectly - parameter 4 (total 3)
L 04/13/2021 - 02:17:28: [SM] Blaming: admincheats.smx
L 04/13/2021 - 02:17:28: [SM] Call stack trace:
L 04/13/2021 - 02:17:28: [SM]   [0] PrintToConsole
L 04/13/2021 - 02:17:28: [SM]   [1] Line 75, /home/forums/content/files/7/2/34150.attach::cheatcommand
L 04/13/2021 - 02:17:28: [SM] Exception reported: String formatted incorrectly - parameter 4 (total 3)
L 04/13/2021 - 02:17:28: [SM] Blaming: admincheats.smx
L 04/13/2021 - 02:17:28: [SM] Call stack trace:
L 04/13/2021 - 02:17:28: [SM]   [0] PrintToConsole
L 04/13/2021 - 02:17:28: [SM]   [1] Line 75, /home/forums/content/files/7/2/34150.attach::cheatcommand
L 04/13/2021 - 02:17:29: [SM] Exception reported: String formatted incorrectly - parameter 4 (total 3)
L 04/13/2021 - 02:17:29: [SM] Blaming: admincheats.smx
L 04/13/2021 - 02:17:29: [SM] Call stack trace:
L 04/13/2021 - 02:17:29: [SM]   [0] PrintToConsole
L 04/13/2021 - 02:17:29: [SM]   [1] Line 75, /home/forums/content/files/7/2/34150.attach::cheatcommand
L 04/13/2021 - 02:17:29: [SM] Exception reported: String formatted incorrectly - parameter 4 (total 3)
L 04/13/2021 - 02:17:29: [SM] Blaming: admincheats.smx
L 04/13/2021 - 02:17:29: [SM] Call stack trace:
L 04/13/2021 - 02:17:29: [SM]   [0] PrintToConsole
L 04/13/2021 - 02:17:29: [SM]   [1] Line 75, /home/forums/content/files/7/2/34150.attach::cheatcommand
L 04/13/2021 - 02:17:29: [SM] Exception reported: String formatted incorrectly - parameter 4 (total 3)
L 04/13/2021 - 02:17:29: [SM] Blaming: admincheats.smx
L 04/13/2021 - 02:17:29: [SM] Call stack trace:
L 04/13/2021 - 02:17:29: [SM]   [0] PrintToConsole
L 04/13/2021 - 02:17:29: [SM]   [1] Line 75, /home/forums/content/files/7/2/34150.attach::cheatcommand
L 04/13/2021 - 02:17:30: [SM] Exception reported: String formatted incorrectly - parameter 4 (total 3)
L 04/13/2021 - 02:17:30: [SM] Blaming: admincheats.smx
L 04/13/2021 - 02:17:30: [SM] Call stack trace:
L 04/13/2021 - 02:17:30: [SM]   [0] PrintToConsole
L 04/13/2021 - 02:17:30: [SM]   [1] Line 75, /home/forums/content/files/7/2/34150.attach::cheatcommand
L 04/13/2021 - 02:17:30: [SM] Exception reported: String formatted incorrectly - parameter 4 (total 3)
L 04/13/2021 - 02:17:30: [SM] Blaming: admincheats.smx
L 04/13/2021 - 02:17:30: [SM] Call stack trace:
L 04/13/2021 - 02:17:30: [SM]   [0] PrintToConsole
L 04/13/2021 - 02:17:30: [SM]   [1] Line 75, /home/forums/content/files/7/2/34150.attach::cheatcommand
L 04/13/2021 - 02:17:30: [SM] Exception reported: String formatted incorrectly - parameter 4 (total 3)
L 04/13/2021 - 02:17:30: [SM] Blaming: admincheats.smx
L 04/13/2021 - 02:17:30: [SM] Call stack trace:
L 04/13/2021 - 02:17:30: [SM]   [0] PrintToConsole
L 04/13/2021 - 02:17:30: [SM]   [1] Line 75, /home/forums/content/files/7/2/34150.attach::cheatcommand
L 04/13/2021 - 02:17:30: [SM] Exception reported: String formatted incorrectly - parameter 4 (total 3)
L 04/13/2021 - 02:17:30: [SM] Blaming: admincheats.smx
L 04/13/2021 - 02:17:30: [SM] Call stack trace:
L 04/13/2021 - 02:17:30: [SM]   [0] PrintToConsole
L 04/13/2021 - 02:17:30: [SM]   [1] Line 75, /home/forums/content/files/7/2/34150.attach::cheatcommand
L 04/13/2021 - 02:17:30: [SM] Exception reported: String formatted incorrectly - parameter 4 (total 3)
L 04/13/2021 - 02:17:30: [SM] Blaming: admincheats.smx
L 04/13/2021 - 02:17:30: [SM] Call stack trace:
L 04/13/2021 - 02:17:30: [SM]   [0] PrintToConsole
L 04/13/2021 - 02:17:30: [SM]   [1] Line 75, /home/forums/content/files/7/2/34150.attach::cheatcommand
L 04/13/2021 - 02:17:30: [SM] Exception reported: String formatted incorrectly - parameter 4 (total 3)
L 04/13/2021 - 02:17:30: [SM] Blaming: admincheats.smx
L 04/13/2021 - 02:17:30: [SM] Call stack trace:
L 04/13/2021 - 02:17:30: [SM]   [0] PrintToConsole
L 04/13/2021 - 02:17:30: [SM]   [1] Line 75, /home/forums/content/files/7/2/34150.attach::cheatcommand
L 04/13/2021 - 02:17:31: [SM] Exception reported: String formatted incorrectly - parameter 4 (total 3)
L 04/13/2021 - 02:17:31: [SM] Blaming: admincheats.smx
L 04/13/2021 - 02:17:31: [SM] Call stack trace:
L 04/13/2021 - 02:17:31: [SM]   [0] PrintToConsole
L 04/13/2021 - 02:17:31: [SM]   [1] Line 75, /home/forums/content/files/7/2/34150.attach::cheatcommand
L 04/13/2021 - 02:17:31: [SM] Exception reported: String formatted incorrectly - parameter 4 (total 3)
L 04/13/2021 - 02:17:31: [SM] Blaming: admincheats.smx
L 04/13/2021 - 02:17:31: [SM] Call stack trace:
L 04/13/2021 - 02:17:31: [SM]   [0] PrintToConsole
L 04/13/2021 - 02:17:31: [SM]   [1] Line 75, /home/forums/content/files/7/2/34150.attach::cheatcommand
L 04/13/2021 - 02:17:31: [SM] Exception reported: String formatted incorrectly - parameter 4 (total 3)
L 04/13/2021 - 02:17:31: [SM] Blaming: admincheats.smx
L 04/13/2021 - 02:17:31: [SM] Call stack trace:
L 04/13/2021 - 02:17:31: [SM]   [0] PrintToConsole
L 04/13/2021 - 02:17:31: [SM]   [1] Line 75, /home/forums/content/files/7/2/34150.attach::cheatcommand
L 04/13/2021 - 02:17:31: [SM] Exception reported: String formatted incorrectly - parameter 4 (total 3)
L 04/13/2021 - 02:17:31: [SM] Blaming: admincheats.smx
L 04/13/2021 - 02:17:31: [SM] Call stack trace:
L 04/13/2021 - 02:17:31: [SM]   [0] PrintToConsole
L 04/13/2021 - 02:17:31: [SM]   [1] Line 75, /home/forums/content/files/7/2/34150.attach::cheatcommand
L 04/13/2021 - 02:17:31: [SM] Exception reported: String formatted incorrectly - parameter 4 (total 3)
L 04/13/2021 - 02:17:31: [SM] Blaming: admincheats.smx
L 04/13/2021 - 02:17:31: [SM] Call stack trace:
L 04/13/2021 - 02:17:31: [SM]   [0] PrintToConsole
L 04/13/2021 - 02:17:31: [SM]   [1] Line 75, /home/forums/content/files/7/2/34150.attach::cheatcommand
L 04/13/2021 - 02:17:32: [SM] Exception reported: String formatted incorrectly - parameter 4 (total 3)
L 04/13/2021 - 02:17:32: [SM] Blaming: admincheats.smx
L 04/13/2021 - 02:17:32: [SM] Call stack trace:
L 04/13/2021 - 02:17:32: [SM]   [0] PrintToConsole
L 04/13/2021 - 02:17:32: [SM]   [1] Line 75, /home/forums/content/files/7/2/34150.attach::cheatcommand
L 04/13/2021 - 02:54:46: Error log file session closed.
L 04/13/2021 - 04:01:58: SourceMod error session started
L 04/13/2021 - 04:01:58: Info (map "plr_hightower") (file "/hlserver/tf2/tf/addons/sourcemod/logs/errors_20210413.log")
L 04/13/2021 - 04:01:58: [tf2attributes.smx] Could not initialize call to CEconItem::SetCustomName
L 04/13/2021 - 05:41:52: SourceMod error session started
L 04/13/2021 - 05:41:52: Info (map "plr_hightower") (file "/hlserver/tf2/tf/addons/sourcemod/logs/errors_20210413.log")
L 04/13/2021 - 05:41:52: [tf2attributes.smx] Could not initialize call to CEconItem::SetCustomName
L 04/14/2021 - 04:00:02: Error log file session closed.
