L 01/01/2022 - 04:00:28: SourceMod error session started
L 01/01/2022 - 04:00:28: Info (map "plr_hightower") (file "/home/tf2server/hlserver/tf2/tf/addons/sourcemod/logs/errors_20220101.log")
L 01/01/2022 - 04:00:28: [SM] Failed to load plugin "tf2-comp-fixes.smx": Unable to load plugin (bad header).
L 01/01/2022 - 04:00:28: [tf2attributes.smx] Could not initialize call to CEconItem::SetCustomName
L 01/01/2022 - 04:01:47: Error log file session closed.
L 01/01/2022 - 04:02:02: SourceMod error session started
L 01/01/2022 - 04:02:02: Info (map "plr_hightower") (file "/home/tf2server/hlserver/tf2/tf/addons/sourcemod/logs/errors_20220101.log")
L 01/01/2022 - 04:02:02: [SM] Failed to load plugin "tf2-comp-fixes.smx": Unable to load plugin (bad header).
L 01/01/2022 - 04:02:02: [tf2attributes.smx] Could not initialize call to CEconItem::SetCustomName
L 01/01/2022 - 21:32:43: SourceMod error session started
L 01/01/2022 - 21:32:43: Info (map "workshop/cp_rooftop_b6.ugc454119773") (file "/home/tf2server/hlserver/tf2/tf/addons/sourcemod/logs/errors_20220101.log")
L 01/01/2022 - 21:32:43: [SM] Failed to load plugin "tf2-comp-fixes.smx": Unable to load plugin (bad header).
L 01/01/2022 - 21:32:43: [tf2attributes.smx] Could not initialize call to CEconItem::SetCustomName
L 01/01/2022 - 21:35:31: SourceMod error session started
L 01/01/2022 - 21:35:31: Info (map "cp_snakewater_final1") (file "/home/tf2server/hlserver/tf2/tf/addons/sourcemod/logs/errors_20220101.log")
L 01/01/2022 - 21:35:31: [SM] Failed to load plugin "tf2-comp-fixes.smx": Unable to load plugin (bad header).
L 01/01/2022 - 21:35:31: SourceMod error session started
L 01/01/2022 - 21:35:31: Info (map "cp_standin_final") (file "/home/tf2server/hlserver/tf2/tf/addons/sourcemod/logs/errors_20220101.log")
L 01/01/2022 - 21:35:31: [SM] Failed to load plugin "tf2-comp-fixes.smx": Unable to load plugin (bad header).
L 01/01/2022 - 21:35:31: [tf2attributes.smx] Could not initialize call to CEconItem::SetCustomName
L 01/01/2022 - 21:35:31: [tf2attributes.smx] Could not initialize call to CEconItem::SetCustomName
L 01/02/2022 - 00:41:21: Error log file session closed.
L 01/02/2022 - 04:00:41: Error log file session closed.
