L 05/01/2021 - 00:31:29: SourceMod error session started
L 05/01/2021 - 00:31:29: Info (map "plr_hightower") (file "/hlserver/tf2/tf/addons/sourcemod/logs/errors_20210501.log")
L 05/01/2021 - 00:31:29: [SM] Exception reported: String formatted incorrectly - parameter 4 (total 3)
L 05/01/2021 - 00:31:29: [SM] Blaming: admincheats.smx
L 05/01/2021 - 00:31:29: [SM] Call stack trace:
L 05/01/2021 - 00:31:29: [SM]   [0] PrintToConsole
L 05/01/2021 - 00:31:29: [SM]   [1] Line 75, /home/forums/content/files/7/2/34150.attach::cheatcommand
L 05/01/2021 - 00:31:29: [SM] Exception reported: String formatted incorrectly - parameter 4 (total 3)
L 05/01/2021 - 00:31:29: [SM] Blaming: admincheats.smx
L 05/01/2021 - 00:31:29: [SM] Call stack trace:
L 05/01/2021 - 00:31:29: [SM]   [0] PrintToConsole
L 05/01/2021 - 00:31:29: [SM]   [1] Line 75, /home/forums/content/files/7/2/34150.attach::cheatcommand
L 05/01/2021 - 00:31:29: [SM] Exception reported: String formatted incorrectly - parameter 4 (total 3)
L 05/01/2021 - 00:31:29: [SM] Blaming: admincheats.smx
L 05/01/2021 - 00:31:29: [SM] Call stack trace:
L 05/01/2021 - 00:31:29: [SM]   [0] PrintToConsole
L 05/01/2021 - 00:31:29: [SM]   [1] Line 75, /home/forums/content/files/7/2/34150.attach::cheatcommand
L 05/01/2021 - 00:31:30: [SM] Exception reported: String formatted incorrectly - parameter 4 (total 3)
L 05/01/2021 - 00:31:30: [SM] Blaming: admincheats.smx
L 05/01/2021 - 00:31:30: [SM] Call stack trace:
L 05/01/2021 - 00:31:30: [SM]   [0] PrintToConsole
L 05/01/2021 - 00:31:30: [SM]   [1] Line 75, /home/forums/content/files/7/2/34150.attach::cheatcommand
L 05/01/2021 - 00:31:30: [SM] Exception reported: String formatted incorrectly - parameter 4 (total 3)
L 05/01/2021 - 00:31:30: [SM] Blaming: admincheats.smx
L 05/01/2021 - 00:31:30: [SM] Call stack trace:
L 05/01/2021 - 00:31:30: [SM]   [0] PrintToConsole
L 05/01/2021 - 00:31:30: [SM]   [1] Line 75, /home/forums/content/files/7/2/34150.attach::cheatcommand
L 05/01/2021 - 00:31:30: [SM] Exception reported: String formatted incorrectly - parameter 4 (total 3)
L 05/01/2021 - 00:31:30: [SM] Blaming: admincheats.smx
L 05/01/2021 - 00:31:30: [SM] Call stack trace:
L 05/01/2021 - 00:31:30: [SM]   [0] PrintToConsole
L 05/01/2021 - 00:31:30: [SM]   [1] Line 75, /home/forums/content/files/7/2/34150.attach::cheatcommand
L 05/01/2021 - 00:31:31: [SM] Exception reported: String formatted incorrectly - parameter 4 (total 3)
L 05/01/2021 - 00:31:31: [SM] Blaming: admincheats.smx
L 05/01/2021 - 00:31:31: [SM] Call stack trace:
L 05/01/2021 - 00:31:31: [SM]   [0] PrintToConsole
L 05/01/2021 - 00:31:31: [SM]   [1] Line 75, /home/forums/content/files/7/2/34150.attach::cheatcommand
L 05/01/2021 - 00:31:31: [SM] Exception reported: String formatted incorrectly - parameter 4 (total 3)
L 05/01/2021 - 00:31:31: [SM] Blaming: admincheats.smx
L 05/01/2021 - 00:31:31: [SM] Call stack trace:
L 05/01/2021 - 00:31:31: [SM]   [0] PrintToConsole
L 05/01/2021 - 00:31:31: [SM]   [1] Line 75, /home/forums/content/files/7/2/34150.attach::cheatcommand
L 05/01/2021 - 00:31:31: [SM] Exception reported: String formatted incorrectly - parameter 4 (total 3)
L 05/01/2021 - 00:31:31: [SM] Blaming: admincheats.smx
L 05/01/2021 - 00:31:31: [SM] Call stack trace:
L 05/01/2021 - 00:31:31: [SM]   [0] PrintToConsole
L 05/01/2021 - 00:31:31: [SM]   [1] Line 75, /home/forums/content/files/7/2/34150.attach::cheatcommand
L 05/01/2021 - 01:06:14: [SM] Exception reported: String formatted incorrectly - parameter 4 (total 3)
L 05/01/2021 - 01:06:14: [SM] Blaming: admincheats.smx
L 05/01/2021 - 01:06:14: [SM] Call stack trace:
L 05/01/2021 - 01:06:14: [SM]   [0] PrintToConsole
L 05/01/2021 - 01:06:14: [SM]   [1] Line 75, /home/forums/content/files/7/2/34150.attach::cheatcommand
L 05/01/2021 - 01:06:14: [SM] Exception reported: String formatted incorrectly - parameter 4 (total 3)
L 05/01/2021 - 01:06:14: [SM] Blaming: admincheats.smx
L 05/01/2021 - 01:06:14: [SM] Call stack trace:
L 05/01/2021 - 01:06:14: [SM]   [0] PrintToConsole
L 05/01/2021 - 01:06:14: [SM]   [1] Line 75, /home/forums/content/files/7/2/34150.attach::cheatcommand
L 05/01/2021 - 01:06:14: [SM] Exception reported: String formatted incorrectly - parameter 4 (total 3)
L 05/01/2021 - 01:06:14: [SM] Blaming: admincheats.smx
L 05/01/2021 - 01:06:14: [SM] Call stack trace:
L 05/01/2021 - 01:06:14: [SM]   [0] PrintToConsole
L 05/01/2021 - 01:06:14: [SM]   [1] Line 75, /home/forums/content/files/7/2/34150.attach::cheatcommand
L 05/01/2021 - 01:06:14: [SM] Exception reported: String formatted incorrectly - parameter 4 (total 3)
L 05/01/2021 - 01:06:14: [SM] Blaming: admincheats.smx
L 05/01/2021 - 01:06:14: [SM] Call stack trace:
L 05/01/2021 - 01:06:14: [SM]   [0] PrintToConsole
L 05/01/2021 - 01:06:14: [SM]   [1] Line 75, /home/forums/content/files/7/2/34150.attach::cheatcommand
L 05/01/2021 - 01:06:15: [SM] Exception reported: String formatted incorrectly - parameter 4 (total 3)
L 05/01/2021 - 01:06:15: [SM] Blaming: admincheats.smx
L 05/01/2021 - 01:06:15: [SM] Call stack trace:
L 05/01/2021 - 01:06:15: [SM]   [0] PrintToConsole
L 05/01/2021 - 01:06:15: [SM]   [1] Line 75, /home/forums/content/files/7/2/34150.attach::cheatcommand
L 05/01/2021 - 01:06:16: [SM] Exception reported: String formatted incorrectly - parameter 4 (total 3)
L 05/01/2021 - 01:06:16: [SM] Blaming: admincheats.smx
L 05/01/2021 - 01:06:16: [SM] Call stack trace:
L 05/01/2021 - 01:06:16: [SM]   [0] PrintToConsole
L 05/01/2021 - 01:06:16: [SM]   [1] Line 75, /home/forums/content/files/7/2/34150.attach::cheatcommand
L 05/01/2021 - 01:06:16: [SM] Exception reported: String formatted incorrectly - parameter 4 (total 3)
L 05/01/2021 - 01:06:16: [SM] Blaming: admincheats.smx
L 05/01/2021 - 01:06:16: [SM] Call stack trace:
L 05/01/2021 - 01:06:16: [SM]   [0] PrintToConsole
L 05/01/2021 - 01:06:16: [SM]   [1] Line 75, /home/forums/content/files/7/2/34150.attach::cheatcommand
L 05/01/2021 - 01:07:05: [SM] Exception reported: String formatted incorrectly - parameter 4 (total 3)
L 05/01/2021 - 01:07:05: [SM] Blaming: admincheats.smx
L 05/01/2021 - 01:07:05: [SM] Call stack trace:
L 05/01/2021 - 01:07:05: [SM]   [0] PrintToConsole
L 05/01/2021 - 01:07:05: [SM]   [1] Line 75, /home/forums/content/files/7/2/34150.attach::cheatcommand
L 05/01/2021 - 01:07:52: [SM] Exception reported: String formatted incorrectly - parameter 4 (total 3)
L 05/01/2021 - 01:07:52: [SM] Blaming: admincheats.smx
L 05/01/2021 - 01:07:52: [SM] Call stack trace:
L 05/01/2021 - 01:07:52: [SM]   [0] PrintToConsole
L 05/01/2021 - 01:07:52: [SM]   [1] Line 75, /home/forums/content/files/7/2/34150.attach::cheatcommand
L 05/01/2021 - 01:10:05: [SM] Exception reported: String formatted incorrectly - parameter 4 (total 3)
L 05/01/2021 - 01:10:05: [SM] Blaming: admincheats.smx
L 05/01/2021 - 01:10:05: [SM] Call stack trace:
L 05/01/2021 - 01:10:05: [SM]   [0] PrintToConsole
L 05/01/2021 - 01:10:05: [SM]   [1] Line 75, /home/forums/content/files/7/2/34150.attach::cheatcommand
L 05/01/2021 - 01:10:13: [SM] Exception reported: String formatted incorrectly - parameter 4 (total 3)
L 05/01/2021 - 01:10:13: [SM] Blaming: admincheats.smx
L 05/01/2021 - 01:10:13: [SM] Call stack trace:
L 05/01/2021 - 01:10:13: [SM]   [0] PrintToConsole
L 05/01/2021 - 01:10:13: [SM]   [1] Line 75, /home/forums/content/files/7/2/34150.attach::cheatcommand
L 05/01/2021 - 01:10:13: [SM] Exception reported: String formatted incorrectly - parameter 4 (total 3)
L 05/01/2021 - 01:10:13: [SM] Blaming: admincheats.smx
L 05/01/2021 - 01:10:13: [SM] Call stack trace:
L 05/01/2021 - 01:10:13: [SM]   [0] PrintToConsole
L 05/01/2021 - 01:10:13: [SM]   [1] Line 75, /home/forums/content/files/7/2/34150.attach::cheatcommand
L 05/01/2021 - 01:10:14: [SM] Exception reported: String formatted incorrectly - parameter 4 (total 3)
L 05/01/2021 - 01:10:14: [SM] Blaming: admincheats.smx
L 05/01/2021 - 01:10:14: [SM] Call stack trace:
L 05/01/2021 - 01:10:14: [SM]   [0] PrintToConsole
L 05/01/2021 - 01:10:14: [SM]   [1] Line 75, /home/forums/content/files/7/2/34150.attach::cheatcommand
L 05/01/2021 - 01:10:14: [SM] Exception reported: String formatted incorrectly - parameter 4 (total 3)
L 05/01/2021 - 01:10:14: [SM] Blaming: admincheats.smx
L 05/01/2021 - 01:10:14: [SM] Call stack trace:
L 05/01/2021 - 01:10:14: [SM]   [0] PrintToConsole
L 05/01/2021 - 01:10:14: [SM]   [1] Line 75, /home/forums/content/files/7/2/34150.attach::cheatcommand
L 05/01/2021 - 01:10:14: [SM] Exception reported: String formatted incorrectly - parameter 4 (total 3)
L 05/01/2021 - 01:10:14: [SM] Blaming: admincheats.smx
L 05/01/2021 - 01:10:14: [SM] Call stack trace:
L 05/01/2021 - 01:10:14: [SM]   [0] PrintToConsole
L 05/01/2021 - 01:10:14: [SM]   [1] Line 75, /home/forums/content/files/7/2/34150.attach::cheatcommand
L 05/01/2021 - 01:10:14: [SM] Exception reported: String formatted incorrectly - parameter 4 (total 3)
L 05/01/2021 - 01:10:14: [SM] Blaming: admincheats.smx
L 05/01/2021 - 01:10:14: [SM] Call stack trace:
L 05/01/2021 - 01:10:14: [SM]   [0] PrintToConsole
L 05/01/2021 - 01:10:14: [SM]   [1] Line 75, /home/forums/content/files/7/2/34150.attach::cheatcommand
L 05/01/2021 - 01:10:14: [SM] Exception reported: String formatted incorrectly - parameter 4 (total 3)
L 05/01/2021 - 01:10:14: [SM] Blaming: admincheats.smx
L 05/01/2021 - 01:10:14: [SM] Call stack trace:
L 05/01/2021 - 01:10:14: [SM]   [0] PrintToConsole
L 05/01/2021 - 01:10:14: [SM]   [1] Line 75, /home/forums/content/files/7/2/34150.attach::cheatcommand
L 05/01/2021 - 01:10:14: [SM] Exception reported: String formatted incorrectly - parameter 4 (total 3)
L 05/01/2021 - 01:10:14: [SM] Blaming: admincheats.smx
L 05/01/2021 - 01:10:14: [SM] Call stack trace:
L 05/01/2021 - 01:10:14: [SM]   [0] PrintToConsole
L 05/01/2021 - 01:10:14: [SM]   [1] Line 75, /home/forums/content/files/7/2/34150.attach::cheatcommand
L 05/01/2021 - 01:10:15: [SM] Exception reported: String formatted incorrectly - parameter 4 (total 3)
L 05/01/2021 - 01:10:15: [SM] Blaming: admincheats.smx
L 05/01/2021 - 01:10:15: [SM] Call stack trace:
L 05/01/2021 - 01:10:15: [SM]   [0] PrintToConsole
L 05/01/2021 - 01:10:15: [SM]   [1] Line 75, /home/forums/content/files/7/2/34150.attach::cheatcommand
L 05/01/2021 - 01:10:15: [SM] Exception reported: String formatted incorrectly - parameter 4 (total 3)
L 05/01/2021 - 01:10:15: [SM] Blaming: admincheats.smx
L 05/01/2021 - 01:10:15: [SM] Call stack trace:
L 05/01/2021 - 01:10:15: [SM]   [0] PrintToConsole
L 05/01/2021 - 01:10:15: [SM]   [1] Line 75, /home/forums/content/files/7/2/34150.attach::cheatcommand
L 05/01/2021 - 01:10:15: [SM] Exception reported: String formatted incorrectly - parameter 4 (total 3)
L 05/01/2021 - 01:10:15: [SM] Blaming: admincheats.smx
L 05/01/2021 - 01:10:15: [SM] Call stack trace:
L 05/01/2021 - 01:10:15: [SM]   [0] PrintToConsole
L 05/01/2021 - 01:10:15: [SM]   [1] Line 75, /home/forums/content/files/7/2/34150.attach::cheatcommand
L 05/01/2021 - 01:10:15: [SM] Exception reported: String formatted incorrectly - parameter 4 (total 3)
L 05/01/2021 - 01:10:15: [SM] Blaming: admincheats.smx
L 05/01/2021 - 01:10:15: [SM] Call stack trace:
L 05/01/2021 - 01:10:15: [SM]   [0] PrintToConsole
L 05/01/2021 - 01:10:15: [SM]   [1] Line 75, /home/forums/content/files/7/2/34150.attach::cheatcommand
L 05/01/2021 - 01:10:15: [SM] Exception reported: String formatted incorrectly - parameter 4 (total 3)
L 05/01/2021 - 01:10:15: [SM] Blaming: admincheats.smx
L 05/01/2021 - 01:10:15: [SM] Call stack trace:
L 05/01/2021 - 01:10:15: [SM]   [0] PrintToConsole
L 05/01/2021 - 01:10:15: [SM]   [1] Line 75, /home/forums/content/files/7/2/34150.attach::cheatcommand
L 05/01/2021 - 01:10:16: [SM] Exception reported: String formatted incorrectly - parameter 4 (total 3)
L 05/01/2021 - 01:10:16: [SM] Blaming: admincheats.smx
L 05/01/2021 - 01:10:16: [SM] Call stack trace:
L 05/01/2021 - 01:10:16: [SM]   [0] PrintToConsole
L 05/01/2021 - 01:10:16: [SM]   [1] Line 75, /home/forums/content/files/7/2/34150.attach::cheatcommand
L 05/01/2021 - 01:10:16: [SM] Exception reported: String formatted incorrectly - parameter 4 (total 3)
L 05/01/2021 - 01:10:16: [SM] Blaming: admincheats.smx
L 05/01/2021 - 01:10:16: [SM] Call stack trace:
L 05/01/2021 - 01:10:16: [SM]   [0] PrintToConsole
L 05/01/2021 - 01:10:16: [SM]   [1] Line 75, /home/forums/content/files/7/2/34150.attach::cheatcommand
L 05/01/2021 - 01:10:16: [SM] Exception reported: String formatted incorrectly - parameter 4 (total 3)
L 05/01/2021 - 01:10:16: [SM] Blaming: admincheats.smx
L 05/01/2021 - 01:10:16: [SM] Call stack trace:
L 05/01/2021 - 01:10:16: [SM]   [0] PrintToConsole
L 05/01/2021 - 01:10:16: [SM]   [1] Line 75, /home/forums/content/files/7/2/34150.attach::cheatcommand
L 05/01/2021 - 01:10:16: [SM] Exception reported: String formatted incorrectly - parameter 4 (total 3)
L 05/01/2021 - 01:10:16: [SM] Blaming: admincheats.smx
L 05/01/2021 - 01:10:16: [SM] Call stack trace:
L 05/01/2021 - 01:10:16: [SM]   [0] PrintToConsole
L 05/01/2021 - 01:10:16: [SM]   [1] Line 75, /home/forums/content/files/7/2/34150.attach::cheatcommand
L 05/01/2021 - 01:10:16: [SM] Exception reported: String formatted incorrectly - parameter 4 (total 3)
L 05/01/2021 - 01:10:16: [SM] Blaming: admincheats.smx
L 05/01/2021 - 01:10:16: [SM] Call stack trace:
L 05/01/2021 - 01:10:16: [SM]   [0] PrintToConsole
L 05/01/2021 - 01:10:16: [SM]   [1] Line 75, /home/forums/content/files/7/2/34150.attach::cheatcommand
L 05/01/2021 - 01:10:17: [SM] Exception reported: String formatted incorrectly - parameter 4 (total 3)
L 05/01/2021 - 01:10:17: [SM] Blaming: admincheats.smx
L 05/01/2021 - 01:10:17: [SM] Call stack trace:
L 05/01/2021 - 01:10:17: [SM]   [0] PrintToConsole
L 05/01/2021 - 01:10:17: [SM]   [1] Line 75, /home/forums/content/files/7/2/34150.attach::cheatcommand
L 05/01/2021 - 01:10:17: [SM] Exception reported: String formatted incorrectly - parameter 4 (total 3)
L 05/01/2021 - 01:10:17: [SM] Blaming: admincheats.smx
L 05/01/2021 - 01:10:17: [SM] Call stack trace:
L 05/01/2021 - 01:10:17: [SM]   [0] PrintToConsole
L 05/01/2021 - 01:10:17: [SM]   [1] Line 75, /home/forums/content/files/7/2/34150.attach::cheatcommand
L 05/01/2021 - 01:10:17: [SM] Exception reported: String formatted incorrectly - parameter 4 (total 3)
L 05/01/2021 - 01:10:17: [SM] Blaming: admincheats.smx
L 05/01/2021 - 01:10:17: [SM] Call stack trace:
L 05/01/2021 - 01:10:17: [SM]   [0] PrintToConsole
L 05/01/2021 - 01:10:17: [SM]   [1] Line 75, /home/forums/content/files/7/2/34150.attach::cheatcommand
L 05/01/2021 - 01:10:17: [SM] Exception reported: String formatted incorrectly - parameter 4 (total 3)
L 05/01/2021 - 01:10:17: [SM] Blaming: admincheats.smx
L 05/01/2021 - 01:10:17: [SM] Call stack trace:
L 05/01/2021 - 01:10:17: [SM]   [0] PrintToConsole
L 05/01/2021 - 01:10:17: [SM]   [1] Line 75, /home/forums/content/files/7/2/34150.attach::cheatcommand
L 05/01/2021 - 01:10:17: [SM] Exception reported: String formatted incorrectly - parameter 4 (total 3)
L 05/01/2021 - 01:10:17: [SM] Blaming: admincheats.smx
L 05/01/2021 - 01:10:17: [SM] Call stack trace:
L 05/01/2021 - 01:10:17: [SM]   [0] PrintToConsole
L 05/01/2021 - 01:10:17: [SM]   [1] Line 75, /home/forums/content/files/7/2/34150.attach::cheatcommand
L 05/01/2021 - 01:10:17: [SM] Exception reported: String formatted incorrectly - parameter 4 (total 3)
L 05/01/2021 - 01:10:17: [SM] Blaming: admincheats.smx
L 05/01/2021 - 01:10:17: [SM] Call stack trace:
L 05/01/2021 - 01:10:17: [SM]   [0] PrintToConsole
L 05/01/2021 - 01:10:17: [SM]   [1] Line 75, /home/forums/content/files/7/2/34150.attach::cheatcommand
L 05/01/2021 - 04:00:23: Error log file session closed.
L 05/01/2021 - 04:01:04: SourceMod error session started
L 05/01/2021 - 04:01:04: Info (map "plr_hightower") (file "/hlserver/tf2/tf/addons/sourcemod/logs/errors_20210501.log")
L 05/01/2021 - 04:01:04: [tf2attributes.smx] Could not initialize call to CEconItem::SetCustomName
L 05/01/2021 - 21:44:48: Error log file session closed.
L 05/01/2021 - 21:45:27: SourceMod error session started
L 05/01/2021 - 21:45:27: Info (map "plr_hightower") (file "/hlserver/tf2/tf/addons/sourcemod/logs/errors_20210501.log")
L 05/01/2021 - 21:45:27: [tf2attributes.smx] Could not initialize call to CEconItem::SetCustomName
L 05/01/2021 - 22:00:19: [SM] Exception reported: String formatted incorrectly - parameter 4 (total 3)
L 05/01/2021 - 22:00:19: [SM] Blaming: admincheats.smx
L 05/01/2021 - 22:00:19: [SM] Call stack trace:
L 05/01/2021 - 22:00:19: [SM]   [0] PrintToConsole
L 05/01/2021 - 22:00:19: [SM]   [1] Line 75, /home/forums/content/files/7/2/34150.attach::cheatcommand
L 05/01/2021 - 22:00:31: [SM] Exception reported: String formatted incorrectly - parameter 4 (total 3)
L 05/01/2021 - 22:00:31: [SM] Blaming: admincheats.smx
L 05/01/2021 - 22:00:31: [SM] Call stack trace:
L 05/01/2021 - 22:00:31: [SM]   [0] PrintToConsole
L 05/01/2021 - 22:00:31: [SM]   [1] Line 75, /home/forums/content/files/7/2/34150.attach::cheatcommand
L 05/01/2021 - 22:00:47: [SM] Exception reported: String formatted incorrectly - parameter 4 (total 3)
L 05/01/2021 - 22:00:47: [SM] Blaming: admincheats.smx
L 05/01/2021 - 22:00:47: [SM] Call stack trace:
L 05/01/2021 - 22:00:47: [SM]   [0] PrintToConsole
L 05/01/2021 - 22:00:47: [SM]   [1] Line 75, /home/forums/content/files/7/2/34150.attach::cheatcommand
L 05/01/2021 - 22:00:53: [SM] Exception reported: String formatted incorrectly - parameter 4 (total 3)
L 05/01/2021 - 22:00:53: [SM] Blaming: admincheats.smx
L 05/01/2021 - 22:00:53: [SM] Call stack trace:
L 05/01/2021 - 22:00:53: [SM]   [0] PrintToConsole
L 05/01/2021 - 22:00:53: [SM]   [1] Line 75, /home/forums/content/files/7/2/34150.attach::cheatcommand
L 05/01/2021 - 22:00:53: [SM] Exception reported: String formatted incorrectly - parameter 4 (total 3)
L 05/01/2021 - 22:00:53: [SM] Blaming: admincheats.smx
L 05/01/2021 - 22:00:53: [SM] Call stack trace:
L 05/01/2021 - 22:00:53: [SM]   [0] PrintToConsole
L 05/01/2021 - 22:00:53: [SM]   [1] Line 75, /home/forums/content/files/7/2/34150.attach::cheatcommand
L 05/01/2021 - 22:00:53: [SM] Exception reported: String formatted incorrectly - parameter 4 (total 3)
L 05/01/2021 - 22:00:53: [SM] Blaming: admincheats.smx
L 05/01/2021 - 22:00:53: [SM] Call stack trace:
L 05/01/2021 - 22:00:53: [SM]   [0] PrintToConsole
L 05/01/2021 - 22:00:53: [SM]   [1] Line 75, /home/forums/content/files/7/2/34150.attach::cheatcommand
L 05/01/2021 - 22:00:54: [SM] Exception reported: String formatted incorrectly - parameter 4 (total 3)
L 05/01/2021 - 22:00:54: [SM] Blaming: admincheats.smx
L 05/01/2021 - 22:00:54: [SM] Call stack trace:
L 05/01/2021 - 22:00:54: [SM]   [0] PrintToConsole
L 05/01/2021 - 22:00:54: [SM]   [1] Line 75, /home/forums/content/files/7/2/34150.attach::cheatcommand
L 05/01/2021 - 22:00:54: [SM] Exception reported: String formatted incorrectly - parameter 4 (total 3)
L 05/01/2021 - 22:00:54: [SM] Blaming: admincheats.smx
L 05/01/2021 - 22:00:54: [SM] Call stack trace:
L 05/01/2021 - 22:00:54: [SM]   [0] PrintToConsole
L 05/01/2021 - 22:00:54: [SM]   [1] Line 75, /home/forums/content/files/7/2/34150.attach::cheatcommand
L 05/01/2021 - 22:00:54: [SM] Exception reported: String formatted incorrectly - parameter 4 (total 3)
L 05/01/2021 - 22:00:54: [SM] Blaming: admincheats.smx
L 05/01/2021 - 22:00:54: [SM] Call stack trace:
L 05/01/2021 - 22:00:54: [SM]   [0] PrintToConsole
L 05/01/2021 - 22:00:54: [SM]   [1] Line 75, /home/forums/content/files/7/2/34150.attach::cheatcommand
L 05/01/2021 - 22:00:54: [SM] Exception reported: String formatted incorrectly - parameter 4 (total 3)
L 05/01/2021 - 22:00:54: [SM] Blaming: admincheats.smx
L 05/01/2021 - 22:00:54: [SM] Call stack trace:
L 05/01/2021 - 22:00:54: [SM]   [0] PrintToConsole
L 05/01/2021 - 22:00:54: [SM]   [1] Line 75, /home/forums/content/files/7/2/34150.attach::cheatcommand
L 05/01/2021 - 22:00:55: [SM] Exception reported: String formatted incorrectly - parameter 4 (total 3)
L 05/01/2021 - 22:00:55: [SM] Blaming: admincheats.smx
L 05/01/2021 - 22:00:55: [SM] Call stack trace:
L 05/01/2021 - 22:00:55: [SM]   [0] PrintToConsole
L 05/01/2021 - 22:00:55: [SM]   [1] Line 75, /home/forums/content/files/7/2/34150.attach::cheatcommand
L 05/01/2021 - 22:00:55: [SM] Exception reported: String formatted incorrectly - parameter 4 (total 3)
L 05/01/2021 - 22:00:55: [SM] Blaming: admincheats.smx
L 05/01/2021 - 22:00:55: [SM] Call stack trace:
L 05/01/2021 - 22:00:55: [SM]   [0] PrintToConsole
L 05/01/2021 - 22:00:55: [SM]   [1] Line 75, /home/forums/content/files/7/2/34150.attach::cheatcommand
L 05/01/2021 - 22:00:55: [SM] Exception reported: String formatted incorrectly - parameter 4 (total 3)
L 05/01/2021 - 22:00:55: [SM] Blaming: admincheats.smx
L 05/01/2021 - 22:00:55: [SM] Call stack trace:
L 05/01/2021 - 22:00:55: [SM]   [0] PrintToConsole
L 05/01/2021 - 22:00:55: [SM]   [1] Line 75, /home/forums/content/files/7/2/34150.attach::cheatcommand
L 05/01/2021 - 22:00:55: [SM] Exception reported: String formatted incorrectly - parameter 4 (total 3)
L 05/01/2021 - 22:00:55: [SM] Blaming: admincheats.smx
L 05/01/2021 - 22:00:55: [SM] Call stack trace:
L 05/01/2021 - 22:00:55: [SM]   [0] PrintToConsole
L 05/01/2021 - 22:00:55: [SM]   [1] Line 75, /home/forums/content/files/7/2/34150.attach::cheatcommand
L 05/01/2021 - 22:00:56: [SM] Exception reported: String formatted incorrectly - parameter 4 (total 3)
L 05/01/2021 - 22:00:56: [SM] Blaming: admincheats.smx
L 05/01/2021 - 22:00:56: [SM] Call stack trace:
L 05/01/2021 - 22:00:56: [SM]   [0] PrintToConsole
L 05/01/2021 - 22:00:56: [SM]   [1] Line 75, /home/forums/content/files/7/2/34150.attach::cheatcommand
L 05/01/2021 - 22:00:56: [SM] Exception reported: String formatted incorrectly - parameter 4 (total 3)
L 05/01/2021 - 22:00:56: [SM] Blaming: admincheats.smx
L 05/01/2021 - 22:00:56: [SM] Call stack trace:
L 05/01/2021 - 22:00:56: [SM]   [0] PrintToConsole
L 05/01/2021 - 22:00:56: [SM]   [1] Line 75, /home/forums/content/files/7/2/34150.attach::cheatcommand
L 05/01/2021 - 22:00:56: [SM] Exception reported: String formatted incorrectly - parameter 4 (total 3)
L 05/01/2021 - 22:00:56: [SM] Blaming: admincheats.smx
L 05/01/2021 - 22:00:56: [SM] Call stack trace:
L 05/01/2021 - 22:00:56: [SM]   [0] PrintToConsole
L 05/01/2021 - 22:00:56: [SM]   [1] Line 75, /home/forums/content/files/7/2/34150.attach::cheatcommand
L 05/01/2021 - 22:00:56: [SM] Exception reported: String formatted incorrectly - parameter 4 (total 3)
L 05/01/2021 - 22:00:56: [SM] Blaming: admincheats.smx
L 05/01/2021 - 22:00:56: [SM] Call stack trace:
L 05/01/2021 - 22:00:56: [SM]   [0] PrintToConsole
L 05/01/2021 - 22:00:56: [SM]   [1] Line 75, /home/forums/content/files/7/2/34150.attach::cheatcommand
L 05/01/2021 - 22:00:56: [SM] Exception reported: String formatted incorrectly - parameter 4 (total 3)
L 05/01/2021 - 22:00:56: [SM] Blaming: admincheats.smx
L 05/01/2021 - 22:00:56: [SM] Call stack trace:
L 05/01/2021 - 22:00:56: [SM]   [0] PrintToConsole
L 05/01/2021 - 22:00:56: [SM]   [1] Line 75, /home/forums/content/files/7/2/34150.attach::cheatcommand
L 05/01/2021 - 22:01:34: [SM] Exception reported: String formatted incorrectly - parameter 4 (total 3)
L 05/01/2021 - 22:01:34: [SM] Blaming: admincheats.smx
L 05/01/2021 - 22:01:34: [SM] Call stack trace:
L 05/01/2021 - 22:01:34: [SM]   [0] PrintToConsole
L 05/01/2021 - 22:01:34: [SM]   [1] Line 75, /home/forums/content/files/7/2/34150.attach::cheatcommand
L 05/01/2021 - 22:01:34: [SM] Exception reported: String formatted incorrectly - parameter 4 (total 3)
L 05/01/2021 - 22:01:34: [SM] Blaming: admincheats.smx
L 05/01/2021 - 22:01:34: [SM] Call stack trace:
L 05/01/2021 - 22:01:34: [SM]   [0] PrintToConsole
L 05/01/2021 - 22:01:34: [SM]   [1] Line 75, /home/forums/content/files/7/2/34150.attach::cheatcommand
L 05/01/2021 - 22:01:34: [SM] Exception reported: String formatted incorrectly - parameter 4 (total 3)
L 05/01/2021 - 22:01:34: [SM] Blaming: admincheats.smx
L 05/01/2021 - 22:01:34: [SM] Call stack trace:
L 05/01/2021 - 22:01:34: [SM]   [0] PrintToConsole
L 05/01/2021 - 22:01:34: [SM]   [1] Line 75, /home/forums/content/files/7/2/34150.attach::cheatcommand
L 05/01/2021 - 22:01:34: [SM] Exception reported: String formatted incorrectly - parameter 4 (total 3)
L 05/01/2021 - 22:01:34: [SM] Blaming: admincheats.smx
L 05/01/2021 - 22:01:34: [SM] Call stack trace:
L 05/01/2021 - 22:01:34: [SM]   [0] PrintToConsole
L 05/01/2021 - 22:01:34: [SM]   [1] Line 75, /home/forums/content/files/7/2/34150.attach::cheatcommand
L 05/01/2021 - 22:01:34: [SM] Exception reported: String formatted incorrectly - parameter 4 (total 3)
L 05/01/2021 - 22:01:34: [SM] Blaming: admincheats.smx
L 05/01/2021 - 22:01:34: [SM] Call stack trace:
L 05/01/2021 - 22:01:34: [SM]   [0] PrintToConsole
L 05/01/2021 - 22:01:34: [SM]   [1] Line 75, /home/forums/content/files/7/2/34150.attach::cheatcommand
L 05/01/2021 - 22:01:35: [SM] Exception reported: String formatted incorrectly - parameter 4 (total 3)
L 05/01/2021 - 22:01:35: [SM] Blaming: admincheats.smx
L 05/01/2021 - 22:01:35: [SM] Call stack trace:
L 05/01/2021 - 22:01:35: [SM]   [0] PrintToConsole
L 05/01/2021 - 22:01:35: [SM]   [1] Line 75, /home/forums/content/files/7/2/34150.attach::cheatcommand
L 05/01/2021 - 22:01:35: [SM] Exception reported: String formatted incorrectly - parameter 4 (total 3)
L 05/01/2021 - 22:01:35: [SM] Blaming: admincheats.smx
L 05/01/2021 - 22:01:35: [SM] Call stack trace:
L 05/01/2021 - 22:01:35: [SM]   [0] PrintToConsole
L 05/01/2021 - 22:01:35: [SM]   [1] Line 75, /home/forums/content/files/7/2/34150.attach::cheatcommand
L 05/01/2021 - 22:01:35: [SM] Exception reported: String formatted incorrectly - parameter 4 (total 3)
L 05/01/2021 - 22:01:35: [SM] Blaming: admincheats.smx
L 05/01/2021 - 22:01:35: [SM] Call stack trace:
L 05/01/2021 - 22:01:35: [SM]   [0] PrintToConsole
L 05/01/2021 - 22:01:35: [SM]   [1] Line 75, /home/forums/content/files/7/2/34150.attach::cheatcommand
L 05/01/2021 - 22:01:37: [SM] Exception reported: String formatted incorrectly - parameter 4 (total 3)
L 05/01/2021 - 22:01:37: [SM] Blaming: admincheats.smx
L 05/01/2021 - 22:01:37: [SM] Call stack trace:
L 05/01/2021 - 22:01:37: [SM]   [0] PrintToConsole
L 05/01/2021 - 22:01:37: [SM]   [1] Line 75, /home/forums/content/files/7/2/34150.attach::cheatcommand
L 05/01/2021 - 22:01:38: [SM] Exception reported: String formatted incorrectly - parameter 4 (total 3)
L 05/01/2021 - 22:01:38: [SM] Blaming: admincheats.smx
L 05/01/2021 - 22:01:38: [SM] Call stack trace:
L 05/01/2021 - 22:01:38: [SM]   [0] PrintToConsole
L 05/01/2021 - 22:01:38: [SM]   [1] Line 75, /home/forums/content/files/7/2/34150.attach::cheatcommand
L 05/01/2021 - 22:01:38: [SM] Exception reported: String formatted incorrectly - parameter 4 (total 3)
L 05/01/2021 - 22:01:38: [SM] Blaming: admincheats.smx
L 05/01/2021 - 22:01:38: [SM] Call stack trace:
L 05/01/2021 - 22:01:38: [SM]   [0] PrintToConsole
L 05/01/2021 - 22:01:38: [SM]   [1] Line 75, /home/forums/content/files/7/2/34150.attach::cheatcommand
L 05/01/2021 - 22:01:38: [SM] Exception reported: String formatted incorrectly - parameter 4 (total 3)
L 05/01/2021 - 22:01:38: [SM] Blaming: admincheats.smx
L 05/01/2021 - 22:01:38: [SM] Call stack trace:
L 05/01/2021 - 22:01:38: [SM]   [0] PrintToConsole
L 05/01/2021 - 22:01:38: [SM]   [1] Line 75, /home/forums/content/files/7/2/34150.attach::cheatcommand
L 05/01/2021 - 22:02:52: [SM] Exception reported: String formatted incorrectly - parameter 4 (total 3)
L 05/01/2021 - 22:02:52: [SM] Blaming: admincheats.smx
L 05/01/2021 - 22:02:52: [SM] Call stack trace:
L 05/01/2021 - 22:02:52: [SM]   [0] PrintToConsole
L 05/01/2021 - 22:02:52: [SM]   [1] Line 75, /home/forums/content/files/7/2/34150.attach::cheatcommand
L 05/01/2021 - 22:02:57: [SM] Exception reported: String formatted incorrectly - parameter 4 (total 3)
L 05/01/2021 - 22:02:57: [SM] Blaming: admincheats.smx
L 05/01/2021 - 22:02:57: [SM] Call stack trace:
L 05/01/2021 - 22:02:57: [SM]   [0] PrintToConsole
L 05/01/2021 - 22:02:57: [SM]   [1] Line 75, /home/forums/content/files/7/2/34150.attach::cheatcommand
L 05/01/2021 - 22:03:06: [SM] Exception reported: String formatted incorrectly - parameter 4 (total 3)
L 05/01/2021 - 22:03:06: [SM] Blaming: admincheats.smx
L 05/01/2021 - 22:03:06: [SM] Call stack trace:
L 05/01/2021 - 22:03:06: [SM]   [0] PrintToConsole
L 05/01/2021 - 22:03:06: [SM]   [1] Line 75, /home/forums/content/files/7/2/34150.attach::cheatcommand
L 05/01/2021 - 22:03:09: [SM] Exception reported: String formatted incorrectly - parameter 4 (total 3)
L 05/01/2021 - 22:03:09: [SM] Blaming: admincheats.smx
L 05/01/2021 - 22:03:09: [SM] Call stack trace:
L 05/01/2021 - 22:03:09: [SM]   [0] PrintToConsole
L 05/01/2021 - 22:03:09: [SM]   [1] Line 75, /home/forums/content/files/7/2/34150.attach::cheatcommand
L 05/01/2021 - 22:03:10: [SM] Exception reported: String formatted incorrectly - parameter 4 (total 3)
L 05/01/2021 - 22:03:10: [SM] Blaming: admincheats.smx
L 05/01/2021 - 22:03:10: [SM] Call stack trace:
L 05/01/2021 - 22:03:10: [SM]   [0] PrintToConsole
L 05/01/2021 - 22:03:10: [SM]   [1] Line 75, /home/forums/content/files/7/2/34150.attach::cheatcommand
L 05/01/2021 - 22:03:10: [SM] Exception reported: String formatted incorrectly - parameter 4 (total 3)
L 05/01/2021 - 22:03:10: [SM] Blaming: admincheats.smx
L 05/01/2021 - 22:03:10: [SM] Call stack trace:
L 05/01/2021 - 22:03:10: [SM]   [0] PrintToConsole
L 05/01/2021 - 22:03:10: [SM]   [1] Line 75, /home/forums/content/files/7/2/34150.attach::cheatcommand
L 05/01/2021 - 22:03:11: [SM] Exception reported: String formatted incorrectly - parameter 4 (total 3)
L 05/01/2021 - 22:03:11: [SM] Blaming: admincheats.smx
L 05/01/2021 - 22:03:11: [SM] Call stack trace:
L 05/01/2021 - 22:03:11: [SM]   [0] PrintToConsole
L 05/01/2021 - 22:03:11: [SM]   [1] Line 75, /home/forums/content/files/7/2/34150.attach::cheatcommand
L 05/01/2021 - 22:03:11: [SM] Exception reported: String formatted incorrectly - parameter 4 (total 3)
L 05/01/2021 - 22:03:11: [SM] Blaming: admincheats.smx
L 05/01/2021 - 22:03:11: [SM] Call stack trace:
L 05/01/2021 - 22:03:11: [SM]   [0] PrintToConsole
L 05/01/2021 - 22:03:11: [SM]   [1] Line 75, /home/forums/content/files/7/2/34150.attach::cheatcommand
L 05/01/2021 - 22:03:12: [SM] Exception reported: String formatted incorrectly - parameter 4 (total 3)
L 05/01/2021 - 22:03:12: [SM] Blaming: admincheats.smx
L 05/01/2021 - 22:03:12: [SM] Call stack trace:
L 05/01/2021 - 22:03:12: [SM]   [0] PrintToConsole
L 05/01/2021 - 22:03:12: [SM]   [1] Line 75, /home/forums/content/files/7/2/34150.attach::cheatcommand
L 05/01/2021 - 22:03:13: [SM] Exception reported: String formatted incorrectly - parameter 4 (total 3)
L 05/01/2021 - 22:03:13: [SM] Blaming: admincheats.smx
L 05/01/2021 - 22:03:13: [SM] Call stack trace:
L 05/01/2021 - 22:03:13: [SM]   [0] PrintToConsole
L 05/01/2021 - 22:03:13: [SM]   [1] Line 75, /home/forums/content/files/7/2/34150.attach::cheatcommand
L 05/01/2021 - 22:03:17: [SM] Exception reported: String formatted incorrectly - parameter 4 (total 3)
L 05/01/2021 - 22:03:17: [SM] Blaming: admincheats.smx
L 05/01/2021 - 22:03:17: [SM] Call stack trace:
L 05/01/2021 - 22:03:17: [SM]   [0] PrintToConsole
L 05/01/2021 - 22:03:17: [SM]   [1] Line 75, /home/forums/content/files/7/2/34150.attach::cheatcommand
L 05/01/2021 - 22:03:19: [SM] Exception reported: String formatted incorrectly - parameter 4 (total 3)
L 05/01/2021 - 22:03:19: [SM] Blaming: admincheats.smx
L 05/01/2021 - 22:03:19: [SM] Call stack trace:
L 05/01/2021 - 22:03:19: [SM]   [0] PrintToConsole
L 05/01/2021 - 22:03:19: [SM]   [1] Line 75, /home/forums/content/files/7/2/34150.attach::cheatcommand
L 05/01/2021 - 22:03:25: [SM] Exception reported: String formatted incorrectly - parameter 4 (total 3)
L 05/01/2021 - 22:03:25: [SM] Blaming: admincheats.smx
L 05/01/2021 - 22:03:25: [SM] Call stack trace:
L 05/01/2021 - 22:03:25: [SM]   [0] PrintToConsole
L 05/01/2021 - 22:03:25: [SM]   [1] Line 75, /home/forums/content/files/7/2/34150.attach::cheatcommand
L 05/01/2021 - 22:03:27: [SM] Exception reported: String formatted incorrectly - parameter 4 (total 3)
L 05/01/2021 - 22:03:27: [SM] Blaming: admincheats.smx
L 05/01/2021 - 22:03:27: [SM] Call stack trace:
L 05/01/2021 - 22:03:27: [SM]   [0] PrintToConsole
L 05/01/2021 - 22:03:27: [SM]   [1] Line 75, /home/forums/content/files/7/2/34150.attach::cheatcommand
L 05/01/2021 - 22:03:28: [SM] Exception reported: String formatted incorrectly - parameter 4 (total 3)
L 05/01/2021 - 22:03:28: [SM] Blaming: admincheats.smx
L 05/01/2021 - 22:03:28: [SM] Call stack trace:
L 05/01/2021 - 22:03:28: [SM]   [0] PrintToConsole
L 05/01/2021 - 22:03:28: [SM]   [1] Line 75, /home/forums/content/files/7/2/34150.attach::cheatcommand
L 05/01/2021 - 22:03:28: [SM] Exception reported: String formatted incorrectly - parameter 4 (total 3)
L 05/01/2021 - 22:03:28: [SM] Blaming: admincheats.smx
L 05/01/2021 - 22:03:28: [SM] Call stack trace:
L 05/01/2021 - 22:03:28: [SM]   [0] PrintToConsole
L 05/01/2021 - 22:03:28: [SM]   [1] Line 75, /home/forums/content/files/7/2/34150.attach::cheatcommand
L 05/01/2021 - 22:03:29: [SM] Exception reported: String formatted incorrectly - parameter 4 (total 3)
L 05/01/2021 - 22:03:29: [SM] Blaming: admincheats.smx
L 05/01/2021 - 22:03:29: [SM] Call stack trace:
L 05/01/2021 - 22:03:29: [SM]   [0] PrintToConsole
L 05/01/2021 - 22:03:29: [SM]   [1] Line 75, /home/forums/content/files/7/2/34150.attach::cheatcommand
L 05/01/2021 - 22:03:30: [SM] Exception reported: String formatted incorrectly - parameter 4 (total 3)
L 05/01/2021 - 22:03:30: [SM] Blaming: admincheats.smx
L 05/01/2021 - 22:03:30: [SM] Call stack trace:
L 05/01/2021 - 22:03:30: [SM]   [0] PrintToConsole
L 05/01/2021 - 22:03:30: [SM]   [1] Line 75, /home/forums/content/files/7/2/34150.attach::cheatcommand
L 05/01/2021 - 22:03:58: [SM] Exception reported: Array index out-of-bounds (index 975, limit 34)
L 05/01/2021 - 22:03:58: [SM] Blaming: stac.smx
L 05/01/2021 - 22:03:58: [SM] Call stack trace:
L 05/01/2021 - 22:03:58: [SM]   [1] Line 905, stac.sp::hOnTakeDamage
L 05/01/2021 - 22:04:09: [SM] Exception reported: Array index out-of-bounds (index 964, limit 34)
L 05/01/2021 - 22:04:09: [SM] Blaming: stac.smx
L 05/01/2021 - 22:04:09: [SM] Call stack trace:
L 05/01/2021 - 22:04:09: [SM]   [1] Line 905, stac.sp::hOnTakeDamage
L 05/01/2021 - 22:04:10: [SM] Exception reported: Array index out-of-bounds (index 964, limit 34)
L 05/01/2021 - 22:04:10: [SM] Blaming: stac.smx
L 05/01/2021 - 22:04:10: [SM] Call stack trace:
L 05/01/2021 - 22:04:10: [SM]   [1] Line 905, stac.sp::hOnTakeDamage
L 05/01/2021 - 22:04:36: [SM] Exception reported: Array index out-of-bounds (index 975, limit 34)
L 05/01/2021 - 22:04:36: [SM] Blaming: stac.smx
L 05/01/2021 - 22:04:36: [SM] Call stack trace:
L 05/01/2021 - 22:04:36: [SM]   [1] Line 905, stac.sp::hOnTakeDamage
L 05/01/2021 - 22:04:37: [SM] Exception reported: Array index out-of-bounds (index 975, limit 34)
L 05/01/2021 - 22:04:37: [SM] Blaming: stac.smx
L 05/01/2021 - 22:04:37: [SM] Call stack trace:
L 05/01/2021 - 22:04:37: [SM]   [1] Line 905, stac.sp::hOnTakeDamage
L 05/01/2021 - 22:06:09: [SM] Exception reported: String formatted incorrectly - parameter 4 (total 3)
L 05/01/2021 - 22:06:09: [SM] Blaming: admincheats.smx
L 05/01/2021 - 22:06:09: [SM] Call stack trace:
L 05/01/2021 - 22:06:09: [SM]   [0] PrintToConsole
L 05/01/2021 - 22:06:09: [SM]   [1] Line 75, /home/forums/content/files/7/2/34150.attach::cheatcommand
L 05/01/2021 - 22:06:36: [SM] Exception reported: String formatted incorrectly - parameter 4 (total 3)
L 05/01/2021 - 22:06:36: [SM] Blaming: admincheats.smx
L 05/01/2021 - 22:06:36: [SM] Call stack trace:
L 05/01/2021 - 22:06:36: [SM]   [0] PrintToConsole
L 05/01/2021 - 22:06:36: [SM]   [1] Line 75, /home/forums/content/files/7/2/34150.attach::cheatcommand
L 05/01/2021 - 22:06:56: Error log file session closed.
