L 07/29/2020 - 01:03:20: SourceMod error session started
L 07/29/2020 - 01:03:20: Info (map "pl_badwater_pro_v12") (file "/hlserver/tf2/tf/addons/sourcemod/logs/errors_20200729.log")
L 07/29/2020 - 01:03:20: [SM] Fatal error encountered parsing translation file "spraytracenomenu.phrases.txt"
L 07/29/2020 - 01:03:20: [SM] Error (line 0, column 0): Stream failed to open
L 07/29/2020 - 03:48:26: Error log file session closed.
L 07/29/2020 - 03:48:26: SourceMod error session started
L 07/29/2020 - 03:48:26: Info (map "cp_gullywash_final1") (file "/hlserver/tf2/tf/addons/sourcemod/logs/errors_20200729.log")
L 07/29/2020 - 03:48:26: [SM] Fatal error encountered parsing translation file "spraytracenomenu.phrases.txt"
L 07/29/2020 - 03:48:26: [SM] Error (line 0, column 0): Stream failed to open
L 07/29/2020 - 18:45:05: Error log file session closed.
L 07/29/2020 - 18:45:05: SourceMod error session started
L 07/29/2020 - 18:45:05: Info (map "workshop/arena_yanqing_b3a.ugc1364041671") (file "/hlserver/tf2/tf/addons/sourcemod/logs/errors_20200729.log")
L 07/29/2020 - 18:45:05: [SM] Fatal error encountered parsing translation file "spraytracenomenu.phrases.txt"
L 07/29/2020 - 18:45:05: [SM] Error (line 0, column 0): Stream failed to open
L 07/29/2020 - 20:29:42: Error log file session closed.
L 07/29/2020 - 20:29:42: SourceMod error session started
L 07/29/2020 - 20:29:42: Info (map "koth_badlands") (file "/hlserver/tf2/tf/addons/sourcemod/logs/errors_20200729.log")
L 07/29/2020 - 20:29:42: [SM] Fatal error encountered parsing translation file "spraytracenomenu.phrases.txt"
L 07/29/2020 - 20:29:42: [SM] Error (line 0, column 0): Stream failed to open
L 08/02/2020 - 06:37:36: Error log file session closed.
