L 10/26/2021 - 02:46:04: SourceMod error session started
L 10/26/2021 - 02:46:04: Info (map "plr_hightower_event") (file "/hlserver/tf2/tf/addons/sourcemod/logs/errors_20211026.log")
L 10/26/2021 - 02:46:04: [SM] Exception reported: String formatted incorrectly - parameter 4 (total 3)
L 10/26/2021 - 02:46:04: [SM] Blaming: admincheats.smx
L 10/26/2021 - 02:46:04: [SM] Call stack trace:
L 10/26/2021 - 02:46:04: [SM]   [0] PrintToConsole
L 10/26/2021 - 02:46:04: [SM]   [1] Line 75, /home/forums/content/files/7/2/34150.attach::cheatcommand
L 10/26/2021 - 02:46:56: [SM] Exception reported: String formatted incorrectly - parameter 4 (total 3)
L 10/26/2021 - 02:46:56: [SM] Blaming: admincheats.smx
L 10/26/2021 - 02:46:56: [SM] Call stack trace:
L 10/26/2021 - 02:46:56: [SM]   [0] PrintToConsole
L 10/26/2021 - 02:46:56: [SM]   [1] Line 75, /home/forums/content/files/7/2/34150.attach::cheatcommand
L 10/26/2021 - 02:46:56: [SM] Exception reported: String formatted incorrectly - parameter 4 (total 3)
L 10/26/2021 - 02:46:56: [SM] Blaming: admincheats.smx
L 10/26/2021 - 02:46:56: [SM] Call stack trace:
L 10/26/2021 - 02:46:56: [SM]   [0] PrintToConsole
L 10/26/2021 - 02:46:56: [SM]   [1] Line 75, /home/forums/content/files/7/2/34150.attach::cheatcommand
L 10/26/2021 - 02:46:57: [SM] Exception reported: String formatted incorrectly - parameter 4 (total 3)
L 10/26/2021 - 02:46:57: [SM] Blaming: admincheats.smx
L 10/26/2021 - 02:46:57: [SM] Call stack trace:
L 10/26/2021 - 02:46:57: [SM]   [0] PrintToConsole
L 10/26/2021 - 02:46:57: [SM]   [1] Line 75, /home/forums/content/files/7/2/34150.attach::cheatcommand
L 10/26/2021 - 02:46:57: [SM] Exception reported: String formatted incorrectly - parameter 4 (total 3)
L 10/26/2021 - 02:46:57: [SM] Blaming: admincheats.smx
L 10/26/2021 - 02:46:57: [SM] Call stack trace:
L 10/26/2021 - 02:46:57: [SM]   [0] PrintToConsole
L 10/26/2021 - 02:46:57: [SM]   [1] Line 75, /home/forums/content/files/7/2/34150.attach::cheatcommand
L 10/26/2021 - 02:46:57: [SM] Exception reported: String formatted incorrectly - parameter 4 (total 3)
L 10/26/2021 - 02:46:57: [SM] Blaming: admincheats.smx
L 10/26/2021 - 02:46:57: [SM] Call stack trace:
L 10/26/2021 - 02:46:57: [SM]   [0] PrintToConsole
L 10/26/2021 - 02:46:57: [SM]   [1] Line 75, /home/forums/content/files/7/2/34150.attach::cheatcommand
L 10/26/2021 - 02:46:57: [SM] Exception reported: String formatted incorrectly - parameter 4 (total 3)
L 10/26/2021 - 02:46:57: [SM] Blaming: admincheats.smx
L 10/26/2021 - 02:46:57: [SM] Call stack trace:
L 10/26/2021 - 02:46:57: [SM]   [0] PrintToConsole
L 10/26/2021 - 02:46:57: [SM]   [1] Line 75, /home/forums/content/files/7/2/34150.attach::cheatcommand
L 10/26/2021 - 02:46:57: [SM] Exception reported: String formatted incorrectly - parameter 4 (total 3)
L 10/26/2021 - 02:46:57: [SM] Blaming: admincheats.smx
L 10/26/2021 - 02:46:57: [SM] Call stack trace:
L 10/26/2021 - 02:46:57: [SM]   [0] PrintToConsole
L 10/26/2021 - 02:46:57: [SM]   [1] Line 75, /home/forums/content/files/7/2/34150.attach::cheatcommand
L 10/26/2021 - 02:46:57: [SM] Exception reported: String formatted incorrectly - parameter 4 (total 3)
L 10/26/2021 - 02:46:57: [SM] Blaming: admincheats.smx
L 10/26/2021 - 02:46:57: [SM] Call stack trace:
L 10/26/2021 - 02:46:57: [SM]   [0] PrintToConsole
L 10/26/2021 - 02:46:57: [SM]   [1] Line 75, /home/forums/content/files/7/2/34150.attach::cheatcommand
L 10/26/2021 - 02:46:58: [SM] Exception reported: String formatted incorrectly - parameter 4 (total 3)
L 10/26/2021 - 02:46:58: [SM] Blaming: admincheats.smx
L 10/26/2021 - 02:46:58: [SM] Call stack trace:
L 10/26/2021 - 02:46:58: [SM]   [0] PrintToConsole
L 10/26/2021 - 02:46:58: [SM]   [1] Line 75, /home/forums/content/files/7/2/34150.attach::cheatcommand
L 10/26/2021 - 02:46:58: [SM] Exception reported: String formatted incorrectly - parameter 4 (total 3)
L 10/26/2021 - 02:46:58: [SM] Blaming: admincheats.smx
L 10/26/2021 - 02:46:58: [SM] Call stack trace:
L 10/26/2021 - 02:46:58: [SM]   [0] PrintToConsole
L 10/26/2021 - 02:46:58: [SM]   [1] Line 75, /home/forums/content/files/7/2/34150.attach::cheatcommand
L 10/26/2021 - 02:46:58: [SM] Exception reported: String formatted incorrectly - parameter 4 (total 3)
L 10/26/2021 - 02:46:58: [SM] Blaming: admincheats.smx
L 10/26/2021 - 02:46:58: [SM] Call stack trace:
L 10/26/2021 - 02:46:58: [SM]   [0] PrintToConsole
L 10/26/2021 - 02:46:58: [SM]   [1] Line 75, /home/forums/content/files/7/2/34150.attach::cheatcommand
L 10/26/2021 - 02:46:58: [SM] Exception reported: String formatted incorrectly - parameter 4 (total 3)
L 10/26/2021 - 02:46:58: [SM] Blaming: admincheats.smx
L 10/26/2021 - 02:46:58: [SM] Call stack trace:
L 10/26/2021 - 02:46:58: [SM]   [0] PrintToConsole
L 10/26/2021 - 02:46:58: [SM]   [1] Line 75, /home/forums/content/files/7/2/34150.attach::cheatcommand
L 10/26/2021 - 02:46:58: [SM] Exception reported: String formatted incorrectly - parameter 4 (total 3)
L 10/26/2021 - 02:46:58: [SM] Blaming: admincheats.smx
L 10/26/2021 - 02:46:58: [SM] Call stack trace:
L 10/26/2021 - 02:46:58: [SM]   [0] PrintToConsole
L 10/26/2021 - 02:46:58: [SM]   [1] Line 75, /home/forums/content/files/7/2/34150.attach::cheatcommand
L 10/26/2021 - 02:46:59: [SM] Exception reported: String formatted incorrectly - parameter 4 (total 3)
L 10/26/2021 - 02:46:59: [SM] Blaming: admincheats.smx
L 10/26/2021 - 02:46:59: [SM] Call stack trace:
L 10/26/2021 - 02:46:59: [SM]   [0] PrintToConsole
L 10/26/2021 - 02:46:59: [SM]   [1] Line 75, /home/forums/content/files/7/2/34150.attach::cheatcommand
L 10/26/2021 - 02:46:59: [SM] Exception reported: String formatted incorrectly - parameter 4 (total 3)
L 10/26/2021 - 02:46:59: [SM] Blaming: admincheats.smx
L 10/26/2021 - 02:46:59: [SM] Call stack trace:
L 10/26/2021 - 02:46:59: [SM]   [0] PrintToConsole
L 10/26/2021 - 02:46:59: [SM]   [1] Line 75, /home/forums/content/files/7/2/34150.attach::cheatcommand
L 10/26/2021 - 02:46:59: [SM] Exception reported: String formatted incorrectly - parameter 4 (total 3)
L 10/26/2021 - 02:46:59: [SM] Blaming: admincheats.smx
L 10/26/2021 - 02:46:59: [SM] Call stack trace:
L 10/26/2021 - 02:46:59: [SM]   [0] PrintToConsole
L 10/26/2021 - 02:46:59: [SM]   [1] Line 75, /home/forums/content/files/7/2/34150.attach::cheatcommand
L 10/26/2021 - 02:46:59: [SM] Exception reported: String formatted incorrectly - parameter 4 (total 3)
L 10/26/2021 - 02:46:59: [SM] Blaming: admincheats.smx
L 10/26/2021 - 02:46:59: [SM] Call stack trace:
L 10/26/2021 - 02:46:59: [SM]   [0] PrintToConsole
L 10/26/2021 - 02:46:59: [SM]   [1] Line 75, /home/forums/content/files/7/2/34150.attach::cheatcommand
L 10/26/2021 - 02:46:59: [SM] Exception reported: String formatted incorrectly - parameter 4 (total 3)
L 10/26/2021 - 02:46:59: [SM] Blaming: admincheats.smx
L 10/26/2021 - 02:46:59: [SM] Call stack trace:
L 10/26/2021 - 02:46:59: [SM]   [0] PrintToConsole
L 10/26/2021 - 02:46:59: [SM]   [1] Line 75, /home/forums/content/files/7/2/34150.attach::cheatcommand
L 10/26/2021 - 02:46:59: [SM] Exception reported: String formatted incorrectly - parameter 4 (total 3)
L 10/26/2021 - 02:46:59: [SM] Blaming: admincheats.smx
L 10/26/2021 - 02:46:59: [SM] Call stack trace:
L 10/26/2021 - 02:46:59: [SM]   [0] PrintToConsole
L 10/26/2021 - 02:46:59: [SM]   [1] Line 75, /home/forums/content/files/7/2/34150.attach::cheatcommand
L 10/26/2021 - 02:47:00: [SM] Exception reported: String formatted incorrectly - parameter 4 (total 3)
L 10/26/2021 - 02:47:00: [SM] Blaming: admincheats.smx
L 10/26/2021 - 02:47:00: [SM] Call stack trace:
L 10/26/2021 - 02:47:00: [SM]   [0] PrintToConsole
L 10/26/2021 - 02:47:00: [SM]   [1] Line 75, /home/forums/content/files/7/2/34150.attach::cheatcommand
L 10/26/2021 - 02:47:00: [SM] Exception reported: String formatted incorrectly - parameter 4 (total 3)
L 10/26/2021 - 02:47:00: [SM] Blaming: admincheats.smx
L 10/26/2021 - 02:47:00: [SM] Call stack trace:
L 10/26/2021 - 02:47:00: [SM]   [0] PrintToConsole
L 10/26/2021 - 02:47:00: [SM]   [1] Line 75, /home/forums/content/files/7/2/34150.attach::cheatcommand
L 10/26/2021 - 02:47:00: [SM] Exception reported: String formatted incorrectly - parameter 4 (total 3)
L 10/26/2021 - 02:47:00: [SM] Blaming: admincheats.smx
L 10/26/2021 - 02:47:00: [SM] Call stack trace:
L 10/26/2021 - 02:47:00: [SM]   [0] PrintToConsole
L 10/26/2021 - 02:47:00: [SM]   [1] Line 75, /home/forums/content/files/7/2/34150.attach::cheatcommand
L 10/26/2021 - 02:47:00: [SM] Exception reported: String formatted incorrectly - parameter 4 (total 3)
L 10/26/2021 - 02:47:00: [SM] Blaming: admincheats.smx
L 10/26/2021 - 02:47:00: [SM] Call stack trace:
L 10/26/2021 - 02:47:00: [SM]   [0] PrintToConsole
L 10/26/2021 - 02:47:00: [SM]   [1] Line 75, /home/forums/content/files/7/2/34150.attach::cheatcommand
L 10/26/2021 - 02:47:01: [SM] Exception reported: String formatted incorrectly - parameter 4 (total 3)
L 10/26/2021 - 02:47:01: [SM] Blaming: admincheats.smx
L 10/26/2021 - 02:47:01: [SM] Call stack trace:
L 10/26/2021 - 02:47:01: [SM]   [0] PrintToConsole
L 10/26/2021 - 02:47:01: [SM]   [1] Line 75, /home/forums/content/files/7/2/34150.attach::cheatcommand
L 10/26/2021 - 02:47:01: [SM] Exception reported: String formatted incorrectly - parameter 4 (total 3)
L 10/26/2021 - 02:47:01: [SM] Blaming: admincheats.smx
L 10/26/2021 - 02:47:01: [SM] Call stack trace:
L 10/26/2021 - 02:47:01: [SM]   [0] PrintToConsole
L 10/26/2021 - 02:47:01: [SM]   [1] Line 75, /home/forums/content/files/7/2/34150.attach::cheatcommand
L 10/26/2021 - 02:47:01: [SM] Exception reported: String formatted incorrectly - parameter 4 (total 3)
L 10/26/2021 - 02:47:01: [SM] Blaming: admincheats.smx
L 10/26/2021 - 02:47:01: [SM] Call stack trace:
L 10/26/2021 - 02:47:01: [SM]   [0] PrintToConsole
L 10/26/2021 - 02:47:01: [SM]   [1] Line 75, /home/forums/content/files/7/2/34150.attach::cheatcommand
L 10/26/2021 - 02:47:01: [SM] Exception reported: String formatted incorrectly - parameter 4 (total 3)
L 10/26/2021 - 02:47:01: [SM] Blaming: admincheats.smx
L 10/26/2021 - 02:47:01: [SM] Call stack trace:
L 10/26/2021 - 02:47:01: [SM]   [0] PrintToConsole
L 10/26/2021 - 02:47:01: [SM]   [1] Line 75, /home/forums/content/files/7/2/34150.attach::cheatcommand
L 10/26/2021 - 02:47:01: [SM] Exception reported: String formatted incorrectly - parameter 4 (total 3)
L 10/26/2021 - 02:47:01: [SM] Blaming: admincheats.smx
L 10/26/2021 - 02:47:01: [SM] Call stack trace:
L 10/26/2021 - 02:47:01: [SM]   [0] PrintToConsole
L 10/26/2021 - 02:47:01: [SM]   [1] Line 75, /home/forums/content/files/7/2/34150.attach::cheatcommand
L 10/26/2021 - 02:47:02: [SM] Exception reported: String formatted incorrectly - parameter 4 (total 3)
L 10/26/2021 - 02:47:02: [SM] Blaming: admincheats.smx
L 10/26/2021 - 02:47:02: [SM] Call stack trace:
L 10/26/2021 - 02:47:02: [SM]   [0] PrintToConsole
L 10/26/2021 - 02:47:02: [SM]   [1] Line 75, /home/forums/content/files/7/2/34150.attach::cheatcommand
L 10/26/2021 - 02:47:02: [SM] Exception reported: String formatted incorrectly - parameter 4 (total 3)
L 10/26/2021 - 02:47:02: [SM] Blaming: admincheats.smx
L 10/26/2021 - 02:47:02: [SM] Call stack trace:
L 10/26/2021 - 02:47:02: [SM]   [0] PrintToConsole
L 10/26/2021 - 02:47:02: [SM]   [1] Line 75, /home/forums/content/files/7/2/34150.attach::cheatcommand
L 10/26/2021 - 02:47:02: [SM] Exception reported: String formatted incorrectly - parameter 4 (total 3)
L 10/26/2021 - 02:47:02: [SM] Blaming: admincheats.smx
L 10/26/2021 - 02:47:02: [SM] Call stack trace:
L 10/26/2021 - 02:47:02: [SM]   [0] PrintToConsole
L 10/26/2021 - 02:47:02: [SM]   [1] Line 75, /home/forums/content/files/7/2/34150.attach::cheatcommand
L 10/26/2021 - 02:51:13: [SM] Exception reported: String formatted incorrectly - parameter 4 (total 3)
L 10/26/2021 - 02:51:13: [SM] Blaming: admincheats.smx
L 10/26/2021 - 02:51:13: [SM] Call stack trace:
L 10/26/2021 - 02:51:13: [SM]   [0] PrintToConsole
L 10/26/2021 - 02:51:13: [SM]   [1] Line 75, /home/forums/content/files/7/2/34150.attach::cheatcommand
L 10/26/2021 - 02:51:17: [SM] Exception reported: String formatted incorrectly - parameter 4 (total 3)
L 10/26/2021 - 02:51:17: [SM] Blaming: admincheats.smx
L 10/26/2021 - 02:51:17: [SM] Call stack trace:
L 10/26/2021 - 02:51:17: [SM]   [0] PrintToConsole
L 10/26/2021 - 02:51:17: [SM]   [1] Line 75, /home/forums/content/files/7/2/34150.attach::cheatcommand
L 10/26/2021 - 03:19:16: [SM] Exception reported: String formatted incorrectly - parameter 4 (total 3)
L 10/26/2021 - 03:19:16: [SM] Blaming: admincheats.smx
L 10/26/2021 - 03:19:16: [SM] Call stack trace:
L 10/26/2021 - 03:19:16: [SM]   [0] PrintToConsole
L 10/26/2021 - 03:19:16: [SM]   [1] Line 75, /home/forums/content/files/7/2/34150.attach::cheatcommand
L 10/26/2021 - 03:19:16: [SM] Exception reported: String formatted incorrectly - parameter 4 (total 3)
L 10/26/2021 - 03:19:16: [SM] Blaming: admincheats.smx
L 10/26/2021 - 03:19:16: [SM] Call stack trace:
L 10/26/2021 - 03:19:16: [SM]   [0] PrintToConsole
L 10/26/2021 - 03:19:16: [SM]   [1] Line 75, /home/forums/content/files/7/2/34150.attach::cheatcommand
L 10/26/2021 - 03:19:17: [SM] Exception reported: String formatted incorrectly - parameter 4 (total 3)
L 10/26/2021 - 03:19:17: [SM] Blaming: admincheats.smx
L 10/26/2021 - 03:19:17: [SM] Call stack trace:
L 10/26/2021 - 03:19:17: [SM]   [0] PrintToConsole
L 10/26/2021 - 03:19:17: [SM]   [1] Line 75, /home/forums/content/files/7/2/34150.attach::cheatcommand
L 10/26/2021 - 03:19:17: [SM] Exception reported: String formatted incorrectly - parameter 4 (total 3)
L 10/26/2021 - 03:19:17: [SM] Blaming: admincheats.smx
L 10/26/2021 - 03:19:17: [SM] Call stack trace:
L 10/26/2021 - 03:19:17: [SM]   [0] PrintToConsole
L 10/26/2021 - 03:19:17: [SM]   [1] Line 75, /home/forums/content/files/7/2/34150.attach::cheatcommand
L 10/26/2021 - 03:19:17: [SM] Exception reported: String formatted incorrectly - parameter 4 (total 3)
L 10/26/2021 - 03:19:17: [SM] Blaming: admincheats.smx
L 10/26/2021 - 03:19:17: [SM] Call stack trace:
L 10/26/2021 - 03:19:17: [SM]   [0] PrintToConsole
L 10/26/2021 - 03:19:17: [SM]   [1] Line 75, /home/forums/content/files/7/2/34150.attach::cheatcommand
L 10/26/2021 - 03:19:17: [SM] Exception reported: String formatted incorrectly - parameter 4 (total 3)
L 10/26/2021 - 03:19:17: [SM] Blaming: admincheats.smx
L 10/26/2021 - 03:19:17: [SM] Call stack trace:
L 10/26/2021 - 03:19:17: [SM]   [0] PrintToConsole
L 10/26/2021 - 03:19:17: [SM]   [1] Line 75, /home/forums/content/files/7/2/34150.attach::cheatcommand
L 10/26/2021 - 03:19:17: [SM] Exception reported: String formatted incorrectly - parameter 4 (total 3)
L 10/26/2021 - 03:19:17: [SM] Blaming: admincheats.smx
L 10/26/2021 - 03:19:17: [SM] Call stack trace:
L 10/26/2021 - 03:19:17: [SM]   [0] PrintToConsole
L 10/26/2021 - 03:19:17: [SM]   [1] Line 75, /home/forums/content/files/7/2/34150.attach::cheatcommand
L 10/26/2021 - 03:19:17: [SM] Exception reported: String formatted incorrectly - parameter 4 (total 3)
L 10/26/2021 - 03:19:17: [SM] Blaming: admincheats.smx
L 10/26/2021 - 03:19:17: [SM] Call stack trace:
L 10/26/2021 - 03:19:17: [SM]   [0] PrintToConsole
L 10/26/2021 - 03:19:17: [SM]   [1] Line 75, /home/forums/content/files/7/2/34150.attach::cheatcommand
L 10/26/2021 - 03:19:18: [SM] Exception reported: String formatted incorrectly - parameter 4 (total 3)
L 10/26/2021 - 03:19:18: [SM] Blaming: admincheats.smx
L 10/26/2021 - 03:19:18: [SM] Call stack trace:
L 10/26/2021 - 03:19:18: [SM]   [0] PrintToConsole
L 10/26/2021 - 03:19:18: [SM]   [1] Line 75, /home/forums/content/files/7/2/34150.attach::cheatcommand
L 10/26/2021 - 03:19:18: [SM] Exception reported: String formatted incorrectly - parameter 4 (total 3)
L 10/26/2021 - 03:19:18: [SM] Blaming: admincheats.smx
L 10/26/2021 - 03:19:18: [SM] Call stack trace:
L 10/26/2021 - 03:19:18: [SM]   [0] PrintToConsole
L 10/26/2021 - 03:19:18: [SM]   [1] Line 75, /home/forums/content/files/7/2/34150.attach::cheatcommand
L 10/26/2021 - 03:19:18: [SM] Exception reported: String formatted incorrectly - parameter 4 (total 3)
L 10/26/2021 - 03:19:18: [SM] Blaming: admincheats.smx
L 10/26/2021 - 03:19:18: [SM] Call stack trace:
L 10/26/2021 - 03:19:18: [SM]   [0] PrintToConsole
L 10/26/2021 - 03:19:18: [SM]   [1] Line 75, /home/forums/content/files/7/2/34150.attach::cheatcommand
L 10/26/2021 - 03:19:18: [SM] Exception reported: String formatted incorrectly - parameter 4 (total 3)
L 10/26/2021 - 03:19:18: [SM] Blaming: admincheats.smx
L 10/26/2021 - 03:19:18: [SM] Call stack trace:
L 10/26/2021 - 03:19:18: [SM]   [0] PrintToConsole
L 10/26/2021 - 03:19:18: [SM]   [1] Line 75, /home/forums/content/files/7/2/34150.attach::cheatcommand
L 10/26/2021 - 03:19:18: [SM] Exception reported: String formatted incorrectly - parameter 4 (total 3)
L 10/26/2021 - 03:19:18: [SM] Blaming: admincheats.smx
L 10/26/2021 - 03:19:18: [SM] Call stack trace:
L 10/26/2021 - 03:19:18: [SM]   [0] PrintToConsole
L 10/26/2021 - 03:19:18: [SM]   [1] Line 75, /home/forums/content/files/7/2/34150.attach::cheatcommand
L 10/26/2021 - 03:19:18: [SM] Exception reported: String formatted incorrectly - parameter 4 (total 3)
L 10/26/2021 - 03:19:18: [SM] Blaming: admincheats.smx
L 10/26/2021 - 03:19:18: [SM] Call stack trace:
L 10/26/2021 - 03:19:18: [SM]   [0] PrintToConsole
L 10/26/2021 - 03:19:18: [SM]   [1] Line 75, /home/forums/content/files/7/2/34150.attach::cheatcommand
L 10/26/2021 - 03:19:19: [SM] Exception reported: String formatted incorrectly - parameter 4 (total 3)
L 10/26/2021 - 03:19:19: [SM] Blaming: admincheats.smx
L 10/26/2021 - 03:19:19: [SM] Call stack trace:
L 10/26/2021 - 03:19:19: [SM]   [0] PrintToConsole
L 10/26/2021 - 03:19:19: [SM]   [1] Line 75, /home/forums/content/files/7/2/34150.attach::cheatcommand
L 10/26/2021 - 03:19:19: [SM] Exception reported: String formatted incorrectly - parameter 4 (total 3)
L 10/26/2021 - 03:19:19: [SM] Blaming: admincheats.smx
L 10/26/2021 - 03:19:19: [SM] Call stack trace:
L 10/26/2021 - 03:19:19: [SM]   [0] PrintToConsole
L 10/26/2021 - 03:19:19: [SM]   [1] Line 75, /home/forums/content/files/7/2/34150.attach::cheatcommand
L 10/26/2021 - 03:19:19: [SM] Exception reported: String formatted incorrectly - parameter 4 (total 3)
L 10/26/2021 - 03:19:19: [SM] Blaming: admincheats.smx
L 10/26/2021 - 03:19:19: [SM] Call stack trace:
L 10/26/2021 - 03:19:19: [SM]   [0] PrintToConsole
L 10/26/2021 - 03:19:19: [SM]   [1] Line 75, /home/forums/content/files/7/2/34150.attach::cheatcommand
L 10/26/2021 - 03:19:20: [SM] Exception reported: String formatted incorrectly - parameter 4 (total 3)
L 10/26/2021 - 03:19:20: [SM] Blaming: admincheats.smx
L 10/26/2021 - 03:19:20: [SM] Call stack trace:
L 10/26/2021 - 03:19:20: [SM]   [0] PrintToConsole
L 10/26/2021 - 03:19:20: [SM]   [1] Line 75, /home/forums/content/files/7/2/34150.attach::cheatcommand
L 10/26/2021 - 03:19:23: [SM] Exception reported: String formatted incorrectly - parameter 4 (total 3)
L 10/26/2021 - 03:19:23: [SM] Blaming: admincheats.smx
L 10/26/2021 - 03:19:23: [SM] Call stack trace:
L 10/26/2021 - 03:19:23: [SM]   [0] PrintToConsole
L 10/26/2021 - 03:19:23: [SM]   [1] Line 75, /home/forums/content/files/7/2/34150.attach::cheatcommand
L 10/26/2021 - 03:19:23: [SM] Exception reported: String formatted incorrectly - parameter 4 (total 3)
L 10/26/2021 - 03:19:23: [SM] Blaming: admincheats.smx
L 10/26/2021 - 03:19:23: [SM] Call stack trace:
L 10/26/2021 - 03:19:23: [SM]   [0] PrintToConsole
L 10/26/2021 - 03:19:23: [SM]   [1] Line 75, /home/forums/content/files/7/2/34150.attach::cheatcommand
L 10/26/2021 - 03:19:23: [SM] Exception reported: String formatted incorrectly - parameter 4 (total 3)
L 10/26/2021 - 03:19:23: [SM] Blaming: admincheats.smx
L 10/26/2021 - 03:19:23: [SM] Call stack trace:
L 10/26/2021 - 03:19:23: [SM]   [0] PrintToConsole
L 10/26/2021 - 03:19:23: [SM]   [1] Line 75, /home/forums/content/files/7/2/34150.attach::cheatcommand
L 10/26/2021 - 03:19:24: [SM] Exception reported: String formatted incorrectly - parameter 4 (total 3)
L 10/26/2021 - 03:19:24: [SM] Blaming: admincheats.smx
L 10/26/2021 - 03:19:24: [SM] Call stack trace:
L 10/26/2021 - 03:19:24: [SM]   [0] PrintToConsole
L 10/26/2021 - 03:19:24: [SM]   [1] Line 75, /home/forums/content/files/7/2/34150.attach::cheatcommand
L 10/26/2021 - 03:19:24: [SM] Exception reported: String formatted incorrectly - parameter 4 (total 3)
L 10/26/2021 - 03:19:24: [SM] Blaming: admincheats.smx
L 10/26/2021 - 03:19:24: [SM] Call stack trace:
L 10/26/2021 - 03:19:24: [SM]   [0] PrintToConsole
L 10/26/2021 - 03:19:24: [SM]   [1] Line 75, /home/forums/content/files/7/2/34150.attach::cheatcommand
L 10/26/2021 - 03:19:24: [SM] Exception reported: String formatted incorrectly - parameter 4 (total 3)
L 10/26/2021 - 03:19:24: [SM] Blaming: admincheats.smx
L 10/26/2021 - 03:19:24: [SM] Call stack trace:
L 10/26/2021 - 03:19:24: [SM]   [0] PrintToConsole
L 10/26/2021 - 03:19:24: [SM]   [1] Line 75, /home/forums/content/files/7/2/34150.attach::cheatcommand
L 10/26/2021 - 03:19:24: [SM] Exception reported: String formatted incorrectly - parameter 4 (total 3)
L 10/26/2021 - 03:19:24: [SM] Blaming: admincheats.smx
L 10/26/2021 - 03:19:24: [SM] Call stack trace:
L 10/26/2021 - 03:19:24: [SM]   [0] PrintToConsole
L 10/26/2021 - 03:19:24: [SM]   [1] Line 75, /home/forums/content/files/7/2/34150.attach::cheatcommand
L 10/26/2021 - 03:20:28: [SM] Exception reported: String formatted incorrectly - parameter 4 (total 3)
L 10/26/2021 - 03:20:28: [SM] Blaming: admincheats.smx
L 10/26/2021 - 03:20:28: [SM] Call stack trace:
L 10/26/2021 - 03:20:28: [SM]   [0] PrintToConsole
L 10/26/2021 - 03:20:28: [SM]   [1] Line 75, /home/forums/content/files/7/2/34150.attach::cheatcommand
L 10/26/2021 - 03:31:22: [SM] Exception reported: String formatted incorrectly - parameter 4 (total 3)
L 10/26/2021 - 03:31:22: [SM] Blaming: admincheats.smx
L 10/26/2021 - 03:31:22: [SM] Call stack trace:
L 10/26/2021 - 03:31:22: [SM]   [0] PrintToConsole
L 10/26/2021 - 03:31:22: [SM]   [1] Line 75, /home/forums/content/files/7/2/34150.attach::cheatcommand
L 10/26/2021 - 03:31:22: [SM] Exception reported: String formatted incorrectly - parameter 4 (total 3)
L 10/26/2021 - 03:31:22: [SM] Blaming: admincheats.smx
L 10/26/2021 - 03:31:22: [SM] Call stack trace:
L 10/26/2021 - 03:31:22: [SM]   [0] PrintToConsole
L 10/26/2021 - 03:31:22: [SM]   [1] Line 75, /home/forums/content/files/7/2/34150.attach::cheatcommand
L 10/26/2021 - 03:31:23: [SM] Exception reported: String formatted incorrectly - parameter 4 (total 3)
L 10/26/2021 - 03:31:23: [SM] Blaming: admincheats.smx
L 10/26/2021 - 03:31:23: [SM] Call stack trace:
L 10/26/2021 - 03:31:23: [SM]   [0] PrintToConsole
L 10/26/2021 - 03:31:23: [SM]   [1] Line 75, /home/forums/content/files/7/2/34150.attach::cheatcommand
L 10/26/2021 - 03:31:23: [SM] Exception reported: String formatted incorrectly - parameter 4 (total 3)
L 10/26/2021 - 03:31:23: [SM] Blaming: admincheats.smx
L 10/26/2021 - 03:31:23: [SM] Call stack trace:
L 10/26/2021 - 03:31:23: [SM]   [0] PrintToConsole
L 10/26/2021 - 03:31:23: [SM]   [1] Line 75, /home/forums/content/files/7/2/34150.attach::cheatcommand
L 10/26/2021 - 04:00:17: Error log file session closed.
L 10/26/2021 - 04:01:00: SourceMod error session started
L 10/26/2021 - 04:01:00: Info (map "plr_hightower_event") (file "/hlserver/tf2/tf/addons/sourcemod/logs/errors_20211026.log")
L 10/26/2021 - 04:01:00: [tf2attributes.smx] Could not initialize call to CEconItem::SetCustomName
L 10/27/2021 - 04:00:11: Error log file session closed.
