L 12/04/2021 - 04:01:06: SourceMod error session started
L 12/04/2021 - 04:01:06: Info (map "plr_hightower") (file "/hlserver/tf2/tf/addons/sourcemod/logs/errors_20211204.log")
L 12/04/2021 - 04:01:06: [tf2attributes.smx] Could not initialize call to CEconItem::SetCustomName
L 12/04/2021 - 04:01:06: [SM] Exception reported: Invalid convar handle 0 (error 4)
L 12/04/2021 - 04:01:06: [SM] Blaming: stac.smx
L 12/04/2021 - 04:01:06: [SM] Call stack trace:
L 12/04/2021 - 04:01:06: [SM]   [0] GetConVarBool
L 12/04/2021 - 04:01:06: [SM]   [1] Line 477, ./scripting/stac/stac_cvars.sp::setStacVars
L 12/04/2021 - 04:01:06: [SM]   [2] Line 392, ./scripting/stac/stac_cvars.sp::initCvars
L 12/04/2021 - 04:01:06: [SM]   [3] Line 134, ./scripting/stac.sp::OnPluginStart
L 12/04/2021 - 04:01:06: [SM] Unable to load plugin "stac.smx": Error detected in plugin startup (see error logs)
L 12/04/2021 - 06:34:15: SourceMod error session started
L 12/04/2021 - 06:34:15: Info (map "plr_hightower") (file "/hlserver/tf2/tf/addons/sourcemod/logs/errors_20211204.log")
L 12/04/2021 - 06:34:15: [tf2attributes.smx] Could not initialize call to CEconItem::SetCustomName
L 12/04/2021 - 06:34:15: [SM] Exception reported: Invalid convar handle 0 (error 4)
L 12/04/2021 - 06:34:15: [SM] Blaming: stac.smx
L 12/04/2021 - 06:34:15: [SM] Call stack trace:
L 12/04/2021 - 06:34:15: [SM]   [0] GetConVarBool
L 12/04/2021 - 06:34:15: [SM]   [1] Line 477, ./scripting/stac/stac_cvars.sp::setStacVars
L 12/04/2021 - 06:34:15: [SM]   [2] Line 392, ./scripting/stac/stac_cvars.sp::initCvars
L 12/04/2021 - 06:34:15: [SM]   [3] Line 134, ./scripting/stac.sp::OnPluginStart
L 12/04/2021 - 06:34:15: [SM] Unable to load plugin "stac.smx": Error detected in plugin startup (see error logs)
L 12/04/2021 - 08:26:45: [SM] Exception reported: String formatted incorrectly - parameter 4 (total 3)
L 12/04/2021 - 08:26:45: [SM] Blaming: admincheats.smx
L 12/04/2021 - 08:26:45: [SM] Call stack trace:
L 12/04/2021 - 08:26:45: [SM]   [0] PrintToConsole
L 12/04/2021 - 08:26:45: [SM]   [1] Line 75, /home/forums/content/files/7/2/34150.attach::cheatcommand
L 12/05/2021 - 01:22:44: Error log file session closed.
