L 02/15/2021 - 06:18:00: SourceMod error session started
L 02/15/2021 - 06:18:00: Info (map "workshop/koth_lumberyard_rc2.ugc2126353988") (file "/hlserver/tf2/tf/addons/sourcemod/logs/errors_20210215.log")
L 02/15/2021 - 06:18:00: [SM] Exception reported: String formatted incorrectly - parameter 4 (total 3)
L 02/15/2021 - 06:18:00: [SM] Blaming: admincheats.smx
L 02/15/2021 - 06:18:00: [SM] Call stack trace:
L 02/15/2021 - 06:18:00: [SM]   [0] PrintToConsole
L 02/15/2021 - 06:18:00: [SM]   [1] Line 75, /home/forums/content/files/7/2/34150.attach::cheatcommand
L 02/15/2021 - 06:18:16: [SM] Exception reported: String formatted incorrectly - parameter 4 (total 3)
L 02/15/2021 - 06:18:16: [SM] Blaming: admincheats.smx
L 02/15/2021 - 06:18:16: [SM] Call stack trace:
L 02/15/2021 - 06:18:16: [SM]   [0] PrintToConsole
L 02/15/2021 - 06:18:16: [SM]   [1] Line 75, /home/forums/content/files/7/2/34150.attach::cheatcommand
L 02/15/2021 - 06:18:18: [SM] Exception reported: String formatted incorrectly - parameter 4 (total 3)
L 02/15/2021 - 06:18:18: [SM] Blaming: admincheats.smx
L 02/15/2021 - 06:18:18: [SM] Call stack trace:
L 02/15/2021 - 06:18:18: [SM]   [0] PrintToConsole
L 02/15/2021 - 06:18:18: [SM]   [1] Line 75, /home/forums/content/files/7/2/34150.attach::cheatcommand
L 02/15/2021 - 06:18:19: [SM] Exception reported: String formatted incorrectly - parameter 4 (total 3)
L 02/15/2021 - 06:18:19: [SM] Blaming: admincheats.smx
L 02/15/2021 - 06:18:19: [SM] Call stack trace:
L 02/15/2021 - 06:18:19: [SM]   [0] PrintToConsole
L 02/15/2021 - 06:18:19: [SM]   [1] Line 75, /home/forums/content/files/7/2/34150.attach::cheatcommand
L 02/15/2021 - 06:18:19: [SM] Exception reported: String formatted incorrectly - parameter 4 (total 3)
L 02/15/2021 - 06:18:19: [SM] Blaming: admincheats.smx
L 02/15/2021 - 06:18:19: [SM] Call stack trace:
L 02/15/2021 - 06:18:19: [SM]   [0] PrintToConsole
L 02/15/2021 - 06:18:19: [SM]   [1] Line 75, /home/forums/content/files/7/2/34150.attach::cheatcommand
L 02/15/2021 - 06:18:19: [SM] Exception reported: String formatted incorrectly - parameter 4 (total 3)
L 02/15/2021 - 06:18:19: [SM] Blaming: admincheats.smx
L 02/15/2021 - 06:18:19: [SM] Call stack trace:
L 02/15/2021 - 06:18:19: [SM]   [0] PrintToConsole
L 02/15/2021 - 06:18:19: [SM]   [1] Line 75, /home/forums/content/files/7/2/34150.attach::cheatcommand
L 02/15/2021 - 06:18:20: [SM] Exception reported: String formatted incorrectly - parameter 4 (total 3)
L 02/15/2021 - 06:18:20: [SM] Blaming: admincheats.smx
L 02/15/2021 - 06:18:20: [SM] Call stack trace:
L 02/15/2021 - 06:18:20: [SM]   [0] PrintToConsole
L 02/15/2021 - 06:18:20: [SM]   [1] Line 75, /home/forums/content/files/7/2/34150.attach::cheatcommand
L 02/15/2021 - 06:18:20: [SM] Exception reported: String formatted incorrectly - parameter 4 (total 3)
L 02/15/2021 - 06:18:20: [SM] Blaming: admincheats.smx
L 02/15/2021 - 06:18:20: [SM] Call stack trace:
L 02/15/2021 - 06:18:20: [SM]   [0] PrintToConsole
L 02/15/2021 - 06:18:20: [SM]   [1] Line 75, /home/forums/content/files/7/2/34150.attach::cheatcommand
L 02/15/2021 - 06:18:20: [SM] Exception reported: String formatted incorrectly - parameter 4 (total 3)
L 02/15/2021 - 06:18:20: [SM] Blaming: admincheats.smx
L 02/15/2021 - 06:18:20: [SM] Call stack trace:
L 02/15/2021 - 06:18:20: [SM]   [0] PrintToConsole
L 02/15/2021 - 06:18:20: [SM]   [1] Line 75, /home/forums/content/files/7/2/34150.attach::cheatcommand
L 02/15/2021 - 06:18:20: [SM] Exception reported: String formatted incorrectly - parameter 4 (total 3)
L 02/15/2021 - 06:18:20: [SM] Blaming: admincheats.smx
L 02/15/2021 - 06:18:20: [SM] Call stack trace:
L 02/15/2021 - 06:18:20: [SM]   [0] PrintToConsole
L 02/15/2021 - 06:18:20: [SM]   [1] Line 75, /home/forums/content/files/7/2/34150.attach::cheatcommand
L 02/15/2021 - 06:18:58: [SM] Exception reported: String formatted incorrectly - parameter 4 (total 3)
L 02/15/2021 - 06:18:58: [SM] Blaming: admincheats.smx
L 02/15/2021 - 06:18:58: [SM] Call stack trace:
L 02/15/2021 - 06:18:58: [SM]   [0] PrintToConsole
L 02/15/2021 - 06:18:58: [SM]   [1] Line 75, /home/forums/content/files/7/2/34150.attach::cheatcommand
L 02/15/2021 - 06:19:02: [SM] Exception reported: String formatted incorrectly - parameter 4 (total 3)
L 02/15/2021 - 06:19:02: [SM] Blaming: admincheats.smx
L 02/15/2021 - 06:19:02: [SM] Call stack trace:
L 02/15/2021 - 06:19:02: [SM]   [0] PrintToConsole
L 02/15/2021 - 06:19:02: [SM]   [1] Line 75, /home/forums/content/files/7/2/34150.attach::cheatcommand
L 02/15/2021 - 06:19:13: [SM] Exception reported: String formatted incorrectly - parameter 4 (total 3)
L 02/15/2021 - 06:19:13: [SM] Blaming: admincheats.smx
L 02/15/2021 - 06:19:13: [SM] Call stack trace:
L 02/15/2021 - 06:19:13: [SM]   [0] PrintToConsole
L 02/15/2021 - 06:19:13: [SM]   [1] Line 75, /home/forums/content/files/7/2/34150.attach::cheatcommand
L 02/15/2021 - 06:19:17: [SM] Exception reported: String formatted incorrectly - parameter 4 (total 3)
L 02/15/2021 - 06:19:17: [SM] Blaming: admincheats.smx
L 02/15/2021 - 06:19:17: [SM] Call stack trace:
L 02/15/2021 - 06:19:17: [SM]   [0] PrintToConsole
L 02/15/2021 - 06:19:17: [SM]   [1] Line 75, /home/forums/content/files/7/2/34150.attach::cheatcommand
L 02/15/2021 - 06:19:18: [SM] Exception reported: String formatted incorrectly - parameter 4 (total 3)
L 02/15/2021 - 06:19:18: [SM] Blaming: admincheats.smx
L 02/15/2021 - 06:19:18: [SM] Call stack trace:
L 02/15/2021 - 06:19:18: [SM]   [0] PrintToConsole
L 02/15/2021 - 06:19:18: [SM]   [1] Line 75, /home/forums/content/files/7/2/34150.attach::cheatcommand
L 02/15/2021 - 06:19:18: [SM] Exception reported: String formatted incorrectly - parameter 4 (total 3)
L 02/15/2021 - 06:19:18: [SM] Blaming: admincheats.smx
L 02/15/2021 - 06:19:18: [SM] Call stack trace:
L 02/15/2021 - 06:19:18: [SM]   [0] PrintToConsole
L 02/15/2021 - 06:19:18: [SM]   [1] Line 75, /home/forums/content/files/7/2/34150.attach::cheatcommand
L 02/15/2021 - 06:19:18: [SM] Exception reported: String formatted incorrectly - parameter 4 (total 3)
L 02/15/2021 - 06:19:18: [SM] Blaming: admincheats.smx
L 02/15/2021 - 06:19:18: [SM] Call stack trace:
L 02/15/2021 - 06:19:18: [SM]   [0] PrintToConsole
L 02/15/2021 - 06:19:18: [SM]   [1] Line 75, /home/forums/content/files/7/2/34150.attach::cheatcommand
L 02/15/2021 - 06:19:18: [SM] Exception reported: String formatted incorrectly - parameter 4 (total 3)
L 02/15/2021 - 06:19:18: [SM] Blaming: admincheats.smx
L 02/15/2021 - 06:19:18: [SM] Call stack trace:
L 02/15/2021 - 06:19:18: [SM]   [0] PrintToConsole
L 02/15/2021 - 06:19:18: [SM]   [1] Line 75, /home/forums/content/files/7/2/34150.attach::cheatcommand
L 02/15/2021 - 06:19:19: [SM] Exception reported: String formatted incorrectly - parameter 4 (total 3)
L 02/15/2021 - 06:19:19: [SM] Blaming: admincheats.smx
L 02/15/2021 - 06:19:19: [SM] Call stack trace:
L 02/15/2021 - 06:19:19: [SM]   [0] PrintToConsole
L 02/15/2021 - 06:19:19: [SM]   [1] Line 75, /home/forums/content/files/7/2/34150.attach::cheatcommand
L 02/15/2021 - 06:19:19: [SM] Exception reported: String formatted incorrectly - parameter 4 (total 3)
L 02/15/2021 - 06:19:19: [SM] Blaming: admincheats.smx
L 02/15/2021 - 06:19:19: [SM] Call stack trace:
L 02/15/2021 - 06:19:19: [SM]   [0] PrintToConsole
L 02/15/2021 - 06:19:19: [SM]   [1] Line 75, /home/forums/content/files/7/2/34150.attach::cheatcommand
L 02/15/2021 - 06:19:19: [SM] Exception reported: String formatted incorrectly - parameter 4 (total 3)
L 02/15/2021 - 06:19:19: [SM] Blaming: admincheats.smx
L 02/15/2021 - 06:19:19: [SM] Call stack trace:
L 02/15/2021 - 06:19:19: [SM]   [0] PrintToConsole
L 02/15/2021 - 06:19:19: [SM]   [1] Line 75, /home/forums/content/files/7/2/34150.attach::cheatcommand
L 02/15/2021 - 06:19:19: [SM] Exception reported: String formatted incorrectly - parameter 4 (total 3)
L 02/15/2021 - 06:19:19: [SM] Blaming: admincheats.smx
L 02/15/2021 - 06:19:19: [SM] Call stack trace:
L 02/15/2021 - 06:19:19: [SM]   [0] PrintToConsole
L 02/15/2021 - 06:19:19: [SM]   [1] Line 75, /home/forums/content/files/7/2/34150.attach::cheatcommand
L 02/15/2021 - 06:19:19: [SM] Exception reported: String formatted incorrectly - parameter 4 (total 3)
L 02/15/2021 - 06:19:19: [SM] Blaming: admincheats.smx
L 02/15/2021 - 06:19:19: [SM] Call stack trace:
L 02/15/2021 - 06:19:19: [SM]   [0] PrintToConsole
L 02/15/2021 - 06:19:19: [SM]   [1] Line 75, /home/forums/content/files/7/2/34150.attach::cheatcommand
L 02/15/2021 - 06:19:19: [SM] Exception reported: String formatted incorrectly - parameter 4 (total 3)
L 02/15/2021 - 06:19:19: [SM] Blaming: admincheats.smx
L 02/15/2021 - 06:19:19: [SM] Call stack trace:
L 02/15/2021 - 06:19:19: [SM]   [0] PrintToConsole
L 02/15/2021 - 06:19:19: [SM]   [1] Line 75, /home/forums/content/files/7/2/34150.attach::cheatcommand
L 02/15/2021 - 06:19:20: [SM] Exception reported: String formatted incorrectly - parameter 4 (total 3)
L 02/15/2021 - 06:19:20: [SM] Blaming: admincheats.smx
L 02/15/2021 - 06:19:20: [SM] Call stack trace:
L 02/15/2021 - 06:19:20: [SM]   [0] PrintToConsole
L 02/15/2021 - 06:19:20: [SM]   [1] Line 75, /home/forums/content/files/7/2/34150.attach::cheatcommand
L 02/15/2021 - 06:19:20: [SM] Exception reported: String formatted incorrectly - parameter 4 (total 3)
L 02/15/2021 - 06:19:20: [SM] Blaming: admincheats.smx
L 02/15/2021 - 06:19:20: [SM] Call stack trace:
L 02/15/2021 - 06:19:20: [SM]   [0] PrintToConsole
L 02/15/2021 - 06:19:20: [SM]   [1] Line 75, /home/forums/content/files/7/2/34150.attach::cheatcommand
L 02/15/2021 - 06:19:20: [SM] Exception reported: String formatted incorrectly - parameter 4 (total 3)
L 02/15/2021 - 06:19:20: [SM] Blaming: admincheats.smx
L 02/15/2021 - 06:19:20: [SM] Call stack trace:
L 02/15/2021 - 06:19:20: [SM]   [0] PrintToConsole
L 02/15/2021 - 06:19:20: [SM]   [1] Line 75, /home/forums/content/files/7/2/34150.attach::cheatcommand
L 02/15/2021 - 06:19:20: [SM] Exception reported: String formatted incorrectly - parameter 4 (total 3)
L 02/15/2021 - 06:19:20: [SM] Blaming: admincheats.smx
L 02/15/2021 - 06:19:20: [SM] Call stack trace:
L 02/15/2021 - 06:19:20: [SM]   [0] PrintToConsole
L 02/15/2021 - 06:19:20: [SM]   [1] Line 75, /home/forums/content/files/7/2/34150.attach::cheatcommand
L 02/15/2021 - 06:19:21: [SM] Exception reported: String formatted incorrectly - parameter 4 (total 3)
L 02/15/2021 - 06:19:21: [SM] Blaming: admincheats.smx
L 02/15/2021 - 06:19:21: [SM] Call stack trace:
L 02/15/2021 - 06:19:21: [SM]   [0] PrintToConsole
L 02/15/2021 - 06:19:21: [SM]   [1] Line 75, /home/forums/content/files/7/2/34150.attach::cheatcommand
L 02/15/2021 - 06:19:21: [SM] Exception reported: String formatted incorrectly - parameter 4 (total 3)
L 02/15/2021 - 06:19:21: [SM] Blaming: admincheats.smx
L 02/15/2021 - 06:19:21: [SM] Call stack trace:
L 02/15/2021 - 06:19:21: [SM]   [0] PrintToConsole
L 02/15/2021 - 06:19:21: [SM]   [1] Line 75, /home/forums/content/files/7/2/34150.attach::cheatcommand
L 02/15/2021 - 06:19:21: [SM] Exception reported: String formatted incorrectly - parameter 4 (total 3)
L 02/15/2021 - 06:19:21: [SM] Blaming: admincheats.smx
L 02/15/2021 - 06:19:21: [SM] Call stack trace:
L 02/15/2021 - 06:19:21: [SM]   [0] PrintToConsole
L 02/15/2021 - 06:19:21: [SM]   [1] Line 75, /home/forums/content/files/7/2/34150.attach::cheatcommand
L 02/15/2021 - 06:19:21: [SM] Exception reported: String formatted incorrectly - parameter 4 (total 3)
L 02/15/2021 - 06:19:21: [SM] Blaming: admincheats.smx
L 02/15/2021 - 06:19:21: [SM] Call stack trace:
L 02/15/2021 - 06:19:21: [SM]   [0] PrintToConsole
L 02/15/2021 - 06:19:21: [SM]   [1] Line 75, /home/forums/content/files/7/2/34150.attach::cheatcommand
L 02/15/2021 - 06:22:06: [SM] Exception reported: String formatted incorrectly - parameter 4 (total 3)
L 02/15/2021 - 06:22:06: [SM] Blaming: admincheats.smx
L 02/15/2021 - 06:22:06: [SM] Call stack trace:
L 02/15/2021 - 06:22:06: [SM]   [0] PrintToConsole
L 02/15/2021 - 06:22:06: [SM]   [1] Line 75, /home/forums/content/files/7/2/34150.attach::cheatcommand
L 02/15/2021 - 06:22:16: [SM] Exception reported: String formatted incorrectly - parameter 4 (total 3)
L 02/15/2021 - 06:22:16: [SM] Blaming: admincheats.smx
L 02/15/2021 - 06:22:16: [SM] Call stack trace:
L 02/15/2021 - 06:22:16: [SM]   [0] PrintToConsole
L 02/15/2021 - 06:22:16: [SM]   [1] Line 75, /home/forums/content/files/7/2/34150.attach::cheatcommand
L 02/15/2021 - 06:22:18: [SM] Exception reported: String formatted incorrectly - parameter 4 (total 3)
L 02/15/2021 - 06:22:18: [SM] Blaming: admincheats.smx
L 02/15/2021 - 06:22:18: [SM] Call stack trace:
L 02/15/2021 - 06:22:18: [SM]   [0] PrintToConsole
L 02/15/2021 - 06:22:18: [SM]   [1] Line 75, /home/forums/content/files/7/2/34150.attach::cheatcommand
L 02/15/2021 - 06:26:39: [SM] Exception reported: String formatted incorrectly - parameter 4 (total 3)
L 02/15/2021 - 06:26:39: [SM] Blaming: admincheats.smx
L 02/15/2021 - 06:26:39: [SM] Call stack trace:
L 02/15/2021 - 06:26:39: [SM]   [0] PrintToConsole
L 02/15/2021 - 06:26:39: [SM]   [1] Line 75, /home/forums/content/files/7/2/34150.attach::cheatcommand
L 02/15/2021 - 06:26:44: [SM] Exception reported: String formatted incorrectly - parameter 4 (total 3)
L 02/15/2021 - 06:26:44: [SM] Blaming: admincheats.smx
L 02/15/2021 - 06:26:44: [SM] Call stack trace:
L 02/15/2021 - 06:26:44: [SM]   [0] PrintToConsole
L 02/15/2021 - 06:26:44: [SM]   [1] Line 75, /home/forums/content/files/7/2/34150.attach::cheatcommand
L 02/15/2021 - 07:07:16: Error log file session closed.
L 02/15/2021 - 07:14:18: SourceMod error session started
L 02/15/2021 - 07:14:18: Info (map "plr_hightower") (file "/hlserver/tf2/tf/addons/sourcemod/logs/errors_20210215.log")
L 02/15/2021 - 07:14:18: [SM] Exception reported: String formatted incorrectly - parameter 4 (total 3)
L 02/15/2021 - 07:14:18: [SM] Blaming: admincheats.smx
L 02/15/2021 - 07:14:18: [SM] Call stack trace:
L 02/15/2021 - 07:14:18: [SM]   [0] PrintToConsole
L 02/15/2021 - 07:14:18: [SM]   [1] Line 75, /home/forums/content/files/7/2/34150.attach::cheatcommand
L 02/15/2021 - 07:14:19: [SM] Exception reported: String formatted incorrectly - parameter 4 (total 3)
L 02/15/2021 - 07:14:19: [SM] Blaming: admincheats.smx
L 02/15/2021 - 07:14:19: [SM] Call stack trace:
L 02/15/2021 - 07:14:19: [SM]   [0] PrintToConsole
L 02/15/2021 - 07:14:19: [SM]   [1] Line 75, /home/forums/content/files/7/2/34150.attach::cheatcommand
L 02/15/2021 - 07:14:19: [SM] Exception reported: String formatted incorrectly - parameter 4 (total 3)
L 02/15/2021 - 07:14:19: [SM] Blaming: admincheats.smx
L 02/15/2021 - 07:14:19: [SM] Call stack trace:
L 02/15/2021 - 07:14:19: [SM]   [0] PrintToConsole
L 02/15/2021 - 07:14:19: [SM]   [1] Line 75, /home/forums/content/files/7/2/34150.attach::cheatcommand
L 02/15/2021 - 07:14:19: [SM] Exception reported: String formatted incorrectly - parameter 4 (total 3)
L 02/15/2021 - 07:14:19: [SM] Blaming: admincheats.smx
L 02/15/2021 - 07:14:19: [SM] Call stack trace:
L 02/15/2021 - 07:14:19: [SM]   [0] PrintToConsole
L 02/15/2021 - 07:14:19: [SM]   [1] Line 75, /home/forums/content/files/7/2/34150.attach::cheatcommand
L 02/15/2021 - 07:14:20: [SM] Exception reported: String formatted incorrectly - parameter 4 (total 3)
L 02/15/2021 - 07:14:20: [SM] Blaming: admincheats.smx
L 02/15/2021 - 07:14:20: [SM] Call stack trace:
L 02/15/2021 - 07:14:20: [SM]   [0] PrintToConsole
L 02/15/2021 - 07:14:20: [SM]   [1] Line 75, /home/forums/content/files/7/2/34150.attach::cheatcommand
L 02/15/2021 - 07:14:20: [SM] Exception reported: String formatted incorrectly - parameter 4 (total 3)
L 02/15/2021 - 07:14:20: [SM] Blaming: admincheats.smx
L 02/15/2021 - 07:14:20: [SM] Call stack trace:
L 02/15/2021 - 07:14:20: [SM]   [0] PrintToConsole
L 02/15/2021 - 07:14:20: [SM]   [1] Line 75, /home/forums/content/files/7/2/34150.attach::cheatcommand
L 02/15/2021 - 07:14:20: [SM] Exception reported: String formatted incorrectly - parameter 4 (total 3)
L 02/15/2021 - 07:14:20: [SM] Blaming: admincheats.smx
L 02/15/2021 - 07:14:20: [SM] Call stack trace:
L 02/15/2021 - 07:14:20: [SM]   [0] PrintToConsole
L 02/15/2021 - 07:14:20: [SM]   [1] Line 75, /home/forums/content/files/7/2/34150.attach::cheatcommand
L 02/15/2021 - 07:14:20: [SM] Exception reported: String formatted incorrectly - parameter 4 (total 3)
L 02/15/2021 - 07:14:20: [SM] Blaming: admincheats.smx
L 02/15/2021 - 07:14:20: [SM] Call stack trace:
L 02/15/2021 - 07:14:20: [SM]   [0] PrintToConsole
L 02/15/2021 - 07:14:20: [SM]   [1] Line 75, /home/forums/content/files/7/2/34150.attach::cheatcommand
L 02/15/2021 - 07:14:20: [SM] Exception reported: String formatted incorrectly - parameter 4 (total 3)
L 02/15/2021 - 07:14:20: [SM] Blaming: admincheats.smx
L 02/15/2021 - 07:14:20: [SM] Call stack trace:
L 02/15/2021 - 07:14:20: [SM]   [0] PrintToConsole
L 02/15/2021 - 07:14:20: [SM]   [1] Line 75, /home/forums/content/files/7/2/34150.attach::cheatcommand
L 02/15/2021 - 07:14:20: [SM] Exception reported: String formatted incorrectly - parameter 4 (total 3)
L 02/15/2021 - 07:14:20: [SM] Blaming: admincheats.smx
L 02/15/2021 - 07:14:20: [SM] Call stack trace:
L 02/15/2021 - 07:14:20: [SM]   [0] PrintToConsole
L 02/15/2021 - 07:14:20: [SM]   [1] Line 75, /home/forums/content/files/7/2/34150.attach::cheatcommand
L 02/15/2021 - 07:14:21: [SM] Exception reported: String formatted incorrectly - parameter 4 (total 3)
L 02/15/2021 - 07:14:21: [SM] Blaming: admincheats.smx
L 02/15/2021 - 07:14:21: [SM] Call stack trace:
L 02/15/2021 - 07:14:21: [SM]   [0] PrintToConsole
L 02/15/2021 - 07:14:21: [SM]   [1] Line 75, /home/forums/content/files/7/2/34150.attach::cheatcommand
L 02/15/2021 - 07:14:29: [SM] Exception reported: String formatted incorrectly - parameter 4 (total 3)
L 02/15/2021 - 07:14:29: [SM] Blaming: admincheats.smx
L 02/15/2021 - 07:14:29: [SM] Call stack trace:
L 02/15/2021 - 07:14:29: [SM]   [0] PrintToConsole
L 02/15/2021 - 07:14:29: [SM]   [1] Line 75, /home/forums/content/files/7/2/34150.attach::cheatcommand
L 02/15/2021 - 07:15:46: Error log file session closed.
