L 07/26/2020 - 23:27:19: SourceMod error session started
L 07/26/2020 - 23:27:19: Info (map "pl_upward") (file "/hlserver/tf2/tf/addons/sourcemod/logs/errors_20200726.log")
L 07/26/2020 - 23:27:19: [SM] Exception reported: String formatted incorrectly - parameter 4 (total 3)
L 07/26/2020 - 23:27:19: [SM] Blaming: admincheats.smx
L 07/26/2020 - 23:27:19: [SM] Call stack trace:
L 07/26/2020 - 23:27:19: [SM]   [0] PrintToConsole
L 07/26/2020 - 23:27:19: [SM]   [1] Line 75, /home/forums/content/files/7/2/34150.attach::cheatcommand
L 07/26/2020 - 23:27:19: [SM] Exception reported: String formatted incorrectly - parameter 4 (total 3)
L 07/26/2020 - 23:27:19: [SM] Blaming: admincheats.smx
L 07/26/2020 - 23:27:19: [SM] Call stack trace:
L 07/26/2020 - 23:27:19: [SM]   [0] PrintToConsole
L 07/26/2020 - 23:27:19: [SM]   [1] Line 75, /home/forums/content/files/7/2/34150.attach::cheatcommand
L 07/26/2020 - 23:27:19: [SM] Exception reported: String formatted incorrectly - parameter 4 (total 3)
L 07/26/2020 - 23:27:19: [SM] Blaming: admincheats.smx
L 07/26/2020 - 23:27:19: [SM] Call stack trace:
L 07/26/2020 - 23:27:19: [SM]   [0] PrintToConsole
L 07/26/2020 - 23:27:19: [SM]   [1] Line 75, /home/forums/content/files/7/2/34150.attach::cheatcommand
L 07/26/2020 - 23:27:19: [SM] Exception reported: String formatted incorrectly - parameter 4 (total 3)
L 07/26/2020 - 23:27:19: [SM] Blaming: admincheats.smx
L 07/26/2020 - 23:27:19: [SM] Call stack trace:
L 07/26/2020 - 23:27:19: [SM]   [0] PrintToConsole
L 07/26/2020 - 23:27:19: [SM]   [1] Line 75, /home/forums/content/files/7/2/34150.attach::cheatcommand
L 07/26/2020 - 23:27:19: [SM] Exception reported: String formatted incorrectly - parameter 4 (total 3)
L 07/26/2020 - 23:27:19: [SM] Blaming: admincheats.smx
L 07/26/2020 - 23:27:19: [SM] Call stack trace:
L 07/26/2020 - 23:27:19: [SM]   [0] PrintToConsole
L 07/26/2020 - 23:27:19: [SM]   [1] Line 75, /home/forums/content/files/7/2/34150.attach::cheatcommand
L 07/26/2020 - 23:27:19: [SM] Exception reported: String formatted incorrectly - parameter 4 (total 3)
L 07/26/2020 - 23:27:19: [SM] Blaming: admincheats.smx
L 07/26/2020 - 23:27:19: [SM] Call stack trace:
L 07/26/2020 - 23:27:19: [SM]   [0] PrintToConsole
L 07/26/2020 - 23:27:19: [SM]   [1] Line 75, /home/forums/content/files/7/2/34150.attach::cheatcommand
L 07/26/2020 - 23:27:19: [SM] Exception reported: String formatted incorrectly - parameter 4 (total 3)
L 07/26/2020 - 23:27:19: [SM] Blaming: admincheats.smx
L 07/26/2020 - 23:27:19: [SM] Call stack trace:
L 07/26/2020 - 23:27:19: [SM]   [0] PrintToConsole
L 07/26/2020 - 23:27:19: [SM]   [1] Line 75, /home/forums/content/files/7/2/34150.attach::cheatcommand
L 07/26/2020 - 23:27:19: [SM] Exception reported: String formatted incorrectly - parameter 4 (total 3)
L 07/26/2020 - 23:27:19: [SM] Blaming: admincheats.smx
L 07/26/2020 - 23:27:19: [SM] Call stack trace:
L 07/26/2020 - 23:27:19: [SM]   [0] PrintToConsole
L 07/26/2020 - 23:27:19: [SM]   [1] Line 75, /home/forums/content/files/7/2/34150.attach::cheatcommand
L 07/26/2020 - 23:27:19: [SM] Exception reported: String formatted incorrectly - parameter 4 (total 3)
L 07/26/2020 - 23:27:19: [SM] Blaming: admincheats.smx
L 07/26/2020 - 23:27:19: [SM] Call stack trace:
L 07/26/2020 - 23:27:19: [SM]   [0] PrintToConsole
L 07/26/2020 - 23:27:19: [SM]   [1] Line 75, /home/forums/content/files/7/2/34150.attach::cheatcommand
L 07/26/2020 - 23:27:19: [SM] Exception reported: String formatted incorrectly - parameter 4 (total 3)
L 07/26/2020 - 23:27:19: [SM] Blaming: admincheats.smx
L 07/26/2020 - 23:27:19: [SM] Call stack trace:
L 07/26/2020 - 23:27:19: [SM]   [0] PrintToConsole
L 07/26/2020 - 23:27:19: [SM]   [1] Line 75, /home/forums/content/files/7/2/34150.attach::cheatcommand
L 07/26/2020 - 23:27:19: [SM] Exception reported: String formatted incorrectly - parameter 4 (total 3)
L 07/26/2020 - 23:27:19: [SM] Blaming: admincheats.smx
L 07/26/2020 - 23:27:19: [SM] Call stack trace:
L 07/26/2020 - 23:27:19: [SM]   [0] PrintToConsole
L 07/26/2020 - 23:27:19: [SM]   [1] Line 75, /home/forums/content/files/7/2/34150.attach::cheatcommand
L 07/26/2020 - 23:27:20: [SM] Exception reported: String formatted incorrectly - parameter 4 (total 3)
L 07/26/2020 - 23:27:20: [SM] Blaming: admincheats.smx
L 07/26/2020 - 23:27:20: [SM] Call stack trace:
L 07/26/2020 - 23:27:20: [SM]   [0] PrintToConsole
L 07/26/2020 - 23:27:20: [SM]   [1] Line 75, /home/forums/content/files/7/2/34150.attach::cheatcommand
L 07/26/2020 - 23:27:20: [SM] Exception reported: String formatted incorrectly - parameter 4 (total 3)
L 07/26/2020 - 23:27:20: [SM] Blaming: admincheats.smx
L 07/26/2020 - 23:27:20: [SM] Call stack trace:
L 07/26/2020 - 23:27:20: [SM]   [0] PrintToConsole
L 07/26/2020 - 23:27:20: [SM]   [1] Line 75, /home/forums/content/files/7/2/34150.attach::cheatcommand
L 07/26/2020 - 23:27:20: [SM] Exception reported: String formatted incorrectly - parameter 4 (total 3)
L 07/26/2020 - 23:27:20: [SM] Blaming: admincheats.smx
L 07/26/2020 - 23:27:20: [SM] Call stack trace:
L 07/26/2020 - 23:27:20: [SM]   [0] PrintToConsole
L 07/26/2020 - 23:27:20: [SM]   [1] Line 75, /home/forums/content/files/7/2/34150.attach::cheatcommand
L 07/26/2020 - 23:27:20: [SM] Exception reported: String formatted incorrectly - parameter 4 (total 3)
L 07/26/2020 - 23:27:20: [SM] Blaming: admincheats.smx
L 07/26/2020 - 23:27:20: [SM] Call stack trace:
L 07/26/2020 - 23:27:20: [SM]   [0] PrintToConsole
L 07/26/2020 - 23:27:20: [SM]   [1] Line 75, /home/forums/content/files/7/2/34150.attach::cheatcommand
L 07/26/2020 - 23:27:20: [SM] Exception reported: String formatted incorrectly - parameter 4 (total 3)
L 07/26/2020 - 23:27:20: [SM] Blaming: admincheats.smx
L 07/26/2020 - 23:27:20: [SM] Call stack trace:
L 07/26/2020 - 23:27:20: [SM]   [0] PrintToConsole
L 07/26/2020 - 23:27:20: [SM]   [1] Line 75, /home/forums/content/files/7/2/34150.attach::cheatcommand
L 07/26/2020 - 23:27:20: [SM] Exception reported: String formatted incorrectly - parameter 4 (total 3)
L 07/26/2020 - 23:27:20: [SM] Blaming: admincheats.smx
L 07/26/2020 - 23:27:20: [SM] Call stack trace:
L 07/26/2020 - 23:27:20: [SM]   [0] PrintToConsole
L 07/26/2020 - 23:27:20: [SM]   [1] Line 75, /home/forums/content/files/7/2/34150.attach::cheatcommand
L 07/26/2020 - 23:27:20: [SM] Exception reported: String formatted incorrectly - parameter 4 (total 3)
L 07/26/2020 - 23:27:20: [SM] Blaming: admincheats.smx
L 07/26/2020 - 23:27:20: [SM] Call stack trace:
L 07/26/2020 - 23:27:20: [SM]   [0] PrintToConsole
L 07/26/2020 - 23:27:20: [SM]   [1] Line 75, /home/forums/content/files/7/2/34150.attach::cheatcommand
L 07/26/2020 - 23:27:20: [SM] Exception reported: String formatted incorrectly - parameter 4 (total 3)
L 07/26/2020 - 23:27:20: [SM] Blaming: admincheats.smx
L 07/26/2020 - 23:27:20: [SM] Call stack trace:
L 07/26/2020 - 23:27:20: [SM]   [0] PrintToConsole
L 07/26/2020 - 23:27:20: [SM]   [1] Line 75, /home/forums/content/files/7/2/34150.attach::cheatcommand
L 07/26/2020 - 23:27:20: [SM] Exception reported: String formatted incorrectly - parameter 4 (total 3)
L 07/26/2020 - 23:27:20: [SM] Blaming: admincheats.smx
L 07/26/2020 - 23:27:20: [SM] Call stack trace:
L 07/26/2020 - 23:27:20: [SM]   [0] PrintToConsole
L 07/26/2020 - 23:27:20: [SM]   [1] Line 75, /home/forums/content/files/7/2/34150.attach::cheatcommand
L 07/26/2020 - 23:27:20: [SM] Exception reported: String formatted incorrectly - parameter 4 (total 3)
L 07/26/2020 - 23:27:20: [SM] Blaming: admincheats.smx
L 07/26/2020 - 23:27:20: [SM] Call stack trace:
L 07/26/2020 - 23:27:20: [SM]   [0] PrintToConsole
L 07/26/2020 - 23:27:20: [SM]   [1] Line 75, /home/forums/content/files/7/2/34150.attach::cheatcommand
L 07/26/2020 - 23:27:20: [SM] Exception reported: String formatted incorrectly - parameter 4 (total 3)
L 07/26/2020 - 23:27:20: [SM] Blaming: admincheats.smx
L 07/26/2020 - 23:27:20: [SM] Call stack trace:
L 07/26/2020 - 23:27:20: [SM]   [0] PrintToConsole
L 07/26/2020 - 23:27:20: [SM]   [1] Line 75, /home/forums/content/files/7/2/34150.attach::cheatcommand
L 07/26/2020 - 23:27:20: [SM] Exception reported: String formatted incorrectly - parameter 4 (total 3)
L 07/26/2020 - 23:27:20: [SM] Blaming: admincheats.smx
L 07/26/2020 - 23:27:20: [SM] Call stack trace:
L 07/26/2020 - 23:27:20: [SM]   [0] PrintToConsole
L 07/26/2020 - 23:27:20: [SM]   [1] Line 75, /home/forums/content/files/7/2/34150.attach::cheatcommand
L 07/26/2020 - 23:27:20: [SM] Exception reported: String formatted incorrectly - parameter 4 (total 3)
L 07/26/2020 - 23:27:20: [SM] Blaming: admincheats.smx
L 07/26/2020 - 23:27:20: [SM] Call stack trace:
L 07/26/2020 - 23:27:20: [SM]   [0] PrintToConsole
L 07/26/2020 - 23:27:20: [SM]   [1] Line 75, /home/forums/content/files/7/2/34150.attach::cheatcommand
L 07/26/2020 - 23:27:20: [SM] Exception reported: String formatted incorrectly - parameter 4 (total 3)
L 07/26/2020 - 23:27:20: [SM] Blaming: admincheats.smx
L 07/26/2020 - 23:27:20: [SM] Call stack trace:
L 07/26/2020 - 23:27:20: [SM]   [0] PrintToConsole
L 07/26/2020 - 23:27:20: [SM]   [1] Line 75, /home/forums/content/files/7/2/34150.attach::cheatcommand
L 07/26/2020 - 23:27:20: [SM] Exception reported: String formatted incorrectly - parameter 4 (total 3)
L 07/26/2020 - 23:27:20: [SM] Blaming: admincheats.smx
L 07/26/2020 - 23:27:20: [SM] Call stack trace:
L 07/26/2020 - 23:27:20: [SM]   [0] PrintToConsole
L 07/26/2020 - 23:27:20: [SM]   [1] Line 75, /home/forums/content/files/7/2/34150.attach::cheatcommand
L 07/26/2020 - 23:27:20: [SM] Exception reported: String formatted incorrectly - parameter 4 (total 3)
L 07/26/2020 - 23:27:20: [SM] Blaming: admincheats.smx
L 07/26/2020 - 23:27:20: [SM] Call stack trace:
L 07/26/2020 - 23:27:20: [SM]   [0] PrintToConsole
L 07/26/2020 - 23:27:20: [SM]   [1] Line 75, /home/forums/content/files/7/2/34150.attach::cheatcommand
L 07/26/2020 - 23:27:20: [SM] Exception reported: String formatted incorrectly - parameter 4 (total 3)
L 07/26/2020 - 23:27:20: [SM] Blaming: admincheats.smx
L 07/26/2020 - 23:27:20: [SM] Call stack trace:
L 07/26/2020 - 23:27:20: [SM]   [0] PrintToConsole
L 07/26/2020 - 23:27:20: [SM]   [1] Line 75, /home/forums/content/files/7/2/34150.attach::cheatcommand
L 07/26/2020 - 23:27:20: [SM] Exception reported: String formatted incorrectly - parameter 4 (total 3)
L 07/26/2020 - 23:27:20: [SM] Blaming: admincheats.smx
L 07/26/2020 - 23:27:20: [SM] Call stack trace:
L 07/26/2020 - 23:27:20: [SM]   [0] PrintToConsole
L 07/26/2020 - 23:27:20: [SM]   [1] Line 75, /home/forums/content/files/7/2/34150.attach::cheatcommand
L 07/26/2020 - 23:27:20: [SM] Exception reported: String formatted incorrectly - parameter 4 (total 3)
L 07/26/2020 - 23:27:20: [SM] Blaming: admincheats.smx
L 07/26/2020 - 23:27:20: [SM] Call stack trace:
L 07/26/2020 - 23:27:20: [SM]   [0] PrintToConsole
L 07/26/2020 - 23:27:20: [SM]   [1] Line 75, /home/forums/content/files/7/2/34150.attach::cheatcommand
L 07/26/2020 - 23:27:20: [SM] Exception reported: String formatted incorrectly - parameter 4 (total 3)
L 07/26/2020 - 23:27:20: [SM] Blaming: admincheats.smx
L 07/26/2020 - 23:27:20: [SM] Call stack trace:
L 07/26/2020 - 23:27:20: [SM]   [0] PrintToConsole
L 07/26/2020 - 23:27:20: [SM]   [1] Line 75, /home/forums/content/files/7/2/34150.attach::cheatcommand
L 07/26/2020 - 23:27:20: [SM] Exception reported: String formatted incorrectly - parameter 4 (total 3)
L 07/26/2020 - 23:27:20: [SM] Blaming: admincheats.smx
L 07/26/2020 - 23:27:20: [SM] Call stack trace:
L 07/26/2020 - 23:27:20: [SM]   [0] PrintToConsole
L 07/26/2020 - 23:27:20: [SM]   [1] Line 75, /home/forums/content/files/7/2/34150.attach::cheatcommand
L 07/26/2020 - 23:27:20: [SM] Exception reported: String formatted incorrectly - parameter 4 (total 3)
L 07/26/2020 - 23:27:20: [SM] Blaming: admincheats.smx
L 07/26/2020 - 23:27:20: [SM] Call stack trace:
L 07/26/2020 - 23:27:20: [SM]   [0] PrintToConsole
L 07/26/2020 - 23:27:20: [SM]   [1] Line 75, /home/forums/content/files/7/2/34150.attach::cheatcommand
L 07/26/2020 - 23:27:20: [SM] Exception reported: String formatted incorrectly - parameter 4 (total 3)
L 07/26/2020 - 23:27:20: [SM] Blaming: admincheats.smx
L 07/26/2020 - 23:27:20: [SM] Call stack trace:
L 07/26/2020 - 23:27:20: [SM]   [0] PrintToConsole
L 07/26/2020 - 23:27:20: [SM]   [1] Line 75, /home/forums/content/files/7/2/34150.attach::cheatcommand
L 07/26/2020 - 23:27:21: [SM] Exception reported: String formatted incorrectly - parameter 4 (total 3)
L 07/26/2020 - 23:27:21: [SM] Blaming: admincheats.smx
L 07/26/2020 - 23:27:21: [SM] Call stack trace:
L 07/26/2020 - 23:27:21: [SM]   [0] PrintToConsole
L 07/26/2020 - 23:27:21: [SM]   [1] Line 75, /home/forums/content/files/7/2/34150.attach::cheatcommand
L 07/26/2020 - 23:27:21: [SM] Exception reported: String formatted incorrectly - parameter 4 (total 3)
L 07/26/2020 - 23:27:21: [SM] Blaming: admincheats.smx
L 07/26/2020 - 23:27:21: [SM] Call stack trace:
L 07/26/2020 - 23:27:21: [SM]   [0] PrintToConsole
L 07/26/2020 - 23:27:21: [SM]   [1] Line 75, /home/forums/content/files/7/2/34150.attach::cheatcommand
L 07/26/2020 - 23:27:21: [SM] Exception reported: String formatted incorrectly - parameter 4 (total 3)
L 07/26/2020 - 23:27:21: [SM] Blaming: admincheats.smx
L 07/26/2020 - 23:27:21: [SM] Call stack trace:
L 07/26/2020 - 23:27:21: [SM]   [0] PrintToConsole
L 07/26/2020 - 23:27:21: [SM]   [1] Line 75, /home/forums/content/files/7/2/34150.attach::cheatcommand
L 07/26/2020 - 23:27:21: [SM] Exception reported: String formatted incorrectly - parameter 4 (total 3)
L 07/26/2020 - 23:27:21: [SM] Blaming: admincheats.smx
L 07/26/2020 - 23:27:21: [SM] Call stack trace:
L 07/26/2020 - 23:27:21: [SM]   [0] PrintToConsole
L 07/26/2020 - 23:27:21: [SM]   [1] Line 75, /home/forums/content/files/7/2/34150.attach::cheatcommand
L 07/26/2020 - 23:27:28: [SM] Exception reported: String formatted incorrectly - parameter 4 (total 3)
L 07/26/2020 - 23:27:28: [SM] Blaming: admincheats.smx
L 07/26/2020 - 23:27:28: [SM] Call stack trace:
L 07/26/2020 - 23:27:28: [SM]   [0] PrintToConsole
L 07/26/2020 - 23:27:28: [SM]   [1] Line 75, /home/forums/content/files/7/2/34150.attach::cheatcommand
L 07/26/2020 - 23:27:28: [SM] Exception reported: String formatted incorrectly - parameter 4 (total 3)
L 07/26/2020 - 23:27:28: [SM] Blaming: admincheats.smx
L 07/26/2020 - 23:27:28: [SM] Call stack trace:
L 07/26/2020 - 23:27:28: [SM]   [0] PrintToConsole
L 07/26/2020 - 23:27:28: [SM]   [1] Line 75, /home/forums/content/files/7/2/34150.attach::cheatcommand
L 07/26/2020 - 23:27:28: [SM] Exception reported: String formatted incorrectly - parameter 4 (total 3)
L 07/26/2020 - 23:27:28: [SM] Blaming: admincheats.smx
L 07/26/2020 - 23:27:28: [SM] Call stack trace:
L 07/26/2020 - 23:27:28: [SM]   [0] PrintToConsole
L 07/26/2020 - 23:27:28: [SM]   [1] Line 75, /home/forums/content/files/7/2/34150.attach::cheatcommand
L 07/26/2020 - 23:27:28: [SM] Exception reported: String formatted incorrectly - parameter 4 (total 3)
L 07/26/2020 - 23:27:28: [SM] Blaming: admincheats.smx
L 07/26/2020 - 23:27:28: [SM] Call stack trace:
L 07/26/2020 - 23:27:28: [SM]   [0] PrintToConsole
L 07/26/2020 - 23:27:28: [SM]   [1] Line 75, /home/forums/content/files/7/2/34150.attach::cheatcommand
L 07/26/2020 - 23:27:28: [SM] Exception reported: String formatted incorrectly - parameter 4 (total 3)
L 07/26/2020 - 23:27:28: [SM] Blaming: admincheats.smx
L 07/26/2020 - 23:27:28: [SM] Call stack trace:
L 07/26/2020 - 23:27:28: [SM]   [0] PrintToConsole
L 07/26/2020 - 23:27:28: [SM]   [1] Line 75, /home/forums/content/files/7/2/34150.attach::cheatcommand
L 07/26/2020 - 23:27:29: [SM] Exception reported: String formatted incorrectly - parameter 4 (total 3)
L 07/26/2020 - 23:27:29: [SM] Blaming: admincheats.smx
L 07/26/2020 - 23:27:29: [SM] Call stack trace:
L 07/26/2020 - 23:27:29: [SM]   [0] PrintToConsole
L 07/26/2020 - 23:27:29: [SM]   [1] Line 75, /home/forums/content/files/7/2/34150.attach::cheatcommand
L 07/26/2020 - 23:27:29: [SM] Exception reported: String formatted incorrectly - parameter 4 (total 3)
L 07/26/2020 - 23:27:29: [SM] Blaming: admincheats.smx
L 07/26/2020 - 23:27:29: [SM] Call stack trace:
L 07/26/2020 - 23:27:29: [SM]   [0] PrintToConsole
L 07/26/2020 - 23:27:29: [SM]   [1] Line 75, /home/forums/content/files/7/2/34150.attach::cheatcommand
L 07/26/2020 - 23:27:29: [SM] Exception reported: String formatted incorrectly - parameter 4 (total 3)
L 07/26/2020 - 23:27:29: [SM] Blaming: admincheats.smx
L 07/26/2020 - 23:27:29: [SM] Call stack trace:
L 07/26/2020 - 23:27:29: [SM]   [0] PrintToConsole
L 07/26/2020 - 23:27:29: [SM]   [1] Line 75, /home/forums/content/files/7/2/34150.attach::cheatcommand
L 07/26/2020 - 23:27:29: [SM] Exception reported: String formatted incorrectly - parameter 4 (total 3)
L 07/26/2020 - 23:27:29: [SM] Blaming: admincheats.smx
L 07/26/2020 - 23:27:29: [SM] Call stack trace:
L 07/26/2020 - 23:27:29: [SM]   [0] PrintToConsole
L 07/26/2020 - 23:27:29: [SM]   [1] Line 75, /home/forums/content/files/7/2/34150.attach::cheatcommand
L 07/26/2020 - 23:27:29: [SM] Exception reported: String formatted incorrectly - parameter 4 (total 3)
L 07/26/2020 - 23:27:29: [SM] Blaming: admincheats.smx
L 07/26/2020 - 23:27:29: [SM] Call stack trace:
L 07/26/2020 - 23:27:29: [SM]   [0] PrintToConsole
L 07/26/2020 - 23:27:29: [SM]   [1] Line 75, /home/forums/content/files/7/2/34150.attach::cheatcommand
L 07/26/2020 - 23:27:29: [SM] Exception reported: String formatted incorrectly - parameter 4 (total 3)
L 07/26/2020 - 23:27:29: [SM] Blaming: admincheats.smx
L 07/26/2020 - 23:27:29: [SM] Call stack trace:
L 07/26/2020 - 23:27:29: [SM]   [0] PrintToConsole
L 07/26/2020 - 23:27:29: [SM]   [1] Line 75, /home/forums/content/files/7/2/34150.attach::cheatcommand
L 07/26/2020 - 23:27:29: [SM] Exception reported: String formatted incorrectly - parameter 4 (total 3)
L 07/26/2020 - 23:27:29: [SM] Blaming: admincheats.smx
L 07/26/2020 - 23:27:29: [SM] Call stack trace:
L 07/26/2020 - 23:27:29: [SM]   [0] PrintToConsole
L 07/26/2020 - 23:27:29: [SM]   [1] Line 75, /home/forums/content/files/7/2/34150.attach::cheatcommand
L 07/26/2020 - 23:27:29: [SM] Exception reported: String formatted incorrectly - parameter 4 (total 3)
L 07/26/2020 - 23:27:29: [SM] Blaming: admincheats.smx
L 07/26/2020 - 23:27:29: [SM] Call stack trace:
L 07/26/2020 - 23:27:29: [SM]   [0] PrintToConsole
L 07/26/2020 - 23:27:29: [SM]   [1] Line 75, /home/forums/content/files/7/2/34150.attach::cheatcommand
L 07/26/2020 - 23:27:29: [SM] Exception reported: String formatted incorrectly - parameter 4 (total 3)
L 07/26/2020 - 23:27:29: [SM] Blaming: admincheats.smx
L 07/26/2020 - 23:27:29: [SM] Call stack trace:
L 07/26/2020 - 23:27:29: [SM]   [0] PrintToConsole
L 07/26/2020 - 23:27:29: [SM]   [1] Line 75, /home/forums/content/files/7/2/34150.attach::cheatcommand
L 07/26/2020 - 23:27:29: [SM] Exception reported: String formatted incorrectly - parameter 4 (total 3)
L 07/26/2020 - 23:27:29: [SM] Blaming: admincheats.smx
L 07/26/2020 - 23:27:29: [SM] Call stack trace:
L 07/26/2020 - 23:27:29: [SM]   [0] PrintToConsole
L 07/26/2020 - 23:27:29: [SM]   [1] Line 75, /home/forums/content/files/7/2/34150.attach::cheatcommand
L 07/26/2020 - 23:27:29: [SM] Exception reported: String formatted incorrectly - parameter 4 (total 3)
L 07/26/2020 - 23:27:29: [SM] Blaming: admincheats.smx
L 07/26/2020 - 23:27:29: [SM] Call stack trace:
L 07/26/2020 - 23:27:29: [SM]   [0] PrintToConsole
L 07/26/2020 - 23:27:29: [SM]   [1] Line 75, /home/forums/content/files/7/2/34150.attach::cheatcommand
L 07/26/2020 - 23:27:29: [SM] Exception reported: String formatted incorrectly - parameter 4 (total 3)
L 07/26/2020 - 23:27:29: [SM] Blaming: admincheats.smx
L 07/26/2020 - 23:27:29: [SM] Call stack trace:
L 07/26/2020 - 23:27:29: [SM]   [0] PrintToConsole
L 07/26/2020 - 23:27:29: [SM]   [1] Line 75, /home/forums/content/files/7/2/34150.attach::cheatcommand
L 07/26/2020 - 23:27:29: [SM] Exception reported: String formatted incorrectly - parameter 4 (total 3)
L 07/26/2020 - 23:27:29: [SM] Blaming: admincheats.smx
L 07/26/2020 - 23:27:29: [SM] Call stack trace:
L 07/26/2020 - 23:27:29: [SM]   [0] PrintToConsole
L 07/26/2020 - 23:27:29: [SM]   [1] Line 75, /home/forums/content/files/7/2/34150.attach::cheatcommand
L 07/26/2020 - 23:27:29: [SM] Exception reported: String formatted incorrectly - parameter 4 (total 3)
L 07/26/2020 - 23:27:29: [SM] Blaming: admincheats.smx
L 07/26/2020 - 23:27:29: [SM] Call stack trace:
L 07/26/2020 - 23:27:29: [SM]   [0] PrintToConsole
L 07/26/2020 - 23:27:29: [SM]   [1] Line 75, /home/forums/content/files/7/2/34150.attach::cheatcommand
L 07/26/2020 - 23:27:29: [SM] Exception reported: String formatted incorrectly - parameter 4 (total 3)
L 07/26/2020 - 23:27:29: [SM] Blaming: admincheats.smx
L 07/26/2020 - 23:27:29: [SM] Call stack trace:
L 07/26/2020 - 23:27:29: [SM]   [0] PrintToConsole
L 07/26/2020 - 23:27:29: [SM]   [1] Line 75, /home/forums/content/files/7/2/34150.attach::cheatcommand
L 07/26/2020 - 23:27:29: [SM] Exception reported: String formatted incorrectly - parameter 4 (total 3)
L 07/26/2020 - 23:27:29: [SM] Blaming: admincheats.smx
L 07/26/2020 - 23:27:29: [SM] Call stack trace:
L 07/26/2020 - 23:27:29: [SM]   [0] PrintToConsole
L 07/26/2020 - 23:27:29: [SM]   [1] Line 75, /home/forums/content/files/7/2/34150.attach::cheatcommand
L 07/26/2020 - 23:27:29: [SM] Exception reported: String formatted incorrectly - parameter 4 (total 3)
L 07/26/2020 - 23:27:29: [SM] Blaming: admincheats.smx
L 07/26/2020 - 23:27:29: [SM] Call stack trace:
L 07/26/2020 - 23:27:29: [SM]   [0] PrintToConsole
L 07/26/2020 - 23:27:29: [SM]   [1] Line 75, /home/forums/content/files/7/2/34150.attach::cheatcommand
L 07/26/2020 - 23:27:29: [SM] Exception reported: String formatted incorrectly - parameter 4 (total 3)
L 07/26/2020 - 23:27:29: [SM] Blaming: admincheats.smx
L 07/26/2020 - 23:27:29: [SM] Call stack trace:
L 07/26/2020 - 23:27:29: [SM]   [0] PrintToConsole
L 07/26/2020 - 23:27:29: [SM]   [1] Line 75, /home/forums/content/files/7/2/34150.attach::cheatcommand
L 07/26/2020 - 23:27:29: [SM] Exception reported: String formatted incorrectly - parameter 4 (total 3)
L 07/26/2020 - 23:27:29: [SM] Blaming: admincheats.smx
L 07/26/2020 - 23:27:29: [SM] Call stack trace:
L 07/26/2020 - 23:27:29: [SM]   [0] PrintToConsole
L 07/26/2020 - 23:27:29: [SM]   [1] Line 75, /home/forums/content/files/7/2/34150.attach::cheatcommand
L 07/26/2020 - 23:27:29: [SM] Exception reported: String formatted incorrectly - parameter 4 (total 3)
L 07/26/2020 - 23:27:29: [SM] Blaming: admincheats.smx
L 07/26/2020 - 23:27:29: [SM] Call stack trace:
L 07/26/2020 - 23:27:29: [SM]   [0] PrintToConsole
L 07/26/2020 - 23:27:29: [SM]   [1] Line 75, /home/forums/content/files/7/2/34150.attach::cheatcommand
L 07/26/2020 - 23:27:29: [SM] Exception reported: String formatted incorrectly - parameter 4 (total 3)
L 07/26/2020 - 23:27:29: [SM] Blaming: admincheats.smx
L 07/26/2020 - 23:27:29: [SM] Call stack trace:
L 07/26/2020 - 23:27:29: [SM]   [0] PrintToConsole
L 07/26/2020 - 23:27:29: [SM]   [1] Line 75, /home/forums/content/files/7/2/34150.attach::cheatcommand
L 07/26/2020 - 23:27:30: [SM] Exception reported: String formatted incorrectly - parameter 4 (total 3)
L 07/26/2020 - 23:27:30: [SM] Blaming: admincheats.smx
L 07/26/2020 - 23:27:30: [SM] Call stack trace:
L 07/26/2020 - 23:27:30: [SM]   [0] PrintToConsole
L 07/26/2020 - 23:27:30: [SM]   [1] Line 75, /home/forums/content/files/7/2/34150.attach::cheatcommand
L 07/26/2020 - 23:27:30: [SM] Exception reported: String formatted incorrectly - parameter 4 (total 3)
L 07/26/2020 - 23:27:30: [SM] Blaming: admincheats.smx
L 07/26/2020 - 23:27:30: [SM] Call stack trace:
L 07/26/2020 - 23:27:30: [SM]   [0] PrintToConsole
L 07/26/2020 - 23:27:30: [SM]   [1] Line 75, /home/forums/content/files/7/2/34150.attach::cheatcommand
L 07/26/2020 - 23:27:30: [SM] Exception reported: String formatted incorrectly - parameter 4 (total 3)
L 07/26/2020 - 23:27:30: [SM] Blaming: admincheats.smx
L 07/26/2020 - 23:27:30: [SM] Call stack trace:
L 07/26/2020 - 23:27:30: [SM]   [0] PrintToConsole
L 07/26/2020 - 23:27:30: [SM]   [1] Line 75, /home/forums/content/files/7/2/34150.attach::cheatcommand
L 07/26/2020 - 23:27:30: [SM] Exception reported: String formatted incorrectly - parameter 4 (total 3)
L 07/26/2020 - 23:27:30: [SM] Blaming: admincheats.smx
L 07/26/2020 - 23:27:30: [SM] Call stack trace:
L 07/26/2020 - 23:27:30: [SM]   [0] PrintToConsole
L 07/26/2020 - 23:27:30: [SM]   [1] Line 75, /home/forums/content/files/7/2/34150.attach::cheatcommand
L 07/26/2020 - 23:27:30: [SM] Exception reported: String formatted incorrectly - parameter 4 (total 3)
L 07/26/2020 - 23:27:30: [SM] Blaming: admincheats.smx
L 07/26/2020 - 23:27:30: [SM] Call stack trace:
L 07/26/2020 - 23:27:30: [SM]   [0] PrintToConsole
L 07/26/2020 - 23:27:30: [SM]   [1] Line 75, /home/forums/content/files/7/2/34150.attach::cheatcommand
L 07/26/2020 - 23:27:30: [SM] Exception reported: String formatted incorrectly - parameter 4 (total 3)
L 07/26/2020 - 23:27:30: [SM] Blaming: admincheats.smx
L 07/26/2020 - 23:27:30: [SM] Call stack trace:
L 07/26/2020 - 23:27:30: [SM]   [0] PrintToConsole
L 07/26/2020 - 23:27:30: [SM]   [1] Line 75, /home/forums/content/files/7/2/34150.attach::cheatcommand
L 07/26/2020 - 23:27:30: [SM] Exception reported: String formatted incorrectly - parameter 4 (total 3)
L 07/26/2020 - 23:27:30: [SM] Blaming: admincheats.smx
L 07/26/2020 - 23:27:30: [SM] Call stack trace:
L 07/26/2020 - 23:27:30: [SM]   [0] PrintToConsole
L 07/26/2020 - 23:27:30: [SM]   [1] Line 75, /home/forums/content/files/7/2/34150.attach::cheatcommand
L 07/26/2020 - 23:27:30: [SM] Exception reported: String formatted incorrectly - parameter 4 (total 3)
L 07/26/2020 - 23:27:30: [SM] Blaming: admincheats.smx
L 07/26/2020 - 23:27:30: [SM] Call stack trace:
L 07/26/2020 - 23:27:30: [SM]   [0] PrintToConsole
L 07/26/2020 - 23:27:30: [SM]   [1] Line 75, /home/forums/content/files/7/2/34150.attach::cheatcommand
L 07/26/2020 - 23:27:30: [SM] Exception reported: String formatted incorrectly - parameter 4 (total 3)
L 07/26/2020 - 23:27:30: [SM] Blaming: admincheats.smx
L 07/26/2020 - 23:27:30: [SM] Call stack trace:
L 07/26/2020 - 23:27:30: [SM]   [0] PrintToConsole
L 07/26/2020 - 23:27:30: [SM]   [1] Line 75, /home/forums/content/files/7/2/34150.attach::cheatcommand
L 07/26/2020 - 23:27:30: [SM] Exception reported: String formatted incorrectly - parameter 4 (total 3)
L 07/26/2020 - 23:27:30: [SM] Blaming: admincheats.smx
L 07/26/2020 - 23:27:30: [SM] Call stack trace:
L 07/26/2020 - 23:27:30: [SM]   [0] PrintToConsole
L 07/26/2020 - 23:27:30: [SM]   [1] Line 75, /home/forums/content/files/7/2/34150.attach::cheatcommand
L 07/26/2020 - 23:27:30: [SM] Exception reported: String formatted incorrectly - parameter 4 (total 3)
L 07/26/2020 - 23:27:30: [SM] Blaming: admincheats.smx
L 07/26/2020 - 23:27:30: [SM] Call stack trace:
L 07/26/2020 - 23:27:30: [SM]   [0] PrintToConsole
L 07/26/2020 - 23:27:30: [SM]   [1] Line 75, /home/forums/content/files/7/2/34150.attach::cheatcommand
L 07/26/2020 - 23:27:30: [SM] Exception reported: String formatted incorrectly - parameter 4 (total 3)
L 07/26/2020 - 23:27:30: [SM] Blaming: admincheats.smx
L 07/26/2020 - 23:27:30: [SM] Call stack trace:
L 07/26/2020 - 23:27:30: [SM]   [0] PrintToConsole
L 07/26/2020 - 23:27:30: [SM]   [1] Line 75, /home/forums/content/files/7/2/34150.attach::cheatcommand
L 07/26/2020 - 23:27:30: [SM] Exception reported: String formatted incorrectly - parameter 4 (total 3)
L 07/26/2020 - 23:27:30: [SM] Blaming: admincheats.smx
L 07/26/2020 - 23:27:30: [SM] Call stack trace:
L 07/26/2020 - 23:27:30: [SM]   [0] PrintToConsole
L 07/26/2020 - 23:27:30: [SM]   [1] Line 75, /home/forums/content/files/7/2/34150.attach::cheatcommand
L 07/26/2020 - 23:27:30: [SM] Exception reported: String formatted incorrectly - parameter 4 (total 3)
L 07/26/2020 - 23:27:30: [SM] Blaming: admincheats.smx
L 07/26/2020 - 23:27:30: [SM] Call stack trace:
L 07/26/2020 - 23:27:30: [SM]   [0] PrintToConsole
L 07/26/2020 - 23:27:30: [SM]   [1] Line 75, /home/forums/content/files/7/2/34150.attach::cheatcommand
L 07/26/2020 - 23:27:31: [SM] Exception reported: String formatted incorrectly - parameter 4 (total 3)
L 07/26/2020 - 23:27:31: [SM] Blaming: admincheats.smx
L 07/26/2020 - 23:27:31: [SM] Call stack trace:
L 07/26/2020 - 23:27:31: [SM]   [0] PrintToConsole
L 07/26/2020 - 23:27:31: [SM]   [1] Line 75, /home/forums/content/files/7/2/34150.attach::cheatcommand
L 07/26/2020 - 23:27:31: [SM] Exception reported: String formatted incorrectly - parameter 4 (total 3)
L 07/26/2020 - 23:27:31: [SM] Blaming: admincheats.smx
L 07/26/2020 - 23:27:31: [SM] Call stack trace:
L 07/26/2020 - 23:27:31: [SM]   [0] PrintToConsole
L 07/26/2020 - 23:27:31: [SM]   [1] Line 75, /home/forums/content/files/7/2/34150.attach::cheatcommand
L 07/26/2020 - 23:27:31: [SM] Exception reported: String formatted incorrectly - parameter 4 (total 3)
L 07/26/2020 - 23:27:31: [SM] Blaming: admincheats.smx
L 07/26/2020 - 23:27:31: [SM] Call stack trace:
L 07/26/2020 - 23:27:31: [SM]   [0] PrintToConsole
L 07/26/2020 - 23:27:31: [SM]   [1] Line 75, /home/forums/content/files/7/2/34150.attach::cheatcommand
L 07/26/2020 - 23:27:31: [SM] Exception reported: String formatted incorrectly - parameter 4 (total 3)
L 07/26/2020 - 23:27:31: [SM] Blaming: admincheats.smx
L 07/26/2020 - 23:27:31: [SM] Call stack trace:
L 07/26/2020 - 23:27:31: [SM]   [0] PrintToConsole
L 07/26/2020 - 23:27:31: [SM]   [1] Line 75, /home/forums/content/files/7/2/34150.attach::cheatcommand
L 07/26/2020 - 23:27:31: [SM] Exception reported: String formatted incorrectly - parameter 4 (total 3)
L 07/26/2020 - 23:27:31: [SM] Blaming: admincheats.smx
L 07/26/2020 - 23:27:31: [SM] Call stack trace:
L 07/26/2020 - 23:27:31: [SM]   [0] PrintToConsole
L 07/26/2020 - 23:27:31: [SM]   [1] Line 75, /home/forums/content/files/7/2/34150.attach::cheatcommand
L 07/26/2020 - 23:27:31: [SM] Exception reported: String formatted incorrectly - parameter 4 (total 3)
L 07/26/2020 - 23:27:31: [SM] Blaming: admincheats.smx
L 07/26/2020 - 23:27:31: [SM] Call stack trace:
L 07/26/2020 - 23:27:31: [SM]   [0] PrintToConsole
L 07/26/2020 - 23:27:31: [SM]   [1] Line 75, /home/forums/content/files/7/2/34150.attach::cheatcommand
L 07/26/2020 - 23:27:31: [SM] Exception reported: String formatted incorrectly - parameter 4 (total 3)
L 07/26/2020 - 23:27:31: [SM] Blaming: admincheats.smx
L 07/26/2020 - 23:27:31: [SM] Call stack trace:
L 07/26/2020 - 23:27:31: [SM]   [0] PrintToConsole
L 07/26/2020 - 23:27:31: [SM]   [1] Line 75, /home/forums/content/files/7/2/34150.attach::cheatcommand
L 07/26/2020 - 23:27:31: [SM] Exception reported: String formatted incorrectly - parameter 4 (total 3)
L 07/26/2020 - 23:27:31: [SM] Blaming: admincheats.smx
L 07/26/2020 - 23:27:31: [SM] Call stack trace:
L 07/26/2020 - 23:27:31: [SM]   [0] PrintToConsole
L 07/26/2020 - 23:27:31: [SM]   [1] Line 75, /home/forums/content/files/7/2/34150.attach::cheatcommand
L 07/26/2020 - 23:27:31: [SM] Exception reported: String formatted incorrectly - parameter 4 (total 3)
L 07/26/2020 - 23:27:31: [SM] Blaming: admincheats.smx
L 07/26/2020 - 23:27:31: [SM] Call stack trace:
L 07/26/2020 - 23:27:31: [SM]   [0] PrintToConsole
L 07/26/2020 - 23:27:31: [SM]   [1] Line 75, /home/forums/content/files/7/2/34150.attach::cheatcommand
L 07/26/2020 - 23:27:31: [SM] Exception reported: String formatted incorrectly - parameter 4 (total 3)
L 07/26/2020 - 23:27:31: [SM] Blaming: admincheats.smx
L 07/26/2020 - 23:27:31: [SM] Call stack trace:
L 07/26/2020 - 23:27:31: [SM]   [0] PrintToConsole
L 07/26/2020 - 23:27:31: [SM]   [1] Line 75, /home/forums/content/files/7/2/34150.attach::cheatcommand
L 07/26/2020 - 23:27:31: [SM] Exception reported: String formatted incorrectly - parameter 4 (total 3)
L 07/26/2020 - 23:27:31: [SM] Blaming: admincheats.smx
L 07/26/2020 - 23:27:31: [SM] Call stack trace:
L 07/26/2020 - 23:27:31: [SM]   [0] PrintToConsole
L 07/26/2020 - 23:27:31: [SM]   [1] Line 75, /home/forums/content/files/7/2/34150.attach::cheatcommand
L 07/26/2020 - 23:27:31: [SM] Exception reported: String formatted incorrectly - parameter 4 (total 3)
L 07/26/2020 - 23:27:31: [SM] Blaming: admincheats.smx
L 07/26/2020 - 23:27:31: [SM] Call stack trace:
L 07/26/2020 - 23:27:31: [SM]   [0] PrintToConsole
L 07/26/2020 - 23:27:31: [SM]   [1] Line 75, /home/forums/content/files/7/2/34150.attach::cheatcommand
L 07/26/2020 - 23:27:31: [SM] Exception reported: String formatted incorrectly - parameter 4 (total 3)
L 07/26/2020 - 23:27:31: [SM] Blaming: admincheats.smx
L 07/26/2020 - 23:27:31: [SM] Call stack trace:
L 07/26/2020 - 23:27:31: [SM]   [0] PrintToConsole
L 07/26/2020 - 23:27:31: [SM]   [1] Line 75, /home/forums/content/files/7/2/34150.attach::cheatcommand
L 07/26/2020 - 23:40:41: Error log file session closed.
L 07/26/2020 - 23:40:41: SourceMod error session started
L 07/26/2020 - 23:40:41: Info (map "pl_upward") (file "/hlserver/tf2/tf/addons/sourcemod/logs/errors_20200726.log")
L 07/26/2020 - 23:40:41: [SM] Fatal error encountered parsing translation file "spraytracenomenu.phrases.txt"
L 07/26/2020 - 23:40:41: [SM] Error (line 0, column 0): Stream failed to open
L 07/26/2020 - 23:41:07: [SM] Exception reported: Language phrase "Sprayed Name" not found (arg 6)
L 07/26/2020 - 23:41:07: [SM] Blaming: spraytracenomenu.smx
L 07/26/2020 - 23:41:07: [SM] Call stack trace:
L 07/26/2020 - 23:41:07: [SM]   [0] ShowSyncHudText
L 07/26/2020 - 23:41:07: [SM]   [1] Line 226, /home/forums/content/files/2/8/4/1/5/5/177382.attach::CheckAllTraces
L 07/26/2020 - 23:41:08: [SM] Exception reported: Language phrase "Sprayed Name" not found (arg 6)
L 07/26/2020 - 23:41:08: [SM] Blaming: spraytracenomenu.smx
L 07/26/2020 - 23:41:08: [SM] Call stack trace:
L 07/26/2020 - 23:41:08: [SM]   [0] ShowSyncHudText
L 07/26/2020 - 23:41:08: [SM]   [1] Line 226, /home/forums/content/files/2/8/4/1/5/5/177382.attach::CheckAllTraces
L 07/26/2020 - 23:41:09: [SM] Exception reported: Language phrase "Sprayed Name" not found (arg 6)
L 07/26/2020 - 23:41:09: [SM] Blaming: spraytracenomenu.smx
L 07/26/2020 - 23:41:09: [SM] Call stack trace:
L 07/26/2020 - 23:41:09: [SM]   [0] ShowSyncHudText
L 07/26/2020 - 23:41:09: [SM]   [1] Line 226, /home/forums/content/files/2/8/4/1/5/5/177382.attach::CheckAllTraces
L 07/26/2020 - 23:41:10: [SM] Exception reported: Language phrase "Sprayed Name" not found (arg 6)
L 07/26/2020 - 23:41:10: [SM] Blaming: spraytracenomenu.smx
L 07/26/2020 - 23:41:10: [SM] Call stack trace:
L 07/26/2020 - 23:41:10: [SM]   [0] ShowSyncHudText
L 07/26/2020 - 23:41:10: [SM]   [1] Line 226, /home/forums/content/files/2/8/4/1/5/5/177382.attach::CheckAllTraces
L 07/26/2020 - 23:41:11: [SM] Exception reported: Language phrase "Sprayed Name" not found (arg 6)
L 07/26/2020 - 23:41:11: [SM] Blaming: spraytracenomenu.smx
L 07/26/2020 - 23:41:11: [SM] Call stack trace:
L 07/26/2020 - 23:41:11: [SM]   [0] ShowSyncHudText
L 07/26/2020 - 23:41:11: [SM]   [1] Line 226, /home/forums/content/files/2/8/4/1/5/5/177382.attach::CheckAllTraces
L 07/26/2020 - 23:41:12: [SM] Exception reported: Language phrase "Sprayed Name" not found (arg 6)
L 07/26/2020 - 23:41:12: [SM] Blaming: spraytracenomenu.smx
L 07/26/2020 - 23:41:12: [SM] Call stack trace:
L 07/26/2020 - 23:41:12: [SM]   [0] ShowSyncHudText
L 07/26/2020 - 23:41:12: [SM]   [1] Line 226, /home/forums/content/files/2/8/4/1/5/5/177382.attach::CheckAllTraces
L 07/26/2020 - 23:41:13: Error log file session closed.
L 07/26/2020 - 23:41:28: SourceMod error session started
L 07/26/2020 - 23:41:28: Info (map "pl_upward") (file "/hlserver/tf2/tf/addons/sourcemod/logs/errors_20200726.log")
L 07/26/2020 - 23:41:28: [SM] Fatal error encountered parsing translation file "spraytracenomenu.phrases.txt"
L 07/26/2020 - 23:41:28: [SM] Error (line 0, column 0): Stream failed to open
L 07/26/2020 - 23:45:58: [SM] Exception reported: Language phrase "Sprayed Name" not found (arg 6)
L 07/26/2020 - 23:45:58: [SM] Blaming: spraytracenomenu.smx
L 07/26/2020 - 23:45:58: [SM] Call stack trace:
L 07/26/2020 - 23:45:58: [SM]   [0] ShowSyncHudText
L 07/26/2020 - 23:45:58: [SM]   [1] Line 226, /home/forums/content/files/2/8/4/1/5/5/177382.attach::CheckAllTraces
L 07/26/2020 - 23:45:59: [SM] Exception reported: Language phrase "Sprayed Name" not found (arg 6)
L 07/26/2020 - 23:45:59: [SM] Blaming: spraytracenomenu.smx
L 07/26/2020 - 23:45:59: [SM] Call stack trace:
L 07/26/2020 - 23:45:59: [SM]   [0] ShowSyncHudText
L 07/26/2020 - 23:45:59: [SM]   [1] Line 226, /home/forums/content/files/2/8/4/1/5/5/177382.attach::CheckAllTraces
L 07/26/2020 - 23:46:00: [SM] Exception reported: Language phrase "Sprayed Name" not found (arg 6)
L 07/26/2020 - 23:46:00: [SM] Blaming: spraytracenomenu.smx
L 07/26/2020 - 23:46:00: [SM] Call stack trace:
L 07/26/2020 - 23:46:00: [SM]   [0] ShowSyncHudText
L 07/26/2020 - 23:46:00: [SM]   [1] Line 226, /home/forums/content/files/2/8/4/1/5/5/177382.attach::CheckAllTraces
L 07/26/2020 - 23:46:02: [SM] Exception reported: Language phrase "Sprayed Name" not found (arg 6)
L 07/26/2020 - 23:46:02: [SM] Blaming: spraytracenomenu.smx
L 07/26/2020 - 23:46:02: [SM] Call stack trace:
L 07/26/2020 - 23:46:02: [SM]   [0] ShowSyncHudText
L 07/26/2020 - 23:46:02: [SM]   [1] Line 226, /home/forums/content/files/2/8/4/1/5/5/177382.attach::CheckAllTraces
L 07/26/2020 - 23:46:03: [SM] Exception reported: Language phrase "Sprayed Name" not found (arg 6)
L 07/26/2020 - 23:46:03: [SM] Blaming: spraytracenomenu.smx
L 07/26/2020 - 23:46:03: [SM] Call stack trace:
L 07/26/2020 - 23:46:03: [SM]   [0] ShowSyncHudText
L 07/26/2020 - 23:46:03: [SM]   [1] Line 226, /home/forums/content/files/2/8/4/1/5/5/177382.attach::CheckAllTraces
L 07/26/2020 - 23:46:09: [SM] Exception reported: Language phrase "Sprayed Name" not found (arg 6)
L 07/26/2020 - 23:46:09: [SM] Blaming: spraytracenomenu.smx
L 07/26/2020 - 23:46:09: [SM] Call stack trace:
L 07/26/2020 - 23:46:09: [SM]   [0] ShowSyncHudText
L 07/26/2020 - 23:46:09: [SM]   [1] Line 226, /home/forums/content/files/2/8/4/1/5/5/177382.attach::CheckAllTraces
L 07/26/2020 - 23:46:10: [SM] Exception reported: Language phrase "Sprayed Name" not found (arg 6)
L 07/26/2020 - 23:46:10: [SM] Blaming: spraytracenomenu.smx
L 07/26/2020 - 23:46:10: [SM] Call stack trace:
L 07/26/2020 - 23:46:10: [SM]   [0] ShowSyncHudText
L 07/26/2020 - 23:46:10: [SM]   [1] Line 226, /home/forums/content/files/2/8/4/1/5/5/177382.attach::CheckAllTraces
L 07/26/2020 - 23:46:11: [SM] Exception reported: Language phrase "Sprayed Name" not found (arg 6)
L 07/26/2020 - 23:46:11: [SM] Blaming: spraytracenomenu.smx
L 07/26/2020 - 23:46:11: [SM] Call stack trace:
L 07/26/2020 - 23:46:11: [SM]   [0] ShowSyncHudText
L 07/26/2020 - 23:46:11: [SM]   [1] Line 226, /home/forums/content/files/2/8/4/1/5/5/177382.attach::CheckAllTraces
L 07/26/2020 - 23:46:12: [SM] Exception reported: Language phrase "Sprayed Name" not found (arg 6)
L 07/26/2020 - 23:46:12: [SM] Blaming: spraytracenomenu.smx
L 07/26/2020 - 23:46:12: [SM] Call stack trace:
L 07/26/2020 - 23:46:12: [SM]   [0] ShowSyncHudText
L 07/26/2020 - 23:46:12: [SM]   [1] Line 226, /home/forums/content/files/2/8/4/1/5/5/177382.attach::CheckAllTraces
L 07/26/2020 - 23:46:13: [SM] Exception reported: Language phrase "Sprayed Name" not found (arg 6)
L 07/26/2020 - 23:46:13: [SM] Blaming: spraytracenomenu.smx
L 07/26/2020 - 23:46:13: [SM] Call stack trace:
L 07/26/2020 - 23:46:13: [SM]   [0] ShowSyncHudText
L 07/26/2020 - 23:46:13: [SM]   [1] Line 226, /home/forums/content/files/2/8/4/1/5/5/177382.attach::CheckAllTraces
L 07/27/2020 - 00:42:07: Error log file session closed.
