L 01/08/2022 - 00:47:42: SourceMod error session started
L 01/08/2022 - 00:47:42: Info (map "pl_midwest_b51") (file "/home/tf2server/hlserver/tf2/tf/addons/sourcemod/logs/errors_20220108.log")
L 01/08/2022 - 00:47:42: [SM] Exception reported: String formatted incorrectly - parameter 4 (total 3)
L 01/08/2022 - 00:47:42: [SM] Blaming: admincheats.smx
L 01/08/2022 - 00:47:42: [SM] Call stack trace:
L 01/08/2022 - 00:47:42: [SM]   [0] PrintToConsole
L 01/08/2022 - 00:47:42: [SM]   [1] Line 75, /home/forums/content/files/7/2/34150.attach::cheatcommand
L 01/08/2022 - 01:02:22: Error log file session closed.
L 01/08/2022 - 01:02:22: SourceMod error session started
L 01/08/2022 - 01:02:22: Info (map "pl_midwest_b51") (file "/home/tf2server/hlserver/tf2/tf/addons/sourcemod/logs/errors_20220108.log")
L 01/08/2022 - 01:02:22: [SM] Failed to load plugin "tf2-comp-fixes.smx": Unable to load plugin (bad header).
L 01/08/2022 - 01:46:35: SourceMod error session started
L 01/08/2022 - 01:46:35: Info (map "cp_5gorge") (file "/home/tf2server/hlserver/tf2/tf/addons/sourcemod/logs/errors_20220108.log")
L 01/08/2022 - 01:46:35: [SM] Failed to load plugin "tf2-comp-fixes.smx": Unable to load plugin (bad header).
L 01/08/2022 - 01:46:36: SourceMod error session started
L 01/08/2022 - 01:46:36: Info (map "pl_frontier_final") (file "/home/tf2server/hlserver/tf2/tf/addons/sourcemod/logs/errors_20220108.log")
L 01/08/2022 - 01:46:36: [SM] Failed to load plugin "tf2-comp-fixes.smx": Unable to load plugin (bad header).
L 01/08/2022 - 01:46:36: [tf2attributes.smx] Could not initialize call to CEconItem::SetCustomName
L 01/08/2022 - 01:46:36: [tf2attributes.smx] Could not initialize call to CEconItem::SetCustomName
L 01/08/2022 - 03:18:16: Error log file session closed.
L 01/08/2022 - 03:18:16: SourceMod error session started
L 01/08/2022 - 03:18:16: Info (map "cp_mossrock") (file "/home/tf2server/hlserver/tf2/tf/addons/sourcemod/logs/errors_20220108.log")
L 01/08/2022 - 03:18:16: [SM] Failed to load plugin "tf2-comp-fixes.smx": Unable to load plugin (bad header).
L 01/08/2022 - 13:41:36: Error log file session closed.
L 01/08/2022 - 13:41:36: SourceMod error session started
L 01/08/2022 - 13:41:36: Info (map "workshop/koth_offblast_rc4.ugc2125714706") (file "/home/tf2server/hlserver/tf2/tf/addons/sourcemod/logs/errors_20220108.log")
L 01/08/2022 - 13:41:36: [SM] Failed to load plugin "tf2-comp-fixes.smx": Unable to load plugin (bad header).
L 01/08/2022 - 18:23:31: SourceMod error session started
L 01/08/2022 - 18:23:31: Info (map "cp_metalworks") (file "/home/tf2server/hlserver/tf2/tf/addons/sourcemod/logs/errors_20220108.log")
L 01/08/2022 - 18:23:31: [SM] Failed to load plugin "tf2-comp-fixes.smx": Unable to load plugin (bad header).
L 01/08/2022 - 18:23:31: [tf2attributes.smx] Could not initialize call to CEconItem::SetCustomName
L 01/08/2022 - 18:23:33: SourceMod error session started
L 01/08/2022 - 18:23:33: Info (map "cp_cardinal_rc1a") (file "/home/tf2server/hlserver/tf2/tf/addons/sourcemod/logs/errors_20220108.log")
L 01/08/2022 - 18:23:33: [SM] Failed to load plugin "tf2-comp-fixes.smx": Unable to load plugin (bad header).
L 01/08/2022 - 18:23:33: [tf2attributes.smx] Could not initialize call to CEconItem::SetCustomName
L 01/09/2022 - 23:47:04: Error log file session closed.
