L 04/16/2021 - 04:01:27: SourceMod error session started
L 04/16/2021 - 04:01:27: Info (map "plr_hightower") (file "/hlserver/tf2/tf/addons/sourcemod/logs/errors_20210416.log")
L 04/16/2021 - 04:01:27: [tf2attributes.smx] Could not initialize call to CEconItem::SetCustomName
L 04/16/2021 - 07:24:55: SourceMod error session started
L 04/16/2021 - 07:24:55: Info (map "plr_hightower") (file "/hlserver/tf2/tf/addons/sourcemod/logs/errors_20210416.log")
L 04/16/2021 - 07:24:55: [tf2attributes.smx] Could not initialize call to CEconItem::SetCustomName
L 04/16/2021 - 07:27:19: SourceMod error session started
L 04/16/2021 - 07:27:19: Info (map "workshop/dm_hightower.ugc2458531657") (file "/hlserver/tf2/tf/addons/sourcemod/logs/errors_20210416.log")
L 04/16/2021 - 07:27:19: [tf2attributes.smx] Could not initialize call to CEconItem::SetCustomName
L 04/16/2021 - 07:28:19: Error log file session closed.
L 04/16/2021 - 14:02:05: SourceMod error session started
L 04/16/2021 - 14:02:05: Info (map "workshop/dm_hightower.ugc2458531657") (file "/hlserver/tf2/tf/addons/sourcemod/logs/errors_20210416.log")
L 04/16/2021 - 14:02:05: [STEAMTOOLS] Could not find interface SteamGameServerStats001
L 04/16/2021 - 14:02:06: Error log file session closed.
L 04/16/2021 - 14:02:12: SourceMod error session started
L 04/16/2021 - 14:02:12: Info (map "plr_hightower") (file "/hlserver/tf2/tf/addons/sourcemod/logs/errors_20210416.log")
L 04/16/2021 - 14:02:12: [STEAMTOOLS] Could not find interface SteamGameServerStats001
L 04/16/2021 - 14:02:41: Error log file session closed.
L 04/16/2021 - 14:02:47: SourceMod error session started
L 04/16/2021 - 14:02:47: Info (map "plr_hightower") (file "/hlserver/tf2/tf/addons/sourcemod/logs/errors_20210416.log")
L 04/16/2021 - 14:02:47: [STEAMTOOLS] Could not find interface SteamGameServerStats001
L 04/17/2021 - 04:00:47: Error log file session closed.
