L 04/21/2021 - 04:01:20: SourceMod error session started
L 04/21/2021 - 04:01:20: Info (map "plr_hightower") (file "/hlserver/tf2/tf/addons/sourcemod/logs/errors_20210421.log")
L 04/21/2021 - 04:01:20: [tf2attributes.smx] Could not initialize call to CEconItem::SetCustomName
L 04/21/2021 - 09:49:30: Error log file session closed.
L 04/21/2021 - 09:52:03: SourceMod error session started
L 04/21/2021 - 09:52:03: Info (map "workshop/dm_hightower.ugc2458531657") (file "/hlserver/tf2/tf/addons/sourcemod/logs/errors_20210421.log")
L 04/21/2021 - 09:52:03: [SM] Exception reported: String formatted incorrectly - parameter 4 (total 3)
L 04/21/2021 - 09:52:03: [SM] Blaming: admincheats.smx
L 04/21/2021 - 09:52:03: [SM] Call stack trace:
L 04/21/2021 - 09:52:03: [SM]   [0] PrintToConsole
L 04/21/2021 - 09:52:03: [SM]   [1] Line 75, /home/forums/content/files/7/2/34150.attach::cheatcommand
L 04/21/2021 - 09:52:09: [SM] Exception reported: String formatted incorrectly - parameter 4 (total 3)
L 04/21/2021 - 09:52:09: [SM] Blaming: admincheats.smx
L 04/21/2021 - 09:52:09: [SM] Call stack trace:
L 04/21/2021 - 09:52:09: [SM]   [0] PrintToConsole
L 04/21/2021 - 09:52:09: [SM]   [1] Line 75, /home/forums/content/files/7/2/34150.attach::cheatcommand
L 04/21/2021 - 09:52:10: [SM] Exception reported: String formatted incorrectly - parameter 4 (total 3)
L 04/21/2021 - 09:52:10: [SM] Blaming: admincheats.smx
L 04/21/2021 - 09:52:10: [SM] Call stack trace:
L 04/21/2021 - 09:52:10: [SM]   [0] PrintToConsole
L 04/21/2021 - 09:52:10: [SM]   [1] Line 75, /home/forums/content/files/7/2/34150.attach::cheatcommand
L 04/21/2021 - 09:52:15: [SM] Exception reported: String formatted incorrectly - parameter 4 (total 3)
L 04/21/2021 - 09:52:15: [SM] Blaming: admincheats.smx
L 04/21/2021 - 09:52:15: [SM] Call stack trace:
L 04/21/2021 - 09:52:15: [SM]   [0] PrintToConsole
L 04/21/2021 - 09:52:15: [SM]   [1] Line 75, /home/forums/content/files/7/2/34150.attach::cheatcommand
L 04/21/2021 - 09:52:24: Error log file session closed.
