L 12/09/2021 - 01:27:30: SourceMod error session started
L 12/09/2021 - 01:27:30: Info (map "plr_hightower") (file "/hlserver/tf2/tf/addons/sourcemod/logs/errors_20211209.log")
L 12/09/2021 - 01:27:30: [SM] Exception reported: String formatted incorrectly - parameter 4 (total 3)
L 12/09/2021 - 01:27:30: [SM] Blaming: admincheats.smx
L 12/09/2021 - 01:27:30: [SM] Call stack trace:
L 12/09/2021 - 01:27:30: [SM]   [0] PrintToConsole
L 12/09/2021 - 01:27:30: [SM]   [1] Line 75, /home/forums/content/files/7/2/34150.attach::cheatcommand
L 12/09/2021 - 01:52:19: [SM] Exception reported: String formatted incorrectly - parameter 4 (total 3)
L 12/09/2021 - 01:52:19: [SM] Blaming: admincheats.smx
L 12/09/2021 - 01:52:19: [SM] Call stack trace:
L 12/09/2021 - 01:52:19: [SM]   [0] PrintToConsole
L 12/09/2021 - 01:52:19: [SM]   [1] Line 75, /home/forums/content/files/7/2/34150.attach::cheatcommand
L 12/09/2021 - 01:52:25: [SM] Exception reported: String formatted incorrectly - parameter 4 (total 3)
L 12/09/2021 - 01:52:25: [SM] Blaming: admincheats.smx
L 12/09/2021 - 01:52:25: [SM] Call stack trace:
L 12/09/2021 - 01:52:25: [SM]   [0] PrintToConsole
L 12/09/2021 - 01:52:25: [SM]   [1] Line 75, /home/forums/content/files/7/2/34150.attach::cheatcommand
L 12/09/2021 - 01:57:16: [SM] Exception reported: String formatted incorrectly - parameter 4 (total 3)
L 12/09/2021 - 01:57:16: [SM] Blaming: admincheats.smx
L 12/09/2021 - 01:57:16: [SM] Call stack trace:
L 12/09/2021 - 01:57:16: [SM]   [0] PrintToConsole
L 12/09/2021 - 01:57:16: [SM]   [1] Line 75, /home/forums/content/files/7/2/34150.attach::cheatcommand
L 12/09/2021 - 01:57:23: [SM] Exception reported: String formatted incorrectly - parameter 4 (total 3)
L 12/09/2021 - 01:57:23: [SM] Blaming: admincheats.smx
L 12/09/2021 - 01:57:23: [SM] Call stack trace:
L 12/09/2021 - 01:57:23: [SM]   [0] PrintToConsole
L 12/09/2021 - 01:57:23: [SM]   [1] Line 75, /home/forums/content/files/7/2/34150.attach::cheatcommand
L 12/09/2021 - 01:58:23: [SM] Exception reported: String formatted incorrectly - parameter 4 (total 3)
L 12/09/2021 - 01:58:23: [SM] Blaming: admincheats.smx
L 12/09/2021 - 01:58:23: [SM] Call stack trace:
L 12/09/2021 - 01:58:23: [SM]   [0] PrintToConsole
L 12/09/2021 - 01:58:23: [SM]   [1] Line 75, /home/forums/content/files/7/2/34150.attach::cheatcommand
L 12/09/2021 - 01:58:23: [SM] Exception reported: String formatted incorrectly - parameter 4 (total 3)
L 12/09/2021 - 01:58:23: [SM] Blaming: admincheats.smx
L 12/09/2021 - 01:58:23: [SM] Call stack trace:
L 12/09/2021 - 01:58:23: [SM]   [0] PrintToConsole
L 12/09/2021 - 01:58:23: [SM]   [1] Line 75, /home/forums/content/files/7/2/34150.attach::cheatcommand
L 12/09/2021 - 01:58:28: [SM] Exception reported: String formatted incorrectly - parameter 4 (total 3)
L 12/09/2021 - 01:58:28: [SM] Blaming: admincheats.smx
L 12/09/2021 - 01:58:28: [SM] Call stack trace:
L 12/09/2021 - 01:58:28: [SM]   [0] PrintToConsole
L 12/09/2021 - 01:58:28: [SM]   [1] Line 75, /home/forums/content/files/7/2/34150.attach::cheatcommand
L 12/09/2021 - 04:00:55: Error log file session closed.
L 12/09/2021 - 04:01:44: SourceMod error session started
L 12/09/2021 - 04:01:44: Info (map "plr_hightower") (file "/hlserver/tf2/tf/addons/sourcemod/logs/errors_20211209.log")
L 12/09/2021 - 04:01:44: [tf2attributes.smx] Could not initialize call to CEconItem::SetCustomName
L 12/09/2021 - 04:01:44: [SM] Exception reported: Invalid convar handle 0 (error 4)
L 12/09/2021 - 04:01:44: [SM] Blaming: stac.smx
L 12/09/2021 - 04:01:44: [SM] Call stack trace:
L 12/09/2021 - 04:01:44: [SM]   [0] GetConVarBool
L 12/09/2021 - 04:01:44: [SM]   [1] Line 477, ./scripting/stac/stac_cvars.sp::setStacVars
L 12/09/2021 - 04:01:44: [SM]   [2] Line 392, ./scripting/stac/stac_cvars.sp::initCvars
L 12/09/2021 - 04:01:44: [SM]   [3] Line 134, ./scripting/stac.sp::OnPluginStart
L 12/09/2021 - 04:01:44: [SM] Unable to load plugin "stac.smx": Error detected in plugin startup (see error logs)
L 12/10/2021 - 03:27:19: Error log file session closed.
