L 06/02/2020 - 00:25:50: SourceMod error session started
L 06/02/2020 - 00:25:50: Info (map "pl_upward") (file "/hlserver/tf2/tf/addons/sourcemod/logs/errors_20200602.log")
L 06/02/2020 - 00:25:50: [SM] Exception reported: String formatted incorrectly - parameter 4 (total 3)
L 06/02/2020 - 00:25:50: [SM] Blaming: admincheats.smx
L 06/02/2020 - 00:25:50: [SM] Call stack trace:
L 06/02/2020 - 00:25:50: [SM]   [0] PrintToConsole
L 06/02/2020 - 00:25:50: [SM]   [1] Line 75, /home/forums/content/files/7/2/34150.attach::cheatcommand
L 06/02/2020 - 00:25:50: [SM] Exception reported: String formatted incorrectly - parameter 4 (total 3)
L 06/02/2020 - 00:25:50: [SM] Blaming: admincheats.smx
L 06/02/2020 - 00:25:50: [SM] Call stack trace:
L 06/02/2020 - 00:25:50: [SM]   [0] PrintToConsole
L 06/02/2020 - 00:25:50: [SM]   [1] Line 75, /home/forums/content/files/7/2/34150.attach::cheatcommand
L 06/02/2020 - 00:25:50: [SM] Exception reported: String formatted incorrectly - parameter 4 (total 3)
L 06/02/2020 - 00:25:50: [SM] Blaming: admincheats.smx
L 06/02/2020 - 00:25:50: [SM] Call stack trace:
L 06/02/2020 - 00:25:50: [SM]   [0] PrintToConsole
L 06/02/2020 - 00:25:50: [SM]   [1] Line 75, /home/forums/content/files/7/2/34150.attach::cheatcommand
L 06/02/2020 - 00:25:51: [SM] Exception reported: String formatted incorrectly - parameter 4 (total 3)
L 06/02/2020 - 00:25:51: [SM] Blaming: admincheats.smx
L 06/02/2020 - 00:25:51: [SM] Call stack trace:
L 06/02/2020 - 00:25:51: [SM]   [0] PrintToConsole
L 06/02/2020 - 00:25:51: [SM]   [1] Line 75, /home/forums/content/files/7/2/34150.attach::cheatcommand
L 06/02/2020 - 00:25:51: [SM] Exception reported: String formatted incorrectly - parameter 4 (total 3)
L 06/02/2020 - 00:25:51: [SM] Blaming: admincheats.smx
L 06/02/2020 - 00:25:51: [SM] Call stack trace:
L 06/02/2020 - 00:25:51: [SM]   [0] PrintToConsole
L 06/02/2020 - 00:25:51: [SM]   [1] Line 75, /home/forums/content/files/7/2/34150.attach::cheatcommand
L 06/02/2020 - 00:25:51: [SM] Exception reported: String formatted incorrectly - parameter 4 (total 3)
L 06/02/2020 - 00:25:51: [SM] Blaming: admincheats.smx
L 06/02/2020 - 00:25:51: [SM] Call stack trace:
L 06/02/2020 - 00:25:51: [SM]   [0] PrintToConsole
L 06/02/2020 - 00:25:51: [SM]   [1] Line 75, /home/forums/content/files/7/2/34150.attach::cheatcommand
L 06/02/2020 - 00:25:51: [SM] Exception reported: String formatted incorrectly - parameter 4 (total 3)
L 06/02/2020 - 00:25:51: [SM] Blaming: admincheats.smx
L 06/02/2020 - 00:25:51: [SM] Call stack trace:
L 06/02/2020 - 00:25:51: [SM]   [0] PrintToConsole
L 06/02/2020 - 00:25:51: [SM]   [1] Line 75, /home/forums/content/files/7/2/34150.attach::cheatcommand
L 06/02/2020 - 00:25:51: [SM] Exception reported: String formatted incorrectly - parameter 4 (total 3)
L 06/02/2020 - 00:25:51: [SM] Blaming: admincheats.smx
L 06/02/2020 - 00:25:51: [SM] Call stack trace:
L 06/02/2020 - 00:25:51: [SM]   [0] PrintToConsole
L 06/02/2020 - 00:25:51: [SM]   [1] Line 75, /home/forums/content/files/7/2/34150.attach::cheatcommand
L 06/02/2020 - 00:25:51: [SM] Exception reported: String formatted incorrectly - parameter 4 (total 3)
L 06/02/2020 - 00:25:51: [SM] Blaming: admincheats.smx
L 06/02/2020 - 00:25:51: [SM] Call stack trace:
L 06/02/2020 - 00:25:51: [SM]   [0] PrintToConsole
L 06/02/2020 - 00:25:51: [SM]   [1] Line 75, /home/forums/content/files/7/2/34150.attach::cheatcommand
L 06/02/2020 - 00:25:52: [SM] Exception reported: String formatted incorrectly - parameter 4 (total 3)
L 06/02/2020 - 00:25:52: [SM] Blaming: admincheats.smx
L 06/02/2020 - 00:25:52: [SM] Call stack trace:
L 06/02/2020 - 00:25:52: [SM]   [0] PrintToConsole
L 06/02/2020 - 00:25:52: [SM]   [1] Line 75, /home/forums/content/files/7/2/34150.attach::cheatcommand
L 06/02/2020 - 00:25:52: [SM] Exception reported: String formatted incorrectly - parameter 4 (total 3)
L 06/02/2020 - 00:25:52: [SM] Blaming: admincheats.smx
L 06/02/2020 - 00:25:52: [SM] Call stack trace:
L 06/02/2020 - 00:25:52: [SM]   [0] PrintToConsole
L 06/02/2020 - 00:25:52: [SM]   [1] Line 75, /home/forums/content/files/7/2/34150.attach::cheatcommand
L 06/02/2020 - 00:25:52: [SM] Exception reported: String formatted incorrectly - parameter 4 (total 3)
L 06/02/2020 - 00:25:52: [SM] Blaming: admincheats.smx
L 06/02/2020 - 00:25:52: [SM] Call stack trace:
L 06/02/2020 - 00:25:52: [SM]   [0] PrintToConsole
L 06/02/2020 - 00:25:52: [SM]   [1] Line 75, /home/forums/content/files/7/2/34150.attach::cheatcommand
L 06/02/2020 - 00:25:52: [SM] Exception reported: String formatted incorrectly - parameter 4 (total 3)
L 06/02/2020 - 00:25:52: [SM] Blaming: admincheats.smx
L 06/02/2020 - 00:25:52: [SM] Call stack trace:
L 06/02/2020 - 00:25:52: [SM]   [0] PrintToConsole
L 06/02/2020 - 00:25:52: [SM]   [1] Line 75, /home/forums/content/files/7/2/34150.attach::cheatcommand
L 06/02/2020 - 00:25:52: [SM] Exception reported: String formatted incorrectly - parameter 4 (total 3)
L 06/02/2020 - 00:25:52: [SM] Blaming: admincheats.smx
L 06/02/2020 - 00:25:52: [SM] Call stack trace:
L 06/02/2020 - 00:25:52: [SM]   [0] PrintToConsole
L 06/02/2020 - 00:25:52: [SM]   [1] Line 75, /home/forums/content/files/7/2/34150.attach::cheatcommand
L 06/02/2020 - 00:36:02: [SM] Exception reported: String formatted incorrectly - parameter 4 (total 3)
L 06/02/2020 - 00:36:02: [SM] Blaming: admincheats.smx
L 06/02/2020 - 00:36:02: [SM] Call stack trace:
L 06/02/2020 - 00:36:02: [SM]   [0] PrintToConsole
L 06/02/2020 - 00:36:02: [SM]   [1] Line 75, /home/forums/content/files/7/2/34150.attach::cheatcommand
L 06/02/2020 - 00:36:02: [SM] Exception reported: String formatted incorrectly - parameter 4 (total 3)
L 06/02/2020 - 00:36:02: [SM] Blaming: admincheats.smx
L 06/02/2020 - 00:36:02: [SM] Call stack trace:
L 06/02/2020 - 00:36:02: [SM]   [0] PrintToConsole
L 06/02/2020 - 00:36:02: [SM]   [1] Line 75, /home/forums/content/files/7/2/34150.attach::cheatcommand
L 06/02/2020 - 00:36:02: [SM] Exception reported: String formatted incorrectly - parameter 4 (total 3)
L 06/02/2020 - 00:36:02: [SM] Blaming: admincheats.smx
L 06/02/2020 - 00:36:02: [SM] Call stack trace:
L 06/02/2020 - 00:36:02: [SM]   [0] PrintToConsole
L 06/02/2020 - 00:36:02: [SM]   [1] Line 75, /home/forums/content/files/7/2/34150.attach::cheatcommand
L 06/02/2020 - 00:36:02: [SM] Exception reported: String formatted incorrectly - parameter 4 (total 3)
L 06/02/2020 - 00:36:02: [SM] Blaming: admincheats.smx
L 06/02/2020 - 00:36:02: [SM] Call stack trace:
L 06/02/2020 - 00:36:02: [SM]   [0] PrintToConsole
L 06/02/2020 - 00:36:02: [SM]   [1] Line 75, /home/forums/content/files/7/2/34150.attach::cheatcommand
L 06/02/2020 - 00:36:03: [SM] Exception reported: String formatted incorrectly - parameter 4 (total 3)
L 06/02/2020 - 00:36:03: [SM] Blaming: admincheats.smx
L 06/02/2020 - 00:36:03: [SM] Call stack trace:
L 06/02/2020 - 00:36:03: [SM]   [0] PrintToConsole
L 06/02/2020 - 00:36:03: [SM]   [1] Line 75, /home/forums/content/files/7/2/34150.attach::cheatcommand
L 06/02/2020 - 00:36:03: [SM] Exception reported: String formatted incorrectly - parameter 4 (total 3)
L 06/02/2020 - 00:36:03: [SM] Blaming: admincheats.smx
L 06/02/2020 - 00:36:03: [SM] Call stack trace:
L 06/02/2020 - 00:36:03: [SM]   [0] PrintToConsole
L 06/02/2020 - 00:36:03: [SM]   [1] Line 75, /home/forums/content/files/7/2/34150.attach::cheatcommand
L 06/02/2020 - 00:36:03: [SM] Exception reported: String formatted incorrectly - parameter 4 (total 3)
L 06/02/2020 - 00:36:03: [SM] Blaming: admincheats.smx
L 06/02/2020 - 00:36:03: [SM] Call stack trace:
L 06/02/2020 - 00:36:03: [SM]   [0] PrintToConsole
L 06/02/2020 - 00:36:03: [SM]   [1] Line 75, /home/forums/content/files/7/2/34150.attach::cheatcommand
L 06/02/2020 - 00:36:03: [SM] Exception reported: String formatted incorrectly - parameter 4 (total 3)
L 06/02/2020 - 00:36:03: [SM] Blaming: admincheats.smx
L 06/02/2020 - 00:36:03: [SM] Call stack trace:
L 06/02/2020 - 00:36:03: [SM]   [0] PrintToConsole
L 06/02/2020 - 00:36:03: [SM]   [1] Line 75, /home/forums/content/files/7/2/34150.attach::cheatcommand
L 06/02/2020 - 00:36:03: [SM] Exception reported: String formatted incorrectly - parameter 4 (total 3)
L 06/02/2020 - 00:36:03: [SM] Blaming: admincheats.smx
L 06/02/2020 - 00:36:03: [SM] Call stack trace:
L 06/02/2020 - 00:36:03: [SM]   [0] PrintToConsole
L 06/02/2020 - 00:36:03: [SM]   [1] Line 75, /home/forums/content/files/7/2/34150.attach::cheatcommand
L 06/02/2020 - 00:36:03: [SM] Exception reported: String formatted incorrectly - parameter 4 (total 3)
L 06/02/2020 - 00:36:03: [SM] Blaming: admincheats.smx
L 06/02/2020 - 00:36:03: [SM] Call stack trace:
L 06/02/2020 - 00:36:03: [SM]   [0] PrintToConsole
L 06/02/2020 - 00:36:03: [SM]   [1] Line 75, /home/forums/content/files/7/2/34150.attach::cheatcommand
L 06/02/2020 - 00:36:04: [SM] Exception reported: String formatted incorrectly - parameter 4 (total 3)
L 06/02/2020 - 00:36:04: [SM] Blaming: admincheats.smx
L 06/02/2020 - 00:36:04: [SM] Call stack trace:
L 06/02/2020 - 00:36:04: [SM]   [0] PrintToConsole
L 06/02/2020 - 00:36:04: [SM]   [1] Line 75, /home/forums/content/files/7/2/34150.attach::cheatcommand
L 06/02/2020 - 00:37:06: [SM] Exception reported: String formatted incorrectly - parameter 4 (total 3)
L 06/02/2020 - 00:37:06: [SM] Blaming: admincheats.smx
L 06/02/2020 - 00:37:06: [SM] Call stack trace:
L 06/02/2020 - 00:37:06: [SM]   [0] PrintToConsole
L 06/02/2020 - 00:37:06: [SM]   [1] Line 75, /home/forums/content/files/7/2/34150.attach::cheatcommand
L 06/02/2020 - 00:37:06: [SM] Exception reported: String formatted incorrectly - parameter 4 (total 3)
L 06/02/2020 - 00:37:06: [SM] Blaming: admincheats.smx
L 06/02/2020 - 00:37:06: [SM] Call stack trace:
L 06/02/2020 - 00:37:06: [SM]   [0] PrintToConsole
L 06/02/2020 - 00:37:06: [SM]   [1] Line 75, /home/forums/content/files/7/2/34150.attach::cheatcommand
L 06/02/2020 - 00:37:06: [SM] Exception reported: String formatted incorrectly - parameter 4 (total 3)
L 06/02/2020 - 00:37:06: [SM] Blaming: admincheats.smx
L 06/02/2020 - 00:37:06: [SM] Call stack trace:
L 06/02/2020 - 00:37:06: [SM]   [0] PrintToConsole
L 06/02/2020 - 00:37:06: [SM]   [1] Line 75, /home/forums/content/files/7/2/34150.attach::cheatcommand
L 06/02/2020 - 00:37:06: [SM] Exception reported: String formatted incorrectly - parameter 4 (total 3)
L 06/02/2020 - 00:37:06: [SM] Blaming: admincheats.smx
L 06/02/2020 - 00:37:06: [SM] Call stack trace:
L 06/02/2020 - 00:37:06: [SM]   [0] PrintToConsole
L 06/02/2020 - 00:37:06: [SM]   [1] Line 75, /home/forums/content/files/7/2/34150.attach::cheatcommand
L 06/02/2020 - 00:37:06: [SM] Exception reported: String formatted incorrectly - parameter 4 (total 3)
L 06/02/2020 - 00:37:06: [SM] Blaming: admincheats.smx
L 06/02/2020 - 00:37:06: [SM] Call stack trace:
L 06/02/2020 - 00:37:06: [SM]   [0] PrintToConsole
L 06/02/2020 - 00:37:06: [SM]   [1] Line 75, /home/forums/content/files/7/2/34150.attach::cheatcommand
L 06/02/2020 - 00:37:07: [SM] Exception reported: String formatted incorrectly - parameter 4 (total 3)
L 06/02/2020 - 00:37:07: [SM] Blaming: admincheats.smx
L 06/02/2020 - 00:37:07: [SM] Call stack trace:
L 06/02/2020 - 00:37:07: [SM]   [0] PrintToConsole
L 06/02/2020 - 00:37:07: [SM]   [1] Line 75, /home/forums/content/files/7/2/34150.attach::cheatcommand
L 06/02/2020 - 00:37:07: [SM] Exception reported: String formatted incorrectly - parameter 4 (total 3)
L 06/02/2020 - 00:37:07: [SM] Blaming: admincheats.smx
L 06/02/2020 - 00:37:07: [SM] Call stack trace:
L 06/02/2020 - 00:37:07: [SM]   [0] PrintToConsole
L 06/02/2020 - 00:37:07: [SM]   [1] Line 75, /home/forums/content/files/7/2/34150.attach::cheatcommand
L 06/02/2020 - 00:37:07: [SM] Exception reported: String formatted incorrectly - parameter 4 (total 3)
L 06/02/2020 - 00:37:07: [SM] Blaming: admincheats.smx
L 06/02/2020 - 00:37:07: [SM] Call stack trace:
L 06/02/2020 - 00:37:07: [SM]   [0] PrintToConsole
L 06/02/2020 - 00:37:07: [SM]   [1] Line 75, /home/forums/content/files/7/2/34150.attach::cheatcommand
L 06/02/2020 - 00:37:07: [SM] Exception reported: String formatted incorrectly - parameter 4 (total 3)
L 06/02/2020 - 00:37:07: [SM] Blaming: admincheats.smx
L 06/02/2020 - 00:37:07: [SM] Call stack trace:
L 06/02/2020 - 00:37:07: [SM]   [0] PrintToConsole
L 06/02/2020 - 00:37:07: [SM]   [1] Line 75, /home/forums/content/files/7/2/34150.attach::cheatcommand
L 06/02/2020 - 00:37:08: [SM] Exception reported: String formatted incorrectly - parameter 4 (total 3)
L 06/02/2020 - 00:37:08: [SM] Blaming: admincheats.smx
L 06/02/2020 - 00:37:08: [SM] Call stack trace:
L 06/02/2020 - 00:37:08: [SM]   [0] PrintToConsole
L 06/02/2020 - 00:37:08: [SM]   [1] Line 75, /home/forums/content/files/7/2/34150.attach::cheatcommand
L 06/02/2020 - 00:37:08: [SM] Exception reported: String formatted incorrectly - parameter 4 (total 3)
L 06/02/2020 - 00:37:08: [SM] Blaming: admincheats.smx
L 06/02/2020 - 00:37:08: [SM] Call stack trace:
L 06/02/2020 - 00:37:08: [SM]   [0] PrintToConsole
L 06/02/2020 - 00:37:08: [SM]   [1] Line 75, /home/forums/content/files/7/2/34150.attach::cheatcommand
L 06/02/2020 - 00:37:08: [SM] Exception reported: String formatted incorrectly - parameter 4 (total 3)
L 06/02/2020 - 00:37:08: [SM] Blaming: admincheats.smx
L 06/02/2020 - 00:37:08: [SM] Call stack trace:
L 06/02/2020 - 00:37:08: [SM]   [0] PrintToConsole
L 06/02/2020 - 00:37:08: [SM]   [1] Line 75, /home/forums/content/files/7/2/34150.attach::cheatcommand
L 06/02/2020 - 00:37:09: [SM] Exception reported: String formatted incorrectly - parameter 4 (total 3)
L 06/02/2020 - 00:37:09: [SM] Blaming: admincheats.smx
L 06/02/2020 - 00:37:09: [SM] Call stack trace:
L 06/02/2020 - 00:37:09: [SM]   [0] PrintToConsole
L 06/02/2020 - 00:37:09: [SM]   [1] Line 75, /home/forums/content/files/7/2/34150.attach::cheatcommand
L 06/02/2020 - 00:37:09: [SM] Exception reported: String formatted incorrectly - parameter 4 (total 3)
L 06/02/2020 - 00:37:09: [SM] Blaming: admincheats.smx
L 06/02/2020 - 00:37:09: [SM] Call stack trace:
L 06/02/2020 - 00:37:09: [SM]   [0] PrintToConsole
L 06/02/2020 - 00:37:09: [SM]   [1] Line 75, /home/forums/content/files/7/2/34150.attach::cheatcommand
L 06/02/2020 - 00:37:09: [SM] Exception reported: String formatted incorrectly - parameter 4 (total 3)
L 06/02/2020 - 00:37:09: [SM] Blaming: admincheats.smx
L 06/02/2020 - 00:37:09: [SM] Call stack trace:
L 06/02/2020 - 00:37:09: [SM]   [0] PrintToConsole
L 06/02/2020 - 00:37:09: [SM]   [1] Line 75, /home/forums/content/files/7/2/34150.attach::cheatcommand
L 06/02/2020 - 00:37:09: [SM] Exception reported: String formatted incorrectly - parameter 4 (total 3)
L 06/02/2020 - 00:37:09: [SM] Blaming: admincheats.smx
L 06/02/2020 - 00:37:09: [SM] Call stack trace:
L 06/02/2020 - 00:37:09: [SM]   [0] PrintToConsole
L 06/02/2020 - 00:37:09: [SM]   [1] Line 75, /home/forums/content/files/7/2/34150.attach::cheatcommand
L 06/02/2020 - 00:37:10: [SM] Exception reported: String formatted incorrectly - parameter 4 (total 3)
L 06/02/2020 - 00:37:10: [SM] Blaming: admincheats.smx
L 06/02/2020 - 00:37:10: [SM] Call stack trace:
L 06/02/2020 - 00:37:10: [SM]   [0] PrintToConsole
L 06/02/2020 - 00:37:10: [SM]   [1] Line 75, /home/forums/content/files/7/2/34150.attach::cheatcommand
L 06/02/2020 - 00:44:11: [SM] Exception reported: String formatted incorrectly - parameter 4 (total 3)
L 06/02/2020 - 00:44:11: [SM] Blaming: admincheats.smx
L 06/02/2020 - 00:44:11: [SM] Call stack trace:
L 06/02/2020 - 00:44:11: [SM]   [0] PrintToConsole
L 06/02/2020 - 00:44:11: [SM]   [1] Line 75, /home/forums/content/files/7/2/34150.attach::cheatcommand
L 06/02/2020 - 00:44:12: [SM] Exception reported: String formatted incorrectly - parameter 4 (total 3)
L 06/02/2020 - 00:44:12: [SM] Blaming: admincheats.smx
L 06/02/2020 - 00:44:12: [SM] Call stack trace:
L 06/02/2020 - 00:44:12: [SM]   [0] PrintToConsole
L 06/02/2020 - 00:44:12: [SM]   [1] Line 75, /home/forums/content/files/7/2/34150.attach::cheatcommand
L 06/02/2020 - 00:45:21: [SM] Exception reported: String formatted incorrectly - parameter 4 (total 3)
L 06/02/2020 - 00:45:21: [SM] Blaming: admincheats.smx
L 06/02/2020 - 00:45:21: [SM] Call stack trace:
L 06/02/2020 - 00:45:21: [SM]   [0] PrintToConsole
L 06/02/2020 - 00:45:21: [SM]   [1] Line 75, /home/forums/content/files/7/2/34150.attach::cheatcommand
L 06/02/2020 - 00:45:22: [SM] Exception reported: String formatted incorrectly - parameter 4 (total 3)
L 06/02/2020 - 00:45:22: [SM] Blaming: admincheats.smx
L 06/02/2020 - 00:45:22: [SM] Call stack trace:
L 06/02/2020 - 00:45:22: [SM]   [0] PrintToConsole
L 06/02/2020 - 00:45:22: [SM]   [1] Line 75, /home/forums/content/files/7/2/34150.attach::cheatcommand
L 06/02/2020 - 00:45:22: [SM] Exception reported: String formatted incorrectly - parameter 4 (total 3)
L 06/02/2020 - 00:45:22: [SM] Blaming: admincheats.smx
L 06/02/2020 - 00:45:22: [SM] Call stack trace:
L 06/02/2020 - 00:45:22: [SM]   [0] PrintToConsole
L 06/02/2020 - 00:45:22: [SM]   [1] Line 75, /home/forums/content/files/7/2/34150.attach::cheatcommand
L 06/02/2020 - 00:45:22: [SM] Exception reported: String formatted incorrectly - parameter 4 (total 3)
L 06/02/2020 - 00:45:22: [SM] Blaming: admincheats.smx
L 06/02/2020 - 00:45:22: [SM] Call stack trace:
L 06/02/2020 - 00:45:22: [SM]   [0] PrintToConsole
L 06/02/2020 - 00:45:22: [SM]   [1] Line 75, /home/forums/content/files/7/2/34150.attach::cheatcommand
L 06/02/2020 - 00:45:22: [SM] Exception reported: String formatted incorrectly - parameter 4 (total 3)
L 06/02/2020 - 00:45:22: [SM] Blaming: admincheats.smx
L 06/02/2020 - 00:45:22: [SM] Call stack trace:
L 06/02/2020 - 00:45:22: [SM]   [0] PrintToConsole
L 06/02/2020 - 00:45:22: [SM]   [1] Line 75, /home/forums/content/files/7/2/34150.attach::cheatcommand
L 06/02/2020 - 00:45:24: [SM] Exception reported: String formatted incorrectly - parameter 4 (total 3)
L 06/02/2020 - 00:45:24: [SM] Blaming: admincheats.smx
L 06/02/2020 - 00:45:24: [SM] Call stack trace:
L 06/02/2020 - 00:45:24: [SM]   [0] PrintToConsole
L 06/02/2020 - 00:45:24: [SM]   [1] Line 75, /home/forums/content/files/7/2/34150.attach::cheatcommand
L 06/02/2020 - 00:45:24: [SM] Exception reported: String formatted incorrectly - parameter 4 (total 3)
L 06/02/2020 - 00:45:24: [SM] Blaming: admincheats.smx
L 06/02/2020 - 00:45:24: [SM] Call stack trace:
L 06/02/2020 - 00:45:24: [SM]   [0] PrintToConsole
L 06/02/2020 - 00:45:24: [SM]   [1] Line 75, /home/forums/content/files/7/2/34150.attach::cheatcommand
L 06/02/2020 - 00:45:24: [SM] Exception reported: String formatted incorrectly - parameter 4 (total 3)
L 06/02/2020 - 00:45:24: [SM] Blaming: admincheats.smx
L 06/02/2020 - 00:45:24: [SM] Call stack trace:
L 06/02/2020 - 00:45:24: [SM]   [0] PrintToConsole
L 06/02/2020 - 00:45:24: [SM]   [1] Line 75, /home/forums/content/files/7/2/34150.attach::cheatcommand
L 06/02/2020 - 00:45:24: [SM] Exception reported: String formatted incorrectly - parameter 4 (total 3)
L 06/02/2020 - 00:45:24: [SM] Blaming: admincheats.smx
L 06/02/2020 - 00:45:24: [SM] Call stack trace:
L 06/02/2020 - 00:45:24: [SM]   [0] PrintToConsole
L 06/02/2020 - 00:45:24: [SM]   [1] Line 75, /home/forums/content/files/7/2/34150.attach::cheatcommand
L 06/02/2020 - 00:45:24: [SM] Exception reported: String formatted incorrectly - parameter 4 (total 3)
L 06/02/2020 - 00:45:24: [SM] Blaming: admincheats.smx
L 06/02/2020 - 00:45:24: [SM] Call stack trace:
L 06/02/2020 - 00:45:24: [SM]   [0] PrintToConsole
L 06/02/2020 - 00:45:24: [SM]   [1] Line 75, /home/forums/content/files/7/2/34150.attach::cheatcommand
L 06/02/2020 - 00:45:24: [SM] Exception reported: String formatted incorrectly - parameter 4 (total 3)
L 06/02/2020 - 00:45:24: [SM] Blaming: admincheats.smx
L 06/02/2020 - 00:45:24: [SM] Call stack trace:
L 06/02/2020 - 00:45:24: [SM]   [0] PrintToConsole
L 06/02/2020 - 00:45:24: [SM]   [1] Line 75, /home/forums/content/files/7/2/34150.attach::cheatcommand
L 06/02/2020 - 00:46:13: [SM] Exception reported: String formatted incorrectly - parameter 4 (total 3)
L 06/02/2020 - 00:46:13: [SM] Blaming: admincheats.smx
L 06/02/2020 - 00:46:13: [SM] Call stack trace:
L 06/02/2020 - 00:46:13: [SM]   [0] PrintToConsole
L 06/02/2020 - 00:46:13: [SM]   [1] Line 75, /home/forums/content/files/7/2/34150.attach::cheatcommand
L 06/02/2020 - 00:46:13: [SM] Exception reported: String formatted incorrectly - parameter 4 (total 3)
L 06/02/2020 - 00:46:13: [SM] Blaming: admincheats.smx
L 06/02/2020 - 00:46:13: [SM] Call stack trace:
L 06/02/2020 - 00:46:13: [SM]   [0] PrintToConsole
L 06/02/2020 - 00:46:13: [SM]   [1] Line 75, /home/forums/content/files/7/2/34150.attach::cheatcommand
L 06/02/2020 - 00:46:15: [SM] Exception reported: String formatted incorrectly - parameter 4 (total 3)
L 06/02/2020 - 00:46:15: [SM] Blaming: admincheats.smx
L 06/02/2020 - 00:46:15: [SM] Call stack trace:
L 06/02/2020 - 00:46:15: [SM]   [0] PrintToConsole
L 06/02/2020 - 00:46:15: [SM]   [1] Line 75, /home/forums/content/files/7/2/34150.attach::cheatcommand
L 06/02/2020 - 00:46:17: [SM] Exception reported: String formatted incorrectly - parameter 4 (total 3)
L 06/02/2020 - 00:46:17: [SM] Blaming: admincheats.smx
L 06/02/2020 - 00:46:17: [SM] Call stack trace:
L 06/02/2020 - 00:46:17: [SM]   [0] PrintToConsole
L 06/02/2020 - 00:46:17: [SM]   [1] Line 75, /home/forums/content/files/7/2/34150.attach::cheatcommand
L 06/02/2020 - 00:46:17: [SM] Exception reported: String formatted incorrectly - parameter 4 (total 3)
L 06/02/2020 - 00:46:17: [SM] Blaming: admincheats.smx
L 06/02/2020 - 00:46:17: [SM] Call stack trace:
L 06/02/2020 - 00:46:17: [SM]   [0] PrintToConsole
L 06/02/2020 - 00:46:17: [SM]   [1] Line 75, /home/forums/content/files/7/2/34150.attach::cheatcommand
L 06/02/2020 - 00:46:17: [SM] Exception reported: String formatted incorrectly - parameter 4 (total 3)
L 06/02/2020 - 00:46:17: [SM] Blaming: admincheats.smx
L 06/02/2020 - 00:46:17: [SM] Call stack trace:
L 06/02/2020 - 00:46:17: [SM]   [0] PrintToConsole
L 06/02/2020 - 00:46:17: [SM]   [1] Line 75, /home/forums/content/files/7/2/34150.attach::cheatcommand
L 06/02/2020 - 00:46:17: [SM] Exception reported: String formatted incorrectly - parameter 4 (total 3)
L 06/02/2020 - 00:46:17: [SM] Blaming: admincheats.smx
L 06/02/2020 - 00:46:17: [SM] Call stack trace:
L 06/02/2020 - 00:46:17: [SM]   [0] PrintToConsole
L 06/02/2020 - 00:46:17: [SM]   [1] Line 75, /home/forums/content/files/7/2/34150.attach::cheatcommand
L 06/02/2020 - 00:46:17: [SM] Exception reported: String formatted incorrectly - parameter 4 (total 3)
L 06/02/2020 - 00:46:17: [SM] Blaming: admincheats.smx
L 06/02/2020 - 00:46:17: [SM] Call stack trace:
L 06/02/2020 - 00:46:17: [SM]   [0] PrintToConsole
L 06/02/2020 - 00:46:17: [SM]   [1] Line 75, /home/forums/content/files/7/2/34150.attach::cheatcommand
L 06/02/2020 - 00:46:17: [SM] Exception reported: String formatted incorrectly - parameter 4 (total 3)
L 06/02/2020 - 00:46:17: [SM] Blaming: admincheats.smx
L 06/02/2020 - 00:46:17: [SM] Call stack trace:
L 06/02/2020 - 00:46:17: [SM]   [0] PrintToConsole
L 06/02/2020 - 00:46:17: [SM]   [1] Line 75, /home/forums/content/files/7/2/34150.attach::cheatcommand
L 06/02/2020 - 00:46:18: [SM] Exception reported: String formatted incorrectly - parameter 4 (total 3)
L 06/02/2020 - 00:46:18: [SM] Blaming: admincheats.smx
L 06/02/2020 - 00:46:18: [SM] Call stack trace:
L 06/02/2020 - 00:46:18: [SM]   [0] PrintToConsole
L 06/02/2020 - 00:46:18: [SM]   [1] Line 75, /home/forums/content/files/7/2/34150.attach::cheatcommand
L 06/02/2020 - 00:46:18: [SM] Exception reported: String formatted incorrectly - parameter 4 (total 3)
L 06/02/2020 - 00:46:18: [SM] Blaming: admincheats.smx
L 06/02/2020 - 00:46:18: [SM] Call stack trace:
L 06/02/2020 - 00:46:18: [SM]   [0] PrintToConsole
L 06/02/2020 - 00:46:18: [SM]   [1] Line 75, /home/forums/content/files/7/2/34150.attach::cheatcommand
L 06/02/2020 - 00:46:18: [SM] Exception reported: String formatted incorrectly - parameter 4 (total 3)
L 06/02/2020 - 00:46:18: [SM] Blaming: admincheats.smx
L 06/02/2020 - 00:46:18: [SM] Call stack trace:
L 06/02/2020 - 00:46:18: [SM]   [0] PrintToConsole
L 06/02/2020 - 00:46:18: [SM]   [1] Line 75, /home/forums/content/files/7/2/34150.attach::cheatcommand
L 06/02/2020 - 00:46:18: [SM] Exception reported: String formatted incorrectly - parameter 4 (total 3)
L 06/02/2020 - 00:46:18: [SM] Blaming: admincheats.smx
L 06/02/2020 - 00:46:18: [SM] Call stack trace:
L 06/02/2020 - 00:46:18: [SM]   [0] PrintToConsole
L 06/02/2020 - 00:46:18: [SM]   [1] Line 75, /home/forums/content/files/7/2/34150.attach::cheatcommand
L 06/02/2020 - 00:46:18: [SM] Exception reported: String formatted incorrectly - parameter 4 (total 3)
L 06/02/2020 - 00:46:18: [SM] Blaming: admincheats.smx
L 06/02/2020 - 00:46:18: [SM] Call stack trace:
L 06/02/2020 - 00:46:18: [SM]   [0] PrintToConsole
L 06/02/2020 - 00:46:18: [SM]   [1] Line 75, /home/forums/content/files/7/2/34150.attach::cheatcommand
L 06/02/2020 - 00:46:18: [SM] Exception reported: String formatted incorrectly - parameter 4 (total 3)
L 06/02/2020 - 00:46:18: [SM] Blaming: admincheats.smx
L 06/02/2020 - 00:46:18: [SM] Call stack trace:
L 06/02/2020 - 00:46:18: [SM]   [0] PrintToConsole
L 06/02/2020 - 00:46:18: [SM]   [1] Line 75, /home/forums/content/files/7/2/34150.attach::cheatcommand
L 06/02/2020 - 00:46:19: [SM] Exception reported: String formatted incorrectly - parameter 4 (total 3)
L 06/02/2020 - 00:46:19: [SM] Blaming: admincheats.smx
L 06/02/2020 - 00:46:19: [SM] Call stack trace:
L 06/02/2020 - 00:46:19: [SM]   [0] PrintToConsole
L 06/02/2020 - 00:46:19: [SM]   [1] Line 75, /home/forums/content/files/7/2/34150.attach::cheatcommand
L 06/02/2020 - 00:46:19: [SM] Exception reported: String formatted incorrectly - parameter 4 (total 3)
L 06/02/2020 - 00:46:19: [SM] Blaming: admincheats.smx
L 06/02/2020 - 00:46:19: [SM] Call stack trace:
L 06/02/2020 - 00:46:19: [SM]   [0] PrintToConsole
L 06/02/2020 - 00:46:19: [SM]   [1] Line 75, /home/forums/content/files/7/2/34150.attach::cheatcommand
L 06/02/2020 - 00:46:19: [SM] Exception reported: String formatted incorrectly - parameter 4 (total 3)
L 06/02/2020 - 00:46:19: [SM] Blaming: admincheats.smx
L 06/02/2020 - 00:46:19: [SM] Call stack trace:
L 06/02/2020 - 00:46:19: [SM]   [0] PrintToConsole
L 06/02/2020 - 00:46:19: [SM]   [1] Line 75, /home/forums/content/files/7/2/34150.attach::cheatcommand
L 06/02/2020 - 00:46:19: [SM] Exception reported: String formatted incorrectly - parameter 4 (total 3)
L 06/02/2020 - 00:46:19: [SM] Blaming: admincheats.smx
L 06/02/2020 - 00:46:19: [SM] Call stack trace:
L 06/02/2020 - 00:46:19: [SM]   [0] PrintToConsole
L 06/02/2020 - 00:46:19: [SM]   [1] Line 75, /home/forums/content/files/7/2/34150.attach::cheatcommand
L 06/02/2020 - 00:47:48: [SM] Exception reported: String formatted incorrectly - parameter 4 (total 3)
L 06/02/2020 - 00:47:48: [SM] Blaming: admincheats.smx
L 06/02/2020 - 00:47:48: [SM] Call stack trace:
L 06/02/2020 - 00:47:48: [SM]   [0] PrintToConsole
L 06/02/2020 - 00:47:48: [SM]   [1] Line 75, /home/forums/content/files/7/2/34150.attach::cheatcommand
L 06/02/2020 - 00:48:05: [SM] Exception reported: String formatted incorrectly - parameter 4 (total 3)
L 06/02/2020 - 00:48:05: [SM] Blaming: admincheats.smx
L 06/02/2020 - 00:48:05: [SM] Call stack trace:
L 06/02/2020 - 00:48:05: [SM]   [0] PrintToConsole
L 06/02/2020 - 00:48:05: [SM]   [1] Line 75, /home/forums/content/files/7/2/34150.attach::cheatcommand
L 06/02/2020 - 00:53:46: [SM] Exception reported: String formatted incorrectly - parameter 4 (total 3)
L 06/02/2020 - 00:53:46: [SM] Blaming: admincheats.smx
L 06/02/2020 - 00:53:46: [SM] Call stack trace:
L 06/02/2020 - 00:53:46: [SM]   [0] PrintToConsole
L 06/02/2020 - 00:53:46: [SM]   [1] Line 75, /home/forums/content/files/7/2/34150.attach::cheatcommand
L 06/02/2020 - 00:56:25: [SM] Exception reported: String formatted incorrectly - parameter 4 (total 3)
L 06/02/2020 - 00:56:25: [SM] Blaming: admincheats.smx
L 06/02/2020 - 00:56:25: [SM] Call stack trace:
L 06/02/2020 - 00:56:25: [SM]   [0] PrintToConsole
L 06/02/2020 - 00:56:25: [SM]   [1] Line 75, /home/forums/content/files/7/2/34150.attach::cheatcommand
L 06/02/2020 - 00:56:26: [SM] Exception reported: String formatted incorrectly - parameter 4 (total 3)
L 06/02/2020 - 00:56:26: [SM] Blaming: admincheats.smx
L 06/02/2020 - 00:56:26: [SM] Call stack trace:
L 06/02/2020 - 00:56:26: [SM]   [0] PrintToConsole
L 06/02/2020 - 00:56:26: [SM]   [1] Line 75, /home/forums/content/files/7/2/34150.attach::cheatcommand
L 06/02/2020 - 00:56:26: [SM] Exception reported: String formatted incorrectly - parameter 4 (total 3)
L 06/02/2020 - 00:56:26: [SM] Blaming: admincheats.smx
L 06/02/2020 - 00:56:26: [SM] Call stack trace:
L 06/02/2020 - 00:56:26: [SM]   [0] PrintToConsole
L 06/02/2020 - 00:56:26: [SM]   [1] Line 75, /home/forums/content/files/7/2/34150.attach::cheatcommand
L 06/02/2020 - 00:56:26: [SM] Exception reported: String formatted incorrectly - parameter 4 (total 3)
L 06/02/2020 - 00:56:26: [SM] Blaming: admincheats.smx
L 06/02/2020 - 00:56:26: [SM] Call stack trace:
L 06/02/2020 - 00:56:26: [SM]   [0] PrintToConsole
L 06/02/2020 - 00:56:26: [SM]   [1] Line 75, /home/forums/content/files/7/2/34150.attach::cheatcommand
L 06/02/2020 - 00:56:26: [SM] Exception reported: String formatted incorrectly - parameter 4 (total 3)
L 06/02/2020 - 00:56:26: [SM] Blaming: admincheats.smx
L 06/02/2020 - 00:56:26: [SM] Call stack trace:
L 06/02/2020 - 00:56:26: [SM]   [0] PrintToConsole
L 06/02/2020 - 00:56:26: [SM]   [1] Line 75, /home/forums/content/files/7/2/34150.attach::cheatcommand
L 06/02/2020 - 00:56:27: [SM] Exception reported: String formatted incorrectly - parameter 4 (total 3)
L 06/02/2020 - 00:56:27: [SM] Blaming: admincheats.smx
L 06/02/2020 - 00:56:27: [SM] Call stack trace:
L 06/02/2020 - 00:56:27: [SM]   [0] PrintToConsole
L 06/02/2020 - 00:56:27: [SM]   [1] Line 75, /home/forums/content/files/7/2/34150.attach::cheatcommand
L 06/02/2020 - 00:56:27: [SM] Exception reported: String formatted incorrectly - parameter 4 (total 3)
L 06/02/2020 - 00:56:27: [SM] Blaming: admincheats.smx
L 06/02/2020 - 00:56:27: [SM] Call stack trace:
L 06/02/2020 - 00:56:27: [SM]   [0] PrintToConsole
L 06/02/2020 - 00:56:27: [SM]   [1] Line 75, /home/forums/content/files/7/2/34150.attach::cheatcommand
L 06/02/2020 - 00:56:27: [SM] Exception reported: String formatted incorrectly - parameter 4 (total 3)
L 06/02/2020 - 00:56:27: [SM] Blaming: admincheats.smx
L 06/02/2020 - 00:56:27: [SM] Call stack trace:
L 06/02/2020 - 00:56:27: [SM]   [0] PrintToConsole
L 06/02/2020 - 00:56:27: [SM]   [1] Line 75, /home/forums/content/files/7/2/34150.attach::cheatcommand
L 06/02/2020 - 00:56:27: [SM] Exception reported: String formatted incorrectly - parameter 4 (total 3)
L 06/02/2020 - 00:56:27: [SM] Blaming: admincheats.smx
L 06/02/2020 - 00:56:27: [SM] Call stack trace:
L 06/02/2020 - 00:56:27: [SM]   [0] PrintToConsole
L 06/02/2020 - 00:56:27: [SM]   [1] Line 75, /home/forums/content/files/7/2/34150.attach::cheatcommand
L 06/02/2020 - 00:56:27: [SM] Exception reported: String formatted incorrectly - parameter 4 (total 3)
L 06/02/2020 - 00:56:27: [SM] Blaming: admincheats.smx
L 06/02/2020 - 00:56:27: [SM] Call stack trace:
L 06/02/2020 - 00:56:27: [SM]   [0] PrintToConsole
L 06/02/2020 - 00:56:27: [SM]   [1] Line 75, /home/forums/content/files/7/2/34150.attach::cheatcommand
L 06/02/2020 - 00:56:28: [SM] Exception reported: String formatted incorrectly - parameter 4 (total 3)
L 06/02/2020 - 00:56:28: [SM] Blaming: admincheats.smx
L 06/02/2020 - 00:56:28: [SM] Call stack trace:
L 06/02/2020 - 00:56:28: [SM]   [0] PrintToConsole
L 06/02/2020 - 00:56:28: [SM]   [1] Line 75, /home/forums/content/files/7/2/34150.attach::cheatcommand
L 06/02/2020 - 00:56:59: [SM] Exception reported: String formatted incorrectly - parameter 4 (total 3)
L 06/02/2020 - 00:56:59: [SM] Blaming: admincheats.smx
L 06/02/2020 - 00:56:59: [SM] Call stack trace:
L 06/02/2020 - 00:56:59: [SM]   [0] PrintToConsole
L 06/02/2020 - 00:56:59: [SM]   [1] Line 75, /home/forums/content/files/7/2/34150.attach::cheatcommand
L 06/02/2020 - 01:14:22: [SM] Exception reported: String formatted incorrectly - parameter 4 (total 3)
L 06/02/2020 - 01:14:22: [SM] Blaming: admincheats.smx
L 06/02/2020 - 01:14:22: [SM] Call stack trace:
L 06/02/2020 - 01:14:22: [SM]   [0] PrintToConsole
L 06/02/2020 - 01:14:22: [SM]   [1] Line 75, /home/forums/content/files/7/2/34150.attach::cheatcommand
L 06/02/2020 - 01:14:22: [SM] Exception reported: String formatted incorrectly - parameter 4 (total 3)
L 06/02/2020 - 01:14:22: [SM] Blaming: admincheats.smx
L 06/02/2020 - 01:14:22: [SM] Call stack trace:
L 06/02/2020 - 01:14:22: [SM]   [0] PrintToConsole
L 06/02/2020 - 01:14:22: [SM]   [1] Line 75, /home/forums/content/files/7/2/34150.attach::cheatcommand
L 06/02/2020 - 01:14:22: [SM] Exception reported: String formatted incorrectly - parameter 4 (total 3)
L 06/02/2020 - 01:14:22: [SM] Blaming: admincheats.smx
L 06/02/2020 - 01:14:22: [SM] Call stack trace:
L 06/02/2020 - 01:14:22: [SM]   [0] PrintToConsole
L 06/02/2020 - 01:14:22: [SM]   [1] Line 75, /home/forums/content/files/7/2/34150.attach::cheatcommand
L 06/02/2020 - 01:14:22: [SM] Exception reported: String formatted incorrectly - parameter 4 (total 3)
L 06/02/2020 - 01:14:22: [SM] Blaming: admincheats.smx
L 06/02/2020 - 01:14:22: [SM] Call stack trace:
L 06/02/2020 - 01:14:22: [SM]   [0] PrintToConsole
L 06/02/2020 - 01:14:22: [SM]   [1] Line 75, /home/forums/content/files/7/2/34150.attach::cheatcommand
L 06/02/2020 - 01:14:22: [SM] Exception reported: String formatted incorrectly - parameter 4 (total 3)
L 06/02/2020 - 01:14:22: [SM] Blaming: admincheats.smx
L 06/02/2020 - 01:14:22: [SM] Call stack trace:
L 06/02/2020 - 01:14:22: [SM]   [0] PrintToConsole
L 06/02/2020 - 01:14:22: [SM]   [1] Line 75, /home/forums/content/files/7/2/34150.attach::cheatcommand
L 06/02/2020 - 01:14:23: [SM] Exception reported: String formatted incorrectly - parameter 4 (total 3)
L 06/02/2020 - 01:14:23: [SM] Blaming: admincheats.smx
L 06/02/2020 - 01:14:23: [SM] Call stack trace:
L 06/02/2020 - 01:14:23: [SM]   [0] PrintToConsole
L 06/02/2020 - 01:14:23: [SM]   [1] Line 75, /home/forums/content/files/7/2/34150.attach::cheatcommand
L 06/02/2020 - 01:14:23: [SM] Exception reported: String formatted incorrectly - parameter 4 (total 3)
L 06/02/2020 - 01:14:23: [SM] Blaming: admincheats.smx
L 06/02/2020 - 01:14:23: [SM] Call stack trace:
L 06/02/2020 - 01:14:23: [SM]   [0] PrintToConsole
L 06/02/2020 - 01:14:23: [SM]   [1] Line 75, /home/forums/content/files/7/2/34150.attach::cheatcommand
L 06/02/2020 - 01:14:23: [SM] Exception reported: String formatted incorrectly - parameter 4 (total 3)
L 06/02/2020 - 01:14:23: [SM] Blaming: admincheats.smx
L 06/02/2020 - 01:14:23: [SM] Call stack trace:
L 06/02/2020 - 01:14:23: [SM]   [0] PrintToConsole
L 06/02/2020 - 01:14:23: [SM]   [1] Line 75, /home/forums/content/files/7/2/34150.attach::cheatcommand
L 06/02/2020 - 01:14:24: [SM] Exception reported: String formatted incorrectly - parameter 4 (total 3)
L 06/02/2020 - 01:14:24: [SM] Blaming: admincheats.smx
L 06/02/2020 - 01:14:24: [SM] Call stack trace:
L 06/02/2020 - 01:14:24: [SM]   [0] PrintToConsole
L 06/02/2020 - 01:14:24: [SM]   [1] Line 75, /home/forums/content/files/7/2/34150.attach::cheatcommand
L 06/02/2020 - 01:14:24: [SM] Exception reported: String formatted incorrectly - parameter 4 (total 3)
L 06/02/2020 - 01:14:24: [SM] Blaming: admincheats.smx
L 06/02/2020 - 01:14:24: [SM] Call stack trace:
L 06/02/2020 - 01:14:24: [SM]   [0] PrintToConsole
L 06/02/2020 - 01:14:24: [SM]   [1] Line 75, /home/forums/content/files/7/2/34150.attach::cheatcommand
L 06/02/2020 - 01:14:24: [SM] Exception reported: String formatted incorrectly - parameter 4 (total 3)
L 06/02/2020 - 01:14:24: [SM] Blaming: admincheats.smx
L 06/02/2020 - 01:14:24: [SM] Call stack trace:
L 06/02/2020 - 01:14:24: [SM]   [0] PrintToConsole
L 06/02/2020 - 01:14:24: [SM]   [1] Line 75, /home/forums/content/files/7/2/34150.attach::cheatcommand
L 06/02/2020 - 01:14:27: [SM] Exception reported: String formatted incorrectly - parameter 4 (total 3)
L 06/02/2020 - 01:14:27: [SM] Blaming: admincheats.smx
L 06/02/2020 - 01:14:27: [SM] Call stack trace:
L 06/02/2020 - 01:14:27: [SM]   [0] PrintToConsole
L 06/02/2020 - 01:14:27: [SM]   [1] Line 75, /home/forums/content/files/7/2/34150.attach::cheatcommand
L 06/02/2020 - 01:19:27: [SM] Exception reported: String formatted incorrectly - parameter 4 (total 3)
L 06/02/2020 - 01:19:27: [SM] Blaming: admincheats.smx
L 06/02/2020 - 01:19:27: [SM] Call stack trace:
L 06/02/2020 - 01:19:27: [SM]   [0] PrintToConsole
L 06/02/2020 - 01:19:27: [SM]   [1] Line 75, /home/forums/content/files/7/2/34150.attach::cheatcommand
L 06/02/2020 - 01:19:27: [SM] Exception reported: String formatted incorrectly - parameter 4 (total 3)
L 06/02/2020 - 01:19:27: [SM] Blaming: admincheats.smx
L 06/02/2020 - 01:19:27: [SM] Call stack trace:
L 06/02/2020 - 01:19:27: [SM]   [0] PrintToConsole
L 06/02/2020 - 01:19:27: [SM]   [1] Line 75, /home/forums/content/files/7/2/34150.attach::cheatcommand
L 06/02/2020 - 01:19:27: [SM] Exception reported: String formatted incorrectly - parameter 4 (total 3)
L 06/02/2020 - 01:19:27: [SM] Blaming: admincheats.smx
L 06/02/2020 - 01:19:27: [SM] Call stack trace:
L 06/02/2020 - 01:19:27: [SM]   [0] PrintToConsole
L 06/02/2020 - 01:19:27: [SM]   [1] Line 75, /home/forums/content/files/7/2/34150.attach::cheatcommand
L 06/02/2020 - 01:19:28: [SM] Exception reported: String formatted incorrectly - parameter 4 (total 3)
L 06/02/2020 - 01:19:28: [SM] Blaming: admincheats.smx
L 06/02/2020 - 01:19:28: [SM] Call stack trace:
L 06/02/2020 - 01:19:28: [SM]   [0] PrintToConsole
L 06/02/2020 - 01:19:28: [SM]   [1] Line 75, /home/forums/content/files/7/2/34150.attach::cheatcommand
L 06/02/2020 - 01:19:28: [SM] Exception reported: String formatted incorrectly - parameter 4 (total 3)
L 06/02/2020 - 01:19:28: [SM] Blaming: admincheats.smx
L 06/02/2020 - 01:19:28: [SM] Call stack trace:
L 06/02/2020 - 01:19:28: [SM]   [0] PrintToConsole
L 06/02/2020 - 01:19:28: [SM]   [1] Line 75, /home/forums/content/files/7/2/34150.attach::cheatcommand
L 06/02/2020 - 01:19:28: [SM] Exception reported: String formatted incorrectly - parameter 4 (total 3)
L 06/02/2020 - 01:19:28: [SM] Blaming: admincheats.smx
L 06/02/2020 - 01:19:28: [SM] Call stack trace:
L 06/02/2020 - 01:19:28: [SM]   [0] PrintToConsole
L 06/02/2020 - 01:19:28: [SM]   [1] Line 75, /home/forums/content/files/7/2/34150.attach::cheatcommand
L 06/02/2020 - 01:19:28: [SM] Exception reported: String formatted incorrectly - parameter 4 (total 3)
L 06/02/2020 - 01:19:28: [SM] Blaming: admincheats.smx
L 06/02/2020 - 01:19:28: [SM] Call stack trace:
L 06/02/2020 - 01:19:28: [SM]   [0] PrintToConsole
L 06/02/2020 - 01:19:28: [SM]   [1] Line 75, /home/forums/content/files/7/2/34150.attach::cheatcommand
L 06/02/2020 - 01:19:29: [SM] Exception reported: String formatted incorrectly - parameter 4 (total 3)
L 06/02/2020 - 01:19:29: [SM] Blaming: admincheats.smx
L 06/02/2020 - 01:19:29: [SM] Call stack trace:
L 06/02/2020 - 01:19:29: [SM]   [0] PrintToConsole
L 06/02/2020 - 01:19:29: [SM]   [1] Line 75, /home/forums/content/files/7/2/34150.attach::cheatcommand
L 06/02/2020 - 01:19:29: [SM] Exception reported: String formatted incorrectly - parameter 4 (total 3)
L 06/02/2020 - 01:19:29: [SM] Blaming: admincheats.smx
L 06/02/2020 - 01:19:29: [SM] Call stack trace:
L 06/02/2020 - 01:19:29: [SM]   [0] PrintToConsole
L 06/02/2020 - 01:19:29: [SM]   [1] Line 75, /home/forums/content/files/7/2/34150.attach::cheatcommand
L 06/02/2020 - 01:19:29: [SM] Exception reported: String formatted incorrectly - parameter 4 (total 3)
L 06/02/2020 - 01:19:29: [SM] Blaming: admincheats.smx
L 06/02/2020 - 01:19:29: [SM] Call stack trace:
L 06/02/2020 - 01:19:29: [SM]   [0] PrintToConsole
L 06/02/2020 - 01:19:29: [SM]   [1] Line 75, /home/forums/content/files/7/2/34150.attach::cheatcommand
L 06/02/2020 - 01:19:29: [SM] Exception reported: String formatted incorrectly - parameter 4 (total 3)
L 06/02/2020 - 01:19:29: [SM] Blaming: admincheats.smx
L 06/02/2020 - 01:19:29: [SM] Call stack trace:
L 06/02/2020 - 01:19:29: [SM]   [0] PrintToConsole
L 06/02/2020 - 01:19:29: [SM]   [1] Line 75, /home/forums/content/files/7/2/34150.attach::cheatcommand
L 06/02/2020 - 01:19:29: [SM] Exception reported: String formatted incorrectly - parameter 4 (total 3)
L 06/02/2020 - 01:19:29: [SM] Blaming: admincheats.smx
L 06/02/2020 - 01:19:29: [SM] Call stack trace:
L 06/02/2020 - 01:19:29: [SM]   [0] PrintToConsole
L 06/02/2020 - 01:19:29: [SM]   [1] Line 75, /home/forums/content/files/7/2/34150.attach::cheatcommand
L 06/02/2020 - 01:19:30: [SM] Exception reported: String formatted incorrectly - parameter 4 (total 3)
L 06/02/2020 - 01:19:30: [SM] Blaming: admincheats.smx
L 06/02/2020 - 01:19:30: [SM] Call stack trace:
L 06/02/2020 - 01:19:30: [SM]   [0] PrintToConsole
L 06/02/2020 - 01:19:30: [SM]   [1] Line 75, /home/forums/content/files/7/2/34150.attach::cheatcommand
L 06/02/2020 - 01:19:30: [SM] Exception reported: String formatted incorrectly - parameter 4 (total 3)
L 06/02/2020 - 01:19:30: [SM] Blaming: admincheats.smx
L 06/02/2020 - 01:19:30: [SM] Call stack trace:
L 06/02/2020 - 01:19:30: [SM]   [0] PrintToConsole
L 06/02/2020 - 01:19:30: [SM]   [1] Line 75, /home/forums/content/files/7/2/34150.attach::cheatcommand
L 06/02/2020 - 01:19:30: [SM] Exception reported: String formatted incorrectly - parameter 4 (total 3)
L 06/02/2020 - 01:19:30: [SM] Blaming: admincheats.smx
L 06/02/2020 - 01:19:30: [SM] Call stack trace:
L 06/02/2020 - 01:19:30: [SM]   [0] PrintToConsole
L 06/02/2020 - 01:19:30: [SM]   [1] Line 75, /home/forums/content/files/7/2/34150.attach::cheatcommand
L 06/02/2020 - 01:19:30: [SM] Exception reported: String formatted incorrectly - parameter 4 (total 3)
L 06/02/2020 - 01:19:30: [SM] Blaming: admincheats.smx
L 06/02/2020 - 01:19:30: [SM] Call stack trace:
L 06/02/2020 - 01:19:30: [SM]   [0] PrintToConsole
L 06/02/2020 - 01:19:30: [SM]   [1] Line 75, /home/forums/content/files/7/2/34150.attach::cheatcommand
L 06/02/2020 - 01:19:30: [SM] Exception reported: String formatted incorrectly - parameter 4 (total 3)
L 06/02/2020 - 01:19:30: [SM] Blaming: admincheats.smx
L 06/02/2020 - 01:19:30: [SM] Call stack trace:
L 06/02/2020 - 01:19:30: [SM]   [0] PrintToConsole
L 06/02/2020 - 01:19:30: [SM]   [1] Line 75, /home/forums/content/files/7/2/34150.attach::cheatcommand
L 06/02/2020 - 01:19:30: [SM] Exception reported: String formatted incorrectly - parameter 4 (total 3)
L 06/02/2020 - 01:19:30: [SM] Blaming: admincheats.smx
L 06/02/2020 - 01:19:30: [SM] Call stack trace:
L 06/02/2020 - 01:19:30: [SM]   [0] PrintToConsole
L 06/02/2020 - 01:19:30: [SM]   [1] Line 75, /home/forums/content/files/7/2/34150.attach::cheatcommand
L 06/02/2020 - 01:19:31: [SM] Exception reported: String formatted incorrectly - parameter 4 (total 3)
L 06/02/2020 - 01:19:31: [SM] Blaming: admincheats.smx
L 06/02/2020 - 01:19:31: [SM] Call stack trace:
L 06/02/2020 - 01:19:31: [SM]   [0] PrintToConsole
L 06/02/2020 - 01:19:31: [SM]   [1] Line 75, /home/forums/content/files/7/2/34150.attach::cheatcommand
L 06/02/2020 - 01:19:31: [SM] Exception reported: String formatted incorrectly - parameter 4 (total 3)
L 06/02/2020 - 01:19:31: [SM] Blaming: admincheats.smx
L 06/02/2020 - 01:19:31: [SM] Call stack trace:
L 06/02/2020 - 01:19:31: [SM]   [0] PrintToConsole
L 06/02/2020 - 01:19:31: [SM]   [1] Line 75, /home/forums/content/files/7/2/34150.attach::cheatcommand
L 06/02/2020 - 01:19:31: [SM] Exception reported: String formatted incorrectly - parameter 4 (total 3)
L 06/02/2020 - 01:19:31: [SM] Blaming: admincheats.smx
L 06/02/2020 - 01:19:31: [SM] Call stack trace:
L 06/02/2020 - 01:19:31: [SM]   [0] PrintToConsole
L 06/02/2020 - 01:19:31: [SM]   [1] Line 75, /home/forums/content/files/7/2/34150.attach::cheatcommand
L 06/02/2020 - 01:19:31: [SM] Exception reported: String formatted incorrectly - parameter 4 (total 3)
L 06/02/2020 - 01:19:31: [SM] Blaming: admincheats.smx
L 06/02/2020 - 01:19:31: [SM] Call stack trace:
L 06/02/2020 - 01:19:31: [SM]   [0] PrintToConsole
L 06/02/2020 - 01:19:31: [SM]   [1] Line 75, /home/forums/content/files/7/2/34150.attach::cheatcommand
L 06/02/2020 - 01:19:31: [SM] Exception reported: String formatted incorrectly - parameter 4 (total 3)
L 06/02/2020 - 01:19:31: [SM] Blaming: admincheats.smx
L 06/02/2020 - 01:19:31: [SM] Call stack trace:
L 06/02/2020 - 01:19:31: [SM]   [0] PrintToConsole
L 06/02/2020 - 01:19:31: [SM]   [1] Line 75, /home/forums/content/files/7/2/34150.attach::cheatcommand
L 06/02/2020 - 01:19:32: [SM] Exception reported: String formatted incorrectly - parameter 4 (total 3)
L 06/02/2020 - 01:19:32: [SM] Blaming: admincheats.smx
L 06/02/2020 - 01:19:32: [SM] Call stack trace:
L 06/02/2020 - 01:19:32: [SM]   [0] PrintToConsole
L 06/02/2020 - 01:19:32: [SM]   [1] Line 75, /home/forums/content/files/7/2/34150.attach::cheatcommand
L 06/02/2020 - 01:19:32: [SM] Exception reported: String formatted incorrectly - parameter 4 (total 3)
L 06/02/2020 - 01:19:32: [SM] Blaming: admincheats.smx
L 06/02/2020 - 01:19:32: [SM] Call stack trace:
L 06/02/2020 - 01:19:32: [SM]   [0] PrintToConsole
L 06/02/2020 - 01:19:32: [SM]   [1] Line 75, /home/forums/content/files/7/2/34150.attach::cheatcommand
L 06/02/2020 - 01:19:32: [SM] Exception reported: String formatted incorrectly - parameter 4 (total 3)
L 06/02/2020 - 01:19:32: [SM] Blaming: admincheats.smx
L 06/02/2020 - 01:19:32: [SM] Call stack trace:
L 06/02/2020 - 01:19:32: [SM]   [0] PrintToConsole
L 06/02/2020 - 01:19:32: [SM]   [1] Line 75, /home/forums/content/files/7/2/34150.attach::cheatcommand
L 06/02/2020 - 01:19:33: [SM] Exception reported: String formatted incorrectly - parameter 4 (total 3)
L 06/02/2020 - 01:19:33: [SM] Blaming: admincheats.smx
L 06/02/2020 - 01:19:33: [SM] Call stack trace:
L 06/02/2020 - 01:19:33: [SM]   [0] PrintToConsole
L 06/02/2020 - 01:19:33: [SM]   [1] Line 75, /home/forums/content/files/7/2/34150.attach::cheatcommand
L 06/02/2020 - 01:19:33: [SM] Exception reported: String formatted incorrectly - parameter 4 (total 3)
L 06/02/2020 - 01:19:33: [SM] Blaming: admincheats.smx
L 06/02/2020 - 01:19:33: [SM] Call stack trace:
L 06/02/2020 - 01:19:33: [SM]   [0] PrintToConsole
L 06/02/2020 - 01:19:33: [SM]   [1] Line 75, /home/forums/content/files/7/2/34150.attach::cheatcommand
L 06/02/2020 - 01:19:33: [SM] Exception reported: String formatted incorrectly - parameter 4 (total 3)
L 06/02/2020 - 01:19:33: [SM] Blaming: admincheats.smx
L 06/02/2020 - 01:19:33: [SM] Call stack trace:
L 06/02/2020 - 01:19:33: [SM]   [0] PrintToConsole
L 06/02/2020 - 01:19:33: [SM]   [1] Line 75, /home/forums/content/files/7/2/34150.attach::cheatcommand
L 06/02/2020 - 01:19:33: [SM] Exception reported: String formatted incorrectly - parameter 4 (total 3)
L 06/02/2020 - 01:19:33: [SM] Blaming: admincheats.smx
L 06/02/2020 - 01:19:33: [SM] Call stack trace:
L 06/02/2020 - 01:19:33: [SM]   [0] PrintToConsole
L 06/02/2020 - 01:19:33: [SM]   [1] Line 75, /home/forums/content/files/7/2/34150.attach::cheatcommand
L 06/02/2020 - 01:19:33: [SM] Exception reported: String formatted incorrectly - parameter 4 (total 3)
L 06/02/2020 - 01:19:33: [SM] Blaming: admincheats.smx
L 06/02/2020 - 01:19:33: [SM] Call stack trace:
L 06/02/2020 - 01:19:33: [SM]   [0] PrintToConsole
L 06/02/2020 - 01:19:33: [SM]   [1] Line 75, /home/forums/content/files/7/2/34150.attach::cheatcommand
L 06/02/2020 - 01:19:33: [SM] Exception reported: String formatted incorrectly - parameter 4 (total 3)
L 06/02/2020 - 01:19:33: [SM] Blaming: admincheats.smx
L 06/02/2020 - 01:19:33: [SM] Call stack trace:
L 06/02/2020 - 01:19:33: [SM]   [0] PrintToConsole
L 06/02/2020 - 01:19:33: [SM]   [1] Line 75, /home/forums/content/files/7/2/34150.attach::cheatcommand
L 06/02/2020 - 01:19:36: [SM] Exception reported: String formatted incorrectly - parameter 4 (total 3)
L 06/02/2020 - 01:19:36: [SM] Blaming: admincheats.smx
L 06/02/2020 - 01:19:36: [SM] Call stack trace:
L 06/02/2020 - 01:19:36: [SM]   [0] PrintToConsole
L 06/02/2020 - 01:19:36: [SM]   [1] Line 75, /home/forums/content/files/7/2/34150.attach::cheatcommand
L 06/02/2020 - 01:19:37: [SM] Exception reported: String formatted incorrectly - parameter 4 (total 3)
L 06/02/2020 - 01:19:37: [SM] Blaming: admincheats.smx
L 06/02/2020 - 01:19:37: [SM] Call stack trace:
L 06/02/2020 - 01:19:37: [SM]   [0] PrintToConsole
L 06/02/2020 - 01:19:37: [SM]   [1] Line 75, /home/forums/content/files/7/2/34150.attach::cheatcommand
L 06/02/2020 - 01:19:37: [SM] Exception reported: String formatted incorrectly - parameter 4 (total 3)
L 06/02/2020 - 01:19:37: [SM] Blaming: admincheats.smx
L 06/02/2020 - 01:19:37: [SM] Call stack trace:
L 06/02/2020 - 01:19:37: [SM]   [0] PrintToConsole
L 06/02/2020 - 01:19:37: [SM]   [1] Line 75, /home/forums/content/files/7/2/34150.attach::cheatcommand
L 06/02/2020 - 01:19:37: [SM] Exception reported: String formatted incorrectly - parameter 4 (total 3)
L 06/02/2020 - 01:19:37: [SM] Blaming: admincheats.smx
L 06/02/2020 - 01:19:37: [SM] Call stack trace:
L 06/02/2020 - 01:19:37: [SM]   [0] PrintToConsole
L 06/02/2020 - 01:19:37: [SM]   [1] Line 75, /home/forums/content/files/7/2/34150.attach::cheatcommand
L 06/02/2020 - 01:19:37: [SM] Exception reported: String formatted incorrectly - parameter 4 (total 3)
L 06/02/2020 - 01:19:37: [SM] Blaming: admincheats.smx
L 06/02/2020 - 01:19:37: [SM] Call stack trace:
L 06/02/2020 - 01:19:37: [SM]   [0] PrintToConsole
L 06/02/2020 - 01:19:37: [SM]   [1] Line 75, /home/forums/content/files/7/2/34150.attach::cheatcommand
L 06/02/2020 - 01:19:38: [SM] Exception reported: String formatted incorrectly - parameter 4 (total 3)
L 06/02/2020 - 01:19:38: [SM] Blaming: admincheats.smx
L 06/02/2020 - 01:19:38: [SM] Call stack trace:
L 06/02/2020 - 01:19:38: [SM]   [0] PrintToConsole
L 06/02/2020 - 01:19:38: [SM]   [1] Line 75, /home/forums/content/files/7/2/34150.attach::cheatcommand
L 06/02/2020 - 01:19:38: [SM] Exception reported: String formatted incorrectly - parameter 4 (total 3)
L 06/02/2020 - 01:19:38: [SM] Blaming: admincheats.smx
L 06/02/2020 - 01:19:38: [SM] Call stack trace:
L 06/02/2020 - 01:19:38: [SM]   [0] PrintToConsole
L 06/02/2020 - 01:19:38: [SM]   [1] Line 75, /home/forums/content/files/7/2/34150.attach::cheatcommand
L 06/02/2020 - 01:19:38: [SM] Exception reported: String formatted incorrectly - parameter 4 (total 3)
L 06/02/2020 - 01:19:38: [SM] Blaming: admincheats.smx
L 06/02/2020 - 01:19:38: [SM] Call stack trace:
L 06/02/2020 - 01:19:38: [SM]   [0] PrintToConsole
L 06/02/2020 - 01:19:38: [SM]   [1] Line 75, /home/forums/content/files/7/2/34150.attach::cheatcommand
L 06/02/2020 - 01:19:39: [SM] Exception reported: String formatted incorrectly - parameter 4 (total 3)
L 06/02/2020 - 01:19:39: [SM] Blaming: admincheats.smx
L 06/02/2020 - 01:19:39: [SM] Call stack trace:
L 06/02/2020 - 01:19:39: [SM]   [0] PrintToConsole
L 06/02/2020 - 01:19:39: [SM]   [1] Line 75, /home/forums/content/files/7/2/34150.attach::cheatcommand
L 06/02/2020 - 01:19:39: [SM] Exception reported: String formatted incorrectly - parameter 4 (total 3)
L 06/02/2020 - 01:19:39: [SM] Blaming: admincheats.smx
L 06/02/2020 - 01:19:39: [SM] Call stack trace:
L 06/02/2020 - 01:19:39: [SM]   [0] PrintToConsole
L 06/02/2020 - 01:19:39: [SM]   [1] Line 75, /home/forums/content/files/7/2/34150.attach::cheatcommand
L 06/02/2020 - 01:19:41: [SM] Exception reported: String formatted incorrectly - parameter 4 (total 3)
L 06/02/2020 - 01:19:41: [SM] Blaming: admincheats.smx
L 06/02/2020 - 01:19:41: [SM] Call stack trace:
L 06/02/2020 - 01:19:41: [SM]   [0] PrintToConsole
L 06/02/2020 - 01:19:41: [SM]   [1] Line 75, /home/forums/content/files/7/2/34150.attach::cheatcommand
L 06/02/2020 - 01:19:41: [SM] Exception reported: String formatted incorrectly - parameter 4 (total 3)
L 06/02/2020 - 01:19:41: [SM] Blaming: admincheats.smx
L 06/02/2020 - 01:19:41: [SM] Call stack trace:
L 06/02/2020 - 01:19:41: [SM]   [0] PrintToConsole
L 06/02/2020 - 01:19:41: [SM]   [1] Line 75, /home/forums/content/files/7/2/34150.attach::cheatcommand
L 06/02/2020 - 01:19:42: [SM] Exception reported: String formatted incorrectly - parameter 4 (total 3)
L 06/02/2020 - 01:19:42: [SM] Blaming: admincheats.smx
L 06/02/2020 - 01:19:42: [SM] Call stack trace:
L 06/02/2020 - 01:19:42: [SM]   [0] PrintToConsole
L 06/02/2020 - 01:19:42: [SM]   [1] Line 75, /home/forums/content/files/7/2/34150.attach::cheatcommand
L 06/02/2020 - 01:19:42: [SM] Exception reported: String formatted incorrectly - parameter 4 (total 3)
L 06/02/2020 - 01:19:42: [SM] Blaming: admincheats.smx
L 06/02/2020 - 01:19:42: [SM] Call stack trace:
L 06/02/2020 - 01:19:42: [SM]   [0] PrintToConsole
L 06/02/2020 - 01:19:42: [SM]   [1] Line 75, /home/forums/content/files/7/2/34150.attach::cheatcommand
L 06/02/2020 - 01:19:43: [SM] Exception reported: String formatted incorrectly - parameter 4 (total 3)
L 06/02/2020 - 01:19:43: [SM] Blaming: admincheats.smx
L 06/02/2020 - 01:19:43: [SM] Call stack trace:
L 06/02/2020 - 01:19:43: [SM]   [0] PrintToConsole
L 06/02/2020 - 01:19:43: [SM]   [1] Line 75, /home/forums/content/files/7/2/34150.attach::cheatcommand
L 06/02/2020 - 01:19:44: [SM] Exception reported: String formatted incorrectly - parameter 4 (total 3)
L 06/02/2020 - 01:19:44: [SM] Blaming: admincheats.smx
L 06/02/2020 - 01:19:44: [SM] Call stack trace:
L 06/02/2020 - 01:19:44: [SM]   [0] PrintToConsole
L 06/02/2020 - 01:19:44: [SM]   [1] Line 75, /home/forums/content/files/7/2/34150.attach::cheatcommand
L 06/02/2020 - 01:19:44: [SM] Exception reported: String formatted incorrectly - parameter 4 (total 3)
L 06/02/2020 - 01:19:44: [SM] Blaming: admincheats.smx
L 06/02/2020 - 01:19:44: [SM] Call stack trace:
L 06/02/2020 - 01:19:44: [SM]   [0] PrintToConsole
L 06/02/2020 - 01:19:44: [SM]   [1] Line 75, /home/forums/content/files/7/2/34150.attach::cheatcommand
L 06/02/2020 - 01:19:45: [SM] Exception reported: String formatted incorrectly - parameter 4 (total 3)
L 06/02/2020 - 01:19:45: [SM] Blaming: admincheats.smx
L 06/02/2020 - 01:19:45: [SM] Call stack trace:
L 06/02/2020 - 01:19:45: [SM]   [0] PrintToConsole
L 06/02/2020 - 01:19:45: [SM]   [1] Line 75, /home/forums/content/files/7/2/34150.attach::cheatcommand
L 06/02/2020 - 01:19:46: [SM] Exception reported: String formatted incorrectly - parameter 4 (total 3)
L 06/02/2020 - 01:19:46: [SM] Blaming: admincheats.smx
L 06/02/2020 - 01:19:46: [SM] Call stack trace:
L 06/02/2020 - 01:19:46: [SM]   [0] PrintToConsole
L 06/02/2020 - 01:19:46: [SM]   [1] Line 75, /home/forums/content/files/7/2/34150.attach::cheatcommand
L 06/02/2020 - 01:19:46: [SM] Exception reported: String formatted incorrectly - parameter 4 (total 3)
L 06/02/2020 - 01:19:46: [SM] Blaming: admincheats.smx
L 06/02/2020 - 01:19:46: [SM] Call stack trace:
L 06/02/2020 - 01:19:46: [SM]   [0] PrintToConsole
L 06/02/2020 - 01:19:46: [SM]   [1] Line 75, /home/forums/content/files/7/2/34150.attach::cheatcommand
L 06/02/2020 - 01:19:47: [SM] Exception reported: String formatted incorrectly - parameter 4 (total 3)
L 06/02/2020 - 01:19:47: [SM] Blaming: admincheats.smx
L 06/02/2020 - 01:19:47: [SM] Call stack trace:
L 06/02/2020 - 01:19:47: [SM]   [0] PrintToConsole
L 06/02/2020 - 01:19:47: [SM]   [1] Line 75, /home/forums/content/files/7/2/34150.attach::cheatcommand
L 06/02/2020 - 01:19:47: [SM] Exception reported: String formatted incorrectly - parameter 4 (total 3)
L 06/02/2020 - 01:19:47: [SM] Blaming: admincheats.smx
L 06/02/2020 - 01:19:47: [SM] Call stack trace:
L 06/02/2020 - 01:19:47: [SM]   [0] PrintToConsole
L 06/02/2020 - 01:19:47: [SM]   [1] Line 75, /home/forums/content/files/7/2/34150.attach::cheatcommand
L 06/02/2020 - 01:19:47: [SM] Exception reported: String formatted incorrectly - parameter 4 (total 3)
L 06/02/2020 - 01:19:47: [SM] Blaming: admincheats.smx
L 06/02/2020 - 01:19:47: [SM] Call stack trace:
L 06/02/2020 - 01:19:47: [SM]   [0] PrintToConsole
L 06/02/2020 - 01:19:47: [SM]   [1] Line 75, /home/forums/content/files/7/2/34150.attach::cheatcommand
L 06/02/2020 - 01:19:47: [SM] Exception reported: String formatted incorrectly - parameter 4 (total 3)
L 06/02/2020 - 01:19:47: [SM] Blaming: admincheats.smx
L 06/02/2020 - 01:19:47: [SM] Call stack trace:
L 06/02/2020 - 01:19:47: [SM]   [0] PrintToConsole
L 06/02/2020 - 01:19:47: [SM]   [1] Line 75, /home/forums/content/files/7/2/34150.attach::cheatcommand
L 06/02/2020 - 01:19:47: [SM] Exception reported: String formatted incorrectly - parameter 4 (total 3)
L 06/02/2020 - 01:19:47: [SM] Blaming: admincheats.smx
L 06/02/2020 - 01:19:47: [SM] Call stack trace:
L 06/02/2020 - 01:19:47: [SM]   [0] PrintToConsole
L 06/02/2020 - 01:19:47: [SM]   [1] Line 75, /home/forums/content/files/7/2/34150.attach::cheatcommand
L 06/02/2020 - 01:19:47: [SM] Exception reported: String formatted incorrectly - parameter 4 (total 3)
L 06/02/2020 - 01:19:47: [SM] Blaming: admincheats.smx
L 06/02/2020 - 01:19:47: [SM] Call stack trace:
L 06/02/2020 - 01:19:47: [SM]   [0] PrintToConsole
L 06/02/2020 - 01:19:47: [SM]   [1] Line 75, /home/forums/content/files/7/2/34150.attach::cheatcommand
L 06/02/2020 - 01:19:48: [SM] Exception reported: String formatted incorrectly - parameter 4 (total 3)
L 06/02/2020 - 01:19:48: [SM] Blaming: admincheats.smx
L 06/02/2020 - 01:19:48: [SM] Call stack trace:
L 06/02/2020 - 01:19:48: [SM]   [0] PrintToConsole
L 06/02/2020 - 01:19:48: [SM]   [1] Line 75, /home/forums/content/files/7/2/34150.attach::cheatcommand
L 06/02/2020 - 01:19:48: [SM] Exception reported: String formatted incorrectly - parameter 4 (total 3)
L 06/02/2020 - 01:19:48: [SM] Blaming: admincheats.smx
L 06/02/2020 - 01:19:48: [SM] Call stack trace:
L 06/02/2020 - 01:19:48: [SM]   [0] PrintToConsole
L 06/02/2020 - 01:19:48: [SM]   [1] Line 75, /home/forums/content/files/7/2/34150.attach::cheatcommand
L 06/02/2020 - 01:19:48: [SM] Exception reported: String formatted incorrectly - parameter 4 (total 3)
L 06/02/2020 - 01:19:48: [SM] Blaming: admincheats.smx
L 06/02/2020 - 01:19:48: [SM] Call stack trace:
L 06/02/2020 - 01:19:48: [SM]   [0] PrintToConsole
L 06/02/2020 - 01:19:48: [SM]   [1] Line 75, /home/forums/content/files/7/2/34150.attach::cheatcommand
L 06/02/2020 - 01:19:48: [SM] Exception reported: String formatted incorrectly - parameter 4 (total 3)
L 06/02/2020 - 01:19:48: [SM] Blaming: admincheats.smx
L 06/02/2020 - 01:19:48: [SM] Call stack trace:
L 06/02/2020 - 01:19:48: [SM]   [0] PrintToConsole
L 06/02/2020 - 01:19:48: [SM]   [1] Line 75, /home/forums/content/files/7/2/34150.attach::cheatcommand
L 06/02/2020 - 01:19:48: [SM] Exception reported: String formatted incorrectly - parameter 4 (total 3)
L 06/02/2020 - 01:19:48: [SM] Blaming: admincheats.smx
L 06/02/2020 - 01:19:48: [SM] Call stack trace:
L 06/02/2020 - 01:19:48: [SM]   [0] PrintToConsole
L 06/02/2020 - 01:19:48: [SM]   [1] Line 75, /home/forums/content/files/7/2/34150.attach::cheatcommand
L 06/02/2020 - 01:19:49: [SM] Exception reported: String formatted incorrectly - parameter 4 (total 3)
L 06/02/2020 - 01:19:49: [SM] Blaming: admincheats.smx
L 06/02/2020 - 01:19:49: [SM] Call stack trace:
L 06/02/2020 - 01:19:49: [SM]   [0] PrintToConsole
L 06/02/2020 - 01:19:49: [SM]   [1] Line 75, /home/forums/content/files/7/2/34150.attach::cheatcommand
L 06/02/2020 - 01:19:49: [SM] Exception reported: String formatted incorrectly - parameter 4 (total 3)
L 06/02/2020 - 01:19:49: [SM] Blaming: admincheats.smx
L 06/02/2020 - 01:19:49: [SM] Call stack trace:
L 06/02/2020 - 01:19:49: [SM]   [0] PrintToConsole
L 06/02/2020 - 01:19:49: [SM]   [1] Line 75, /home/forums/content/files/7/2/34150.attach::cheatcommand
L 06/02/2020 - 01:19:49: [SM] Exception reported: String formatted incorrectly - parameter 4 (total 3)
L 06/02/2020 - 01:19:49: [SM] Blaming: admincheats.smx
L 06/02/2020 - 01:19:49: [SM] Call stack trace:
L 06/02/2020 - 01:19:49: [SM]   [0] PrintToConsole
L 06/02/2020 - 01:19:49: [SM]   [1] Line 75, /home/forums/content/files/7/2/34150.attach::cheatcommand
L 06/02/2020 - 01:19:49: [SM] Exception reported: String formatted incorrectly - parameter 4 (total 3)
L 06/02/2020 - 01:19:49: [SM] Blaming: admincheats.smx
L 06/02/2020 - 01:19:49: [SM] Call stack trace:
L 06/02/2020 - 01:19:49: [SM]   [0] PrintToConsole
L 06/02/2020 - 01:19:49: [SM]   [1] Line 75, /home/forums/content/files/7/2/34150.attach::cheatcommand
L 06/02/2020 - 01:19:49: [SM] Exception reported: String formatted incorrectly - parameter 4 (total 3)
L 06/02/2020 - 01:19:49: [SM] Blaming: admincheats.smx
L 06/02/2020 - 01:19:49: [SM] Call stack trace:
L 06/02/2020 - 01:19:49: [SM]   [0] PrintToConsole
L 06/02/2020 - 01:19:49: [SM]   [1] Line 75, /home/forums/content/files/7/2/34150.attach::cheatcommand
L 06/02/2020 - 01:19:49: [SM] Exception reported: String formatted incorrectly - parameter 4 (total 3)
L 06/02/2020 - 01:19:49: [SM] Blaming: admincheats.smx
L 06/02/2020 - 01:19:49: [SM] Call stack trace:
L 06/02/2020 - 01:19:49: [SM]   [0] PrintToConsole
L 06/02/2020 - 01:19:49: [SM]   [1] Line 75, /home/forums/content/files/7/2/34150.attach::cheatcommand
L 06/02/2020 - 01:19:50: [SM] Exception reported: String formatted incorrectly - parameter 4 (total 3)
L 06/02/2020 - 01:19:50: [SM] Blaming: admincheats.smx
L 06/02/2020 - 01:19:50: [SM] Call stack trace:
L 06/02/2020 - 01:19:50: [SM]   [0] PrintToConsole
L 06/02/2020 - 01:19:50: [SM]   [1] Line 75, /home/forums/content/files/7/2/34150.attach::cheatcommand
L 06/02/2020 - 01:19:50: [SM] Exception reported: String formatted incorrectly - parameter 4 (total 3)
L 06/02/2020 - 01:19:50: [SM] Blaming: admincheats.smx
L 06/02/2020 - 01:19:50: [SM] Call stack trace:
L 06/02/2020 - 01:19:50: [SM]   [0] PrintToConsole
L 06/02/2020 - 01:19:50: [SM]   [1] Line 75, /home/forums/content/files/7/2/34150.attach::cheatcommand
L 06/02/2020 - 01:19:50: [SM] Exception reported: String formatted incorrectly - parameter 4 (total 3)
L 06/02/2020 - 01:19:50: [SM] Blaming: admincheats.smx
L 06/02/2020 - 01:19:50: [SM] Call stack trace:
L 06/02/2020 - 01:19:50: [SM]   [0] PrintToConsole
L 06/02/2020 - 01:19:50: [SM]   [1] Line 75, /home/forums/content/files/7/2/34150.attach::cheatcommand
L 06/02/2020 - 01:19:50: [SM] Exception reported: String formatted incorrectly - parameter 4 (total 3)
L 06/02/2020 - 01:19:50: [SM] Blaming: admincheats.smx
L 06/02/2020 - 01:19:50: [SM] Call stack trace:
L 06/02/2020 - 01:19:50: [SM]   [0] PrintToConsole
L 06/02/2020 - 01:19:50: [SM]   [1] Line 75, /home/forums/content/files/7/2/34150.attach::cheatcommand
L 06/02/2020 - 01:19:50: [SM] Exception reported: String formatted incorrectly - parameter 4 (total 3)
L 06/02/2020 - 01:19:50: [SM] Blaming: admincheats.smx
L 06/02/2020 - 01:19:50: [SM] Call stack trace:
L 06/02/2020 - 01:19:50: [SM]   [0] PrintToConsole
L 06/02/2020 - 01:19:50: [SM]   [1] Line 75, /home/forums/content/files/7/2/34150.attach::cheatcommand
L 06/02/2020 - 01:19:51: [SM] Exception reported: String formatted incorrectly - parameter 4 (total 3)
L 06/02/2020 - 01:19:51: [SM] Blaming: admincheats.smx
L 06/02/2020 - 01:19:51: [SM] Call stack trace:
L 06/02/2020 - 01:19:51: [SM]   [0] PrintToConsole
L 06/02/2020 - 01:19:51: [SM]   [1] Line 75, /home/forums/content/files/7/2/34150.attach::cheatcommand
L 06/02/2020 - 01:19:51: [SM] Exception reported: String formatted incorrectly - parameter 4 (total 3)
L 06/02/2020 - 01:19:51: [SM] Blaming: admincheats.smx
L 06/02/2020 - 01:19:51: [SM] Call stack trace:
L 06/02/2020 - 01:19:51: [SM]   [0] PrintToConsole
L 06/02/2020 - 01:19:51: [SM]   [1] Line 75, /home/forums/content/files/7/2/34150.attach::cheatcommand
L 06/02/2020 - 01:19:51: [SM] Exception reported: String formatted incorrectly - parameter 4 (total 3)
L 06/02/2020 - 01:19:51: [SM] Blaming: admincheats.smx
L 06/02/2020 - 01:19:51: [SM] Call stack trace:
L 06/02/2020 - 01:19:51: [SM]   [0] PrintToConsole
L 06/02/2020 - 01:19:51: [SM]   [1] Line 75, /home/forums/content/files/7/2/34150.attach::cheatcommand
L 06/02/2020 - 01:19:51: [SM] Exception reported: String formatted incorrectly - parameter 4 (total 3)
L 06/02/2020 - 01:19:51: [SM] Blaming: admincheats.smx
L 06/02/2020 - 01:19:51: [SM] Call stack trace:
L 06/02/2020 - 01:19:51: [SM]   [0] PrintToConsole
L 06/02/2020 - 01:19:51: [SM]   [1] Line 75, /home/forums/content/files/7/2/34150.attach::cheatcommand
L 06/02/2020 - 01:19:51: [SM] Exception reported: String formatted incorrectly - parameter 4 (total 3)
L 06/02/2020 - 01:19:51: [SM] Blaming: admincheats.smx
L 06/02/2020 - 01:19:51: [SM] Call stack trace:
L 06/02/2020 - 01:19:51: [SM]   [0] PrintToConsole
L 06/02/2020 - 01:19:51: [SM]   [1] Line 75, /home/forums/content/files/7/2/34150.attach::cheatcommand
L 06/02/2020 - 01:19:53: [SM] Exception reported: String formatted incorrectly - parameter 4 (total 3)
L 06/02/2020 - 01:19:53: [SM] Blaming: admincheats.smx
L 06/02/2020 - 01:19:53: [SM] Call stack trace:
L 06/02/2020 - 01:19:53: [SM]   [0] PrintToConsole
L 06/02/2020 - 01:19:53: [SM]   [1] Line 75, /home/forums/content/files/7/2/34150.attach::cheatcommand
L 06/02/2020 - 01:19:53: [SM] Exception reported: String formatted incorrectly - parameter 4 (total 3)
L 06/02/2020 - 01:19:53: [SM] Blaming: admincheats.smx
L 06/02/2020 - 01:19:53: [SM] Call stack trace:
L 06/02/2020 - 01:19:53: [SM]   [0] PrintToConsole
L 06/02/2020 - 01:19:53: [SM]   [1] Line 75, /home/forums/content/files/7/2/34150.attach::cheatcommand
L 06/02/2020 - 01:19:55: [SM] Exception reported: String formatted incorrectly - parameter 4 (total 3)
L 06/02/2020 - 01:19:55: [SM] Blaming: admincheats.smx
L 06/02/2020 - 01:19:55: [SM] Call stack trace:
L 06/02/2020 - 01:19:55: [SM]   [0] PrintToConsole
L 06/02/2020 - 01:19:55: [SM]   [1] Line 75, /home/forums/content/files/7/2/34150.attach::cheatcommand
L 06/02/2020 - 01:19:56: [SM] Exception reported: String formatted incorrectly - parameter 4 (total 3)
L 06/02/2020 - 01:19:56: [SM] Blaming: admincheats.smx
L 06/02/2020 - 01:19:56: [SM] Call stack trace:
L 06/02/2020 - 01:19:56: [SM]   [0] PrintToConsole
L 06/02/2020 - 01:19:56: [SM]   [1] Line 75, /home/forums/content/files/7/2/34150.attach::cheatcommand
L 06/02/2020 - 01:19:58: [SM] Exception reported: String formatted incorrectly - parameter 4 (total 3)
L 06/02/2020 - 01:19:58: [SM] Blaming: admincheats.smx
L 06/02/2020 - 01:19:58: [SM] Call stack trace:
L 06/02/2020 - 01:19:58: [SM]   [0] PrintToConsole
L 06/02/2020 - 01:19:58: [SM]   [1] Line 75, /home/forums/content/files/7/2/34150.attach::cheatcommand
L 06/02/2020 - 01:19:59: [SM] Exception reported: String formatted incorrectly - parameter 4 (total 3)
L 06/02/2020 - 01:19:59: [SM] Blaming: admincheats.smx
L 06/02/2020 - 01:19:59: [SM] Call stack trace:
L 06/02/2020 - 01:19:59: [SM]   [0] PrintToConsole
L 06/02/2020 - 01:19:59: [SM]   [1] Line 75, /home/forums/content/files/7/2/34150.attach::cheatcommand
L 06/02/2020 - 01:20:00: [SM] Exception reported: String formatted incorrectly - parameter 4 (total 3)
L 06/02/2020 - 01:20:00: [SM] Blaming: admincheats.smx
L 06/02/2020 - 01:20:00: [SM] Call stack trace:
L 06/02/2020 - 01:20:00: [SM]   [0] PrintToConsole
L 06/02/2020 - 01:20:00: [SM]   [1] Line 75, /home/forums/content/files/7/2/34150.attach::cheatcommand
L 06/02/2020 - 01:20:04: [SM] Exception reported: String formatted incorrectly - parameter 4 (total 3)
L 06/02/2020 - 01:20:04: [SM] Blaming: admincheats.smx
L 06/02/2020 - 01:20:04: [SM] Call stack trace:
L 06/02/2020 - 01:20:04: [SM]   [0] PrintToConsole
L 06/02/2020 - 01:20:04: [SM]   [1] Line 75, /home/forums/content/files/7/2/34150.attach::cheatcommand
L 06/02/2020 - 01:26:36: [SM] Exception reported: String formatted incorrectly - parameter 4 (total 3)
L 06/02/2020 - 01:26:36: [SM] Blaming: admincheats.smx
L 06/02/2020 - 01:26:36: [SM] Call stack trace:
L 06/02/2020 - 01:26:36: [SM]   [0] PrintToConsole
L 06/02/2020 - 01:26:36: [SM]   [1] Line 75, /home/forums/content/files/7/2/34150.attach::cheatcommand
L 06/02/2020 - 01:36:22: Error log file session closed.
L 06/02/2020 - 02:13:20: SourceMod error session started
L 06/02/2020 - 02:13:20: Info (map "koth_lakeside_final") (file "/hlserver/tf2/tf/addons/sourcemod/logs/errors_20200602.log")
L 06/02/2020 - 02:13:20: [SM] Exception reported: String formatted incorrectly - parameter 4 (total 3)
L 06/02/2020 - 02:13:20: [SM] Blaming: admincheats.smx
L 06/02/2020 - 02:13:20: [SM] Call stack trace:
L 06/02/2020 - 02:13:20: [SM]   [0] PrintToConsole
L 06/02/2020 - 02:13:20: [SM]   [1] Line 75, /home/forums/content/files/7/2/34150.attach::cheatcommand
L 06/02/2020 - 02:13:21: [SM] Exception reported: String formatted incorrectly - parameter 4 (total 3)
L 06/02/2020 - 02:13:21: [SM] Blaming: admincheats.smx
L 06/02/2020 - 02:13:21: [SM] Call stack trace:
L 06/02/2020 - 02:13:21: [SM]   [0] PrintToConsole
L 06/02/2020 - 02:13:21: [SM]   [1] Line 75, /home/forums/content/files/7/2/34150.attach::cheatcommand
L 06/02/2020 - 02:13:21: [SM] Exception reported: String formatted incorrectly - parameter 4 (total 3)
L 06/02/2020 - 02:13:21: [SM] Blaming: admincheats.smx
L 06/02/2020 - 02:13:21: [SM] Call stack trace:
L 06/02/2020 - 02:13:21: [SM]   [0] PrintToConsole
L 06/02/2020 - 02:13:21: [SM]   [1] Line 75, /home/forums/content/files/7/2/34150.attach::cheatcommand
L 06/02/2020 - 02:13:21: [SM] Exception reported: String formatted incorrectly - parameter 4 (total 3)
L 06/02/2020 - 02:13:21: [SM] Blaming: admincheats.smx
L 06/02/2020 - 02:13:21: [SM] Call stack trace:
L 06/02/2020 - 02:13:21: [SM]   [0] PrintToConsole
L 06/02/2020 - 02:13:21: [SM]   [1] Line 75, /home/forums/content/files/7/2/34150.attach::cheatcommand
L 06/02/2020 - 02:13:21: [SM] Exception reported: String formatted incorrectly - parameter 4 (total 3)
L 06/02/2020 - 02:13:21: [SM] Blaming: admincheats.smx
L 06/02/2020 - 02:13:21: [SM] Call stack trace:
L 06/02/2020 - 02:13:21: [SM]   [0] PrintToConsole
L 06/02/2020 - 02:13:21: [SM]   [1] Line 75, /home/forums/content/files/7/2/34150.attach::cheatcommand
L 06/02/2020 - 02:13:21: [SM] Exception reported: String formatted incorrectly - parameter 4 (total 3)
L 06/02/2020 - 02:13:21: [SM] Blaming: admincheats.smx
L 06/02/2020 - 02:13:21: [SM] Call stack trace:
L 06/02/2020 - 02:13:21: [SM]   [0] PrintToConsole
L 06/02/2020 - 02:13:21: [SM]   [1] Line 75, /home/forums/content/files/7/2/34150.attach::cheatcommand
L 06/02/2020 - 02:13:25: [SM] Exception reported: String formatted incorrectly - parameter 4 (total 3)
L 06/02/2020 - 02:13:25: [SM] Blaming: admincheats.smx
L 06/02/2020 - 02:13:25: [SM] Call stack trace:
L 06/02/2020 - 02:13:25: [SM]   [0] PrintToConsole
L 06/02/2020 - 02:13:25: [SM]   [1] Line 75, /home/forums/content/files/7/2/34150.attach::cheatcommand
L 06/02/2020 - 02:13:27: [SM] Exception reported: String formatted incorrectly - parameter 4 (total 3)
L 06/02/2020 - 02:13:27: [SM] Blaming: admincheats.smx
L 06/02/2020 - 02:13:27: [SM] Call stack trace:
L 06/02/2020 - 02:13:27: [SM]   [0] PrintToConsole
L 06/02/2020 - 02:13:27: [SM]   [1] Line 75, /home/forums/content/files/7/2/34150.attach::cheatcommand
L 06/02/2020 - 02:16:19: [SM] Exception reported: String formatted incorrectly - parameter 4 (total 3)
L 06/02/2020 - 02:16:19: [SM] Blaming: admincheats.smx
L 06/02/2020 - 02:16:19: [SM] Call stack trace:
L 06/02/2020 - 02:16:19: [SM]   [0] PrintToConsole
L 06/02/2020 - 02:16:19: [SM]   [1] Line 75, /home/forums/content/files/7/2/34150.attach::cheatcommand
L 06/02/2020 - 02:16:45: [SM] Exception reported: String formatted incorrectly - parameter 4 (total 3)
L 06/02/2020 - 02:16:45: [SM] Blaming: admincheats.smx
L 06/02/2020 - 02:16:45: [SM] Call stack trace:
L 06/02/2020 - 02:16:45: [SM]   [0] PrintToConsole
L 06/02/2020 - 02:16:45: [SM]   [1] Line 75, /home/forums/content/files/7/2/34150.attach::cheatcommand
L 06/02/2020 - 02:48:27: Error log file session closed.
L 06/02/2020 - 03:01:19: SourceMod error session started
L 06/02/2020 - 03:01:19: Info (map "koth_sawmill") (file "/hlserver/tf2/tf/addons/sourcemod/logs/errors_20200602.log")
L 06/02/2020 - 03:01:19: [SM] Exception reported: String formatted incorrectly - parameter 4 (total 3)
L 06/02/2020 - 03:01:19: [SM] Blaming: admincheats.smx
L 06/02/2020 - 03:01:19: [SM] Call stack trace:
L 06/02/2020 - 03:01:19: [SM]   [0] PrintToConsole
L 06/02/2020 - 03:01:19: [SM]   [1] Line 75, /home/forums/content/files/7/2/34150.attach::cheatcommand
L 06/02/2020 - 03:01:19: [SM] Exception reported: String formatted incorrectly - parameter 4 (total 3)
L 06/02/2020 - 03:01:19: [SM] Blaming: admincheats.smx
L 06/02/2020 - 03:01:19: [SM] Call stack trace:
L 06/02/2020 - 03:01:19: [SM]   [0] PrintToConsole
L 06/02/2020 - 03:01:19: [SM]   [1] Line 75, /home/forums/content/files/7/2/34150.attach::cheatcommand
L 06/02/2020 - 03:01:19: [SM] Exception reported: String formatted incorrectly - parameter 4 (total 3)
L 06/02/2020 - 03:01:19: [SM] Blaming: admincheats.smx
L 06/02/2020 - 03:01:19: [SM] Call stack trace:
L 06/02/2020 - 03:01:19: [SM]   [0] PrintToConsole
L 06/02/2020 - 03:01:19: [SM]   [1] Line 75, /home/forums/content/files/7/2/34150.attach::cheatcommand
L 06/02/2020 - 03:01:19: [SM] Exception reported: String formatted incorrectly - parameter 4 (total 3)
L 06/02/2020 - 03:01:19: [SM] Blaming: admincheats.smx
L 06/02/2020 - 03:01:19: [SM] Call stack trace:
L 06/02/2020 - 03:01:19: [SM]   [0] PrintToConsole
L 06/02/2020 - 03:01:19: [SM]   [1] Line 75, /home/forums/content/files/7/2/34150.attach::cheatcommand
L 06/02/2020 - 03:01:20: [SM] Exception reported: String formatted incorrectly - parameter 4 (total 3)
L 06/02/2020 - 03:01:20: [SM] Blaming: admincheats.smx
L 06/02/2020 - 03:01:20: [SM] Call stack trace:
L 06/02/2020 - 03:01:20: [SM]   [0] PrintToConsole
L 06/02/2020 - 03:01:20: [SM]   [1] Line 75, /home/forums/content/files/7/2/34150.attach::cheatcommand
L 06/02/2020 - 03:01:20: [SM] Exception reported: String formatted incorrectly - parameter 4 (total 3)
L 06/02/2020 - 03:01:20: [SM] Blaming: admincheats.smx
L 06/02/2020 - 03:01:20: [SM] Call stack trace:
L 06/02/2020 - 03:01:20: [SM]   [0] PrintToConsole
L 06/02/2020 - 03:01:20: [SM]   [1] Line 75, /home/forums/content/files/7/2/34150.attach::cheatcommand
L 06/02/2020 - 03:01:20: [SM] Exception reported: String formatted incorrectly - parameter 4 (total 3)
L 06/02/2020 - 03:01:20: [SM] Blaming: admincheats.smx
L 06/02/2020 - 03:01:20: [SM] Call stack trace:
L 06/02/2020 - 03:01:20: [SM]   [0] PrintToConsole
L 06/02/2020 - 03:01:20: [SM]   [1] Line 75, /home/forums/content/files/7/2/34150.attach::cheatcommand
L 06/02/2020 - 03:01:20: [SM] Exception reported: String formatted incorrectly - parameter 4 (total 3)
L 06/02/2020 - 03:01:20: [SM] Blaming: admincheats.smx
L 06/02/2020 - 03:01:20: [SM] Call stack trace:
L 06/02/2020 - 03:01:20: [SM]   [0] PrintToConsole
L 06/02/2020 - 03:01:20: [SM]   [1] Line 75, /home/forums/content/files/7/2/34150.attach::cheatcommand
L 06/02/2020 - 03:01:21: [SM] Exception reported: String formatted incorrectly - parameter 4 (total 3)
L 06/02/2020 - 03:01:21: [SM] Blaming: admincheats.smx
L 06/02/2020 - 03:01:21: [SM] Call stack trace:
L 06/02/2020 - 03:01:21: [SM]   [0] PrintToConsole
L 06/02/2020 - 03:01:21: [SM]   [1] Line 75, /home/forums/content/files/7/2/34150.attach::cheatcommand
L 06/02/2020 - 03:01:21: [SM] Exception reported: String formatted incorrectly - parameter 4 (total 3)
L 06/02/2020 - 03:01:21: [SM] Blaming: admincheats.smx
L 06/02/2020 - 03:01:21: [SM] Call stack trace:
L 06/02/2020 - 03:01:21: [SM]   [0] PrintToConsole
L 06/02/2020 - 03:01:21: [SM]   [1] Line 75, /home/forums/content/files/7/2/34150.attach::cheatcommand
L 06/02/2020 - 03:01:21: [SM] Exception reported: String formatted incorrectly - parameter 4 (total 3)
L 06/02/2020 - 03:01:21: [SM] Blaming: admincheats.smx
L 06/02/2020 - 03:01:21: [SM] Call stack trace:
L 06/02/2020 - 03:01:21: [SM]   [0] PrintToConsole
L 06/02/2020 - 03:01:21: [SM]   [1] Line 75, /home/forums/content/files/7/2/34150.attach::cheatcommand
L 06/02/2020 - 03:01:21: [SM] Exception reported: String formatted incorrectly - parameter 4 (total 3)
L 06/02/2020 - 03:01:21: [SM] Blaming: admincheats.smx
L 06/02/2020 - 03:01:21: [SM] Call stack trace:
L 06/02/2020 - 03:01:21: [SM]   [0] PrintToConsole
L 06/02/2020 - 03:01:21: [SM]   [1] Line 75, /home/forums/content/files/7/2/34150.attach::cheatcommand
L 06/02/2020 - 03:01:21: [SM] Exception reported: String formatted incorrectly - parameter 4 (total 3)
L 06/02/2020 - 03:01:21: [SM] Blaming: admincheats.smx
L 06/02/2020 - 03:01:21: [SM] Call stack trace:
L 06/02/2020 - 03:01:21: [SM]   [0] PrintToConsole
L 06/02/2020 - 03:01:21: [SM]   [1] Line 75, /home/forums/content/files/7/2/34150.attach::cheatcommand
L 06/02/2020 - 03:01:21: [SM] Exception reported: String formatted incorrectly - parameter 4 (total 3)
L 06/02/2020 - 03:01:21: [SM] Blaming: admincheats.smx
L 06/02/2020 - 03:01:21: [SM] Call stack trace:
L 06/02/2020 - 03:01:21: [SM]   [0] PrintToConsole
L 06/02/2020 - 03:01:21: [SM]   [1] Line 75, /home/forums/content/files/7/2/34150.attach::cheatcommand
L 06/02/2020 - 03:01:22: [SM] Exception reported: String formatted incorrectly - parameter 4 (total 3)
L 06/02/2020 - 03:01:22: [SM] Blaming: admincheats.smx
L 06/02/2020 - 03:01:22: [SM] Call stack trace:
L 06/02/2020 - 03:01:22: [SM]   [0] PrintToConsole
L 06/02/2020 - 03:01:22: [SM]   [1] Line 75, /home/forums/content/files/7/2/34150.attach::cheatcommand
L 06/02/2020 - 03:01:22: [SM] Exception reported: String formatted incorrectly - parameter 4 (total 3)
L 06/02/2020 - 03:01:22: [SM] Blaming: admincheats.smx
L 06/02/2020 - 03:01:22: [SM] Call stack trace:
L 06/02/2020 - 03:01:22: [SM]   [0] PrintToConsole
L 06/02/2020 - 03:01:22: [SM]   [1] Line 75, /home/forums/content/files/7/2/34150.attach::cheatcommand
L 06/02/2020 - 03:01:22: [SM] Exception reported: String formatted incorrectly - parameter 4 (total 3)
L 06/02/2020 - 03:01:22: [SM] Blaming: admincheats.smx
L 06/02/2020 - 03:01:22: [SM] Call stack trace:
L 06/02/2020 - 03:01:22: [SM]   [0] PrintToConsole
L 06/02/2020 - 03:01:22: [SM]   [1] Line 75, /home/forums/content/files/7/2/34150.attach::cheatcommand
L 06/02/2020 - 03:01:22: [SM] Exception reported: String formatted incorrectly - parameter 4 (total 3)
L 06/02/2020 - 03:01:22: [SM] Blaming: admincheats.smx
L 06/02/2020 - 03:01:22: [SM] Call stack trace:
L 06/02/2020 - 03:01:22: [SM]   [0] PrintToConsole
L 06/02/2020 - 03:01:22: [SM]   [1] Line 75, /home/forums/content/files/7/2/34150.attach::cheatcommand
L 06/02/2020 - 03:01:22: [SM] Exception reported: String formatted incorrectly - parameter 4 (total 3)
L 06/02/2020 - 03:01:22: [SM] Blaming: admincheats.smx
L 06/02/2020 - 03:01:22: [SM] Call stack trace:
L 06/02/2020 - 03:01:22: [SM]   [0] PrintToConsole
L 06/02/2020 - 03:01:22: [SM]   [1] Line 75, /home/forums/content/files/7/2/34150.attach::cheatcommand
L 06/02/2020 - 03:01:22: [SM] Exception reported: String formatted incorrectly - parameter 4 (total 3)
L 06/02/2020 - 03:01:22: [SM] Blaming: admincheats.smx
L 06/02/2020 - 03:01:22: [SM] Call stack trace:
L 06/02/2020 - 03:01:22: [SM]   [0] PrintToConsole
L 06/02/2020 - 03:01:22: [SM]   [1] Line 75, /home/forums/content/files/7/2/34150.attach::cheatcommand
L 06/02/2020 - 03:01:23: [SM] Exception reported: String formatted incorrectly - parameter 4 (total 3)
L 06/02/2020 - 03:01:23: [SM] Blaming: admincheats.smx
L 06/02/2020 - 03:01:23: [SM] Call stack trace:
L 06/02/2020 - 03:01:23: [SM]   [0] PrintToConsole
L 06/02/2020 - 03:01:23: [SM]   [1] Line 75, /home/forums/content/files/7/2/34150.attach::cheatcommand
L 06/02/2020 - 03:01:23: [SM] Exception reported: String formatted incorrectly - parameter 4 (total 3)
L 06/02/2020 - 03:01:23: [SM] Blaming: admincheats.smx
L 06/02/2020 - 03:01:23: [SM] Call stack trace:
L 06/02/2020 - 03:01:23: [SM]   [0] PrintToConsole
L 06/02/2020 - 03:01:23: [SM]   [1] Line 75, /home/forums/content/files/7/2/34150.attach::cheatcommand
L 06/02/2020 - 03:01:23: [SM] Exception reported: String formatted incorrectly - parameter 4 (total 3)
L 06/02/2020 - 03:01:23: [SM] Blaming: admincheats.smx
L 06/02/2020 - 03:01:23: [SM] Call stack trace:
L 06/02/2020 - 03:01:23: [SM]   [0] PrintToConsole
L 06/02/2020 - 03:01:23: [SM]   [1] Line 75, /home/forums/content/files/7/2/34150.attach::cheatcommand
L 06/02/2020 - 03:01:24: [SM] Exception reported: String formatted incorrectly - parameter 4 (total 3)
L 06/02/2020 - 03:01:24: [SM] Blaming: admincheats.smx
L 06/02/2020 - 03:01:24: [SM] Call stack trace:
L 06/02/2020 - 03:01:24: [SM]   [0] PrintToConsole
L 06/02/2020 - 03:01:24: [SM]   [1] Line 75, /home/forums/content/files/7/2/34150.attach::cheatcommand
L 06/02/2020 - 03:01:24: [SM] Exception reported: String formatted incorrectly - parameter 4 (total 3)
L 06/02/2020 - 03:01:24: [SM] Blaming: admincheats.smx
L 06/02/2020 - 03:01:24: [SM] Call stack trace:
L 06/02/2020 - 03:01:24: [SM]   [0] PrintToConsole
L 06/02/2020 - 03:01:24: [SM]   [1] Line 75, /home/forums/content/files/7/2/34150.attach::cheatcommand
