L 07/14/2021 - 04:01:35: SourceMod error session started
L 07/14/2021 - 04:01:35: Info (map "plr_hightower") (file "/hlserver/tf2/tf/addons/sourcemod/logs/errors_20210714.log")
L 07/14/2021 - 04:01:35: [tf2attributes.smx] Could not initialize call to CEconItem::SetCustomName
L 07/14/2021 - 20:39:08: SourceMod error session started
L 07/14/2021 - 20:39:08: Info (map "plr_hightower") (file "/hlserver/tf2/tf/addons/sourcemod/logs/errors_20210714.log")
L 07/14/2021 - 20:39:08: [tf2attributes.smx] Could not initialize call to CEconItem::SetCustomName
L 07/14/2021 - 20:43:06: SourceMod error session started
L 07/14/2021 - 20:43:06: Info (map "plr_hightower") (file "/hlserver/tf2/tf/addons/sourcemod/logs/errors_20210714.log")
L 07/14/2021 - 20:43:06: [tf2attributes.smx] Could not initialize call to CEconItem::SetCustomName
L 07/14/2021 - 21:05:55: [SM] Exception reported: String formatted incorrectly - parameter 4 (total 3)
L 07/14/2021 - 21:05:55: [SM] Blaming: admincheats.smx
L 07/14/2021 - 21:05:55: [SM] Call stack trace:
L 07/14/2021 - 21:05:55: [SM]   [0] PrintToConsole
L 07/14/2021 - 21:05:55: [SM]   [1] Line 75, /home/forums/content/files/7/2/34150.attach::cheatcommand
L 07/14/2021 - 21:06:14: [SM] Exception reported: String formatted incorrectly - parameter 4 (total 3)
L 07/14/2021 - 21:06:14: [SM] Blaming: admincheats.smx
L 07/14/2021 - 21:06:14: [SM] Call stack trace:
L 07/14/2021 - 21:06:14: [SM]   [0] PrintToConsole
L 07/14/2021 - 21:06:14: [SM]   [1] Line 75, /home/forums/content/files/7/2/34150.attach::cheatcommand
L 07/14/2021 - 21:06:37: [SM] Exception reported: String formatted incorrectly - parameter 4 (total 3)
L 07/14/2021 - 21:06:37: [SM] Blaming: admincheats.smx
L 07/14/2021 - 21:06:37: [SM] Call stack trace:
L 07/14/2021 - 21:06:37: [SM]   [0] PrintToConsole
L 07/14/2021 - 21:06:37: [SM]   [1] Line 75, /home/forums/content/files/7/2/34150.attach::cheatcommand
L 07/14/2021 - 21:06:48: [SM] Exception reported: String formatted incorrectly - parameter 4 (total 3)
L 07/14/2021 - 21:06:48: [SM] Blaming: admincheats.smx
L 07/14/2021 - 21:06:48: [SM] Call stack trace:
L 07/14/2021 - 21:06:48: [SM]   [0] PrintToConsole
L 07/14/2021 - 21:06:48: [SM]   [1] Line 75, /home/forums/content/files/7/2/34150.attach::cheatcommand
L 07/14/2021 - 21:07:09: [SM] Exception reported: String formatted incorrectly - parameter 4 (total 3)
L 07/14/2021 - 21:07:09: [SM] Blaming: admincheats.smx
L 07/14/2021 - 21:07:09: [SM] Call stack trace:
L 07/14/2021 - 21:07:09: [SM]   [0] PrintToConsole
L 07/14/2021 - 21:07:09: [SM]   [1] Line 75, /home/forums/content/files/7/2/34150.attach::cheatcommand
L 07/14/2021 - 21:07:16: [SM] Exception reported: String formatted incorrectly - parameter 4 (total 3)
L 07/14/2021 - 21:07:16: [SM] Blaming: admincheats.smx
L 07/14/2021 - 21:07:16: [SM] Call stack trace:
L 07/14/2021 - 21:07:16: [SM]   [0] PrintToConsole
L 07/14/2021 - 21:07:16: [SM]   [1] Line 75, /home/forums/content/files/7/2/34150.attach::cheatcommand
L 07/14/2021 - 21:07:35: [SM] Exception reported: String formatted incorrectly - parameter 4 (total 3)
L 07/14/2021 - 21:07:35: [SM] Blaming: admincheats.smx
L 07/14/2021 - 21:07:35: [SM] Call stack trace:
L 07/14/2021 - 21:07:35: [SM]   [0] PrintToConsole
L 07/14/2021 - 21:07:35: [SM]   [1] Line 75, /home/forums/content/files/7/2/34150.attach::cheatcommand
L 07/14/2021 - 21:07:36: [SM] Exception reported: String formatted incorrectly - parameter 4 (total 3)
L 07/14/2021 - 21:07:36: [SM] Blaming: admincheats.smx
L 07/14/2021 - 21:07:36: [SM] Call stack trace:
L 07/14/2021 - 21:07:36: [SM]   [0] PrintToConsole
L 07/14/2021 - 21:07:36: [SM]   [1] Line 75, /home/forums/content/files/7/2/34150.attach::cheatcommand
L 07/14/2021 - 21:07:36: [SM] Exception reported: String formatted incorrectly - parameter 4 (total 3)
L 07/14/2021 - 21:07:36: [SM] Blaming: admincheats.smx
L 07/14/2021 - 21:07:36: [SM] Call stack trace:
L 07/14/2021 - 21:07:36: [SM]   [0] PrintToConsole
L 07/14/2021 - 21:07:36: [SM]   [1] Line 75, /home/forums/content/files/7/2/34150.attach::cheatcommand
L 07/14/2021 - 21:07:36: [SM] Exception reported: String formatted incorrectly - parameter 4 (total 3)
L 07/14/2021 - 21:07:36: [SM] Blaming: admincheats.smx
L 07/14/2021 - 21:07:36: [SM] Call stack trace:
L 07/14/2021 - 21:07:36: [SM]   [0] PrintToConsole
L 07/14/2021 - 21:07:36: [SM]   [1] Line 75, /home/forums/content/files/7/2/34150.attach::cheatcommand
L 07/14/2021 - 21:07:36: [SM] Exception reported: String formatted incorrectly - parameter 4 (total 3)
L 07/14/2021 - 21:07:36: [SM] Blaming: admincheats.smx
L 07/14/2021 - 21:07:36: [SM] Call stack trace:
L 07/14/2021 - 21:07:36: [SM]   [0] PrintToConsole
L 07/14/2021 - 21:07:36: [SM]   [1] Line 75, /home/forums/content/files/7/2/34150.attach::cheatcommand
L 07/14/2021 - 21:07:36: [SM] Exception reported: String formatted incorrectly - parameter 4 (total 3)
L 07/14/2021 - 21:07:36: [SM] Blaming: admincheats.smx
L 07/14/2021 - 21:07:36: [SM] Call stack trace:
L 07/14/2021 - 21:07:36: [SM]   [0] PrintToConsole
L 07/14/2021 - 21:07:36: [SM]   [1] Line 75, /home/forums/content/files/7/2/34150.attach::cheatcommand
L 07/14/2021 - 21:07:36: [SM] Exception reported: String formatted incorrectly - parameter 4 (total 3)
L 07/14/2021 - 21:07:36: [SM] Blaming: admincheats.smx
L 07/14/2021 - 21:07:36: [SM] Call stack trace:
L 07/14/2021 - 21:07:36: [SM]   [0] PrintToConsole
L 07/14/2021 - 21:07:36: [SM]   [1] Line 75, /home/forums/content/files/7/2/34150.attach::cheatcommand
L 07/14/2021 - 21:07:37: [SM] Exception reported: String formatted incorrectly - parameter 4 (total 3)
L 07/14/2021 - 21:07:37: [SM] Blaming: admincheats.smx
L 07/14/2021 - 21:07:37: [SM] Call stack trace:
L 07/14/2021 - 21:07:37: [SM]   [0] PrintToConsole
L 07/14/2021 - 21:07:37: [SM]   [1] Line 75, /home/forums/content/files/7/2/34150.attach::cheatcommand
L 07/14/2021 - 21:07:37: [SM] Exception reported: String formatted incorrectly - parameter 4 (total 3)
L 07/14/2021 - 21:07:37: [SM] Blaming: admincheats.smx
L 07/14/2021 - 21:07:37: [SM] Call stack trace:
L 07/14/2021 - 21:07:37: [SM]   [0] PrintToConsole
L 07/14/2021 - 21:07:37: [SM]   [1] Line 75, /home/forums/content/files/7/2/34150.attach::cheatcommand
L 07/14/2021 - 21:07:37: [SM] Exception reported: String formatted incorrectly - parameter 4 (total 3)
L 07/14/2021 - 21:07:37: [SM] Blaming: admincheats.smx
L 07/14/2021 - 21:07:37: [SM] Call stack trace:
L 07/14/2021 - 21:07:37: [SM]   [0] PrintToConsole
L 07/14/2021 - 21:07:37: [SM]   [1] Line 75, /home/forums/content/files/7/2/34150.attach::cheatcommand
L 07/14/2021 - 21:07:37: [SM] Exception reported: String formatted incorrectly - parameter 4 (total 3)
L 07/14/2021 - 21:07:37: [SM] Blaming: admincheats.smx
L 07/14/2021 - 21:07:37: [SM] Call stack trace:
L 07/14/2021 - 21:07:37: [SM]   [0] PrintToConsole
L 07/14/2021 - 21:07:37: [SM]   [1] Line 75, /home/forums/content/files/7/2/34150.attach::cheatcommand
L 07/14/2021 - 21:07:37: [SM] Exception reported: String formatted incorrectly - parameter 4 (total 3)
L 07/14/2021 - 21:07:37: [SM] Blaming: admincheats.smx
L 07/14/2021 - 21:07:37: [SM] Call stack trace:
L 07/14/2021 - 21:07:37: [SM]   [0] PrintToConsole
L 07/14/2021 - 21:07:37: [SM]   [1] Line 75, /home/forums/content/files/7/2/34150.attach::cheatcommand
L 07/14/2021 - 21:07:37: [SM] Exception reported: String formatted incorrectly - parameter 4 (total 3)
L 07/14/2021 - 21:07:37: [SM] Blaming: admincheats.smx
L 07/14/2021 - 21:07:37: [SM] Call stack trace:
L 07/14/2021 - 21:07:37: [SM]   [0] PrintToConsole
L 07/14/2021 - 21:07:37: [SM]   [1] Line 75, /home/forums/content/files/7/2/34150.attach::cheatcommand
L 07/14/2021 - 21:07:38: [SM] Exception reported: String formatted incorrectly - parameter 4 (total 3)
L 07/14/2021 - 21:07:38: [SM] Blaming: admincheats.smx
L 07/14/2021 - 21:07:38: [SM] Call stack trace:
L 07/14/2021 - 21:07:38: [SM]   [0] PrintToConsole
L 07/14/2021 - 21:07:38: [SM]   [1] Line 75, /home/forums/content/files/7/2/34150.attach::cheatcommand
L 07/14/2021 - 21:07:38: [SM] Exception reported: String formatted incorrectly - parameter 4 (total 3)
L 07/14/2021 - 21:07:38: [SM] Blaming: admincheats.smx
L 07/14/2021 - 21:07:38: [SM] Call stack trace:
L 07/14/2021 - 21:07:38: [SM]   [0] PrintToConsole
L 07/14/2021 - 21:07:38: [SM]   [1] Line 75, /home/forums/content/files/7/2/34150.attach::cheatcommand
L 07/14/2021 - 21:07:38: [SM] Exception reported: String formatted incorrectly - parameter 4 (total 3)
L 07/14/2021 - 21:07:38: [SM] Blaming: admincheats.smx
L 07/14/2021 - 21:07:38: [SM] Call stack trace:
L 07/14/2021 - 21:07:38: [SM]   [0] PrintToConsole
L 07/14/2021 - 21:07:38: [SM]   [1] Line 75, /home/forums/content/files/7/2/34150.attach::cheatcommand
L 07/14/2021 - 21:07:38: [SM] Exception reported: String formatted incorrectly - parameter 4 (total 3)
L 07/14/2021 - 21:07:38: [SM] Blaming: admincheats.smx
L 07/14/2021 - 21:07:38: [SM] Call stack trace:
L 07/14/2021 - 21:07:38: [SM]   [0] PrintToConsole
L 07/14/2021 - 21:07:38: [SM]   [1] Line 75, /home/forums/content/files/7/2/34150.attach::cheatcommand
L 07/14/2021 - 21:07:38: [SM] Exception reported: String formatted incorrectly - parameter 4 (total 3)
L 07/14/2021 - 21:07:38: [SM] Blaming: admincheats.smx
L 07/14/2021 - 21:07:38: [SM] Call stack trace:
L 07/14/2021 - 21:07:38: [SM]   [0] PrintToConsole
L 07/14/2021 - 21:07:38: [SM]   [1] Line 75, /home/forums/content/files/7/2/34150.attach::cheatcommand
L 07/14/2021 - 21:07:57: [SM] Exception reported: String formatted incorrectly - parameter 4 (total 3)
L 07/14/2021 - 21:07:57: [SM] Blaming: admincheats.smx
L 07/14/2021 - 21:07:57: [SM] Call stack trace:
L 07/14/2021 - 21:07:57: [SM]   [0] PrintToConsole
L 07/14/2021 - 21:07:57: [SM]   [1] Line 75, /home/forums/content/files/7/2/34150.attach::cheatcommand
L 07/14/2021 - 21:07:57: [SM] Exception reported: String formatted incorrectly - parameter 4 (total 3)
L 07/14/2021 - 21:07:57: [SM] Blaming: admincheats.smx
L 07/14/2021 - 21:07:57: [SM] Call stack trace:
L 07/14/2021 - 21:07:57: [SM]   [0] PrintToConsole
L 07/14/2021 - 21:07:57: [SM]   [1] Line 75, /home/forums/content/files/7/2/34150.attach::cheatcommand
L 07/14/2021 - 21:07:57: [SM] Exception reported: String formatted incorrectly - parameter 4 (total 3)
L 07/14/2021 - 21:07:57: [SM] Blaming: admincheats.smx
L 07/14/2021 - 21:07:57: [SM] Call stack trace:
L 07/14/2021 - 21:07:57: [SM]   [0] PrintToConsole
L 07/14/2021 - 21:07:57: [SM]   [1] Line 75, /home/forums/content/files/7/2/34150.attach::cheatcommand
L 07/14/2021 - 21:07:57: [SM] Exception reported: String formatted incorrectly - parameter 4 (total 3)
L 07/14/2021 - 21:07:57: [SM] Blaming: admincheats.smx
L 07/14/2021 - 21:07:57: [SM] Call stack trace:
L 07/14/2021 - 21:07:57: [SM]   [0] PrintToConsole
L 07/14/2021 - 21:07:57: [SM]   [1] Line 75, /home/forums/content/files/7/2/34150.attach::cheatcommand
L 07/14/2021 - 21:07:58: [SM] Exception reported: String formatted incorrectly - parameter 4 (total 3)
L 07/14/2021 - 21:07:58: [SM] Blaming: admincheats.smx
L 07/14/2021 - 21:07:58: [SM] Call stack trace:
L 07/14/2021 - 21:07:58: [SM]   [0] PrintToConsole
L 07/14/2021 - 21:07:58: [SM]   [1] Line 75, /home/forums/content/files/7/2/34150.attach::cheatcommand
L 07/14/2021 - 21:07:58: [SM] Exception reported: String formatted incorrectly - parameter 4 (total 3)
L 07/14/2021 - 21:07:58: [SM] Blaming: admincheats.smx
L 07/14/2021 - 21:07:58: [SM] Call stack trace:
L 07/14/2021 - 21:07:58: [SM]   [0] PrintToConsole
L 07/14/2021 - 21:07:58: [SM]   [1] Line 75, /home/forums/content/files/7/2/34150.attach::cheatcommand
L 07/14/2021 - 21:07:58: [SM] Exception reported: String formatted incorrectly - parameter 4 (total 3)
L 07/14/2021 - 21:07:58: [SM] Blaming: admincheats.smx
L 07/14/2021 - 21:07:58: [SM] Call stack trace:
L 07/14/2021 - 21:07:58: [SM]   [0] PrintToConsole
L 07/14/2021 - 21:07:58: [SM]   [1] Line 75, /home/forums/content/files/7/2/34150.attach::cheatcommand
L 07/14/2021 - 21:07:58: [SM] Exception reported: String formatted incorrectly - parameter 4 (total 3)
L 07/14/2021 - 21:07:58: [SM] Blaming: admincheats.smx
L 07/14/2021 - 21:07:58: [SM] Call stack trace:
L 07/14/2021 - 21:07:58: [SM]   [0] PrintToConsole
L 07/14/2021 - 21:07:58: [SM]   [1] Line 75, /home/forums/content/files/7/2/34150.attach::cheatcommand
L 07/14/2021 - 21:07:58: [SM] Exception reported: String formatted incorrectly - parameter 4 (total 3)
L 07/14/2021 - 21:07:58: [SM] Blaming: admincheats.smx
L 07/14/2021 - 21:07:58: [SM] Call stack trace:
L 07/14/2021 - 21:07:58: [SM]   [0] PrintToConsole
L 07/14/2021 - 21:07:58: [SM]   [1] Line 75, /home/forums/content/files/7/2/34150.attach::cheatcommand
L 07/14/2021 - 21:07:59: [SM] Exception reported: String formatted incorrectly - parameter 4 (total 3)
L 07/14/2021 - 21:07:59: [SM] Blaming: admincheats.smx
L 07/14/2021 - 21:07:59: [SM] Call stack trace:
L 07/14/2021 - 21:07:59: [SM]   [0] PrintToConsole
L 07/14/2021 - 21:07:59: [SM]   [1] Line 75, /home/forums/content/files/7/2/34150.attach::cheatcommand
L 07/14/2021 - 21:07:59: [SM] Exception reported: String formatted incorrectly - parameter 4 (total 3)
L 07/14/2021 - 21:07:59: [SM] Blaming: admincheats.smx
L 07/14/2021 - 21:07:59: [SM] Call stack trace:
L 07/14/2021 - 21:07:59: [SM]   [0] PrintToConsole
L 07/14/2021 - 21:07:59: [SM]   [1] Line 75, /home/forums/content/files/7/2/34150.attach::cheatcommand
L 07/14/2021 - 21:07:59: [SM] Exception reported: String formatted incorrectly - parameter 4 (total 3)
L 07/14/2021 - 21:07:59: [SM] Blaming: admincheats.smx
L 07/14/2021 - 21:07:59: [SM] Call stack trace:
L 07/14/2021 - 21:07:59: [SM]   [0] PrintToConsole
L 07/14/2021 - 21:07:59: [SM]   [1] Line 75, /home/forums/content/files/7/2/34150.attach::cheatcommand
L 07/14/2021 - 21:07:59: [SM] Exception reported: String formatted incorrectly - parameter 4 (total 3)
L 07/14/2021 - 21:07:59: [SM] Blaming: admincheats.smx
L 07/14/2021 - 21:07:59: [SM] Call stack trace:
L 07/14/2021 - 21:07:59: [SM]   [0] PrintToConsole
L 07/14/2021 - 21:07:59: [SM]   [1] Line 75, /home/forums/content/files/7/2/34150.attach::cheatcommand
L 07/14/2021 - 21:07:59: [SM] Exception reported: String formatted incorrectly - parameter 4 (total 3)
L 07/14/2021 - 21:07:59: [SM] Blaming: admincheats.smx
L 07/14/2021 - 21:07:59: [SM] Call stack trace:
L 07/14/2021 - 21:07:59: [SM]   [0] PrintToConsole
L 07/14/2021 - 21:07:59: [SM]   [1] Line 75, /home/forums/content/files/7/2/34150.attach::cheatcommand
L 07/14/2021 - 21:07:59: [SM] Exception reported: String formatted incorrectly - parameter 4 (total 3)
L 07/14/2021 - 21:07:59: [SM] Blaming: admincheats.smx
L 07/14/2021 - 21:07:59: [SM] Call stack trace:
L 07/14/2021 - 21:07:59: [SM]   [0] PrintToConsole
L 07/14/2021 - 21:07:59: [SM]   [1] Line 75, /home/forums/content/files/7/2/34150.attach::cheatcommand
L 07/14/2021 - 21:08:00: [SM] Exception reported: String formatted incorrectly - parameter 4 (total 3)
L 07/14/2021 - 21:08:00: [SM] Blaming: admincheats.smx
L 07/14/2021 - 21:08:00: [SM] Call stack trace:
L 07/14/2021 - 21:08:00: [SM]   [0] PrintToConsole
L 07/14/2021 - 21:08:00: [SM]   [1] Line 75, /home/forums/content/files/7/2/34150.attach::cheatcommand
L 07/14/2021 - 21:08:00: [SM] Exception reported: String formatted incorrectly - parameter 4 (total 3)
L 07/14/2021 - 21:08:00: [SM] Blaming: admincheats.smx
L 07/14/2021 - 21:08:00: [SM] Call stack trace:
L 07/14/2021 - 21:08:00: [SM]   [0] PrintToConsole
L 07/14/2021 - 21:08:00: [SM]   [1] Line 75, /home/forums/content/files/7/2/34150.attach::cheatcommand
L 07/14/2021 - 21:08:00: [SM] Exception reported: String formatted incorrectly - parameter 4 (total 3)
L 07/14/2021 - 21:08:00: [SM] Blaming: admincheats.smx
L 07/14/2021 - 21:08:00: [SM] Call stack trace:
L 07/14/2021 - 21:08:00: [SM]   [0] PrintToConsole
L 07/14/2021 - 21:08:00: [SM]   [1] Line 75, /home/forums/content/files/7/2/34150.attach::cheatcommand
L 07/14/2021 - 21:08:00: [SM] Exception reported: String formatted incorrectly - parameter 4 (total 3)
L 07/14/2021 - 21:08:00: [SM] Blaming: admincheats.smx
L 07/14/2021 - 21:08:00: [SM] Call stack trace:
L 07/14/2021 - 21:08:00: [SM]   [0] PrintToConsole
L 07/14/2021 - 21:08:00: [SM]   [1] Line 75, /home/forums/content/files/7/2/34150.attach::cheatcommand
L 07/14/2021 - 21:08:00: [SM] Exception reported: String formatted incorrectly - parameter 4 (total 3)
L 07/14/2021 - 21:08:00: [SM] Blaming: admincheats.smx
L 07/14/2021 - 21:08:00: [SM] Call stack trace:
L 07/14/2021 - 21:08:00: [SM]   [0] PrintToConsole
L 07/14/2021 - 21:08:00: [SM]   [1] Line 75, /home/forums/content/files/7/2/34150.attach::cheatcommand
L 07/14/2021 - 21:08:01: [SM] Exception reported: String formatted incorrectly - parameter 4 (total 3)
L 07/14/2021 - 21:08:01: [SM] Blaming: admincheats.smx
L 07/14/2021 - 21:08:01: [SM] Call stack trace:
L 07/14/2021 - 21:08:01: [SM]   [0] PrintToConsole
L 07/14/2021 - 21:08:01: [SM]   [1] Line 75, /home/forums/content/files/7/2/34150.attach::cheatcommand
L 07/14/2021 - 21:08:01: [SM] Exception reported: String formatted incorrectly - parameter 4 (total 3)
L 07/14/2021 - 21:08:01: [SM] Blaming: admincheats.smx
L 07/14/2021 - 21:08:01: [SM] Call stack trace:
L 07/14/2021 - 21:08:01: [SM]   [0] PrintToConsole
L 07/14/2021 - 21:08:01: [SM]   [1] Line 75, /home/forums/content/files/7/2/34150.attach::cheatcommand
L 07/14/2021 - 21:08:01: [SM] Exception reported: String formatted incorrectly - parameter 4 (total 3)
L 07/14/2021 - 21:08:01: [SM] Blaming: admincheats.smx
L 07/14/2021 - 21:08:01: [SM] Call stack trace:
L 07/14/2021 - 21:08:01: [SM]   [0] PrintToConsole
L 07/14/2021 - 21:08:01: [SM]   [1] Line 75, /home/forums/content/files/7/2/34150.attach::cheatcommand
L 07/14/2021 - 21:08:01: [SM] Exception reported: String formatted incorrectly - parameter 4 (total 3)
L 07/14/2021 - 21:08:01: [SM] Blaming: admincheats.smx
L 07/14/2021 - 21:08:01: [SM] Call stack trace:
L 07/14/2021 - 21:08:01: [SM]   [0] PrintToConsole
L 07/14/2021 - 21:08:01: [SM]   [1] Line 75, /home/forums/content/files/7/2/34150.attach::cheatcommand
L 07/14/2021 - 21:08:01: [SM] Exception reported: String formatted incorrectly - parameter 4 (total 3)
L 07/14/2021 - 21:08:01: [SM] Blaming: admincheats.smx
L 07/14/2021 - 21:08:01: [SM] Call stack trace:
L 07/14/2021 - 21:08:01: [SM]   [0] PrintToConsole
L 07/14/2021 - 21:08:01: [SM]   [1] Line 75, /home/forums/content/files/7/2/34150.attach::cheatcommand
L 07/14/2021 - 21:08:04: [SM] Exception reported: String formatted incorrectly - parameter 4 (total 3)
L 07/14/2021 - 21:08:04: [SM] Blaming: admincheats.smx
L 07/14/2021 - 21:08:04: [SM] Call stack trace:
L 07/14/2021 - 21:08:04: [SM]   [0] PrintToConsole
L 07/14/2021 - 21:08:04: [SM]   [1] Line 75, /home/forums/content/files/7/2/34150.attach::cheatcommand
L 07/14/2021 - 21:08:04: [SM] Exception reported: String formatted incorrectly - parameter 4 (total 3)
L 07/14/2021 - 21:08:04: [SM] Blaming: admincheats.smx
L 07/14/2021 - 21:08:04: [SM] Call stack trace:
L 07/14/2021 - 21:08:04: [SM]   [0] PrintToConsole
L 07/14/2021 - 21:08:04: [SM]   [1] Line 75, /home/forums/content/files/7/2/34150.attach::cheatcommand
L 07/14/2021 - 21:08:04: [SM] Exception reported: String formatted incorrectly - parameter 4 (total 3)
L 07/14/2021 - 21:08:04: [SM] Blaming: admincheats.smx
L 07/14/2021 - 21:08:04: [SM] Call stack trace:
L 07/14/2021 - 21:08:04: [SM]   [0] PrintToConsole
L 07/14/2021 - 21:08:04: [SM]   [1] Line 75, /home/forums/content/files/7/2/34150.attach::cheatcommand
L 07/14/2021 - 21:08:04: [SM] Exception reported: String formatted incorrectly - parameter 4 (total 3)
L 07/14/2021 - 21:08:04: [SM] Blaming: admincheats.smx
L 07/14/2021 - 21:08:04: [SM] Call stack trace:
L 07/14/2021 - 21:08:04: [SM]   [0] PrintToConsole
L 07/14/2021 - 21:08:04: [SM]   [1] Line 75, /home/forums/content/files/7/2/34150.attach::cheatcommand
L 07/14/2021 - 21:08:05: [SM] Exception reported: String formatted incorrectly - parameter 4 (total 3)
L 07/14/2021 - 21:08:05: [SM] Blaming: admincheats.smx
L 07/14/2021 - 21:08:05: [SM] Call stack trace:
L 07/14/2021 - 21:08:05: [SM]   [0] PrintToConsole
L 07/14/2021 - 21:08:05: [SM]   [1] Line 75, /home/forums/content/files/7/2/34150.attach::cheatcommand
L 07/14/2021 - 21:08:05: [SM] Exception reported: String formatted incorrectly - parameter 4 (total 3)
L 07/14/2021 - 21:08:05: [SM] Blaming: admincheats.smx
L 07/14/2021 - 21:08:05: [SM] Call stack trace:
L 07/14/2021 - 21:08:05: [SM]   [0] PrintToConsole
L 07/14/2021 - 21:08:05: [SM]   [1] Line 75, /home/forums/content/files/7/2/34150.attach::cheatcommand
L 07/14/2021 - 21:08:05: [SM] Exception reported: String formatted incorrectly - parameter 4 (total 3)
L 07/14/2021 - 21:08:05: [SM] Blaming: admincheats.smx
L 07/14/2021 - 21:08:05: [SM] Call stack trace:
L 07/14/2021 - 21:08:05: [SM]   [0] PrintToConsole
L 07/14/2021 - 21:08:05: [SM]   [1] Line 75, /home/forums/content/files/7/2/34150.attach::cheatcommand
L 07/14/2021 - 21:08:05: [SM] Exception reported: String formatted incorrectly - parameter 4 (total 3)
L 07/14/2021 - 21:08:05: [SM] Blaming: admincheats.smx
L 07/14/2021 - 21:08:05: [SM] Call stack trace:
L 07/14/2021 - 21:08:05: [SM]   [0] PrintToConsole
L 07/14/2021 - 21:08:05: [SM]   [1] Line 75, /home/forums/content/files/7/2/34150.attach::cheatcommand
L 07/14/2021 - 21:08:05: [SM] Exception reported: String formatted incorrectly - parameter 4 (total 3)
L 07/14/2021 - 21:08:05: [SM] Blaming: admincheats.smx
L 07/14/2021 - 21:08:05: [SM] Call stack trace:
L 07/14/2021 - 21:08:05: [SM]   [0] PrintToConsole
L 07/14/2021 - 21:08:05: [SM]   [1] Line 75, /home/forums/content/files/7/2/34150.attach::cheatcommand
L 07/14/2021 - 21:08:06: [SM] Exception reported: String formatted incorrectly - parameter 4 (total 3)
L 07/14/2021 - 21:08:06: [SM] Blaming: admincheats.smx
L 07/14/2021 - 21:08:06: [SM] Call stack trace:
L 07/14/2021 - 21:08:06: [SM]   [0] PrintToConsole
L 07/14/2021 - 21:08:06: [SM]   [1] Line 75, /home/forums/content/files/7/2/34150.attach::cheatcommand
L 07/14/2021 - 21:08:06: [SM] Exception reported: String formatted incorrectly - parameter 4 (total 3)
L 07/14/2021 - 21:08:06: [SM] Blaming: admincheats.smx
L 07/14/2021 - 21:08:06: [SM] Call stack trace:
L 07/14/2021 - 21:08:06: [SM]   [0] PrintToConsole
L 07/14/2021 - 21:08:06: [SM]   [1] Line 75, /home/forums/content/files/7/2/34150.attach::cheatcommand
L 07/14/2021 - 21:08:06: [SM] Exception reported: String formatted incorrectly - parameter 4 (total 3)
L 07/14/2021 - 21:08:06: [SM] Blaming: admincheats.smx
L 07/14/2021 - 21:08:06: [SM] Call stack trace:
L 07/14/2021 - 21:08:06: [SM]   [0] PrintToConsole
L 07/14/2021 - 21:08:06: [SM]   [1] Line 75, /home/forums/content/files/7/2/34150.attach::cheatcommand
L 07/14/2021 - 21:08:07: [SM] Exception reported: String formatted incorrectly - parameter 4 (total 3)
L 07/14/2021 - 21:08:07: [SM] Blaming: admincheats.smx
L 07/14/2021 - 21:08:07: [SM] Call stack trace:
L 07/14/2021 - 21:08:07: [SM]   [0] PrintToConsole
L 07/14/2021 - 21:08:07: [SM]   [1] Line 75, /home/forums/content/files/7/2/34150.attach::cheatcommand
L 07/14/2021 - 21:08:07: [SM] Exception reported: String formatted incorrectly - parameter 4 (total 3)
L 07/14/2021 - 21:08:07: [SM] Blaming: admincheats.smx
L 07/14/2021 - 21:08:07: [SM] Call stack trace:
L 07/14/2021 - 21:08:07: [SM]   [0] PrintToConsole
L 07/14/2021 - 21:08:07: [SM]   [1] Line 75, /home/forums/content/files/7/2/34150.attach::cheatcommand
L 07/14/2021 - 21:08:07: [SM] Exception reported: String formatted incorrectly - parameter 4 (total 3)
L 07/14/2021 - 21:08:07: [SM] Blaming: admincheats.smx
L 07/14/2021 - 21:08:07: [SM] Call stack trace:
L 07/14/2021 - 21:08:07: [SM]   [0] PrintToConsole
L 07/14/2021 - 21:08:07: [SM]   [1] Line 75, /home/forums/content/files/7/2/34150.attach::cheatcommand
L 07/14/2021 - 21:08:07: [SM] Exception reported: String formatted incorrectly - parameter 4 (total 3)
L 07/14/2021 - 21:08:07: [SM] Blaming: admincheats.smx
L 07/14/2021 - 21:08:07: [SM] Call stack trace:
L 07/14/2021 - 21:08:07: [SM]   [0] PrintToConsole
L 07/14/2021 - 21:08:07: [SM]   [1] Line 75, /home/forums/content/files/7/2/34150.attach::cheatcommand
L 07/14/2021 - 21:08:08: [SM] Exception reported: String formatted incorrectly - parameter 4 (total 3)
L 07/14/2021 - 21:08:08: [SM] Blaming: admincheats.smx
L 07/14/2021 - 21:08:08: [SM] Call stack trace:
L 07/14/2021 - 21:08:08: [SM]   [0] PrintToConsole
L 07/14/2021 - 21:08:08: [SM]   [1] Line 75, /home/forums/content/files/7/2/34150.attach::cheatcommand
L 07/14/2021 - 21:08:08: [SM] Exception reported: String formatted incorrectly - parameter 4 (total 3)
L 07/14/2021 - 21:08:08: [SM] Blaming: admincheats.smx
L 07/14/2021 - 21:08:08: [SM] Call stack trace:
L 07/14/2021 - 21:08:08: [SM]   [0] PrintToConsole
L 07/14/2021 - 21:08:08: [SM]   [1] Line 75, /home/forums/content/files/7/2/34150.attach::cheatcommand
L 07/14/2021 - 21:08:08: [SM] Exception reported: String formatted incorrectly - parameter 4 (total 3)
L 07/14/2021 - 21:08:08: [SM] Blaming: admincheats.smx
L 07/14/2021 - 21:08:08: [SM] Call stack trace:
L 07/14/2021 - 21:08:08: [SM]   [0] PrintToConsole
L 07/14/2021 - 21:08:08: [SM]   [1] Line 75, /home/forums/content/files/7/2/34150.attach::cheatcommand
L 07/14/2021 - 21:08:08: [SM] Exception reported: String formatted incorrectly - parameter 4 (total 3)
L 07/14/2021 - 21:08:08: [SM] Blaming: admincheats.smx
L 07/14/2021 - 21:08:08: [SM] Call stack trace:
L 07/14/2021 - 21:08:08: [SM]   [0] PrintToConsole
L 07/14/2021 - 21:08:08: [SM]   [1] Line 75, /home/forums/content/files/7/2/34150.attach::cheatcommand
L 07/14/2021 - 21:08:08: [SM] Exception reported: String formatted incorrectly - parameter 4 (total 3)
L 07/14/2021 - 21:08:08: [SM] Blaming: admincheats.smx
L 07/14/2021 - 21:08:08: [SM] Call stack trace:
L 07/14/2021 - 21:08:08: [SM]   [0] PrintToConsole
L 07/14/2021 - 21:08:08: [SM]   [1] Line 75, /home/forums/content/files/7/2/34150.attach::cheatcommand
L 07/14/2021 - 21:08:09: [SM] Exception reported: String formatted incorrectly - parameter 4 (total 3)
L 07/14/2021 - 21:08:09: [SM] Blaming: admincheats.smx
L 07/14/2021 - 21:08:09: [SM] Call stack trace:
L 07/14/2021 - 21:08:09: [SM]   [0] PrintToConsole
L 07/14/2021 - 21:08:09: [SM]   [1] Line 75, /home/forums/content/files/7/2/34150.attach::cheatcommand
L 07/14/2021 - 21:08:09: [SM] Exception reported: String formatted incorrectly - parameter 4 (total 3)
L 07/14/2021 - 21:08:09: [SM] Blaming: admincheats.smx
L 07/14/2021 - 21:08:09: [SM] Call stack trace:
L 07/14/2021 - 21:08:09: [SM]   [0] PrintToConsole
L 07/14/2021 - 21:08:09: [SM]   [1] Line 75, /home/forums/content/files/7/2/34150.attach::cheatcommand
L 07/14/2021 - 21:08:09: [SM] Exception reported: String formatted incorrectly - parameter 4 (total 3)
L 07/14/2021 - 21:08:09: [SM] Blaming: admincheats.smx
L 07/14/2021 - 21:08:09: [SM] Call stack trace:
L 07/14/2021 - 21:08:09: [SM]   [0] PrintToConsole
L 07/14/2021 - 21:08:09: [SM]   [1] Line 75, /home/forums/content/files/7/2/34150.attach::cheatcommand
L 07/14/2021 - 21:08:09: [SM] Exception reported: String formatted incorrectly - parameter 4 (total 3)
L 07/14/2021 - 21:08:09: [SM] Blaming: admincheats.smx
L 07/14/2021 - 21:08:09: [SM] Call stack trace:
L 07/14/2021 - 21:08:09: [SM]   [0] PrintToConsole
L 07/14/2021 - 21:08:09: [SM]   [1] Line 75, /home/forums/content/files/7/2/34150.attach::cheatcommand
L 07/14/2021 - 21:08:09: [SM] Exception reported: String formatted incorrectly - parameter 4 (total 3)
L 07/14/2021 - 21:08:09: [SM] Blaming: admincheats.smx
L 07/14/2021 - 21:08:09: [SM] Call stack trace:
L 07/14/2021 - 21:08:09: [SM]   [0] PrintToConsole
L 07/14/2021 - 21:08:09: [SM]   [1] Line 75, /home/forums/content/files/7/2/34150.attach::cheatcommand
L 07/14/2021 - 21:08:09: [SM] Exception reported: String formatted incorrectly - parameter 4 (total 3)
L 07/14/2021 - 21:08:09: [SM] Blaming: admincheats.smx
L 07/14/2021 - 21:08:09: [SM] Call stack trace:
L 07/14/2021 - 21:08:09: [SM]   [0] PrintToConsole
L 07/14/2021 - 21:08:09: [SM]   [1] Line 75, /home/forums/content/files/7/2/34150.attach::cheatcommand
L 07/14/2021 - 21:08:10: [SM] Exception reported: String formatted incorrectly - parameter 4 (total 3)
L 07/14/2021 - 21:08:10: [SM] Blaming: admincheats.smx
L 07/14/2021 - 21:08:10: [SM] Call stack trace:
L 07/14/2021 - 21:08:10: [SM]   [0] PrintToConsole
L 07/14/2021 - 21:08:10: [SM]   [1] Line 75, /home/forums/content/files/7/2/34150.attach::cheatcommand
L 07/14/2021 - 21:08:10: [SM] Exception reported: String formatted incorrectly - parameter 4 (total 3)
L 07/14/2021 - 21:08:10: [SM] Blaming: admincheats.smx
L 07/14/2021 - 21:08:10: [SM] Call stack trace:
L 07/14/2021 - 21:08:10: [SM]   [0] PrintToConsole
L 07/14/2021 - 21:08:10: [SM]   [1] Line 75, /home/forums/content/files/7/2/34150.attach::cheatcommand
L 07/14/2021 - 21:08:10: [SM] Exception reported: String formatted incorrectly - parameter 4 (total 3)
L 07/14/2021 - 21:08:10: [SM] Blaming: admincheats.smx
L 07/14/2021 - 21:08:10: [SM] Call stack trace:
L 07/14/2021 - 21:08:10: [SM]   [0] PrintToConsole
L 07/14/2021 - 21:08:10: [SM]   [1] Line 75, /home/forums/content/files/7/2/34150.attach::cheatcommand
L 07/14/2021 - 21:08:10: [SM] Exception reported: String formatted incorrectly - parameter 4 (total 3)
L 07/14/2021 - 21:08:10: [SM] Blaming: admincheats.smx
L 07/14/2021 - 21:08:10: [SM] Call stack trace:
L 07/14/2021 - 21:08:10: [SM]   [0] PrintToConsole
L 07/14/2021 - 21:08:10: [SM]   [1] Line 75, /home/forums/content/files/7/2/34150.attach::cheatcommand
L 07/14/2021 - 21:08:10: [SM] Exception reported: String formatted incorrectly - parameter 4 (total 3)
L 07/14/2021 - 21:08:10: [SM] Blaming: admincheats.smx
L 07/14/2021 - 21:08:10: [SM] Call stack trace:
L 07/14/2021 - 21:08:10: [SM]   [0] PrintToConsole
L 07/14/2021 - 21:08:10: [SM]   [1] Line 75, /home/forums/content/files/7/2/34150.attach::cheatcommand
L 07/14/2021 - 21:08:11: [SM] Exception reported: String formatted incorrectly - parameter 4 (total 3)
L 07/14/2021 - 21:08:11: [SM] Blaming: admincheats.smx
L 07/14/2021 - 21:08:11: [SM] Call stack trace:
L 07/14/2021 - 21:08:11: [SM]   [0] PrintToConsole
L 07/14/2021 - 21:08:11: [SM]   [1] Line 75, /home/forums/content/files/7/2/34150.attach::cheatcommand
L 07/14/2021 - 21:08:11: [SM] Exception reported: String formatted incorrectly - parameter 4 (total 3)
L 07/14/2021 - 21:08:11: [SM] Blaming: admincheats.smx
L 07/14/2021 - 21:08:11: [SM] Call stack trace:
L 07/14/2021 - 21:08:11: [SM]   [0] PrintToConsole
L 07/14/2021 - 21:08:11: [SM]   [1] Line 75, /home/forums/content/files/7/2/34150.attach::cheatcommand
L 07/14/2021 - 21:08:11: [SM] Exception reported: String formatted incorrectly - parameter 4 (total 3)
L 07/14/2021 - 21:08:11: [SM] Blaming: admincheats.smx
L 07/14/2021 - 21:08:11: [SM] Call stack trace:
L 07/14/2021 - 21:08:11: [SM]   [0] PrintToConsole
L 07/14/2021 - 21:08:11: [SM]   [1] Line 75, /home/forums/content/files/7/2/34150.attach::cheatcommand
L 07/14/2021 - 21:08:11: [SM] Exception reported: String formatted incorrectly - parameter 4 (total 3)
L 07/14/2021 - 21:08:11: [SM] Blaming: admincheats.smx
L 07/14/2021 - 21:08:11: [SM] Call stack trace:
L 07/14/2021 - 21:08:11: [SM]   [0] PrintToConsole
L 07/14/2021 - 21:08:11: [SM]   [1] Line 75, /home/forums/content/files/7/2/34150.attach::cheatcommand
L 07/14/2021 - 21:08:11: [SM] Exception reported: String formatted incorrectly - parameter 4 (total 3)
L 07/14/2021 - 21:08:11: [SM] Blaming: admincheats.smx
L 07/14/2021 - 21:08:11: [SM] Call stack trace:
L 07/14/2021 - 21:08:11: [SM]   [0] PrintToConsole
L 07/14/2021 - 21:08:11: [SM]   [1] Line 75, /home/forums/content/files/7/2/34150.attach::cheatcommand
L 07/14/2021 - 21:08:12: [SM] Exception reported: String formatted incorrectly - parameter 4 (total 3)
L 07/14/2021 - 21:08:12: [SM] Blaming: admincheats.smx
L 07/14/2021 - 21:08:12: [SM] Call stack trace:
L 07/14/2021 - 21:08:12: [SM]   [0] PrintToConsole
L 07/14/2021 - 21:08:12: [SM]   [1] Line 75, /home/forums/content/files/7/2/34150.attach::cheatcommand
L 07/14/2021 - 21:08:12: [SM] Exception reported: String formatted incorrectly - parameter 4 (total 3)
L 07/14/2021 - 21:08:12: [SM] Blaming: admincheats.smx
L 07/14/2021 - 21:08:12: [SM] Call stack trace:
L 07/14/2021 - 21:08:12: [SM]   [0] PrintToConsole
L 07/14/2021 - 21:08:12: [SM]   [1] Line 75, /home/forums/content/files/7/2/34150.attach::cheatcommand
L 07/14/2021 - 21:08:12: [SM] Exception reported: String formatted incorrectly - parameter 4 (total 3)
L 07/14/2021 - 21:08:12: [SM] Blaming: admincheats.smx
L 07/14/2021 - 21:08:12: [SM] Call stack trace:
L 07/14/2021 - 21:08:12: [SM]   [0] PrintToConsole
L 07/14/2021 - 21:08:12: [SM]   [1] Line 75, /home/forums/content/files/7/2/34150.attach::cheatcommand
L 07/14/2021 - 21:08:12: [SM] Exception reported: String formatted incorrectly - parameter 4 (total 3)
L 07/14/2021 - 21:08:12: [SM] Blaming: admincheats.smx
L 07/14/2021 - 21:08:12: [SM] Call stack trace:
L 07/14/2021 - 21:08:12: [SM]   [0] PrintToConsole
L 07/14/2021 - 21:08:12: [SM]   [1] Line 75, /home/forums/content/files/7/2/34150.attach::cheatcommand
L 07/14/2021 - 21:08:13: [SM] Exception reported: String formatted incorrectly - parameter 4 (total 3)
L 07/14/2021 - 21:08:13: [SM] Blaming: admincheats.smx
L 07/14/2021 - 21:08:13: [SM] Call stack trace:
L 07/14/2021 - 21:08:13: [SM]   [0] PrintToConsole
L 07/14/2021 - 21:08:13: [SM]   [1] Line 75, /home/forums/content/files/7/2/34150.attach::cheatcommand
L 07/14/2021 - 21:08:13: [SM] Exception reported: String formatted incorrectly - parameter 4 (total 3)
L 07/14/2021 - 21:08:13: [SM] Blaming: admincheats.smx
L 07/14/2021 - 21:08:13: [SM] Call stack trace:
L 07/14/2021 - 21:08:13: [SM]   [0] PrintToConsole
L 07/14/2021 - 21:08:13: [SM]   [1] Line 75, /home/forums/content/files/7/2/34150.attach::cheatcommand
L 07/14/2021 - 21:08:13: [SM] Exception reported: String formatted incorrectly - parameter 4 (total 3)
L 07/14/2021 - 21:08:13: [SM] Blaming: admincheats.smx
L 07/14/2021 - 21:08:13: [SM] Call stack trace:
L 07/14/2021 - 21:08:13: [SM]   [0] PrintToConsole
L 07/14/2021 - 21:08:13: [SM]   [1] Line 75, /home/forums/content/files/7/2/34150.attach::cheatcommand
L 07/14/2021 - 21:08:13: [SM] Exception reported: String formatted incorrectly - parameter 4 (total 3)
L 07/14/2021 - 21:08:13: [SM] Blaming: admincheats.smx
L 07/14/2021 - 21:08:13: [SM] Call stack trace:
L 07/14/2021 - 21:08:13: [SM]   [0] PrintToConsole
L 07/14/2021 - 21:08:13: [SM]   [1] Line 75, /home/forums/content/files/7/2/34150.attach::cheatcommand
L 07/14/2021 - 21:08:13: [SM] Exception reported: String formatted incorrectly - parameter 4 (total 3)
L 07/14/2021 - 21:08:13: [SM] Blaming: admincheats.smx
L 07/14/2021 - 21:08:13: [SM] Call stack trace:
L 07/14/2021 - 21:08:13: [SM]   [0] PrintToConsole
L 07/14/2021 - 21:08:13: [SM]   [1] Line 75, /home/forums/content/files/7/2/34150.attach::cheatcommand
L 07/14/2021 - 21:08:14: [SM] Exception reported: String formatted incorrectly - parameter 4 (total 3)
L 07/14/2021 - 21:08:14: [SM] Blaming: admincheats.smx
L 07/14/2021 - 21:08:14: [SM] Call stack trace:
L 07/14/2021 - 21:08:14: [SM]   [0] PrintToConsole
L 07/14/2021 - 21:08:14: [SM]   [1] Line 75, /home/forums/content/files/7/2/34150.attach::cheatcommand
L 07/14/2021 - 21:08:14: [SM] Exception reported: String formatted incorrectly - parameter 4 (total 3)
L 07/14/2021 - 21:08:14: [SM] Blaming: admincheats.smx
L 07/14/2021 - 21:08:14: [SM] Call stack trace:
L 07/14/2021 - 21:08:14: [SM]   [0] PrintToConsole
L 07/14/2021 - 21:08:14: [SM]   [1] Line 75, /home/forums/content/files/7/2/34150.attach::cheatcommand
L 07/14/2021 - 21:08:14: [SM] Exception reported: String formatted incorrectly - parameter 4 (total 3)
L 07/14/2021 - 21:08:14: [SM] Blaming: admincheats.smx
L 07/14/2021 - 21:08:14: [SM] Call stack trace:
L 07/14/2021 - 21:08:14: [SM]   [0] PrintToConsole
L 07/14/2021 - 21:08:14: [SM]   [1] Line 75, /home/forums/content/files/7/2/34150.attach::cheatcommand
L 07/14/2021 - 21:08:14: [SM] Exception reported: String formatted incorrectly - parameter 4 (total 3)
L 07/14/2021 - 21:08:14: [SM] Blaming: admincheats.smx
L 07/14/2021 - 21:08:14: [SM] Call stack trace:
L 07/14/2021 - 21:08:14: [SM]   [0] PrintToConsole
L 07/14/2021 - 21:08:14: [SM]   [1] Line 75, /home/forums/content/files/7/2/34150.attach::cheatcommand
L 07/14/2021 - 21:08:14: [SM] Exception reported: String formatted incorrectly - parameter 4 (total 3)
L 07/14/2021 - 21:08:14: [SM] Blaming: admincheats.smx
L 07/14/2021 - 21:08:14: [SM] Call stack trace:
L 07/14/2021 - 21:08:14: [SM]   [0] PrintToConsole
L 07/14/2021 - 21:08:14: [SM]   [1] Line 75, /home/forums/content/files/7/2/34150.attach::cheatcommand
L 07/14/2021 - 21:08:14: [SM] Exception reported: String formatted incorrectly - parameter 4 (total 3)
L 07/14/2021 - 21:08:14: [SM] Blaming: admincheats.smx
L 07/14/2021 - 21:08:14: [SM] Call stack trace:
L 07/14/2021 - 21:08:14: [SM]   [0] PrintToConsole
L 07/14/2021 - 21:08:14: [SM]   [1] Line 75, /home/forums/content/files/7/2/34150.attach::cheatcommand
L 07/14/2021 - 21:08:15: [SM] Exception reported: String formatted incorrectly - parameter 4 (total 3)
L 07/14/2021 - 21:08:15: [SM] Blaming: admincheats.smx
L 07/14/2021 - 21:08:15: [SM] Call stack trace:
L 07/14/2021 - 21:08:15: [SM]   [0] PrintToConsole
L 07/14/2021 - 21:08:15: [SM]   [1] Line 75, /home/forums/content/files/7/2/34150.attach::cheatcommand
L 07/14/2021 - 21:08:56: [SM] Exception reported: String formatted incorrectly - parameter 4 (total 3)
L 07/14/2021 - 21:08:56: [SM] Blaming: admincheats.smx
L 07/14/2021 - 21:08:56: [SM] Call stack trace:
L 07/14/2021 - 21:08:56: [SM]   [0] PrintToConsole
L 07/14/2021 - 21:08:56: [SM]   [1] Line 75, /home/forums/content/files/7/2/34150.attach::cheatcommand
L 07/14/2021 - 21:08:56: [SM] Exception reported: String formatted incorrectly - parameter 4 (total 3)
L 07/14/2021 - 21:08:56: [SM] Blaming: admincheats.smx
L 07/14/2021 - 21:08:56: [SM] Call stack trace:
L 07/14/2021 - 21:08:56: [SM]   [0] PrintToConsole
L 07/14/2021 - 21:08:56: [SM]   [1] Line 75, /home/forums/content/files/7/2/34150.attach::cheatcommand
L 07/14/2021 - 21:08:56: [SM] Exception reported: String formatted incorrectly - parameter 4 (total 3)
L 07/14/2021 - 21:08:56: [SM] Blaming: admincheats.smx
L 07/14/2021 - 21:08:56: [SM] Call stack trace:
L 07/14/2021 - 21:08:56: [SM]   [0] PrintToConsole
L 07/14/2021 - 21:08:56: [SM]   [1] Line 75, /home/forums/content/files/7/2/34150.attach::cheatcommand
L 07/14/2021 - 21:08:57: [SM] Exception reported: String formatted incorrectly - parameter 4 (total 3)
L 07/14/2021 - 21:08:57: [SM] Blaming: admincheats.smx
L 07/14/2021 - 21:08:57: [SM] Call stack trace:
L 07/14/2021 - 21:08:57: [SM]   [0] PrintToConsole
L 07/14/2021 - 21:08:57: [SM]   [1] Line 75, /home/forums/content/files/7/2/34150.attach::cheatcommand
L 07/14/2021 - 21:08:57: [SM] Exception reported: String formatted incorrectly - parameter 4 (total 3)
L 07/14/2021 - 21:08:57: [SM] Blaming: admincheats.smx
L 07/14/2021 - 21:08:57: [SM] Call stack trace:
L 07/14/2021 - 21:08:57: [SM]   [0] PrintToConsole
L 07/14/2021 - 21:08:57: [SM]   [1] Line 75, /home/forums/content/files/7/2/34150.attach::cheatcommand
L 07/14/2021 - 21:08:57: [SM] Exception reported: String formatted incorrectly - parameter 4 (total 3)
L 07/14/2021 - 21:08:57: [SM] Blaming: admincheats.smx
L 07/14/2021 - 21:08:57: [SM] Call stack trace:
L 07/14/2021 - 21:08:57: [SM]   [0] PrintToConsole
L 07/14/2021 - 21:08:57: [SM]   [1] Line 75, /home/forums/content/files/7/2/34150.attach::cheatcommand
L 07/14/2021 - 21:08:57: [SM] Exception reported: String formatted incorrectly - parameter 4 (total 3)
L 07/14/2021 - 21:08:57: [SM] Blaming: admincheats.smx
L 07/14/2021 - 21:08:57: [SM] Call stack trace:
L 07/14/2021 - 21:08:57: [SM]   [0] PrintToConsole
L 07/14/2021 - 21:08:57: [SM]   [1] Line 75, /home/forums/content/files/7/2/34150.attach::cheatcommand
L 07/14/2021 - 21:08:57: [SM] Exception reported: String formatted incorrectly - parameter 4 (total 3)
L 07/14/2021 - 21:08:57: [SM] Blaming: admincheats.smx
L 07/14/2021 - 21:08:57: [SM] Call stack trace:
L 07/14/2021 - 21:08:57: [SM]   [0] PrintToConsole
L 07/14/2021 - 21:08:57: [SM]   [1] Line 75, /home/forums/content/files/7/2/34150.attach::cheatcommand
L 07/14/2021 - 21:08:57: [SM] Exception reported: String formatted incorrectly - parameter 4 (total 3)
L 07/14/2021 - 21:08:57: [SM] Blaming: admincheats.smx
L 07/14/2021 - 21:08:57: [SM] Call stack trace:
L 07/14/2021 - 21:08:57: [SM]   [0] PrintToConsole
L 07/14/2021 - 21:08:57: [SM]   [1] Line 75, /home/forums/content/files/7/2/34150.attach::cheatcommand
L 07/14/2021 - 21:08:58: [SM] Exception reported: String formatted incorrectly - parameter 4 (total 3)
L 07/14/2021 - 21:08:58: [SM] Blaming: admincheats.smx
L 07/14/2021 - 21:08:58: [SM] Call stack trace:
L 07/14/2021 - 21:08:58: [SM]   [0] PrintToConsole
L 07/14/2021 - 21:08:58: [SM]   [1] Line 75, /home/forums/content/files/7/2/34150.attach::cheatcommand
L 07/14/2021 - 21:08:58: [SM] Exception reported: String formatted incorrectly - parameter 4 (total 3)
L 07/14/2021 - 21:08:58: [SM] Blaming: admincheats.smx
L 07/14/2021 - 21:08:58: [SM] Call stack trace:
L 07/14/2021 - 21:08:58: [SM]   [0] PrintToConsole
L 07/14/2021 - 21:08:58: [SM]   [1] Line 75, /home/forums/content/files/7/2/34150.attach::cheatcommand
L 07/14/2021 - 21:08:58: [SM] Exception reported: String formatted incorrectly - parameter 4 (total 3)
L 07/14/2021 - 21:08:58: [SM] Blaming: admincheats.smx
L 07/14/2021 - 21:08:58: [SM] Call stack trace:
L 07/14/2021 - 21:08:58: [SM]   [0] PrintToConsole
L 07/14/2021 - 21:08:58: [SM]   [1] Line 75, /home/forums/content/files/7/2/34150.attach::cheatcommand
L 07/14/2021 - 21:08:58: [SM] Exception reported: String formatted incorrectly - parameter 4 (total 3)
L 07/14/2021 - 21:08:58: [SM] Blaming: admincheats.smx
L 07/14/2021 - 21:08:58: [SM] Call stack trace:
L 07/14/2021 - 21:08:58: [SM]   [0] PrintToConsole
L 07/14/2021 - 21:08:58: [SM]   [1] Line 75, /home/forums/content/files/7/2/34150.attach::cheatcommand
L 07/14/2021 - 21:08:58: [SM] Exception reported: String formatted incorrectly - parameter 4 (total 3)
L 07/14/2021 - 21:08:58: [SM] Blaming: admincheats.smx
L 07/14/2021 - 21:08:58: [SM] Call stack trace:
L 07/14/2021 - 21:08:58: [SM]   [0] PrintToConsole
L 07/14/2021 - 21:08:58: [SM]   [1] Line 75, /home/forums/content/files/7/2/34150.attach::cheatcommand
L 07/14/2021 - 21:08:59: [SM] Exception reported: String formatted incorrectly - parameter 4 (total 3)
L 07/14/2021 - 21:08:59: [SM] Blaming: admincheats.smx
L 07/14/2021 - 21:08:59: [SM] Call stack trace:
L 07/14/2021 - 21:08:59: [SM]   [0] PrintToConsole
L 07/14/2021 - 21:08:59: [SM]   [1] Line 75, /home/forums/content/files/7/2/34150.attach::cheatcommand
L 07/14/2021 - 21:08:59: [SM] Exception reported: String formatted incorrectly - parameter 4 (total 3)
L 07/14/2021 - 21:08:59: [SM] Blaming: admincheats.smx
L 07/14/2021 - 21:08:59: [SM] Call stack trace:
L 07/14/2021 - 21:08:59: [SM]   [0] PrintToConsole
L 07/14/2021 - 21:08:59: [SM]   [1] Line 75, /home/forums/content/files/7/2/34150.attach::cheatcommand
L 07/14/2021 - 21:08:59: [SM] Exception reported: String formatted incorrectly - parameter 4 (total 3)
L 07/14/2021 - 21:08:59: [SM] Blaming: admincheats.smx
L 07/14/2021 - 21:08:59: [SM] Call stack trace:
L 07/14/2021 - 21:08:59: [SM]   [0] PrintToConsole
L 07/14/2021 - 21:08:59: [SM]   [1] Line 75, /home/forums/content/files/7/2/34150.attach::cheatcommand
L 07/14/2021 - 21:08:59: [SM] Exception reported: String formatted incorrectly - parameter 4 (total 3)
L 07/14/2021 - 21:08:59: [SM] Blaming: admincheats.smx
L 07/14/2021 - 21:08:59: [SM] Call stack trace:
L 07/14/2021 - 21:08:59: [SM]   [0] PrintToConsole
L 07/14/2021 - 21:08:59: [SM]   [1] Line 75, /home/forums/content/files/7/2/34150.attach::cheatcommand
L 07/14/2021 - 21:08:59: [SM] Exception reported: String formatted incorrectly - parameter 4 (total 3)
L 07/14/2021 - 21:08:59: [SM] Blaming: admincheats.smx
L 07/14/2021 - 21:08:59: [SM] Call stack trace:
L 07/14/2021 - 21:08:59: [SM]   [0] PrintToConsole
L 07/14/2021 - 21:08:59: [SM]   [1] Line 75, /home/forums/content/files/7/2/34150.attach::cheatcommand
L 07/14/2021 - 21:08:59: [SM] Exception reported: String formatted incorrectly - parameter 4 (total 3)
L 07/14/2021 - 21:08:59: [SM] Blaming: admincheats.smx
L 07/14/2021 - 21:08:59: [SM] Call stack trace:
L 07/14/2021 - 21:08:59: [SM]   [0] PrintToConsole
L 07/14/2021 - 21:08:59: [SM]   [1] Line 75, /home/forums/content/files/7/2/34150.attach::cheatcommand
L 07/14/2021 - 21:09:00: [SM] Exception reported: String formatted incorrectly - parameter 4 (total 3)
L 07/14/2021 - 21:09:00: [SM] Blaming: admincheats.smx
L 07/14/2021 - 21:09:00: [SM] Call stack trace:
L 07/14/2021 - 21:09:00: [SM]   [0] PrintToConsole
L 07/14/2021 - 21:09:00: [SM]   [1] Line 75, /home/forums/content/files/7/2/34150.attach::cheatcommand
L 07/14/2021 - 21:09:00: [SM] Exception reported: String formatted incorrectly - parameter 4 (total 3)
L 07/14/2021 - 21:09:00: [SM] Blaming: admincheats.smx
L 07/14/2021 - 21:09:00: [SM] Call stack trace:
L 07/14/2021 - 21:09:00: [SM]   [0] PrintToConsole
L 07/14/2021 - 21:09:00: [SM]   [1] Line 75, /home/forums/content/files/7/2/34150.attach::cheatcommand
L 07/14/2021 - 21:09:00: [SM] Exception reported: String formatted incorrectly - parameter 4 (total 3)
L 07/14/2021 - 21:09:00: [SM] Blaming: admincheats.smx
L 07/14/2021 - 21:09:00: [SM] Call stack trace:
L 07/14/2021 - 21:09:00: [SM]   [0] PrintToConsole
L 07/14/2021 - 21:09:00: [SM]   [1] Line 75, /home/forums/content/files/7/2/34150.attach::cheatcommand
L 07/14/2021 - 21:09:00: [SM] Exception reported: String formatted incorrectly - parameter 4 (total 3)
L 07/14/2021 - 21:09:00: [SM] Blaming: admincheats.smx
L 07/14/2021 - 21:09:00: [SM] Call stack trace:
L 07/14/2021 - 21:09:00: [SM]   [0] PrintToConsole
L 07/14/2021 - 21:09:00: [SM]   [1] Line 75, /home/forums/content/files/7/2/34150.attach::cheatcommand
L 07/14/2021 - 21:09:01: [SM] Exception reported: String formatted incorrectly - parameter 4 (total 3)
L 07/14/2021 - 21:09:01: [SM] Blaming: admincheats.smx
L 07/14/2021 - 21:09:01: [SM] Call stack trace:
L 07/14/2021 - 21:09:01: [SM]   [0] PrintToConsole
L 07/14/2021 - 21:09:01: [SM]   [1] Line 75, /home/forums/content/files/7/2/34150.attach::cheatcommand
L 07/14/2021 - 21:09:01: [SM] Exception reported: String formatted incorrectly - parameter 4 (total 3)
L 07/14/2021 - 21:09:01: [SM] Blaming: admincheats.smx
L 07/14/2021 - 21:09:01: [SM] Call stack trace:
L 07/14/2021 - 21:09:01: [SM]   [0] PrintToConsole
L 07/14/2021 - 21:09:01: [SM]   [1] Line 75, /home/forums/content/files/7/2/34150.attach::cheatcommand
L 07/14/2021 - 21:09:01: [SM] Exception reported: String formatted incorrectly - parameter 4 (total 3)
L 07/14/2021 - 21:09:01: [SM] Blaming: admincheats.smx
L 07/14/2021 - 21:09:01: [SM] Call stack trace:
L 07/14/2021 - 21:09:01: [SM]   [0] PrintToConsole
L 07/14/2021 - 21:09:01: [SM]   [1] Line 75, /home/forums/content/files/7/2/34150.attach::cheatcommand
L 07/14/2021 - 21:09:01: [SM] Exception reported: String formatted incorrectly - parameter 4 (total 3)
L 07/14/2021 - 21:09:01: [SM] Blaming: admincheats.smx
L 07/14/2021 - 21:09:01: [SM] Call stack trace:
L 07/14/2021 - 21:09:01: [SM]   [0] PrintToConsole
L 07/14/2021 - 21:09:01: [SM]   [1] Line 75, /home/forums/content/files/7/2/34150.attach::cheatcommand
L 07/14/2021 - 21:09:01: [SM] Exception reported: String formatted incorrectly - parameter 4 (total 3)
L 07/14/2021 - 21:09:01: [SM] Blaming: admincheats.smx
L 07/14/2021 - 21:09:01: [SM] Call stack trace:
L 07/14/2021 - 21:09:01: [SM]   [0] PrintToConsole
L 07/14/2021 - 21:09:01: [SM]   [1] Line 75, /home/forums/content/files/7/2/34150.attach::cheatcommand
L 07/14/2021 - 21:09:01: [SM] Exception reported: String formatted incorrectly - parameter 4 (total 3)
L 07/14/2021 - 21:09:01: [SM] Blaming: admincheats.smx
L 07/14/2021 - 21:09:01: [SM] Call stack trace:
L 07/14/2021 - 21:09:01: [SM]   [0] PrintToConsole
L 07/14/2021 - 21:09:01: [SM]   [1] Line 75, /home/forums/content/files/7/2/34150.attach::cheatcommand
L 07/14/2021 - 21:09:02: [SM] Exception reported: String formatted incorrectly - parameter 4 (total 3)
L 07/14/2021 - 21:09:02: [SM] Blaming: admincheats.smx
L 07/14/2021 - 21:09:02: [SM] Call stack trace:
L 07/14/2021 - 21:09:02: [SM]   [0] PrintToConsole
L 07/14/2021 - 21:09:02: [SM]   [1] Line 75, /home/forums/content/files/7/2/34150.attach::cheatcommand
L 07/14/2021 - 21:09:02: [SM] Exception reported: String formatted incorrectly - parameter 4 (total 3)
L 07/14/2021 - 21:09:02: [SM] Blaming: admincheats.smx
L 07/14/2021 - 21:09:02: [SM] Call stack trace:
L 07/14/2021 - 21:09:02: [SM]   [0] PrintToConsole
L 07/14/2021 - 21:09:02: [SM]   [1] Line 75, /home/forums/content/files/7/2/34150.attach::cheatcommand
L 07/14/2021 - 21:09:02: [SM] Exception reported: String formatted incorrectly - parameter 4 (total 3)
L 07/14/2021 - 21:09:02: [SM] Blaming: admincheats.smx
L 07/14/2021 - 21:09:02: [SM] Call stack trace:
L 07/14/2021 - 21:09:02: [SM]   [0] PrintToConsole
L 07/14/2021 - 21:09:02: [SM]   [1] Line 75, /home/forums/content/files/7/2/34150.attach::cheatcommand
L 07/14/2021 - 21:09:02: [SM] Exception reported: String formatted incorrectly - parameter 4 (total 3)
L 07/14/2021 - 21:09:02: [SM] Blaming: admincheats.smx
L 07/14/2021 - 21:09:02: [SM] Call stack trace:
L 07/14/2021 - 21:09:02: [SM]   [0] PrintToConsole
L 07/14/2021 - 21:09:02: [SM]   [1] Line 75, /home/forums/content/files/7/2/34150.attach::cheatcommand
L 07/14/2021 - 21:09:02: [SM] Exception reported: String formatted incorrectly - parameter 4 (total 3)
L 07/14/2021 - 21:09:02: [SM] Blaming: admincheats.smx
L 07/14/2021 - 21:09:02: [SM] Call stack trace:
L 07/14/2021 - 21:09:02: [SM]   [0] PrintToConsole
L 07/14/2021 - 21:09:02: [SM]   [1] Line 75, /home/forums/content/files/7/2/34150.attach::cheatcommand
L 07/14/2021 - 21:09:03: [SM] Exception reported: String formatted incorrectly - parameter 4 (total 3)
L 07/14/2021 - 21:09:03: [SM] Blaming: admincheats.smx
L 07/14/2021 - 21:09:03: [SM] Call stack trace:
L 07/14/2021 - 21:09:03: [SM]   [0] PrintToConsole
L 07/14/2021 - 21:09:03: [SM]   [1] Line 75, /home/forums/content/files/7/2/34150.attach::cheatcommand
L 07/14/2021 - 21:09:03: [SM] Exception reported: String formatted incorrectly - parameter 4 (total 3)
L 07/14/2021 - 21:09:03: [SM] Blaming: admincheats.smx
L 07/14/2021 - 21:09:03: [SM] Call stack trace:
L 07/14/2021 - 21:09:03: [SM]   [0] PrintToConsole
L 07/14/2021 - 21:09:03: [SM]   [1] Line 75, /home/forums/content/files/7/2/34150.attach::cheatcommand
L 07/14/2021 - 21:09:03: [SM] Exception reported: String formatted incorrectly - parameter 4 (total 3)
L 07/14/2021 - 21:09:03: [SM] Blaming: admincheats.smx
L 07/14/2021 - 21:09:03: [SM] Call stack trace:
L 07/14/2021 - 21:09:03: [SM]   [0] PrintToConsole
L 07/14/2021 - 21:09:03: [SM]   [1] Line 75, /home/forums/content/files/7/2/34150.attach::cheatcommand
L 07/14/2021 - 21:09:03: [SM] Exception reported: String formatted incorrectly - parameter 4 (total 3)
L 07/14/2021 - 21:09:03: [SM] Blaming: admincheats.smx
L 07/14/2021 - 21:09:03: [SM] Call stack trace:
L 07/14/2021 - 21:09:03: [SM]   [0] PrintToConsole
L 07/14/2021 - 21:09:03: [SM]   [1] Line 75, /home/forums/content/files/7/2/34150.attach::cheatcommand
L 07/14/2021 - 21:09:03: [SM] Exception reported: String formatted incorrectly - parameter 4 (total 3)
L 07/14/2021 - 21:09:03: [SM] Blaming: admincheats.smx
L 07/14/2021 - 21:09:03: [SM] Call stack trace:
L 07/14/2021 - 21:09:03: [SM]   [0] PrintToConsole
L 07/14/2021 - 21:09:03: [SM]   [1] Line 75, /home/forums/content/files/7/2/34150.attach::cheatcommand
L 07/14/2021 - 21:09:04: [SM] Exception reported: String formatted incorrectly - parameter 4 (total 3)
L 07/14/2021 - 21:09:04: [SM] Blaming: admincheats.smx
L 07/14/2021 - 21:09:04: [SM] Call stack trace:
L 07/14/2021 - 21:09:04: [SM]   [0] PrintToConsole
L 07/14/2021 - 21:09:04: [SM]   [1] Line 75, /home/forums/content/files/7/2/34150.attach::cheatcommand
L 07/14/2021 - 21:09:04: [SM] Exception reported: String formatted incorrectly - parameter 4 (total 3)
L 07/14/2021 - 21:09:04: [SM] Blaming: admincheats.smx
L 07/14/2021 - 21:09:04: [SM] Call stack trace:
L 07/14/2021 - 21:09:04: [SM]   [0] PrintToConsole
L 07/14/2021 - 21:09:04: [SM]   [1] Line 75, /home/forums/content/files/7/2/34150.attach::cheatcommand
L 07/14/2021 - 21:09:04: [SM] Exception reported: String formatted incorrectly - parameter 4 (total 3)
L 07/14/2021 - 21:09:04: [SM] Blaming: admincheats.smx
L 07/14/2021 - 21:09:04: [SM] Call stack trace:
L 07/14/2021 - 21:09:04: [SM]   [0] PrintToConsole
L 07/14/2021 - 21:09:04: [SM]   [1] Line 75, /home/forums/content/files/7/2/34150.attach::cheatcommand
L 07/14/2021 - 21:09:04: [SM] Exception reported: String formatted incorrectly - parameter 4 (total 3)
L 07/14/2021 - 21:09:04: [SM] Blaming: admincheats.smx
L 07/14/2021 - 21:09:04: [SM] Call stack trace:
L 07/14/2021 - 21:09:04: [SM]   [0] PrintToConsole
L 07/14/2021 - 21:09:04: [SM]   [1] Line 75, /home/forums/content/files/7/2/34150.attach::cheatcommand
L 07/14/2021 - 21:09:04: [SM] Exception reported: String formatted incorrectly - parameter 4 (total 3)
L 07/14/2021 - 21:09:04: [SM] Blaming: admincheats.smx
L 07/14/2021 - 21:09:04: [SM] Call stack trace:
L 07/14/2021 - 21:09:04: [SM]   [0] PrintToConsole
L 07/14/2021 - 21:09:04: [SM]   [1] Line 75, /home/forums/content/files/7/2/34150.attach::cheatcommand
L 07/14/2021 - 21:09:05: [SM] Exception reported: String formatted incorrectly - parameter 4 (total 3)
L 07/14/2021 - 21:09:05: [SM] Blaming: admincheats.smx
L 07/14/2021 - 21:09:05: [SM] Call stack trace:
L 07/14/2021 - 21:09:05: [SM]   [0] PrintToConsole
L 07/14/2021 - 21:09:05: [SM]   [1] Line 75, /home/forums/content/files/7/2/34150.attach::cheatcommand
L 07/14/2021 - 21:09:05: [SM] Exception reported: String formatted incorrectly - parameter 4 (total 3)
L 07/14/2021 - 21:09:05: [SM] Blaming: admincheats.smx
L 07/14/2021 - 21:09:05: [SM] Call stack trace:
L 07/14/2021 - 21:09:05: [SM]   [0] PrintToConsole
L 07/14/2021 - 21:09:05: [SM]   [1] Line 75, /home/forums/content/files/7/2/34150.attach::cheatcommand
L 07/14/2021 - 21:09:05: [SM] Exception reported: String formatted incorrectly - parameter 4 (total 3)
L 07/14/2021 - 21:09:05: [SM] Blaming: admincheats.smx
L 07/14/2021 - 21:09:05: [SM] Call stack trace:
L 07/14/2021 - 21:09:05: [SM]   [0] PrintToConsole
L 07/14/2021 - 21:09:05: [SM]   [1] Line 75, /home/forums/content/files/7/2/34150.attach::cheatcommand
L 07/14/2021 - 21:09:05: [SM] Exception reported: String formatted incorrectly - parameter 4 (total 3)
L 07/14/2021 - 21:09:05: [SM] Blaming: admincheats.smx
L 07/14/2021 - 21:09:05: [SM] Call stack trace:
L 07/14/2021 - 21:09:05: [SM]   [0] PrintToConsole
L 07/14/2021 - 21:09:05: [SM]   [1] Line 75, /home/forums/content/files/7/2/34150.attach::cheatcommand
L 07/14/2021 - 21:09:05: [SM] Exception reported: String formatted incorrectly - parameter 4 (total 3)
L 07/14/2021 - 21:09:05: [SM] Blaming: admincheats.smx
L 07/14/2021 - 21:09:05: [SM] Call stack trace:
L 07/14/2021 - 21:09:05: [SM]   [0] PrintToConsole
L 07/14/2021 - 21:09:05: [SM]   [1] Line 75, /home/forums/content/files/7/2/34150.attach::cheatcommand
L 07/14/2021 - 21:09:06: [SM] Exception reported: String formatted incorrectly - parameter 4 (total 3)
L 07/14/2021 - 21:09:06: [SM] Blaming: admincheats.smx
L 07/14/2021 - 21:09:06: [SM] Call stack trace:
L 07/14/2021 - 21:09:06: [SM]   [0] PrintToConsole
L 07/14/2021 - 21:09:06: [SM]   [1] Line 75, /home/forums/content/files/7/2/34150.attach::cheatcommand
L 07/14/2021 - 21:09:06: [SM] Exception reported: String formatted incorrectly - parameter 4 (total 3)
L 07/14/2021 - 21:09:06: [SM] Blaming: admincheats.smx
L 07/14/2021 - 21:09:06: [SM] Call stack trace:
L 07/14/2021 - 21:09:06: [SM]   [0] PrintToConsole
L 07/14/2021 - 21:09:06: [SM]   [1] Line 75, /home/forums/content/files/7/2/34150.attach::cheatcommand
L 07/14/2021 - 21:09:06: [SM] Exception reported: String formatted incorrectly - parameter 4 (total 3)
L 07/14/2021 - 21:09:06: [SM] Blaming: admincheats.smx
L 07/14/2021 - 21:09:06: [SM] Call stack trace:
L 07/14/2021 - 21:09:06: [SM]   [0] PrintToConsole
L 07/14/2021 - 21:09:06: [SM]   [1] Line 75, /home/forums/content/files/7/2/34150.attach::cheatcommand
L 07/14/2021 - 21:09:06: [SM] Exception reported: String formatted incorrectly - parameter 4 (total 3)
L 07/14/2021 - 21:09:06: [SM] Blaming: admincheats.smx
L 07/14/2021 - 21:09:06: [SM] Call stack trace:
L 07/14/2021 - 21:09:06: [SM]   [0] PrintToConsole
L 07/14/2021 - 21:09:06: [SM]   [1] Line 75, /home/forums/content/files/7/2/34150.attach::cheatcommand
L 07/14/2021 - 21:09:06: [SM] Exception reported: String formatted incorrectly - parameter 4 (total 3)
L 07/14/2021 - 21:09:06: [SM] Blaming: admincheats.smx
L 07/14/2021 - 21:09:06: [SM] Call stack trace:
L 07/14/2021 - 21:09:06: [SM]   [0] PrintToConsole
L 07/14/2021 - 21:09:06: [SM]   [1] Line 75, /home/forums/content/files/7/2/34150.attach::cheatcommand
L 07/14/2021 - 21:09:07: [SM] Exception reported: String formatted incorrectly - parameter 4 (total 3)
L 07/14/2021 - 21:09:07: [SM] Blaming: admincheats.smx
L 07/14/2021 - 21:09:07: [SM] Call stack trace:
L 07/14/2021 - 21:09:07: [SM]   [0] PrintToConsole
L 07/14/2021 - 21:09:07: [SM]   [1] Line 75, /home/forums/content/files/7/2/34150.attach::cheatcommand
L 07/14/2021 - 21:09:07: [SM] Exception reported: String formatted incorrectly - parameter 4 (total 3)
L 07/14/2021 - 21:09:07: [SM] Blaming: admincheats.smx
L 07/14/2021 - 21:09:07: [SM] Call stack trace:
L 07/14/2021 - 21:09:07: [SM]   [0] PrintToConsole
L 07/14/2021 - 21:09:07: [SM]   [1] Line 75, /home/forums/content/files/7/2/34150.attach::cheatcommand
L 07/14/2021 - 21:09:07: [SM] Exception reported: String formatted incorrectly - parameter 4 (total 3)
L 07/14/2021 - 21:09:07: [SM] Blaming: admincheats.smx
L 07/14/2021 - 21:09:07: [SM] Call stack trace:
L 07/14/2021 - 21:09:07: [SM]   [0] PrintToConsole
L 07/14/2021 - 21:09:07: [SM]   [1] Line 75, /home/forums/content/files/7/2/34150.attach::cheatcommand
L 07/14/2021 - 21:09:07: [SM] Exception reported: String formatted incorrectly - parameter 4 (total 3)
L 07/14/2021 - 21:09:07: [SM] Blaming: admincheats.smx
L 07/14/2021 - 21:09:07: [SM] Call stack trace:
L 07/14/2021 - 21:09:07: [SM]   [0] PrintToConsole
L 07/14/2021 - 21:09:07: [SM]   [1] Line 75, /home/forums/content/files/7/2/34150.attach::cheatcommand
L 07/14/2021 - 21:09:07: [SM] Exception reported: String formatted incorrectly - parameter 4 (total 3)
L 07/14/2021 - 21:09:07: [SM] Blaming: admincheats.smx
L 07/14/2021 - 21:09:07: [SM] Call stack trace:
L 07/14/2021 - 21:09:07: [SM]   [0] PrintToConsole
L 07/14/2021 - 21:09:07: [SM]   [1] Line 75, /home/forums/content/files/7/2/34150.attach::cheatcommand
L 07/14/2021 - 21:09:07: [SM] Exception reported: String formatted incorrectly - parameter 4 (total 3)
L 07/14/2021 - 21:09:07: [SM] Blaming: admincheats.smx
L 07/14/2021 - 21:09:07: [SM] Call stack trace:
L 07/14/2021 - 21:09:07: [SM]   [0] PrintToConsole
L 07/14/2021 - 21:09:07: [SM]   [1] Line 75, /home/forums/content/files/7/2/34150.attach::cheatcommand
L 07/14/2021 - 21:09:08: [SM] Exception reported: String formatted incorrectly - parameter 4 (total 3)
L 07/14/2021 - 21:09:08: [SM] Blaming: admincheats.smx
L 07/14/2021 - 21:09:08: [SM] Call stack trace:
L 07/14/2021 - 21:09:08: [SM]   [0] PrintToConsole
L 07/14/2021 - 21:09:08: [SM]   [1] Line 75, /home/forums/content/files/7/2/34150.attach::cheatcommand
L 07/14/2021 - 21:09:08: [SM] Exception reported: String formatted incorrectly - parameter 4 (total 3)
L 07/14/2021 - 21:09:08: [SM] Blaming: admincheats.smx
L 07/14/2021 - 21:09:08: [SM] Call stack trace:
L 07/14/2021 - 21:09:08: [SM]   [0] PrintToConsole
L 07/14/2021 - 21:09:08: [SM]   [1] Line 75, /home/forums/content/files/7/2/34150.attach::cheatcommand
L 07/14/2021 - 21:09:08: [SM] Exception reported: String formatted incorrectly - parameter 4 (total 3)
L 07/14/2021 - 21:09:08: [SM] Blaming: admincheats.smx
L 07/14/2021 - 21:09:08: [SM] Call stack trace:
L 07/14/2021 - 21:09:08: [SM]   [0] PrintToConsole
L 07/14/2021 - 21:09:08: [SM]   [1] Line 75, /home/forums/content/files/7/2/34150.attach::cheatcommand
L 07/14/2021 - 21:09:08: [SM] Exception reported: String formatted incorrectly - parameter 4 (total 3)
L 07/14/2021 - 21:09:08: [SM] Blaming: admincheats.smx
L 07/14/2021 - 21:09:08: [SM] Call stack trace:
L 07/14/2021 - 21:09:08: [SM]   [0] PrintToConsole
L 07/14/2021 - 21:09:08: [SM]   [1] Line 75, /home/forums/content/files/7/2/34150.attach::cheatcommand
L 07/14/2021 - 21:09:08: [SM] Exception reported: String formatted incorrectly - parameter 4 (total 3)
L 07/14/2021 - 21:09:08: [SM] Blaming: admincheats.smx
L 07/14/2021 - 21:09:08: [SM] Call stack trace:
L 07/14/2021 - 21:09:08: [SM]   [0] PrintToConsole
L 07/14/2021 - 21:09:08: [SM]   [1] Line 75, /home/forums/content/files/7/2/34150.attach::cheatcommand
L 07/14/2021 - 21:09:09: [SM] Exception reported: String formatted incorrectly - parameter 4 (total 3)
L 07/14/2021 - 21:09:09: [SM] Blaming: admincheats.smx
L 07/14/2021 - 21:09:09: [SM] Call stack trace:
L 07/14/2021 - 21:09:09: [SM]   [0] PrintToConsole
L 07/14/2021 - 21:09:09: [SM]   [1] Line 75, /home/forums/content/files/7/2/34150.attach::cheatcommand
L 07/14/2021 - 21:09:09: [SM] Exception reported: String formatted incorrectly - parameter 4 (total 3)
L 07/14/2021 - 21:09:09: [SM] Blaming: admincheats.smx
L 07/14/2021 - 21:09:09: [SM] Call stack trace:
L 07/14/2021 - 21:09:09: [SM]   [0] PrintToConsole
L 07/14/2021 - 21:09:09: [SM]   [1] Line 75, /home/forums/content/files/7/2/34150.attach::cheatcommand
L 07/14/2021 - 21:09:09: [SM] Exception reported: String formatted incorrectly - parameter 4 (total 3)
L 07/14/2021 - 21:09:09: [SM] Blaming: admincheats.smx
L 07/14/2021 - 21:09:09: [SM] Call stack trace:
L 07/14/2021 - 21:09:09: [SM]   [0] PrintToConsole
L 07/14/2021 - 21:09:09: [SM]   [1] Line 75, /home/forums/content/files/7/2/34150.attach::cheatcommand
L 07/14/2021 - 21:09:09: [SM] Exception reported: String formatted incorrectly - parameter 4 (total 3)
L 07/14/2021 - 21:09:09: [SM] Blaming: admincheats.smx
L 07/14/2021 - 21:09:09: [SM] Call stack trace:
L 07/14/2021 - 21:09:09: [SM]   [0] PrintToConsole
L 07/14/2021 - 21:09:09: [SM]   [1] Line 75, /home/forums/content/files/7/2/34150.attach::cheatcommand
L 07/14/2021 - 21:09:09: [SM] Exception reported: String formatted incorrectly - parameter 4 (total 3)
L 07/14/2021 - 21:09:09: [SM] Blaming: admincheats.smx
L 07/14/2021 - 21:09:09: [SM] Call stack trace:
L 07/14/2021 - 21:09:09: [SM]   [0] PrintToConsole
L 07/14/2021 - 21:09:09: [SM]   [1] Line 75, /home/forums/content/files/7/2/34150.attach::cheatcommand
L 07/14/2021 - 21:09:10: [SM] Exception reported: String formatted incorrectly - parameter 4 (total 3)
L 07/14/2021 - 21:09:10: [SM] Blaming: admincheats.smx
L 07/14/2021 - 21:09:10: [SM] Call stack trace:
L 07/14/2021 - 21:09:10: [SM]   [0] PrintToConsole
L 07/14/2021 - 21:09:10: [SM]   [1] Line 75, /home/forums/content/files/7/2/34150.attach::cheatcommand
L 07/14/2021 - 21:09:10: [SM] Exception reported: String formatted incorrectly - parameter 4 (total 3)
L 07/14/2021 - 21:09:10: [SM] Blaming: admincheats.smx
L 07/14/2021 - 21:09:10: [SM] Call stack trace:
L 07/14/2021 - 21:09:10: [SM]   [0] PrintToConsole
L 07/14/2021 - 21:09:10: [SM]   [1] Line 75, /home/forums/content/files/7/2/34150.attach::cheatcommand
L 07/14/2021 - 21:09:10: [SM] Exception reported: String formatted incorrectly - parameter 4 (total 3)
L 07/14/2021 - 21:09:10: [SM] Blaming: admincheats.smx
L 07/14/2021 - 21:09:10: [SM] Call stack trace:
L 07/14/2021 - 21:09:10: [SM]   [0] PrintToConsole
L 07/14/2021 - 21:09:10: [SM]   [1] Line 75, /home/forums/content/files/7/2/34150.attach::cheatcommand
L 07/14/2021 - 21:09:10: [SM] Exception reported: String formatted incorrectly - parameter 4 (total 3)
L 07/14/2021 - 21:09:10: [SM] Blaming: admincheats.smx
L 07/14/2021 - 21:09:10: [SM] Call stack trace:
L 07/14/2021 - 21:09:10: [SM]   [0] PrintToConsole
L 07/14/2021 - 21:09:10: [SM]   [1] Line 75, /home/forums/content/files/7/2/34150.attach::cheatcommand
L 07/14/2021 - 21:09:10: [SM] Exception reported: String formatted incorrectly - parameter 4 (total 3)
L 07/14/2021 - 21:09:10: [SM] Blaming: admincheats.smx
L 07/14/2021 - 21:09:10: [SM] Call stack trace:
L 07/14/2021 - 21:09:10: [SM]   [0] PrintToConsole
L 07/14/2021 - 21:09:10: [SM]   [1] Line 75, /home/forums/content/files/7/2/34150.attach::cheatcommand
L 07/14/2021 - 21:09:11: [SM] Exception reported: String formatted incorrectly - parameter 4 (total 3)
L 07/14/2021 - 21:09:11: [SM] Blaming: admincheats.smx
L 07/14/2021 - 21:09:11: [SM] Call stack trace:
L 07/14/2021 - 21:09:11: [SM]   [0] PrintToConsole
L 07/14/2021 - 21:09:11: [SM]   [1] Line 75, /home/forums/content/files/7/2/34150.attach::cheatcommand
L 07/14/2021 - 21:09:11: [SM] Exception reported: String formatted incorrectly - parameter 4 (total 3)
L 07/14/2021 - 21:09:11: [SM] Blaming: admincheats.smx
L 07/14/2021 - 21:09:11: [SM] Call stack trace:
L 07/14/2021 - 21:09:11: [SM]   [0] PrintToConsole
L 07/14/2021 - 21:09:11: [SM]   [1] Line 75, /home/forums/content/files/7/2/34150.attach::cheatcommand
L 07/14/2021 - 21:09:11: [SM] Exception reported: String formatted incorrectly - parameter 4 (total 3)
L 07/14/2021 - 21:09:11: [SM] Blaming: admincheats.smx
L 07/14/2021 - 21:09:11: [SM] Call stack trace:
L 07/14/2021 - 21:09:11: [SM]   [0] PrintToConsole
L 07/14/2021 - 21:09:11: [SM]   [1] Line 75, /home/forums/content/files/7/2/34150.attach::cheatcommand
L 07/14/2021 - 21:09:11: [SM] Exception reported: String formatted incorrectly - parameter 4 (total 3)
L 07/14/2021 - 21:09:11: [SM] Blaming: admincheats.smx
L 07/14/2021 - 21:09:11: [SM] Call stack trace:
L 07/14/2021 - 21:09:11: [SM]   [0] PrintToConsole
L 07/14/2021 - 21:09:11: [SM]   [1] Line 75, /home/forums/content/files/7/2/34150.attach::cheatcommand
L 07/14/2021 - 21:09:11: [SM] Exception reported: String formatted incorrectly - parameter 4 (total 3)
L 07/14/2021 - 21:09:11: [SM] Blaming: admincheats.smx
L 07/14/2021 - 21:09:11: [SM] Call stack trace:
L 07/14/2021 - 21:09:11: [SM]   [0] PrintToConsole
L 07/14/2021 - 21:09:11: [SM]   [1] Line 75, /home/forums/content/files/7/2/34150.attach::cheatcommand
L 07/14/2021 - 21:09:12: [SM] Exception reported: String formatted incorrectly - parameter 4 (total 3)
L 07/14/2021 - 21:09:12: [SM] Blaming: admincheats.smx
L 07/14/2021 - 21:09:12: [SM] Call stack trace:
L 07/14/2021 - 21:09:12: [SM]   [0] PrintToConsole
L 07/14/2021 - 21:09:12: [SM]   [1] Line 75, /home/forums/content/files/7/2/34150.attach::cheatcommand
L 07/14/2021 - 21:09:12: [SM] Exception reported: String formatted incorrectly - parameter 4 (total 3)
L 07/14/2021 - 21:09:12: [SM] Blaming: admincheats.smx
L 07/14/2021 - 21:09:12: [SM] Call stack trace:
L 07/14/2021 - 21:09:12: [SM]   [0] PrintToConsole
L 07/14/2021 - 21:09:12: [SM]   [1] Line 75, /home/forums/content/files/7/2/34150.attach::cheatcommand
L 07/14/2021 - 21:09:12: [SM] Exception reported: String formatted incorrectly - parameter 4 (total 3)
L 07/14/2021 - 21:09:12: [SM] Blaming: admincheats.smx
L 07/14/2021 - 21:09:12: [SM] Call stack trace:
L 07/14/2021 - 21:09:12: [SM]   [0] PrintToConsole
L 07/14/2021 - 21:09:12: [SM]   [1] Line 75, /home/forums/content/files/7/2/34150.attach::cheatcommand
L 07/14/2021 - 21:09:12: [SM] Exception reported: String formatted incorrectly - parameter 4 (total 3)
L 07/14/2021 - 21:09:12: [SM] Blaming: admincheats.smx
L 07/14/2021 - 21:09:12: [SM] Call stack trace:
L 07/14/2021 - 21:09:12: [SM]   [0] PrintToConsole
L 07/14/2021 - 21:09:12: [SM]   [1] Line 75, /home/forums/content/files/7/2/34150.attach::cheatcommand
L 07/14/2021 - 21:09:13: [SM] Exception reported: String formatted incorrectly - parameter 4 (total 3)
L 07/14/2021 - 21:09:13: [SM] Blaming: admincheats.smx
L 07/14/2021 - 21:09:13: [SM] Call stack trace:
L 07/14/2021 - 21:09:13: [SM]   [0] PrintToConsole
L 07/14/2021 - 21:09:13: [SM]   [1] Line 75, /home/forums/content/files/7/2/34150.attach::cheatcommand
L 07/14/2021 - 21:09:13: [SM] Exception reported: String formatted incorrectly - parameter 4 (total 3)
L 07/14/2021 - 21:09:13: [SM] Blaming: admincheats.smx
L 07/14/2021 - 21:09:13: [SM] Call stack trace:
L 07/14/2021 - 21:09:13: [SM]   [0] PrintToConsole
L 07/14/2021 - 21:09:13: [SM]   [1] Line 75, /home/forums/content/files/7/2/34150.attach::cheatcommand
L 07/14/2021 - 21:09:13: [SM] Exception reported: String formatted incorrectly - parameter 4 (total 3)
L 07/14/2021 - 21:09:13: [SM] Blaming: admincheats.smx
L 07/14/2021 - 21:09:13: [SM] Call stack trace:
L 07/14/2021 - 21:09:13: [SM]   [0] PrintToConsole
L 07/14/2021 - 21:09:13: [SM]   [1] Line 75, /home/forums/content/files/7/2/34150.attach::cheatcommand
L 07/14/2021 - 21:09:13: [SM] Exception reported: String formatted incorrectly - parameter 4 (total 3)
L 07/14/2021 - 21:09:13: [SM] Blaming: admincheats.smx
L 07/14/2021 - 21:09:13: [SM] Call stack trace:
L 07/14/2021 - 21:09:13: [SM]   [0] PrintToConsole
L 07/14/2021 - 21:09:13: [SM]   [1] Line 75, /home/forums/content/files/7/2/34150.attach::cheatcommand
L 07/14/2021 - 21:09:13: [SM] Exception reported: String formatted incorrectly - parameter 4 (total 3)
L 07/14/2021 - 21:09:13: [SM] Blaming: admincheats.smx
L 07/14/2021 - 21:09:13: [SM] Call stack trace:
L 07/14/2021 - 21:09:13: [SM]   [0] PrintToConsole
L 07/14/2021 - 21:09:13: [SM]   [1] Line 75, /home/forums/content/files/7/2/34150.attach::cheatcommand
L 07/14/2021 - 21:09:13: [SM] Exception reported: String formatted incorrectly - parameter 4 (total 3)
L 07/14/2021 - 21:09:13: [SM] Blaming: admincheats.smx
L 07/14/2021 - 21:09:13: [SM] Call stack trace:
L 07/14/2021 - 21:09:13: [SM]   [0] PrintToConsole
L 07/14/2021 - 21:09:13: [SM]   [1] Line 75, /home/forums/content/files/7/2/34150.attach::cheatcommand
L 07/14/2021 - 21:09:14: [SM] Exception reported: String formatted incorrectly - parameter 4 (total 3)
L 07/14/2021 - 21:09:14: [SM] Blaming: admincheats.smx
L 07/14/2021 - 21:09:14: [SM] Call stack trace:
L 07/14/2021 - 21:09:14: [SM]   [0] PrintToConsole
L 07/14/2021 - 21:09:14: [SM]   [1] Line 75, /home/forums/content/files/7/2/34150.attach::cheatcommand
L 07/14/2021 - 21:09:14: [SM] Exception reported: String formatted incorrectly - parameter 4 (total 3)
L 07/14/2021 - 21:09:14: [SM] Blaming: admincheats.smx
L 07/14/2021 - 21:09:14: [SM] Call stack trace:
L 07/14/2021 - 21:09:14: [SM]   [0] PrintToConsole
L 07/14/2021 - 21:09:14: [SM]   [1] Line 75, /home/forums/content/files/7/2/34150.attach::cheatcommand
L 07/14/2021 - 21:09:14: [SM] Exception reported: String formatted incorrectly - parameter 4 (total 3)
L 07/14/2021 - 21:09:14: [SM] Blaming: admincheats.smx
L 07/14/2021 - 21:09:14: [SM] Call stack trace:
L 07/14/2021 - 21:09:14: [SM]   [0] PrintToConsole
L 07/14/2021 - 21:09:14: [SM]   [1] Line 75, /home/forums/content/files/7/2/34150.attach::cheatcommand
L 07/14/2021 - 21:09:14: [SM] Exception reported: String formatted incorrectly - parameter 4 (total 3)
L 07/14/2021 - 21:09:14: [SM] Blaming: admincheats.smx
L 07/14/2021 - 21:09:14: [SM] Call stack trace:
L 07/14/2021 - 21:09:14: [SM]   [0] PrintToConsole
L 07/14/2021 - 21:09:14: [SM]   [1] Line 75, /home/forums/content/files/7/2/34150.attach::cheatcommand
L 07/14/2021 - 21:09:14: [SM] Exception reported: String formatted incorrectly - parameter 4 (total 3)
L 07/14/2021 - 21:09:14: [SM] Blaming: admincheats.smx
L 07/14/2021 - 21:09:14: [SM] Call stack trace:
L 07/14/2021 - 21:09:14: [SM]   [0] PrintToConsole
L 07/14/2021 - 21:09:14: [SM]   [1] Line 75, /home/forums/content/files/7/2/34150.attach::cheatcommand
L 07/14/2021 - 21:09:15: [SM] Exception reported: String formatted incorrectly - parameter 4 (total 3)
L 07/14/2021 - 21:09:15: [SM] Blaming: admincheats.smx
L 07/14/2021 - 21:09:15: [SM] Call stack trace:
L 07/14/2021 - 21:09:15: [SM]   [0] PrintToConsole
L 07/14/2021 - 21:09:15: [SM]   [1] Line 75, /home/forums/content/files/7/2/34150.attach::cheatcommand
L 07/14/2021 - 21:09:15: [SM] Exception reported: String formatted incorrectly - parameter 4 (total 3)
L 07/14/2021 - 21:09:15: [SM] Blaming: admincheats.smx
L 07/14/2021 - 21:09:15: [SM] Call stack trace:
L 07/14/2021 - 21:09:15: [SM]   [0] PrintToConsole
L 07/14/2021 - 21:09:15: [SM]   [1] Line 75, /home/forums/content/files/7/2/34150.attach::cheatcommand
L 07/14/2021 - 21:09:15: [SM] Exception reported: String formatted incorrectly - parameter 4 (total 3)
L 07/14/2021 - 21:09:15: [SM] Blaming: admincheats.smx
L 07/14/2021 - 21:09:15: [SM] Call stack trace:
L 07/14/2021 - 21:09:15: [SM]   [0] PrintToConsole
L 07/14/2021 - 21:09:15: [SM]   [1] Line 75, /home/forums/content/files/7/2/34150.attach::cheatcommand
L 07/14/2021 - 21:09:15: [SM] Exception reported: String formatted incorrectly - parameter 4 (total 3)
L 07/14/2021 - 21:09:15: [SM] Blaming: admincheats.smx
L 07/14/2021 - 21:09:15: [SM] Call stack trace:
L 07/14/2021 - 21:09:15: [SM]   [0] PrintToConsole
L 07/14/2021 - 21:09:15: [SM]   [1] Line 75, /home/forums/content/files/7/2/34150.attach::cheatcommand
L 07/14/2021 - 21:09:15: [SM] Exception reported: String formatted incorrectly - parameter 4 (total 3)
L 07/14/2021 - 21:09:15: [SM] Blaming: admincheats.smx
L 07/14/2021 - 21:09:15: [SM] Call stack trace:
L 07/14/2021 - 21:09:15: [SM]   [0] PrintToConsole
L 07/14/2021 - 21:09:15: [SM]   [1] Line 75, /home/forums/content/files/7/2/34150.attach::cheatcommand
L 07/14/2021 - 21:27:35: [SM] Exception reported: String formatted incorrectly - parameter 4 (total 3)
L 07/14/2021 - 21:27:35: [SM] Blaming: admincheats.smx
L 07/14/2021 - 21:27:35: [SM] Call stack trace:
L 07/14/2021 - 21:27:35: [SM]   [0] PrintToConsole
L 07/14/2021 - 21:27:35: [SM]   [1] Line 75, /home/forums/content/files/7/2/34150.attach::cheatcommand
L 07/14/2021 - 21:30:35: [SM] Exception reported: String formatted incorrectly - parameter 4 (total 3)
L 07/14/2021 - 21:30:35: [SM] Blaming: admincheats.smx
L 07/14/2021 - 21:30:35: [SM] Call stack trace:
L 07/14/2021 - 21:30:35: [SM]   [0] PrintToConsole
L 07/14/2021 - 21:30:35: [SM]   [1] Line 75, /home/forums/content/files/7/2/34150.attach::cheatcommand
L 07/14/2021 - 21:35:05: [SM] Exception reported: String formatted incorrectly - parameter 4 (total 3)
L 07/14/2021 - 21:35:05: [SM] Blaming: admincheats.smx
L 07/14/2021 - 21:35:05: [SM] Call stack trace:
L 07/14/2021 - 21:35:05: [SM]   [0] PrintToConsole
L 07/14/2021 - 21:35:05: [SM]   [1] Line 75, /home/forums/content/files/7/2/34150.attach::cheatcommand
L 07/14/2021 - 21:35:05: [SM] Exception reported: String formatted incorrectly - parameter 4 (total 3)
L 07/14/2021 - 21:35:05: [SM] Blaming: admincheats.smx
L 07/14/2021 - 21:35:05: [SM] Call stack trace:
L 07/14/2021 - 21:35:05: [SM]   [0] PrintToConsole
L 07/14/2021 - 21:35:05: [SM]   [1] Line 75, /home/forums/content/files/7/2/34150.attach::cheatcommand
L 07/14/2021 - 21:35:05: [SM] Exception reported: String formatted incorrectly - parameter 4 (total 3)
L 07/14/2021 - 21:35:05: [SM] Blaming: admincheats.smx
L 07/14/2021 - 21:35:05: [SM] Call stack trace:
L 07/14/2021 - 21:35:05: [SM]   [0] PrintToConsole
L 07/14/2021 - 21:35:05: [SM]   [1] Line 75, /home/forums/content/files/7/2/34150.attach::cheatcommand
L 07/14/2021 - 21:35:05: [SM] Exception reported: String formatted incorrectly - parameter 4 (total 3)
L 07/14/2021 - 21:35:05: [SM] Blaming: admincheats.smx
L 07/14/2021 - 21:35:05: [SM] Call stack trace:
L 07/14/2021 - 21:35:05: [SM]   [0] PrintToConsole
L 07/14/2021 - 21:35:05: [SM]   [1] Line 75, /home/forums/content/files/7/2/34150.attach::cheatcommand
L 07/14/2021 - 21:35:05: [SM] Exception reported: String formatted incorrectly - parameter 4 (total 3)
L 07/14/2021 - 21:35:05: [SM] Blaming: admincheats.smx
L 07/14/2021 - 21:35:05: [SM] Call stack trace:
L 07/14/2021 - 21:35:05: [SM]   [0] PrintToConsole
L 07/14/2021 - 21:35:05: [SM]   [1] Line 75, /home/forums/content/files/7/2/34150.attach::cheatcommand
L 07/14/2021 - 21:35:06: [SM] Exception reported: String formatted incorrectly - parameter 4 (total 3)
L 07/14/2021 - 21:35:06: [SM] Blaming: admincheats.smx
L 07/14/2021 - 21:35:06: [SM] Call stack trace:
L 07/14/2021 - 21:35:06: [SM]   [0] PrintToConsole
L 07/14/2021 - 21:35:06: [SM]   [1] Line 75, /home/forums/content/files/7/2/34150.attach::cheatcommand
L 07/14/2021 - 21:35:06: [SM] Exception reported: String formatted incorrectly - parameter 4 (total 3)
L 07/14/2021 - 21:35:06: [SM] Blaming: admincheats.smx
L 07/14/2021 - 21:35:06: [SM] Call stack trace:
L 07/14/2021 - 21:35:06: [SM]   [0] PrintToConsole
L 07/14/2021 - 21:35:06: [SM]   [1] Line 75, /home/forums/content/files/7/2/34150.attach::cheatcommand
L 07/14/2021 - 21:35:06: [SM] Exception reported: String formatted incorrectly - parameter 4 (total 3)
L 07/14/2021 - 21:35:06: [SM] Blaming: admincheats.smx
L 07/14/2021 - 21:35:06: [SM] Call stack trace:
L 07/14/2021 - 21:35:06: [SM]   [0] PrintToConsole
L 07/14/2021 - 21:35:06: [SM]   [1] Line 75, /home/forums/content/files/7/2/34150.attach::cheatcommand
L 07/14/2021 - 21:35:06: [SM] Exception reported: String formatted incorrectly - parameter 4 (total 3)
L 07/14/2021 - 21:35:06: [SM] Blaming: admincheats.smx
L 07/14/2021 - 21:35:06: [SM] Call stack trace:
L 07/14/2021 - 21:35:06: [SM]   [0] PrintToConsole
L 07/14/2021 - 21:35:06: [SM]   [1] Line 75, /home/forums/content/files/7/2/34150.attach::cheatcommand
L 07/14/2021 - 21:35:06: [SM] Exception reported: String formatted incorrectly - parameter 4 (total 3)
L 07/14/2021 - 21:35:06: [SM] Blaming: admincheats.smx
L 07/14/2021 - 21:35:06: [SM] Call stack trace:
L 07/14/2021 - 21:35:06: [SM]   [0] PrintToConsole
L 07/14/2021 - 21:35:06: [SM]   [1] Line 75, /home/forums/content/files/7/2/34150.attach::cheatcommand
L 07/14/2021 - 21:35:06: [SM] Exception reported: String formatted incorrectly - parameter 4 (total 3)
L 07/14/2021 - 21:35:06: [SM] Blaming: admincheats.smx
L 07/14/2021 - 21:35:06: [SM] Call stack trace:
L 07/14/2021 - 21:35:06: [SM]   [0] PrintToConsole
L 07/14/2021 - 21:35:06: [SM]   [1] Line 75, /home/forums/content/files/7/2/34150.attach::cheatcommand
L 07/14/2021 - 21:35:07: [SM] Exception reported: String formatted incorrectly - parameter 4 (total 3)
L 07/14/2021 - 21:35:07: [SM] Blaming: admincheats.smx
L 07/14/2021 - 21:35:07: [SM] Call stack trace:
L 07/14/2021 - 21:35:07: [SM]   [0] PrintToConsole
L 07/14/2021 - 21:35:07: [SM]   [1] Line 75, /home/forums/content/files/7/2/34150.attach::cheatcommand
L 07/14/2021 - 21:35:07: [SM] Exception reported: String formatted incorrectly - parameter 4 (total 3)
L 07/14/2021 - 21:35:07: [SM] Blaming: admincheats.smx
L 07/14/2021 - 21:35:07: [SM] Call stack trace:
L 07/14/2021 - 21:35:07: [SM]   [0] PrintToConsole
L 07/14/2021 - 21:35:07: [SM]   [1] Line 75, /home/forums/content/files/7/2/34150.attach::cheatcommand
L 07/14/2021 - 21:35:07: [SM] Exception reported: String formatted incorrectly - parameter 4 (total 3)
L 07/14/2021 - 21:35:07: [SM] Blaming: admincheats.smx
L 07/14/2021 - 21:35:07: [SM] Call stack trace:
L 07/14/2021 - 21:35:07: [SM]   [0] PrintToConsole
L 07/14/2021 - 21:35:07: [SM]   [1] Line 75, /home/forums/content/files/7/2/34150.attach::cheatcommand
L 07/14/2021 - 21:35:07: [SM] Exception reported: String formatted incorrectly - parameter 4 (total 3)
L 07/14/2021 - 21:35:07: [SM] Blaming: admincheats.smx
L 07/14/2021 - 21:35:07: [SM] Call stack trace:
L 07/14/2021 - 21:35:07: [SM]   [0] PrintToConsole
L 07/14/2021 - 21:35:07: [SM]   [1] Line 75, /home/forums/content/files/7/2/34150.attach::cheatcommand
L 07/14/2021 - 21:35:07: [SM] Exception reported: String formatted incorrectly - parameter 4 (total 3)
L 07/14/2021 - 21:35:07: [SM] Blaming: admincheats.smx
L 07/14/2021 - 21:35:07: [SM] Call stack trace:
L 07/14/2021 - 21:35:07: [SM]   [0] PrintToConsole
L 07/14/2021 - 21:35:07: [SM]   [1] Line 75, /home/forums/content/files/7/2/34150.attach::cheatcommand
L 07/14/2021 - 21:35:07: [SM] Exception reported: String formatted incorrectly - parameter 4 (total 3)
L 07/14/2021 - 21:35:07: [SM] Blaming: admincheats.smx
L 07/14/2021 - 21:35:07: [SM] Call stack trace:
L 07/14/2021 - 21:35:07: [SM]   [0] PrintToConsole
L 07/14/2021 - 21:35:07: [SM]   [1] Line 75, /home/forums/content/files/7/2/34150.attach::cheatcommand
L 07/14/2021 - 21:35:08: [SM] Exception reported: String formatted incorrectly - parameter 4 (total 3)
L 07/14/2021 - 21:35:08: [SM] Blaming: admincheats.smx
L 07/14/2021 - 21:35:08: [SM] Call stack trace:
L 07/14/2021 - 21:35:08: [SM]   [0] PrintToConsole
L 07/14/2021 - 21:35:08: [SM]   [1] Line 75, /home/forums/content/files/7/2/34150.attach::cheatcommand
L 07/14/2021 - 21:35:08: [SM] Exception reported: String formatted incorrectly - parameter 4 (total 3)
L 07/14/2021 - 21:35:08: [SM] Blaming: admincheats.smx
L 07/14/2021 - 21:35:08: [SM] Call stack trace:
L 07/14/2021 - 21:35:08: [SM]   [0] PrintToConsole
L 07/14/2021 - 21:35:08: [SM]   [1] Line 75, /home/forums/content/files/7/2/34150.attach::cheatcommand
L 07/14/2021 - 21:35:08: [SM] Exception reported: String formatted incorrectly - parameter 4 (total 3)
L 07/14/2021 - 21:35:08: [SM] Blaming: admincheats.smx
L 07/14/2021 - 21:35:08: [SM] Call stack trace:
L 07/14/2021 - 21:35:08: [SM]   [0] PrintToConsole
L 07/14/2021 - 21:35:08: [SM]   [1] Line 75, /home/forums/content/files/7/2/34150.attach::cheatcommand
L 07/14/2021 - 21:35:08: [SM] Exception reported: String formatted incorrectly - parameter 4 (total 3)
L 07/14/2021 - 21:35:08: [SM] Blaming: admincheats.smx
L 07/14/2021 - 21:35:08: [SM] Call stack trace:
L 07/14/2021 - 21:35:08: [SM]   [0] PrintToConsole
L 07/14/2021 - 21:35:08: [SM]   [1] Line 75, /home/forums/content/files/7/2/34150.attach::cheatcommand
L 07/14/2021 - 21:35:08: [SM] Exception reported: String formatted incorrectly - parameter 4 (total 3)
L 07/14/2021 - 21:35:08: [SM] Blaming: admincheats.smx
L 07/14/2021 - 21:35:08: [SM] Call stack trace:
L 07/14/2021 - 21:35:08: [SM]   [0] PrintToConsole
L 07/14/2021 - 21:35:08: [SM]   [1] Line 75, /home/forums/content/files/7/2/34150.attach::cheatcommand
L 07/14/2021 - 21:35:09: [SM] Exception reported: String formatted incorrectly - parameter 4 (total 3)
L 07/14/2021 - 21:35:09: [SM] Blaming: admincheats.smx
L 07/14/2021 - 21:35:09: [SM] Call stack trace:
L 07/14/2021 - 21:35:09: [SM]   [0] PrintToConsole
L 07/14/2021 - 21:35:09: [SM]   [1] Line 75, /home/forums/content/files/7/2/34150.attach::cheatcommand
L 07/14/2021 - 21:35:09: [SM] Exception reported: String formatted incorrectly - parameter 4 (total 3)
L 07/14/2021 - 21:35:09: [SM] Blaming: admincheats.smx
L 07/14/2021 - 21:35:09: [SM] Call stack trace:
L 07/14/2021 - 21:35:09: [SM]   [0] PrintToConsole
L 07/14/2021 - 21:35:09: [SM]   [1] Line 75, /home/forums/content/files/7/2/34150.attach::cheatcommand
L 07/14/2021 - 21:35:09: [SM] Exception reported: String formatted incorrectly - parameter 4 (total 3)
L 07/14/2021 - 21:35:09: [SM] Blaming: admincheats.smx
L 07/14/2021 - 21:35:09: [SM] Call stack trace:
L 07/14/2021 - 21:35:09: [SM]   [0] PrintToConsole
L 07/14/2021 - 21:35:09: [SM]   [1] Line 75, /home/forums/content/files/7/2/34150.attach::cheatcommand
L 07/14/2021 - 21:35:09: [SM] Exception reported: String formatted incorrectly - parameter 4 (total 3)
L 07/14/2021 - 21:35:09: [SM] Blaming: admincheats.smx
L 07/14/2021 - 21:35:09: [SM] Call stack trace:
L 07/14/2021 - 21:35:09: [SM]   [0] PrintToConsole
L 07/14/2021 - 21:35:09: [SM]   [1] Line 75, /home/forums/content/files/7/2/34150.attach::cheatcommand
L 07/14/2021 - 21:35:24: [SM] Exception reported: String formatted incorrectly - parameter 4 (total 3)
L 07/14/2021 - 21:35:24: [SM] Blaming: admincheats.smx
L 07/14/2021 - 21:35:24: [SM] Call stack trace:
L 07/14/2021 - 21:35:24: [SM]   [0] PrintToConsole
L 07/14/2021 - 21:35:24: [SM]   [1] Line 75, /home/forums/content/files/7/2/34150.attach::cheatcommand
L 07/14/2021 - 21:35:25: [SM] Exception reported: String formatted incorrectly - parameter 4 (total 3)
L 07/14/2021 - 21:35:25: [SM] Blaming: admincheats.smx
L 07/14/2021 - 21:35:25: [SM] Call stack trace:
L 07/14/2021 - 21:35:25: [SM]   [0] PrintToConsole
L 07/14/2021 - 21:35:25: [SM]   [1] Line 75, /home/forums/content/files/7/2/34150.attach::cheatcommand
L 07/14/2021 - 21:35:25: [SM] Exception reported: String formatted incorrectly - parameter 4 (total 3)
L 07/14/2021 - 21:35:25: [SM] Blaming: admincheats.smx
L 07/14/2021 - 21:35:25: [SM] Call stack trace:
L 07/14/2021 - 21:35:25: [SM]   [0] PrintToConsole
L 07/14/2021 - 21:35:25: [SM]   [1] Line 75, /home/forums/content/files/7/2/34150.attach::cheatcommand
L 07/14/2021 - 21:35:59: Error log file session closed.
