L 11/09/2020 - 07:49:33: SourceMod error session started
L 11/09/2020 - 07:49:33: Info (map "plr_hightower") (file "/hlserver/tf2/tf/addons/sourcemod/logs/errors_20201109.log")
L 11/09/2020 - 07:49:33: [SM] Exception reported: String formatted incorrectly - parameter 4 (total 3)
L 11/09/2020 - 07:49:33: [SM] Blaming: admincheats.smx
L 11/09/2020 - 07:49:33: [SM] Call stack trace:
L 11/09/2020 - 07:49:33: [SM]   [0] PrintToConsole
L 11/09/2020 - 07:49:33: [SM]   [1] Line 75, /home/forums/content/files/7/2/34150.attach::cheatcommand
L 11/09/2020 - 07:50:04: [SM] Exception reported: String formatted incorrectly - parameter 4 (total 3)
L 11/09/2020 - 07:50:04: [SM] Blaming: admincheats.smx
L 11/09/2020 - 07:50:04: [SM] Call stack trace:
L 11/09/2020 - 07:50:04: [SM]   [0] PrintToConsole
L 11/09/2020 - 07:50:04: [SM]   [1] Line 75, /home/forums/content/files/7/2/34150.attach::cheatcommand
L 11/09/2020 - 07:52:07: [SM] Exception reported: String formatted incorrectly - parameter 4 (total 3)
L 11/09/2020 - 07:52:07: [SM] Blaming: admincheats.smx
L 11/09/2020 - 07:52:07: [SM] Call stack trace:
L 11/09/2020 - 07:52:07: [SM]   [0] PrintToConsole
L 11/09/2020 - 07:52:07: [SM]   [1] Line 75, /home/forums/content/files/7/2/34150.attach::cheatcommand
L 11/09/2020 - 07:54:17: Error log file session closed.
L 11/09/2020 - 07:56:06: SourceMod error session started
L 11/09/2020 - 07:56:06: Info (map "plr_hightower") (file "/hlserver/tf2/tf/addons/sourcemod/logs/errors_20201109.log")
L 11/09/2020 - 07:56:06: [SM] Exception reported: String formatted incorrectly - parameter 4 (total 3)
L 11/09/2020 - 07:56:06: [SM] Blaming: admincheats.smx
L 11/09/2020 - 07:56:06: [SM] Call stack trace:
L 11/09/2020 - 07:56:06: [SM]   [0] PrintToConsole
L 11/09/2020 - 07:56:06: [SM]   [1] Line 75, /home/forums/content/files/7/2/34150.attach::cheatcommand
L 11/09/2020 - 07:56:20: [SM] Exception reported: String formatted incorrectly - parameter 4 (total 3)
L 11/09/2020 - 07:56:20: [SM] Blaming: admincheats.smx
L 11/09/2020 - 07:56:20: [SM] Call stack trace:
L 11/09/2020 - 07:56:20: [SM]   [0] PrintToConsole
L 11/09/2020 - 07:56:20: [SM]   [1] Line 75, /home/forums/content/files/7/2/34150.attach::cheatcommand
L 11/09/2020 - 08:10:46: Error log file session closed.
