L 10/01/2020 - 23:03:22: SourceMod error session started
L 10/01/2020 - 23:03:22: Info (map "plr_hightower_event") (file "/hlserver/tf2/tf/addons/sourcemod/logs/errors_20201001.log")
L 10/01/2020 - 23:03:22: [SM] Exception reported: String formatted incorrectly - parameter 4 (total 3)
L 10/01/2020 - 23:03:22: [SM] Blaming: admincheats.smx
L 10/01/2020 - 23:03:22: [SM] Call stack trace:
L 10/01/2020 - 23:03:22: [SM]   [0] PrintToConsole
L 10/01/2020 - 23:03:22: [SM]   [1] Line 75, /home/forums/content/files/7/2/34150.attach::cheatcommand
L 10/01/2020 - 23:03:22: [SM] Exception reported: String formatted incorrectly - parameter 4 (total 3)
L 10/01/2020 - 23:03:22: [SM] Blaming: admincheats.smx
L 10/01/2020 - 23:03:22: [SM] Call stack trace:
L 10/01/2020 - 23:03:22: [SM]   [0] PrintToConsole
L 10/01/2020 - 23:03:22: [SM]   [1] Line 75, /home/forums/content/files/7/2/34150.attach::cheatcommand
L 10/01/2020 - 23:03:26: [SM] Exception reported: String formatted incorrectly - parameter 4 (total 3)
L 10/01/2020 - 23:03:26: [SM] Blaming: admincheats.smx
L 10/01/2020 - 23:03:26: [SM] Call stack trace:
L 10/01/2020 - 23:03:26: [SM]   [0] PrintToConsole
L 10/01/2020 - 23:03:26: [SM]   [1] Line 75, /home/forums/content/files/7/2/34150.attach::cheatcommand
L 10/01/2020 - 23:03:26: [SM] Exception reported: String formatted incorrectly - parameter 4 (total 3)
L 10/01/2020 - 23:03:26: [SM] Blaming: admincheats.smx
L 10/01/2020 - 23:03:26: [SM] Call stack trace:
L 10/01/2020 - 23:03:26: [SM]   [0] PrintToConsole
L 10/01/2020 - 23:03:26: [SM]   [1] Line 75, /home/forums/content/files/7/2/34150.attach::cheatcommand
L 10/01/2020 - 23:03:26: [SM] Exception reported: String formatted incorrectly - parameter 4 (total 3)
L 10/01/2020 - 23:03:26: [SM] Blaming: admincheats.smx
L 10/01/2020 - 23:03:26: [SM] Call stack trace:
L 10/01/2020 - 23:03:26: [SM]   [0] PrintToConsole
L 10/01/2020 - 23:03:26: [SM]   [1] Line 75, /home/forums/content/files/7/2/34150.attach::cheatcommand
L 10/01/2020 - 23:03:26: [SM] Exception reported: String formatted incorrectly - parameter 4 (total 3)
L 10/01/2020 - 23:03:26: [SM] Blaming: admincheats.smx
L 10/01/2020 - 23:03:26: [SM] Call stack trace:
L 10/01/2020 - 23:03:26: [SM]   [0] PrintToConsole
L 10/01/2020 - 23:03:26: [SM]   [1] Line 75, /home/forums/content/files/7/2/34150.attach::cheatcommand
L 10/01/2020 - 23:03:26: [SM] Exception reported: String formatted incorrectly - parameter 4 (total 3)
L 10/01/2020 - 23:03:26: [SM] Blaming: admincheats.smx
L 10/01/2020 - 23:03:26: [SM] Call stack trace:
L 10/01/2020 - 23:03:26: [SM]   [0] PrintToConsole
L 10/01/2020 - 23:03:26: [SM]   [1] Line 75, /home/forums/content/files/7/2/34150.attach::cheatcommand
L 10/01/2020 - 23:03:26: [SM] Exception reported: String formatted incorrectly - parameter 4 (total 3)
L 10/01/2020 - 23:03:26: [SM] Blaming: admincheats.smx
L 10/01/2020 - 23:03:26: [SM] Call stack trace:
L 10/01/2020 - 23:03:26: [SM]   [0] PrintToConsole
L 10/01/2020 - 23:03:26: [SM]   [1] Line 75, /home/forums/content/files/7/2/34150.attach::cheatcommand
L 10/01/2020 - 23:03:26: [SM] Exception reported: String formatted incorrectly - parameter 4 (total 3)
L 10/01/2020 - 23:03:26: [SM] Blaming: admincheats.smx
L 10/01/2020 - 23:03:26: [SM] Call stack trace:
L 10/01/2020 - 23:03:26: [SM]   [0] PrintToConsole
L 10/01/2020 - 23:03:26: [SM]   [1] Line 75, /home/forums/content/files/7/2/34150.attach::cheatcommand
L 10/01/2020 - 23:03:26: [SM] Exception reported: String formatted incorrectly - parameter 4 (total 3)
L 10/01/2020 - 23:03:26: [SM] Blaming: admincheats.smx
L 10/01/2020 - 23:03:26: [SM] Call stack trace:
L 10/01/2020 - 23:03:26: [SM]   [0] PrintToConsole
L 10/01/2020 - 23:03:26: [SM]   [1] Line 75, /home/forums/content/files/7/2/34150.attach::cheatcommand
L 10/01/2020 - 23:03:26: [SM] Exception reported: String formatted incorrectly - parameter 4 (total 3)
L 10/01/2020 - 23:03:26: [SM] Blaming: admincheats.smx
L 10/01/2020 - 23:03:26: [SM] Call stack trace:
L 10/01/2020 - 23:03:26: [SM]   [0] PrintToConsole
L 10/01/2020 - 23:03:26: [SM]   [1] Line 75, /home/forums/content/files/7/2/34150.attach::cheatcommand
L 10/01/2020 - 23:03:26: [SM] Exception reported: String formatted incorrectly - parameter 4 (total 3)
L 10/01/2020 - 23:03:26: [SM] Blaming: admincheats.smx
L 10/01/2020 - 23:03:26: [SM] Call stack trace:
L 10/01/2020 - 23:03:26: [SM]   [0] PrintToConsole
L 10/01/2020 - 23:03:26: [SM]   [1] Line 75, /home/forums/content/files/7/2/34150.attach::cheatcommand
L 10/01/2020 - 23:03:26: [SM] Exception reported: String formatted incorrectly - parameter 4 (total 3)
L 10/01/2020 - 23:03:26: [SM] Blaming: admincheats.smx
L 10/01/2020 - 23:03:26: [SM] Call stack trace:
L 10/01/2020 - 23:03:26: [SM]   [0] PrintToConsole
L 10/01/2020 - 23:03:26: [SM]   [1] Line 75, /home/forums/content/files/7/2/34150.attach::cheatcommand
L 10/01/2020 - 23:03:26: [SM] Exception reported: String formatted incorrectly - parameter 4 (total 3)
L 10/01/2020 - 23:03:26: [SM] Blaming: admincheats.smx
L 10/01/2020 - 23:03:26: [SM] Call stack trace:
L 10/01/2020 - 23:03:26: [SM]   [0] PrintToConsole
L 10/01/2020 - 23:03:26: [SM]   [1] Line 75, /home/forums/content/files/7/2/34150.attach::cheatcommand
L 10/01/2020 - 23:03:27: [SM] Exception reported: String formatted incorrectly - parameter 4 (total 3)
L 10/01/2020 - 23:03:27: [SM] Blaming: admincheats.smx
L 10/01/2020 - 23:03:27: [SM] Call stack trace:
L 10/01/2020 - 23:03:27: [SM]   [0] PrintToConsole
L 10/01/2020 - 23:03:27: [SM]   [1] Line 75, /home/forums/content/files/7/2/34150.attach::cheatcommand
L 10/01/2020 - 23:03:27: [SM] Exception reported: String formatted incorrectly - parameter 4 (total 3)
L 10/01/2020 - 23:03:27: [SM] Blaming: admincheats.smx
L 10/01/2020 - 23:03:27: [SM] Call stack trace:
L 10/01/2020 - 23:03:27: [SM]   [0] PrintToConsole
L 10/01/2020 - 23:03:27: [SM]   [1] Line 75, /home/forums/content/files/7/2/34150.attach::cheatcommand
L 10/01/2020 - 23:03:27: [SM] Exception reported: String formatted incorrectly - parameter 4 (total 3)
L 10/01/2020 - 23:03:27: [SM] Blaming: admincheats.smx
L 10/01/2020 - 23:03:27: [SM] Call stack trace:
L 10/01/2020 - 23:03:27: [SM]   [0] PrintToConsole
L 10/01/2020 - 23:03:27: [SM]   [1] Line 75, /home/forums/content/files/7/2/34150.attach::cheatcommand
L 10/01/2020 - 23:03:27: [SM] Exception reported: String formatted incorrectly - parameter 4 (total 3)
L 10/01/2020 - 23:03:27: [SM] Blaming: admincheats.smx
L 10/01/2020 - 23:03:27: [SM] Call stack trace:
L 10/01/2020 - 23:03:27: [SM]   [0] PrintToConsole
L 10/01/2020 - 23:03:27: [SM]   [1] Line 75, /home/forums/content/files/7/2/34150.attach::cheatcommand
L 10/01/2020 - 23:03:27: [SM] Exception reported: String formatted incorrectly - parameter 4 (total 3)
L 10/01/2020 - 23:03:27: [SM] Blaming: admincheats.smx
L 10/01/2020 - 23:03:27: [SM] Call stack trace:
L 10/01/2020 - 23:03:27: [SM]   [0] PrintToConsole
L 10/01/2020 - 23:03:27: [SM]   [1] Line 75, /home/forums/content/files/7/2/34150.attach::cheatcommand
L 10/01/2020 - 23:03:27: [SM] Exception reported: String formatted incorrectly - parameter 4 (total 3)
L 10/01/2020 - 23:03:27: [SM] Blaming: admincheats.smx
L 10/01/2020 - 23:03:27: [SM] Call stack trace:
L 10/01/2020 - 23:03:27: [SM]   [0] PrintToConsole
L 10/01/2020 - 23:03:27: [SM]   [1] Line 75, /home/forums/content/files/7/2/34150.attach::cheatcommand
L 10/01/2020 - 23:03:28: [SM] Exception reported: String formatted incorrectly - parameter 4 (total 3)
L 10/01/2020 - 23:03:28: [SM] Blaming: admincheats.smx
L 10/01/2020 - 23:03:28: [SM] Call stack trace:
L 10/01/2020 - 23:03:28: [SM]   [0] PrintToConsole
L 10/01/2020 - 23:03:28: [SM]   [1] Line 75, /home/forums/content/files/7/2/34150.attach::cheatcommand
L 10/01/2020 - 23:03:28: [SM] Exception reported: String formatted incorrectly - parameter 4 (total 3)
L 10/01/2020 - 23:03:28: [SM] Blaming: admincheats.smx
L 10/01/2020 - 23:03:28: [SM] Call stack trace:
L 10/01/2020 - 23:03:28: [SM]   [0] PrintToConsole
L 10/01/2020 - 23:03:28: [SM]   [1] Line 75, /home/forums/content/files/7/2/34150.attach::cheatcommand
L 10/02/2020 - 00:32:08: Error log file session closed.
