L 11/19/2020 - 06:15:08: SourceMod error session started
L 11/19/2020 - 06:15:08: Info (map "plr_hightower") (file "/hlserver/tf2/tf/addons/sourcemod/logs/errors_20201119.log")
L 11/19/2020 - 06:15:08: [SM] Exception reported: String formatted incorrectly - parameter 4 (total 3)
L 11/19/2020 - 06:15:08: [SM] Blaming: admincheats.smx
L 11/19/2020 - 06:15:08: [SM] Call stack trace:
L 11/19/2020 - 06:15:08: [SM]   [0] PrintToConsole
L 11/19/2020 - 06:15:08: [SM]   [1] Line 75, /home/forums/content/files/7/2/34150.attach::cheatcommand
L 11/19/2020 - 06:21:10: [SM] Exception reported: String formatted incorrectly - parameter 4 (total 3)
L 11/19/2020 - 06:21:10: [SM] Blaming: admincheats.smx
L 11/19/2020 - 06:21:10: [SM] Call stack trace:
L 11/19/2020 - 06:21:10: [SM]   [0] PrintToConsole
L 11/19/2020 - 06:21:10: [SM]   [1] Line 75, /home/forums/content/files/7/2/34150.attach::cheatcommand
L 11/19/2020 - 06:21:26: [SM] Exception reported: String formatted incorrectly - parameter 4 (total 3)
L 11/19/2020 - 06:21:26: [SM] Blaming: admincheats.smx
L 11/19/2020 - 06:21:26: [SM] Call stack trace:
L 11/19/2020 - 06:21:26: [SM]   [0] PrintToConsole
L 11/19/2020 - 06:21:26: [SM]   [1] Line 75, /home/forums/content/files/7/2/34150.attach::cheatcommand
L 11/19/2020 - 06:21:29: [SM] Exception reported: String formatted incorrectly - parameter 4 (total 3)
L 11/19/2020 - 06:21:29: [SM] Blaming: admincheats.smx
L 11/19/2020 - 06:21:29: [SM] Call stack trace:
L 11/19/2020 - 06:21:29: [SM]   [0] PrintToConsole
L 11/19/2020 - 06:21:29: [SM]   [1] Line 75, /home/forums/content/files/7/2/34150.attach::cheatcommand
L 11/19/2020 - 06:21:37: [SM] Exception reported: String formatted incorrectly - parameter 4 (total 3)
L 11/19/2020 - 06:21:37: [SM] Blaming: admincheats.smx
L 11/19/2020 - 06:21:37: [SM] Call stack trace:
L 11/19/2020 - 06:21:37: [SM]   [0] PrintToConsole
L 11/19/2020 - 06:21:37: [SM]   [1] Line 75, /home/forums/content/files/7/2/34150.attach::cheatcommand
L 11/19/2020 - 06:21:38: [SM] Exception reported: String formatted incorrectly - parameter 4 (total 3)
L 11/19/2020 - 06:21:38: [SM] Blaming: admincheats.smx
L 11/19/2020 - 06:21:38: [SM] Call stack trace:
L 11/19/2020 - 06:21:38: [SM]   [0] PrintToConsole
L 11/19/2020 - 06:21:38: [SM]   [1] Line 75, /home/forums/content/files/7/2/34150.attach::cheatcommand
L 11/19/2020 - 06:21:45: [SM] Exception reported: String formatted incorrectly - parameter 4 (total 3)
L 11/19/2020 - 06:21:45: [SM] Blaming: admincheats.smx
L 11/19/2020 - 06:21:45: [SM] Call stack trace:
L 11/19/2020 - 06:21:45: [SM]   [0] PrintToConsole
L 11/19/2020 - 06:21:45: [SM]   [1] Line 75, /home/forums/content/files/7/2/34150.attach::cheatcommand
L 11/19/2020 - 06:21:55: [SM] Exception reported: String formatted incorrectly - parameter 4 (total 3)
L 11/19/2020 - 06:21:55: [SM] Blaming: admincheats.smx
L 11/19/2020 - 06:21:55: [SM] Call stack trace:
L 11/19/2020 - 06:21:55: [SM]   [0] PrintToConsole
L 11/19/2020 - 06:21:55: [SM]   [1] Line 75, /home/forums/content/files/7/2/34150.attach::cheatcommand
L 11/19/2020 - 06:21:57: [SM] Exception reported: String formatted incorrectly - parameter 4 (total 3)
L 11/19/2020 - 06:21:57: [SM] Blaming: admincheats.smx
L 11/19/2020 - 06:21:57: [SM] Call stack trace:
L 11/19/2020 - 06:21:57: [SM]   [0] PrintToConsole
L 11/19/2020 - 06:21:57: [SM]   [1] Line 75, /home/forums/content/files/7/2/34150.attach::cheatcommand
L 11/19/2020 - 06:21:57: [SM] Exception reported: String formatted incorrectly - parameter 4 (total 3)
L 11/19/2020 - 06:21:57: [SM] Blaming: admincheats.smx
L 11/19/2020 - 06:21:57: [SM] Call stack trace:
L 11/19/2020 - 06:21:57: [SM]   [0] PrintToConsole
L 11/19/2020 - 06:21:57: [SM]   [1] Line 75, /home/forums/content/files/7/2/34150.attach::cheatcommand
L 11/19/2020 - 06:21:57: [SM] Exception reported: String formatted incorrectly - parameter 4 (total 3)
L 11/19/2020 - 06:21:57: [SM] Blaming: admincheats.smx
L 11/19/2020 - 06:21:57: [SM] Call stack trace:
L 11/19/2020 - 06:21:57: [SM]   [0] PrintToConsole
L 11/19/2020 - 06:21:57: [SM]   [1] Line 75, /home/forums/content/files/7/2/34150.attach::cheatcommand
L 11/19/2020 - 06:21:58: [SM] Exception reported: String formatted incorrectly - parameter 4 (total 3)
L 11/19/2020 - 06:21:58: [SM] Blaming: admincheats.smx
L 11/19/2020 - 06:21:58: [SM] Call stack trace:
L 11/19/2020 - 06:21:58: [SM]   [0] PrintToConsole
L 11/19/2020 - 06:21:58: [SM]   [1] Line 75, /home/forums/content/files/7/2/34150.attach::cheatcommand
L 11/19/2020 - 06:21:58: [SM] Exception reported: String formatted incorrectly - parameter 4 (total 3)
L 11/19/2020 - 06:21:58: [SM] Blaming: admincheats.smx
L 11/19/2020 - 06:21:58: [SM] Call stack trace:
L 11/19/2020 - 06:21:58: [SM]   [0] PrintToConsole
L 11/19/2020 - 06:21:58: [SM]   [1] Line 75, /home/forums/content/files/7/2/34150.attach::cheatcommand
L 11/19/2020 - 06:21:58: [SM] Exception reported: String formatted incorrectly - parameter 4 (total 3)
L 11/19/2020 - 06:21:58: [SM] Blaming: admincheats.smx
L 11/19/2020 - 06:21:58: [SM] Call stack trace:
L 11/19/2020 - 06:21:58: [SM]   [0] PrintToConsole
L 11/19/2020 - 06:21:58: [SM]   [1] Line 75, /home/forums/content/files/7/2/34150.attach::cheatcommand
L 11/19/2020 - 06:21:58: [SM] Exception reported: String formatted incorrectly - parameter 4 (total 3)
L 11/19/2020 - 06:21:58: [SM] Blaming: admincheats.smx
L 11/19/2020 - 06:21:58: [SM] Call stack trace:
L 11/19/2020 - 06:21:58: [SM]   [0] PrintToConsole
L 11/19/2020 - 06:21:58: [SM]   [1] Line 75, /home/forums/content/files/7/2/34150.attach::cheatcommand
L 11/19/2020 - 06:21:59: [SM] Exception reported: String formatted incorrectly - parameter 4 (total 3)
L 11/19/2020 - 06:21:59: [SM] Blaming: admincheats.smx
L 11/19/2020 - 06:21:59: [SM] Call stack trace:
L 11/19/2020 - 06:21:59: [SM]   [0] PrintToConsole
L 11/19/2020 - 06:21:59: [SM]   [1] Line 75, /home/forums/content/files/7/2/34150.attach::cheatcommand
L 11/19/2020 - 06:21:59: [SM] Exception reported: String formatted incorrectly - parameter 4 (total 3)
L 11/19/2020 - 06:21:59: [SM] Blaming: admincheats.smx
L 11/19/2020 - 06:21:59: [SM] Call stack trace:
L 11/19/2020 - 06:21:59: [SM]   [0] PrintToConsole
L 11/19/2020 - 06:21:59: [SM]   [1] Line 75, /home/forums/content/files/7/2/34150.attach::cheatcommand
L 11/19/2020 - 06:21:59: [SM] Exception reported: String formatted incorrectly - parameter 4 (total 3)
L 11/19/2020 - 06:21:59: [SM] Blaming: admincheats.smx
L 11/19/2020 - 06:21:59: [SM] Call stack trace:
L 11/19/2020 - 06:21:59: [SM]   [0] PrintToConsole
L 11/19/2020 - 06:21:59: [SM]   [1] Line 75, /home/forums/content/files/7/2/34150.attach::cheatcommand
L 11/19/2020 - 06:21:59: [SM] Exception reported: String formatted incorrectly - parameter 4 (total 3)
L 11/19/2020 - 06:21:59: [SM] Blaming: admincheats.smx
L 11/19/2020 - 06:21:59: [SM] Call stack trace:
L 11/19/2020 - 06:21:59: [SM]   [0] PrintToConsole
L 11/19/2020 - 06:21:59: [SM]   [1] Line 75, /home/forums/content/files/7/2/34150.attach::cheatcommand
L 11/19/2020 - 06:21:59: [SM] Exception reported: String formatted incorrectly - parameter 4 (total 3)
L 11/19/2020 - 06:21:59: [SM] Blaming: admincheats.smx
L 11/19/2020 - 06:21:59: [SM] Call stack trace:
L 11/19/2020 - 06:21:59: [SM]   [0] PrintToConsole
L 11/19/2020 - 06:21:59: [SM]   [1] Line 75, /home/forums/content/files/7/2/34150.attach::cheatcommand
L 11/19/2020 - 06:21:59: [SM] Exception reported: String formatted incorrectly - parameter 4 (total 3)
L 11/19/2020 - 06:21:59: [SM] Blaming: admincheats.smx
L 11/19/2020 - 06:21:59: [SM] Call stack trace:
L 11/19/2020 - 06:21:59: [SM]   [0] PrintToConsole
L 11/19/2020 - 06:21:59: [SM]   [1] Line 75, /home/forums/content/files/7/2/34150.attach::cheatcommand
L 11/19/2020 - 06:21:59: [SM] Exception reported: String formatted incorrectly - parameter 4 (total 3)
L 11/19/2020 - 06:21:59: [SM] Blaming: admincheats.smx
L 11/19/2020 - 06:21:59: [SM] Call stack trace:
L 11/19/2020 - 06:21:59: [SM]   [0] PrintToConsole
L 11/19/2020 - 06:21:59: [SM]   [1] Line 75, /home/forums/content/files/7/2/34150.attach::cheatcommand
L 11/19/2020 - 06:22:00: [SM] Exception reported: String formatted incorrectly - parameter 4 (total 3)
L 11/19/2020 - 06:22:00: [SM] Blaming: admincheats.smx
L 11/19/2020 - 06:22:00: [SM] Call stack trace:
L 11/19/2020 - 06:22:00: [SM]   [0] PrintToConsole
L 11/19/2020 - 06:22:00: [SM]   [1] Line 75, /home/forums/content/files/7/2/34150.attach::cheatcommand
L 11/19/2020 - 06:22:00: [SM] Exception reported: String formatted incorrectly - parameter 4 (total 3)
L 11/19/2020 - 06:22:00: [SM] Blaming: admincheats.smx
L 11/19/2020 - 06:22:00: [SM] Call stack trace:
L 11/19/2020 - 06:22:00: [SM]   [0] PrintToConsole
L 11/19/2020 - 06:22:00: [SM]   [1] Line 75, /home/forums/content/files/7/2/34150.attach::cheatcommand
L 11/19/2020 - 06:22:00: [SM] Exception reported: String formatted incorrectly - parameter 4 (total 3)
L 11/19/2020 - 06:22:00: [SM] Blaming: admincheats.smx
L 11/19/2020 - 06:22:00: [SM] Call stack trace:
L 11/19/2020 - 06:22:00: [SM]   [0] PrintToConsole
L 11/19/2020 - 06:22:00: [SM]   [1] Line 75, /home/forums/content/files/7/2/34150.attach::cheatcommand
L 11/19/2020 - 06:22:00: [SM] Exception reported: String formatted incorrectly - parameter 4 (total 3)
L 11/19/2020 - 06:22:00: [SM] Blaming: admincheats.smx
L 11/19/2020 - 06:22:00: [SM] Call stack trace:
L 11/19/2020 - 06:22:00: [SM]   [0] PrintToConsole
L 11/19/2020 - 06:22:00: [SM]   [1] Line 75, /home/forums/content/files/7/2/34150.attach::cheatcommand
L 11/19/2020 - 06:22:00: [SM] Exception reported: String formatted incorrectly - parameter 4 (total 3)
L 11/19/2020 - 06:22:00: [SM] Blaming: admincheats.smx
L 11/19/2020 - 06:22:00: [SM] Call stack trace:
L 11/19/2020 - 06:22:00: [SM]   [0] PrintToConsole
L 11/19/2020 - 06:22:00: [SM]   [1] Line 75, /home/forums/content/files/7/2/34150.attach::cheatcommand
L 11/19/2020 - 06:22:18: [SM] Exception reported: String formatted incorrectly - parameter 4 (total 3)
L 11/19/2020 - 06:22:18: [SM] Blaming: admincheats.smx
L 11/19/2020 - 06:22:18: [SM] Call stack trace:
L 11/19/2020 - 06:22:18: [SM]   [0] PrintToConsole
L 11/19/2020 - 06:22:18: [SM]   [1] Line 75, /home/forums/content/files/7/2/34150.attach::cheatcommand
L 11/19/2020 - 06:22:19: [SM] Exception reported: String formatted incorrectly - parameter 4 (total 3)
L 11/19/2020 - 06:22:19: [SM] Blaming: admincheats.smx
L 11/19/2020 - 06:22:19: [SM] Call stack trace:
L 11/19/2020 - 06:22:19: [SM]   [0] PrintToConsole
L 11/19/2020 - 06:22:19: [SM]   [1] Line 75, /home/forums/content/files/7/2/34150.attach::cheatcommand
L 11/19/2020 - 06:22:19: [SM] Exception reported: String formatted incorrectly - parameter 4 (total 3)
L 11/19/2020 - 06:22:19: [SM] Blaming: admincheats.smx
L 11/19/2020 - 06:22:19: [SM] Call stack trace:
L 11/19/2020 - 06:22:19: [SM]   [0] PrintToConsole
L 11/19/2020 - 06:22:19: [SM]   [1] Line 75, /home/forums/content/files/7/2/34150.attach::cheatcommand
L 11/19/2020 - 06:22:19: [SM] Exception reported: String formatted incorrectly - parameter 4 (total 3)
L 11/19/2020 - 06:22:19: [SM] Blaming: admincheats.smx
L 11/19/2020 - 06:22:19: [SM] Call stack trace:
L 11/19/2020 - 06:22:19: [SM]   [0] PrintToConsole
L 11/19/2020 - 06:22:19: [SM]   [1] Line 75, /home/forums/content/files/7/2/34150.attach::cheatcommand
L 11/19/2020 - 06:22:19: [SM] Exception reported: String formatted incorrectly - parameter 4 (total 3)
L 11/19/2020 - 06:22:19: [SM] Blaming: admincheats.smx
L 11/19/2020 - 06:22:19: [SM] Call stack trace:
L 11/19/2020 - 06:22:19: [SM]   [0] PrintToConsole
L 11/19/2020 - 06:22:19: [SM]   [1] Line 75, /home/forums/content/files/7/2/34150.attach::cheatcommand
L 11/19/2020 - 06:22:20: [SM] Exception reported: String formatted incorrectly - parameter 4 (total 3)
L 11/19/2020 - 06:22:20: [SM] Blaming: admincheats.smx
L 11/19/2020 - 06:22:20: [SM] Call stack trace:
L 11/19/2020 - 06:22:20: [SM]   [0] PrintToConsole
L 11/19/2020 - 06:22:20: [SM]   [1] Line 75, /home/forums/content/files/7/2/34150.attach::cheatcommand
L 11/19/2020 - 06:22:20: [SM] Exception reported: String formatted incorrectly - parameter 4 (total 3)
L 11/19/2020 - 06:22:20: [SM] Blaming: admincheats.smx
L 11/19/2020 - 06:22:20: [SM] Call stack trace:
L 11/19/2020 - 06:22:20: [SM]   [0] PrintToConsole
L 11/19/2020 - 06:22:20: [SM]   [1] Line 75, /home/forums/content/files/7/2/34150.attach::cheatcommand
L 11/19/2020 - 06:22:20: [SM] Exception reported: String formatted incorrectly - parameter 4 (total 3)
L 11/19/2020 - 06:22:20: [SM] Blaming: admincheats.smx
L 11/19/2020 - 06:22:20: [SM] Call stack trace:
L 11/19/2020 - 06:22:20: [SM]   [0] PrintToConsole
L 11/19/2020 - 06:22:20: [SM]   [1] Line 75, /home/forums/content/files/7/2/34150.attach::cheatcommand
L 11/19/2020 - 06:22:20: [SM] Exception reported: String formatted incorrectly - parameter 4 (total 3)
L 11/19/2020 - 06:22:20: [SM] Blaming: admincheats.smx
L 11/19/2020 - 06:22:20: [SM] Call stack trace:
L 11/19/2020 - 06:22:20: [SM]   [0] PrintToConsole
L 11/19/2020 - 06:22:20: [SM]   [1] Line 75, /home/forums/content/files/7/2/34150.attach::cheatcommand
L 11/19/2020 - 06:22:22: [SM] Exception reported: String formatted incorrectly - parameter 4 (total 3)
L 11/19/2020 - 06:22:22: [SM] Blaming: admincheats.smx
L 11/19/2020 - 06:22:22: [SM] Call stack trace:
L 11/19/2020 - 06:22:22: [SM]   [0] PrintToConsole
L 11/19/2020 - 06:22:22: [SM]   [1] Line 75, /home/forums/content/files/7/2/34150.attach::cheatcommand
L 11/19/2020 - 06:22:22: [SM] Exception reported: String formatted incorrectly - parameter 4 (total 3)
L 11/19/2020 - 06:22:22: [SM] Blaming: admincheats.smx
L 11/19/2020 - 06:22:22: [SM] Call stack trace:
L 11/19/2020 - 06:22:22: [SM]   [0] PrintToConsole
L 11/19/2020 - 06:22:22: [SM]   [1] Line 75, /home/forums/content/files/7/2/34150.attach::cheatcommand
L 11/19/2020 - 06:22:23: [SM] Exception reported: String formatted incorrectly - parameter 4 (total 3)
L 11/19/2020 - 06:22:23: [SM] Blaming: admincheats.smx
L 11/19/2020 - 06:22:23: [SM] Call stack trace:
L 11/19/2020 - 06:22:23: [SM]   [0] PrintToConsole
L 11/19/2020 - 06:22:23: [SM]   [1] Line 75, /home/forums/content/files/7/2/34150.attach::cheatcommand
L 11/19/2020 - 06:22:23: [SM] Exception reported: String formatted incorrectly - parameter 4 (total 3)
L 11/19/2020 - 06:22:23: [SM] Blaming: admincheats.smx
L 11/19/2020 - 06:22:23: [SM] Call stack trace:
L 11/19/2020 - 06:22:23: [SM]   [0] PrintToConsole
L 11/19/2020 - 06:22:23: [SM]   [1] Line 75, /home/forums/content/files/7/2/34150.attach::cheatcommand
L 11/19/2020 - 06:22:23: [SM] Exception reported: String formatted incorrectly - parameter 4 (total 3)
L 11/19/2020 - 06:22:23: [SM] Blaming: admincheats.smx
L 11/19/2020 - 06:22:23: [SM] Call stack trace:
L 11/19/2020 - 06:22:23: [SM]   [0] PrintToConsole
L 11/19/2020 - 06:22:23: [SM]   [1] Line 75, /home/forums/content/files/7/2/34150.attach::cheatcommand
L 11/19/2020 - 06:22:23: [SM] Exception reported: String formatted incorrectly - parameter 4 (total 3)
L 11/19/2020 - 06:22:23: [SM] Blaming: admincheats.smx
L 11/19/2020 - 06:22:23: [SM] Call stack trace:
L 11/19/2020 - 06:22:23: [SM]   [0] PrintToConsole
L 11/19/2020 - 06:22:23: [SM]   [1] Line 75, /home/forums/content/files/7/2/34150.attach::cheatcommand
L 11/19/2020 - 06:22:23: [SM] Exception reported: String formatted incorrectly - parameter 4 (total 3)
L 11/19/2020 - 06:22:23: [SM] Blaming: admincheats.smx
L 11/19/2020 - 06:22:23: [SM] Call stack trace:
L 11/19/2020 - 06:22:23: [SM]   [0] PrintToConsole
L 11/19/2020 - 06:22:23: [SM]   [1] Line 75, /home/forums/content/files/7/2/34150.attach::cheatcommand
L 11/19/2020 - 06:22:24: [SM] Exception reported: String formatted incorrectly - parameter 4 (total 3)
L 11/19/2020 - 06:22:24: [SM] Blaming: admincheats.smx
L 11/19/2020 - 06:22:24: [SM] Call stack trace:
L 11/19/2020 - 06:22:24: [SM]   [0] PrintToConsole
L 11/19/2020 - 06:22:24: [SM]   [1] Line 75, /home/forums/content/files/7/2/34150.attach::cheatcommand
L 11/19/2020 - 06:31:39: [SM] Exception reported: String formatted incorrectly - parameter 4 (total 3)
L 11/19/2020 - 06:31:39: [SM] Blaming: admincheats.smx
L 11/19/2020 - 06:31:39: [SM] Call stack trace:
L 11/19/2020 - 06:31:39: [SM]   [0] PrintToConsole
L 11/19/2020 - 06:31:39: [SM]   [1] Line 75, /home/forums/content/files/7/2/34150.attach::cheatcommand
L 11/19/2020 - 06:31:39: [SM] Exception reported: String formatted incorrectly - parameter 4 (total 3)
L 11/19/2020 - 06:31:39: [SM] Blaming: admincheats.smx
L 11/19/2020 - 06:31:39: [SM] Call stack trace:
L 11/19/2020 - 06:31:39: [SM]   [0] PrintToConsole
L 11/19/2020 - 06:31:39: [SM]   [1] Line 75, /home/forums/content/files/7/2/34150.attach::cheatcommand
L 11/19/2020 - 06:31:39: [SM] Exception reported: String formatted incorrectly - parameter 4 (total 3)
L 11/19/2020 - 06:31:39: [SM] Blaming: admincheats.smx
L 11/19/2020 - 06:31:39: [SM] Call stack trace:
L 11/19/2020 - 06:31:39: [SM]   [0] PrintToConsole
L 11/19/2020 - 06:31:39: [SM]   [1] Line 75, /home/forums/content/files/7/2/34150.attach::cheatcommand
L 11/19/2020 - 06:31:40: [SM] Exception reported: String formatted incorrectly - parameter 4 (total 3)
L 11/19/2020 - 06:31:40: [SM] Blaming: admincheats.smx
L 11/19/2020 - 06:31:40: [SM] Call stack trace:
L 11/19/2020 - 06:31:40: [SM]   [0] PrintToConsole
L 11/19/2020 - 06:31:40: [SM]   [1] Line 75, /home/forums/content/files/7/2/34150.attach::cheatcommand
L 11/19/2020 - 06:31:40: [SM] Exception reported: String formatted incorrectly - parameter 4 (total 3)
L 11/19/2020 - 06:31:40: [SM] Blaming: admincheats.smx
L 11/19/2020 - 06:31:40: [SM] Call stack trace:
L 11/19/2020 - 06:31:40: [SM]   [0] PrintToConsole
L 11/19/2020 - 06:31:40: [SM]   [1] Line 75, /home/forums/content/files/7/2/34150.attach::cheatcommand
L 11/19/2020 - 06:31:40: [SM] Exception reported: String formatted incorrectly - parameter 4 (total 3)
L 11/19/2020 - 06:31:40: [SM] Blaming: admincheats.smx
L 11/19/2020 - 06:31:40: [SM] Call stack trace:
L 11/19/2020 - 06:31:40: [SM]   [0] PrintToConsole
L 11/19/2020 - 06:31:40: [SM]   [1] Line 75, /home/forums/content/files/7/2/34150.attach::cheatcommand
L 11/19/2020 - 06:32:56: [SM] Exception reported: String formatted incorrectly - parameter 4 (total 3)
L 11/19/2020 - 06:32:56: [SM] Blaming: admincheats.smx
L 11/19/2020 - 06:32:56: [SM] Call stack trace:
L 11/19/2020 - 06:32:56: [SM]   [0] PrintToConsole
L 11/19/2020 - 06:32:56: [SM]   [1] Line 75, /home/forums/content/files/7/2/34150.attach::cheatcommand
L 11/19/2020 - 06:33:02: [SM] Exception reported: String formatted incorrectly - parameter 4 (total 3)
L 11/19/2020 - 06:33:02: [SM] Blaming: admincheats.smx
L 11/19/2020 - 06:33:02: [SM] Call stack trace:
L 11/19/2020 - 06:33:02: [SM]   [0] PrintToConsole
L 11/19/2020 - 06:33:02: [SM]   [1] Line 75, /home/forums/content/files/7/2/34150.attach::cheatcommand
L 11/19/2020 - 06:33:11: [SM] Exception reported: String formatted incorrectly - parameter 4 (total 3)
L 11/19/2020 - 06:33:11: [SM] Blaming: admincheats.smx
L 11/19/2020 - 06:33:11: [SM] Call stack trace:
L 11/19/2020 - 06:33:11: [SM]   [0] PrintToConsole
L 11/19/2020 - 06:33:11: [SM]   [1] Line 75, /home/forums/content/files/7/2/34150.attach::cheatcommand
L 11/19/2020 - 06:33:14: [SM] Exception reported: String formatted incorrectly - parameter 4 (total 3)
L 11/19/2020 - 06:33:14: [SM] Blaming: admincheats.smx
L 11/19/2020 - 06:33:14: [SM] Call stack trace:
L 11/19/2020 - 06:33:14: [SM]   [0] PrintToConsole
L 11/19/2020 - 06:33:14: [SM]   [1] Line 75, /home/forums/content/files/7/2/34150.attach::cheatcommand
L 11/19/2020 - 06:33:20: [SM] Exception reported: String formatted incorrectly - parameter 4 (total 3)
L 11/19/2020 - 06:33:20: [SM] Blaming: admincheats.smx
L 11/19/2020 - 06:33:20: [SM] Call stack trace:
L 11/19/2020 - 06:33:20: [SM]   [0] PrintToConsole
L 11/19/2020 - 06:33:20: [SM]   [1] Line 75, /home/forums/content/files/7/2/34150.attach::cheatcommand
L 11/19/2020 - 06:33:42: [SM] Exception reported: String formatted incorrectly - parameter 4 (total 3)
L 11/19/2020 - 06:33:42: [SM] Blaming: admincheats.smx
L 11/19/2020 - 06:33:42: [SM] Call stack trace:
L 11/19/2020 - 06:33:42: [SM]   [0] PrintToConsole
L 11/19/2020 - 06:33:42: [SM]   [1] Line 75, /home/forums/content/files/7/2/34150.attach::cheatcommand
L 11/19/2020 - 06:33:43: [SM] Exception reported: String formatted incorrectly - parameter 4 (total 3)
L 11/19/2020 - 06:33:43: [SM] Blaming: admincheats.smx
L 11/19/2020 - 06:33:43: [SM] Call stack trace:
L 11/19/2020 - 06:33:43: [SM]   [0] PrintToConsole
L 11/19/2020 - 06:33:43: [SM]   [1] Line 75, /home/forums/content/files/7/2/34150.attach::cheatcommand
L 11/19/2020 - 06:33:44: [SM] Exception reported: String formatted incorrectly - parameter 4 (total 3)
L 11/19/2020 - 06:33:44: [SM] Blaming: admincheats.smx
L 11/19/2020 - 06:33:44: [SM] Call stack trace:
L 11/19/2020 - 06:33:44: [SM]   [0] PrintToConsole
L 11/19/2020 - 06:33:44: [SM]   [1] Line 75, /home/forums/content/files/7/2/34150.attach::cheatcommand
L 11/19/2020 - 06:33:44: [SM] Exception reported: String formatted incorrectly - parameter 4 (total 3)
L 11/19/2020 - 06:33:44: [SM] Blaming: admincheats.smx
L 11/19/2020 - 06:33:44: [SM] Call stack trace:
L 11/19/2020 - 06:33:44: [SM]   [0] PrintToConsole
L 11/19/2020 - 06:33:44: [SM]   [1] Line 75, /home/forums/content/files/7/2/34150.attach::cheatcommand
L 11/19/2020 - 06:33:44: [SM] Exception reported: String formatted incorrectly - parameter 4 (total 3)
L 11/19/2020 - 06:33:44: [SM] Blaming: admincheats.smx
L 11/19/2020 - 06:33:44: [SM] Call stack trace:
L 11/19/2020 - 06:33:44: [SM]   [0] PrintToConsole
L 11/19/2020 - 06:33:44: [SM]   [1] Line 75, /home/forums/content/files/7/2/34150.attach::cheatcommand
L 11/19/2020 - 06:33:44: [SM] Exception reported: String formatted incorrectly - parameter 4 (total 3)
L 11/19/2020 - 06:33:44: [SM] Blaming: admincheats.smx
L 11/19/2020 - 06:33:44: [SM] Call stack trace:
L 11/19/2020 - 06:33:44: [SM]   [0] PrintToConsole
L 11/19/2020 - 06:33:44: [SM]   [1] Line 75, /home/forums/content/files/7/2/34150.attach::cheatcommand
L 11/19/2020 - 06:33:45: [SM] Exception reported: String formatted incorrectly - parameter 4 (total 3)
L 11/19/2020 - 06:33:45: [SM] Blaming: admincheats.smx
L 11/19/2020 - 06:33:45: [SM] Call stack trace:
L 11/19/2020 - 06:33:45: [SM]   [0] PrintToConsole
L 11/19/2020 - 06:33:45: [SM]   [1] Line 75, /home/forums/content/files/7/2/34150.attach::cheatcommand
L 11/19/2020 - 06:33:46: [SM] Exception reported: String formatted incorrectly - parameter 4 (total 3)
L 11/19/2020 - 06:33:46: [SM] Blaming: admincheats.smx
L 11/19/2020 - 06:33:46: [SM] Call stack trace:
L 11/19/2020 - 06:33:46: [SM]   [0] PrintToConsole
L 11/19/2020 - 06:33:46: [SM]   [1] Line 75, /home/forums/content/files/7/2/34150.attach::cheatcommand
L 11/19/2020 - 06:33:46: [SM] Exception reported: String formatted incorrectly - parameter 4 (total 3)
L 11/19/2020 - 06:33:46: [SM] Blaming: admincheats.smx
L 11/19/2020 - 06:33:46: [SM] Call stack trace:
L 11/19/2020 - 06:33:46: [SM]   [0] PrintToConsole
L 11/19/2020 - 06:33:46: [SM]   [1] Line 75, /home/forums/content/files/7/2/34150.attach::cheatcommand
L 11/19/2020 - 06:33:46: [SM] Exception reported: String formatted incorrectly - parameter 4 (total 3)
L 11/19/2020 - 06:33:46: [SM] Blaming: admincheats.smx
L 11/19/2020 - 06:33:46: [SM] Call stack trace:
L 11/19/2020 - 06:33:46: [SM]   [0] PrintToConsole
L 11/19/2020 - 06:33:46: [SM]   [1] Line 75, /home/forums/content/files/7/2/34150.attach::cheatcommand
L 11/19/2020 - 06:33:46: [SM] Exception reported: String formatted incorrectly - parameter 4 (total 3)
L 11/19/2020 - 06:33:46: [SM] Blaming: admincheats.smx
L 11/19/2020 - 06:33:46: [SM] Call stack trace:
L 11/19/2020 - 06:33:46: [SM]   [0] PrintToConsole
L 11/19/2020 - 06:33:46: [SM]   [1] Line 75, /home/forums/content/files/7/2/34150.attach::cheatcommand
L 11/19/2020 - 06:33:47: [SM] Exception reported: String formatted incorrectly - parameter 4 (total 3)
L 11/19/2020 - 06:33:47: [SM] Blaming: admincheats.smx
L 11/19/2020 - 06:33:47: [SM] Call stack trace:
L 11/19/2020 - 06:33:47: [SM]   [0] PrintToConsole
L 11/19/2020 - 06:33:47: [SM]   [1] Line 75, /home/forums/content/files/7/2/34150.attach::cheatcommand
L 11/19/2020 - 06:33:47: [SM] Exception reported: String formatted incorrectly - parameter 4 (total 3)
L 11/19/2020 - 06:33:47: [SM] Blaming: admincheats.smx
L 11/19/2020 - 06:33:47: [SM] Call stack trace:
L 11/19/2020 - 06:33:47: [SM]   [0] PrintToConsole
L 11/19/2020 - 06:33:47: [SM]   [1] Line 75, /home/forums/content/files/7/2/34150.attach::cheatcommand
L 11/19/2020 - 06:33:47: [SM] Exception reported: String formatted incorrectly - parameter 4 (total 3)
L 11/19/2020 - 06:33:47: [SM] Blaming: admincheats.smx
L 11/19/2020 - 06:33:47: [SM] Call stack trace:
L 11/19/2020 - 06:33:47: [SM]   [0] PrintToConsole
L 11/19/2020 - 06:33:47: [SM]   [1] Line 75, /home/forums/content/files/7/2/34150.attach::cheatcommand
L 11/19/2020 - 06:33:47: [SM] Exception reported: String formatted incorrectly - parameter 4 (total 3)
L 11/19/2020 - 06:33:47: [SM] Blaming: admincheats.smx
L 11/19/2020 - 06:33:47: [SM] Call stack trace:
L 11/19/2020 - 06:33:47: [SM]   [0] PrintToConsole
L 11/19/2020 - 06:33:47: [SM]   [1] Line 75, /home/forums/content/files/7/2/34150.attach::cheatcommand
L 11/19/2020 - 06:34:06: [SM] Exception reported: String formatted incorrectly - parameter 4 (total 3)
L 11/19/2020 - 06:34:06: [SM] Blaming: admincheats.smx
L 11/19/2020 - 06:34:06: [SM] Call stack trace:
L 11/19/2020 - 06:34:06: [SM]   [0] PrintToConsole
L 11/19/2020 - 06:34:06: [SM]   [1] Line 75, /home/forums/content/files/7/2/34150.attach::cheatcommand
L 11/19/2020 - 06:34:06: [SM] Exception reported: String formatted incorrectly - parameter 4 (total 3)
L 11/19/2020 - 06:34:06: [SM] Blaming: admincheats.smx
L 11/19/2020 - 06:34:06: [SM] Call stack trace:
L 11/19/2020 - 06:34:06: [SM]   [0] PrintToConsole
L 11/19/2020 - 06:34:06: [SM]   [1] Line 75, /home/forums/content/files/7/2/34150.attach::cheatcommand
L 11/19/2020 - 06:34:06: [SM] Exception reported: String formatted incorrectly - parameter 4 (total 3)
L 11/19/2020 - 06:34:06: [SM] Blaming: admincheats.smx
L 11/19/2020 - 06:34:06: [SM] Call stack trace:
L 11/19/2020 - 06:34:06: [SM]   [0] PrintToConsole
L 11/19/2020 - 06:34:06: [SM]   [1] Line 75, /home/forums/content/files/7/2/34150.attach::cheatcommand
L 11/19/2020 - 06:34:07: [SM] Exception reported: String formatted incorrectly - parameter 4 (total 3)
L 11/19/2020 - 06:34:07: [SM] Blaming: admincheats.smx
L 11/19/2020 - 06:34:07: [SM] Call stack trace:
L 11/19/2020 - 06:34:07: [SM]   [0] PrintToConsole
L 11/19/2020 - 06:34:07: [SM]   [1] Line 75, /home/forums/content/files/7/2/34150.attach::cheatcommand
L 11/19/2020 - 06:34:07: [SM] Exception reported: String formatted incorrectly - parameter 4 (total 3)
L 11/19/2020 - 06:34:07: [SM] Blaming: admincheats.smx
L 11/19/2020 - 06:34:07: [SM] Call stack trace:
L 11/19/2020 - 06:34:07: [SM]   [0] PrintToConsole
L 11/19/2020 - 06:34:07: [SM]   [1] Line 75, /home/forums/content/files/7/2/34150.attach::cheatcommand
L 11/19/2020 - 06:34:07: [SM] Exception reported: String formatted incorrectly - parameter 4 (total 3)
L 11/19/2020 - 06:34:07: [SM] Blaming: admincheats.smx
L 11/19/2020 - 06:34:07: [SM] Call stack trace:
L 11/19/2020 - 06:34:07: [SM]   [0] PrintToConsole
L 11/19/2020 - 06:34:07: [SM]   [1] Line 75, /home/forums/content/files/7/2/34150.attach::cheatcommand
L 11/19/2020 - 06:34:07: [SM] Exception reported: String formatted incorrectly - parameter 4 (total 3)
L 11/19/2020 - 06:34:07: [SM] Blaming: admincheats.smx
L 11/19/2020 - 06:34:07: [SM] Call stack trace:
L 11/19/2020 - 06:34:07: [SM]   [0] PrintToConsole
L 11/19/2020 - 06:34:07: [SM]   [1] Line 75, /home/forums/content/files/7/2/34150.attach::cheatcommand
L 11/19/2020 - 06:34:26: [SM] Exception reported: String formatted incorrectly - parameter 4 (total 3)
L 11/19/2020 - 06:34:26: [SM] Blaming: admincheats.smx
L 11/19/2020 - 06:34:26: [SM] Call stack trace:
L 11/19/2020 - 06:34:26: [SM]   [0] PrintToConsole
L 11/19/2020 - 06:34:26: [SM]   [1] Line 75, /home/forums/content/files/7/2/34150.attach::cheatcommand
L 11/19/2020 - 06:34:26: [SM] Exception reported: String formatted incorrectly - parameter 4 (total 3)
L 11/19/2020 - 06:34:26: [SM] Blaming: admincheats.smx
L 11/19/2020 - 06:34:26: [SM] Call stack trace:
L 11/19/2020 - 06:34:26: [SM]   [0] PrintToConsole
L 11/19/2020 - 06:34:26: [SM]   [1] Line 75, /home/forums/content/files/7/2/34150.attach::cheatcommand
L 11/19/2020 - 06:34:27: [SM] Exception reported: String formatted incorrectly - parameter 4 (total 3)
L 11/19/2020 - 06:34:27: [SM] Blaming: admincheats.smx
L 11/19/2020 - 06:34:27: [SM] Call stack trace:
L 11/19/2020 - 06:34:27: [SM]   [0] PrintToConsole
L 11/19/2020 - 06:34:27: [SM]   [1] Line 75, /home/forums/content/files/7/2/34150.attach::cheatcommand
L 11/19/2020 - 06:34:27: [SM] Exception reported: String formatted incorrectly - parameter 4 (total 3)
L 11/19/2020 - 06:34:27: [SM] Blaming: admincheats.smx
L 11/19/2020 - 06:34:27: [SM] Call stack trace:
L 11/19/2020 - 06:34:27: [SM]   [0] PrintToConsole
L 11/19/2020 - 06:34:27: [SM]   [1] Line 75, /home/forums/content/files/7/2/34150.attach::cheatcommand
L 11/19/2020 - 06:34:27: [SM] Exception reported: String formatted incorrectly - parameter 4 (total 3)
L 11/19/2020 - 06:34:27: [SM] Blaming: admincheats.smx
L 11/19/2020 - 06:34:27: [SM] Call stack trace:
L 11/19/2020 - 06:34:27: [SM]   [0] PrintToConsole
L 11/19/2020 - 06:34:27: [SM]   [1] Line 75, /home/forums/content/files/7/2/34150.attach::cheatcommand
L 11/19/2020 - 06:34:27: [SM] Exception reported: String formatted incorrectly - parameter 4 (total 3)
L 11/19/2020 - 06:34:27: [SM] Blaming: admincheats.smx
L 11/19/2020 - 06:34:27: [SM] Call stack trace:
L 11/19/2020 - 06:34:27: [SM]   [0] PrintToConsole
L 11/19/2020 - 06:34:27: [SM]   [1] Line 75, /home/forums/content/files/7/2/34150.attach::cheatcommand
L 11/19/2020 - 06:34:27: [SM] Exception reported: String formatted incorrectly - parameter 4 (total 3)
L 11/19/2020 - 06:34:27: [SM] Blaming: admincheats.smx
L 11/19/2020 - 06:34:27: [SM] Call stack trace:
L 11/19/2020 - 06:34:27: [SM]   [0] PrintToConsole
L 11/19/2020 - 06:34:27: [SM]   [1] Line 75, /home/forums/content/files/7/2/34150.attach::cheatcommand
L 11/19/2020 - 06:34:28: [SM] Exception reported: String formatted incorrectly - parameter 4 (total 3)
L 11/19/2020 - 06:34:28: [SM] Blaming: admincheats.smx
L 11/19/2020 - 06:34:28: [SM] Call stack trace:
L 11/19/2020 - 06:34:28: [SM]   [0] PrintToConsole
L 11/19/2020 - 06:34:28: [SM]   [1] Line 75, /home/forums/content/files/7/2/34150.attach::cheatcommand
L 11/19/2020 - 06:34:28: [SM] Exception reported: String formatted incorrectly - parameter 4 (total 3)
L 11/19/2020 - 06:34:28: [SM] Blaming: admincheats.smx
L 11/19/2020 - 06:34:28: [SM] Call stack trace:
L 11/19/2020 - 06:34:28: [SM]   [0] PrintToConsole
L 11/19/2020 - 06:34:28: [SM]   [1] Line 75, /home/forums/content/files/7/2/34150.attach::cheatcommand
L 11/19/2020 - 06:34:28: [SM] Exception reported: String formatted incorrectly - parameter 4 (total 3)
L 11/19/2020 - 06:34:28: [SM] Blaming: admincheats.smx
L 11/19/2020 - 06:34:28: [SM] Call stack trace:
L 11/19/2020 - 06:34:28: [SM]   [0] PrintToConsole
L 11/19/2020 - 06:34:28: [SM]   [1] Line 75, /home/forums/content/files/7/2/34150.attach::cheatcommand
L 11/19/2020 - 06:34:28: [SM] Exception reported: String formatted incorrectly - parameter 4 (total 3)
L 11/19/2020 - 06:34:28: [SM] Blaming: admincheats.smx
L 11/19/2020 - 06:34:28: [SM] Call stack trace:
L 11/19/2020 - 06:34:28: [SM]   [0] PrintToConsole
L 11/19/2020 - 06:34:28: [SM]   [1] Line 75, /home/forums/content/files/7/2/34150.attach::cheatcommand
L 11/19/2020 - 06:34:28: [SM] Exception reported: String formatted incorrectly - parameter 4 (total 3)
L 11/19/2020 - 06:34:28: [SM] Blaming: admincheats.smx
L 11/19/2020 - 06:34:28: [SM] Call stack trace:
L 11/19/2020 - 06:34:28: [SM]   [0] PrintToConsole
L 11/19/2020 - 06:34:28: [SM]   [1] Line 75, /home/forums/content/files/7/2/34150.attach::cheatcommand
L 11/19/2020 - 06:34:29: [SM] Exception reported: String formatted incorrectly - parameter 4 (total 3)
L 11/19/2020 - 06:34:29: [SM] Blaming: admincheats.smx
L 11/19/2020 - 06:34:29: [SM] Call stack trace:
L 11/19/2020 - 06:34:29: [SM]   [0] PrintToConsole
L 11/19/2020 - 06:34:29: [SM]   [1] Line 75, /home/forums/content/files/7/2/34150.attach::cheatcommand
L 11/19/2020 - 06:34:29: [SM] Exception reported: String formatted incorrectly - parameter 4 (total 3)
L 11/19/2020 - 06:34:29: [SM] Blaming: admincheats.smx
L 11/19/2020 - 06:34:29: [SM] Call stack trace:
L 11/19/2020 - 06:34:29: [SM]   [0] PrintToConsole
L 11/19/2020 - 06:34:29: [SM]   [1] Line 75, /home/forums/content/files/7/2/34150.attach::cheatcommand
L 11/19/2020 - 06:34:29: [SM] Exception reported: String formatted incorrectly - parameter 4 (total 3)
L 11/19/2020 - 06:34:29: [SM] Blaming: admincheats.smx
L 11/19/2020 - 06:34:29: [SM] Call stack trace:
L 11/19/2020 - 06:34:29: [SM]   [0] PrintToConsole
L 11/19/2020 - 06:34:29: [SM]   [1] Line 75, /home/forums/content/files/7/2/34150.attach::cheatcommand
L 11/19/2020 - 06:34:29: [SM] Exception reported: String formatted incorrectly - parameter 4 (total 3)
L 11/19/2020 - 06:34:29: [SM] Blaming: admincheats.smx
L 11/19/2020 - 06:34:29: [SM] Call stack trace:
L 11/19/2020 - 06:34:29: [SM]   [0] PrintToConsole
L 11/19/2020 - 06:34:29: [SM]   [1] Line 75, /home/forums/content/files/7/2/34150.attach::cheatcommand
L 11/19/2020 - 06:34:29: [SM] Exception reported: String formatted incorrectly - parameter 4 (total 3)
L 11/19/2020 - 06:34:29: [SM] Blaming: admincheats.smx
L 11/19/2020 - 06:34:29: [SM] Call stack trace:
L 11/19/2020 - 06:34:29: [SM]   [0] PrintToConsole
L 11/19/2020 - 06:34:29: [SM]   [1] Line 75, /home/forums/content/files/7/2/34150.attach::cheatcommand
L 11/19/2020 - 06:34:29: [SM] Exception reported: String formatted incorrectly - parameter 4 (total 3)
L 11/19/2020 - 06:34:29: [SM] Blaming: admincheats.smx
L 11/19/2020 - 06:34:29: [SM] Call stack trace:
L 11/19/2020 - 06:34:29: [SM]   [0] PrintToConsole
L 11/19/2020 - 06:34:29: [SM]   [1] Line 75, /home/forums/content/files/7/2/34150.attach::cheatcommand
L 11/19/2020 - 06:34:30: [SM] Exception reported: String formatted incorrectly - parameter 4 (total 3)
L 11/19/2020 - 06:34:30: [SM] Blaming: admincheats.smx
L 11/19/2020 - 06:34:30: [SM] Call stack trace:
L 11/19/2020 - 06:34:30: [SM]   [0] PrintToConsole
L 11/19/2020 - 06:34:30: [SM]   [1] Line 75, /home/forums/content/files/7/2/34150.attach::cheatcommand
L 11/19/2020 - 06:34:30: [SM] Exception reported: String formatted incorrectly - parameter 4 (total 3)
L 11/19/2020 - 06:34:30: [SM] Blaming: admincheats.smx
L 11/19/2020 - 06:34:30: [SM] Call stack trace:
L 11/19/2020 - 06:34:30: [SM]   [0] PrintToConsole
L 11/19/2020 - 06:34:30: [SM]   [1] Line 75, /home/forums/content/files/7/2/34150.attach::cheatcommand
L 11/19/2020 - 06:34:33: [SM] Exception reported: String formatted incorrectly - parameter 4 (total 3)
L 11/19/2020 - 06:34:33: [SM] Blaming: admincheats.smx
L 11/19/2020 - 06:34:33: [SM] Call stack trace:
L 11/19/2020 - 06:34:33: [SM]   [0] PrintToConsole
L 11/19/2020 - 06:34:33: [SM]   [1] Line 75, /home/forums/content/files/7/2/34150.attach::cheatcommand
L 11/19/2020 - 06:34:33: [SM] Exception reported: String formatted incorrectly - parameter 4 (total 3)
L 11/19/2020 - 06:34:33: [SM] Blaming: admincheats.smx
L 11/19/2020 - 06:34:33: [SM] Call stack trace:
L 11/19/2020 - 06:34:33: [SM]   [0] PrintToConsole
L 11/19/2020 - 06:34:33: [SM]   [1] Line 75, /home/forums/content/files/7/2/34150.attach::cheatcommand
L 11/19/2020 - 06:34:34: [SM] Exception reported: String formatted incorrectly - parameter 4 (total 3)
L 11/19/2020 - 06:34:34: [SM] Blaming: admincheats.smx
L 11/19/2020 - 06:34:34: [SM] Call stack trace:
L 11/19/2020 - 06:34:34: [SM]   [0] PrintToConsole
L 11/19/2020 - 06:34:34: [SM]   [1] Line 75, /home/forums/content/files/7/2/34150.attach::cheatcommand
L 11/19/2020 - 06:34:34: [SM] Exception reported: String formatted incorrectly - parameter 4 (total 3)
L 11/19/2020 - 06:34:34: [SM] Blaming: admincheats.smx
L 11/19/2020 - 06:34:34: [SM] Call stack trace:
L 11/19/2020 - 06:34:34: [SM]   [0] PrintToConsole
L 11/19/2020 - 06:34:34: [SM]   [1] Line 75, /home/forums/content/files/7/2/34150.attach::cheatcommand
L 11/19/2020 - 06:34:34: [SM] Exception reported: String formatted incorrectly - parameter 4 (total 3)
L 11/19/2020 - 06:34:34: [SM] Blaming: admincheats.smx
L 11/19/2020 - 06:34:34: [SM] Call stack trace:
L 11/19/2020 - 06:34:34: [SM]   [0] PrintToConsole
L 11/19/2020 - 06:34:34: [SM]   [1] Line 75, /home/forums/content/files/7/2/34150.attach::cheatcommand
L 11/19/2020 - 06:34:35: [SM] Exception reported: String formatted incorrectly - parameter 4 (total 3)
L 11/19/2020 - 06:34:35: [SM] Blaming: admincheats.smx
L 11/19/2020 - 06:34:35: [SM] Call stack trace:
L 11/19/2020 - 06:34:35: [SM]   [0] PrintToConsole
L 11/19/2020 - 06:34:35: [SM]   [1] Line 75, /home/forums/content/files/7/2/34150.attach::cheatcommand
L 11/19/2020 - 06:34:35: [SM] Exception reported: String formatted incorrectly - parameter 4 (total 3)
L 11/19/2020 - 06:34:35: [SM] Blaming: admincheats.smx
L 11/19/2020 - 06:34:35: [SM] Call stack trace:
L 11/19/2020 - 06:34:35: [SM]   [0] PrintToConsole
L 11/19/2020 - 06:34:35: [SM]   [1] Line 75, /home/forums/content/files/7/2/34150.attach::cheatcommand
L 11/19/2020 - 06:34:36: [SM] Exception reported: String formatted incorrectly - parameter 4 (total 3)
L 11/19/2020 - 06:34:36: [SM] Blaming: admincheats.smx
L 11/19/2020 - 06:34:36: [SM] Call stack trace:
L 11/19/2020 - 06:34:36: [SM]   [0] PrintToConsole
L 11/19/2020 - 06:34:36: [SM]   [1] Line 75, /home/forums/content/files/7/2/34150.attach::cheatcommand
L 11/19/2020 - 06:34:36: [SM] Exception reported: String formatted incorrectly - parameter 4 (total 3)
L 11/19/2020 - 06:34:36: [SM] Blaming: admincheats.smx
L 11/19/2020 - 06:34:36: [SM] Call stack trace:
L 11/19/2020 - 06:34:36: [SM]   [0] PrintToConsole
L 11/19/2020 - 06:34:36: [SM]   [1] Line 75, /home/forums/content/files/7/2/34150.attach::cheatcommand
L 11/19/2020 - 06:34:36: [SM] Exception reported: String formatted incorrectly - parameter 4 (total 3)
L 11/19/2020 - 06:34:36: [SM] Blaming: admincheats.smx
L 11/19/2020 - 06:34:36: [SM] Call stack trace:
L 11/19/2020 - 06:34:36: [SM]   [0] PrintToConsole
L 11/19/2020 - 06:34:36: [SM]   [1] Line 75, /home/forums/content/files/7/2/34150.attach::cheatcommand
L 11/19/2020 - 06:34:36: [SM] Exception reported: String formatted incorrectly - parameter 4 (total 3)
L 11/19/2020 - 06:34:36: [SM] Blaming: admincheats.smx
L 11/19/2020 - 06:34:36: [SM] Call stack trace:
L 11/19/2020 - 06:34:36: [SM]   [0] PrintToConsole
L 11/19/2020 - 06:34:36: [SM]   [1] Line 75, /home/forums/content/files/7/2/34150.attach::cheatcommand
L 11/19/2020 - 06:34:36: [SM] Exception reported: String formatted incorrectly - parameter 4 (total 3)
L 11/19/2020 - 06:34:36: [SM] Blaming: admincheats.smx
L 11/19/2020 - 06:34:36: [SM] Call stack trace:
L 11/19/2020 - 06:34:36: [SM]   [0] PrintToConsole
L 11/19/2020 - 06:34:36: [SM]   [1] Line 75, /home/forums/content/files/7/2/34150.attach::cheatcommand
L 11/19/2020 - 06:34:36: [SM] Exception reported: String formatted incorrectly - parameter 4 (total 3)
L 11/19/2020 - 06:34:36: [SM] Blaming: admincheats.smx
L 11/19/2020 - 06:34:36: [SM] Call stack trace:
L 11/19/2020 - 06:34:36: [SM]   [0] PrintToConsole
L 11/19/2020 - 06:34:36: [SM]   [1] Line 75, /home/forums/content/files/7/2/34150.attach::cheatcommand
L 11/19/2020 - 06:34:38: [SM] Exception reported: String formatted incorrectly - parameter 4 (total 3)
L 11/19/2020 - 06:34:38: [SM] Blaming: admincheats.smx
L 11/19/2020 - 06:34:38: [SM] Call stack trace:
L 11/19/2020 - 06:34:38: [SM]   [0] PrintToConsole
L 11/19/2020 - 06:34:38: [SM]   [1] Line 75, /home/forums/content/files/7/2/34150.attach::cheatcommand
L 11/19/2020 - 06:34:38: [SM] Exception reported: String formatted incorrectly - parameter 4 (total 3)
L 11/19/2020 - 06:34:38: [SM] Blaming: admincheats.smx
L 11/19/2020 - 06:34:38: [SM] Call stack trace:
L 11/19/2020 - 06:34:38: [SM]   [0] PrintToConsole
L 11/19/2020 - 06:34:38: [SM]   [1] Line 75, /home/forums/content/files/7/2/34150.attach::cheatcommand
L 11/19/2020 - 06:34:38: [SM] Exception reported: String formatted incorrectly - parameter 4 (total 3)
L 11/19/2020 - 06:34:38: [SM] Blaming: admincheats.smx
L 11/19/2020 - 06:34:38: [SM] Call stack trace:
L 11/19/2020 - 06:34:38: [SM]   [0] PrintToConsole
L 11/19/2020 - 06:34:38: [SM]   [1] Line 75, /home/forums/content/files/7/2/34150.attach::cheatcommand
L 11/19/2020 - 06:34:38: [SM] Exception reported: String formatted incorrectly - parameter 4 (total 3)
L 11/19/2020 - 06:34:38: [SM] Blaming: admincheats.smx
L 11/19/2020 - 06:34:38: [SM] Call stack trace:
L 11/19/2020 - 06:34:38: [SM]   [0] PrintToConsole
L 11/19/2020 - 06:34:38: [SM]   [1] Line 75, /home/forums/content/files/7/2/34150.attach::cheatcommand
L 11/19/2020 - 06:34:39: [SM] Exception reported: String formatted incorrectly - parameter 4 (total 3)
L 11/19/2020 - 06:34:39: [SM] Blaming: admincheats.smx
L 11/19/2020 - 06:34:39: [SM] Call stack trace:
L 11/19/2020 - 06:34:39: [SM]   [0] PrintToConsole
L 11/19/2020 - 06:34:39: [SM]   [1] Line 75, /home/forums/content/files/7/2/34150.attach::cheatcommand
L 11/19/2020 - 06:34:39: [SM] Exception reported: String formatted incorrectly - parameter 4 (total 3)
L 11/19/2020 - 06:34:39: [SM] Blaming: admincheats.smx
L 11/19/2020 - 06:34:39: [SM] Call stack trace:
L 11/19/2020 - 06:34:39: [SM]   [0] PrintToConsole
L 11/19/2020 - 06:34:39: [SM]   [1] Line 75, /home/forums/content/files/7/2/34150.attach::cheatcommand
L 11/19/2020 - 06:34:39: [SM] Exception reported: String formatted incorrectly - parameter 4 (total 3)
L 11/19/2020 - 06:34:39: [SM] Blaming: admincheats.smx
L 11/19/2020 - 06:34:39: [SM] Call stack trace:
L 11/19/2020 - 06:34:39: [SM]   [0] PrintToConsole
L 11/19/2020 - 06:34:39: [SM]   [1] Line 75, /home/forums/content/files/7/2/34150.attach::cheatcommand
L 11/19/2020 - 06:34:39: [SM] Exception reported: String formatted incorrectly - parameter 4 (total 3)
L 11/19/2020 - 06:34:39: [SM] Blaming: admincheats.smx
L 11/19/2020 - 06:34:39: [SM] Call stack trace:
L 11/19/2020 - 06:34:39: [SM]   [0] PrintToConsole
L 11/19/2020 - 06:34:39: [SM]   [1] Line 75, /home/forums/content/files/7/2/34150.attach::cheatcommand
L 11/19/2020 - 06:34:39: [SM] Exception reported: String formatted incorrectly - parameter 4 (total 3)
L 11/19/2020 - 06:34:39: [SM] Blaming: admincheats.smx
L 11/19/2020 - 06:34:39: [SM] Call stack trace:
L 11/19/2020 - 06:34:39: [SM]   [0] PrintToConsole
L 11/19/2020 - 06:34:39: [SM]   [1] Line 75, /home/forums/content/files/7/2/34150.attach::cheatcommand
L 11/19/2020 - 06:34:39: [SM] Exception reported: String formatted incorrectly - parameter 4 (total 3)
L 11/19/2020 - 06:34:39: [SM] Blaming: admincheats.smx
L 11/19/2020 - 06:34:39: [SM] Call stack trace:
L 11/19/2020 - 06:34:39: [SM]   [0] PrintToConsole
L 11/19/2020 - 06:34:39: [SM]   [1] Line 75, /home/forums/content/files/7/2/34150.attach::cheatcommand
L 11/19/2020 - 06:34:40: [SM] Exception reported: String formatted incorrectly - parameter 4 (total 3)
L 11/19/2020 - 06:34:40: [SM] Blaming: admincheats.smx
L 11/19/2020 - 06:34:40: [SM] Call stack trace:
L 11/19/2020 - 06:34:40: [SM]   [0] PrintToConsole
L 11/19/2020 - 06:34:40: [SM]   [1] Line 75, /home/forums/content/files/7/2/34150.attach::cheatcommand
L 11/19/2020 - 06:34:40: [SM] Exception reported: String formatted incorrectly - parameter 4 (total 3)
L 11/19/2020 - 06:34:40: [SM] Blaming: admincheats.smx
L 11/19/2020 - 06:34:40: [SM] Call stack trace:
L 11/19/2020 - 06:34:40: [SM]   [0] PrintToConsole
L 11/19/2020 - 06:34:40: [SM]   [1] Line 75, /home/forums/content/files/7/2/34150.attach::cheatcommand
L 11/19/2020 - 06:34:40: [SM] Exception reported: String formatted incorrectly - parameter 4 (total 3)
L 11/19/2020 - 06:34:40: [SM] Blaming: admincheats.smx
L 11/19/2020 - 06:34:40: [SM] Call stack trace:
L 11/19/2020 - 06:34:40: [SM]   [0] PrintToConsole
L 11/19/2020 - 06:34:40: [SM]   [1] Line 75, /home/forums/content/files/7/2/34150.attach::cheatcommand
L 11/19/2020 - 06:34:40: [SM] Exception reported: String formatted incorrectly - parameter 4 (total 3)
L 11/19/2020 - 06:34:40: [SM] Blaming: admincheats.smx
L 11/19/2020 - 06:34:40: [SM] Call stack trace:
L 11/19/2020 - 06:34:40: [SM]   [0] PrintToConsole
L 11/19/2020 - 06:34:40: [SM]   [1] Line 75, /home/forums/content/files/7/2/34150.attach::cheatcommand
L 11/19/2020 - 06:34:40: [SM] Exception reported: String formatted incorrectly - parameter 4 (total 3)
L 11/19/2020 - 06:34:40: [SM] Blaming: admincheats.smx
L 11/19/2020 - 06:34:40: [SM] Call stack trace:
L 11/19/2020 - 06:34:40: [SM]   [0] PrintToConsole
L 11/19/2020 - 06:34:40: [SM]   [1] Line 75, /home/forums/content/files/7/2/34150.attach::cheatcommand
L 11/19/2020 - 06:34:41: [SM] Exception reported: String formatted incorrectly - parameter 4 (total 3)
L 11/19/2020 - 06:34:41: [SM] Blaming: admincheats.smx
L 11/19/2020 - 06:34:41: [SM] Call stack trace:
L 11/19/2020 - 06:34:41: [SM]   [0] PrintToConsole
L 11/19/2020 - 06:34:41: [SM]   [1] Line 75, /home/forums/content/files/7/2/34150.attach::cheatcommand
L 11/19/2020 - 06:34:41: [SM] Exception reported: String formatted incorrectly - parameter 4 (total 3)
L 11/19/2020 - 06:34:41: [SM] Blaming: admincheats.smx
L 11/19/2020 - 06:34:41: [SM] Call stack trace:
L 11/19/2020 - 06:34:41: [SM]   [0] PrintToConsole
L 11/19/2020 - 06:34:41: [SM]   [1] Line 75, /home/forums/content/files/7/2/34150.attach::cheatcommand
L 11/19/2020 - 06:34:41: [SM] Exception reported: String formatted incorrectly - parameter 4 (total 3)
L 11/19/2020 - 06:34:41: [SM] Blaming: admincheats.smx
L 11/19/2020 - 06:34:41: [SM] Call stack trace:
L 11/19/2020 - 06:34:41: [SM]   [0] PrintToConsole
L 11/19/2020 - 06:34:41: [SM]   [1] Line 75, /home/forums/content/files/7/2/34150.attach::cheatcommand
L 11/19/2020 - 06:34:41: [SM] Exception reported: String formatted incorrectly - parameter 4 (total 3)
L 11/19/2020 - 06:34:41: [SM] Blaming: admincheats.smx
L 11/19/2020 - 06:34:41: [SM] Call stack trace:
L 11/19/2020 - 06:34:41: [SM]   [0] PrintToConsole
L 11/19/2020 - 06:34:41: [SM]   [1] Line 75, /home/forums/content/files/7/2/34150.attach::cheatcommand
L 11/19/2020 - 06:34:41: [SM] Exception reported: String formatted incorrectly - parameter 4 (total 3)
L 11/19/2020 - 06:34:41: [SM] Blaming: admincheats.smx
L 11/19/2020 - 06:34:41: [SM] Call stack trace:
L 11/19/2020 - 06:34:41: [SM]   [0] PrintToConsole
L 11/19/2020 - 06:34:41: [SM]   [1] Line 75, /home/forums/content/files/7/2/34150.attach::cheatcommand
L 11/19/2020 - 06:34:42: [SM] Exception reported: String formatted incorrectly - parameter 4 (total 3)
L 11/19/2020 - 06:34:42: [SM] Blaming: admincheats.smx
L 11/19/2020 - 06:34:42: [SM] Call stack trace:
L 11/19/2020 - 06:34:42: [SM]   [0] PrintToConsole
L 11/19/2020 - 06:34:42: [SM]   [1] Line 75, /home/forums/content/files/7/2/34150.attach::cheatcommand
L 11/19/2020 - 06:34:42: [SM] Exception reported: String formatted incorrectly - parameter 4 (total 3)
L 11/19/2020 - 06:34:42: [SM] Blaming: admincheats.smx
L 11/19/2020 - 06:34:42: [SM] Call stack trace:
L 11/19/2020 - 06:34:42: [SM]   [0] PrintToConsole
L 11/19/2020 - 06:34:42: [SM]   [1] Line 75, /home/forums/content/files/7/2/34150.attach::cheatcommand
L 11/19/2020 - 06:34:42: [SM] Exception reported: String formatted incorrectly - parameter 4 (total 3)
L 11/19/2020 - 06:34:42: [SM] Blaming: admincheats.smx
L 11/19/2020 - 06:34:42: [SM] Call stack trace:
L 11/19/2020 - 06:34:42: [SM]   [0] PrintToConsole
L 11/19/2020 - 06:34:42: [SM]   [1] Line 75, /home/forums/content/files/7/2/34150.attach::cheatcommand
L 11/19/2020 - 06:34:42: [SM] Exception reported: String formatted incorrectly - parameter 4 (total 3)
L 11/19/2020 - 06:34:42: [SM] Blaming: admincheats.smx
L 11/19/2020 - 06:34:42: [SM] Call stack trace:
L 11/19/2020 - 06:34:42: [SM]   [0] PrintToConsole
L 11/19/2020 - 06:34:42: [SM]   [1] Line 75, /home/forums/content/files/7/2/34150.attach::cheatcommand
L 11/19/2020 - 06:34:43: [SM] Exception reported: String formatted incorrectly - parameter 4 (total 3)
L 11/19/2020 - 06:34:43: [SM] Blaming: admincheats.smx
L 11/19/2020 - 06:34:43: [SM] Call stack trace:
L 11/19/2020 - 06:34:43: [SM]   [0] PrintToConsole
L 11/19/2020 - 06:34:43: [SM]   [1] Line 75, /home/forums/content/files/7/2/34150.attach::cheatcommand
L 11/19/2020 - 06:34:43: [SM] Exception reported: String formatted incorrectly - parameter 4 (total 3)
L 11/19/2020 - 06:34:43: [SM] Blaming: admincheats.smx
L 11/19/2020 - 06:34:43: [SM] Call stack trace:
L 11/19/2020 - 06:34:43: [SM]   [0] PrintToConsole
L 11/19/2020 - 06:34:43: [SM]   [1] Line 75, /home/forums/content/files/7/2/34150.attach::cheatcommand
L 11/19/2020 - 06:34:43: [SM] Exception reported: String formatted incorrectly - parameter 4 (total 3)
L 11/19/2020 - 06:34:43: [SM] Blaming: admincheats.smx
L 11/19/2020 - 06:34:43: [SM] Call stack trace:
L 11/19/2020 - 06:34:43: [SM]   [0] PrintToConsole
L 11/19/2020 - 06:34:43: [SM]   [1] Line 75, /home/forums/content/files/7/2/34150.attach::cheatcommand
L 11/19/2020 - 06:34:43: [SM] Exception reported: String formatted incorrectly - parameter 4 (total 3)
L 11/19/2020 - 06:34:43: [SM] Blaming: admincheats.smx
L 11/19/2020 - 06:34:43: [SM] Call stack trace:
L 11/19/2020 - 06:34:43: [SM]   [0] PrintToConsole
L 11/19/2020 - 06:34:43: [SM]   [1] Line 75, /home/forums/content/files/7/2/34150.attach::cheatcommand
L 11/19/2020 - 06:36:21: [SM] Exception reported: String formatted incorrectly - parameter 4 (total 3)
L 11/19/2020 - 06:36:21: [SM] Blaming: admincheats.smx
L 11/19/2020 - 06:36:21: [SM] Call stack trace:
L 11/19/2020 - 06:36:21: [SM]   [0] PrintToConsole
L 11/19/2020 - 06:36:21: [SM]   [1] Line 75, /home/forums/content/files/7/2/34150.attach::cheatcommand
L 11/19/2020 - 06:36:25: [SM] Exception reported: String formatted incorrectly - parameter 4 (total 3)
L 11/19/2020 - 06:36:25: [SM] Blaming: admincheats.smx
L 11/19/2020 - 06:36:25: [SM] Call stack trace:
L 11/19/2020 - 06:36:25: [SM]   [0] PrintToConsole
L 11/19/2020 - 06:36:25: [SM]   [1] Line 75, /home/forums/content/files/7/2/34150.attach::cheatcommand
L 11/19/2020 - 06:36:25: [SM] Exception reported: String formatted incorrectly - parameter 4 (total 3)
L 11/19/2020 - 06:36:25: [SM] Blaming: admincheats.smx
L 11/19/2020 - 06:36:25: [SM] Call stack trace:
L 11/19/2020 - 06:36:25: [SM]   [0] PrintToConsole
L 11/19/2020 - 06:36:25: [SM]   [1] Line 75, /home/forums/content/files/7/2/34150.attach::cheatcommand
L 11/19/2020 - 06:36:26: [SM] Exception reported: String formatted incorrectly - parameter 4 (total 3)
L 11/19/2020 - 06:36:26: [SM] Blaming: admincheats.smx
L 11/19/2020 - 06:36:26: [SM] Call stack trace:
L 11/19/2020 - 06:36:26: [SM]   [0] PrintToConsole
L 11/19/2020 - 06:36:26: [SM]   [1] Line 75, /home/forums/content/files/7/2/34150.attach::cheatcommand
L 11/19/2020 - 06:36:26: [SM] Exception reported: String formatted incorrectly - parameter 4 (total 3)
L 11/19/2020 - 06:36:26: [SM] Blaming: admincheats.smx
L 11/19/2020 - 06:36:26: [SM] Call stack trace:
L 11/19/2020 - 06:36:26: [SM]   [0] PrintToConsole
L 11/19/2020 - 06:36:26: [SM]   [1] Line 75, /home/forums/content/files/7/2/34150.attach::cheatcommand
L 11/19/2020 - 06:36:27: [SM] Exception reported: String formatted incorrectly - parameter 4 (total 3)
L 11/19/2020 - 06:36:27: [SM] Blaming: admincheats.smx
L 11/19/2020 - 06:36:27: [SM] Call stack trace:
L 11/19/2020 - 06:36:27: [SM]   [0] PrintToConsole
L 11/19/2020 - 06:36:27: [SM]   [1] Line 75, /home/forums/content/files/7/2/34150.attach::cheatcommand
L 11/19/2020 - 06:36:27: [SM] Exception reported: String formatted incorrectly - parameter 4 (total 3)
L 11/19/2020 - 06:36:27: [SM] Blaming: admincheats.smx
L 11/19/2020 - 06:36:27: [SM] Call stack trace:
L 11/19/2020 - 06:36:27: [SM]   [0] PrintToConsole
L 11/19/2020 - 06:36:27: [SM]   [1] Line 75, /home/forums/content/files/7/2/34150.attach::cheatcommand
L 11/19/2020 - 06:36:27: [SM] Exception reported: String formatted incorrectly - parameter 4 (total 3)
L 11/19/2020 - 06:36:27: [SM] Blaming: admincheats.smx
L 11/19/2020 - 06:36:27: [SM] Call stack trace:
L 11/19/2020 - 06:36:27: [SM]   [0] PrintToConsole
L 11/19/2020 - 06:36:27: [SM]   [1] Line 75, /home/forums/content/files/7/2/34150.attach::cheatcommand
L 11/19/2020 - 06:36:28: [SM] Exception reported: String formatted incorrectly - parameter 4 (total 3)
L 11/19/2020 - 06:36:28: [SM] Blaming: admincheats.smx
L 11/19/2020 - 06:36:28: [SM] Call stack trace:
L 11/19/2020 - 06:36:28: [SM]   [0] PrintToConsole
L 11/19/2020 - 06:36:28: [SM]   [1] Line 75, /home/forums/content/files/7/2/34150.attach::cheatcommand
L 11/19/2020 - 06:36:28: [SM] Exception reported: String formatted incorrectly - parameter 4 (total 3)
L 11/19/2020 - 06:36:28: [SM] Blaming: admincheats.smx
L 11/19/2020 - 06:36:28: [SM] Call stack trace:
L 11/19/2020 - 06:36:28: [SM]   [0] PrintToConsole
L 11/19/2020 - 06:36:28: [SM]   [1] Line 75, /home/forums/content/files/7/2/34150.attach::cheatcommand
L 11/19/2020 - 06:36:29: [SM] Exception reported: String formatted incorrectly - parameter 4 (total 3)
L 11/19/2020 - 06:36:29: [SM] Blaming: admincheats.smx
L 11/19/2020 - 06:36:29: [SM] Call stack trace:
L 11/19/2020 - 06:36:29: [SM]   [0] PrintToConsole
L 11/19/2020 - 06:36:29: [SM]   [1] Line 75, /home/forums/content/files/7/2/34150.attach::cheatcommand
L 11/19/2020 - 06:36:29: [SM] Exception reported: String formatted incorrectly - parameter 4 (total 3)
L 11/19/2020 - 06:36:29: [SM] Blaming: admincheats.smx
L 11/19/2020 - 06:36:29: [SM] Call stack trace:
L 11/19/2020 - 06:36:29: [SM]   [0] PrintToConsole
L 11/19/2020 - 06:36:29: [SM]   [1] Line 75, /home/forums/content/files/7/2/34150.attach::cheatcommand
L 11/19/2020 - 06:38:06: Error log file session closed.
L 11/19/2020 - 07:22:20: SourceMod error session started
L 11/19/2020 - 07:22:20: Info (map "workshop/cp_doublecross_rc7.ugc2209793078") (file "/hlserver/tf2/tf/addons/sourcemod/logs/errors_20201119.log")
L 11/19/2020 - 07:22:20: [SM] Exception reported: String formatted incorrectly - parameter 4 (total 3)
L 11/19/2020 - 07:22:20: [SM] Blaming: admincheats.smx
L 11/19/2020 - 07:22:20: [SM] Call stack trace:
L 11/19/2020 - 07:22:20: [SM]   [0] PrintToConsole
L 11/19/2020 - 07:22:20: [SM]   [1] Line 75, /home/forums/content/files/7/2/34150.attach::cheatcommand
L 11/19/2020 - 07:23:55: [SM] Exception reported: String formatted incorrectly - parameter 4 (total 3)
L 11/19/2020 - 07:23:55: [SM] Blaming: admincheats.smx
L 11/19/2020 - 07:23:55: [SM] Call stack trace:
L 11/19/2020 - 07:23:55: [SM]   [0] PrintToConsole
L 11/19/2020 - 07:23:55: [SM]   [1] Line 75, /home/forums/content/files/7/2/34150.attach::cheatcommand
L 11/19/2020 - 07:23:56: [SM] Exception reported: String formatted incorrectly - parameter 4 (total 3)
L 11/19/2020 - 07:23:56: [SM] Blaming: admincheats.smx
L 11/19/2020 - 07:23:56: [SM] Call stack trace:
L 11/19/2020 - 07:23:56: [SM]   [0] PrintToConsole
L 11/19/2020 - 07:23:56: [SM]   [1] Line 75, /home/forums/content/files/7/2/34150.attach::cheatcommand
L 11/19/2020 - 07:23:57: [SM] Exception reported: String formatted incorrectly - parameter 4 (total 3)
L 11/19/2020 - 07:23:57: [SM] Blaming: admincheats.smx
L 11/19/2020 - 07:23:57: [SM] Call stack trace:
L 11/19/2020 - 07:23:57: [SM]   [0] PrintToConsole
L 11/19/2020 - 07:23:57: [SM]   [1] Line 75, /home/forums/content/files/7/2/34150.attach::cheatcommand
L 11/19/2020 - 07:23:57: [SM] Exception reported: String formatted incorrectly - parameter 4 (total 3)
L 11/19/2020 - 07:23:57: [SM] Blaming: admincheats.smx
L 11/19/2020 - 07:23:57: [SM] Call stack trace:
L 11/19/2020 - 07:23:57: [SM]   [0] PrintToConsole
L 11/19/2020 - 07:23:57: [SM]   [1] Line 75, /home/forums/content/files/7/2/34150.attach::cheatcommand
L 11/19/2020 - 07:23:57: [SM] Exception reported: String formatted incorrectly - parameter 4 (total 3)
L 11/19/2020 - 07:23:57: [SM] Blaming: admincheats.smx
L 11/19/2020 - 07:23:57: [SM] Call stack trace:
L 11/19/2020 - 07:23:57: [SM]   [0] PrintToConsole
L 11/19/2020 - 07:23:57: [SM]   [1] Line 75, /home/forums/content/files/7/2/34150.attach::cheatcommand
L 11/19/2020 - 07:23:57: [SM] Exception reported: String formatted incorrectly - parameter 4 (total 3)
L 11/19/2020 - 07:23:57: [SM] Blaming: admincheats.smx
L 11/19/2020 - 07:23:57: [SM] Call stack trace:
L 11/19/2020 - 07:23:57: [SM]   [0] PrintToConsole
L 11/19/2020 - 07:23:57: [SM]   [1] Line 75, /home/forums/content/files/7/2/34150.attach::cheatcommand
L 11/19/2020 - 07:23:57: [SM] Exception reported: String formatted incorrectly - parameter 4 (total 3)
L 11/19/2020 - 07:23:57: [SM] Blaming: admincheats.smx
L 11/19/2020 - 07:23:57: [SM] Call stack trace:
L 11/19/2020 - 07:23:57: [SM]   [0] PrintToConsole
L 11/19/2020 - 07:23:57: [SM]   [1] Line 75, /home/forums/content/files/7/2/34150.attach::cheatcommand
L 11/19/2020 - 07:23:58: [SM] Exception reported: String formatted incorrectly - parameter 4 (total 3)
L 11/19/2020 - 07:23:58: [SM] Blaming: admincheats.smx
L 11/19/2020 - 07:23:58: [SM] Call stack trace:
L 11/19/2020 - 07:23:58: [SM]   [0] PrintToConsole
L 11/19/2020 - 07:23:58: [SM]   [1] Line 75, /home/forums/content/files/7/2/34150.attach::cheatcommand
L 11/19/2020 - 07:23:58: [SM] Exception reported: String formatted incorrectly - parameter 4 (total 3)
L 11/19/2020 - 07:23:58: [SM] Blaming: admincheats.smx
L 11/19/2020 - 07:23:58: [SM] Call stack trace:
L 11/19/2020 - 07:23:58: [SM]   [0] PrintToConsole
L 11/19/2020 - 07:23:58: [SM]   [1] Line 75, /home/forums/content/files/7/2/34150.attach::cheatcommand
L 11/19/2020 - 07:23:58: [SM] Exception reported: String formatted incorrectly - parameter 4 (total 3)
L 11/19/2020 - 07:23:58: [SM] Blaming: admincheats.smx
L 11/19/2020 - 07:23:58: [SM] Call stack trace:
L 11/19/2020 - 07:23:58: [SM]   [0] PrintToConsole
L 11/19/2020 - 07:23:58: [SM]   [1] Line 75, /home/forums/content/files/7/2/34150.attach::cheatcommand
L 11/19/2020 - 07:23:58: [SM] Exception reported: String formatted incorrectly - parameter 4 (total 3)
L 11/19/2020 - 07:23:58: [SM] Blaming: admincheats.smx
L 11/19/2020 - 07:23:58: [SM] Call stack trace:
L 11/19/2020 - 07:23:58: [SM]   [0] PrintToConsole
L 11/19/2020 - 07:23:58: [SM]   [1] Line 75, /home/forums/content/files/7/2/34150.attach::cheatcommand
L 11/19/2020 - 07:23:58: [SM] Exception reported: String formatted incorrectly - parameter 4 (total 3)
L 11/19/2020 - 07:23:58: [SM] Blaming: admincheats.smx
L 11/19/2020 - 07:23:58: [SM] Call stack trace:
L 11/19/2020 - 07:23:58: [SM]   [0] PrintToConsole
L 11/19/2020 - 07:23:58: [SM]   [1] Line 75, /home/forums/content/files/7/2/34150.attach::cheatcommand
L 11/19/2020 - 07:23:58: [SM] Exception reported: String formatted incorrectly - parameter 4 (total 3)
L 11/19/2020 - 07:23:58: [SM] Blaming: admincheats.smx
L 11/19/2020 - 07:23:58: [SM] Call stack trace:
L 11/19/2020 - 07:23:58: [SM]   [0] PrintToConsole
L 11/19/2020 - 07:23:58: [SM]   [1] Line 75, /home/forums/content/files/7/2/34150.attach::cheatcommand
L 11/19/2020 - 07:24:01: [SM] Exception reported: String formatted incorrectly - parameter 4 (total 3)
L 11/19/2020 - 07:24:01: [SM] Blaming: admincheats.smx
L 11/19/2020 - 07:24:01: [SM] Call stack trace:
L 11/19/2020 - 07:24:01: [SM]   [0] PrintToConsole
L 11/19/2020 - 07:24:01: [SM]   [1] Line 75, /home/forums/content/files/7/2/34150.attach::cheatcommand
L 11/19/2020 - 07:24:01: [SM] Exception reported: String formatted incorrectly - parameter 4 (total 3)
L 11/19/2020 - 07:24:01: [SM] Blaming: admincheats.smx
L 11/19/2020 - 07:24:01: [SM] Call stack trace:
L 11/19/2020 - 07:24:01: [SM]   [0] PrintToConsole
L 11/19/2020 - 07:24:01: [SM]   [1] Line 75, /home/forums/content/files/7/2/34150.attach::cheatcommand
L 11/19/2020 - 07:24:01: [SM] Exception reported: String formatted incorrectly - parameter 4 (total 3)
L 11/19/2020 - 07:24:01: [SM] Blaming: admincheats.smx
L 11/19/2020 - 07:24:01: [SM] Call stack trace:
L 11/19/2020 - 07:24:01: [SM]   [0] PrintToConsole
L 11/19/2020 - 07:24:01: [SM]   [1] Line 75, /home/forums/content/files/7/2/34150.attach::cheatcommand
L 11/19/2020 - 07:24:02: [SM] Exception reported: String formatted incorrectly - parameter 4 (total 3)
L 11/19/2020 - 07:24:02: [SM] Blaming: admincheats.smx
L 11/19/2020 - 07:24:02: [SM] Call stack trace:
L 11/19/2020 - 07:24:02: [SM]   [0] PrintToConsole
L 11/19/2020 - 07:24:02: [SM]   [1] Line 75, /home/forums/content/files/7/2/34150.attach::cheatcommand
L 11/19/2020 - 07:34:47: Error log file session closed.
L 11/19/2020 - 07:38:09: SourceMod error session started
L 11/19/2020 - 07:38:09: Info (map "workshop/pl_cooler_badwater_a3.ugc2044302450") (file "/hlserver/tf2/tf/addons/sourcemod/logs/errors_20201119.log")
L 11/19/2020 - 07:38:09: [SM] Exception reported: String formatted incorrectly - parameter 4 (total 3)
L 11/19/2020 - 07:38:09: [SM] Blaming: admincheats.smx
L 11/19/2020 - 07:38:09: [SM] Call stack trace:
L 11/19/2020 - 07:38:09: [SM]   [0] PrintToConsole
L 11/19/2020 - 07:38:09: [SM]   [1] Line 75, /home/forums/content/files/7/2/34150.attach::cheatcommand
L 11/19/2020 - 07:56:24: Error log file session closed.
