L 08/09/2020 - 03:28:36: SourceMod error session started
L 08/09/2020 - 03:28:36: Info (map "plr_hightower") (file "/hlserver/tf2/tf/addons/sourcemod/logs/errors_20200809.log")
L 08/09/2020 - 03:28:36: [SM] Fatal error encountered parsing translation file "spraytracenomenu.phrases.txt"
L 08/09/2020 - 03:28:36: [SM] Error (line 0, column 0): Stream failed to open
L 08/09/2020 - 03:44:02: [SM] Exception reported: String formatted incorrectly - parameter 4 (total 3)
L 08/09/2020 - 03:44:02: [SM] Blaming: admincheats.smx
L 08/09/2020 - 03:44:02: [SM] Call stack trace:
L 08/09/2020 - 03:44:02: [SM]   [0] PrintToConsole
L 08/09/2020 - 03:44:02: [SM]   [1] Line 75, /home/forums/content/files/7/2/34150.attach::cheatcommand
L 08/09/2020 - 03:44:15: [SM] Exception reported: String formatted incorrectly - parameter 4 (total 3)
L 08/09/2020 - 03:44:15: [SM] Blaming: admincheats.smx
L 08/09/2020 - 03:44:15: [SM] Call stack trace:
L 08/09/2020 - 03:44:15: [SM]   [0] PrintToConsole
L 08/09/2020 - 03:44:15: [SM]   [1] Line 75, /home/forums/content/files/7/2/34150.attach::cheatcommand
L 08/09/2020 - 03:44:15: [SM] Exception reported: String formatted incorrectly - parameter 4 (total 3)
L 08/09/2020 - 03:44:15: [SM] Blaming: admincheats.smx
L 08/09/2020 - 03:44:15: [SM] Call stack trace:
L 08/09/2020 - 03:44:15: [SM]   [0] PrintToConsole
L 08/09/2020 - 03:44:15: [SM]   [1] Line 75, /home/forums/content/files/7/2/34150.attach::cheatcommand
L 08/09/2020 - 03:44:16: [SM] Exception reported: String formatted incorrectly - parameter 4 (total 3)
L 08/09/2020 - 03:44:16: [SM] Blaming: admincheats.smx
L 08/09/2020 - 03:44:16: [SM] Call stack trace:
L 08/09/2020 - 03:44:16: [SM]   [0] PrintToConsole
L 08/09/2020 - 03:44:16: [SM]   [1] Line 75, /home/forums/content/files/7/2/34150.attach::cheatcommand
L 08/09/2020 - 03:44:16: [SM] Exception reported: String formatted incorrectly - parameter 4 (total 3)
L 08/09/2020 - 03:44:16: [SM] Blaming: admincheats.smx
L 08/09/2020 - 03:44:16: [SM] Call stack trace:
L 08/09/2020 - 03:44:16: [SM]   [0] PrintToConsole
L 08/09/2020 - 03:44:16: [SM]   [1] Line 75, /home/forums/content/files/7/2/34150.attach::cheatcommand
L 08/09/2020 - 03:44:16: [SM] Exception reported: String formatted incorrectly - parameter 4 (total 3)
L 08/09/2020 - 03:44:16: [SM] Blaming: admincheats.smx
L 08/09/2020 - 03:44:16: [SM] Call stack trace:
L 08/09/2020 - 03:44:16: [SM]   [0] PrintToConsole
L 08/09/2020 - 03:44:16: [SM]   [1] Line 75, /home/forums/content/files/7/2/34150.attach::cheatcommand
L 08/09/2020 - 03:44:16: [SM] Exception reported: String formatted incorrectly - parameter 4 (total 3)
L 08/09/2020 - 03:44:16: [SM] Blaming: admincheats.smx
L 08/09/2020 - 03:44:16: [SM] Call stack trace:
L 08/09/2020 - 03:44:16: [SM]   [0] PrintToConsole
L 08/09/2020 - 03:44:16: [SM]   [1] Line 75, /home/forums/content/files/7/2/34150.attach::cheatcommand
L 08/09/2020 - 03:44:17: [SM] Exception reported: String formatted incorrectly - parameter 4 (total 3)
L 08/09/2020 - 03:44:17: [SM] Blaming: admincheats.smx
L 08/09/2020 - 03:44:17: [SM] Call stack trace:
L 08/09/2020 - 03:44:17: [SM]   [0] PrintToConsole
L 08/09/2020 - 03:44:17: [SM]   [1] Line 75, /home/forums/content/files/7/2/34150.attach::cheatcommand
L 08/09/2020 - 03:44:17: [SM] Exception reported: String formatted incorrectly - parameter 4 (total 3)
L 08/09/2020 - 03:44:17: [SM] Blaming: admincheats.smx
L 08/09/2020 - 03:44:17: [SM] Call stack trace:
L 08/09/2020 - 03:44:17: [SM]   [0] PrintToConsole
L 08/09/2020 - 03:44:17: [SM]   [1] Line 75, /home/forums/content/files/7/2/34150.attach::cheatcommand
L 08/09/2020 - 03:44:17: [SM] Exception reported: String formatted incorrectly - parameter 4 (total 3)
L 08/09/2020 - 03:44:17: [SM] Blaming: admincheats.smx
L 08/09/2020 - 03:44:17: [SM] Call stack trace:
L 08/09/2020 - 03:44:17: [SM]   [0] PrintToConsole
L 08/09/2020 - 03:44:17: [SM]   [1] Line 75, /home/forums/content/files/7/2/34150.attach::cheatcommand
L 08/09/2020 - 03:44:17: [SM] Exception reported: String formatted incorrectly - parameter 4 (total 3)
L 08/09/2020 - 03:44:17: [SM] Blaming: admincheats.smx
L 08/09/2020 - 03:44:17: [SM] Call stack trace:
L 08/09/2020 - 03:44:17: [SM]   [0] PrintToConsole
L 08/09/2020 - 03:44:17: [SM]   [1] Line 75, /home/forums/content/files/7/2/34150.attach::cheatcommand
L 08/09/2020 - 03:44:17: [SM] Exception reported: String formatted incorrectly - parameter 4 (total 3)
L 08/09/2020 - 03:44:17: [SM] Blaming: admincheats.smx
L 08/09/2020 - 03:44:17: [SM] Call stack trace:
L 08/09/2020 - 03:44:17: [SM]   [0] PrintToConsole
L 08/09/2020 - 03:44:17: [SM]   [1] Line 75, /home/forums/content/files/7/2/34150.attach::cheatcommand
L 08/09/2020 - 03:44:17: [SM] Exception reported: String formatted incorrectly - parameter 4 (total 3)
L 08/09/2020 - 03:44:17: [SM] Blaming: admincheats.smx
L 08/09/2020 - 03:44:17: [SM] Call stack trace:
L 08/09/2020 - 03:44:17: [SM]   [0] PrintToConsole
L 08/09/2020 - 03:44:17: [SM]   [1] Line 75, /home/forums/content/files/7/2/34150.attach::cheatcommand
L 08/09/2020 - 03:44:17: [SM] Exception reported: String formatted incorrectly - parameter 4 (total 3)
L 08/09/2020 - 03:44:17: [SM] Blaming: admincheats.smx
L 08/09/2020 - 03:44:17: [SM] Call stack trace:
L 08/09/2020 - 03:44:17: [SM]   [0] PrintToConsole
L 08/09/2020 - 03:44:17: [SM]   [1] Line 75, /home/forums/content/files/7/2/34150.attach::cheatcommand
L 08/09/2020 - 03:44:33: [SM] Exception reported: String formatted incorrectly - parameter 4 (total 3)
L 08/09/2020 - 03:44:33: [SM] Blaming: admincheats.smx
L 08/09/2020 - 03:44:33: [SM] Call stack trace:
L 08/09/2020 - 03:44:33: [SM]   [0] PrintToConsole
L 08/09/2020 - 03:44:33: [SM]   [1] Line 75, /home/forums/content/files/7/2/34150.attach::cheatcommand
L 08/09/2020 - 03:44:39: [SM] Exception reported: String formatted incorrectly - parameter 4 (total 3)
L 08/09/2020 - 03:44:39: [SM] Blaming: admincheats.smx
L 08/09/2020 - 03:44:39: [SM] Call stack trace:
L 08/09/2020 - 03:44:39: [SM]   [0] PrintToConsole
L 08/09/2020 - 03:44:39: [SM]   [1] Line 75, /home/forums/content/files/7/2/34150.attach::cheatcommand
L 08/09/2020 - 03:44:43: [SM] Exception reported: String formatted incorrectly - parameter 4 (total 3)
L 08/09/2020 - 03:44:43: [SM] Blaming: admincheats.smx
L 08/09/2020 - 03:44:43: [SM] Call stack trace:
L 08/09/2020 - 03:44:43: [SM]   [0] PrintToConsole
L 08/09/2020 - 03:44:43: [SM]   [1] Line 75, /home/forums/content/files/7/2/34150.attach::cheatcommand
L 08/09/2020 - 03:44:48: [SM] Exception reported: String formatted incorrectly - parameter 4 (total 3)
L 08/09/2020 - 03:44:48: [SM] Blaming: admincheats.smx
L 08/09/2020 - 03:44:48: [SM] Call stack trace:
L 08/09/2020 - 03:44:48: [SM]   [0] PrintToConsole
L 08/09/2020 - 03:44:48: [SM]   [1] Line 75, /home/forums/content/files/7/2/34150.attach::cheatcommand
L 08/09/2020 - 03:44:49: [SM] Exception reported: String formatted incorrectly - parameter 4 (total 3)
L 08/09/2020 - 03:44:49: [SM] Blaming: admincheats.smx
L 08/09/2020 - 03:44:49: [SM] Call stack trace:
L 08/09/2020 - 03:44:49: [SM]   [0] PrintToConsole
L 08/09/2020 - 03:44:49: [SM]   [1] Line 75, /home/forums/content/files/7/2/34150.attach::cheatcommand
L 08/09/2020 - 03:44:49: [SM] Exception reported: String formatted incorrectly - parameter 4 (total 3)
L 08/09/2020 - 03:44:49: [SM] Blaming: admincheats.smx
L 08/09/2020 - 03:44:49: [SM] Call stack trace:
L 08/09/2020 - 03:44:49: [SM]   [0] PrintToConsole
L 08/09/2020 - 03:44:49: [SM]   [1] Line 75, /home/forums/content/files/7/2/34150.attach::cheatcommand
L 08/09/2020 - 03:44:55: [SM] Exception reported: String formatted incorrectly - parameter 4 (total 3)
L 08/09/2020 - 03:44:55: [SM] Blaming: admincheats.smx
L 08/09/2020 - 03:44:55: [SM] Call stack trace:
L 08/09/2020 - 03:44:55: [SM]   [0] PrintToConsole
L 08/09/2020 - 03:44:55: [SM]   [1] Line 75, /home/forums/content/files/7/2/34150.attach::cheatcommand
L 08/09/2020 - 03:44:55: [SM] Exception reported: String formatted incorrectly - parameter 4 (total 3)
L 08/09/2020 - 03:44:55: [SM] Blaming: admincheats.smx
L 08/09/2020 - 03:44:55: [SM] Call stack trace:
L 08/09/2020 - 03:44:55: [SM]   [0] PrintToConsole
L 08/09/2020 - 03:44:55: [SM]   [1] Line 75, /home/forums/content/files/7/2/34150.attach::cheatcommand
L 08/09/2020 - 03:44:55: [SM] Exception reported: String formatted incorrectly - parameter 4 (total 3)
L 08/09/2020 - 03:44:55: [SM] Blaming: admincheats.smx
L 08/09/2020 - 03:44:55: [SM] Call stack trace:
L 08/09/2020 - 03:44:55: [SM]   [0] PrintToConsole
L 08/09/2020 - 03:44:55: [SM]   [1] Line 75, /home/forums/content/files/7/2/34150.attach::cheatcommand
L 08/09/2020 - 03:44:56: [SM] Exception reported: String formatted incorrectly - parameter 4 (total 3)
L 08/09/2020 - 03:44:56: [SM] Blaming: admincheats.smx
L 08/09/2020 - 03:44:56: [SM] Call stack trace:
L 08/09/2020 - 03:44:56: [SM]   [0] PrintToConsole
L 08/09/2020 - 03:44:56: [SM]   [1] Line 75, /home/forums/content/files/7/2/34150.attach::cheatcommand
L 08/09/2020 - 03:44:56: [SM] Exception reported: String formatted incorrectly - parameter 4 (total 3)
L 08/09/2020 - 03:44:56: [SM] Blaming: admincheats.smx
L 08/09/2020 - 03:44:56: [SM] Call stack trace:
L 08/09/2020 - 03:44:56: [SM]   [0] PrintToConsole
L 08/09/2020 - 03:44:56: [SM]   [1] Line 75, /home/forums/content/files/7/2/34150.attach::cheatcommand
L 08/09/2020 - 03:44:56: [SM] Exception reported: String formatted incorrectly - parameter 4 (total 3)
L 08/09/2020 - 03:44:56: [SM] Blaming: admincheats.smx
L 08/09/2020 - 03:44:56: [SM] Call stack trace:
L 08/09/2020 - 03:44:56: [SM]   [0] PrintToConsole
L 08/09/2020 - 03:44:56: [SM]   [1] Line 75, /home/forums/content/files/7/2/34150.attach::cheatcommand
L 08/09/2020 - 03:44:56: [SM] Exception reported: String formatted incorrectly - parameter 4 (total 3)
L 08/09/2020 - 03:44:56: [SM] Blaming: admincheats.smx
L 08/09/2020 - 03:44:56: [SM] Call stack trace:
L 08/09/2020 - 03:44:56: [SM]   [0] PrintToConsole
L 08/09/2020 - 03:44:56: [SM]   [1] Line 75, /home/forums/content/files/7/2/34150.attach::cheatcommand
L 08/09/2020 - 03:44:56: [SM] Exception reported: String formatted incorrectly - parameter 4 (total 3)
L 08/09/2020 - 03:44:56: [SM] Blaming: admincheats.smx
L 08/09/2020 - 03:44:56: [SM] Call stack trace:
L 08/09/2020 - 03:44:56: [SM]   [0] PrintToConsole
L 08/09/2020 - 03:44:56: [SM]   [1] Line 75, /home/forums/content/files/7/2/34150.attach::cheatcommand
L 08/09/2020 - 03:44:56: [SM] Exception reported: String formatted incorrectly - parameter 4 (total 3)
L 08/09/2020 - 03:44:56: [SM] Blaming: admincheats.smx
L 08/09/2020 - 03:44:56: [SM] Call stack trace:
L 08/09/2020 - 03:44:56: [SM]   [0] PrintToConsole
L 08/09/2020 - 03:44:56: [SM]   [1] Line 75, /home/forums/content/files/7/2/34150.attach::cheatcommand
L 08/09/2020 - 03:44:56: [SM] Exception reported: String formatted incorrectly - parameter 4 (total 3)
L 08/09/2020 - 03:44:56: [SM] Blaming: admincheats.smx
L 08/09/2020 - 03:44:56: [SM] Call stack trace:
L 08/09/2020 - 03:44:56: [SM]   [0] PrintToConsole
L 08/09/2020 - 03:44:56: [SM]   [1] Line 75, /home/forums/content/files/7/2/34150.attach::cheatcommand
L 08/09/2020 - 03:44:56: [SM] Exception reported: String formatted incorrectly - parameter 4 (total 3)
L 08/09/2020 - 03:44:56: [SM] Blaming: admincheats.smx
L 08/09/2020 - 03:44:56: [SM] Call stack trace:
L 08/09/2020 - 03:44:56: [SM]   [0] PrintToConsole
L 08/09/2020 - 03:44:56: [SM]   [1] Line 75, /home/forums/content/files/7/2/34150.attach::cheatcommand
L 08/09/2020 - 03:44:56: [SM] Exception reported: String formatted incorrectly - parameter 4 (total 3)
L 08/09/2020 - 03:44:56: [SM] Blaming: admincheats.smx
L 08/09/2020 - 03:44:56: [SM] Call stack trace:
L 08/09/2020 - 03:44:56: [SM]   [0] PrintToConsole
L 08/09/2020 - 03:44:56: [SM]   [1] Line 75, /home/forums/content/files/7/2/34150.attach::cheatcommand
L 08/09/2020 - 03:44:57: [SM] Exception reported: String formatted incorrectly - parameter 4 (total 3)
L 08/09/2020 - 03:44:57: [SM] Blaming: admincheats.smx
L 08/09/2020 - 03:44:57: [SM] Call stack trace:
L 08/09/2020 - 03:44:57: [SM]   [0] PrintToConsole
L 08/09/2020 - 03:44:57: [SM]   [1] Line 75, /home/forums/content/files/7/2/34150.attach::cheatcommand
L 08/09/2020 - 03:44:57: [SM] Exception reported: String formatted incorrectly - parameter 4 (total 3)
L 08/09/2020 - 03:44:57: [SM] Blaming: admincheats.smx
L 08/09/2020 - 03:44:57: [SM] Call stack trace:
L 08/09/2020 - 03:44:57: [SM]   [0] PrintToConsole
L 08/09/2020 - 03:44:57: [SM]   [1] Line 75, /home/forums/content/files/7/2/34150.attach::cheatcommand
L 08/09/2020 - 03:45:09: [SM] Exception reported: String formatted incorrectly - parameter 4 (total 3)
L 08/09/2020 - 03:45:09: [SM] Blaming: admincheats.smx
L 08/09/2020 - 03:45:09: [SM] Call stack trace:
L 08/09/2020 - 03:45:09: [SM]   [0] PrintToConsole
L 08/09/2020 - 03:45:09: [SM]   [1] Line 75, /home/forums/content/files/7/2/34150.attach::cheatcommand
L 08/09/2020 - 03:45:16: [SM] Exception reported: String formatted incorrectly - parameter 4 (total 3)
L 08/09/2020 - 03:45:16: [SM] Blaming: admincheats.smx
L 08/09/2020 - 03:45:16: [SM] Call stack trace:
L 08/09/2020 - 03:45:16: [SM]   [0] PrintToConsole
L 08/09/2020 - 03:45:16: [SM]   [1] Line 75, /home/forums/content/files/7/2/34150.attach::cheatcommand
L 08/09/2020 - 03:45:17: [SM] Exception reported: String formatted incorrectly - parameter 4 (total 3)
L 08/09/2020 - 03:45:17: [SM] Blaming: admincheats.smx
L 08/09/2020 - 03:45:17: [SM] Call stack trace:
L 08/09/2020 - 03:45:17: [SM]   [0] PrintToConsole
L 08/09/2020 - 03:45:17: [SM]   [1] Line 75, /home/forums/content/files/7/2/34150.attach::cheatcommand
L 08/09/2020 - 03:45:18: [SM] Exception reported: String formatted incorrectly - parameter 4 (total 3)
L 08/09/2020 - 03:45:18: [SM] Blaming: admincheats.smx
L 08/09/2020 - 03:45:18: [SM] Call stack trace:
L 08/09/2020 - 03:45:18: [SM]   [0] PrintToConsole
L 08/09/2020 - 03:45:18: [SM]   [1] Line 75, /home/forums/content/files/7/2/34150.attach::cheatcommand
L 08/09/2020 - 03:45:23: [SM] Exception reported: String formatted incorrectly - parameter 4 (total 3)
L 08/09/2020 - 03:45:23: [SM] Blaming: admincheats.smx
L 08/09/2020 - 03:45:23: [SM] Call stack trace:
L 08/09/2020 - 03:45:23: [SM]   [0] PrintToConsole
L 08/09/2020 - 03:45:23: [SM]   [1] Line 75, /home/forums/content/files/7/2/34150.attach::cheatcommand
L 08/09/2020 - 03:45:24: [SM] Exception reported: String formatted incorrectly - parameter 4 (total 3)
L 08/09/2020 - 03:45:24: [SM] Blaming: admincheats.smx
L 08/09/2020 - 03:45:24: [SM] Call stack trace:
L 08/09/2020 - 03:45:24: [SM]   [0] PrintToConsole
L 08/09/2020 - 03:45:24: [SM]   [1] Line 75, /home/forums/content/files/7/2/34150.attach::cheatcommand
L 08/09/2020 - 03:45:24: [SM] Exception reported: String formatted incorrectly - parameter 4 (total 3)
L 08/09/2020 - 03:45:24: [SM] Blaming: admincheats.smx
L 08/09/2020 - 03:45:24: [SM] Call stack trace:
L 08/09/2020 - 03:45:24: [SM]   [0] PrintToConsole
L 08/09/2020 - 03:45:24: [SM]   [1] Line 75, /home/forums/content/files/7/2/34150.attach::cheatcommand
L 08/09/2020 - 03:45:44: [SM] Exception reported: String formatted incorrectly - parameter 4 (total 3)
L 08/09/2020 - 03:45:44: [SM] Blaming: admincheats.smx
L 08/09/2020 - 03:45:44: [SM] Call stack trace:
L 08/09/2020 - 03:45:44: [SM]   [0] PrintToConsole
L 08/09/2020 - 03:45:44: [SM]   [1] Line 75, /home/forums/content/files/7/2/34150.attach::cheatcommand
L 08/09/2020 - 03:46:43: [SM] Exception reported: String formatted incorrectly - parameter 4 (total 3)
L 08/09/2020 - 03:46:43: [SM] Blaming: admincheats.smx
L 08/09/2020 - 03:46:43: [SM] Call stack trace:
L 08/09/2020 - 03:46:43: [SM]   [0] PrintToConsole
L 08/09/2020 - 03:46:43: [SM]   [1] Line 75, /home/forums/content/files/7/2/34150.attach::cheatcommand
L 08/09/2020 - 18:16:28: Error log file session closed.
L 08/09/2020 - 18:16:28: SourceMod error session started
L 08/09/2020 - 18:16:28: Info (map "cp_foundry") (file "/hlserver/tf2/tf/addons/sourcemod/logs/errors_20200809.log")
L 08/09/2020 - 18:16:28: [SM] Fatal error encountered parsing translation file "spraytracenomenu.phrases.txt"
L 08/09/2020 - 18:16:28: [SM] Error (line 0, column 0): Stream failed to open
L 08/09/2020 - 18:20:30: Error log file session closed.
L 08/09/2020 - 18:20:30: SourceMod error session started
L 08/09/2020 - 18:20:30: Info (map "plr_nightfall_final") (file "/hlserver/tf2/tf/addons/sourcemod/logs/errors_20200809.log")
L 08/09/2020 - 18:20:30: [SM] Fatal error encountered parsing translation file "spraytracenomenu.phrases.txt"
L 08/09/2020 - 18:20:30: [SM] Error (line 0, column 0): Stream failed to open
L 08/10/2020 - 18:45:17: Error log file session closed.
