L 05/27/2021 - 00:47:59: SourceMod error session started
L 05/27/2021 - 00:47:59: Info (map "plr_hightower") (file "/hlserver/tf2/tf/addons/sourcemod/logs/errors_20210527.log")
L 05/27/2021 - 00:47:59: [SM] Exception reported: String formatted incorrectly - parameter 4 (total 3)
L 05/27/2021 - 00:47:59: [SM] Blaming: admincheats.smx
L 05/27/2021 - 00:47:59: [SM] Call stack trace:
L 05/27/2021 - 00:47:59: [SM]   [0] PrintToConsole
L 05/27/2021 - 00:47:59: [SM]   [1] Line 75, /home/forums/content/files/7/2/34150.attach::cheatcommand
L 05/27/2021 - 00:55:02: Error log file session closed.
L 05/27/2021 - 01:04:38: SourceMod error session started
L 05/27/2021 - 01:04:38: Info (map "pl_borneo") (file "/hlserver/tf2/tf/addons/sourcemod/logs/errors_20210527.log")
L 05/27/2021 - 01:04:38: [SM] Exception reported: String formatted incorrectly - parameter 4 (total 3)
L 05/27/2021 - 01:04:38: [SM] Blaming: admincheats.smx
L 05/27/2021 - 01:04:38: [SM] Call stack trace:
L 05/27/2021 - 01:04:38: [SM]   [0] PrintToConsole
L 05/27/2021 - 01:04:38: [SM]   [1] Line 75, /home/forums/content/files/7/2/34150.attach::cheatcommand
L 05/27/2021 - 01:04:39: [SM] Exception reported: String formatted incorrectly - parameter 4 (total 3)
L 05/27/2021 - 01:04:39: [SM] Blaming: admincheats.smx
L 05/27/2021 - 01:04:39: [SM] Call stack trace:
L 05/27/2021 - 01:04:39: [SM]   [0] PrintToConsole
L 05/27/2021 - 01:04:39: [SM]   [1] Line 75, /home/forums/content/files/7/2/34150.attach::cheatcommand
L 05/27/2021 - 01:04:39: [SM] Exception reported: String formatted incorrectly - parameter 4 (total 3)
L 05/27/2021 - 01:04:39: [SM] Blaming: admincheats.smx
L 05/27/2021 - 01:04:39: [SM] Call stack trace:
L 05/27/2021 - 01:04:39: [SM]   [0] PrintToConsole
L 05/27/2021 - 01:04:39: [SM]   [1] Line 75, /home/forums/content/files/7/2/34150.attach::cheatcommand
L 05/27/2021 - 01:04:40: [SM] Exception reported: String formatted incorrectly - parameter 4 (total 3)
L 05/27/2021 - 01:04:40: [SM] Blaming: admincheats.smx
L 05/27/2021 - 01:04:40: [SM] Call stack trace:
L 05/27/2021 - 01:04:40: [SM]   [0] PrintToConsole
L 05/27/2021 - 01:04:40: [SM]   [1] Line 75, /home/forums/content/files/7/2/34150.attach::cheatcommand
L 05/27/2021 - 01:04:40: [SM] Exception reported: String formatted incorrectly - parameter 4 (total 3)
L 05/27/2021 - 01:04:40: [SM] Blaming: admincheats.smx
L 05/27/2021 - 01:04:40: [SM] Call stack trace:
L 05/27/2021 - 01:04:40: [SM]   [0] PrintToConsole
L 05/27/2021 - 01:04:40: [SM]   [1] Line 75, /home/forums/content/files/7/2/34150.attach::cheatcommand
L 05/27/2021 - 01:04:41: [SM] Exception reported: String formatted incorrectly - parameter 4 (total 3)
L 05/27/2021 - 01:04:41: [SM] Blaming: admincheats.smx
L 05/27/2021 - 01:04:41: [SM] Call stack trace:
L 05/27/2021 - 01:04:41: [SM]   [0] PrintToConsole
L 05/27/2021 - 01:04:41: [SM]   [1] Line 75, /home/forums/content/files/7/2/34150.attach::cheatcommand
L 05/27/2021 - 01:04:41: [SM] Exception reported: String formatted incorrectly - parameter 4 (total 3)
L 05/27/2021 - 01:04:41: [SM] Blaming: admincheats.smx
L 05/27/2021 - 01:04:41: [SM] Call stack trace:
L 05/27/2021 - 01:04:41: [SM]   [0] PrintToConsole
L 05/27/2021 - 01:04:41: [SM]   [1] Line 75, /home/forums/content/files/7/2/34150.attach::cheatcommand
L 05/27/2021 - 01:04:41: [SM] Exception reported: String formatted incorrectly - parameter 4 (total 3)
L 05/27/2021 - 01:04:41: [SM] Blaming: admincheats.smx
L 05/27/2021 - 01:04:41: [SM] Call stack trace:
L 05/27/2021 - 01:04:41: [SM]   [0] PrintToConsole
L 05/27/2021 - 01:04:41: [SM]   [1] Line 75, /home/forums/content/files/7/2/34150.attach::cheatcommand
L 05/27/2021 - 01:04:41: [SM] Exception reported: String formatted incorrectly - parameter 4 (total 3)
L 05/27/2021 - 01:04:41: [SM] Blaming: admincheats.smx
L 05/27/2021 - 01:04:41: [SM] Call stack trace:
L 05/27/2021 - 01:04:41: [SM]   [0] PrintToConsole
L 05/27/2021 - 01:04:41: [SM]   [1] Line 75, /home/forums/content/files/7/2/34150.attach::cheatcommand
L 05/27/2021 - 01:04:41: [SM] Exception reported: String formatted incorrectly - parameter 4 (total 3)
L 05/27/2021 - 01:04:41: [SM] Blaming: admincheats.smx
L 05/27/2021 - 01:04:41: [SM] Call stack trace:
L 05/27/2021 - 01:04:41: [SM]   [0] PrintToConsole
L 05/27/2021 - 01:04:41: [SM]   [1] Line 75, /home/forums/content/files/7/2/34150.attach::cheatcommand
L 05/27/2021 - 01:04:41: [SM] Exception reported: String formatted incorrectly - parameter 4 (total 3)
L 05/27/2021 - 01:04:41: [SM] Blaming: admincheats.smx
L 05/27/2021 - 01:04:41: [SM] Call stack trace:
L 05/27/2021 - 01:04:41: [SM]   [0] PrintToConsole
L 05/27/2021 - 01:04:41: [SM]   [1] Line 75, /home/forums/content/files/7/2/34150.attach::cheatcommand
L 05/27/2021 - 01:04:41: [SM] Exception reported: String formatted incorrectly - parameter 4 (total 3)
L 05/27/2021 - 01:04:41: [SM] Blaming: admincheats.smx
L 05/27/2021 - 01:04:41: [SM] Call stack trace:
L 05/27/2021 - 01:04:41: [SM]   [0] PrintToConsole
L 05/27/2021 - 01:04:41: [SM]   [1] Line 75, /home/forums/content/files/7/2/34150.attach::cheatcommand
L 05/27/2021 - 01:04:48: [SM] Exception reported: String formatted incorrectly - parameter 4 (total 3)
L 05/27/2021 - 01:04:48: [SM] Blaming: admincheats.smx
L 05/27/2021 - 01:04:48: [SM] Call stack trace:
L 05/27/2021 - 01:04:48: [SM]   [0] PrintToConsole
L 05/27/2021 - 01:04:48: [SM]   [1] Line 75, /home/forums/content/files/7/2/34150.attach::cheatcommand
L 05/27/2021 - 01:04:48: [SM] Exception reported: String formatted incorrectly - parameter 4 (total 3)
L 05/27/2021 - 01:04:48: [SM] Blaming: admincheats.smx
L 05/27/2021 - 01:04:48: [SM] Call stack trace:
L 05/27/2021 - 01:04:48: [SM]   [0] PrintToConsole
L 05/27/2021 - 01:04:48: [SM]   [1] Line 75, /home/forums/content/files/7/2/34150.attach::cheatcommand
L 05/27/2021 - 01:04:48: [SM] Exception reported: String formatted incorrectly - parameter 4 (total 3)
L 05/27/2021 - 01:04:48: [SM] Blaming: admincheats.smx
L 05/27/2021 - 01:04:48: [SM] Call stack trace:
L 05/27/2021 - 01:04:48: [SM]   [0] PrintToConsole
L 05/27/2021 - 01:04:48: [SM]   [1] Line 75, /home/forums/content/files/7/2/34150.attach::cheatcommand
L 05/27/2021 - 01:04:49: [SM] Exception reported: String formatted incorrectly - parameter 4 (total 3)
L 05/27/2021 - 01:04:49: [SM] Blaming: admincheats.smx
L 05/27/2021 - 01:04:49: [SM] Call stack trace:
L 05/27/2021 - 01:04:49: [SM]   [0] PrintToConsole
L 05/27/2021 - 01:04:49: [SM]   [1] Line 75, /home/forums/content/files/7/2/34150.attach::cheatcommand
L 05/27/2021 - 01:04:49: [SM] Exception reported: String formatted incorrectly - parameter 4 (total 3)
L 05/27/2021 - 01:04:49: [SM] Blaming: admincheats.smx
L 05/27/2021 - 01:04:49: [SM] Call stack trace:
L 05/27/2021 - 01:04:49: [SM]   [0] PrintToConsole
L 05/27/2021 - 01:04:49: [SM]   [1] Line 75, /home/forums/content/files/7/2/34150.attach::cheatcommand
L 05/27/2021 - 01:04:49: [SM] Exception reported: String formatted incorrectly - parameter 4 (total 3)
L 05/27/2021 - 01:04:49: [SM] Blaming: admincheats.smx
L 05/27/2021 - 01:04:49: [SM] Call stack trace:
L 05/27/2021 - 01:04:49: [SM]   [0] PrintToConsole
L 05/27/2021 - 01:04:49: [SM]   [1] Line 75, /home/forums/content/files/7/2/34150.attach::cheatcommand
L 05/27/2021 - 01:04:49: [SM] Exception reported: String formatted incorrectly - parameter 4 (total 3)
L 05/27/2021 - 01:04:49: [SM] Blaming: admincheats.smx
L 05/27/2021 - 01:04:49: [SM] Call stack trace:
L 05/27/2021 - 01:04:49: [SM]   [0] PrintToConsole
L 05/27/2021 - 01:04:49: [SM]   [1] Line 75, /home/forums/content/files/7/2/34150.attach::cheatcommand
L 05/27/2021 - 01:04:49: [SM] Exception reported: String formatted incorrectly - parameter 4 (total 3)
L 05/27/2021 - 01:04:49: [SM] Blaming: admincheats.smx
L 05/27/2021 - 01:04:49: [SM] Call stack trace:
L 05/27/2021 - 01:04:49: [SM]   [0] PrintToConsole
L 05/27/2021 - 01:04:49: [SM]   [1] Line 75, /home/forums/content/files/7/2/34150.attach::cheatcommand
L 05/27/2021 - 01:04:50: [SM] Exception reported: String formatted incorrectly - parameter 4 (total 3)
L 05/27/2021 - 01:04:50: [SM] Blaming: admincheats.smx
L 05/27/2021 - 01:04:50: [SM] Call stack trace:
L 05/27/2021 - 01:04:50: [SM]   [0] PrintToConsole
L 05/27/2021 - 01:04:50: [SM]   [1] Line 75, /home/forums/content/files/7/2/34150.attach::cheatcommand
L 05/27/2021 - 01:04:50: [SM] Exception reported: String formatted incorrectly - parameter 4 (total 3)
L 05/27/2021 - 01:04:50: [SM] Blaming: admincheats.smx
L 05/27/2021 - 01:04:50: [SM] Call stack trace:
L 05/27/2021 - 01:04:50: [SM]   [0] PrintToConsole
L 05/27/2021 - 01:04:50: [SM]   [1] Line 75, /home/forums/content/files/7/2/34150.attach::cheatcommand
L 05/27/2021 - 01:04:50: [SM] Exception reported: String formatted incorrectly - parameter 4 (total 3)
L 05/27/2021 - 01:04:50: [SM] Blaming: admincheats.smx
L 05/27/2021 - 01:04:50: [SM] Call stack trace:
L 05/27/2021 - 01:04:50: [SM]   [0] PrintToConsole
L 05/27/2021 - 01:04:50: [SM]   [1] Line 75, /home/forums/content/files/7/2/34150.attach::cheatcommand
L 05/27/2021 - 01:04:50: [SM] Exception reported: String formatted incorrectly - parameter 4 (total 3)
L 05/27/2021 - 01:04:50: [SM] Blaming: admincheats.smx
L 05/27/2021 - 01:04:50: [SM] Call stack trace:
L 05/27/2021 - 01:04:50: [SM]   [0] PrintToConsole
L 05/27/2021 - 01:04:50: [SM]   [1] Line 75, /home/forums/content/files/7/2/34150.attach::cheatcommand
L 05/27/2021 - 01:04:50: [SM] Exception reported: String formatted incorrectly - parameter 4 (total 3)
L 05/27/2021 - 01:04:50: [SM] Blaming: admincheats.smx
L 05/27/2021 - 01:04:50: [SM] Call stack trace:
L 05/27/2021 - 01:04:50: [SM]   [0] PrintToConsole
L 05/27/2021 - 01:04:50: [SM]   [1] Line 75, /home/forums/content/files/7/2/34150.attach::cheatcommand
L 05/27/2021 - 01:05:18: [SM] Exception reported: String formatted incorrectly - parameter 4 (total 3)
L 05/27/2021 - 01:05:18: [SM] Blaming: admincheats.smx
L 05/27/2021 - 01:05:18: [SM] Call stack trace:
L 05/27/2021 - 01:05:18: [SM]   [0] PrintToConsole
L 05/27/2021 - 01:05:18: [SM]   [1] Line 75, /home/forums/content/files/7/2/34150.attach::cheatcommand
L 05/27/2021 - 01:05:18: [SM] Exception reported: String formatted incorrectly - parameter 4 (total 3)
L 05/27/2021 - 01:05:18: [SM] Blaming: admincheats.smx
L 05/27/2021 - 01:05:18: [SM] Call stack trace:
L 05/27/2021 - 01:05:18: [SM]   [0] PrintToConsole
L 05/27/2021 - 01:05:18: [SM]   [1] Line 75, /home/forums/content/files/7/2/34150.attach::cheatcommand
L 05/27/2021 - 01:05:19: [SM] Exception reported: String formatted incorrectly - parameter 4 (total 3)
L 05/27/2021 - 01:05:19: [SM] Blaming: admincheats.smx
L 05/27/2021 - 01:05:19: [SM] Call stack trace:
L 05/27/2021 - 01:05:19: [SM]   [0] PrintToConsole
L 05/27/2021 - 01:05:19: [SM]   [1] Line 75, /home/forums/content/files/7/2/34150.attach::cheatcommand
L 05/27/2021 - 01:05:19: [SM] Exception reported: String formatted incorrectly - parameter 4 (total 3)
L 05/27/2021 - 01:05:19: [SM] Blaming: admincheats.smx
L 05/27/2021 - 01:05:19: [SM] Call stack trace:
L 05/27/2021 - 01:05:19: [SM]   [0] PrintToConsole
L 05/27/2021 - 01:05:19: [SM]   [1] Line 75, /home/forums/content/files/7/2/34150.attach::cheatcommand
L 05/27/2021 - 01:05:19: [SM] Exception reported: String formatted incorrectly - parameter 4 (total 3)
L 05/27/2021 - 01:05:19: [SM] Blaming: admincheats.smx
L 05/27/2021 - 01:05:19: [SM] Call stack trace:
L 05/27/2021 - 01:05:19: [SM]   [0] PrintToConsole
L 05/27/2021 - 01:05:19: [SM]   [1] Line 75, /home/forums/content/files/7/2/34150.attach::cheatcommand
L 05/27/2021 - 01:05:19: [SM] Exception reported: String formatted incorrectly - parameter 4 (total 3)
L 05/27/2021 - 01:05:19: [SM] Blaming: admincheats.smx
L 05/27/2021 - 01:05:19: [SM] Call stack trace:
L 05/27/2021 - 01:05:19: [SM]   [0] PrintToConsole
L 05/27/2021 - 01:05:19: [SM]   [1] Line 75, /home/forums/content/files/7/2/34150.attach::cheatcommand
L 05/27/2021 - 01:05:19: [SM] Exception reported: String formatted incorrectly - parameter 4 (total 3)
L 05/27/2021 - 01:05:19: [SM] Blaming: admincheats.smx
L 05/27/2021 - 01:05:19: [SM] Call stack trace:
L 05/27/2021 - 01:05:19: [SM]   [0] PrintToConsole
L 05/27/2021 - 01:05:19: [SM]   [1] Line 75, /home/forums/content/files/7/2/34150.attach::cheatcommand
L 05/27/2021 - 01:05:20: [SM] Exception reported: String formatted incorrectly - parameter 4 (total 3)
L 05/27/2021 - 01:05:20: [SM] Blaming: admincheats.smx
L 05/27/2021 - 01:05:20: [SM] Call stack trace:
L 05/27/2021 - 01:05:20: [SM]   [0] PrintToConsole
L 05/27/2021 - 01:05:20: [SM]   [1] Line 75, /home/forums/content/files/7/2/34150.attach::cheatcommand
L 05/27/2021 - 01:05:20: [SM] Exception reported: String formatted incorrectly - parameter 4 (total 3)
L 05/27/2021 - 01:05:20: [SM] Blaming: admincheats.smx
L 05/27/2021 - 01:05:20: [SM] Call stack trace:
L 05/27/2021 - 01:05:20: [SM]   [0] PrintToConsole
L 05/27/2021 - 01:05:20: [SM]   [1] Line 75, /home/forums/content/files/7/2/34150.attach::cheatcommand
L 05/27/2021 - 01:05:20: [SM] Exception reported: String formatted incorrectly - parameter 4 (total 3)
L 05/27/2021 - 01:05:20: [SM] Blaming: admincheats.smx
L 05/27/2021 - 01:05:20: [SM] Call stack trace:
L 05/27/2021 - 01:05:20: [SM]   [0] PrintToConsole
L 05/27/2021 - 01:05:20: [SM]   [1] Line 75, /home/forums/content/files/7/2/34150.attach::cheatcommand
L 05/27/2021 - 01:05:20: [SM] Exception reported: String formatted incorrectly - parameter 4 (total 3)
L 05/27/2021 - 01:05:20: [SM] Blaming: admincheats.smx
L 05/27/2021 - 01:05:20: [SM] Call stack trace:
L 05/27/2021 - 01:05:20: [SM]   [0] PrintToConsole
L 05/27/2021 - 01:05:20: [SM]   [1] Line 75, /home/forums/content/files/7/2/34150.attach::cheatcommand
L 05/27/2021 - 01:05:20: [SM] Exception reported: String formatted incorrectly - parameter 4 (total 3)
L 05/27/2021 - 01:05:20: [SM] Blaming: admincheats.smx
L 05/27/2021 - 01:05:20: [SM] Call stack trace:
L 05/27/2021 - 01:05:20: [SM]   [0] PrintToConsole
L 05/27/2021 - 01:05:20: [SM]   [1] Line 75, /home/forums/content/files/7/2/34150.attach::cheatcommand
L 05/27/2021 - 01:05:21: [SM] Exception reported: String formatted incorrectly - parameter 4 (total 3)
L 05/27/2021 - 01:05:21: [SM] Blaming: admincheats.smx
L 05/27/2021 - 01:05:21: [SM] Call stack trace:
L 05/27/2021 - 01:05:21: [SM]   [0] PrintToConsole
L 05/27/2021 - 01:05:21: [SM]   [1] Line 75, /home/forums/content/files/7/2/34150.attach::cheatcommand
L 05/27/2021 - 01:05:21: [SM] Exception reported: String formatted incorrectly - parameter 4 (total 3)
L 05/27/2021 - 01:05:21: [SM] Blaming: admincheats.smx
L 05/27/2021 - 01:05:21: [SM] Call stack trace:
L 05/27/2021 - 01:05:21: [SM]   [0] PrintToConsole
L 05/27/2021 - 01:05:21: [SM]   [1] Line 75, /home/forums/content/files/7/2/34150.attach::cheatcommand
L 05/27/2021 - 01:05:21: [SM] Exception reported: String formatted incorrectly - parameter 4 (total 3)
L 05/27/2021 - 01:05:21: [SM] Blaming: admincheats.smx
L 05/27/2021 - 01:05:21: [SM] Call stack trace:
L 05/27/2021 - 01:05:21: [SM]   [0] PrintToConsole
L 05/27/2021 - 01:05:21: [SM]   [1] Line 75, /home/forums/content/files/7/2/34150.attach::cheatcommand
L 05/27/2021 - 01:05:21: [SM] Exception reported: String formatted incorrectly - parameter 4 (total 3)
L 05/27/2021 - 01:05:21: [SM] Blaming: admincheats.smx
L 05/27/2021 - 01:05:21: [SM] Call stack trace:
L 05/27/2021 - 01:05:21: [SM]   [0] PrintToConsole
L 05/27/2021 - 01:05:21: [SM]   [1] Line 75, /home/forums/content/files/7/2/34150.attach::cheatcommand
L 05/27/2021 - 01:05:21: [SM] Exception reported: String formatted incorrectly - parameter 4 (total 3)
L 05/27/2021 - 01:05:21: [SM] Blaming: admincheats.smx
L 05/27/2021 - 01:05:21: [SM] Call stack trace:
L 05/27/2021 - 01:05:21: [SM]   [0] PrintToConsole
L 05/27/2021 - 01:05:21: [SM]   [1] Line 75, /home/forums/content/files/7/2/34150.attach::cheatcommand
L 05/27/2021 - 01:05:22: [SM] Exception reported: String formatted incorrectly - parameter 4 (total 3)
L 05/27/2021 - 01:05:22: [SM] Blaming: admincheats.smx
L 05/27/2021 - 01:05:22: [SM] Call stack trace:
L 05/27/2021 - 01:05:22: [SM]   [0] PrintToConsole
L 05/27/2021 - 01:05:22: [SM]   [1] Line 75, /home/forums/content/files/7/2/34150.attach::cheatcommand
L 05/27/2021 - 01:05:22: [SM] Exception reported: String formatted incorrectly - parameter 4 (total 3)
L 05/27/2021 - 01:05:22: [SM] Blaming: admincheats.smx
L 05/27/2021 - 01:05:22: [SM] Call stack trace:
L 05/27/2021 - 01:05:22: [SM]   [0] PrintToConsole
L 05/27/2021 - 01:05:22: [SM]   [1] Line 75, /home/forums/content/files/7/2/34150.attach::cheatcommand
L 05/27/2021 - 01:05:22: [SM] Exception reported: String formatted incorrectly - parameter 4 (total 3)
L 05/27/2021 - 01:05:22: [SM] Blaming: admincheats.smx
L 05/27/2021 - 01:05:22: [SM] Call stack trace:
L 05/27/2021 - 01:05:22: [SM]   [0] PrintToConsole
L 05/27/2021 - 01:05:22: [SM]   [1] Line 75, /home/forums/content/files/7/2/34150.attach::cheatcommand
L 05/27/2021 - 01:05:22: [SM] Exception reported: String formatted incorrectly - parameter 4 (total 3)
L 05/27/2021 - 01:05:22: [SM] Blaming: admincheats.smx
L 05/27/2021 - 01:05:22: [SM] Call stack trace:
L 05/27/2021 - 01:05:22: [SM]   [0] PrintToConsole
L 05/27/2021 - 01:05:22: [SM]   [1] Line 75, /home/forums/content/files/7/2/34150.attach::cheatcommand
L 05/27/2021 - 01:05:39: [SM] Exception reported: String formatted incorrectly - parameter 4 (total 3)
L 05/27/2021 - 01:05:39: [SM] Blaming: admincheats.smx
L 05/27/2021 - 01:05:39: [SM] Call stack trace:
L 05/27/2021 - 01:05:39: [SM]   [0] PrintToConsole
L 05/27/2021 - 01:05:39: [SM]   [1] Line 75, /home/forums/content/files/7/2/34150.attach::cheatcommand
L 05/27/2021 - 01:08:05: Error log file session closed.
L 05/27/2021 - 01:36:49: SourceMod error session started
L 05/27/2021 - 01:36:49: Info (map "koth_lakeside_event") (file "/hlserver/tf2/tf/addons/sourcemod/logs/errors_20210527.log")
L 05/27/2021 - 01:36:49: [SM] Exception reported: String formatted incorrectly - parameter 4 (total 3)
L 05/27/2021 - 01:36:49: [SM] Blaming: admincheats.smx
L 05/27/2021 - 01:36:49: [SM] Call stack trace:
L 05/27/2021 - 01:36:49: [SM]   [0] PrintToConsole
L 05/27/2021 - 01:36:49: [SM]   [1] Line 75, /home/forums/content/files/7/2/34150.attach::cheatcommand
L 05/27/2021 - 01:36:49: [SM] Exception reported: String formatted incorrectly - parameter 4 (total 3)
L 05/27/2021 - 01:36:49: [SM] Blaming: admincheats.smx
L 05/27/2021 - 01:36:49: [SM] Call stack trace:
L 05/27/2021 - 01:36:49: [SM]   [0] PrintToConsole
L 05/27/2021 - 01:36:49: [SM]   [1] Line 75, /home/forums/content/files/7/2/34150.attach::cheatcommand
L 05/27/2021 - 01:36:49: [SM] Exception reported: String formatted incorrectly - parameter 4 (total 3)
L 05/27/2021 - 01:36:49: [SM] Blaming: admincheats.smx
L 05/27/2021 - 01:36:49: [SM] Call stack trace:
L 05/27/2021 - 01:36:49: [SM]   [0] PrintToConsole
L 05/27/2021 - 01:36:49: [SM]   [1] Line 75, /home/forums/content/files/7/2/34150.attach::cheatcommand
L 05/27/2021 - 01:36:50: [SM] Exception reported: String formatted incorrectly - parameter 4 (total 3)
L 05/27/2021 - 01:36:50: [SM] Blaming: admincheats.smx
L 05/27/2021 - 01:36:50: [SM] Call stack trace:
L 05/27/2021 - 01:36:50: [SM]   [0] PrintToConsole
L 05/27/2021 - 01:36:50: [SM]   [1] Line 75, /home/forums/content/files/7/2/34150.attach::cheatcommand
L 05/27/2021 - 01:36:50: [SM] Exception reported: String formatted incorrectly - parameter 4 (total 3)
L 05/27/2021 - 01:36:50: [SM] Blaming: admincheats.smx
L 05/27/2021 - 01:36:50: [SM] Call stack trace:
L 05/27/2021 - 01:36:50: [SM]   [0] PrintToConsole
L 05/27/2021 - 01:36:50: [SM]   [1] Line 75, /home/forums/content/files/7/2/34150.attach::cheatcommand
L 05/27/2021 - 01:36:50: [SM] Exception reported: String formatted incorrectly - parameter 4 (total 3)
L 05/27/2021 - 01:36:50: [SM] Blaming: admincheats.smx
L 05/27/2021 - 01:36:50: [SM] Call stack trace:
L 05/27/2021 - 01:36:50: [SM]   [0] PrintToConsole
L 05/27/2021 - 01:36:50: [SM]   [1] Line 75, /home/forums/content/files/7/2/34150.attach::cheatcommand
L 05/27/2021 - 01:36:51: [SM] Exception reported: String formatted incorrectly - parameter 4 (total 3)
L 05/27/2021 - 01:36:51: [SM] Blaming: admincheats.smx
L 05/27/2021 - 01:36:51: [SM] Call stack trace:
L 05/27/2021 - 01:36:51: [SM]   [0] PrintToConsole
L 05/27/2021 - 01:36:51: [SM]   [1] Line 75, /home/forums/content/files/7/2/34150.attach::cheatcommand
L 05/27/2021 - 01:36:51: [SM] Exception reported: String formatted incorrectly - parameter 4 (total 3)
L 05/27/2021 - 01:36:51: [SM] Blaming: admincheats.smx
L 05/27/2021 - 01:36:51: [SM] Call stack trace:
L 05/27/2021 - 01:36:51: [SM]   [0] PrintToConsole
L 05/27/2021 - 01:36:51: [SM]   [1] Line 75, /home/forums/content/files/7/2/34150.attach::cheatcommand
L 05/27/2021 - 01:36:51: [SM] Exception reported: String formatted incorrectly - parameter 4 (total 3)
L 05/27/2021 - 01:36:51: [SM] Blaming: admincheats.smx
L 05/27/2021 - 01:36:51: [SM] Call stack trace:
L 05/27/2021 - 01:36:51: [SM]   [0] PrintToConsole
L 05/27/2021 - 01:36:51: [SM]   [1] Line 75, /home/forums/content/files/7/2/34150.attach::cheatcommand
L 05/27/2021 - 01:36:51: [SM] Exception reported: String formatted incorrectly - parameter 4 (total 3)
L 05/27/2021 - 01:36:51: [SM] Blaming: admincheats.smx
L 05/27/2021 - 01:36:51: [SM] Call stack trace:
L 05/27/2021 - 01:36:51: [SM]   [0] PrintToConsole
L 05/27/2021 - 01:36:51: [SM]   [1] Line 75, /home/forums/content/files/7/2/34150.attach::cheatcommand
L 05/27/2021 - 01:36:51: [SM] Exception reported: String formatted incorrectly - parameter 4 (total 3)
L 05/27/2021 - 01:36:51: [SM] Blaming: admincheats.smx
L 05/27/2021 - 01:36:51: [SM] Call stack trace:
L 05/27/2021 - 01:36:51: [SM]   [0] PrintToConsole
L 05/27/2021 - 01:36:51: [SM]   [1] Line 75, /home/forums/content/files/7/2/34150.attach::cheatcommand
L 05/27/2021 - 01:36:51: [SM] Exception reported: String formatted incorrectly - parameter 4 (total 3)
L 05/27/2021 - 01:36:51: [SM] Blaming: admincheats.smx
L 05/27/2021 - 01:36:51: [SM] Call stack trace:
L 05/27/2021 - 01:36:51: [SM]   [0] PrintToConsole
L 05/27/2021 - 01:36:51: [SM]   [1] Line 75, /home/forums/content/files/7/2/34150.attach::cheatcommand
L 05/27/2021 - 01:36:52: [SM] Exception reported: String formatted incorrectly - parameter 4 (total 3)
L 05/27/2021 - 01:36:52: [SM] Blaming: admincheats.smx
L 05/27/2021 - 01:36:52: [SM] Call stack trace:
L 05/27/2021 - 01:36:52: [SM]   [0] PrintToConsole
L 05/27/2021 - 01:36:52: [SM]   [1] Line 75, /home/forums/content/files/7/2/34150.attach::cheatcommand
L 05/27/2021 - 01:36:52: [SM] Exception reported: String formatted incorrectly - parameter 4 (total 3)
L 05/27/2021 - 01:36:52: [SM] Blaming: admincheats.smx
L 05/27/2021 - 01:36:52: [SM] Call stack trace:
L 05/27/2021 - 01:36:52: [SM]   [0] PrintToConsole
L 05/27/2021 - 01:36:52: [SM]   [1] Line 75, /home/forums/content/files/7/2/34150.attach::cheatcommand
L 05/27/2021 - 01:36:52: [SM] Exception reported: String formatted incorrectly - parameter 4 (total 3)
L 05/27/2021 - 01:36:52: [SM] Blaming: admincheats.smx
L 05/27/2021 - 01:36:52: [SM] Call stack trace:
L 05/27/2021 - 01:36:52: [SM]   [0] PrintToConsole
L 05/27/2021 - 01:36:52: [SM]   [1] Line 75, /home/forums/content/files/7/2/34150.attach::cheatcommand
L 05/27/2021 - 01:36:52: [SM] Exception reported: String formatted incorrectly - parameter 4 (total 3)
L 05/27/2021 - 01:36:52: [SM] Blaming: admincheats.smx
L 05/27/2021 - 01:36:52: [SM] Call stack trace:
L 05/27/2021 - 01:36:52: [SM]   [0] PrintToConsole
L 05/27/2021 - 01:36:52: [SM]   [1] Line 75, /home/forums/content/files/7/2/34150.attach::cheatcommand
L 05/27/2021 - 01:36:52: [SM] Exception reported: String formatted incorrectly - parameter 4 (total 3)
L 05/27/2021 - 01:36:52: [SM] Blaming: admincheats.smx
L 05/27/2021 - 01:36:52: [SM] Call stack trace:
L 05/27/2021 - 01:36:52: [SM]   [0] PrintToConsole
L 05/27/2021 - 01:36:52: [SM]   [1] Line 75, /home/forums/content/files/7/2/34150.attach::cheatcommand
L 05/27/2021 - 01:36:52: [SM] Exception reported: String formatted incorrectly - parameter 4 (total 3)
L 05/27/2021 - 01:36:52: [SM] Blaming: admincheats.smx
L 05/27/2021 - 01:36:52: [SM] Call stack trace:
L 05/27/2021 - 01:36:52: [SM]   [0] PrintToConsole
L 05/27/2021 - 01:36:52: [SM]   [1] Line 75, /home/forums/content/files/7/2/34150.attach::cheatcommand
L 05/27/2021 - 01:36:53: [SM] Exception reported: String formatted incorrectly - parameter 4 (total 3)
L 05/27/2021 - 01:36:53: [SM] Blaming: admincheats.smx
L 05/27/2021 - 01:36:53: [SM] Call stack trace:
L 05/27/2021 - 01:36:53: [SM]   [0] PrintToConsole
L 05/27/2021 - 01:36:53: [SM]   [1] Line 75, /home/forums/content/files/7/2/34150.attach::cheatcommand
L 05/27/2021 - 01:36:53: [SM] Exception reported: String formatted incorrectly - parameter 4 (total 3)
L 05/27/2021 - 01:36:53: [SM] Blaming: admincheats.smx
L 05/27/2021 - 01:36:53: [SM] Call stack trace:
L 05/27/2021 - 01:36:53: [SM]   [0] PrintToConsole
L 05/27/2021 - 01:36:53: [SM]   [1] Line 75, /home/forums/content/files/7/2/34150.attach::cheatcommand
L 05/27/2021 - 01:36:53: [SM] Exception reported: String formatted incorrectly - parameter 4 (total 3)
L 05/27/2021 - 01:36:53: [SM] Blaming: admincheats.smx
L 05/27/2021 - 01:36:53: [SM] Call stack trace:
L 05/27/2021 - 01:36:53: [SM]   [0] PrintToConsole
L 05/27/2021 - 01:36:53: [SM]   [1] Line 75, /home/forums/content/files/7/2/34150.attach::cheatcommand
L 05/27/2021 - 01:36:53: [SM] Exception reported: String formatted incorrectly - parameter 4 (total 3)
L 05/27/2021 - 01:36:53: [SM] Blaming: admincheats.smx
L 05/27/2021 - 01:36:53: [SM] Call stack trace:
L 05/27/2021 - 01:36:53: [SM]   [0] PrintToConsole
L 05/27/2021 - 01:36:53: [SM]   [1] Line 75, /home/forums/content/files/7/2/34150.attach::cheatcommand
L 05/27/2021 - 01:36:53: [SM] Exception reported: String formatted incorrectly - parameter 4 (total 3)
L 05/27/2021 - 01:36:53: [SM] Blaming: admincheats.smx
L 05/27/2021 - 01:36:53: [SM] Call stack trace:
L 05/27/2021 - 01:36:53: [SM]   [0] PrintToConsole
L 05/27/2021 - 01:36:53: [SM]   [1] Line 75, /home/forums/content/files/7/2/34150.attach::cheatcommand
L 05/27/2021 - 01:36:54: [SM] Exception reported: String formatted incorrectly - parameter 4 (total 3)
L 05/27/2021 - 01:36:54: [SM] Blaming: admincheats.smx
L 05/27/2021 - 01:36:54: [SM] Call stack trace:
L 05/27/2021 - 01:36:54: [SM]   [0] PrintToConsole
L 05/27/2021 - 01:36:54: [SM]   [1] Line 75, /home/forums/content/files/7/2/34150.attach::cheatcommand
L 05/27/2021 - 01:36:54: [SM] Exception reported: String formatted incorrectly - parameter 4 (total 3)
L 05/27/2021 - 01:36:54: [SM] Blaming: admincheats.smx
L 05/27/2021 - 01:36:54: [SM] Call stack trace:
L 05/27/2021 - 01:36:54: [SM]   [0] PrintToConsole
L 05/27/2021 - 01:36:54: [SM]   [1] Line 75, /home/forums/content/files/7/2/34150.attach::cheatcommand
L 05/27/2021 - 01:36:54: [SM] Exception reported: String formatted incorrectly - parameter 4 (total 3)
L 05/27/2021 - 01:36:54: [SM] Blaming: admincheats.smx
L 05/27/2021 - 01:36:54: [SM] Call stack trace:
L 05/27/2021 - 01:36:54: [SM]   [0] PrintToConsole
L 05/27/2021 - 01:36:54: [SM]   [1] Line 75, /home/forums/content/files/7/2/34150.attach::cheatcommand
L 05/27/2021 - 01:36:54: [SM] Exception reported: String formatted incorrectly - parameter 4 (total 3)
L 05/27/2021 - 01:36:54: [SM] Blaming: admincheats.smx
L 05/27/2021 - 01:36:54: [SM] Call stack trace:
L 05/27/2021 - 01:36:54: [SM]   [0] PrintToConsole
L 05/27/2021 - 01:36:54: [SM]   [1] Line 75, /home/forums/content/files/7/2/34150.attach::cheatcommand
L 05/27/2021 - 01:36:55: [SM] Exception reported: String formatted incorrectly - parameter 4 (total 3)
L 05/27/2021 - 01:36:55: [SM] Blaming: admincheats.smx
L 05/27/2021 - 01:36:55: [SM] Call stack trace:
L 05/27/2021 - 01:36:55: [SM]   [0] PrintToConsole
L 05/27/2021 - 01:36:55: [SM]   [1] Line 75, /home/forums/content/files/7/2/34150.attach::cheatcommand
L 05/27/2021 - 01:36:55: [SM] Exception reported: String formatted incorrectly - parameter 4 (total 3)
L 05/27/2021 - 01:36:55: [SM] Blaming: admincheats.smx
L 05/27/2021 - 01:36:55: [SM] Call stack trace:
L 05/27/2021 - 01:36:55: [SM]   [0] PrintToConsole
L 05/27/2021 - 01:36:55: [SM]   [1] Line 75, /home/forums/content/files/7/2/34150.attach::cheatcommand
L 05/27/2021 - 01:36:55: [SM] Exception reported: String formatted incorrectly - parameter 4 (total 3)
L 05/27/2021 - 01:36:55: [SM] Blaming: admincheats.smx
L 05/27/2021 - 01:36:55: [SM] Call stack trace:
L 05/27/2021 - 01:36:55: [SM]   [0] PrintToConsole
L 05/27/2021 - 01:36:55: [SM]   [1] Line 75, /home/forums/content/files/7/2/34150.attach::cheatcommand
L 05/27/2021 - 01:36:55: [SM] Exception reported: String formatted incorrectly - parameter 4 (total 3)
L 05/27/2021 - 01:36:55: [SM] Blaming: admincheats.smx
L 05/27/2021 - 01:36:55: [SM] Call stack trace:
L 05/27/2021 - 01:36:55: [SM]   [0] PrintToConsole
L 05/27/2021 - 01:36:55: [SM]   [1] Line 75, /home/forums/content/files/7/2/34150.attach::cheatcommand
L 05/27/2021 - 01:36:55: [SM] Exception reported: String formatted incorrectly - parameter 4 (total 3)
L 05/27/2021 - 01:36:55: [SM] Blaming: admincheats.smx
L 05/27/2021 - 01:36:55: [SM] Call stack trace:
L 05/27/2021 - 01:36:55: [SM]   [0] PrintToConsole
L 05/27/2021 - 01:36:55: [SM]   [1] Line 75, /home/forums/content/files/7/2/34150.attach::cheatcommand
L 05/27/2021 - 01:36:56: [SM] Exception reported: String formatted incorrectly - parameter 4 (total 3)
L 05/27/2021 - 01:36:56: [SM] Blaming: admincheats.smx
L 05/27/2021 - 01:36:56: [SM] Call stack trace:
L 05/27/2021 - 01:36:56: [SM]   [0] PrintToConsole
L 05/27/2021 - 01:36:56: [SM]   [1] Line 75, /home/forums/content/files/7/2/34150.attach::cheatcommand
L 05/27/2021 - 01:36:56: [SM] Exception reported: String formatted incorrectly - parameter 4 (total 3)
L 05/27/2021 - 01:36:56: [SM] Blaming: admincheats.smx
L 05/27/2021 - 01:36:56: [SM] Call stack trace:
L 05/27/2021 - 01:36:56: [SM]   [0] PrintToConsole
L 05/27/2021 - 01:36:56: [SM]   [1] Line 75, /home/forums/content/files/7/2/34150.attach::cheatcommand
L 05/27/2021 - 01:36:56: [SM] Exception reported: String formatted incorrectly - parameter 4 (total 3)
L 05/27/2021 - 01:36:56: [SM] Blaming: admincheats.smx
L 05/27/2021 - 01:36:56: [SM] Call stack trace:
L 05/27/2021 - 01:36:56: [SM]   [0] PrintToConsole
L 05/27/2021 - 01:36:56: [SM]   [1] Line 75, /home/forums/content/files/7/2/34150.attach::cheatcommand
L 05/27/2021 - 01:36:56: [SM] Exception reported: String formatted incorrectly - parameter 4 (total 3)
L 05/27/2021 - 01:36:56: [SM] Blaming: admincheats.smx
L 05/27/2021 - 01:36:56: [SM] Call stack trace:
L 05/27/2021 - 01:36:56: [SM]   [0] PrintToConsole
L 05/27/2021 - 01:36:56: [SM]   [1] Line 75, /home/forums/content/files/7/2/34150.attach::cheatcommand
L 05/27/2021 - 01:36:56: [SM] Exception reported: String formatted incorrectly - parameter 4 (total 3)
L 05/27/2021 - 01:36:56: [SM] Blaming: admincheats.smx
L 05/27/2021 - 01:36:56: [SM] Call stack trace:
L 05/27/2021 - 01:36:56: [SM]   [0] PrintToConsole
L 05/27/2021 - 01:36:56: [SM]   [1] Line 75, /home/forums/content/files/7/2/34150.attach::cheatcommand
L 05/27/2021 - 01:36:57: [SM] Exception reported: String formatted incorrectly - parameter 4 (total 3)
L 05/27/2021 - 01:36:57: [SM] Blaming: admincheats.smx
L 05/27/2021 - 01:36:57: [SM] Call stack trace:
L 05/27/2021 - 01:36:57: [SM]   [0] PrintToConsole
L 05/27/2021 - 01:36:57: [SM]   [1] Line 75, /home/forums/content/files/7/2/34150.attach::cheatcommand
L 05/27/2021 - 01:36:57: [SM] Exception reported: String formatted incorrectly - parameter 4 (total 3)
L 05/27/2021 - 01:36:57: [SM] Blaming: admincheats.smx
L 05/27/2021 - 01:36:57: [SM] Call stack trace:
L 05/27/2021 - 01:36:57: [SM]   [0] PrintToConsole
L 05/27/2021 - 01:36:57: [SM]   [1] Line 75, /home/forums/content/files/7/2/34150.attach::cheatcommand
L 05/27/2021 - 01:36:57: [SM] Exception reported: String formatted incorrectly - parameter 4 (total 3)
L 05/27/2021 - 01:36:57: [SM] Blaming: admincheats.smx
L 05/27/2021 - 01:36:57: [SM] Call stack trace:
L 05/27/2021 - 01:36:57: [SM]   [0] PrintToConsole
L 05/27/2021 - 01:36:57: [SM]   [1] Line 75, /home/forums/content/files/7/2/34150.attach::cheatcommand
L 05/27/2021 - 01:36:57: [SM] Exception reported: String formatted incorrectly - parameter 4 (total 3)
L 05/27/2021 - 01:36:57: [SM] Blaming: admincheats.smx
L 05/27/2021 - 01:36:57: [SM] Call stack trace:
L 05/27/2021 - 01:36:57: [SM]   [0] PrintToConsole
L 05/27/2021 - 01:36:57: [SM]   [1] Line 75, /home/forums/content/files/7/2/34150.attach::cheatcommand
L 05/27/2021 - 01:36:58: [SM] Exception reported: String formatted incorrectly - parameter 4 (total 3)
L 05/27/2021 - 01:36:58: [SM] Blaming: admincheats.smx
L 05/27/2021 - 01:36:58: [SM] Call stack trace:
L 05/27/2021 - 01:36:58: [SM]   [0] PrintToConsole
L 05/27/2021 - 01:36:58: [SM]   [1] Line 75, /home/forums/content/files/7/2/34150.attach::cheatcommand
L 05/27/2021 - 01:36:58: [SM] Exception reported: String formatted incorrectly - parameter 4 (total 3)
L 05/27/2021 - 01:36:58: [SM] Blaming: admincheats.smx
L 05/27/2021 - 01:36:58: [SM] Call stack trace:
L 05/27/2021 - 01:36:58: [SM]   [0] PrintToConsole
L 05/27/2021 - 01:36:58: [SM]   [1] Line 75, /home/forums/content/files/7/2/34150.attach::cheatcommand
L 05/27/2021 - 01:36:58: [SM] Exception reported: String formatted incorrectly - parameter 4 (total 3)
L 05/27/2021 - 01:36:58: [SM] Blaming: admincheats.smx
L 05/27/2021 - 01:36:58: [SM] Call stack trace:
L 05/27/2021 - 01:36:58: [SM]   [0] PrintToConsole
L 05/27/2021 - 01:36:58: [SM]   [1] Line 75, /home/forums/content/files/7/2/34150.attach::cheatcommand
L 05/27/2021 - 01:36:58: [SM] Exception reported: String formatted incorrectly - parameter 4 (total 3)
L 05/27/2021 - 01:36:58: [SM] Blaming: admincheats.smx
L 05/27/2021 - 01:36:58: [SM] Call stack trace:
L 05/27/2021 - 01:36:58: [SM]   [0] PrintToConsole
L 05/27/2021 - 01:36:58: [SM]   [1] Line 75, /home/forums/content/files/7/2/34150.attach::cheatcommand
L 05/27/2021 - 01:36:58: [SM] Exception reported: String formatted incorrectly - parameter 4 (total 3)
L 05/27/2021 - 01:36:58: [SM] Blaming: admincheats.smx
L 05/27/2021 - 01:36:58: [SM] Call stack trace:
L 05/27/2021 - 01:36:58: [SM]   [0] PrintToConsole
L 05/27/2021 - 01:36:58: [SM]   [1] Line 75, /home/forums/content/files/7/2/34150.attach::cheatcommand
L 05/27/2021 - 01:36:59: [SM] Exception reported: String formatted incorrectly - parameter 4 (total 3)
L 05/27/2021 - 01:36:59: [SM] Blaming: admincheats.smx
L 05/27/2021 - 01:36:59: [SM] Call stack trace:
L 05/27/2021 - 01:36:59: [SM]   [0] PrintToConsole
L 05/27/2021 - 01:36:59: [SM]   [1] Line 75, /home/forums/content/files/7/2/34150.attach::cheatcommand
L 05/27/2021 - 01:36:59: [SM] Exception reported: String formatted incorrectly - parameter 4 (total 3)
L 05/27/2021 - 01:36:59: [SM] Blaming: admincheats.smx
L 05/27/2021 - 01:36:59: [SM] Call stack trace:
L 05/27/2021 - 01:36:59: [SM]   [0] PrintToConsole
L 05/27/2021 - 01:36:59: [SM]   [1] Line 75, /home/forums/content/files/7/2/34150.attach::cheatcommand
L 05/27/2021 - 01:36:59: [SM] Exception reported: String formatted incorrectly - parameter 4 (total 3)
L 05/27/2021 - 01:36:59: [SM] Blaming: admincheats.smx
L 05/27/2021 - 01:36:59: [SM] Call stack trace:
L 05/27/2021 - 01:36:59: [SM]   [0] PrintToConsole
L 05/27/2021 - 01:36:59: [SM]   [1] Line 75, /home/forums/content/files/7/2/34150.attach::cheatcommand
L 05/27/2021 - 01:36:59: [SM] Exception reported: String formatted incorrectly - parameter 4 (total 3)
L 05/27/2021 - 01:36:59: [SM] Blaming: admincheats.smx
L 05/27/2021 - 01:36:59: [SM] Call stack trace:
L 05/27/2021 - 01:36:59: [SM]   [0] PrintToConsole
L 05/27/2021 - 01:36:59: [SM]   [1] Line 75, /home/forums/content/files/7/2/34150.attach::cheatcommand
L 05/27/2021 - 01:37:00: [SM] Exception reported: String formatted incorrectly - parameter 4 (total 3)
L 05/27/2021 - 01:37:00: [SM] Blaming: admincheats.smx
L 05/27/2021 - 01:37:00: [SM] Call stack trace:
L 05/27/2021 - 01:37:00: [SM]   [0] PrintToConsole
L 05/27/2021 - 01:37:00: [SM]   [1] Line 75, /home/forums/content/files/7/2/34150.attach::cheatcommand
L 05/27/2021 - 01:37:00: [SM] Exception reported: String formatted incorrectly - parameter 4 (total 3)
L 05/27/2021 - 01:37:00: [SM] Blaming: admincheats.smx
L 05/27/2021 - 01:37:00: [SM] Call stack trace:
L 05/27/2021 - 01:37:00: [SM]   [0] PrintToConsole
L 05/27/2021 - 01:37:00: [SM]   [1] Line 75, /home/forums/content/files/7/2/34150.attach::cheatcommand
L 05/27/2021 - 01:37:00: [SM] Exception reported: String formatted incorrectly - parameter 4 (total 3)
L 05/27/2021 - 01:37:00: [SM] Blaming: admincheats.smx
L 05/27/2021 - 01:37:00: [SM] Call stack trace:
L 05/27/2021 - 01:37:00: [SM]   [0] PrintToConsole
L 05/27/2021 - 01:37:00: [SM]   [1] Line 75, /home/forums/content/files/7/2/34150.attach::cheatcommand
L 05/27/2021 - 01:37:00: [SM] Exception reported: String formatted incorrectly - parameter 4 (total 3)
L 05/27/2021 - 01:37:00: [SM] Blaming: admincheats.smx
L 05/27/2021 - 01:37:00: [SM] Call stack trace:
L 05/27/2021 - 01:37:00: [SM]   [0] PrintToConsole
L 05/27/2021 - 01:37:00: [SM]   [1] Line 75, /home/forums/content/files/7/2/34150.attach::cheatcommand
L 05/27/2021 - 01:37:00: [SM] Exception reported: String formatted incorrectly - parameter 4 (total 3)
L 05/27/2021 - 01:37:00: [SM] Blaming: admincheats.smx
L 05/27/2021 - 01:37:00: [SM] Call stack trace:
L 05/27/2021 - 01:37:00: [SM]   [0] PrintToConsole
L 05/27/2021 - 01:37:00: [SM]   [1] Line 75, /home/forums/content/files/7/2/34150.attach::cheatcommand
L 05/27/2021 - 01:37:01: [SM] Exception reported: String formatted incorrectly - parameter 4 (total 3)
L 05/27/2021 - 01:37:01: [SM] Blaming: admincheats.smx
L 05/27/2021 - 01:37:01: [SM] Call stack trace:
L 05/27/2021 - 01:37:01: [SM]   [0] PrintToConsole
L 05/27/2021 - 01:37:01: [SM]   [1] Line 75, /home/forums/content/files/7/2/34150.attach::cheatcommand
L 05/27/2021 - 01:37:01: [SM] Exception reported: String formatted incorrectly - parameter 4 (total 3)
L 05/27/2021 - 01:37:01: [SM] Blaming: admincheats.smx
L 05/27/2021 - 01:37:01: [SM] Call stack trace:
L 05/27/2021 - 01:37:01: [SM]   [0] PrintToConsole
L 05/27/2021 - 01:37:01: [SM]   [1] Line 75, /home/forums/content/files/7/2/34150.attach::cheatcommand
L 05/27/2021 - 01:37:01: [SM] Exception reported: String formatted incorrectly - parameter 4 (total 3)
L 05/27/2021 - 01:37:01: [SM] Blaming: admincheats.smx
L 05/27/2021 - 01:37:01: [SM] Call stack trace:
L 05/27/2021 - 01:37:01: [SM]   [0] PrintToConsole
L 05/27/2021 - 01:37:01: [SM]   [1] Line 75, /home/forums/content/files/7/2/34150.attach::cheatcommand
L 05/27/2021 - 01:37:01: [SM] Exception reported: String formatted incorrectly - parameter 4 (total 3)
L 05/27/2021 - 01:37:01: [SM] Blaming: admincheats.smx
L 05/27/2021 - 01:37:01: [SM] Call stack trace:
L 05/27/2021 - 01:37:01: [SM]   [0] PrintToConsole
L 05/27/2021 - 01:37:01: [SM]   [1] Line 75, /home/forums/content/files/7/2/34150.attach::cheatcommand
L 05/27/2021 - 01:37:01: [SM] Exception reported: String formatted incorrectly - parameter 4 (total 3)
L 05/27/2021 - 01:37:01: [SM] Blaming: admincheats.smx
L 05/27/2021 - 01:37:01: [SM] Call stack trace:
L 05/27/2021 - 01:37:01: [SM]   [0] PrintToConsole
L 05/27/2021 - 01:37:01: [SM]   [1] Line 75, /home/forums/content/files/7/2/34150.attach::cheatcommand
L 05/27/2021 - 01:37:02: [SM] Exception reported: String formatted incorrectly - parameter 4 (total 3)
L 05/27/2021 - 01:37:02: [SM] Blaming: admincheats.smx
L 05/27/2021 - 01:37:02: [SM] Call stack trace:
L 05/27/2021 - 01:37:02: [SM]   [0] PrintToConsole
L 05/27/2021 - 01:37:02: [SM]   [1] Line 75, /home/forums/content/files/7/2/34150.attach::cheatcommand
L 05/27/2021 - 01:37:02: [SM] Exception reported: String formatted incorrectly - parameter 4 (total 3)
L 05/27/2021 - 01:37:02: [SM] Blaming: admincheats.smx
L 05/27/2021 - 01:37:02: [SM] Call stack trace:
L 05/27/2021 - 01:37:02: [SM]   [0] PrintToConsole
L 05/27/2021 - 01:37:02: [SM]   [1] Line 75, /home/forums/content/files/7/2/34150.attach::cheatcommand
L 05/27/2021 - 01:37:02: [SM] Exception reported: String formatted incorrectly - parameter 4 (total 3)
L 05/27/2021 - 01:37:02: [SM] Blaming: admincheats.smx
L 05/27/2021 - 01:37:02: [SM] Call stack trace:
L 05/27/2021 - 01:37:02: [SM]   [0] PrintToConsole
L 05/27/2021 - 01:37:02: [SM]   [1] Line 75, /home/forums/content/files/7/2/34150.attach::cheatcommand
L 05/27/2021 - 01:37:02: [SM] Exception reported: String formatted incorrectly - parameter 4 (total 3)
L 05/27/2021 - 01:37:02: [SM] Blaming: admincheats.smx
L 05/27/2021 - 01:37:02: [SM] Call stack trace:
L 05/27/2021 - 01:37:02: [SM]   [0] PrintToConsole
L 05/27/2021 - 01:37:02: [SM]   [1] Line 75, /home/forums/content/files/7/2/34150.attach::cheatcommand
L 05/27/2021 - 01:37:03: [SM] Exception reported: String formatted incorrectly - parameter 4 (total 3)
L 05/27/2021 - 01:37:03: [SM] Blaming: admincheats.smx
L 05/27/2021 - 01:37:03: [SM] Call stack trace:
L 05/27/2021 - 01:37:03: [SM]   [0] PrintToConsole
L 05/27/2021 - 01:37:03: [SM]   [1] Line 75, /home/forums/content/files/7/2/34150.attach::cheatcommand
L 05/27/2021 - 01:37:03: [SM] Exception reported: String formatted incorrectly - parameter 4 (total 3)
L 05/27/2021 - 01:37:03: [SM] Blaming: admincheats.smx
L 05/27/2021 - 01:37:03: [SM] Call stack trace:
L 05/27/2021 - 01:37:03: [SM]   [0] PrintToConsole
L 05/27/2021 - 01:37:03: [SM]   [1] Line 75, /home/forums/content/files/7/2/34150.attach::cheatcommand
L 05/27/2021 - 01:37:03: [SM] Exception reported: String formatted incorrectly - parameter 4 (total 3)
L 05/27/2021 - 01:37:03: [SM] Blaming: admincheats.smx
L 05/27/2021 - 01:37:03: [SM] Call stack trace:
L 05/27/2021 - 01:37:03: [SM]   [0] PrintToConsole
L 05/27/2021 - 01:37:03: [SM]   [1] Line 75, /home/forums/content/files/7/2/34150.attach::cheatcommand
L 05/27/2021 - 01:37:04: [SM] Exception reported: String formatted incorrectly - parameter 4 (total 3)
L 05/27/2021 - 01:37:04: [SM] Blaming: admincheats.smx
L 05/27/2021 - 01:37:04: [SM] Call stack trace:
L 05/27/2021 - 01:37:04: [SM]   [0] PrintToConsole
L 05/27/2021 - 01:37:04: [SM]   [1] Line 75, /home/forums/content/files/7/2/34150.attach::cheatcommand
L 05/27/2021 - 01:37:04: [SM] Exception reported: String formatted incorrectly - parameter 4 (total 3)
L 05/27/2021 - 01:37:04: [SM] Blaming: admincheats.smx
L 05/27/2021 - 01:37:04: [SM] Call stack trace:
L 05/27/2021 - 01:37:04: [SM]   [0] PrintToConsole
L 05/27/2021 - 01:37:04: [SM]   [1] Line 75, /home/forums/content/files/7/2/34150.attach::cheatcommand
L 05/27/2021 - 01:37:04: [SM] Exception reported: String formatted incorrectly - parameter 4 (total 3)
L 05/27/2021 - 01:37:04: [SM] Blaming: admincheats.smx
L 05/27/2021 - 01:37:04: [SM] Call stack trace:
L 05/27/2021 - 01:37:04: [SM]   [0] PrintToConsole
L 05/27/2021 - 01:37:04: [SM]   [1] Line 75, /home/forums/content/files/7/2/34150.attach::cheatcommand
L 05/27/2021 - 01:37:05: [SM] Exception reported: String formatted incorrectly - parameter 4 (total 3)
L 05/27/2021 - 01:37:05: [SM] Blaming: admincheats.smx
L 05/27/2021 - 01:37:05: [SM] Call stack trace:
L 05/27/2021 - 01:37:05: [SM]   [0] PrintToConsole
L 05/27/2021 - 01:37:05: [SM]   [1] Line 75, /home/forums/content/files/7/2/34150.attach::cheatcommand
L 05/27/2021 - 01:37:05: [SM] Exception reported: String formatted incorrectly - parameter 4 (total 3)
L 05/27/2021 - 01:37:05: [SM] Blaming: admincheats.smx
L 05/27/2021 - 01:37:05: [SM] Call stack trace:
L 05/27/2021 - 01:37:05: [SM]   [0] PrintToConsole
L 05/27/2021 - 01:37:05: [SM]   [1] Line 75, /home/forums/content/files/7/2/34150.attach::cheatcommand
L 05/27/2021 - 01:37:05: [SM] Exception reported: String formatted incorrectly - parameter 4 (total 3)
L 05/27/2021 - 01:37:05: [SM] Blaming: admincheats.smx
L 05/27/2021 - 01:37:05: [SM] Call stack trace:
L 05/27/2021 - 01:37:05: [SM]   [0] PrintToConsole
L 05/27/2021 - 01:37:05: [SM]   [1] Line 75, /home/forums/content/files/7/2/34150.attach::cheatcommand
L 05/27/2021 - 01:37:05: [SM] Exception reported: String formatted incorrectly - parameter 4 (total 3)
L 05/27/2021 - 01:37:05: [SM] Blaming: admincheats.smx
L 05/27/2021 - 01:37:05: [SM] Call stack trace:
L 05/27/2021 - 01:37:05: [SM]   [0] PrintToConsole
L 05/27/2021 - 01:37:05: [SM]   [1] Line 75, /home/forums/content/files/7/2/34150.attach::cheatcommand
L 05/27/2021 - 01:37:06: [SM] Exception reported: String formatted incorrectly - parameter 4 (total 3)
L 05/27/2021 - 01:37:06: [SM] Blaming: admincheats.smx
L 05/27/2021 - 01:37:06: [SM] Call stack trace:
L 05/27/2021 - 01:37:06: [SM]   [0] PrintToConsole
L 05/27/2021 - 01:37:06: [SM]   [1] Line 75, /home/forums/content/files/7/2/34150.attach::cheatcommand
L 05/27/2021 - 01:37:06: [SM] Exception reported: String formatted incorrectly - parameter 4 (total 3)
L 05/27/2021 - 01:37:06: [SM] Blaming: admincheats.smx
L 05/27/2021 - 01:37:06: [SM] Call stack trace:
L 05/27/2021 - 01:37:06: [SM]   [0] PrintToConsole
L 05/27/2021 - 01:37:06: [SM]   [1] Line 75, /home/forums/content/files/7/2/34150.attach::cheatcommand
L 05/27/2021 - 01:37:06: [SM] Exception reported: String formatted incorrectly - parameter 4 (total 3)
L 05/27/2021 - 01:37:06: [SM] Blaming: admincheats.smx
L 05/27/2021 - 01:37:06: [SM] Call stack trace:
L 05/27/2021 - 01:37:06: [SM]   [0] PrintToConsole
L 05/27/2021 - 01:37:06: [SM]   [1] Line 75, /home/forums/content/files/7/2/34150.attach::cheatcommand
L 05/27/2021 - 01:37:39: Error log file session closed.
L 05/27/2021 - 01:38:49: SourceMod error session started
L 05/27/2021 - 01:38:49: Info (map "pl_bloodwater") (file "/hlserver/tf2/tf/addons/sourcemod/logs/errors_20210527.log")
L 05/27/2021 - 01:38:49: [SM] Exception reported: String formatted incorrectly - parameter 4 (total 3)
L 05/27/2021 - 01:38:49: [SM] Blaming: admincheats.smx
L 05/27/2021 - 01:38:49: [SM] Call stack trace:
L 05/27/2021 - 01:38:49: [SM]   [0] PrintToConsole
L 05/27/2021 - 01:38:49: [SM]   [1] Line 75, /home/forums/content/files/7/2/34150.attach::cheatcommand
L 05/27/2021 - 01:38:53: [SM] Exception reported: String formatted incorrectly - parameter 4 (total 3)
L 05/27/2021 - 01:38:53: [SM] Blaming: admincheats.smx
L 05/27/2021 - 01:38:53: [SM] Call stack trace:
L 05/27/2021 - 01:38:53: [SM]   [0] PrintToConsole
L 05/27/2021 - 01:38:53: [SM]   [1] Line 75, /home/forums/content/files/7/2/34150.attach::cheatcommand
L 05/27/2021 - 01:38:55: [SM] Exception reported: String formatted incorrectly - parameter 4 (total 3)
L 05/27/2021 - 01:38:55: [SM] Blaming: admincheats.smx
L 05/27/2021 - 01:38:55: [SM] Call stack trace:
L 05/27/2021 - 01:38:55: [SM]   [0] PrintToConsole
L 05/27/2021 - 01:38:55: [SM]   [1] Line 75, /home/forums/content/files/7/2/34150.attach::cheatcommand
L 05/27/2021 - 01:38:56: [SM] Exception reported: String formatted incorrectly - parameter 4 (total 3)
L 05/27/2021 - 01:38:56: [SM] Blaming: admincheats.smx
L 05/27/2021 - 01:38:56: [SM] Call stack trace:
L 05/27/2021 - 01:38:56: [SM]   [0] PrintToConsole
L 05/27/2021 - 01:38:56: [SM]   [1] Line 75, /home/forums/content/files/7/2/34150.attach::cheatcommand
L 05/27/2021 - 01:38:56: [SM] Exception reported: String formatted incorrectly - parameter 4 (total 3)
L 05/27/2021 - 01:38:56: [SM] Blaming: admincheats.smx
L 05/27/2021 - 01:38:56: [SM] Call stack trace:
L 05/27/2021 - 01:38:56: [SM]   [0] PrintToConsole
L 05/27/2021 - 01:38:56: [SM]   [1] Line 75, /home/forums/content/files/7/2/34150.attach::cheatcommand
L 05/27/2021 - 01:38:56: [SM] Exception reported: String formatted incorrectly - parameter 4 (total 3)
L 05/27/2021 - 01:38:56: [SM] Blaming: admincheats.smx
L 05/27/2021 - 01:38:56: [SM] Call stack trace:
L 05/27/2021 - 01:38:56: [SM]   [0] PrintToConsole
L 05/27/2021 - 01:38:56: [SM]   [1] Line 75, /home/forums/content/files/7/2/34150.attach::cheatcommand
L 05/27/2021 - 01:38:56: [SM] Exception reported: String formatted incorrectly - parameter 4 (total 3)
L 05/27/2021 - 01:38:56: [SM] Blaming: admincheats.smx
L 05/27/2021 - 01:38:56: [SM] Call stack trace:
L 05/27/2021 - 01:38:56: [SM]   [0] PrintToConsole
L 05/27/2021 - 01:38:56: [SM]   [1] Line 75, /home/forums/content/files/7/2/34150.attach::cheatcommand
L 05/27/2021 - 01:38:57: [SM] Exception reported: String formatted incorrectly - parameter 4 (total 3)
L 05/27/2021 - 01:38:57: [SM] Blaming: admincheats.smx
L 05/27/2021 - 01:38:57: [SM] Call stack trace:
L 05/27/2021 - 01:38:57: [SM]   [0] PrintToConsole
L 05/27/2021 - 01:38:57: [SM]   [1] Line 75, /home/forums/content/files/7/2/34150.attach::cheatcommand
L 05/27/2021 - 01:38:57: [SM] Exception reported: String formatted incorrectly - parameter 4 (total 3)
L 05/27/2021 - 01:38:57: [SM] Blaming: admincheats.smx
L 05/27/2021 - 01:38:57: [SM] Call stack trace:
L 05/27/2021 - 01:38:57: [SM]   [0] PrintToConsole
L 05/27/2021 - 01:38:57: [SM]   [1] Line 75, /home/forums/content/files/7/2/34150.attach::cheatcommand
L 05/27/2021 - 01:38:58: [SM] Exception reported: String formatted incorrectly - parameter 4 (total 3)
L 05/27/2021 - 01:38:58: [SM] Blaming: admincheats.smx
L 05/27/2021 - 01:38:58: [SM] Call stack trace:
L 05/27/2021 - 01:38:58: [SM]   [0] PrintToConsole
L 05/27/2021 - 01:38:58: [SM]   [1] Line 75, /home/forums/content/files/7/2/34150.attach::cheatcommand
L 05/27/2021 - 01:38:59: [SM] Exception reported: String formatted incorrectly - parameter 4 (total 3)
L 05/27/2021 - 01:38:59: [SM] Blaming: admincheats.smx
L 05/27/2021 - 01:38:59: [SM] Call stack trace:
L 05/27/2021 - 01:38:59: [SM]   [0] PrintToConsole
L 05/27/2021 - 01:38:59: [SM]   [1] Line 75, /home/forums/content/files/7/2/34150.attach::cheatcommand
L 05/27/2021 - 01:38:59: [SM] Exception reported: String formatted incorrectly - parameter 4 (total 3)
L 05/27/2021 - 01:38:59: [SM] Blaming: admincheats.smx
L 05/27/2021 - 01:38:59: [SM] Call stack trace:
L 05/27/2021 - 01:38:59: [SM]   [0] PrintToConsole
L 05/27/2021 - 01:38:59: [SM]   [1] Line 75, /home/forums/content/files/7/2/34150.attach::cheatcommand
L 05/27/2021 - 01:39:00: [SM] Exception reported: String formatted incorrectly - parameter 4 (total 3)
L 05/27/2021 - 01:39:00: [SM] Blaming: admincheats.smx
L 05/27/2021 - 01:39:00: [SM] Call stack trace:
L 05/27/2021 - 01:39:00: [SM]   [0] PrintToConsole
L 05/27/2021 - 01:39:00: [SM]   [1] Line 75, /home/forums/content/files/7/2/34150.attach::cheatcommand
L 05/27/2021 - 01:39:00: [SM] Exception reported: String formatted incorrectly - parameter 4 (total 3)
L 05/27/2021 - 01:39:00: [SM] Blaming: admincheats.smx
L 05/27/2021 - 01:39:00: [SM] Call stack trace:
L 05/27/2021 - 01:39:00: [SM]   [0] PrintToConsole
L 05/27/2021 - 01:39:00: [SM]   [1] Line 75, /home/forums/content/files/7/2/34150.attach::cheatcommand
L 05/27/2021 - 01:39:00: [SM] Exception reported: String formatted incorrectly - parameter 4 (total 3)
L 05/27/2021 - 01:39:00: [SM] Blaming: admincheats.smx
L 05/27/2021 - 01:39:00: [SM] Call stack trace:
L 05/27/2021 - 01:39:00: [SM]   [0] PrintToConsole
L 05/27/2021 - 01:39:00: [SM]   [1] Line 75, /home/forums/content/files/7/2/34150.attach::cheatcommand
L 05/27/2021 - 01:39:00: [SM] Exception reported: String formatted incorrectly - parameter 4 (total 3)
L 05/27/2021 - 01:39:00: [SM] Blaming: admincheats.smx
L 05/27/2021 - 01:39:00: [SM] Call stack trace:
L 05/27/2021 - 01:39:00: [SM]   [0] PrintToConsole
L 05/27/2021 - 01:39:00: [SM]   [1] Line 75, /home/forums/content/files/7/2/34150.attach::cheatcommand
L 05/27/2021 - 01:39:00: [SM] Exception reported: String formatted incorrectly - parameter 4 (total 3)
L 05/27/2021 - 01:39:00: [SM] Blaming: admincheats.smx
L 05/27/2021 - 01:39:00: [SM] Call stack trace:
L 05/27/2021 - 01:39:00: [SM]   [0] PrintToConsole
L 05/27/2021 - 01:39:00: [SM]   [1] Line 75, /home/forums/content/files/7/2/34150.attach::cheatcommand
L 05/27/2021 - 01:39:00: [SM] Exception reported: String formatted incorrectly - parameter 4 (total 3)
L 05/27/2021 - 01:39:00: [SM] Blaming: admincheats.smx
L 05/27/2021 - 01:39:00: [SM] Call stack trace:
L 05/27/2021 - 01:39:00: [SM]   [0] PrintToConsole
L 05/27/2021 - 01:39:00: [SM]   [1] Line 75, /home/forums/content/files/7/2/34150.attach::cheatcommand
L 05/27/2021 - 01:39:01: [SM] Exception reported: String formatted incorrectly - parameter 4 (total 3)
L 05/27/2021 - 01:39:01: [SM] Blaming: admincheats.smx
L 05/27/2021 - 01:39:01: [SM] Call stack trace:
L 05/27/2021 - 01:39:01: [SM]   [0] PrintToConsole
L 05/27/2021 - 01:39:01: [SM]   [1] Line 75, /home/forums/content/files/7/2/34150.attach::cheatcommand
L 05/27/2021 - 01:39:01: [SM] Exception reported: String formatted incorrectly - parameter 4 (total 3)
L 05/27/2021 - 01:39:01: [SM] Blaming: admincheats.smx
L 05/27/2021 - 01:39:01: [SM] Call stack trace:
L 05/27/2021 - 01:39:01: [SM]   [0] PrintToConsole
L 05/27/2021 - 01:39:01: [SM]   [1] Line 75, /home/forums/content/files/7/2/34150.attach::cheatcommand
L 05/27/2021 - 01:39:01: [SM] Exception reported: String formatted incorrectly - parameter 4 (total 3)
L 05/27/2021 - 01:39:01: [SM] Blaming: admincheats.smx
L 05/27/2021 - 01:39:01: [SM] Call stack trace:
L 05/27/2021 - 01:39:01: [SM]   [0] PrintToConsole
L 05/27/2021 - 01:39:01: [SM]   [1] Line 75, /home/forums/content/files/7/2/34150.attach::cheatcommand
L 05/27/2021 - 01:39:01: [SM] Exception reported: String formatted incorrectly - parameter 4 (total 3)
L 05/27/2021 - 01:39:01: [SM] Blaming: admincheats.smx
L 05/27/2021 - 01:39:01: [SM] Call stack trace:
L 05/27/2021 - 01:39:01: [SM]   [0] PrintToConsole
L 05/27/2021 - 01:39:01: [SM]   [1] Line 75, /home/forums/content/files/7/2/34150.attach::cheatcommand
L 05/27/2021 - 01:39:01: [SM] Exception reported: String formatted incorrectly - parameter 4 (total 3)
L 05/27/2021 - 01:39:01: [SM] Blaming: admincheats.smx
L 05/27/2021 - 01:39:01: [SM] Call stack trace:
L 05/27/2021 - 01:39:01: [SM]   [0] PrintToConsole
L 05/27/2021 - 01:39:01: [SM]   [1] Line 75, /home/forums/content/files/7/2/34150.attach::cheatcommand
L 05/27/2021 - 01:39:02: [SM] Exception reported: String formatted incorrectly - parameter 4 (total 3)
L 05/27/2021 - 01:39:02: [SM] Blaming: admincheats.smx
L 05/27/2021 - 01:39:02: [SM] Call stack trace:
L 05/27/2021 - 01:39:02: [SM]   [0] PrintToConsole
L 05/27/2021 - 01:39:02: [SM]   [1] Line 75, /home/forums/content/files/7/2/34150.attach::cheatcommand
L 05/27/2021 - 01:39:02: [SM] Exception reported: String formatted incorrectly - parameter 4 (total 3)
L 05/27/2021 - 01:39:02: [SM] Blaming: admincheats.smx
L 05/27/2021 - 01:39:02: [SM] Call stack trace:
L 05/27/2021 - 01:39:02: [SM]   [0] PrintToConsole
L 05/27/2021 - 01:39:02: [SM]   [1] Line 75, /home/forums/content/files/7/2/34150.attach::cheatcommand
L 05/27/2021 - 01:44:43: Error log file session closed.
L 05/27/2021 - 01:47:17: SourceMod error session started
L 05/27/2021 - 01:47:17: Info (map "plr_hightower") (file "/hlserver/tf2/tf/addons/sourcemod/logs/errors_20210527.log")
L 05/27/2021 - 01:47:17: [SM] Exception reported: String formatted incorrectly - parameter 4 (total 3)
L 05/27/2021 - 01:47:17: [SM] Blaming: admincheats.smx
L 05/27/2021 - 01:47:17: [SM] Call stack trace:
L 05/27/2021 - 01:47:17: [SM]   [0] PrintToConsole
L 05/27/2021 - 01:47:17: [SM]   [1] Line 75, /home/forums/content/files/7/2/34150.attach::cheatcommand
L 05/27/2021 - 01:49:05: Error log file session closed.
L 05/27/2021 - 04:01:29: SourceMod error session started
L 05/27/2021 - 04:01:29: Info (map "plr_hightower") (file "/hlserver/tf2/tf/addons/sourcemod/logs/errors_20210527.log")
L 05/27/2021 - 04:01:29: [tf2attributes.smx] Could not initialize call to CEconItem::SetCustomName
L 05/28/2021 - 00:11:19: Error log file session closed.
