L 11/29/2021 - 04:01:52: SourceMod error session started
L 11/29/2021 - 04:01:52: Info (map "plr_hightower") (file "/hlserver/tf2/tf/addons/sourcemod/logs/errors_20211129.log")
L 11/29/2021 - 04:01:52: [tf2attributes.smx] Could not initialize call to CEconItem::SetCustomName
L 11/29/2021 - 04:01:52: [SM] Exception reported: Invalid convar handle 0 (error 4)
L 11/29/2021 - 04:01:52: [SM] Blaming: stac.smx
L 11/29/2021 - 04:01:52: [SM] Call stack trace:
L 11/29/2021 - 04:01:52: [SM]   [0] GetConVarBool
L 11/29/2021 - 04:01:52: [SM]   [1] Line 477, ./scripting/stac/stac_cvars.sp::setStacVars
L 11/29/2021 - 04:01:52: [SM]   [2] Line 392, ./scripting/stac/stac_cvars.sp::initCvars
L 11/29/2021 - 04:01:52: [SM]   [3] Line 134, ./scripting/stac.sp::OnPluginStart
L 11/29/2021 - 04:01:52: [SM] Unable to load plugin "stac.smx": Error detected in plugin startup (see error logs)
L 11/29/2021 - 04:11:14: SourceMod error session started
L 11/29/2021 - 04:11:14: Info (map "plr_hightower") (file "/hlserver/tf2/tf/addons/sourcemod/logs/errors_20211129.log")
L 11/29/2021 - 04:11:14: [tf2attributes.smx] Could not initialize call to CEconItem::SetCustomName
L 11/29/2021 - 04:11:14: [SM] Exception reported: Invalid convar handle 0 (error 4)
L 11/29/2021 - 04:11:14: [SM] Blaming: stac.smx
L 11/29/2021 - 04:11:14: [SM] Call stack trace:
L 11/29/2021 - 04:11:14: [SM]   [0] GetConVarBool
L 11/29/2021 - 04:11:14: [SM]   [1] Line 477, ./scripting/stac/stac_cvars.sp::setStacVars
L 11/29/2021 - 04:11:14: [SM]   [2] Line 392, ./scripting/stac/stac_cvars.sp::initCvars
L 11/29/2021 - 04:11:14: [SM]   [3] Line 134, ./scripting/stac.sp::OnPluginStart
L 11/29/2021 - 04:11:14: [SM] Unable to load plugin "stac.smx": Error detected in plugin startup (see error logs)
L 11/30/2021 - 00:47:52: Error log file session closed.
