L 01/01/2022 - 02:09:43: SourceMod log file session started (file "/home/tf2server/hlserver/tf2/tf/addons/sourcemod/logs/L20220101.log") (Version "1.10.0.6528")
L 01/01/2022 - 02:09:43: [admincheats.smx] <NussNougatCreme><STEAM_0:1:201430546><108.53.98.77> was prevented from running cheat command 'noclip'
L 01/01/2022 - 04:00:00: [ScheduledShutdown.smx] Server shutdown warning.
L 01/01/2022 - 04:00:10: [ScheduledShutdown.smx] Server shutdown.
L 01/01/2022 - 04:00:11: Log file closed.
L 01/01/2022 - 04:00:28: SourceMod log file session started (file "/home/tf2server/hlserver/tf2/tf/addons/sourcemod/logs/L20220101.log") (Version "1.10.0.6528")
L 01/01/2022 - 04:00:28: [TF2ITEMS] "GiveNamedItem" offset = 488
L 01/01/2022 - 04:00:28: [stac.smx] [StAC] File handle invalid!
L 01/01/2022 - 04:00:28: [auto_steam_update.smx] HUD text is supported on this mod. The persistant timer will display.
L 01/01/2022 - 04:00:28: [simple-chatprocessor.smx] [SCP] Recognized mod [Team Fortress 2].
L 01/01/2022 - 04:00:28: [simple-chatprocessor.smx] [SCP] Loading translation file [scp.tf.phrases].
L 01/01/2022 - 04:00:35: [tf2items_giveweapon.smx] [TF2Items GiveWeapon]2041_viewmodel: Preparing models/weapons/c_models/c_v_ludmila/c_v_ludmila.mdl
L 01/01/2022 - 04:00:35: [tf2items_giveweapon.smx] [TF2Items GiveWeapon]2058_model: cannot find valid model models/custom/weapons/antehgen/urinejar.mdl, skipping
L 01/01/2022 - 04:00:35: [tf2items_giveweapon.smx] [TF2Items GiveWeapon]2058_viewmodel: cannot find valid model models/custom/weapons/antehgen/urinejar.mdl, skipping
L 01/01/2022 - 04:00:35: [tf2items_giveweapon.smx] [TF2Items GiveWeapon]2171_model: cannot find valid model models/advancedweaponiser/w_sickle_sniper.mdl, skipping
L 01/01/2022 - 04:00:35: [tf2items_giveweapon.smx] [TF2Items GiveWeapon]2171_viewmodel: cannot find valid model models/advancedweaponiser/w_sickle_sniper.mdl, skipping
L 01/01/2022 - 04:00:35: [tf2items_giveweapon.smx] [TF2Items GiveWeapon]2197_model: cannot find valid model models/custom/weapons/rebelscurse/c_wrench_v2.mdl, skipping
L 01/01/2022 - 04:00:35: [tf2items_giveweapon.smx] [TF2Items GiveWeapon]2197_viewmodel: cannot find valid model models/custom/weapons/rebelscurse/c_wrench_v2.mdl, skipping
L 01/01/2022 - 04:00:35: [tf2items_giveweapon.smx] [TF2Items GiveWeapon]2228_model: cannot find valid model models/advancedweaponiser/fbomb/c_fbomb.mdl, skipping
L 01/01/2022 - 04:00:35: [tf2items_giveweapon.smx] [TF2Items GiveWeapon]2228_viewmodel: cannot find valid model models/advancedweaponiser/fbomb/c_fbomb.mdl, skipping
L 01/01/2022 - 04:00:35: [tf2items_giveweapon.smx] [TF2Items GiveWeapon]5142_viewmodel: cannot find valid model models/custom/weapons/goldslinger/c_engineer_gunslinger.mdl, skipping
L 01/01/2022 - 04:00:36: [basecommands.smx] "Console<0><Console><Console>" changed cvar (cvar "nb_update_frequency") (value "0.03")
L 01/01/2022 - 04:00:36: [basecommands.smx] "Console<0><Console><Console>" changed cvar (cvar "fps_max") (value "0")
L 01/01/2022 - 04:00:41: [randomcycle.smx] RandomCycle has chosen koth_nucleus for the nextmap.
L 01/01/2022 - 04:01:36: [ScheduledShutdown.smx] Server shutdown warning.
L 01/01/2022 - 04:01:46: [ScheduledShutdown.smx] Server shutdown.
L 01/01/2022 - 04:01:47: Log file closed.
L 01/01/2022 - 04:02:02: SourceMod log file session started (file "/home/tf2server/hlserver/tf2/tf/addons/sourcemod/logs/L20220101.log") (Version "1.10.0.6528")
L 01/01/2022 - 04:02:02: [TF2ITEMS] "GiveNamedItem" offset = 488
L 01/01/2022 - 04:02:02: [stac.smx] [StAC] File handle invalid!
L 01/01/2022 - 04:02:02: [auto_steam_update.smx] HUD text is supported on this mod. The persistant timer will display.
L 01/01/2022 - 04:02:02: [simple-chatprocessor.smx] [SCP] Recognized mod [Team Fortress 2].
L 01/01/2022 - 04:02:02: [simple-chatprocessor.smx] [SCP] Loading translation file [scp.tf.phrases].
L 01/01/2022 - 04:02:09: [tf2items_giveweapon.smx] [TF2Items GiveWeapon]2041_viewmodel: Preparing models/weapons/c_models/c_v_ludmila/c_v_ludmila.mdl
L 01/01/2022 - 04:02:09: [tf2items_giveweapon.smx] [TF2Items GiveWeapon]2058_model: cannot find valid model models/custom/weapons/antehgen/urinejar.mdl, skipping
L 01/01/2022 - 04:02:09: [tf2items_giveweapon.smx] [TF2Items GiveWeapon]2058_viewmodel: cannot find valid model models/custom/weapons/antehgen/urinejar.mdl, skipping
L 01/01/2022 - 04:02:09: [tf2items_giveweapon.smx] [TF2Items GiveWeapon]2171_model: cannot find valid model models/advancedweaponiser/w_sickle_sniper.mdl, skipping
L 01/01/2022 - 04:02:09: [tf2items_giveweapon.smx] [TF2Items GiveWeapon]2171_viewmodel: cannot find valid model models/advancedweaponiser/w_sickle_sniper.mdl, skipping
L 01/01/2022 - 04:02:09: [tf2items_giveweapon.smx] [TF2Items GiveWeapon]2197_model: cannot find valid model models/custom/weapons/rebelscurse/c_wrench_v2.mdl, skipping
L 01/01/2022 - 04:02:09: [tf2items_giveweapon.smx] [TF2Items GiveWeapon]2197_viewmodel: cannot find valid model models/custom/weapons/rebelscurse/c_wrench_v2.mdl, skipping
L 01/01/2022 - 04:02:09: [tf2items_giveweapon.smx] [TF2Items GiveWeapon]2228_model: cannot find valid model models/advancedweaponiser/fbomb/c_fbomb.mdl, skipping
L 01/01/2022 - 04:02:09: [tf2items_giveweapon.smx] [TF2Items GiveWeapon]2228_viewmodel: cannot find valid model models/advancedweaponiser/fbomb/c_fbomb.mdl, skipping
L 01/01/2022 - 04:02:09: [tf2items_giveweapon.smx] [TF2Items GiveWeapon]5142_viewmodel: cannot find valid model models/custom/weapons/goldslinger/c_engineer_gunslinger.mdl, skipping
L 01/01/2022 - 04:02:10: [basecommands.smx] "Console<0><Console><Console>" changed cvar (cvar "nb_update_frequency") (value "0.03")
L 01/01/2022 - 04:02:10: [basecommands.smx] "Console<0><Console><Console>" changed cvar (cvar "fps_max") (value "0")
L 01/01/2022 - 04:02:15: [randomcycle.smx] RandomCycle has chosen cp_vanguard for the nextmap.
L 01/01/2022 - 21:32:43: SourceMod log file session started (file "/home/tf2server/hlserver/tf2/tf/addons/sourcemod/logs/L20220101.log") (Version "1.10.0.6528")
L 01/01/2022 - 21:32:43: [TF2ITEMS] "GiveNamedItem" offset = 488
L 01/01/2022 - 21:32:43: [stac.smx] [StAC] File handle invalid!
L 01/01/2022 - 21:32:43: [auto_steam_update.smx] HUD text is supported on this mod. The persistant timer will display.
L 01/01/2022 - 21:32:43: [simple-chatprocessor.smx] [SCP] Recognized mod [Team Fortress 2].
L 01/01/2022 - 21:32:43: [simple-chatprocessor.smx] [SCP] Loading translation file [scp.tf.phrases].
L 01/01/2022 - 21:32:51: [tf2items_giveweapon.smx] [TF2Items GiveWeapon]2041_viewmodel: Preparing models/weapons/c_models/c_v_ludmila/c_v_ludmila.mdl
L 01/01/2022 - 21:32:51: [tf2items_giveweapon.smx] [TF2Items GiveWeapon]2058_model: cannot find valid model models/custom/weapons/antehgen/urinejar.mdl, skipping
L 01/01/2022 - 21:32:51: [tf2items_giveweapon.smx] [TF2Items GiveWeapon]2058_viewmodel: cannot find valid model models/custom/weapons/antehgen/urinejar.mdl, skipping
L 01/01/2022 - 21:32:51: [tf2items_giveweapon.smx] [TF2Items GiveWeapon]2171_model: cannot find valid model models/advancedweaponiser/w_sickle_sniper.mdl, skipping
L 01/01/2022 - 21:32:51: [tf2items_giveweapon.smx] [TF2Items GiveWeapon]2171_viewmodel: cannot find valid model models/advancedweaponiser/w_sickle_sniper.mdl, skipping
L 01/01/2022 - 21:32:51: [tf2items_giveweapon.smx] [TF2Items GiveWeapon]2197_model: cannot find valid model models/custom/weapons/rebelscurse/c_wrench_v2.mdl, skipping
L 01/01/2022 - 21:32:51: [tf2items_giveweapon.smx] [TF2Items GiveWeapon]2197_viewmodel: cannot find valid model models/custom/weapons/rebelscurse/c_wrench_v2.mdl, skipping
L 01/01/2022 - 21:32:51: [tf2items_giveweapon.smx] [TF2Items GiveWeapon]2228_model: cannot find valid model models/advancedweaponiser/fbomb/c_fbomb.mdl, skipping
L 01/01/2022 - 21:32:51: [tf2items_giveweapon.smx] [TF2Items GiveWeapon]2228_viewmodel: cannot find valid model models/advancedweaponiser/fbomb/c_fbomb.mdl, skipping
L 01/01/2022 - 21:32:51: [tf2items_giveweapon.smx] [TF2Items GiveWeapon]5142_viewmodel: cannot find valid model models/custom/weapons/goldslinger/c_engineer_gunslinger.mdl, skipping
L 01/01/2022 - 21:32:51: [basecommands.smx] "Console<0><Console><Console>" changed cvar (cvar "nb_update_frequency") (value "0.03")
L 01/01/2022 - 21:32:51: [basecommands.smx] "Console<0><Console><Console>" changed cvar (cvar "fps_max") (value "0")
L 01/01/2022 - 21:32:51: [basecommands.smx] "Console<0><Console><Console>" changed cvar (cvar "mp_waitingforplayers_time") (value "45")
L 01/01/2022 - 21:32:57: [randomcycle.smx] RandomCycle has chosen workshop/koth_landfall.ugc2126546593 for the nextmap.
L 01/01/2022 - 21:35:31: SourceMod log file session started (file "/home/tf2server/hlserver/tf2/tf/addons/sourcemod/logs/L20220101.log") (Version "1.10.0.6528")
L 01/01/2022 - 21:35:31: [TF2ITEMS] "GiveNamedItem" offset = 488
L 01/01/2022 - 21:35:31: SourceMod log file session started (file "/home/tf2server/hlserver/tf2/tf/addons/sourcemod/logs/L20220101.log") (Version "1.10.0.6528")
L 01/01/2022 - 21:35:31: [TF2ITEMS] "GiveNamedItem" offset = 488
L 01/01/2022 - 21:35:31: [stac.smx] [StAC] File handle invalid!
L 01/01/2022 - 21:35:31: [stac.smx] [StAC] File handle invalid!
L 01/01/2022 - 21:35:31: [auto_steam_update.smx] HUD text is supported on this mod. The persistant timer will display.
L 01/01/2022 - 21:35:31: [simple-chatprocessor.smx] [SCP] Recognized mod [Team Fortress 2].
L 01/01/2022 - 21:35:31: [simple-chatprocessor.smx] [SCP] Loading translation file [scp.tf.phrases].
L 01/01/2022 - 21:35:31: [auto_steam_update.smx] HUD text is supported on this mod. The persistant timer will display.
L 01/01/2022 - 21:35:31: [simple-chatprocessor.smx] [SCP] Recognized mod [Team Fortress 2].
L 01/01/2022 - 21:35:31: [simple-chatprocessor.smx] [SCP] Loading translation file [scp.tf.phrases].
L 01/01/2022 - 21:35:41: [tf2items_giveweapon.smx] [TF2Items GiveWeapon]2041_viewmodel: Preparing models/weapons/c_models/c_v_ludmila/c_v_ludmila.mdl
L 01/01/2022 - 21:35:41: [tf2items_giveweapon.smx] [TF2Items GiveWeapon]2058_model: cannot find valid model models/custom/weapons/antehgen/urinejar.mdl, skipping
L 01/01/2022 - 21:35:41: [tf2items_giveweapon.smx] [TF2Items GiveWeapon]2058_viewmodel: cannot find valid model models/custom/weapons/antehgen/urinejar.mdl, skipping
L 01/01/2022 - 21:35:41: [tf2items_giveweapon.smx] [TF2Items GiveWeapon]2171_model: cannot find valid model models/advancedweaponiser/w_sickle_sniper.mdl, skipping
L 01/01/2022 - 21:35:41: [tf2items_giveweapon.smx] [TF2Items GiveWeapon]2171_viewmodel: cannot find valid model models/advancedweaponiser/w_sickle_sniper.mdl, skipping
L 01/01/2022 - 21:35:41: [tf2items_giveweapon.smx] [TF2Items GiveWeapon]2197_model: cannot find valid model models/custom/weapons/rebelscurse/c_wrench_v2.mdl, skipping
L 01/01/2022 - 21:35:41: [tf2items_giveweapon.smx] [TF2Items GiveWeapon]2197_viewmodel: cannot find valid model models/custom/weapons/rebelscurse/c_wrench_v2.mdl, skipping
L 01/01/2022 - 21:35:41: [tf2items_giveweapon.smx] [TF2Items GiveWeapon]2228_model: cannot find valid model models/advancedweaponiser/fbomb/c_fbomb.mdl, skipping
L 01/01/2022 - 21:35:41: [tf2items_giveweapon.smx] [TF2Items GiveWeapon]2228_viewmodel: cannot find valid model models/advancedweaponiser/fbomb/c_fbomb.mdl, skipping
L 01/01/2022 - 21:35:41: [tf2items_giveweapon.smx] [TF2Items GiveWeapon]5142_viewmodel: cannot find valid model models/custom/weapons/goldslinger/c_engineer_gunslinger.mdl, skipping
L 01/01/2022 - 21:35:41: [tf2items_giveweapon.smx] [TF2Items GiveWeapon]2041_viewmodel: Preparing models/weapons/c_models/c_v_ludmila/c_v_ludmila.mdl
L 01/01/2022 - 21:35:41: [tf2items_giveweapon.smx] [TF2Items GiveWeapon]2058_model: cannot find valid model models/custom/weapons/antehgen/urinejar.mdl, skipping
L 01/01/2022 - 21:35:41: [tf2items_giveweapon.smx] [TF2Items GiveWeapon]2058_viewmodel: cannot find valid model models/custom/weapons/antehgen/urinejar.mdl, skipping
L 01/01/2022 - 21:35:41: [tf2items_giveweapon.smx] [TF2Items GiveWeapon]2171_model: cannot find valid model models/advancedweaponiser/w_sickle_sniper.mdl, skipping
L 01/01/2022 - 21:35:41: [tf2items_giveweapon.smx] [TF2Items GiveWeapon]2171_viewmodel: cannot find valid model models/advancedweaponiser/w_sickle_sniper.mdl, skipping
L 01/01/2022 - 21:35:41: [tf2items_giveweapon.smx] [TF2Items GiveWeapon]2197_model: cannot find valid model models/custom/weapons/rebelscurse/c_wrench_v2.mdl, skipping
L 01/01/2022 - 21:35:41: [tf2items_giveweapon.smx] [TF2Items GiveWeapon]2197_viewmodel: cannot find valid model models/custom/weapons/rebelscurse/c_wrench_v2.mdl, skipping
L 01/01/2022 - 21:35:41: [tf2items_giveweapon.smx] [TF2Items GiveWeapon]2228_model: cannot find valid model models/advancedweaponiser/fbomb/c_fbomb.mdl, skipping
L 01/01/2022 - 21:35:41: [tf2items_giveweapon.smx] [TF2Items GiveWeapon]2228_viewmodel: cannot find valid model models/advancedweaponiser/fbomb/c_fbomb.mdl, skipping
L 01/01/2022 - 21:35:41: [tf2items_giveweapon.smx] [TF2Items GiveWeapon]5142_viewmodel: cannot find valid model models/custom/weapons/goldslinger/c_engineer_gunslinger.mdl, skipping
L 01/01/2022 - 21:35:42: [basecommands.smx] "Console<0><Console><Console>" changed cvar (cvar "nb_update_frequency") (value "0.03")
L 01/01/2022 - 21:35:42: [basecommands.smx] "Console<0><Console><Console>" changed cvar (cvar "fps_max") (value "0")
L 01/01/2022 - 21:35:42: [basecommands.smx] "Console<0><Console><Console>" changed cvar (cvar "mp_waitingforplayers_time") (value "45")
L 01/01/2022 - 21:35:42: [basecommands.smx] "Console<0><Console><Console>" changed cvar (cvar "nb_update_frequency") (value "0.03")
L 01/01/2022 - 21:35:42: [basecommands.smx] "Console<0><Console><Console>" changed cvar (cvar "fps_max") (value "0")
L 01/01/2022 - 21:35:42: [basecommands.smx] "Console<0><Console><Console>" changed cvar (cvar "mp_waitingforplayers_time") (value "45")
L 01/01/2022 - 21:35:47: [randomcycle.smx] RandomCycle has chosen cp_well for the nextmap.
L 01/01/2022 - 21:35:47: [randomcycle.smx] RandomCycle has chosen cp_snakewater_final1 for the nextmap.
L 01/01/2022 - 22:32:39: [mapchooser.smx] Voting for next map has started.
L 01/01/2022 - 22:32:39: [mapchooser.smx] Voting for next map has started.
L 01/02/2022 - 00:41:21: Log file closed.
L 01/02/2022 - 04:00:41: Log file closed.
