L 08/28/2020 - 01:21:06: SourceMod log file session started (file "/hlserver/tf2/tf/addons/sourcemod/logs/L20200828.log") (Version "1.10.0.6490")
L 08/28/2020 - 01:21:06: [SM] Changed map to "workshop/pl_farmstead_rc1.ugc454263905"
L 08/28/2020 - 01:21:09: -------- Mapchange to workshop/pl_farmstead_rc1.ugc454263905 --------
L 08/28/2020 - 01:21:15: [tf2items_giveweapon.smx] [TF2Items GiveWeapon]2041_viewmodel: Preparing models/weapons/c_models/c_v_ludmila/c_v_ludmila.mdl
L 08/28/2020 - 01:21:15: [tf2items_giveweapon.smx] [TF2Items GiveWeapon]2058_model: cannot find valid model models/custom/weapons/antehgen/urinejar.mdl, skipping
L 08/28/2020 - 01:21:15: [tf2items_giveweapon.smx] [TF2Items GiveWeapon]2058_viewmodel: cannot find valid model models/custom/weapons/antehgen/urinejar.mdl, skipping
L 08/28/2020 - 01:21:15: [tf2items_giveweapon.smx] [TF2Items GiveWeapon]2171_model: cannot find valid model models/advancedweaponiser/w_sickle_sniper.mdl, skipping
L 08/28/2020 - 01:21:15: [tf2items_giveweapon.smx] [TF2Items GiveWeapon]2171_viewmodel: cannot find valid model models/advancedweaponiser/w_sickle_sniper.mdl, skipping
L 08/28/2020 - 01:21:15: [tf2items_giveweapon.smx] [TF2Items GiveWeapon]2197_model: cannot find valid model models/custom/weapons/rebelscurse/c_wrench_v2.mdl, skipping
L 08/28/2020 - 01:21:15: [tf2items_giveweapon.smx] [TF2Items GiveWeapon]2197_viewmodel: cannot find valid model models/custom/weapons/rebelscurse/c_wrench_v2.mdl, skipping
L 08/28/2020 - 01:21:15: [tf2items_giveweapon.smx] [TF2Items GiveWeapon]2228_model: cannot find valid model models/advancedweaponiser/fbomb/c_fbomb.mdl, skipping
L 08/28/2020 - 01:21:15: [tf2items_giveweapon.smx] [TF2Items GiveWeapon]2228_viewmodel: cannot find valid model models/advancedweaponiser/fbomb/c_fbomb.mdl, skipping
L 08/28/2020 - 01:21:15: [tf2items_giveweapon.smx] [TF2Items GiveWeapon]5142_viewmodel: cannot find valid model models/custom/weapons/goldslinger/c_engineer_gunslinger.mdl, skipping
L 08/28/2020 - 01:21:16: [basecommands.smx] "Console<0><Console><Console>" changed cvar (cvar "nb_update_frequency") (value "0")
L 08/28/2020 - 02:27:38: [resizeplayers.smx] "Baseball Stadium Hot Dog<17><[U:1:109549249]><>" resized "Morshu<15><[U:1:405074225]><>"'s torso to 0.5.
L 08/28/2020 - 02:27:38: [resizeplayers.smx] "Baseball Stadium Hot Dog<17><[U:1:109549249]><>" resized "salsa<16><[U:1:1053240491]><>"'s torso to 0.5.
L 08/28/2020 - 02:27:38: [resizeplayers.smx] "Baseball Stadium Hot Dog<17><[U:1:109549249]><>" resized "Baseball Stadium Hot Dog<17><[U:1:109549249]><>"'s torso to 0.5.
L 08/28/2020 - 02:27:38: [resizeplayers.smx] "Baseball Stadium Hot Dog<17><[U:1:109549249]><>" resized "Aar<18><[U:1:89189905]><>"'s torso to 0.5.
L 08/28/2020 - 02:27:38: [resizeplayers.smx] "Baseball Stadium Hot Dog<17><[U:1:109549249]><>" resized "riku<19><[U:1:108618215]><>"'s torso to 0.5.
L 08/28/2020 - 02:27:38: [resizeplayers.smx] "Baseball Stadium Hot Dog<17><[U:1:109549249]><>" resized "Jtropical<20><[U:1:142341632]><>"'s torso to 0.5.
L 08/28/2020 - 02:27:48: [basecommands.smx] "Baseball Stadium Hot Dog<17><[U:1:109549249]><>" changed map to "plr_hightower"
L 08/28/2020 - 02:27:51: [SM] Changed map to "plr_hightower"
L 08/28/2020 - 02:27:52: -------- Mapchange to plr_hightower --------
L 08/28/2020 - 02:27:58: [tf2items_giveweapon.smx] [TF2Items GiveWeapon]2041_viewmodel: Preparing models/weapons/c_models/c_v_ludmila/c_v_ludmila.mdl
L 08/28/2020 - 02:27:58: [tf2items_giveweapon.smx] [TF2Items GiveWeapon]2058_model: cannot find valid model models/custom/weapons/antehgen/urinejar.mdl, skipping
L 08/28/2020 - 02:27:58: [tf2items_giveweapon.smx] [TF2Items GiveWeapon]2058_viewmodel: cannot find valid model models/custom/weapons/antehgen/urinejar.mdl, skipping
L 08/28/2020 - 02:27:58: [tf2items_giveweapon.smx] [TF2Items GiveWeapon]2171_model: cannot find valid model models/advancedweaponiser/w_sickle_sniper.mdl, skipping
L 08/28/2020 - 02:27:58: [tf2items_giveweapon.smx] [TF2Items GiveWeapon]2171_viewmodel: cannot find valid model models/advancedweaponiser/w_sickle_sniper.mdl, skipping
L 08/28/2020 - 02:27:58: [tf2items_giveweapon.smx] [TF2Items GiveWeapon]2197_model: cannot find valid model models/custom/weapons/rebelscurse/c_wrench_v2.mdl, skipping
L 08/28/2020 - 02:27:58: [tf2items_giveweapon.smx] [TF2Items GiveWeapon]2197_viewmodel: cannot find valid model models/custom/weapons/rebelscurse/c_wrench_v2.mdl, skipping
L 08/28/2020 - 02:27:58: [tf2items_giveweapon.smx] [TF2Items GiveWeapon]2228_model: cannot find valid model models/advancedweaponiser/fbomb/c_fbomb.mdl, skipping
L 08/28/2020 - 02:27:58: [tf2items_giveweapon.smx] [TF2Items GiveWeapon]2228_viewmodel: cannot find valid model models/advancedweaponiser/fbomb/c_fbomb.mdl, skipping
L 08/28/2020 - 02:27:58: [tf2items_giveweapon.smx] [TF2Items GiveWeapon]5142_viewmodel: cannot find valid model models/custom/weapons/goldslinger/c_engineer_gunslinger.mdl, skipping
L 08/28/2020 - 02:27:58: [basecommands.smx] "Console<0><Console><Console>" changed cvar (cvar "nb_update_frequency") (value "0")
L 08/28/2020 - 02:28:45: [resizeplayers.smx] "Baseball Stadium Hot Dog<17><[U:1:109549249]><>" resized "Morshu<15><[U:1:405074225]><>"'s torso to 0.5.
L 08/28/2020 - 02:28:45: [resizeplayers.smx] "Baseball Stadium Hot Dog<17><[U:1:109549249]><>" resized "salsa<16><[U:1:1053240491]><>"'s torso to 0.5.
L 08/28/2020 - 02:28:45: [resizeplayers.smx] "Baseball Stadium Hot Dog<17><[U:1:109549249]><>" resized "Baseball Stadium Hot Dog<17><[U:1:109549249]><>"'s torso to 0.5.
L 08/28/2020 - 02:28:45: [resizeplayers.smx] "Baseball Stadium Hot Dog<17><[U:1:109549249]><>" resized "Aar<18><[U:1:89189905]><>"'s torso to 0.5.
L 08/28/2020 - 02:28:45: [resizeplayers.smx] "Baseball Stadium Hot Dog<17><[U:1:109549249]><>" resized "riku<19><[U:1:108618215]><>"'s torso to 0.5.
L 08/28/2020 - 02:28:45: [resizeplayers.smx] "Baseball Stadium Hot Dog<17><[U:1:109549249]><>" resized "Jtropical<20><[U:1:142341632]><>"'s torso to 0.5.
L 08/28/2020 - 02:28:45: [resizeplayers.smx] "Baseball Stadium Hot Dog<17><[U:1:109549249]><>" resized "mali<23><[U:1:321506972]><>"'s torso to 0.5.
L 08/28/2020 - 02:28:45: [resizeplayers.smx] "Baseball Stadium Hot Dog<17><[U:1:109549249]><>" resized "happo<22><[U:1:149476746]><>"'s torso to 0.5.
L 08/28/2020 - 02:28:45: [resizeplayers.smx] "Baseball Stadium Hot Dog<17><[U:1:109549249]><>" resized "MEGALONGDONG<24><[U:1:405853553]><>"'s torso to 0.5.
L 08/28/2020 - 02:28:45: [resizeplayers.smx] "Baseball Stadium Hot Dog<17><[U:1:109549249]><>" resized "muscovy<25><[U:1:145903906]><>"'s torso to 0.5.
L 08/28/2020 - 02:28:45: [resizeplayers.smx] "Baseball Stadium Hot Dog<17><[U:1:109549249]><>" resized "Beesechurger Urine<26><[U:1:92165345]><>"'s torso to 0.5.
L 08/28/2020 - 02:29:14: [resizeplayers.smx] "Baseball Stadium Hot Dog<17><[U:1:109549249]><>" resized "Morshu<15><[U:1:405074225]><>"'s torso to 0.5.
L 08/28/2020 - 02:29:14: [resizeplayers.smx] "Baseball Stadium Hot Dog<17><[U:1:109549249]><>" resized "salsa<16><[U:1:1053240491]><>"'s torso to 0.5.
L 08/28/2020 - 02:29:14: [resizeplayers.smx] "Baseball Stadium Hot Dog<17><[U:1:109549249]><>" resized "Baseball Stadium Hot Dog<17><[U:1:109549249]><>"'s torso to 0.5.
L 08/28/2020 - 02:29:14: [resizeplayers.smx] "Baseball Stadium Hot Dog<17><[U:1:109549249]><>" resized "Aar<18><[U:1:89189905]><>"'s torso to 0.5.
L 08/28/2020 - 02:29:14: [resizeplayers.smx] "Baseball Stadium Hot Dog<17><[U:1:109549249]><>" resized "riku<19><[U:1:108618215]><>"'s torso to 0.5.
L 08/28/2020 - 02:29:14: [resizeplayers.smx] "Baseball Stadium Hot Dog<17><[U:1:109549249]><>" resized "Jtropical<20><[U:1:142341632]><>"'s torso to 0.5.
L 08/28/2020 - 02:29:14: [resizeplayers.smx] "Baseball Stadium Hot Dog<17><[U:1:109549249]><>" resized "mali<23><[U:1:321506972]><>"'s torso to 0.5.
L 08/28/2020 - 02:29:14: [resizeplayers.smx] "Baseball Stadium Hot Dog<17><[U:1:109549249]><>" resized "happo<22><[U:1:149476746]><>"'s torso to 0.5.
L 08/28/2020 - 02:29:14: [resizeplayers.smx] "Baseball Stadium Hot Dog<17><[U:1:109549249]><>" resized "MEGALONGDONG<24><[U:1:405853553]><>"'s torso to 0.5.
L 08/28/2020 - 02:29:14: [resizeplayers.smx] "Baseball Stadium Hot Dog<17><[U:1:109549249]><>" resized "muscovy<25><[U:1:145903906]><>"'s torso to 0.5.
L 08/28/2020 - 02:29:14: [resizeplayers.smx] "Baseball Stadium Hot Dog<17><[U:1:109549249]><>" resized "Beesechurger Urine<26><[U:1:92165345]><>"'s torso to 0.5.
L 08/28/2020 - 02:29:34: [resizeplayers.smx] "Baseball Stadium Hot Dog<17><[U:1:109549249]><>" resized "Morshu<15><[U:1:405074225]><>"'s torso to 10.0.
L 08/28/2020 - 02:29:34: [resizeplayers.smx] "Baseball Stadium Hot Dog<17><[U:1:109549249]><>" resized "salsa<16><[U:1:1053240491]><>"'s torso to 10.0.
L 08/28/2020 - 02:29:34: [resizeplayers.smx] "Baseball Stadium Hot Dog<17><[U:1:109549249]><>" resized "Baseball Stadium Hot Dog<17><[U:1:109549249]><>"'s torso to 10.0.
L 08/28/2020 - 02:29:34: [resizeplayers.smx] "Baseball Stadium Hot Dog<17><[U:1:109549249]><>" resized "Aar<18><[U:1:89189905]><>"'s torso to 10.0.
L 08/28/2020 - 02:29:34: [resizeplayers.smx] "Baseball Stadium Hot Dog<17><[U:1:109549249]><>" resized "riku<19><[U:1:108618215]><>"'s torso to 10.0.
L 08/28/2020 - 02:29:34: [resizeplayers.smx] "Baseball Stadium Hot Dog<17><[U:1:109549249]><>" resized "Jtropical<20><[U:1:142341632]><>"'s torso to 10.0.
L 08/28/2020 - 02:29:34: [resizeplayers.smx] "Baseball Stadium Hot Dog<17><[U:1:109549249]><>" resized "mali<23><[U:1:321506972]><>"'s torso to 10.0.
L 08/28/2020 - 02:29:34: [resizeplayers.smx] "Baseball Stadium Hot Dog<17><[U:1:109549249]><>" resized "happo<22><[U:1:149476746]><>"'s torso to 10.0.
L 08/28/2020 - 02:29:34: [resizeplayers.smx] "Baseball Stadium Hot Dog<17><[U:1:109549249]><>" resized "MEGALONGDONG<24><[U:1:405853553]><>"'s torso to 10.0.
L 08/28/2020 - 02:29:34: [resizeplayers.smx] "Baseball Stadium Hot Dog<17><[U:1:109549249]><>" resized "muscovy<25><[U:1:145903906]><>"'s torso to 10.0.
L 08/28/2020 - 02:29:34: [resizeplayers.smx] "Baseball Stadium Hot Dog<17><[U:1:109549249]><>" resized "Beesechurger Urine<26><[U:1:92165345]><>"'s torso to 10.0.
L 08/28/2020 - 02:29:57: [resizeplayers.smx] "mali<23><[U:1:321506972]><>" resized "mali<23><[U:1:321506972]><>" to 0.1.
L 08/28/2020 - 02:30:27: [resizeplayers.smx] "Baseball Stadium Hot Dog<17><[U:1:109549249]><>" resized "Morshu<15><[U:1:405074225]><>"'s torso to 0.5.
L 08/28/2020 - 02:30:27: [resizeplayers.smx] "Baseball Stadium Hot Dog<17><[U:1:109549249]><>" resized "salsa<16><[U:1:1053240491]><>"'s torso to 0.5.
L 08/28/2020 - 02:30:27: [resizeplayers.smx] "Baseball Stadium Hot Dog<17><[U:1:109549249]><>" resized "Baseball Stadium Hot Dog<17><[U:1:109549249]><>"'s torso to 0.5.
L 08/28/2020 - 02:30:27: [resizeplayers.smx] "Baseball Stadium Hot Dog<17><[U:1:109549249]><>" resized "Aar<18><[U:1:89189905]><>"'s torso to 0.5.
L 08/28/2020 - 02:30:27: [resizeplayers.smx] "Baseball Stadium Hot Dog<17><[U:1:109549249]><>" resized "riku<19><[U:1:108618215]><>"'s torso to 0.5.
L 08/28/2020 - 02:30:27: [resizeplayers.smx] "Baseball Stadium Hot Dog<17><[U:1:109549249]><>" resized "Jtropical<20><[U:1:142341632]><>"'s torso to 0.5.
L 08/28/2020 - 02:30:27: [resizeplayers.smx] "Baseball Stadium Hot Dog<17><[U:1:109549249]><>" resized "mali<23><[U:1:321506972]><>"'s torso to 0.5.
L 08/28/2020 - 02:30:27: [resizeplayers.smx] "Baseball Stadium Hot Dog<17><[U:1:109549249]><>" resized "happo<22><[U:1:149476746]><>"'s torso to 0.5.
L 08/28/2020 - 02:30:27: [resizeplayers.smx] "Baseball Stadium Hot Dog<17><[U:1:109549249]><>" resized "MEGALONGDONG<24><[U:1:405853553]><>"'s torso to 0.5.
L 08/28/2020 - 02:30:27: [resizeplayers.smx] "Baseball Stadium Hot Dog<17><[U:1:109549249]><>" resized "muscovy<25><[U:1:145903906]><>"'s torso to 0.5.
L 08/28/2020 - 02:30:27: [resizeplayers.smx] "Baseball Stadium Hot Dog<17><[U:1:109549249]><>" resized "Beesechurger Urine<26><[U:1:92165345]><>"'s torso to 0.5.
L 08/28/2020 - 02:30:27: [resizeplayers.smx] "Baseball Stadium Hot Dog<17><[U:1:109549249]><>" resized "Phyyrin<27><[U:1:194266929]><>"'s torso to 0.5.
L 08/28/2020 - 02:30:27: [resizeplayers.smx] "Baseball Stadium Hot Dog<17><[U:1:109549249]><>" resized "nor<28><[U:1:404626291]><>"'s torso to 0.5.
L 08/28/2020 - 02:30:42: [resizeplayers.smx] "Baseball Stadium Hot Dog<17><[U:1:109549249]><>" resized "Morshu<15><[U:1:405074225]><>"'s head to 5.0.
L 08/28/2020 - 02:30:42: [resizeplayers.smx] "Baseball Stadium Hot Dog<17><[U:1:109549249]><>" resized "salsa<16><[U:1:1053240491]><>"'s head to 5.0.
L 08/28/2020 - 02:30:42: [resizeplayers.smx] "Baseball Stadium Hot Dog<17><[U:1:109549249]><>" resized "Baseball Stadium Hot Dog<17><[U:1:109549249]><>"'s head to 5.0.
L 08/28/2020 - 02:30:42: [resizeplayers.smx] "Baseball Stadium Hot Dog<17><[U:1:109549249]><>" resized "Aar<18><[U:1:89189905]><>"'s head to 5.0.
L 08/28/2020 - 02:30:42: [resizeplayers.smx] "Baseball Stadium Hot Dog<17><[U:1:109549249]><>" resized "riku<19><[U:1:108618215]><>"'s head to 5.0.
L 08/28/2020 - 02:30:42: [resizeplayers.smx] "Baseball Stadium Hot Dog<17><[U:1:109549249]><>" resized "Jtropical<20><[U:1:142341632]><>"'s head to 5.0.
L 08/28/2020 - 02:30:42: [resizeplayers.smx] "Baseball Stadium Hot Dog<17><[U:1:109549249]><>" resized "mali<23><[U:1:321506972]><>"'s head to 5.0.
L 08/28/2020 - 02:30:42: [resizeplayers.smx] "Baseball Stadium Hot Dog<17><[U:1:109549249]><>" resized "happo<22><[U:1:149476746]><>"'s head to 5.0.
L 08/28/2020 - 02:30:42: [resizeplayers.smx] "Baseball Stadium Hot Dog<17><[U:1:109549249]><>" resized "MEGALONGDONG<24><[U:1:405853553]><>"'s head to 5.0.
L 08/28/2020 - 02:30:42: [resizeplayers.smx] "Baseball Stadium Hot Dog<17><[U:1:109549249]><>" resized "muscovy<25><[U:1:145903906]><>"'s head to 5.0.
L 08/28/2020 - 02:30:42: [resizeplayers.smx] "Baseball Stadium Hot Dog<17><[U:1:109549249]><>" resized "Beesechurger Urine<26><[U:1:92165345]><>"'s head to 5.0.
L 08/28/2020 - 02:30:42: [resizeplayers.smx] "Baseball Stadium Hot Dog<17><[U:1:109549249]><>" resized "Phyyrin<27><[U:1:194266929]><>"'s head to 5.0.
L 08/28/2020 - 02:30:42: [resizeplayers.smx] "Baseball Stadium Hot Dog<17><[U:1:109549249]><>" resized "nor<28><[U:1:404626291]><>"'s head to 5.0.
L 08/28/2020 - 02:31:13: [resizeplayers.smx] "Baseball Stadium Hot Dog<17><[U:1:109549249]><>" resized "Morshu<15><[U:1:405074225]><>"'s hands to 10.0.
L 08/28/2020 - 02:31:13: [resizeplayers.smx] "Baseball Stadium Hot Dog<17><[U:1:109549249]><>" resized "salsa<16><[U:1:1053240491]><>"'s hands to 10.0.
L 08/28/2020 - 02:31:13: [resizeplayers.smx] "Baseball Stadium Hot Dog<17><[U:1:109549249]><>" resized "Baseball Stadium Hot Dog<17><[U:1:109549249]><>"'s hands to 10.0.
L 08/28/2020 - 02:31:13: [resizeplayers.smx] "Baseball Stadium Hot Dog<17><[U:1:109549249]><>" resized "Aar<18><[U:1:89189905]><>"'s hands to 10.0.
L 08/28/2020 - 02:31:13: [resizeplayers.smx] "Baseball Stadium Hot Dog<17><[U:1:109549249]><>" resized "riku<19><[U:1:108618215]><>"'s hands to 10.0.
L 08/28/2020 - 02:31:13: [resizeplayers.smx] "Baseball Stadium Hot Dog<17><[U:1:109549249]><>" resized "Jtropical<20><[U:1:142341632]><>"'s hands to 10.0.
L 08/28/2020 - 02:31:13: [resizeplayers.smx] "Baseball Stadium Hot Dog<17><[U:1:109549249]><>" resized "mali<23><[U:1:321506972]><>"'s hands to 10.0.
L 08/28/2020 - 02:31:13: [resizeplayers.smx] "Baseball Stadium Hot Dog<17><[U:1:109549249]><>" resized "happo<22><[U:1:149476746]><>"'s hands to 10.0.
L 08/28/2020 - 02:31:13: [resizeplayers.smx] "Baseball Stadium Hot Dog<17><[U:1:109549249]><>" resized "MEGALONGDONG<24><[U:1:405853553]><>"'s hands to 10.0.
L 08/28/2020 - 02:31:13: [resizeplayers.smx] "Baseball Stadium Hot Dog<17><[U:1:109549249]><>" resized "muscovy<25><[U:1:145903906]><>"'s hands to 10.0.
L 08/28/2020 - 02:31:13: [resizeplayers.smx] "Baseball Stadium Hot Dog<17><[U:1:109549249]><>" resized "Beesechurger Urine<26><[U:1:92165345]><>"'s hands to 10.0.
L 08/28/2020 - 02:31:13: [resizeplayers.smx] "Baseball Stadium Hot Dog<17><[U:1:109549249]><>" resized "Phyyrin<27><[U:1:194266929]><>"'s hands to 10.0.
L 08/28/2020 - 02:31:13: [resizeplayers.smx] "Baseball Stadium Hot Dog<17><[U:1:109549249]><>" resized "nor<28><[U:1:404626291]><>"'s hands to 10.0.
L 08/28/2020 - 02:31:55: [resizeplayers.smx] "Baseball Stadium Hot Dog<17><[U:1:109549249]><>" resized "Morshu<15><[U:1:405074225]><>"'s hands to 0.1.
L 08/28/2020 - 02:31:55: [resizeplayers.smx] "Baseball Stadium Hot Dog<17><[U:1:109549249]><>" resized "salsa<16><[U:1:1053240491]><>"'s hands to 0.1.
L 08/28/2020 - 02:31:55: [resizeplayers.smx] "Baseball Stadium Hot Dog<17><[U:1:109549249]><>" resized "Baseball Stadium Hot Dog<17><[U:1:109549249]><>"'s hands to 0.1.
L 08/28/2020 - 02:31:55: [resizeplayers.smx] "Baseball Stadium Hot Dog<17><[U:1:109549249]><>" resized "Aar<18><[U:1:89189905]><>"'s hands to 0.1.
L 08/28/2020 - 02:31:55: [resizeplayers.smx] "Baseball Stadium Hot Dog<17><[U:1:109549249]><>" resized "riku<19><[U:1:108618215]><>"'s hands to 0.1.
L 08/28/2020 - 02:31:55: [resizeplayers.smx] "Baseball Stadium Hot Dog<17><[U:1:109549249]><>" resized "Jtropical<20><[U:1:142341632]><>"'s hands to 0.1.
L 08/28/2020 - 02:31:55: [resizeplayers.smx] "Baseball Stadium Hot Dog<17><[U:1:109549249]><>" resized "mali<23><[U:1:321506972]><>"'s hands to 0.1.
L 08/28/2020 - 02:31:55: [resizeplayers.smx] "Baseball Stadium Hot Dog<17><[U:1:109549249]><>" resized "happo<22><[U:1:149476746]><>"'s hands to 0.1.
L 08/28/2020 - 02:31:55: [resizeplayers.smx] "Baseball Stadium Hot Dog<17><[U:1:109549249]><>" resized "MEGALONGDONG<24><[U:1:405853553]><>"'s hands to 0.1.
L 08/28/2020 - 02:31:55: [resizeplayers.smx] "Baseball Stadium Hot Dog<17><[U:1:109549249]><>" resized "muscovy<25><[U:1:145903906]><>"'s hands to 0.1.
L 08/28/2020 - 02:31:55: [resizeplayers.smx] "Baseball Stadium Hot Dog<17><[U:1:109549249]><>" resized "Beesechurger Urine<26><[U:1:92165345]><>"'s hands to 0.1.
L 08/28/2020 - 02:31:55: [resizeplayers.smx] "Baseball Stadium Hot Dog<17><[U:1:109549249]><>" resized "Phyyrin<27><[U:1:194266929]><>"'s hands to 0.1.
L 08/28/2020 - 02:31:55: [resizeplayers.smx] "Baseball Stadium Hot Dog<17><[U:1:109549249]><>" resized "nor<28><[U:1:404626291]><>"'s hands to 0.1.
L 08/28/2020 - 02:32:05: [resizeplayers.smx] "Baseball Stadium Hot Dog<17><[U:1:109549249]><>" resized "Morshu<15><[U:1:405074225]><>"'s head to 0.5.
L 08/28/2020 - 02:32:05: [resizeplayers.smx] "Baseball Stadium Hot Dog<17><[U:1:109549249]><>" resized "salsa<16><[U:1:1053240491]><>"'s head to 0.5.
L 08/28/2020 - 02:32:05: [resizeplayers.smx] "Baseball Stadium Hot Dog<17><[U:1:109549249]><>" resized "Baseball Stadium Hot Dog<17><[U:1:109549249]><>"'s head to 0.5.
L 08/28/2020 - 02:32:05: [resizeplayers.smx] "Baseball Stadium Hot Dog<17><[U:1:109549249]><>" resized "Aar<18><[U:1:89189905]><>"'s head to 0.5.
L 08/28/2020 - 02:32:05: [resizeplayers.smx] "Baseball Stadium Hot Dog<17><[U:1:109549249]><>" resized "riku<19><[U:1:108618215]><>"'s head to 0.5.
L 08/28/2020 - 02:32:05: [resizeplayers.smx] "Baseball Stadium Hot Dog<17><[U:1:109549249]><>" resized "Jtropical<20><[U:1:142341632]><>"'s head to 0.5.
L 08/28/2020 - 02:32:05: [resizeplayers.smx] "Baseball Stadium Hot Dog<17><[U:1:109549249]><>" resized "mali<23><[U:1:321506972]><>"'s head to 0.5.
L 08/28/2020 - 02:32:05: [resizeplayers.smx] "Baseball Stadium Hot Dog<17><[U:1:109549249]><>" resized "happo<22><[U:1:149476746]><>"'s head to 0.5.
L 08/28/2020 - 02:32:05: [resizeplayers.smx] "Baseball Stadium Hot Dog<17><[U:1:109549249]><>" resized "MEGALONGDONG<24><[U:1:405853553]><>"'s head to 0.5.
L 08/28/2020 - 02:32:05: [resizeplayers.smx] "Baseball Stadium Hot Dog<17><[U:1:109549249]><>" resized "muscovy<25><[U:1:145903906]><>"'s head to 0.5.
L 08/28/2020 - 02:32:05: [resizeplayers.smx] "Baseball Stadium Hot Dog<17><[U:1:109549249]><>" resized "Beesechurger Urine<26><[U:1:92165345]><>"'s head to 0.5.
L 08/28/2020 - 02:32:05: [resizeplayers.smx] "Baseball Stadium Hot Dog<17><[U:1:109549249]><>" resized "Phyyrin<27><[U:1:194266929]><>"'s head to 0.5.
L 08/28/2020 - 02:32:05: [resizeplayers.smx] "Baseball Stadium Hot Dog<17><[U:1:109549249]><>" resized "nor<28><[U:1:404626291]><>"'s head to 0.5.
L 08/28/2020 - 02:32:33: [resizeplayers.smx] "Baseball Stadium Hot Dog<17><[U:1:109549249]><>" resized "Morshu<15><[U:1:405074225]><>"'s torso to 2.0.
L 08/28/2020 - 02:32:33: [resizeplayers.smx] "Baseball Stadium Hot Dog<17><[U:1:109549249]><>" resized "salsa<16><[U:1:1053240491]><>"'s torso to 2.0.
L 08/28/2020 - 02:32:33: [resizeplayers.smx] "Baseball Stadium Hot Dog<17><[U:1:109549249]><>" resized "Baseball Stadium Hot Dog<17><[U:1:109549249]><>"'s torso to 2.0.
L 08/28/2020 - 02:32:33: [resizeplayers.smx] "Baseball Stadium Hot Dog<17><[U:1:109549249]><>" resized "Aar<18><[U:1:89189905]><>"'s torso to 2.0.
L 08/28/2020 - 02:32:33: [resizeplayers.smx] "Baseball Stadium Hot Dog<17><[U:1:109549249]><>" resized "riku<19><[U:1:108618215]><>"'s torso to 2.0.
L 08/28/2020 - 02:32:33: [resizeplayers.smx] "Baseball Stadium Hot Dog<17><[U:1:109549249]><>" resized "Jtropical<20><[U:1:142341632]><>"'s torso to 2.0.
L 08/28/2020 - 02:32:33: [resizeplayers.smx] "Baseball Stadium Hot Dog<17><[U:1:109549249]><>" resized "mali<23><[U:1:321506972]><>"'s torso to 2.0.
L 08/28/2020 - 02:32:33: [resizeplayers.smx] "Baseball Stadium Hot Dog<17><[U:1:109549249]><>" resized "happo<22><[U:1:149476746]><>"'s torso to 2.0.
L 08/28/2020 - 02:32:33: [resizeplayers.smx] "Baseball Stadium Hot Dog<17><[U:1:109549249]><>" resized "MEGALONGDONG<24><[U:1:405853553]><>"'s torso to 2.0.
L 08/28/2020 - 02:32:33: [resizeplayers.smx] "Baseball Stadium Hot Dog<17><[U:1:109549249]><>" resized "muscovy<25><[U:1:145903906]><>"'s torso to 2.0.
L 08/28/2020 - 02:32:33: [resizeplayers.smx] "Baseball Stadium Hot Dog<17><[U:1:109549249]><>" resized "Beesechurger Urine<26><[U:1:92165345]><>"'s torso to 2.0.
L 08/28/2020 - 02:32:33: [resizeplayers.smx] "Baseball Stadium Hot Dog<17><[U:1:109549249]><>" resized "Phyyrin<27><[U:1:194266929]><>"'s torso to 2.0.
L 08/28/2020 - 02:32:33: [resizeplayers.smx] "Baseball Stadium Hot Dog<17><[U:1:109549249]><>" resized "nor<28><[U:1:404626291]><>"'s torso to 2.0.
L 08/28/2020 - 02:33:03: [resizeplayers.smx] "Baseball Stadium Hot Dog<17><[U:1:109549249]><>" resized "Morshu<15><[U:1:405074225]><>"'s head to 0.1.
L 08/28/2020 - 02:33:03: [resizeplayers.smx] "Baseball Stadium Hot Dog<17><[U:1:109549249]><>" resized "salsa<16><[U:1:1053240491]><>"'s head to 0.1.
L 08/28/2020 - 02:33:03: [resizeplayers.smx] "Baseball Stadium Hot Dog<17><[U:1:109549249]><>" resized "Baseball Stadium Hot Dog<17><[U:1:109549249]><>"'s head to 0.1.
L 08/28/2020 - 02:33:03: [resizeplayers.smx] "Baseball Stadium Hot Dog<17><[U:1:109549249]><>" resized "riku<19><[U:1:108618215]><>"'s head to 0.1.
L 08/28/2020 - 02:33:03: [resizeplayers.smx] "Baseball Stadium Hot Dog<17><[U:1:109549249]><>" resized "Jtropical<20><[U:1:142341632]><>"'s head to 0.1.
L 08/28/2020 - 02:33:03: [resizeplayers.smx] "Baseball Stadium Hot Dog<17><[U:1:109549249]><>" resized "mali<23><[U:1:321506972]><>"'s head to 0.1.
L 08/28/2020 - 02:33:03: [resizeplayers.smx] "Baseball Stadium Hot Dog<17><[U:1:109549249]><>" resized "happo<22><[U:1:149476746]><>"'s head to 0.1.
L 08/28/2020 - 02:33:03: [resizeplayers.smx] "Baseball Stadium Hot Dog<17><[U:1:109549249]><>" resized "MEGALONGDONG<24><[U:1:405853553]><>"'s head to 0.1.
L 08/28/2020 - 02:33:03: [resizeplayers.smx] "Baseball Stadium Hot Dog<17><[U:1:109549249]><>" resized "muscovy<25><[U:1:145903906]><>"'s head to 0.1.
L 08/28/2020 - 02:33:03: [resizeplayers.smx] "Baseball Stadium Hot Dog<17><[U:1:109549249]><>" resized "Beesechurger Urine<26><[U:1:92165345]><>"'s head to 0.1.
L 08/28/2020 - 02:33:03: [resizeplayers.smx] "Baseball Stadium Hot Dog<17><[U:1:109549249]><>" resized "Phyyrin<27><[U:1:194266929]><>"'s head to 0.1.
L 08/28/2020 - 02:33:03: [resizeplayers.smx] "Baseball Stadium Hot Dog<17><[U:1:109549249]><>" resized "nor<28><[U:1:404626291]><>"'s head to 0.1.
L 08/28/2020 - 02:33:20: [resizeplayers.smx] "happo<22><[U:1:149476746]><>" resized "happo<22><[U:1:149476746]><>"'s head to 3.00.
L 08/28/2020 - 02:33:30: [resizeplayers.smx] "Baseball Stadium Hot Dog<17><[U:1:109549249]><>" was resized to 1.0.
L 08/28/2020 - 02:33:30: [resizeplayers.smx] "Baseball Stadium Hot Dog<17><[U:1:109549249]><>"'s head was resized to 1.0.
L 08/28/2020 - 02:33:30: [resizeplayers.smx] "Baseball Stadium Hot Dog<17><[U:1:109549249]><>"'s torso was resized to 1.0.
L 08/28/2020 - 02:33:30: [resizeplayers.smx] "Baseball Stadium Hot Dog<17><[U:1:109549249]><>"'s hands were resized to 1.0.
L 08/28/2020 - 02:34:54: [resizeplayers.smx] "Baseball Stadium Hot Dog<17><[U:1:109549249]><>" resized "Morshu<15><[U:1:405074225]><>" to 1.0.
L 08/28/2020 - 02:34:54: [resizeplayers.smx] "Baseball Stadium Hot Dog<17><[U:1:109549249]><>" resized "salsa<16><[U:1:1053240491]><>" to 1.0.
L 08/28/2020 - 02:34:54: [resizeplayers.smx] "Baseball Stadium Hot Dog<17><[U:1:109549249]><>" resized "Baseball Stadium Hot Dog<17><[U:1:109549249]><>" to 1.0.
L 08/28/2020 - 02:34:54: [resizeplayers.smx] "Baseball Stadium Hot Dog<17><[U:1:109549249]><>" resized "Sponsored by Cheetos<30><[U:1:122722770]><>" to 1.0.
L 08/28/2020 - 02:34:54: [resizeplayers.smx] "Baseball Stadium Hot Dog<17><[U:1:109549249]><>" resized "Mars<31><[U:1:321212176]><>" to 1.0.
L 08/28/2020 - 02:34:54: [resizeplayers.smx] "Baseball Stadium Hot Dog<17><[U:1:109549249]><>" resized "Jtropical<20><[U:1:142341632]><>" to 1.0.
L 08/28/2020 - 02:34:54: [resizeplayers.smx] "Baseball Stadium Hot Dog<17><[U:1:109549249]><>" resized "the flea<23><[U:1:321506972]><>" to 1.0.
L 08/28/2020 - 02:34:54: [resizeplayers.smx] "Baseball Stadium Hot Dog<17><[U:1:109549249]><>" resized "happo<22><[U:1:149476746]><>" to 1.0.
L 08/28/2020 - 02:34:54: [resizeplayers.smx] "Baseball Stadium Hot Dog<17><[U:1:109549249]><>" resized "MEGALONGDONG<24><[U:1:405853553]><>" to 1.0.
L 08/28/2020 - 02:34:54: [resizeplayers.smx] "Baseball Stadium Hot Dog<17><[U:1:109549249]><>" resized "muscovy<25><[U:1:145903906]><>" to 1.0.
L 08/28/2020 - 02:34:54: [resizeplayers.smx] "Baseball Stadium Hot Dog<17><[U:1:109549249]><>" resized "Beesechurger Urine<26><[U:1:92165345]><>" to 1.0.
L 08/28/2020 - 02:34:54: [resizeplayers.smx] "Baseball Stadium Hot Dog<17><[U:1:109549249]><>" resized "Phyyrin<27><[U:1:194266929]><>" to 1.0.
L 08/28/2020 - 02:34:54: [resizeplayers.smx] "Baseball Stadium Hot Dog<17><[U:1:109549249]><>" resized "nor<28><[U:1:404626291]><>" to 1.0.
L 08/28/2020 - 02:34:54: [resizeplayers.smx] "Baseball Stadium Hot Dog<17><[U:1:109549249]><>" resized "Morshu<15><[U:1:405074225]><>"'s head to 1.0.
L 08/28/2020 - 02:34:54: [resizeplayers.smx] "Baseball Stadium Hot Dog<17><[U:1:109549249]><>" resized "salsa<16><[U:1:1053240491]><>"'s head to 1.0.
L 08/28/2020 - 02:34:54: [resizeplayers.smx] "Baseball Stadium Hot Dog<17><[U:1:109549249]><>" resized "Baseball Stadium Hot Dog<17><[U:1:109549249]><>"'s head to 1.0.
L 08/28/2020 - 02:34:54: [resizeplayers.smx] "Baseball Stadium Hot Dog<17><[U:1:109549249]><>" resized "Sponsored by Cheetos<30><[U:1:122722770]><>"'s head to 1.0.
L 08/28/2020 - 02:34:54: [resizeplayers.smx] "Baseball Stadium Hot Dog<17><[U:1:109549249]><>" resized "Mars<31><[U:1:321212176]><>"'s head to 1.0.
L 08/28/2020 - 02:34:54: [resizeplayers.smx] "Baseball Stadium Hot Dog<17><[U:1:109549249]><>" resized "Jtropical<20><[U:1:142341632]><>"'s head to 1.0.
L 08/28/2020 - 02:34:54: [resizeplayers.smx] "Baseball Stadium Hot Dog<17><[U:1:109549249]><>" resized "the flea<23><[U:1:321506972]><>"'s head to 1.0.
L 08/28/2020 - 02:34:54: [resizeplayers.smx] "Baseball Stadium Hot Dog<17><[U:1:109549249]><>" resized "happo<22><[U:1:149476746]><>"'s head to 1.0.
L 08/28/2020 - 02:34:54: [resizeplayers.smx] "Baseball Stadium Hot Dog<17><[U:1:109549249]><>" resized "MEGALONGDONG<24><[U:1:405853553]><>"'s head to 1.0.
L 08/28/2020 - 02:34:54: [resizeplayers.smx] "Baseball Stadium Hot Dog<17><[U:1:109549249]><>" resized "muscovy<25><[U:1:145903906]><>"'s head to 1.0.
L 08/28/2020 - 02:34:54: [resizeplayers.smx] "Baseball Stadium Hot Dog<17><[U:1:109549249]><>" resized "Beesechurger Urine<26><[U:1:92165345]><>"'s head to 1.0.
L 08/28/2020 - 02:34:54: [resizeplayers.smx] "Baseball Stadium Hot Dog<17><[U:1:109549249]><>" resized "Phyyrin<27><[U:1:194266929]><>"'s head to 1.0.
L 08/28/2020 - 02:34:54: [resizeplayers.smx] "Baseball Stadium Hot Dog<17><[U:1:109549249]><>" resized "nor<28><[U:1:404626291]><>"'s head to 1.0.
L 08/28/2020 - 02:34:54: [resizeplayers.smx] "Baseball Stadium Hot Dog<17><[U:1:109549249]><>" resized "Morshu<15><[U:1:405074225]><>"'s torso to 1.0.
L 08/28/2020 - 02:34:54: [resizeplayers.smx] "Baseball Stadium Hot Dog<17><[U:1:109549249]><>" resized "salsa<16><[U:1:1053240491]><>"'s torso to 1.0.
L 08/28/2020 - 02:34:54: [resizeplayers.smx] "Baseball Stadium Hot Dog<17><[U:1:109549249]><>" resized "Baseball Stadium Hot Dog<17><[U:1:109549249]><>"'s torso to 1.0.
L 08/28/2020 - 02:34:54: [resizeplayers.smx] "Baseball Stadium Hot Dog<17><[U:1:109549249]><>" resized "Sponsored by Cheetos<30><[U:1:122722770]><>"'s torso to 1.0.
L 08/28/2020 - 02:34:54: [resizeplayers.smx] "Baseball Stadium Hot Dog<17><[U:1:109549249]><>" resized "Mars<31><[U:1:321212176]><>"'s torso to 1.0.
L 08/28/2020 - 02:34:54: [resizeplayers.smx] "Baseball Stadium Hot Dog<17><[U:1:109549249]><>" resized "Jtropical<20><[U:1:142341632]><>"'s torso to 1.0.
L 08/28/2020 - 02:34:54: [resizeplayers.smx] "Baseball Stadium Hot Dog<17><[U:1:109549249]><>" resized "the flea<23><[U:1:321506972]><>"'s torso to 1.0.
L 08/28/2020 - 02:34:54: [resizeplayers.smx] "Baseball Stadium Hot Dog<17><[U:1:109549249]><>" resized "happo<22><[U:1:149476746]><>"'s torso to 1.0.
L 08/28/2020 - 02:34:54: [resizeplayers.smx] "Baseball Stadium Hot Dog<17><[U:1:109549249]><>" resized "MEGALONGDONG<24><[U:1:405853553]><>"'s torso to 1.0.
L 08/28/2020 - 02:34:54: [resizeplayers.smx] "Baseball Stadium Hot Dog<17><[U:1:109549249]><>" resized "muscovy<25><[U:1:145903906]><>"'s torso to 1.0.
L 08/28/2020 - 02:34:54: [resizeplayers.smx] "Baseball Stadium Hot Dog<17><[U:1:109549249]><>" resized "Beesechurger Urine<26><[U:1:92165345]><>"'s torso to 1.0.
L 08/28/2020 - 02:34:54: [resizeplayers.smx] "Baseball Stadium Hot Dog<17><[U:1:109549249]><>" resized "Phyyrin<27><[U:1:194266929]><>"'s torso to 1.0.
L 08/28/2020 - 02:34:54: [resizeplayers.smx] "Baseball Stadium Hot Dog<17><[U:1:109549249]><>" resized "nor<28><[U:1:404626291]><>"'s torso to 1.0.
L 08/28/2020 - 02:34:54: [resizeplayers.smx] "Baseball Stadium Hot Dog<17><[U:1:109549249]><>" resized "Morshu<15><[U:1:405074225]><>"'s hands to 1.0.
L 08/28/2020 - 02:34:54: [resizeplayers.smx] "Baseball Stadium Hot Dog<17><[U:1:109549249]><>" resized "salsa<16><[U:1:1053240491]><>"'s hands to 1.0.
L 08/28/2020 - 02:34:54: [resizeplayers.smx] "Baseball Stadium Hot Dog<17><[U:1:109549249]><>" resized "Baseball Stadium Hot Dog<17><[U:1:109549249]><>"'s hands to 1.0.
L 08/28/2020 - 02:34:54: [resizeplayers.smx] "Baseball Stadium Hot Dog<17><[U:1:109549249]><>" resized "Sponsored by Cheetos<30><[U:1:122722770]><>"'s hands to 1.0.
L 08/28/2020 - 02:34:54: [resizeplayers.smx] "Baseball Stadium Hot Dog<17><[U:1:109549249]><>" resized "Mars<31><[U:1:321212176]><>"'s hands to 1.0.
L 08/28/2020 - 02:34:54: [resizeplayers.smx] "Baseball Stadium Hot Dog<17><[U:1:109549249]><>" resized "Jtropical<20><[U:1:142341632]><>"'s hands to 1.0.
L 08/28/2020 - 02:34:54: [resizeplayers.smx] "Baseball Stadium Hot Dog<17><[U:1:109549249]><>" resized "the flea<23><[U:1:321506972]><>"'s hands to 1.0.
L 08/28/2020 - 02:34:54: [resizeplayers.smx] "Baseball Stadium Hot Dog<17><[U:1:109549249]><>" resized "happo<22><[U:1:149476746]><>"'s hands to 1.0.
L 08/28/2020 - 02:34:54: [resizeplayers.smx] "Baseball Stadium Hot Dog<17><[U:1:109549249]><>" resized "MEGALONGDONG<24><[U:1:405853553]><>"'s hands to 1.0.
L 08/28/2020 - 02:34:54: [resizeplayers.smx] "Baseball Stadium Hot Dog<17><[U:1:109549249]><>" resized "muscovy<25><[U:1:145903906]><>"'s hands to 1.0.
L 08/28/2020 - 02:34:54: [resizeplayers.smx] "Baseball Stadium Hot Dog<17><[U:1:109549249]><>" resized "Beesechurger Urine<26><[U:1:92165345]><>"'s hands to 1.0.
L 08/28/2020 - 02:34:54: [resizeplayers.smx] "Baseball Stadium Hot Dog<17><[U:1:109549249]><>" resized "Phyyrin<27><[U:1:194266929]><>"'s hands to 1.0.
L 08/28/2020 - 02:34:54: [resizeplayers.smx] "Baseball Stadium Hot Dog<17><[U:1:109549249]><>" resized "nor<28><[U:1:404626291]><>"'s hands to 1.0.
L 08/28/2020 - 02:35:02: [resizeplayers.smx] "the flea<23><[U:1:321506972]><>" resized "the flea<23><[U:1:321506972]><>" to 0.1.
L 08/28/2020 - 02:35:04: [resizeplayers.smx] "Baseball Stadium Hot Dog<17><[U:1:109549249]><>" resized "Morshu<15><[U:1:405074225]><>" to 5.0.
L 08/28/2020 - 02:35:04: [resizeplayers.smx] "Baseball Stadium Hot Dog<17><[U:1:109549249]><>" resized "salsa<16><[U:1:1053240491]><>" to 5.0.
L 08/28/2020 - 02:35:04: [resizeplayers.smx] "Baseball Stadium Hot Dog<17><[U:1:109549249]><>" resized "Baseball Stadium Hot Dog<17><[U:1:109549249]><>" to 5.0.
L 08/28/2020 - 02:35:04: [resizeplayers.smx] "Baseball Stadium Hot Dog<17><[U:1:109549249]><>" resized "Sponsored by Cheetos<30><[U:1:122722770]><>" to 5.0.
L 08/28/2020 - 02:35:04: [resizeplayers.smx] "Baseball Stadium Hot Dog<17><[U:1:109549249]><>" resized "Mars<31><[U:1:321212176]><>" to 5.0.
L 08/28/2020 - 02:35:04: [resizeplayers.smx] "Baseball Stadium Hot Dog<17><[U:1:109549249]><>" resized "Jtropical<20><[U:1:142341632]><>" to 5.0.
L 08/28/2020 - 02:35:04: [resizeplayers.smx] "Baseball Stadium Hot Dog<17><[U:1:109549249]><>" resized "the flea<23><[U:1:321506972]><>" to 5.0.
L 08/28/2020 - 02:35:04: [resizeplayers.smx] "Baseball Stadium Hot Dog<17><[U:1:109549249]><>" resized "happo<22><[U:1:149476746]><>" to 5.0.
L 08/28/2020 - 02:35:04: [resizeplayers.smx] "Baseball Stadium Hot Dog<17><[U:1:109549249]><>" resized "MEGALONGDONG<24><[U:1:405853553]><>" to 5.0.
L 08/28/2020 - 02:35:04: [resizeplayers.smx] "Baseball Stadium Hot Dog<17><[U:1:109549249]><>" resized "muscovy<25><[U:1:145903906]><>" to 5.0.
L 08/28/2020 - 02:35:04: [resizeplayers.smx] "Baseball Stadium Hot Dog<17><[U:1:109549249]><>" resized "Beesechurger Urine<26><[U:1:92165345]><>" to 5.0.
L 08/28/2020 - 02:35:04: [resizeplayers.smx] "Baseball Stadium Hot Dog<17><[U:1:109549249]><>" resized "Phyyrin<27><[U:1:194266929]><>" to 5.0.
L 08/28/2020 - 02:35:04: [resizeplayers.smx] "Baseball Stadium Hot Dog<17><[U:1:109549249]><>" resized "nor<28><[U:1:404626291]><>" to 5.0.
L 08/28/2020 - 02:35:05: [resizeplayers.smx] "happo<22><[U:1:149476746]><>" resized "happo<22><[U:1:149476746]><>"'s head to 3.00.
L 08/28/2020 - 02:35:08: [resizeplayers.smx] "the flea<23><[U:1:321506972]><>" resized "the flea<23><[U:1:321506972]><>" to 0.1.
L 08/28/2020 - 02:35:12: [resizeplayers.smx] "Baseball Stadium Hot Dog<17><[U:1:109549249]><>" resized "Morshu<15><[U:1:405074225]><>" to 2.0.
L 08/28/2020 - 02:35:12: [resizeplayers.smx] "Baseball Stadium Hot Dog<17><[U:1:109549249]><>" resized "salsa<16><[U:1:1053240491]><>" to 2.0.
L 08/28/2020 - 02:35:12: [resizeplayers.smx] "Baseball Stadium Hot Dog<17><[U:1:109549249]><>" resized "Baseball Stadium Hot Dog<17><[U:1:109549249]><>" to 2.0.
L 08/28/2020 - 02:35:12: [resizeplayers.smx] "Baseball Stadium Hot Dog<17><[U:1:109549249]><>" resized "Sponsored by Cheetos<30><[U:1:122722770]><>" to 2.0.
L 08/28/2020 - 02:35:12: [resizeplayers.smx] "Baseball Stadium Hot Dog<17><[U:1:109549249]><>" resized "Mars<31><[U:1:321212176]><>" to 2.0.
L 08/28/2020 - 02:35:12: [resizeplayers.smx] "Baseball Stadium Hot Dog<17><[U:1:109549249]><>" resized "Jtropical<20><[U:1:142341632]><>" to 2.0.
L 08/28/2020 - 02:35:12: [resizeplayers.smx] "Baseball Stadium Hot Dog<17><[U:1:109549249]><>" resized "the flea<23><[U:1:321506972]><>" to 2.0.
L 08/28/2020 - 02:35:12: [resizeplayers.smx] "Baseball Stadium Hot Dog<17><[U:1:109549249]><>" resized "happo<22><[U:1:149476746]><>" to 2.0.
L 08/28/2020 - 02:35:12: [resizeplayers.smx] "Baseball Stadium Hot Dog<17><[U:1:109549249]><>" resized "MEGALONGDONG<24><[U:1:405853553]><>" to 2.0.
L 08/28/2020 - 02:35:12: [resizeplayers.smx] "Baseball Stadium Hot Dog<17><[U:1:109549249]><>" resized "muscovy<25><[U:1:145903906]><>" to 2.0.
L 08/28/2020 - 02:35:12: [resizeplayers.smx] "Baseball Stadium Hot Dog<17><[U:1:109549249]><>" resized "Beesechurger Urine<26><[U:1:92165345]><>" to 2.0.
L 08/28/2020 - 02:35:12: [resizeplayers.smx] "Baseball Stadium Hot Dog<17><[U:1:109549249]><>" resized "Phyyrin<27><[U:1:194266929]><>" to 2.0.
L 08/28/2020 - 02:35:12: [resizeplayers.smx] "Baseball Stadium Hot Dog<17><[U:1:109549249]><>" resized "nor<28><[U:1:404626291]><>" to 2.0.
L 08/28/2020 - 02:35:12: [resizeplayers.smx] "happo<22><[U:1:149476746]><>" resized "happo<22><[U:1:149476746]><>" to 0.1.
L 08/28/2020 - 02:35:14: [resizeplayers.smx] "happo<22><[U:1:149476746]><>" resized "happo<22><[U:1:149476746]><>" to 0.1.
L 08/28/2020 - 02:35:14: [resizeplayers.smx] "the flea<23><[U:1:321506972]><>" resized "the flea<23><[U:1:321506972]><>" to 0.1.
L 08/28/2020 - 02:35:28: [resizeplayers.smx] "Baseball Stadium Hot Dog<17><[U:1:109549249]><>" resized "Morshu<15><[U:1:405074225]><>" to 0.5.
L 08/28/2020 - 02:35:28: [resizeplayers.smx] "Baseball Stadium Hot Dog<17><[U:1:109549249]><>" resized "salsa<16><[U:1:1053240491]><>" to 0.5.
L 08/28/2020 - 02:35:28: [resizeplayers.smx] "Baseball Stadium Hot Dog<17><[U:1:109549249]><>" resized "Baseball Stadium Hot Dog<17><[U:1:109549249]><>" to 0.5.
L 08/28/2020 - 02:35:28: [resizeplayers.smx] "Baseball Stadium Hot Dog<17><[U:1:109549249]><>" resized "Sponsored by Cheetos<30><[U:1:122722770]><>" to 0.5.
L 08/28/2020 - 02:35:28: [resizeplayers.smx] "Baseball Stadium Hot Dog<17><[U:1:109549249]><>" resized "Mars<31><[U:1:321212176]><>" to 0.5.
L 08/28/2020 - 02:35:28: [resizeplayers.smx] "Baseball Stadium Hot Dog<17><[U:1:109549249]><>" resized "Jtropical<20><[U:1:142341632]><>" to 0.5.
L 08/28/2020 - 02:35:28: [resizeplayers.smx] "Baseball Stadium Hot Dog<17><[U:1:109549249]><>" resized "the flea<23><[U:1:321506972]><>" to 0.5.
L 08/28/2020 - 02:35:28: [resizeplayers.smx] "Baseball Stadium Hot Dog<17><[U:1:109549249]><>" resized "happo<22><[U:1:149476746]><>" to 0.5.
L 08/28/2020 - 02:35:28: [resizeplayers.smx] "Baseball Stadium Hot Dog<17><[U:1:109549249]><>" resized "MEGALONGDONG<24><[U:1:405853553]><>" to 0.5.
L 08/28/2020 - 02:35:28: [resizeplayers.smx] "Baseball Stadium Hot Dog<17><[U:1:109549249]><>" resized "muscovy<25><[U:1:145903906]><>" to 0.5.
L 08/28/2020 - 02:35:28: [resizeplayers.smx] "Baseball Stadium Hot Dog<17><[U:1:109549249]><>" resized "Beesechurger Urine<26><[U:1:92165345]><>" to 0.5.
L 08/28/2020 - 02:35:28: [resizeplayers.smx] "Baseball Stadium Hot Dog<17><[U:1:109549249]><>" resized "Phyyrin<27><[U:1:194266929]><>" to 0.5.
L 08/28/2020 - 02:35:28: [resizeplayers.smx] "Baseball Stadium Hot Dog<17><[U:1:109549249]><>" resized "nor<28><[U:1:404626291]><>" to 0.5.
L 08/28/2020 - 02:35:31: [resizeplayers.smx] "the flea<23><[U:1:321506972]><>" resized "the flea<23><[U:1:321506972]><>" to 0.1.
L 08/28/2020 - 02:35:42: [resizeplayers.smx] "Baseball Stadium Hot Dog<17><[U:1:109549249]><>" resized "Morshu<15><[U:1:405074225]><>"'s torso to 10.0.
L 08/28/2020 - 02:35:42: [resizeplayers.smx] "Baseball Stadium Hot Dog<17><[U:1:109549249]><>" resized "salsa<16><[U:1:1053240491]><>"'s torso to 10.0.
L 08/28/2020 - 02:35:42: [resizeplayers.smx] "Baseball Stadium Hot Dog<17><[U:1:109549249]><>" resized "Baseball Stadium Hot Dog<17><[U:1:109549249]><>"'s torso to 10.0.
L 08/28/2020 - 02:35:42: [resizeplayers.smx] "Baseball Stadium Hot Dog<17><[U:1:109549249]><>" resized "Sponsored by Cheetos<30><[U:1:122722770]><>"'s torso to 10.0.
L 08/28/2020 - 02:35:42: [resizeplayers.smx] "Baseball Stadium Hot Dog<17><[U:1:109549249]><>" resized "Mars<31><[U:1:321212176]><>"'s torso to 10.0.
L 08/28/2020 - 02:35:42: [resizeplayers.smx] "Baseball Stadium Hot Dog<17><[U:1:109549249]><>" resized "Jtropical<20><[U:1:142341632]><>"'s torso to 10.0.
L 08/28/2020 - 02:35:42: [resizeplayers.smx] "Baseball Stadium Hot Dog<17><[U:1:109549249]><>" resized "the flea<23><[U:1:321506972]><>"'s torso to 10.0.
L 08/28/2020 - 02:35:42: [resizeplayers.smx] "Baseball Stadium Hot Dog<17><[U:1:109549249]><>" resized "happo<22><[U:1:149476746]><>"'s torso to 10.0.
L 08/28/2020 - 02:35:42: [resizeplayers.smx] "Baseball Stadium Hot Dog<17><[U:1:109549249]><>" resized "MEGALONGDONG<24><[U:1:405853553]><>"'s torso to 10.0.
L 08/28/2020 - 02:35:42: [resizeplayers.smx] "Baseball Stadium Hot Dog<17><[U:1:109549249]><>" resized "muscovy<25><[U:1:145903906]><>"'s torso to 10.0.
L 08/28/2020 - 02:35:42: [resizeplayers.smx] "Baseball Stadium Hot Dog<17><[U:1:109549249]><>" resized "Beesechurger Urine<26><[U:1:92165345]><>"'s torso to 10.0.
L 08/28/2020 - 02:35:42: [resizeplayers.smx] "Baseball Stadium Hot Dog<17><[U:1:109549249]><>" resized "Phyyrin<27><[U:1:194266929]><>"'s torso to 10.0.
L 08/28/2020 - 02:35:42: [resizeplayers.smx] "Baseball Stadium Hot Dog<17><[U:1:109549249]><>" resized "nor<28><[U:1:404626291]><>"'s torso to 10.0.
L 08/28/2020 - 02:36:22: [resizeplayers.smx] "the flea<23><[U:1:321506972]><>" resized "the flea<23><[U:1:321506972]><>"'s torso to 1.0.
L 08/28/2020 - 02:36:53: [resizeplayers.smx] "Baseball Stadium Hot Dog<17><[U:1:109549249]><>" resized "Morshu<15><[U:1:405074225]><>" to 1.0.
L 08/28/2020 - 02:36:53: [resizeplayers.smx] "Baseball Stadium Hot Dog<17><[U:1:109549249]><>" resized "salsa<16><[U:1:1053240491]><>" to 1.0.
L 08/28/2020 - 02:36:53: [resizeplayers.smx] "Baseball Stadium Hot Dog<17><[U:1:109549249]><>" resized "Baseball Stadium Hot Dog<17><[U:1:109549249]><>" to 1.0.
L 08/28/2020 - 02:36:53: [resizeplayers.smx] "Baseball Stadium Hot Dog<17><[U:1:109549249]><>" resized "Sponsored by Cheetos<30><[U:1:122722770]><>" to 1.0.
L 08/28/2020 - 02:36:53: [resizeplayers.smx] "Baseball Stadium Hot Dog<17><[U:1:109549249]><>" resized "Mars<31><[U:1:321212176]><>" to 1.0.
L 08/28/2020 - 02:36:53: [resizeplayers.smx] "Baseball Stadium Hot Dog<17><[U:1:109549249]><>" resized "Jtropical<20><[U:1:142341632]><>" to 1.0.
L 08/28/2020 - 02:36:53: [resizeplayers.smx] "Baseball Stadium Hot Dog<17><[U:1:109549249]><>" resized "the flea<23><[U:1:321506972]><>" to 1.0.
L 08/28/2020 - 02:36:53: [resizeplayers.smx] "Baseball Stadium Hot Dog<17><[U:1:109549249]><>" resized "happo<22><[U:1:149476746]><>" to 1.0.
L 08/28/2020 - 02:36:53: [resizeplayers.smx] "Baseball Stadium Hot Dog<17><[U:1:109549249]><>" resized "MEGALONGDONG<24><[U:1:405853553]><>" to 1.0.
L 08/28/2020 - 02:36:53: [resizeplayers.smx] "Baseball Stadium Hot Dog<17><[U:1:109549249]><>" resized "muscovy<25><[U:1:145903906]><>" to 1.0.
L 08/28/2020 - 02:36:53: [resizeplayers.smx] "Baseball Stadium Hot Dog<17><[U:1:109549249]><>" resized "Phyyrin<27><[U:1:194266929]><>" to 1.0.
L 08/28/2020 - 02:36:53: [resizeplayers.smx] "Baseball Stadium Hot Dog<17><[U:1:109549249]><>" resized "nor<28><[U:1:404626291]><>" to 1.0.
L 08/28/2020 - 02:36:53: [resizeplayers.smx] "Baseball Stadium Hot Dog<17><[U:1:109549249]><>" resized "Morshu<15><[U:1:405074225]><>"'s head to 1.0.
L 08/28/2020 - 02:36:53: [resizeplayers.smx] "Baseball Stadium Hot Dog<17><[U:1:109549249]><>" resized "salsa<16><[U:1:1053240491]><>"'s head to 1.0.
L 08/28/2020 - 02:36:53: [resizeplayers.smx] "Baseball Stadium Hot Dog<17><[U:1:109549249]><>" resized "Baseball Stadium Hot Dog<17><[U:1:109549249]><>"'s head to 1.0.
L 08/28/2020 - 02:36:53: [resizeplayers.smx] "Baseball Stadium Hot Dog<17><[U:1:109549249]><>" resized "Sponsored by Cheetos<30><[U:1:122722770]><>"'s head to 1.0.
L 08/28/2020 - 02:36:53: [resizeplayers.smx] "Baseball Stadium Hot Dog<17><[U:1:109549249]><>" resized "Mars<31><[U:1:321212176]><>"'s head to 1.0.
L 08/28/2020 - 02:36:53: [resizeplayers.smx] "Baseball Stadium Hot Dog<17><[U:1:109549249]><>" resized "Jtropical<20><[U:1:142341632]><>"'s head to 1.0.
L 08/28/2020 - 02:36:53: [resizeplayers.smx] "Baseball Stadium Hot Dog<17><[U:1:109549249]><>" resized "the flea<23><[U:1:321506972]><>"'s head to 1.0.
L 08/28/2020 - 02:36:53: [resizeplayers.smx] "Baseball Stadium Hot Dog<17><[U:1:109549249]><>" resized "happo<22><[U:1:149476746]><>"'s head to 1.0.
L 08/28/2020 - 02:36:53: [resizeplayers.smx] "Baseball Stadium Hot Dog<17><[U:1:109549249]><>" resized "MEGALONGDONG<24><[U:1:405853553]><>"'s head to 1.0.
L 08/28/2020 - 02:36:53: [resizeplayers.smx] "Baseball Stadium Hot Dog<17><[U:1:109549249]><>" resized "muscovy<25><[U:1:145903906]><>"'s head to 1.0.
L 08/28/2020 - 02:36:53: [resizeplayers.smx] "Baseball Stadium Hot Dog<17><[U:1:109549249]><>" resized "Phyyrin<27><[U:1:194266929]><>"'s head to 1.0.
L 08/28/2020 - 02:36:53: [resizeplayers.smx] "Baseball Stadium Hot Dog<17><[U:1:109549249]><>" resized "nor<28><[U:1:404626291]><>"'s head to 1.0.
L 08/28/2020 - 02:36:53: [resizeplayers.smx] "Baseball Stadium Hot Dog<17><[U:1:109549249]><>" resized "Morshu<15><[U:1:405074225]><>"'s torso to 1.0.
L 08/28/2020 - 02:36:53: [resizeplayers.smx] "Baseball Stadium Hot Dog<17><[U:1:109549249]><>" resized "salsa<16><[U:1:1053240491]><>"'s torso to 1.0.
L 08/28/2020 - 02:36:53: [resizeplayers.smx] "Baseball Stadium Hot Dog<17><[U:1:109549249]><>" resized "Baseball Stadium Hot Dog<17><[U:1:109549249]><>"'s torso to 1.0.
L 08/28/2020 - 02:36:53: [resizeplayers.smx] "Baseball Stadium Hot Dog<17><[U:1:109549249]><>" resized "Sponsored by Cheetos<30><[U:1:122722770]><>"'s torso to 1.0.
L 08/28/2020 - 02:36:53: [resizeplayers.smx] "Baseball Stadium Hot Dog<17><[U:1:109549249]><>" resized "Mars<31><[U:1:321212176]><>"'s torso to 1.0.
L 08/28/2020 - 02:36:53: [resizeplayers.smx] "Baseball Stadium Hot Dog<17><[U:1:109549249]><>" resized "Jtropical<20><[U:1:142341632]><>"'s torso to 1.0.
L 08/28/2020 - 02:36:53: [resizeplayers.smx] "Baseball Stadium Hot Dog<17><[U:1:109549249]><>" resized "the flea<23><[U:1:321506972]><>"'s torso to 1.0.
L 08/28/2020 - 02:36:53: [resizeplayers.smx] "Baseball Stadium Hot Dog<17><[U:1:109549249]><>" resized "happo<22><[U:1:149476746]><>"'s torso to 1.0.
L 08/28/2020 - 02:36:53: [resizeplayers.smx] "Baseball Stadium Hot Dog<17><[U:1:109549249]><>" resized "MEGALONGDONG<24><[U:1:405853553]><>"'s torso to 1.0.
L 08/28/2020 - 02:36:53: [resizeplayers.smx] "Baseball Stadium Hot Dog<17><[U:1:109549249]><>" resized "muscovy<25><[U:1:145903906]><>"'s torso to 1.0.
L 08/28/2020 - 02:36:53: [resizeplayers.smx] "Baseball Stadium Hot Dog<17><[U:1:109549249]><>" resized "Phyyrin<27><[U:1:194266929]><>"'s torso to 1.0.
L 08/28/2020 - 02:36:53: [resizeplayers.smx] "Baseball Stadium Hot Dog<17><[U:1:109549249]><>" resized "nor<28><[U:1:404626291]><>"'s torso to 1.0.
L 08/28/2020 - 02:36:53: [resizeplayers.smx] "Baseball Stadium Hot Dog<17><[U:1:109549249]><>" resized "Morshu<15><[U:1:405074225]><>"'s hands to 1.0.
L 08/28/2020 - 02:36:53: [resizeplayers.smx] "Baseball Stadium Hot Dog<17><[U:1:109549249]><>" resized "salsa<16><[U:1:1053240491]><>"'s hands to 1.0.
L 08/28/2020 - 02:36:53: [resizeplayers.smx] "Baseball Stadium Hot Dog<17><[U:1:109549249]><>" resized "Baseball Stadium Hot Dog<17><[U:1:109549249]><>"'s hands to 1.0.
L 08/28/2020 - 02:36:53: [resizeplayers.smx] "Baseball Stadium Hot Dog<17><[U:1:109549249]><>" resized "Sponsored by Cheetos<30><[U:1:122722770]><>"'s hands to 1.0.
L 08/28/2020 - 02:36:53: [resizeplayers.smx] "Baseball Stadium Hot Dog<17><[U:1:109549249]><>" resized "Mars<31><[U:1:321212176]><>"'s hands to 1.0.
L 08/28/2020 - 02:36:53: [resizeplayers.smx] "Baseball Stadium Hot Dog<17><[U:1:109549249]><>" resized "Jtropical<20><[U:1:142341632]><>"'s hands to 1.0.
L 08/28/2020 - 02:36:53: [resizeplayers.smx] "Baseball Stadium Hot Dog<17><[U:1:109549249]><>" resized "the flea<23><[U:1:321506972]><>"'s hands to 1.0.
L 08/28/2020 - 02:36:53: [resizeplayers.smx] "Baseball Stadium Hot Dog<17><[U:1:109549249]><>" resized "happo<22><[U:1:149476746]><>"'s hands to 1.0.
L 08/28/2020 - 02:36:53: [resizeplayers.smx] "Baseball Stadium Hot Dog<17><[U:1:109549249]><>" resized "MEGALONGDONG<24><[U:1:405853553]><>"'s hands to 1.0.
L 08/28/2020 - 02:36:53: [resizeplayers.smx] "Baseball Stadium Hot Dog<17><[U:1:109549249]><>" resized "muscovy<25><[U:1:145903906]><>"'s hands to 1.0.
L 08/28/2020 - 02:36:53: [resizeplayers.smx] "Baseball Stadium Hot Dog<17><[U:1:109549249]><>" resized "Phyyrin<27><[U:1:194266929]><>"'s hands to 1.0.
L 08/28/2020 - 02:36:53: [resizeplayers.smx] "Baseball Stadium Hot Dog<17><[U:1:109549249]><>" resized "nor<28><[U:1:404626291]><>"'s hands to 1.0.
L 08/28/2020 - 02:36:59: [resizeplayers.smx] "the flea<23><[U:1:321506972]><>" resized "the flea<23><[U:1:321506972]><>" to 0.1.
L 08/28/2020 - 02:37:32: [resizeplayers.smx] "Baseball Stadium Hot Dog<17><[U:1:109549249]><>" resized "Morshu<15><[U:1:405074225]><>"'s torso to 0.1.
L 08/28/2020 - 02:37:32: [resizeplayers.smx] "Baseball Stadium Hot Dog<17><[U:1:109549249]><>" resized "salsa<16><[U:1:1053240491]><>"'s torso to 0.1.
L 08/28/2020 - 02:37:32: [resizeplayers.smx] "Baseball Stadium Hot Dog<17><[U:1:109549249]><>" resized "Baseball Stadium Hot Dog<17><[U:1:109549249]><>"'s torso to 0.1.
L 08/28/2020 - 02:37:32: [resizeplayers.smx] "Baseball Stadium Hot Dog<17><[U:1:109549249]><>" resized "Sponsored by Cheetos<30><[U:1:122722770]><>"'s torso to 0.1.
L 08/28/2020 - 02:37:32: [resizeplayers.smx] "Baseball Stadium Hot Dog<17><[U:1:109549249]><>" resized "Mars<31><[U:1:321212176]><>"'s torso to 0.1.
L 08/28/2020 - 02:37:32: [resizeplayers.smx] "Baseball Stadium Hot Dog<17><[U:1:109549249]><>" resized "the flea<23><[U:1:321506972]><>"'s torso to 0.1.
L 08/28/2020 - 02:37:32: [resizeplayers.smx] "Baseball Stadium Hot Dog<17><[U:1:109549249]><>" resized "MEGALONGDONG<24><[U:1:405853553]><>"'s torso to 0.1.
L 08/28/2020 - 02:37:32: [resizeplayers.smx] "Baseball Stadium Hot Dog<17><[U:1:109549249]><>" resized "muscovy<25><[U:1:145903906]><>"'s torso to 0.1.
L 08/28/2020 - 02:37:32: [resizeplayers.smx] "Baseball Stadium Hot Dog<17><[U:1:109549249]><>" resized "Phyyrin<27><[U:1:194266929]><>"'s torso to 0.1.
L 08/28/2020 - 02:38:28: [resizeplayers.smx] "Baseball Stadium Hot Dog<17><[U:1:109549249]><>" resized "Morshu<15><[U:1:405074225]><>"'s torso to 0.05.
L 08/28/2020 - 02:38:28: [resizeplayers.smx] "Baseball Stadium Hot Dog<17><[U:1:109549249]><>" resized "salsa<16><[U:1:1053240491]><>"'s torso to 0.05.
L 08/28/2020 - 02:38:28: [resizeplayers.smx] "Baseball Stadium Hot Dog<17><[U:1:109549249]><>" resized "Baseball Stadium Hot Dog<17><[U:1:109549249]><>"'s torso to 0.05.
L 08/28/2020 - 02:38:28: [resizeplayers.smx] "Baseball Stadium Hot Dog<17><[U:1:109549249]><>" resized "Sponsored by Cheetos<30><[U:1:122722770]><>"'s torso to 0.05.
L 08/28/2020 - 02:38:28: [resizeplayers.smx] "Baseball Stadium Hot Dog<17><[U:1:109549249]><>" resized "Mars<31><[U:1:321212176]><>"'s torso to 0.05.
L 08/28/2020 - 02:38:28: [resizeplayers.smx] "Baseball Stadium Hot Dog<17><[U:1:109549249]><>" resized "the flea<23><[U:1:321506972]><>"'s torso to 0.05.
L 08/28/2020 - 02:38:28: [resizeplayers.smx] "Baseball Stadium Hot Dog<17><[U:1:109549249]><>" resized "MEGALONGDONG<24><[U:1:405853553]><>"'s torso to 0.05.
L 08/28/2020 - 02:38:28: [resizeplayers.smx] "Baseball Stadium Hot Dog<17><[U:1:109549249]><>" resized "muscovy<25><[U:1:145903906]><>"'s torso to 0.05.
L 08/28/2020 - 02:38:28: [resizeplayers.smx] "Baseball Stadium Hot Dog<17><[U:1:109549249]><>" resized "Phyyrin<27><[U:1:194266929]><>"'s torso to 0.05.
L 08/28/2020 - 02:39:00: [resizeplayers.smx] "Baseball Stadium Hot Dog<17><[U:1:109549249]><>" resized "Morshu<15><[U:1:405074225]><>"'s torso to 1.0 for 120 seconds.
L 08/28/2020 - 02:39:00: [resizeplayers.smx] "Baseball Stadium Hot Dog<17><[U:1:109549249]><>" resized "salsa<16><[U:1:1053240491]><>"'s torso to 1.0 for 120 seconds.
L 08/28/2020 - 02:39:00: [resizeplayers.smx] "Baseball Stadium Hot Dog<17><[U:1:109549249]><>" resized "Baseball Stadium Hot Dog<17><[U:1:109549249]><>"'s torso to 1.0 for 120 seconds.
L 08/28/2020 - 02:39:00: [resizeplayers.smx] "Baseball Stadium Hot Dog<17><[U:1:109549249]><>" resized "Sponsored by Cheetos<30><[U:1:122722770]><>"'s torso to 1.0 for 120 seconds.
L 08/28/2020 - 02:39:00: [resizeplayers.smx] "Baseball Stadium Hot Dog<17><[U:1:109549249]><>" resized "Mars<31><[U:1:321212176]><>"'s torso to 1.0 for 120 seconds.
L 08/28/2020 - 02:39:00: [resizeplayers.smx] "Baseball Stadium Hot Dog<17><[U:1:109549249]><>" resized "the flea<23><[U:1:321506972]><>"'s torso to 1.0 for 120 seconds.
L 08/28/2020 - 02:39:00: [resizeplayers.smx] "Baseball Stadium Hot Dog<17><[U:1:109549249]><>" resized "MEGALONGDONG<24><[U:1:405853553]><>"'s torso to 1.0 for 120 seconds.
L 08/28/2020 - 02:39:00: [resizeplayers.smx] "Baseball Stadium Hot Dog<17><[U:1:109549249]><>" resized "muscovy<25><[U:1:145903906]><>"'s torso to 1.0 for 120 seconds.
L 08/28/2020 - 02:39:00: [resizeplayers.smx] "Baseball Stadium Hot Dog<17><[U:1:109549249]><>" resized "Phyyrin<27><[U:1:194266929]><>"'s torso to 1.0 for 120 seconds.
L 08/28/2020 - 02:39:40: [resizeplayers.smx] "Baseball Stadium Hot Dog<17><[U:1:109549249]><>" resized "Morshu<15><[U:1:405074225]><>"'s head to 25.0.
L 08/28/2020 - 02:39:40: [resizeplayers.smx] "Baseball Stadium Hot Dog<17><[U:1:109549249]><>" resized "salsa<16><[U:1:1053240491]><>"'s head to 25.0.
L 08/28/2020 - 02:39:40: [resizeplayers.smx] "Baseball Stadium Hot Dog<17><[U:1:109549249]><>" resized "Baseball Stadium Hot Dog<17><[U:1:109549249]><>"'s head to 25.0.
L 08/28/2020 - 02:39:40: [resizeplayers.smx] "Baseball Stadium Hot Dog<17><[U:1:109549249]><>" resized "Sponsored by Cheetos<30><[U:1:122722770]><>"'s head to 25.0.
L 08/28/2020 - 02:39:40: [resizeplayers.smx] "Baseball Stadium Hot Dog<17><[U:1:109549249]><>" resized "Mars<31><[U:1:321212176]><>"'s head to 25.0.
L 08/28/2020 - 02:39:40: [resizeplayers.smx] "Baseball Stadium Hot Dog<17><[U:1:109549249]><>" resized "the flea<23><[U:1:321506972]><>"'s head to 25.0.
L 08/28/2020 - 02:39:40: [resizeplayers.smx] "Baseball Stadium Hot Dog<17><[U:1:109549249]><>" resized "MEGALONGDONG<24><[U:1:405853553]><>"'s head to 25.0.
L 08/28/2020 - 02:39:40: [resizeplayers.smx] "Baseball Stadium Hot Dog<17><[U:1:109549249]><>" resized "muscovy<25><[U:1:145903906]><>"'s head to 25.0.
L 08/28/2020 - 02:39:40: [resizeplayers.smx] "Baseball Stadium Hot Dog<17><[U:1:109549249]><>" resized "Phyyrin<27><[U:1:194266929]><>"'s head to 25.0.
L 08/28/2020 - 02:39:48: [resizeplayers.smx] "Baseball Stadium Hot Dog<17><[U:1:109549249]><>" resized "Morshu<15><[U:1:405074225]><>"'s head to -1.0.
L 08/28/2020 - 02:39:48: [resizeplayers.smx] "Baseball Stadium Hot Dog<17><[U:1:109549249]><>" resized "salsa<16><[U:1:1053240491]><>"'s head to -1.0.
L 08/28/2020 - 02:39:48: [resizeplayers.smx] "Baseball Stadium Hot Dog<17><[U:1:109549249]><>" resized "Baseball Stadium Hot Dog<17><[U:1:109549249]><>"'s head to -1.0.
L 08/28/2020 - 02:39:48: [resizeplayers.smx] "Baseball Stadium Hot Dog<17><[U:1:109549249]><>" resized "Sponsored by Cheetos<30><[U:1:122722770]><>"'s head to -1.0.
L 08/28/2020 - 02:39:48: [resizeplayers.smx] "Baseball Stadium Hot Dog<17><[U:1:109549249]><>" resized "Mars<31><[U:1:321212176]><>"'s head to -1.0.
L 08/28/2020 - 02:39:48: [resizeplayers.smx] "Baseball Stadium Hot Dog<17><[U:1:109549249]><>" resized "the flea<23><[U:1:321506972]><>"'s head to -1.0.
L 08/28/2020 - 02:39:48: [resizeplayers.smx] "Baseball Stadium Hot Dog<17><[U:1:109549249]><>" resized "MEGALONGDONG<24><[U:1:405853553]><>"'s head to -1.0.
L 08/28/2020 - 02:39:48: [resizeplayers.smx] "Baseball Stadium Hot Dog<17><[U:1:109549249]><>" resized "muscovy<25><[U:1:145903906]><>"'s head to -1.0.
L 08/28/2020 - 02:39:48: [resizeplayers.smx] "Baseball Stadium Hot Dog<17><[U:1:109549249]><>" resized "Phyyrin<27><[U:1:194266929]><>"'s head to -1.0.
L 08/28/2020 - 02:40:05: [resizeplayers.smx] "Baseball Stadium Hot Dog<17><[U:1:109549249]><>" resized "Morshu<15><[U:1:405074225]><>"'s torso to -1.0.
L 08/28/2020 - 02:40:05: [resizeplayers.smx] "Baseball Stadium Hot Dog<17><[U:1:109549249]><>" resized "salsa<16><[U:1:1053240491]><>"'s torso to -1.0.
L 08/28/2020 - 02:40:05: [resizeplayers.smx] "Baseball Stadium Hot Dog<17><[U:1:109549249]><>" resized "Baseball Stadium Hot Dog<17><[U:1:109549249]><>"'s torso to -1.0.
L 08/28/2020 - 02:40:05: [resizeplayers.smx] "Baseball Stadium Hot Dog<17><[U:1:109549249]><>" resized "Sponsored by Cheetos<30><[U:1:122722770]><>"'s torso to -1.0.
L 08/28/2020 - 02:40:05: [resizeplayers.smx] "Baseball Stadium Hot Dog<17><[U:1:109549249]><>" resized "Mars<31><[U:1:321212176]><>"'s torso to -1.0.
L 08/28/2020 - 02:40:05: [resizeplayers.smx] "Baseball Stadium Hot Dog<17><[U:1:109549249]><>" resized "the flea<23><[U:1:321506972]><>"'s torso to -1.0.
L 08/28/2020 - 02:40:05: [resizeplayers.smx] "Baseball Stadium Hot Dog<17><[U:1:109549249]><>" resized "MEGALONGDONG<24><[U:1:405853553]><>"'s torso to -1.0.
L 08/28/2020 - 02:40:05: [resizeplayers.smx] "Baseball Stadium Hot Dog<17><[U:1:109549249]><>" resized "muscovy<25><[U:1:145903906]><>"'s torso to -1.0.
L 08/28/2020 - 02:40:05: [resizeplayers.smx] "Baseball Stadium Hot Dog<17><[U:1:109549249]><>" resized "Phyyrin<27><[U:1:194266929]><>"'s torso to -1.0.
L 08/28/2020 - 02:40:12: [resizeplayers.smx] "Baseball Stadium Hot Dog<17><[U:1:109549249]><>" resized "Morshu<15><[U:1:405074225]><>"'s head to 1.0.
L 08/28/2020 - 02:40:12: [resizeplayers.smx] "Baseball Stadium Hot Dog<17><[U:1:109549249]><>" resized "salsa<16><[U:1:1053240491]><>"'s head to 1.0.
L 08/28/2020 - 02:40:12: [resizeplayers.smx] "Baseball Stadium Hot Dog<17><[U:1:109549249]><>" resized "Baseball Stadium Hot Dog<17><[U:1:109549249]><>"'s head to 1.0.
L 08/28/2020 - 02:40:12: [resizeplayers.smx] "Baseball Stadium Hot Dog<17><[U:1:109549249]><>" resized "Sponsored by Cheetos<30><[U:1:122722770]><>"'s head to 1.0.
L 08/28/2020 - 02:40:12: [resizeplayers.smx] "Baseball Stadium Hot Dog<17><[U:1:109549249]><>" resized "Mars<31><[U:1:321212176]><>"'s head to 1.0.
L 08/28/2020 - 02:40:12: [resizeplayers.smx] "Baseball Stadium Hot Dog<17><[U:1:109549249]><>" resized "the flea<23><[U:1:321506972]><>"'s head to 1.0.
L 08/28/2020 - 02:40:12: [resizeplayers.smx] "Baseball Stadium Hot Dog<17><[U:1:109549249]><>" resized "MEGALONGDONG<24><[U:1:405853553]><>"'s head to 1.0.
L 08/28/2020 - 02:40:12: [resizeplayers.smx] "Baseball Stadium Hot Dog<17><[U:1:109549249]><>" resized "muscovy<25><[U:1:145903906]><>"'s head to 1.0.
L 08/28/2020 - 02:40:12: [resizeplayers.smx] "Baseball Stadium Hot Dog<17><[U:1:109549249]><>" resized "Phyyrin<27><[U:1:194266929]><>"'s head to 1.0.
L 08/28/2020 - 02:40:41: [resizeplayers.smx] "Baseball Stadium Hot Dog<17><[U:1:109549249]><>" resized "Morshu<15><[U:1:405074225]><>"'s torso to 1.0.
L 08/28/2020 - 02:40:41: [resizeplayers.smx] "Baseball Stadium Hot Dog<17><[U:1:109549249]><>" resized "salsa<16><[U:1:1053240491]><>"'s torso to 1.0.
L 08/28/2020 - 02:40:41: [resizeplayers.smx] "Baseball Stadium Hot Dog<17><[U:1:109549249]><>" resized "Baseball Stadium Hot Dog<17><[U:1:109549249]><>"'s torso to 1.0.
L 08/28/2020 - 02:40:41: [resizeplayers.smx] "Baseball Stadium Hot Dog<17><[U:1:109549249]><>" resized "Sponsored by Cheetos<30><[U:1:122722770]><>"'s torso to 1.0.
L 08/28/2020 - 02:40:41: [resizeplayers.smx] "Baseball Stadium Hot Dog<17><[U:1:109549249]><>" resized "the flea<23><[U:1:321506972]><>"'s torso to 1.0.
L 08/28/2020 - 02:40:41: [resizeplayers.smx] "Baseball Stadium Hot Dog<17><[U:1:109549249]><>" resized "MEGALONGDONG<24><[U:1:405853553]><>"'s torso to 1.0.
L 08/28/2020 - 02:40:41: [resizeplayers.smx] "Baseball Stadium Hot Dog<17><[U:1:109549249]><>" resized "muscovy<25><[U:1:145903906]><>"'s torso to 1.0.
L 08/28/2020 - 02:40:41: [resizeplayers.smx] "Baseball Stadium Hot Dog<17><[U:1:109549249]><>" resized "Phyyrin<27><[U:1:194266929]><>"'s torso to 1.0.
L 08/28/2020 - 02:41:05: [basecommands.smx] "Baseball Stadium Hot Dog<17><[U:1:109549249]><>" console command (cmdline "sm_resize_bounds -100")
L 08/28/2020 - 02:42:19: [basecommands.smx] "Baseball Stadium Hot Dog<17><[U:1:109549249]><>" executed config (file "server.cfg")
L 08/28/2020 - 02:42:19: [basecommands.smx] "Console<0><Console><Console>" changed cvar (cvar "nb_update_frequency") (value "0")
L 08/28/2020 - 02:42:50: [admincheats.smx] <Baseball Stadium Hot Dog><STEAM_0:1:54774624><71.60.109.75> ran cheat command 'ent_create'
L 08/28/2020 - 03:58:53: [basecommands.smx] "Baseball Stadium Hot Dog<37><[U:1:109549249]><>" changed map to "workshop/cp_doublecross_rc1.ugc2209793078"
L 08/28/2020 - 03:58:56: [SM] Changed map to "workshop/cp_doublecross_rc1.ugc2209793078"
L 08/28/2020 - 03:58:59: -------- Mapchange to workshop/cp_doublecross_rc1.ugc2209793078 --------
L 08/28/2020 - 03:59:05: [tf2items_giveweapon.smx] [TF2Items GiveWeapon]2041_viewmodel: Preparing models/weapons/c_models/c_v_ludmila/c_v_ludmila.mdl
L 08/28/2020 - 03:59:05: [tf2items_giveweapon.smx] [TF2Items GiveWeapon]2058_model: cannot find valid model models/custom/weapons/antehgen/urinejar.mdl, skipping
L 08/28/2020 - 03:59:05: [tf2items_giveweapon.smx] [TF2Items GiveWeapon]2058_viewmodel: cannot find valid model models/custom/weapons/antehgen/urinejar.mdl, skipping
L 08/28/2020 - 03:59:05: [tf2items_giveweapon.smx] [TF2Items GiveWeapon]2171_model: cannot find valid model models/advancedweaponiser/w_sickle_sniper.mdl, skipping
L 08/28/2020 - 03:59:05: [tf2items_giveweapon.smx] [TF2Items GiveWeapon]2171_viewmodel: cannot find valid model models/advancedweaponiser/w_sickle_sniper.mdl, skipping
L 08/28/2020 - 03:59:05: [tf2items_giveweapon.smx] [TF2Items GiveWeapon]2197_model: cannot find valid model models/custom/weapons/rebelscurse/c_wrench_v2.mdl, skipping
L 08/28/2020 - 03:59:05: [tf2items_giveweapon.smx] [TF2Items GiveWeapon]2197_viewmodel: cannot find valid model models/custom/weapons/rebelscurse/c_wrench_v2.mdl, skipping
L 08/28/2020 - 03:59:05: [tf2items_giveweapon.smx] [TF2Items GiveWeapon]2228_model: cannot find valid model models/advancedweaponiser/fbomb/c_fbomb.mdl, skipping
L 08/28/2020 - 03:59:05: [tf2items_giveweapon.smx] [TF2Items GiveWeapon]2228_viewmodel: cannot find valid model models/advancedweaponiser/fbomb/c_fbomb.mdl, skipping
L 08/28/2020 - 03:59:05: [tf2items_giveweapon.smx] [TF2Items GiveWeapon]5142_viewmodel: cannot find valid model models/custom/weapons/goldslinger/c_engineer_gunslinger.mdl, skipping
L 08/28/2020 - 03:59:06: [basecommands.smx] "Console<0><Console><Console>" changed cvar (cvar "nb_update_frequency") (value "0")
L 08/28/2020 - 04:56:04: [mapchooser.smx] Voting for next map has started.
L 09/01/2020 - 09:38:09: Log file closed.
