L 02/05/2021 - 04:00:27: SourceMod log file session started (file "/hlserver/tf2/tf/addons/sourcemod/logs/L20210205.log") (Version "1.10.0.6490")
L 02/05/2021 - 04:00:27: [ScheduledShutdown.smx] Server shutdown warning.
L 02/05/2021 - 04:00:37: [ScheduledShutdown.smx] Server shutdown.
L 02/05/2021 - 04:00:38: Log file closed.
L 02/05/2021 - 04:01:05: SourceMod log file session started (file "/hlserver/tf2/tf/addons/sourcemod/logs/L20210205.log") (Version "1.10.0.6490")
L 02/05/2021 - 04:01:05: [TF2ITEMS] "GiveNamedItem" offset = 484
L 02/05/2021 - 04:01:05: [auto_steam_update.smx] HUD text is supported on this mod. The persistant timer will display.
L 02/05/2021 - 04:01:05: [simple-chatprocessor.smx] [SCP] Recognized mod [Team Fortress 2].
L 02/05/2021 - 04:01:05: [simple-chatprocessor.smx] [SCP] Loading translation file [scp.tf.phrases].
L 02/05/2021 - 04:01:12: [tf2items_giveweapon.smx] [TF2Items GiveWeapon]2041_viewmodel: Preparing models/weapons/c_models/c_v_ludmila/c_v_ludmila.mdl
L 02/05/2021 - 04:01:12: [tf2items_giveweapon.smx] [TF2Items GiveWeapon]2058_model: cannot find valid model models/custom/weapons/antehgen/urinejar.mdl, skipping
L 02/05/2021 - 04:01:12: [tf2items_giveweapon.smx] [TF2Items GiveWeapon]2058_viewmodel: cannot find valid model models/custom/weapons/antehgen/urinejar.mdl, skipping
L 02/05/2021 - 04:01:12: [tf2items_giveweapon.smx] [TF2Items GiveWeapon]2171_model: cannot find valid model models/advancedweaponiser/w_sickle_sniper.mdl, skipping
L 02/05/2021 - 04:01:12: [tf2items_giveweapon.smx] [TF2Items GiveWeapon]2171_viewmodel: cannot find valid model models/advancedweaponiser/w_sickle_sniper.mdl, skipping
L 02/05/2021 - 04:01:12: [tf2items_giveweapon.smx] [TF2Items GiveWeapon]2197_model: cannot find valid model models/custom/weapons/rebelscurse/c_wrench_v2.mdl, skipping
L 02/05/2021 - 04:01:12: [tf2items_giveweapon.smx] [TF2Items GiveWeapon]2197_viewmodel: cannot find valid model models/custom/weapons/rebelscurse/c_wrench_v2.mdl, skipping
L 02/05/2021 - 04:01:12: [tf2items_giveweapon.smx] [TF2Items GiveWeapon]2228_model: cannot find valid model models/advancedweaponiser/fbomb/c_fbomb.mdl, skipping
L 02/05/2021 - 04:01:12: [tf2items_giveweapon.smx] [TF2Items GiveWeapon]2228_viewmodel: cannot find valid model models/advancedweaponiser/fbomb/c_fbomb.mdl, skipping
L 02/05/2021 - 04:01:12: [tf2items_giveweapon.smx] [TF2Items GiveWeapon]5142_viewmodel: cannot find valid model models/custom/weapons/goldslinger/c_engineer_gunslinger.mdl, skipping
L 02/05/2021 - 04:01:13: [basecommands.smx] "Console<0><Console><Console>" changed cvar (cvar "nb_update_frequency") (value "0.03")
L 02/05/2021 - 05:59:56: [basecommands.smx] "gamerphobia<3><[U:1:109549249]><>" console command (cmdline "say cummy")
L 02/05/2021 - 06:00:03: [admincheats.smx] <gamerphobia><STEAM_0:1:54774624><71.60.109.201> ran cheat command 'ent_create'
L 02/05/2021 - 06:00:04: [basecommands.smx] "Aar<5><[U:1:89189905]><>" changed map to "itemtest"
L 02/05/2021 - 06:00:07: [SM] Changed map to "itemtest"
L 02/05/2021 - 06:00:08: -------- Mapchange to itemtest --------
L 02/05/2021 - 06:00:14: [tf2items_giveweapon.smx] [TF2Items GiveWeapon]2041_viewmodel: Preparing models/weapons/c_models/c_v_ludmila/c_v_ludmila.mdl
L 02/05/2021 - 06:00:14: [tf2items_giveweapon.smx] [TF2Items GiveWeapon]2058_model: cannot find valid model models/custom/weapons/antehgen/urinejar.mdl, skipping
L 02/05/2021 - 06:00:14: [tf2items_giveweapon.smx] [TF2Items GiveWeapon]2058_viewmodel: cannot find valid model models/custom/weapons/antehgen/urinejar.mdl, skipping
L 02/05/2021 - 06:00:14: [tf2items_giveweapon.smx] [TF2Items GiveWeapon]2171_model: cannot find valid model models/advancedweaponiser/w_sickle_sniper.mdl, skipping
L 02/05/2021 - 06:00:14: [tf2items_giveweapon.smx] [TF2Items GiveWeapon]2171_viewmodel: cannot find valid model models/advancedweaponiser/w_sickle_sniper.mdl, skipping
L 02/05/2021 - 06:00:14: [tf2items_giveweapon.smx] [TF2Items GiveWeapon]2197_model: cannot find valid model models/custom/weapons/rebelscurse/c_wrench_v2.mdl, skipping
L 02/05/2021 - 06:00:14: [tf2items_giveweapon.smx] [TF2Items GiveWeapon]2197_viewmodel: cannot find valid model models/custom/weapons/rebelscurse/c_wrench_v2.mdl, skipping
L 02/05/2021 - 06:00:14: [tf2items_giveweapon.smx] [TF2Items GiveWeapon]2228_model: cannot find valid model models/advancedweaponiser/fbomb/c_fbomb.mdl, skipping
L 02/05/2021 - 06:00:14: [tf2items_giveweapon.smx] [TF2Items GiveWeapon]2228_viewmodel: cannot find valid model models/advancedweaponiser/fbomb/c_fbomb.mdl, skipping
L 02/05/2021 - 06:00:14: [tf2items_giveweapon.smx] [TF2Items GiveWeapon]5142_viewmodel: cannot find valid model models/custom/weapons/goldslinger/c_engineer_gunslinger.mdl, skipping
L 02/05/2021 - 06:00:14: [basecommands.smx] "Console<0><Console><Console>" changed cvar (cvar "nb_update_frequency") (value "0.03")
L 02/05/2021 - 06:00:33: [basecommands.smx] "gamerphobia<3><[U:1:109549249]><>" console command (cmdline "sv_cheats 1")
L 02/05/2021 - 06:00:38: [basecommands.smx] "gamerphobia<3><[U:1:109549249]><>" console command (cmdline "host_timescale 10")
L 02/05/2021 - 06:03:20: [basecommands.smx] "gamerphobia<3><[U:1:109549249]><>" console command (cmdline "sv_password bitchnuts")
L 02/05/2021 - 06:07:45: [basecommands.smx] "gamerphobia<3><[U:1:109549249]><>" console command (cmdline "host_timescale 1")
L 02/05/2021 - 06:12:00: [admincheats.smx] <gamerphobia><STEAM_0:1:54774624><71.60.109.201> ran cheat command 'ent_create'
L 02/05/2021 - 06:12:08: [admincheats.smx] <gamerphobia><STEAM_0:1:54774624><71.60.109.201> ran cheat command 'ent_remove_all'
L 02/05/2021 - 06:12:33: [basecommands.smx] "gamerphobia<3><[U:1:109549249]><>" console command (cmdline "sv_password")
L 02/05/2021 - 06:13:34: [basecommands.smx] "gamerphobia<3><[U:1:109549249]><>" console command (cmdline "mp_disablerespawntimes 1")
L 02/05/2021 - 06:13:39: [basecommands.smx] "gamerphobia<3><[U:1:109549249]><>" console command (cmdline "mp_disable_respawn_times 1")
L 02/05/2021 - 06:15:49: [admincheats.smx] <gamerphobia><STEAM_0:1:54774624><71.60.109.201> ran cheat command 'ent_create'
L 02/05/2021 - 06:16:36: [funcommands.smx] "staryoshi06<8><[U:1:87379948]><>" set a beacon on "staryoshi06<8><[U:1:87379948]><>"
L 02/05/2021 - 06:16:52: [playercommands.smx] "gamerphobia<3><[U:1:109549249]><>" slapped "Aar<9><[U:1:89189905]><>" (damage "0")
L 02/05/2021 - 06:16:52: [playercommands.smx] "gamerphobia<3><[U:1:109549249]><>" slapped "Aar<9><[U:1:89189905]><>" (damage "0")
L 02/05/2021 - 06:16:52: [playercommands.smx] "gamerphobia<3><[U:1:109549249]><>" slapped "Aar<9><[U:1:89189905]><>" (damage "0")
L 02/05/2021 - 06:16:52: [playercommands.smx] "gamerphobia<3><[U:1:109549249]><>" slapped "Aar<9><[U:1:89189905]><>" (damage "0")
L 02/05/2021 - 06:16:52: [playercommands.smx] "gamerphobia<3><[U:1:109549249]><>" slapped "Aar<9><[U:1:89189905]><>" (damage "0")
L 02/05/2021 - 06:16:53: [playercommands.smx] "gamerphobia<3><[U:1:109549249]><>" slapped "Aar<9><[U:1:89189905]><>" (damage "0")
L 02/05/2021 - 06:16:53: [playercommands.smx] "gamerphobia<3><[U:1:109549249]><>" slapped "Aar<9><[U:1:89189905]><>" (damage "0")
L 02/05/2021 - 06:16:53: [playercommands.smx] "gamerphobia<3><[U:1:109549249]><>" slapped "Aar<9><[U:1:89189905]><>" (damage "0")
L 02/05/2021 - 06:16:53: [playercommands.smx] "gamerphobia<3><[U:1:109549249]><>" slapped "Aar<9><[U:1:89189905]><>" (damage "0")
L 02/05/2021 - 06:16:53: [playercommands.smx] "gamerphobia<3><[U:1:109549249]><>" slapped "Aar<9><[U:1:89189905]><>" (damage "0")
L 02/05/2021 - 06:16:53: [playercommands.smx] "gamerphobia<3><[U:1:109549249]><>" slapped "Aar<9><[U:1:89189905]><>" (damage "0")
L 02/05/2021 - 06:16:54: [playercommands.smx] "gamerphobia<3><[U:1:109549249]><>" slapped "Aar<9><[U:1:89189905]><>" (damage "0")
L 02/05/2021 - 06:16:54: [playercommands.smx] "gamerphobia<3><[U:1:109549249]><>" slapped "Aar<9><[U:1:89189905]><>" (damage "0")
L 02/05/2021 - 06:16:54: [playercommands.smx] "gamerphobia<3><[U:1:109549249]><>" slapped "Aar<9><[U:1:89189905]><>" (damage "0")
L 02/05/2021 - 06:16:54: [playercommands.smx] "gamerphobia<3><[U:1:109549249]><>" slapped "Aar<9><[U:1:89189905]><>" (damage "0")
L 02/05/2021 - 06:16:54: [playercommands.smx] "gamerphobia<3><[U:1:109549249]><>" slapped "staryoshi06<8><[U:1:87379948]><>" (damage "0")
L 02/05/2021 - 06:16:54: [playercommands.smx] "gamerphobia<3><[U:1:109549249]><>" slapped "Aar<9><[U:1:89189905]><>" (damage "0")
L 02/05/2021 - 06:16:54: [playercommands.smx] "gamerphobia<3><[U:1:109549249]><>" slapped "staryoshi06<8><[U:1:87379948]><>" (damage "0")
L 02/05/2021 - 06:16:55: [playercommands.smx] "gamerphobia<3><[U:1:109549249]><>" slapped "Aar<9><[U:1:89189905]><>" (damage "0")
L 02/05/2021 - 06:16:55: [playercommands.smx] "gamerphobia<3><[U:1:109549249]><>" slapped "staryoshi06<8><[U:1:87379948]><>" (damage "0")
L 02/05/2021 - 06:16:55: [playercommands.smx] "gamerphobia<3><[U:1:109549249]><>" slapped "Aar<9><[U:1:89189905]><>" (damage "0")
L 02/05/2021 - 06:16:55: [playercommands.smx] "gamerphobia<3><[U:1:109549249]><>" slapped "staryoshi06<8><[U:1:87379948]><>" (damage "0")
L 02/05/2021 - 06:16:55: [playercommands.smx] "gamerphobia<3><[U:1:109549249]><>" slapped "Aar<9><[U:1:89189905]><>" (damage "0")
L 02/05/2021 - 06:16:55: [playercommands.smx] "gamerphobia<3><[U:1:109549249]><>" slapped "staryoshi06<8><[U:1:87379948]><>" (damage "0")
L 02/05/2021 - 06:16:55: [playercommands.smx] "gamerphobia<3><[U:1:109549249]><>" slapped "Aar<9><[U:1:89189905]><>" (damage "0")
L 02/05/2021 - 06:16:55: [playercommands.smx] "gamerphobia<3><[U:1:109549249]><>" slapped "Aar<9><[U:1:89189905]><>" (damage "0")
L 02/05/2021 - 06:16:56: [playercommands.smx] "gamerphobia<3><[U:1:109549249]><>" slapped "Aar<9><[U:1:89189905]><>" (damage "0")
L 02/05/2021 - 06:16:56: [playercommands.smx] "gamerphobia<3><[U:1:109549249]><>" slapped "staryoshi06<8><[U:1:87379948]><>" (damage "0")
L 02/05/2021 - 06:16:56: [playercommands.smx] "gamerphobia<3><[U:1:109549249]><>" slapped "Aar<9><[U:1:89189905]><>" (damage "0")
L 02/05/2021 - 06:16:56: [playercommands.smx] "gamerphobia<3><[U:1:109549249]><>" slapped "staryoshi06<8><[U:1:87379948]><>" (damage "0")
L 02/05/2021 - 06:16:56: [playercommands.smx] "gamerphobia<3><[U:1:109549249]><>" slapped "Aar<9><[U:1:89189905]><>" (damage "0")
L 02/05/2021 - 06:16:56: [playercommands.smx] "gamerphobia<3><[U:1:109549249]><>" slapped "staryoshi06<8><[U:1:87379948]><>" (damage "0")
L 02/05/2021 - 06:16:56: [playercommands.smx] "gamerphobia<3><[U:1:109549249]><>" slapped "Aar<9><[U:1:89189905]><>" (damage "0")
L 02/05/2021 - 06:16:57: [playercommands.smx] "gamerphobia<3><[U:1:109549249]><>" slapped "staryoshi06<8><[U:1:87379948]><>" (damage "0")
L 02/05/2021 - 06:16:57: [playercommands.smx] "gamerphobia<3><[U:1:109549249]><>" slapped "staryoshi06<8><[U:1:87379948]><>" (damage "0")
L 02/05/2021 - 06:16:57: [playercommands.smx] "gamerphobia<3><[U:1:109549249]><>" slapped "Aar<9><[U:1:89189905]><>" (damage "0")
L 02/05/2021 - 06:16:57: [playercommands.smx] "gamerphobia<3><[U:1:109549249]><>" slapped "staryoshi06<8><[U:1:87379948]><>" (damage "0")
L 02/05/2021 - 06:16:57: [playercommands.smx] "gamerphobia<3><[U:1:109549249]><>" slapped "Aar<9><[U:1:89189905]><>" (damage "0")
L 02/05/2021 - 06:16:57: [playercommands.smx] "gamerphobia<3><[U:1:109549249]><>" slapped "staryoshi06<8><[U:1:87379948]><>" (damage "0")
L 02/05/2021 - 06:16:57: [playercommands.smx] "gamerphobia<3><[U:1:109549249]><>" slapped "Aar<9><[U:1:89189905]><>" (damage "0")
L 02/05/2021 - 06:16:57: [playercommands.smx] "gamerphobia<3><[U:1:109549249]><>" slapped "staryoshi06<8><[U:1:87379948]><>" (damage "0")
L 02/05/2021 - 06:16:58: [playercommands.smx] "gamerphobia<3><[U:1:109549249]><>" slapped "Aar<9><[U:1:89189905]><>" (damage "0")
L 02/05/2021 - 06:16:58: [playercommands.smx] "gamerphobia<3><[U:1:109549249]><>" slapped "Aar<9><[U:1:89189905]><>" (damage "0")
L 02/05/2021 - 06:16:58: [playercommands.smx] "gamerphobia<3><[U:1:109549249]><>" slapped "staryoshi06<8><[U:1:87379948]><>" (damage "0")
L 02/05/2021 - 06:16:58: [playercommands.smx] "gamerphobia<3><[U:1:109549249]><>" slapped "Aar<9><[U:1:89189905]><>" (damage "0")
L 02/05/2021 - 06:16:58: [playercommands.smx] "gamerphobia<3><[U:1:109549249]><>" slapped "Aar<9><[U:1:89189905]><>" (damage "0")
L 02/05/2021 - 06:16:58: [playercommands.smx] "gamerphobia<3><[U:1:109549249]><>" slapped "GardenOfStone<6><[U:1:1109604806]><>" (damage "0")
L 02/05/2021 - 06:16:58: [playercommands.smx] "gamerphobia<3><[U:1:109549249]><>" slapped "Aar<9><[U:1:89189905]><>" (damage "0")
L 02/05/2021 - 06:16:59: [playercommands.smx] "gamerphobia<3><[U:1:109549249]><>" slapped "GardenOfStone<6><[U:1:1109604806]><>" (damage "0")
L 02/05/2021 - 06:16:59: [playercommands.smx] "gamerphobia<3><[U:1:109549249]><>" slapped "Aar<9><[U:1:89189905]><>" (damage "0")
L 02/05/2021 - 06:16:59: [playercommands.smx] "gamerphobia<3><[U:1:109549249]><>" slapped "GardenOfStone<6><[U:1:1109604806]><>" (damage "0")
L 02/05/2021 - 06:16:59: [playercommands.smx] "gamerphobia<3><[U:1:109549249]><>" slapped "GardenOfStone<6><[U:1:1109604806]><>" (damage "0")
L 02/05/2021 - 06:16:59: [playercommands.smx] "gamerphobia<3><[U:1:109549249]><>" slapped "GardenOfStone<6><[U:1:1109604806]><>" (damage "0")
L 02/05/2021 - 06:16:59: [playercommands.smx] "gamerphobia<3><[U:1:109549249]><>" slapped "Aar<9><[U:1:89189905]><>" (damage "0")
L 02/05/2021 - 06:16:59: [playercommands.smx] "gamerphobia<3><[U:1:109549249]><>" slapped "staryoshi06<8><[U:1:87379948]><>" (damage "0")
L 02/05/2021 - 06:16:59: [playercommands.smx] "gamerphobia<3><[U:1:109549249]><>" slapped "GardenOfStone<6><[U:1:1109604806]><>" (damage "0")
L 02/05/2021 - 06:17:00: [playercommands.smx] "gamerphobia<3><[U:1:109549249]><>" slapped "Aar<9><[U:1:89189905]><>" (damage "0")
L 02/05/2021 - 06:17:00: [playercommands.smx] "gamerphobia<3><[U:1:109549249]><>" slapped "GardenOfStone<6><[U:1:1109604806]><>" (damage "0")
L 02/05/2021 - 06:17:00: [playercommands.smx] "gamerphobia<3><[U:1:109549249]><>" slapped "Aar<9><[U:1:89189905]><>" (damage "0")
L 02/05/2021 - 06:17:00: [playercommands.smx] "gamerphobia<3><[U:1:109549249]><>" slapped "GardenOfStone<6><[U:1:1109604806]><>" (damage "0")
L 02/05/2021 - 06:17:00: [playercommands.smx] "gamerphobia<3><[U:1:109549249]><>" slapped "Aar<9><[U:1:89189905]><>" (damage "0")
L 02/05/2021 - 06:17:00: [playercommands.smx] "gamerphobia<3><[U:1:109549249]><>" slapped "staryoshi06<8><[U:1:87379948]><>" (damage "0")
L 02/05/2021 - 06:17:00: [playercommands.smx] "gamerphobia<3><[U:1:109549249]><>" slapped "Aar<9><[U:1:89189905]><>" (damage "0")
L 02/05/2021 - 06:17:00: [playercommands.smx] "gamerphobia<3><[U:1:109549249]><>" slapped "staryoshi06<8><[U:1:87379948]><>" (damage "0")
L 02/05/2021 - 06:17:00: [playercommands.smx] "gamerphobia<3><[U:1:109549249]><>" slapped "Aar<9><[U:1:89189905]><>" (damage "0")
L 02/05/2021 - 06:17:01: [playercommands.smx] "gamerphobia<3><[U:1:109549249]><>" slapped "GardenOfStone<6><[U:1:1109604806]><>" (damage "0")
L 02/05/2021 - 06:17:01: [playercommands.smx] "gamerphobia<3><[U:1:109549249]><>" slapped "Aar<9><[U:1:89189905]><>" (damage "0")
L 02/05/2021 - 06:17:01: [playercommands.smx] "gamerphobia<3><[U:1:109549249]><>" slapped "staryoshi06<8><[U:1:87379948]><>" (damage "0")
L 02/05/2021 - 06:17:01: [playercommands.smx] "gamerphobia<3><[U:1:109549249]><>" slapped "GardenOfStone<6><[U:1:1109604806]><>" (damage "0")
L 02/05/2021 - 06:17:01: [playercommands.smx] "gamerphobia<3><[U:1:109549249]><>" slapped "Aar<9><[U:1:89189905]><>" (damage "0")
L 02/05/2021 - 06:17:03: [basechat.smx] "staryoshi06<8><[U:1:87379948]><>" triggered sm_csay (text haha boob)
L 02/05/2021 - 06:17:10: [playercommands.smx] "gamerphobia<3><[U:1:109549249]><>" slapped "gamerphobia<3><[U:1:109549249]><>" (damage "0")
L 02/05/2021 - 06:17:10: [playercommands.smx] "gamerphobia<3><[U:1:109549249]><>" slapped "staryoshi06<8><[U:1:87379948]><>" (damage "0")
L 02/05/2021 - 06:17:10: [playercommands.smx] "gamerphobia<3><[U:1:109549249]><>" slapped "GardenOfStone<6><[U:1:1109604806]><>" (damage "0")
L 02/05/2021 - 06:17:11: [playercommands.smx] "gamerphobia<3><[U:1:109549249]><>" slapped "gamerphobia<3><[U:1:109549249]><>" (damage "0")
L 02/05/2021 - 06:17:11: [playercommands.smx] "gamerphobia<3><[U:1:109549249]><>" slapped "staryoshi06<8><[U:1:87379948]><>" (damage "0")
L 02/05/2021 - 06:17:11: [playercommands.smx] "gamerphobia<3><[U:1:109549249]><>" slapped "GardenOfStone<6><[U:1:1109604806]><>" (damage "0")
L 02/05/2021 - 06:17:11: [playercommands.smx] "gamerphobia<3><[U:1:109549249]><>" slapped "gamerphobia<3><[U:1:109549249]><>" (damage "0")
L 02/05/2021 - 06:17:11: [playercommands.smx] "gamerphobia<3><[U:1:109549249]><>" slapped "staryoshi06<8><[U:1:87379948]><>" (damage "0")
L 02/05/2021 - 06:17:11: [playercommands.smx] "gamerphobia<3><[U:1:109549249]><>" slapped "GardenOfStone<6><[U:1:1109604806]><>" (damage "0")
L 02/05/2021 - 06:17:11: [playercommands.smx] "gamerphobia<3><[U:1:109549249]><>" slapped "gamerphobia<3><[U:1:109549249]><>" (damage "0")
L 02/05/2021 - 06:17:11: [playercommands.smx] "gamerphobia<3><[U:1:109549249]><>" slapped "staryoshi06<8><[U:1:87379948]><>" (damage "0")
L 02/05/2021 - 06:17:11: [playercommands.smx] "gamerphobia<3><[U:1:109549249]><>" slapped "GardenOfStone<6><[U:1:1109604806]><>" (damage "0")
L 02/05/2021 - 06:17:11: [playercommands.smx] "gamerphobia<3><[U:1:109549249]><>" slapped "gamerphobia<3><[U:1:109549249]><>" (damage "0")
L 02/05/2021 - 06:17:11: [playercommands.smx] "gamerphobia<3><[U:1:109549249]><>" slapped "staryoshi06<8><[U:1:87379948]><>" (damage "0")
L 02/05/2021 - 06:17:11: [playercommands.smx] "gamerphobia<3><[U:1:109549249]><>" slapped "GardenOfStone<6><[U:1:1109604806]><>" (damage "0")
L 02/05/2021 - 06:17:12: [playercommands.smx] "gamerphobia<3><[U:1:109549249]><>" slapped "gamerphobia<3><[U:1:109549249]><>" (damage "0")
L 02/05/2021 - 06:17:12: [playercommands.smx] "gamerphobia<3><[U:1:109549249]><>" slapped "staryoshi06<8><[U:1:87379948]><>" (damage "0")
L 02/05/2021 - 06:17:12: [playercommands.smx] "gamerphobia<3><[U:1:109549249]><>" slapped "GardenOfStone<6><[U:1:1109604806]><>" (damage "0")
L 02/05/2021 - 06:17:12: [playercommands.smx] "gamerphobia<3><[U:1:109549249]><>" slapped "gamerphobia<3><[U:1:109549249]><>" (damage "0")
L 02/05/2021 - 06:17:12: [playercommands.smx] "gamerphobia<3><[U:1:109549249]><>" slapped "staryoshi06<8><[U:1:87379948]><>" (damage "0")
L 02/05/2021 - 06:17:12: [playercommands.smx] "gamerphobia<3><[U:1:109549249]><>" slapped "GardenOfStone<6><[U:1:1109604806]><>" (damage "0")
L 02/05/2021 - 06:17:12: [playercommands.smx] "gamerphobia<3><[U:1:109549249]><>" slapped "gamerphobia<3><[U:1:109549249]><>" (damage "0")
L 02/05/2021 - 06:17:12: [playercommands.smx] "gamerphobia<3><[U:1:109549249]><>" slapped "staryoshi06<8><[U:1:87379948]><>" (damage "0")
L 02/05/2021 - 06:17:12: [playercommands.smx] "gamerphobia<3><[U:1:109549249]><>" slapped "GardenOfStone<6><[U:1:1109604806]><>" (damage "0")
L 02/05/2021 - 06:17:12: [playercommands.smx] "gamerphobia<3><[U:1:109549249]><>" slapped "gamerphobia<3><[U:1:109549249]><>" (damage "0")
L 02/05/2021 - 06:17:12: [playercommands.smx] "gamerphobia<3><[U:1:109549249]><>" slapped "staryoshi06<8><[U:1:87379948]><>" (damage "0")
L 02/05/2021 - 06:17:12: [playercommands.smx] "gamerphobia<3><[U:1:109549249]><>" slapped "GardenOfStone<6><[U:1:1109604806]><>" (damage "0")
L 02/05/2021 - 06:17:13: [playercommands.smx] "gamerphobia<3><[U:1:109549249]><>" slapped "gamerphobia<3><[U:1:109549249]><>" (damage "0")
L 02/05/2021 - 06:17:13: [playercommands.smx] "gamerphobia<3><[U:1:109549249]><>" slapped "staryoshi06<8><[U:1:87379948]><>" (damage "0")
L 02/05/2021 - 06:17:13: [playercommands.smx] "gamerphobia<3><[U:1:109549249]><>" slapped "GardenOfStone<6><[U:1:1109604806]><>" (damage "0")
L 02/05/2021 - 06:17:23: [funcommands.smx] "staryoshi06<8><[U:1:87379948]><>" removed a beacon on "staryoshi06<8><[U:1:87379948]><>"
L 02/05/2021 - 06:17:30: [funcommands.smx] "staryoshi06<8><[U:1:87379948]><>" set a beacon on "GardenOfStone<6><[U:1:1109604806]><>"
L 02/05/2021 - 06:21:06: [basecommands.smx] "Aar<10><[U:1:89189905]><>" changed map to "workshop/2103550860"
L 02/05/2021 - 06:21:09: [SM] Changed map to "workshop/2103550860"
L 02/05/2021 - 06:21:24: -------- Mapchange to workshop/cp_george_rc1.ugc2103550860 --------
L 02/05/2021 - 06:21:29: [tf2items_giveweapon.smx] [TF2Items GiveWeapon]2041_viewmodel: Preparing models/weapons/c_models/c_v_ludmila/c_v_ludmila.mdl
L 02/05/2021 - 06:21:29: [tf2items_giveweapon.smx] [TF2Items GiveWeapon]2058_model: cannot find valid model models/custom/weapons/antehgen/urinejar.mdl, skipping
L 02/05/2021 - 06:21:29: [tf2items_giveweapon.smx] [TF2Items GiveWeapon]2058_viewmodel: cannot find valid model models/custom/weapons/antehgen/urinejar.mdl, skipping
L 02/05/2021 - 06:21:29: [tf2items_giveweapon.smx] [TF2Items GiveWeapon]2171_model: cannot find valid model models/advancedweaponiser/w_sickle_sniper.mdl, skipping
L 02/05/2021 - 06:21:29: [tf2items_giveweapon.smx] [TF2Items GiveWeapon]2171_viewmodel: cannot find valid model models/advancedweaponiser/w_sickle_sniper.mdl, skipping
L 02/05/2021 - 06:21:29: [tf2items_giveweapon.smx] [TF2Items GiveWeapon]2197_model: cannot find valid model models/custom/weapons/rebelscurse/c_wrench_v2.mdl, skipping
L 02/05/2021 - 06:21:29: [tf2items_giveweapon.smx] [TF2Items GiveWeapon]2197_viewmodel: cannot find valid model models/custom/weapons/rebelscurse/c_wrench_v2.mdl, skipping
L 02/05/2021 - 06:21:29: [tf2items_giveweapon.smx] [TF2Items GiveWeapon]2228_model: cannot find valid model models/advancedweaponiser/fbomb/c_fbomb.mdl, skipping
L 02/05/2021 - 06:21:29: [tf2items_giveweapon.smx] [TF2Items GiveWeapon]2228_viewmodel: cannot find valid model models/advancedweaponiser/fbomb/c_fbomb.mdl, skipping
L 02/05/2021 - 06:21:29: [tf2items_giveweapon.smx] [TF2Items GiveWeapon]5142_viewmodel: cannot find valid model models/custom/weapons/goldslinger/c_engineer_gunslinger.mdl, skipping
L 02/05/2021 - 06:21:30: [basecommands.smx] "Console<0><Console><Console>" changed cvar (cvar "nb_update_frequency") (value "0.03")
L 02/05/2021 - 06:21:59: [basecommands.smx] "gamerphobia<3><[U:1:109549249]><>" console command (cmdline "mp_tournament 1")
L 02/05/2021 - 06:23:13: [funcommands.smx] "gamerphobia<3><[U:1:109549249]><>" toggled noclip on "gamerphobia<3><[U:1:109549249]><>"
L 02/05/2021 - 06:23:13: [funcommands.smx] "gamerphobia<3><[U:1:109549249]><>" toggled noclip on "Aar<10><[U:1:89189905]><>"
L 02/05/2021 - 06:23:13: [funcommands.smx] "gamerphobia<3><[U:1:109549249]><>" toggled noclip on "staryoshi06<8><[U:1:87379948]><>"
L 02/05/2021 - 06:23:13: [funcommands.smx] "gamerphobia<3><[U:1:109549249]><>" toggled noclip on "GardenOfStone<6><[U:1:1109604806]><>"
L 02/05/2021 - 06:23:48: [funcommands.smx] "staryoshi06<8><[U:1:87379948]><>" toggled noclip on "staryoshi06<8><[U:1:87379948]><>"
L 02/05/2021 - 06:24:15: [funcommands.smx] "staryoshi06<8><[U:1:87379948]><>" toggled noclip on "staryoshi06<8><[U:1:87379948]><>"
L 02/05/2021 - 06:24:37: [funcommands.smx] "staryoshi06<8><[U:1:87379948]><>" toggled noclip on "staryoshi06<8><[U:1:87379948]><>"
L 02/05/2021 - 06:25:26: [basecommands.smx] "staryoshi06<8><[U:1:87379948]><>" changed map to "workshop/1369968437"
L 02/05/2021 - 06:25:29: [SM] Changed map to "workshop/1369968437"
L 02/05/2021 - 06:25:32: -------- Mapchange to workshop/trade_winzone.ugc1369968437 --------
L 02/05/2021 - 06:25:38: [tf2items_giveweapon.smx] [TF2Items GiveWeapon]2041_viewmodel: Preparing models/weapons/c_models/c_v_ludmila/c_v_ludmila.mdl
L 02/05/2021 - 06:25:38: [tf2items_giveweapon.smx] [TF2Items GiveWeapon]2058_model: cannot find valid model models/custom/weapons/antehgen/urinejar.mdl, skipping
L 02/05/2021 - 06:25:38: [tf2items_giveweapon.smx] [TF2Items GiveWeapon]2058_viewmodel: cannot find valid model models/custom/weapons/antehgen/urinejar.mdl, skipping
L 02/05/2021 - 06:25:38: [tf2items_giveweapon.smx] [TF2Items GiveWeapon]2171_model: cannot find valid model models/advancedweaponiser/w_sickle_sniper.mdl, skipping
L 02/05/2021 - 06:25:38: [tf2items_giveweapon.smx] [TF2Items GiveWeapon]2171_viewmodel: cannot find valid model models/advancedweaponiser/w_sickle_sniper.mdl, skipping
L 02/05/2021 - 06:25:38: [tf2items_giveweapon.smx] [TF2Items GiveWeapon]2197_model: cannot find valid model models/custom/weapons/rebelscurse/c_wrench_v2.mdl, skipping
L 02/05/2021 - 06:25:38: [tf2items_giveweapon.smx] [TF2Items GiveWeapon]2197_viewmodel: cannot find valid model models/custom/weapons/rebelscurse/c_wrench_v2.mdl, skipping
L 02/05/2021 - 06:25:38: [tf2items_giveweapon.smx] [TF2Items GiveWeapon]2228_model: cannot find valid model models/advancedweaponiser/fbomb/c_fbomb.mdl, skipping
L 02/05/2021 - 06:25:38: [tf2items_giveweapon.smx] [TF2Items GiveWeapon]2228_viewmodel: cannot find valid model models/advancedweaponiser/fbomb/c_fbomb.mdl, skipping
L 02/05/2021 - 06:25:38: [tf2items_giveweapon.smx] [TF2Items GiveWeapon]5142_viewmodel: cannot find valid model models/custom/weapons/goldslinger/c_engineer_gunslinger.mdl, skipping
L 02/05/2021 - 06:25:38: [basecommands.smx] "Console<0><Console><Console>" changed cvar (cvar "nb_update_frequency") (value "0.03")
L 02/05/2021 - 06:26:46: [basecommands.smx] "gamerphobia<3><[U:1:109549249]><>" console command (cmdline "sv_cheats 1")
L 02/05/2021 - 06:26:53: [basecommands.smx] "gamerphobia<3><[U:1:109549249]><>" console command (cmdline "sv_password bitchnuts")
L 02/05/2021 - 06:26:56: [funcommands.smx] "gamerphobia<3><[U:1:109549249]><>" toggled noclip on "gamerphobia<3><[U:1:109549249]><>"
L 02/05/2021 - 06:27:14: [admincheats.smx] <Aar><STEAM_0:1:44594952><69.201.50.27> ran cheat command 'noclip'
L 02/05/2021 - 06:27:27: [funcommands.smx] "staryoshi06<8><[U:1:87379948]><>" toggled noclip on "staryoshi06<8><[U:1:87379948]><>"
L 02/05/2021 - 06:27:41: [funcommands.smx] "staryoshi06<8><[U:1:87379948]><>" toggled noclip on "staryoshi06<8><[U:1:87379948]><>"
L 02/05/2021 - 06:27:59: [funcommands.smx] "staryoshi06<8><[U:1:87379948]><>" toggled noclip on "staryoshi06<8><[U:1:87379948]><>"
L 02/05/2021 - 06:28:06: [funcommands.smx] "staryoshi06<8><[U:1:87379948]><>" toggled noclip on "staryoshi06<8><[U:1:87379948]><>"
L 02/05/2021 - 06:29:50: [funcommands.smx] "gamerphobia<3><[U:1:109549249]><>" toggled noclip on "gamerphobia<3><[U:1:109549249]><>"
L 02/05/2021 - 06:30:00: [basecommands.smx] "staryoshi06<8><[U:1:87379948]><>" changed map to "workshop/1350988672"
L 02/05/2021 - 06:30:03: [SM] Changed map to "workshop/1350988672"
L 02/05/2021 - 06:30:10: -------- Mapchange to workshop/pl_casserole_rc2.ugc1350988672 --------
L 02/05/2021 - 06:30:15: [tf2items_giveweapon.smx] [TF2Items GiveWeapon]2041_viewmodel: Preparing models/weapons/c_models/c_v_ludmila/c_v_ludmila.mdl
L 02/05/2021 - 06:30:15: [tf2items_giveweapon.smx] [TF2Items GiveWeapon]2058_model: cannot find valid model models/custom/weapons/antehgen/urinejar.mdl, skipping
L 02/05/2021 - 06:30:15: [tf2items_giveweapon.smx] [TF2Items GiveWeapon]2058_viewmodel: cannot find valid model models/custom/weapons/antehgen/urinejar.mdl, skipping
L 02/05/2021 - 06:30:15: [tf2items_giveweapon.smx] [TF2Items GiveWeapon]2171_model: cannot find valid model models/advancedweaponiser/w_sickle_sniper.mdl, skipping
L 02/05/2021 - 06:30:15: [tf2items_giveweapon.smx] [TF2Items GiveWeapon]2171_viewmodel: cannot find valid model models/advancedweaponiser/w_sickle_sniper.mdl, skipping
L 02/05/2021 - 06:30:15: [tf2items_giveweapon.smx] [TF2Items GiveWeapon]2197_model: cannot find valid model models/custom/weapons/rebelscurse/c_wrench_v2.mdl, skipping
L 02/05/2021 - 06:30:15: [tf2items_giveweapon.smx] [TF2Items GiveWeapon]2197_viewmodel: cannot find valid model models/custom/weapons/rebelscurse/c_wrench_v2.mdl, skipping
L 02/05/2021 - 06:30:15: [tf2items_giveweapon.smx] [TF2Items GiveWeapon]2228_model: cannot find valid model models/advancedweaponiser/fbomb/c_fbomb.mdl, skipping
L 02/05/2021 - 06:30:15: [tf2items_giveweapon.smx] [TF2Items GiveWeapon]2228_viewmodel: cannot find valid model models/advancedweaponiser/fbomb/c_fbomb.mdl, skipping
L 02/05/2021 - 06:30:15: [tf2items_giveweapon.smx] [TF2Items GiveWeapon]5142_viewmodel: cannot find valid model models/custom/weapons/goldslinger/c_engineer_gunslinger.mdl, skipping
L 02/05/2021 - 06:30:16: [basecommands.smx] "Console<0><Console><Console>" changed cvar (cvar "nb_update_frequency") (value "0.03")
L 02/05/2021 - 06:32:40: [basecommands.smx] "staryoshi06<8><[U:1:87379948]><>" changed map to "workshop/1312292950"
L 02/05/2021 - 06:32:43: [SM] Changed map to "workshop/1312292950"
L 02/05/2021 - 06:32:55: -------- Mapchange to workshop/cp_broom_closet.ugc1312292950 --------
L 02/05/2021 - 06:33:01: [tf2items_giveweapon.smx] [TF2Items GiveWeapon]2041_viewmodel: Preparing models/weapons/c_models/c_v_ludmila/c_v_ludmila.mdl
L 02/05/2021 - 06:33:01: [tf2items_giveweapon.smx] [TF2Items GiveWeapon]2058_model: cannot find valid model models/custom/weapons/antehgen/urinejar.mdl, skipping
L 02/05/2021 - 06:33:01: [tf2items_giveweapon.smx] [TF2Items GiveWeapon]2058_viewmodel: cannot find valid model models/custom/weapons/antehgen/urinejar.mdl, skipping
L 02/05/2021 - 06:33:01: [tf2items_giveweapon.smx] [TF2Items GiveWeapon]2171_model: cannot find valid model models/advancedweaponiser/w_sickle_sniper.mdl, skipping
L 02/05/2021 - 06:33:01: [tf2items_giveweapon.smx] [TF2Items GiveWeapon]2171_viewmodel: cannot find valid model models/advancedweaponiser/w_sickle_sniper.mdl, skipping
L 02/05/2021 - 06:33:01: [tf2items_giveweapon.smx] [TF2Items GiveWeapon]2197_model: cannot find valid model models/custom/weapons/rebelscurse/c_wrench_v2.mdl, skipping
L 02/05/2021 - 06:33:01: [tf2items_giveweapon.smx] [TF2Items GiveWeapon]2197_viewmodel: cannot find valid model models/custom/weapons/rebelscurse/c_wrench_v2.mdl, skipping
L 02/05/2021 - 06:33:01: [tf2items_giveweapon.smx] [TF2Items GiveWeapon]2228_model: cannot find valid model models/advancedweaponiser/fbomb/c_fbomb.mdl, skipping
L 02/05/2021 - 06:33:01: [tf2items_giveweapon.smx] [TF2Items GiveWeapon]2228_viewmodel: cannot find valid model models/advancedweaponiser/fbomb/c_fbomb.mdl, skipping
L 02/05/2021 - 06:33:01: [tf2items_giveweapon.smx] [TF2Items GiveWeapon]5142_viewmodel: cannot find valid model models/custom/weapons/goldslinger/c_engineer_gunslinger.mdl, skipping
L 02/05/2021 - 06:33:01: [basecommands.smx] "Console<0><Console><Console>" changed cvar (cvar "nb_update_frequency") (value "0.03")
L 02/05/2021 - 06:33:46: [basecommands.smx] "gamerphobia<12><[U:1:109549249]><>" console command (cmdline "mp_tournament 0")
L 02/05/2021 - 06:34:10: [basecommands.smx] "gamerphobia<12><[U:1:109549249]><>" console command (cmdline "mp_tournament_restart")
L 02/05/2021 - 06:34:22: [basecommands.smx] "gamerphobia<12><[U:1:109549249]><>" console command (cmdline "mp_tournament_restart")
L 02/05/2021 - 06:34:41: [basecommands.smx] "gamerphobia<12><[U:1:109549249]><>" console command (cmdline "mp_restartgame 1")
L 02/05/2021 - 06:34:52: [basecommands.smx] "gamerphobia<12><[U:1:109549249]><>" console command (cmdline "mp_restartgame 1")
L 02/05/2021 - 06:34:53: [basecommands.smx] "gamerphobia<12><[U:1:109549249]><>" console command (cmdline "mp_restartgame 1")
L 02/05/2021 - 06:34:53: [basecommands.smx] "gamerphobia<12><[U:1:109549249]><>" console command (cmdline "mp_restartgame 1")
L 02/05/2021 - 06:34:54: [basecommands.smx] "gamerphobia<12><[U:1:109549249]><>" console command (cmdline "mp_restartgame 1")
L 02/05/2021 - 06:34:54: [basecommands.smx] "gamerphobia<12><[U:1:109549249]><>" console command (cmdline "mp_restartgame 1")
L 02/05/2021 - 06:34:54: [basecommands.smx] "gamerphobia<12><[U:1:109549249]><>" console command (cmdline "mp_restartgame 1")
L 02/05/2021 - 06:34:54: [basecommands.smx] "gamerphobia<12><[U:1:109549249]><>" console command (cmdline "mp_restartgame 1")
L 02/05/2021 - 06:34:54: [basecommands.smx] "gamerphobia<12><[U:1:109549249]><>" console command (cmdline "mp_restartgame 1")
L 02/05/2021 - 06:34:55: [basecommands.smx] "gamerphobia<12><[U:1:109549249]><>" console command (cmdline "mp_restartgame 1")
L 02/05/2021 - 06:34:55: [basecommands.smx] "gamerphobia<12><[U:1:109549249]><>" console command (cmdline "mp_restartgame 1")
L 02/05/2021 - 06:34:55: [basecommands.smx] "gamerphobia<12><[U:1:109549249]><>" console command (cmdline "mp_restartgame 1")
L 02/05/2021 - 06:34:55: [basecommands.smx] "gamerphobia<12><[U:1:109549249]><>" console command (cmdline "mp_restartgame 1")
L 02/05/2021 - 06:34:56: [basecommands.smx] "gamerphobia<12><[U:1:109549249]><>" console command (cmdline "mp_restartgame 1")
L 02/05/2021 - 06:35:11: [basecommands.smx] "gamerphobia<12><[U:1:109549249]><>" console command (cmdline "mp_restartround 1")
L 02/05/2021 - 06:35:36: [basecommands.smx] "staryoshi06<8><[U:1:87379948]><>" changed map to "workshop/1312292950"
L 02/05/2021 - 06:35:39: [SM] Changed map to "workshop/1312292950"
L 02/05/2021 - 06:35:40: -------- Mapchange to workshop/cp_broom_closet.ugc1312292950 --------
L 02/05/2021 - 06:35:46: [tf2items_giveweapon.smx] [TF2Items GiveWeapon]2041_viewmodel: Preparing models/weapons/c_models/c_v_ludmila/c_v_ludmila.mdl
L 02/05/2021 - 06:35:46: [tf2items_giveweapon.smx] [TF2Items GiveWeapon]2058_model: cannot find valid model models/custom/weapons/antehgen/urinejar.mdl, skipping
L 02/05/2021 - 06:35:46: [tf2items_giveweapon.smx] [TF2Items GiveWeapon]2058_viewmodel: cannot find valid model models/custom/weapons/antehgen/urinejar.mdl, skipping
L 02/05/2021 - 06:35:46: [tf2items_giveweapon.smx] [TF2Items GiveWeapon]2171_model: cannot find valid model models/advancedweaponiser/w_sickle_sniper.mdl, skipping
L 02/05/2021 - 06:35:46: [tf2items_giveweapon.smx] [TF2Items GiveWeapon]2171_viewmodel: cannot find valid model models/advancedweaponiser/w_sickle_sniper.mdl, skipping
L 02/05/2021 - 06:35:46: [tf2items_giveweapon.smx] [TF2Items GiveWeapon]2197_model: cannot find valid model models/custom/weapons/rebelscurse/c_wrench_v2.mdl, skipping
L 02/05/2021 - 06:35:46: [tf2items_giveweapon.smx] [TF2Items GiveWeapon]2197_viewmodel: cannot find valid model models/custom/weapons/rebelscurse/c_wrench_v2.mdl, skipping
L 02/05/2021 - 06:35:46: [tf2items_giveweapon.smx] [TF2Items GiveWeapon]2228_model: cannot find valid model models/advancedweaponiser/fbomb/c_fbomb.mdl, skipping
L 02/05/2021 - 06:35:46: [tf2items_giveweapon.smx] [TF2Items GiveWeapon]2228_viewmodel: cannot find valid model models/advancedweaponiser/fbomb/c_fbomb.mdl, skipping
L 02/05/2021 - 06:35:46: [tf2items_giveweapon.smx] [TF2Items GiveWeapon]5142_viewmodel: cannot find valid model models/custom/weapons/goldslinger/c_engineer_gunslinger.mdl, skipping
L 02/05/2021 - 06:35:47: [basecommands.smx] "Console<0><Console><Console>" changed cvar (cvar "nb_update_frequency") (value "0.03")
L 02/05/2021 - 06:37:38: [basecommands.smx] "gamerphobia<12><[U:1:109549249]><>" console command (cmdline "sv_cheats")
L 02/05/2021 - 06:38:19: [basecommands.smx] "gamerphobia<12><[U:1:109549249]><>" changed map to "pl_upward"
L 02/05/2021 - 06:38:22: [SM] Changed map to "pl_upward"
L 02/05/2021 - 06:38:23: -------- Mapchange to pl_upward --------
L 02/05/2021 - 06:38:29: [tf2items_giveweapon.smx] [TF2Items GiveWeapon]2041_viewmodel: Preparing models/weapons/c_models/c_v_ludmila/c_v_ludmila.mdl
L 02/05/2021 - 06:38:29: [tf2items_giveweapon.smx] [TF2Items GiveWeapon]2058_model: cannot find valid model models/custom/weapons/antehgen/urinejar.mdl, skipping
L 02/05/2021 - 06:38:29: [tf2items_giveweapon.smx] [TF2Items GiveWeapon]2058_viewmodel: cannot find valid model models/custom/weapons/antehgen/urinejar.mdl, skipping
L 02/05/2021 - 06:38:29: [tf2items_giveweapon.smx] [TF2Items GiveWeapon]2171_model: cannot find valid model models/advancedweaponiser/w_sickle_sniper.mdl, skipping
L 02/05/2021 - 06:38:29: [tf2items_giveweapon.smx] [TF2Items GiveWeapon]2171_viewmodel: cannot find valid model models/advancedweaponiser/w_sickle_sniper.mdl, skipping
L 02/05/2021 - 06:38:29: [tf2items_giveweapon.smx] [TF2Items GiveWeapon]2197_model: cannot find valid model models/custom/weapons/rebelscurse/c_wrench_v2.mdl, skipping
L 02/05/2021 - 06:38:29: [tf2items_giveweapon.smx] [TF2Items GiveWeapon]2197_viewmodel: cannot find valid model models/custom/weapons/rebelscurse/c_wrench_v2.mdl, skipping
L 02/05/2021 - 06:38:29: [tf2items_giveweapon.smx] [TF2Items GiveWeapon]2228_model: cannot find valid model models/advancedweaponiser/fbomb/c_fbomb.mdl, skipping
L 02/05/2021 - 06:38:29: [tf2items_giveweapon.smx] [TF2Items GiveWeapon]2228_viewmodel: cannot find valid model models/advancedweaponiser/fbomb/c_fbomb.mdl, skipping
L 02/05/2021 - 06:38:29: [tf2items_giveweapon.smx] [TF2Items GiveWeapon]5142_viewmodel: cannot find valid model models/custom/weapons/goldslinger/c_engineer_gunslinger.mdl, skipping
L 02/05/2021 - 06:38:29: [basecommands.smx] "Console<0><Console><Console>" changed cvar (cvar "nb_update_frequency") (value "0.03")
L 02/05/2021 - 20:05:04: [SM] Changed map to "workshop/koth_bagel_rc2a.ugc791213600"
L 02/05/2021 - 20:05:06: -------- Mapchange to workshop/koth_bagel_rc2a.ugc791213600 --------
L 02/05/2021 - 20:05:12: [tf2items_giveweapon.smx] [TF2Items GiveWeapon]2041_viewmodel: Preparing models/weapons/c_models/c_v_ludmila/c_v_ludmila.mdl
L 02/05/2021 - 20:05:12: [tf2items_giveweapon.smx] [TF2Items GiveWeapon]2058_model: cannot find valid model models/custom/weapons/antehgen/urinejar.mdl, skipping
L 02/05/2021 - 20:05:12: [tf2items_giveweapon.smx] [TF2Items GiveWeapon]2058_viewmodel: cannot find valid model models/custom/weapons/antehgen/urinejar.mdl, skipping
L 02/05/2021 - 20:05:12: [tf2items_giveweapon.smx] [TF2Items GiveWeapon]2171_model: cannot find valid model models/advancedweaponiser/w_sickle_sniper.mdl, skipping
L 02/05/2021 - 20:05:12: [tf2items_giveweapon.smx] [TF2Items GiveWeapon]2171_viewmodel: cannot find valid model models/advancedweaponiser/w_sickle_sniper.mdl, skipping
L 02/05/2021 - 20:05:12: [tf2items_giveweapon.smx] [TF2Items GiveWeapon]2197_model: cannot find valid model models/custom/weapons/rebelscurse/c_wrench_v2.mdl, skipping
L 02/05/2021 - 20:05:12: [tf2items_giveweapon.smx] [TF2Items GiveWeapon]2197_viewmodel: cannot find valid model models/custom/weapons/rebelscurse/c_wrench_v2.mdl, skipping
L 02/05/2021 - 20:05:12: [tf2items_giveweapon.smx] [TF2Items GiveWeapon]2228_model: cannot find valid model models/advancedweaponiser/fbomb/c_fbomb.mdl, skipping
L 02/05/2021 - 20:05:12: [tf2items_giveweapon.smx] [TF2Items GiveWeapon]2228_viewmodel: cannot find valid model models/advancedweaponiser/fbomb/c_fbomb.mdl, skipping
L 02/05/2021 - 20:05:12: [tf2items_giveweapon.smx] [TF2Items GiveWeapon]5142_viewmodel: cannot find valid model models/custom/weapons/goldslinger/c_engineer_gunslinger.mdl, skipping
L 02/05/2021 - 20:05:13: [basecommands.smx] "Console<0><Console><Console>" changed cvar (cvar "nb_update_frequency") (value "0.03")
L 02/05/2021 - 20:19:12: [admincheats.smx] <(Sentry) TyroneryJames><STEAM_0:1:240088210><137.103.113.3> was prevented from running cheat command 'shake'
L 02/05/2021 - 20:19:13: [admincheats.smx] <(Sentry) TyroneryJames><STEAM_0:1:240088210><137.103.113.3> was prevented from running cheat command 'shake'
L 02/05/2021 - 20:19:14: [admincheats.smx] <(Sentry) TyroneryJames><STEAM_0:1:240088210><137.103.113.3> was prevented from running cheat command 'shake'
L 02/05/2021 - 20:19:15: [admincheats.smx] <(Sentry) TyroneryJames><STEAM_0:1:240088210><137.103.113.3> was prevented from running cheat command 'shake'
L 02/05/2021 - 20:55:51: [admincheats.smx] <Sentry (TyroneryJames)><STEAM_0:1:240088210><137.103.113.3> was prevented from running cheat command 'shake'
L 02/05/2021 - 22:57:11: [SM] Changed map to "workshop/koth_chasm_b1.ugc454131968"
L 02/05/2021 - 22:57:13: -------- Mapchange to workshop/koth_chasm_b1.ugc454131968 --------
L 02/05/2021 - 22:57:19: [tf2items_giveweapon.smx] [TF2Items GiveWeapon]2041_viewmodel: Preparing models/weapons/c_models/c_v_ludmila/c_v_ludmila.mdl
L 02/05/2021 - 22:57:19: [tf2items_giveweapon.smx] [TF2Items GiveWeapon]2058_model: cannot find valid model models/custom/weapons/antehgen/urinejar.mdl, skipping
L 02/05/2021 - 22:57:19: [tf2items_giveweapon.smx] [TF2Items GiveWeapon]2058_viewmodel: cannot find valid model models/custom/weapons/antehgen/urinejar.mdl, skipping
L 02/05/2021 - 22:57:19: [tf2items_giveweapon.smx] [TF2Items GiveWeapon]2171_model: cannot find valid model models/advancedweaponiser/w_sickle_sniper.mdl, skipping
L 02/05/2021 - 22:57:19: [tf2items_giveweapon.smx] [TF2Items GiveWeapon]2171_viewmodel: cannot find valid model models/advancedweaponiser/w_sickle_sniper.mdl, skipping
L 02/05/2021 - 22:57:19: [tf2items_giveweapon.smx] [TF2Items GiveWeapon]2197_model: cannot find valid model models/custom/weapons/rebelscurse/c_wrench_v2.mdl, skipping
L 02/05/2021 - 22:57:19: [tf2items_giveweapon.smx] [TF2Items GiveWeapon]2197_viewmodel: cannot find valid model models/custom/weapons/rebelscurse/c_wrench_v2.mdl, skipping
L 02/05/2021 - 22:57:19: [tf2items_giveweapon.smx] [TF2Items GiveWeapon]2228_model: cannot find valid model models/advancedweaponiser/fbomb/c_fbomb.mdl, skipping
L 02/05/2021 - 22:57:19: [tf2items_giveweapon.smx] [TF2Items GiveWeapon]2228_viewmodel: cannot find valid model models/advancedweaponiser/fbomb/c_fbomb.mdl, skipping
L 02/05/2021 - 22:57:19: [tf2items_giveweapon.smx] [TF2Items GiveWeapon]5142_viewmodel: cannot find valid model models/custom/weapons/goldslinger/c_engineer_gunslinger.mdl, skipping
L 02/05/2021 - 22:57:20: [basecommands.smx] "Console<0><Console><Console>" changed cvar (cvar "nb_update_frequency") (value "0.03")
L 02/06/2021 - 04:00:20: Log file closed.
