L 08/04/2021 - 02:48:06: SourceMod log file session started (file "/hlserver/tf2/tf/addons/sourcemod/logs/L20210804.log") (Version "1.10.0.6490")
L 08/04/2021 - 02:48:06: [funcommands.smx] "the unassuming<15><[U:1:298643660]><>" toggled noclip on "the unassuming<15><[U:1:298643660]><>"
L 08/04/2021 - 03:01:19: [funcommands.smx] "ashley<16><[U:1:109549249]><>" toggled noclip on "ashley<16><[U:1:109549249]><>"
L 08/04/2021 - 03:01:25: [funcommands.smx] "ashley<16><[U:1:109549249]><>" toggled noclip on "ashley<16><[U:1:109549249]><>"
L 08/04/2021 - 03:01:34: [basecommands.smx] "ashley<16><[U:1:109549249]><>" console command (cmdline "sv_cheats 1")
L 08/04/2021 - 03:02:03: [basecommands.smx] "ashley<16><[U:1:109549249]><>" console command (cmdline "sv_cheats 0")
L 08/04/2021 - 03:02:17: [funcommands.smx] "ashley<16><[U:1:109549249]><>" toggled noclip on "ashley<16><[U:1:109549249]><>"
L 08/04/2021 - 03:02:55: [basecommands.smx] "ashley<16><[U:1:109549249]><>" changed map to "plr_hightower"
L 08/04/2021 - 03:02:58: [SM] Changed map to "plr_hightower"
L 08/04/2021 - 03:02:58: -------- Mapchange to plr_hightower --------
L 08/04/2021 - 03:02:59: [stac.smx] [StAC] File handle invalid!
L 08/04/2021 - 03:02:59: [stac.smx] [StAC] Plugin vers. ---- 5.1.0b ---- loaded
L 08/04/2021 - 03:03:04: [tf2items_giveweapon.smx] [TF2Items GiveWeapon]2041_viewmodel: Preparing models/weapons/c_models/c_v_ludmila/c_v_ludmila.mdl
L 08/04/2021 - 03:03:04: [tf2items_giveweapon.smx] [TF2Items GiveWeapon]2058_model: cannot find valid model models/custom/weapons/antehgen/urinejar.mdl, skipping
L 08/04/2021 - 03:03:04: [tf2items_giveweapon.smx] [TF2Items GiveWeapon]2058_viewmodel: cannot find valid model models/custom/weapons/antehgen/urinejar.mdl, skipping
L 08/04/2021 - 03:03:04: [tf2items_giveweapon.smx] [TF2Items GiveWeapon]2171_model: cannot find valid model models/advancedweaponiser/w_sickle_sniper.mdl, skipping
L 08/04/2021 - 03:03:04: [tf2items_giveweapon.smx] [TF2Items GiveWeapon]2171_viewmodel: cannot find valid model models/advancedweaponiser/w_sickle_sniper.mdl, skipping
L 08/04/2021 - 03:03:04: [tf2items_giveweapon.smx] [TF2Items GiveWeapon]2197_model: cannot find valid model models/custom/weapons/rebelscurse/c_wrench_v2.mdl, skipping
L 08/04/2021 - 03:03:04: [tf2items_giveweapon.smx] [TF2Items GiveWeapon]2197_viewmodel: cannot find valid model models/custom/weapons/rebelscurse/c_wrench_v2.mdl, skipping
L 08/04/2021 - 03:03:04: [tf2items_giveweapon.smx] [TF2Items GiveWeapon]2228_model: cannot find valid model models/advancedweaponiser/fbomb/c_fbomb.mdl, skipping
L 08/04/2021 - 03:03:04: [tf2items_giveweapon.smx] [TF2Items GiveWeapon]2228_viewmodel: cannot find valid model models/advancedweaponiser/fbomb/c_fbomb.mdl, skipping
L 08/04/2021 - 03:03:04: [tf2items_giveweapon.smx] [TF2Items GiveWeapon]5142_viewmodel: cannot find valid model models/custom/weapons/goldslinger/c_engineer_gunslinger.mdl, skipping
L 08/04/2021 - 03:03:04: [basecommands.smx] "Console<0><Console><Console>" changed cvar (cvar "nb_update_frequency") (value "0.03")
L 08/04/2021 - 03:03:04: [basecommands.smx] "Console<0><Console><Console>" changed cvar (cvar "fps_max") (value "0")
L 08/04/2021 - 04:00:05: [ScheduledShutdown.smx] Server shutdown warning.
L 08/04/2021 - 04:00:15: [ScheduledShutdown.smx] Server shutdown.
L 08/04/2021 - 04:00:15: [stac.smx] [StAC] File handle invalid!
L 08/04/2021 - 04:00:15: [stac.smx] [StAC] Plugin vers. ---- 5.1.0b ---- unloaded
L 08/04/2021 - 04:00:15: Log file closed.
L 08/04/2021 - 04:00:57: SourceMod log file session started (file "/hlserver/tf2/tf/addons/sourcemod/logs/L20210804.log") (Version "1.10.0.6490")
L 08/04/2021 - 04:00:57: [TF2ITEMS] "GiveNamedItem" offset = 485
L 08/04/2021 - 04:00:57: [auto_steam_update.smx] HUD text is supported on this mod. The persistant timer will display.
L 08/04/2021 - 04:00:57: [simple-chatprocessor.smx] [SCP] Recognized mod [Team Fortress 2].
L 08/04/2021 - 04:00:57: [simple-chatprocessor.smx] [SCP] Loading translation file [scp.tf.phrases].
L 08/04/2021 - 04:00:57: [stac.smx] [StAC] File handle invalid!
L 08/04/2021 - 04:00:57: [stac.smx] [StAC] Plugin vers. ---- 5.1.0b ---- loaded
L 08/04/2021 - 04:01:06: [tf2items_giveweapon.smx] [TF2Items GiveWeapon]2041_viewmodel: Preparing models/weapons/c_models/c_v_ludmila/c_v_ludmila.mdl
L 08/04/2021 - 04:01:06: [tf2items_giveweapon.smx] [TF2Items GiveWeapon]2058_model: cannot find valid model models/custom/weapons/antehgen/urinejar.mdl, skipping
L 08/04/2021 - 04:01:06: [tf2items_giveweapon.smx] [TF2Items GiveWeapon]2058_viewmodel: cannot find valid model models/custom/weapons/antehgen/urinejar.mdl, skipping
L 08/04/2021 - 04:01:06: [tf2items_giveweapon.smx] [TF2Items GiveWeapon]2171_model: cannot find valid model models/advancedweaponiser/w_sickle_sniper.mdl, skipping
L 08/04/2021 - 04:01:06: [tf2items_giveweapon.smx] [TF2Items GiveWeapon]2171_viewmodel: cannot find valid model models/advancedweaponiser/w_sickle_sniper.mdl, skipping
L 08/04/2021 - 04:01:06: [tf2items_giveweapon.smx] [TF2Items GiveWeapon]2197_model: cannot find valid model models/custom/weapons/rebelscurse/c_wrench_v2.mdl, skipping
L 08/04/2021 - 04:01:06: [tf2items_giveweapon.smx] [TF2Items GiveWeapon]2197_viewmodel: cannot find valid model models/custom/weapons/rebelscurse/c_wrench_v2.mdl, skipping
L 08/04/2021 - 04:01:06: [tf2items_giveweapon.smx] [TF2Items GiveWeapon]2228_model: cannot find valid model models/advancedweaponiser/fbomb/c_fbomb.mdl, skipping
L 08/04/2021 - 04:01:06: [tf2items_giveweapon.smx] [TF2Items GiveWeapon]2228_viewmodel: cannot find valid model models/advancedweaponiser/fbomb/c_fbomb.mdl, skipping
L 08/04/2021 - 04:01:06: [tf2items_giveweapon.smx] [TF2Items GiveWeapon]5142_viewmodel: cannot find valid model models/custom/weapons/goldslinger/c_engineer_gunslinger.mdl, skipping
L 08/04/2021 - 04:01:06: [basecommands.smx] "Console<0><Console><Console>" changed cvar (cvar "nb_update_frequency") (value "0.03")
L 08/04/2021 - 04:01:06: [basecommands.smx] "Console<0><Console><Console>" changed cvar (cvar "fps_max") (value "0")
L 08/05/2021 - 04:00:06: Log file closed.
