L 12/21/2021 - 00:09:55: SourceMod log file session started (file "/home/tf2server/hlserver/tf2/tf/addons/sourcemod/logs/L20211221.log") (Version "1.10.0.6512")
L 12/21/2021 - 00:09:55: [admincheats.smx] <VibeZ Time><STEAM_0:0:460381675><69.123.180.142> was prevented from running cheat command 'noclip'
L 12/21/2021 - 00:09:55: [admincheats.smx] <VibeZ Time><STEAM_0:0:460381675><69.123.180.142> was prevented from running cheat command 'noclip'
L 12/21/2021 - 00:20:24: [admincheats.smx] <VibeZ Time><STEAM_0:0:460381675><69.123.180.142> was prevented from running cheat command 'noclip'
L 12/21/2021 - 04:00:12: [ScheduledShutdown.smx] Server shutdown warning.
L 12/21/2021 - 04:00:22: [ScheduledShutdown.smx] Server shutdown.
L 12/21/2021 - 04:00:23: Log file closed.
L 12/21/2021 - 04:00:38: SourceMod log file session started (file "/home/tf2server/hlserver/tf2/tf/addons/sourcemod/logs/L20211221.log") (Version "1.10.0.6512")
L 12/21/2021 - 04:00:38: [TF2ITEMS] "GiveNamedItem" offset = 488
L 12/21/2021 - 04:00:38: [stac.smx] [StAC] File handle invalid!
L 12/21/2021 - 04:00:38: [simple-chatprocessor.smx] [SCP] Recognized mod [Team Fortress 2].
L 12/21/2021 - 04:00:38: [simple-chatprocessor.smx] [SCP] Loading translation file [scp.tf.phrases].
L 12/21/2021 - 04:00:46: [tf2items_giveweapon.smx] [TF2Items GiveWeapon]2041_viewmodel: Preparing models/weapons/c_models/c_v_ludmila/c_v_ludmila.mdl
L 12/21/2021 - 04:00:46: [tf2items_giveweapon.smx] [TF2Items GiveWeapon]2058_model: cannot find valid model models/custom/weapons/antehgen/urinejar.mdl, skipping
L 12/21/2021 - 04:00:46: [tf2items_giveweapon.smx] [TF2Items GiveWeapon]2058_viewmodel: cannot find valid model models/custom/weapons/antehgen/urinejar.mdl, skipping
L 12/21/2021 - 04:00:46: [tf2items_giveweapon.smx] [TF2Items GiveWeapon]2171_model: cannot find valid model models/advancedweaponiser/w_sickle_sniper.mdl, skipping
L 12/21/2021 - 04:00:46: [tf2items_giveweapon.smx] [TF2Items GiveWeapon]2171_viewmodel: cannot find valid model models/advancedweaponiser/w_sickle_sniper.mdl, skipping
L 12/21/2021 - 04:00:46: [tf2items_giveweapon.smx] [TF2Items GiveWeapon]2197_model: cannot find valid model models/custom/weapons/rebelscurse/c_wrench_v2.mdl, skipping
L 12/21/2021 - 04:00:46: [tf2items_giveweapon.smx] [TF2Items GiveWeapon]2197_viewmodel: cannot find valid model models/custom/weapons/rebelscurse/c_wrench_v2.mdl, skipping
L 12/21/2021 - 04:00:46: [tf2items_giveweapon.smx] [TF2Items GiveWeapon]2228_model: cannot find valid model models/advancedweaponiser/fbomb/c_fbomb.mdl, skipping
L 12/21/2021 - 04:00:46: [tf2items_giveweapon.smx] [TF2Items GiveWeapon]2228_viewmodel: cannot find valid model models/advancedweaponiser/fbomb/c_fbomb.mdl, skipping
L 12/21/2021 - 04:00:46: [tf2items_giveweapon.smx] [TF2Items GiveWeapon]5142_viewmodel: cannot find valid model models/custom/weapons/goldslinger/c_engineer_gunslinger.mdl, skipping
L 12/21/2021 - 04:00:48: [basecommands.smx] "Console<0><Console><Console>" changed cvar (cvar "nb_update_frequency") (value "0.03")
L 12/21/2021 - 04:00:48: [basecommands.smx] "Console<0><Console><Console>" changed cvar (cvar "fps_max") (value "0")
L 12/21/2021 - 04:01:48: [ScheduledShutdown.smx] Server shutdown warning.
L 12/21/2021 - 04:01:59: [ScheduledShutdown.smx] Server shutdown.
L 12/21/2021 - 04:01:59: Log file closed.
L 12/21/2021 - 04:02:12: SourceMod log file session started (file "/home/tf2server/hlserver/tf2/tf/addons/sourcemod/logs/L20211221.log") (Version "1.10.0.6512")
L 12/21/2021 - 04:02:12: [TF2ITEMS] "GiveNamedItem" offset = 488
L 12/21/2021 - 04:02:13: [stac.smx] [StAC] File handle invalid!
L 12/21/2021 - 04:02:13: [simple-chatprocessor.smx] [SCP] Recognized mod [Team Fortress 2].
L 12/21/2021 - 04:02:13: [simple-chatprocessor.smx] [SCP] Loading translation file [scp.tf.phrases].
L 12/21/2021 - 04:02:23: [tf2items_giveweapon.smx] [TF2Items GiveWeapon]2041_viewmodel: Preparing models/weapons/c_models/c_v_ludmila/c_v_ludmila.mdl
L 12/21/2021 - 04:02:23: [tf2items_giveweapon.smx] [TF2Items GiveWeapon]2058_model: cannot find valid model models/custom/weapons/antehgen/urinejar.mdl, skipping
L 12/21/2021 - 04:02:23: [tf2items_giveweapon.smx] [TF2Items GiveWeapon]2058_viewmodel: cannot find valid model models/custom/weapons/antehgen/urinejar.mdl, skipping
L 12/21/2021 - 04:02:23: [tf2items_giveweapon.smx] [TF2Items GiveWeapon]2171_model: cannot find valid model models/advancedweaponiser/w_sickle_sniper.mdl, skipping
L 12/21/2021 - 04:02:23: [tf2items_giveweapon.smx] [TF2Items GiveWeapon]2171_viewmodel: cannot find valid model models/advancedweaponiser/w_sickle_sniper.mdl, skipping
L 12/21/2021 - 04:02:23: [tf2items_giveweapon.smx] [TF2Items GiveWeapon]2197_model: cannot find valid model models/custom/weapons/rebelscurse/c_wrench_v2.mdl, skipping
L 12/21/2021 - 04:02:23: [tf2items_giveweapon.smx] [TF2Items GiveWeapon]2197_viewmodel: cannot find valid model models/custom/weapons/rebelscurse/c_wrench_v2.mdl, skipping
L 12/21/2021 - 04:02:23: [tf2items_giveweapon.smx] [TF2Items GiveWeapon]2228_model: cannot find valid model models/advancedweaponiser/fbomb/c_fbomb.mdl, skipping
L 12/21/2021 - 04:02:23: [tf2items_giveweapon.smx] [TF2Items GiveWeapon]2228_viewmodel: cannot find valid model models/advancedweaponiser/fbomb/c_fbomb.mdl, skipping
L 12/21/2021 - 04:02:23: [tf2items_giveweapon.smx] [TF2Items GiveWeapon]5142_viewmodel: cannot find valid model models/custom/weapons/goldslinger/c_engineer_gunslinger.mdl, skipping
L 12/21/2021 - 04:02:23: [basecommands.smx] "Console<0><Console><Console>" changed cvar (cvar "nb_update_frequency") (value "0.03")
L 12/21/2021 - 04:02:23: [basecommands.smx] "Console<0><Console><Console>" changed cvar (cvar "fps_max") (value "0")
L 12/22/2021 - 04:00:24: Log file closed.
