L 08/21/2020 - 02:52:59: SourceMod log file session started (file "/hlserver/tf2/tf/addons/sourcemod/logs/L20200821.log") (Version "1.10.0.6490")
L 08/21/2020 - 02:52:59: [basecommands.smx] "WOW!<20><[U:1:109549249]><>" changed map to "plr_hightower"
L 08/21/2020 - 02:53:02: [SM] Changed map to "plr_hightower"
L 08/21/2020 - 02:53:03: -------- Mapchange to plr_hightower --------
L 08/21/2020 - 02:53:09: [tf2items_giveweapon.smx] [TF2Items GiveWeapon]2041_viewmodel: Preparing models/weapons/c_models/c_v_ludmila/c_v_ludmila.mdl
L 08/21/2020 - 02:53:09: [tf2items_giveweapon.smx] [TF2Items GiveWeapon]2058_model: cannot find valid model models/custom/weapons/antehgen/urinejar.mdl, skipping
L 08/21/2020 - 02:53:09: [tf2items_giveweapon.smx] [TF2Items GiveWeapon]2058_viewmodel: cannot find valid model models/custom/weapons/antehgen/urinejar.mdl, skipping
L 08/21/2020 - 02:53:09: [tf2items_giveweapon.smx] [TF2Items GiveWeapon]2171_model: cannot find valid model models/advancedweaponiser/w_sickle_sniper.mdl, skipping
L 08/21/2020 - 02:53:09: [tf2items_giveweapon.smx] [TF2Items GiveWeapon]2171_viewmodel: cannot find valid model models/advancedweaponiser/w_sickle_sniper.mdl, skipping
L 08/21/2020 - 02:53:09: [tf2items_giveweapon.smx] [TF2Items GiveWeapon]2197_model: cannot find valid model models/custom/weapons/rebelscurse/c_wrench_v2.mdl, skipping
L 08/21/2020 - 02:53:09: [tf2items_giveweapon.smx] [TF2Items GiveWeapon]2197_viewmodel: cannot find valid model models/custom/weapons/rebelscurse/c_wrench_v2.mdl, skipping
L 08/21/2020 - 02:53:09: [tf2items_giveweapon.smx] [TF2Items GiveWeapon]2228_model: cannot find valid model models/advancedweaponiser/fbomb/c_fbomb.mdl, skipping
L 08/21/2020 - 02:53:09: [tf2items_giveweapon.smx] [TF2Items GiveWeapon]2228_viewmodel: cannot find valid model models/advancedweaponiser/fbomb/c_fbomb.mdl, skipping
L 08/21/2020 - 02:53:09: [tf2items_giveweapon.smx] [TF2Items GiveWeapon]5142_viewmodel: cannot find valid model models/custom/weapons/goldslinger/c_engineer_gunslinger.mdl, skipping
L 08/21/2020 - 02:53:10: [basecommands.smx] "Console<0><Console><Console>" changed cvar (cvar "nb_update_frequency") (value "0")
L 08/21/2020 - 02:53:50: [resizeplayers.smx] "WOW!<20><[U:1:109549249]><>" resized "Aar<19><[U:1:89189905]><>"'s head to 10.0.
L 08/21/2020 - 02:54:43: [resizeplayers.smx] "WOW!<20><[U:1:109549249]><>" resized "Aar<19><[U:1:89189905]><>"'s torso to 10.0.
L 08/21/2020 - 02:54:50: [resizeplayers.smx] "WOW!<20><[U:1:109549249]><>" resized "Aar<19><[U:1:89189905]><>"'s hands to 10.0.
L 08/21/2020 - 02:54:53: [resizeplayers.smx] "mali<22><[U:1:321506972]><>" resized "mali<22><[U:1:321506972]><>" to 3.0.
L 08/21/2020 - 02:55:26: [resizeplayers.smx] "Aar<19><[U:1:89189905]><>" resized "Aar<19><[U:1:89189905]><>" to 2.0.
L 08/21/2020 - 02:55:26: [resizeplayers.smx] "mali<22><[U:1:321506972]><>" resized "mali<22><[U:1:321506972]><>" to 0.1.
L 08/21/2020 - 02:55:33: [resizeplayers.smx] "Aar<19><[U:1:89189905]><>" resized "Aar<19><[U:1:89189905]><>" to 0.5.
L 08/21/2020 - 02:55:53: [resizeplayers.smx] "WOW!<20><[U:1:109549249]><>" resized "WOW!<20><[U:1:109549249]><>" to 0.01.
L 08/21/2020 - 02:56:38: [resizeplayers.smx] "WOW!<20><[U:1:109549249]><>" resized "WOW!<20><[U:1:109549249]><>" to 0.1.
L 08/21/2020 - 02:57:56: [resizeplayers.smx] "WOW!<20><[U:1:109549249]><>" resized "WOW!<20><[U:1:109549249]><>" to 1.0.
L 08/21/2020 - 02:58:01: [funcommands.smx] "WOW!<20><[U:1:109549249]><>" toggled noclip on "WOW!<20><[U:1:109549249]><>"
L 08/21/2020 - 02:58:53: [resizeplayers.smx] "WOW!<20><[U:1:109549249]><>" resized "WOW!<20><[U:1:109549249]><>" to 100.0.
L 08/21/2020 - 02:59:11: [funcommands.smx] "WOW!<20><[U:1:109549249]><>" toggled noclip on "WOW!<20><[U:1:109549249]><>"
L 08/21/2020 - 02:59:49: [funcommands.smx] "WOW!<20><[U:1:109549249]><>" toggled noclip on "WOW!<20><[U:1:109549249]><>"
L 08/21/2020 - 03:00:25: [basebans.smx] "WOW!<20><[U:1:109549249]><>" banned "âââââ<26><[U:1:926992733]><>" (minutes "0") (reason "Admin disrespect")
L 08/21/2020 - 03:00:59: [funcommands.smx] "WOW!<20><[U:1:109549249]><>" toggled noclip on "WOW!<20><[U:1:109549249]><>"
L 08/21/2020 - 03:01:10: [resizeplayers.smx] "WOW!<20><[U:1:109549249]><>" resized "WOW!<20><[U:1:109549249]><>" to 1.0.
L 08/21/2020 - 03:02:39: [basebans.smx] "WOW!<20><[U:1:109549249]><>" banned "theres more!@<28><[U:1:204236034]><>" (minutes "0") (reason "Admin disrespect")
L 08/21/2020 - 03:05:20: [resizeplayers.smx] "WOW!<20><[U:1:109549249]><>" resized "WOW!<20><[U:1:109549249]><>" to 0.01.
L 08/21/2020 - 03:05:27: [resizeplayers.smx] "WOW!<20><[U:1:109549249]><>" resized "WOW!<20><[U:1:109549249]><>" to 1.0.
L 08/21/2020 - 03:07:24: [basebans.smx] "WOW!<20><[U:1:109549249]><>" banned "big chungus<29><[U:1:427452250]><>" (minutes "0") (reason "Targeting specific players")
L 08/21/2020 - 03:08:40: [basecommands.smx] "WOW!<20><[U:1:109549249]><>" console command (cmdline "sm_resize_steps 1")
L 08/21/2020 - 03:08:55: [resizeplayers.smx] "WOW!<20><[U:1:109549249]><>" resized "WOW!<20><[U:1:109549249]><>" to 0.1.
L 08/21/2020 - 03:09:05: [basecommands.smx] "WOW!<20><[U:1:109549249]><>" console command (cmdline "sm_resize_steps 1")
L 08/21/2020 - 03:10:27: [basecommands.smx] "WOW!<20><[U:1:109549249]><>" changed map to "plr_hightower"
L 08/21/2020 - 03:10:30: [SM] Changed map to "plr_hightower"
L 08/21/2020 - 03:10:31: -------- Mapchange to plr_hightower --------
L 08/21/2020 - 03:10:38: [tf2items_giveweapon.smx] [TF2Items GiveWeapon]2041_viewmodel: Preparing models/weapons/c_models/c_v_ludmila/c_v_ludmila.mdl
L 08/21/2020 - 03:10:38: [tf2items_giveweapon.smx] [TF2Items GiveWeapon]2058_model: cannot find valid model models/custom/weapons/antehgen/urinejar.mdl, skipping
L 08/21/2020 - 03:10:38: [tf2items_giveweapon.smx] [TF2Items GiveWeapon]2058_viewmodel: cannot find valid model models/custom/weapons/antehgen/urinejar.mdl, skipping
L 08/21/2020 - 03:10:38: [tf2items_giveweapon.smx] [TF2Items GiveWeapon]2171_model: cannot find valid model models/advancedweaponiser/w_sickle_sniper.mdl, skipping
L 08/21/2020 - 03:10:38: [tf2items_giveweapon.smx] [TF2Items GiveWeapon]2171_viewmodel: cannot find valid model models/advancedweaponiser/w_sickle_sniper.mdl, skipping
L 08/21/2020 - 03:10:38: [tf2items_giveweapon.smx] [TF2Items GiveWeapon]2197_model: cannot find valid model models/custom/weapons/rebelscurse/c_wrench_v2.mdl, skipping
L 08/21/2020 - 03:10:38: [tf2items_giveweapon.smx] [TF2Items GiveWeapon]2197_viewmodel: cannot find valid model models/custom/weapons/rebelscurse/c_wrench_v2.mdl, skipping
L 08/21/2020 - 03:10:38: [tf2items_giveweapon.smx] [TF2Items GiveWeapon]2228_model: cannot find valid model models/advancedweaponiser/fbomb/c_fbomb.mdl, skipping
L 08/21/2020 - 03:10:38: [tf2items_giveweapon.smx] [TF2Items GiveWeapon]2228_viewmodel: cannot find valid model models/advancedweaponiser/fbomb/c_fbomb.mdl, skipping
L 08/21/2020 - 03:10:38: [tf2items_giveweapon.smx] [TF2Items GiveWeapon]5142_viewmodel: cannot find valid model models/custom/weapons/goldslinger/c_engineer_gunslinger.mdl, skipping
L 08/21/2020 - 03:10:38: [basecommands.smx] "Console<0><Console><Console>" changed cvar (cvar "nb_update_frequency") (value "0")
L 08/21/2020 - 03:11:00: [resizeplayers.smx] "WOW!<20><[U:1:109549249]><>" resized "WOW!<20><[U:1:109549249]><>" to 0.1.
L 08/21/2020 - 03:11:17: [resizeplayers.smx] "WOW!<20><[U:1:109549249]><>" resized "WOW!<20><[U:1:109549249]><>" to 1.0.
L 08/21/2020 - 04:07:36: [mapchooser.smx] Voting for next map has started.
L 08/23/2020 - 08:17:57: Log file closed.
