L 04/21/2021 - 04:00:20: SourceMod log file session started (file "/hlserver/tf2/tf/addons/sourcemod/logs/L20210421.log") (Version "1.10.0.6490")
L 04/21/2021 - 04:00:20: [ScheduledShutdown.smx] Server shutdown warning.
L 04/21/2021 - 04:00:30: [ScheduledShutdown.smx] Server shutdown.
L 04/21/2021 - 04:00:30: [stac.smx] [StAC] File handle invalid!
L 04/21/2021 - 04:00:30: [stac.smx] [StAC] Plugin vers. ---- 4.1.17b ---- unloaded
L 04/21/2021 - 04:00:31: Log file closed.
L 04/21/2021 - 04:01:20: SourceMod log file session started (file "/hlserver/tf2/tf/addons/sourcemod/logs/L20210421.log") (Version "1.10.0.6490")
L 04/21/2021 - 04:01:20: [TF2ITEMS] "GiveNamedItem" offset = 484
L 04/21/2021 - 04:01:20: [auto_steam_update.smx] HUD text is supported on this mod. The persistant timer will display.
L 04/21/2021 - 04:01:20: [simple-chatprocessor.smx] [SCP] Recognized mod [Team Fortress 2].
L 04/21/2021 - 04:01:20: [simple-chatprocessor.smx] [SCP] Loading translation file [scp.tf.phrases].
L 04/21/2021 - 04:01:31: [tf2items_giveweapon.smx] [TF2Items GiveWeapon]2041_viewmodel: Preparing models/weapons/c_models/c_v_ludmila/c_v_ludmila.mdl
L 04/21/2021 - 04:01:31: [tf2items_giveweapon.smx] [TF2Items GiveWeapon]2058_model: cannot find valid model models/custom/weapons/antehgen/urinejar.mdl, skipping
L 04/21/2021 - 04:01:31: [tf2items_giveweapon.smx] [TF2Items GiveWeapon]2058_viewmodel: cannot find valid model models/custom/weapons/antehgen/urinejar.mdl, skipping
L 04/21/2021 - 04:01:31: [tf2items_giveweapon.smx] [TF2Items GiveWeapon]2171_model: cannot find valid model models/advancedweaponiser/w_sickle_sniper.mdl, skipping
L 04/21/2021 - 04:01:31: [tf2items_giveweapon.smx] [TF2Items GiveWeapon]2171_viewmodel: cannot find valid model models/advancedweaponiser/w_sickle_sniper.mdl, skipping
L 04/21/2021 - 04:01:31: [tf2items_giveweapon.smx] [TF2Items GiveWeapon]2197_model: cannot find valid model models/custom/weapons/rebelscurse/c_wrench_v2.mdl, skipping
L 04/21/2021 - 04:01:31: [tf2items_giveweapon.smx] [TF2Items GiveWeapon]2197_viewmodel: cannot find valid model models/custom/weapons/rebelscurse/c_wrench_v2.mdl, skipping
L 04/21/2021 - 04:01:31: [tf2items_giveweapon.smx] [TF2Items GiveWeapon]2228_model: cannot find valid model models/advancedweaponiser/fbomb/c_fbomb.mdl, skipping
L 04/21/2021 - 04:01:31: [tf2items_giveweapon.smx] [TF2Items GiveWeapon]2228_viewmodel: cannot find valid model models/advancedweaponiser/fbomb/c_fbomb.mdl, skipping
L 04/21/2021 - 04:01:31: [tf2items_giveweapon.smx] [TF2Items GiveWeapon]5142_viewmodel: cannot find valid model models/custom/weapons/goldslinger/c_engineer_gunslinger.mdl, skipping
L 04/21/2021 - 04:01:32: [basecommands.smx] "Console<0><Console><Console>" changed cvar (cvar "nb_update_frequency") (value "0.03")
L 04/21/2021 - 09:49:25: [basecommands.smx] "ash<3><[U:1:109549249]><>" changed map to "workshop/dm_hightower.ugc2458531657"
L 04/21/2021 - 09:49:28: [SM] Changed map to "workshop/dm_hightower.ugc2458531657"
L 04/21/2021 - 09:49:29: [stac.smx] [StAC] File handle invalid!
L 04/21/2021 - 09:49:29: [stac.smx] [StAC] Plugin vers. ---- 4.1.17b ---- unloaded
L 04/21/2021 - 09:49:30: -------- Mapchange to workshop/dm_hightower.ugc2458531657 --------
L 04/21/2021 - 09:49:36: [tf2items_giveweapon.smx] [TF2Items GiveWeapon]2041_viewmodel: Preparing models/weapons/c_models/c_v_ludmila/c_v_ludmila.mdl
L 04/21/2021 - 09:49:36: [tf2items_giveweapon.smx] [TF2Items GiveWeapon]2058_model: cannot find valid model models/custom/weapons/antehgen/urinejar.mdl, skipping
L 04/21/2021 - 09:49:36: [tf2items_giveweapon.smx] [TF2Items GiveWeapon]2058_viewmodel: cannot find valid model models/custom/weapons/antehgen/urinejar.mdl, skipping
L 04/21/2021 - 09:49:36: [tf2items_giveweapon.smx] [TF2Items GiveWeapon]2171_model: cannot find valid model models/advancedweaponiser/w_sickle_sniper.mdl, skipping
L 04/21/2021 - 09:49:36: [tf2items_giveweapon.smx] [TF2Items GiveWeapon]2171_viewmodel: cannot find valid model models/advancedweaponiser/w_sickle_sniper.mdl, skipping
L 04/21/2021 - 09:49:36: [tf2items_giveweapon.smx] [TF2Items GiveWeapon]2197_model: cannot find valid model models/custom/weapons/rebelscurse/c_wrench_v2.mdl, skipping
L 04/21/2021 - 09:49:36: [tf2items_giveweapon.smx] [TF2Items GiveWeapon]2197_viewmodel: cannot find valid model models/custom/weapons/rebelscurse/c_wrench_v2.mdl, skipping
L 04/21/2021 - 09:49:36: [tf2items_giveweapon.smx] [TF2Items GiveWeapon]2228_model: cannot find valid model models/advancedweaponiser/fbomb/c_fbomb.mdl, skipping
L 04/21/2021 - 09:49:36: [tf2items_giveweapon.smx] [TF2Items GiveWeapon]2228_viewmodel: cannot find valid model models/advancedweaponiser/fbomb/c_fbomb.mdl, skipping
L 04/21/2021 - 09:49:36: [tf2items_giveweapon.smx] [TF2Items GiveWeapon]5142_viewmodel: cannot find valid model models/custom/weapons/goldslinger/c_engineer_gunslinger.mdl, skipping
L 04/21/2021 - 09:49:37: [basecommands.smx] "Console<0><Console><Console>" changed cvar (cvar "nb_update_frequency") (value "0.03")
L 04/21/2021 - 09:51:34: [funcommands.smx] "ash<3><[U:1:109549249]><>" toggled noclip on "ash<3><[U:1:109549249]><>"
L 04/21/2021 - 09:51:51: [funcommands.smx] "ash<3><[U:1:109549249]><>" toggled noclip on "ash<3><[U:1:109549249]><>"
L 04/21/2021 - 09:51:52: [funcommands.smx] "ash<3><[U:1:109549249]><>" toggled noclip on "ash<3><[U:1:109549249]><>"
L 04/21/2021 - 09:51:53: [funcommands.smx] "ash<3><[U:1:109549249]><>" toggled noclip on "ash<3><[U:1:109549249]><>"
L 04/21/2021 - 09:51:54: [funcommands.smx] "ash<3><[U:1:109549249]><>" toggled noclip on "ash<3><[U:1:109549249]><>"
L 04/21/2021 - 09:51:55: [funcommands.smx] "ash<3><[U:1:109549249]><>" toggled noclip on "ash<3><[U:1:109549249]><>"
L 04/21/2021 - 09:51:55: [funcommands.smx] "ash<3><[U:1:109549249]><>" toggled noclip on "ash<3><[U:1:109549249]><>"
L 04/21/2021 - 09:51:56: [funcommands.smx] "ash<3><[U:1:109549249]><>" toggled noclip on "ash<3><[U:1:109549249]><>"
L 04/21/2021 - 09:52:03: [admincheats.smx] <ash><STEAM_0:1:54774624><24.131.113.172> ran cheat command 'ent_create'
L 04/21/2021 - 09:52:09: [admincheats.smx] <ash><STEAM_0:1:54774624><24.131.113.172> ran cheat command 'ent_remove_all'
L 04/21/2021 - 09:52:10: [admincheats.smx] <ash><STEAM_0:1:54774624><24.131.113.172> ran cheat command 'ent_create'
L 04/21/2021 - 09:52:15: [admincheats.smx] <ash><STEAM_0:1:54774624><24.131.113.172> ran cheat command 'ent_remove_all'
L 04/21/2021 - 09:52:20: [basecommands.smx] "ash<3><[U:1:109549249]><>" changed map to "plr_hightower"
L 04/21/2021 - 09:52:23: [SM] Changed map to "plr_hightower"
L 04/21/2021 - 09:52:24: -------- Mapchange to plr_hightower --------
L 04/21/2021 - 09:52:29: [tf2items_giveweapon.smx] [TF2Items GiveWeapon]2041_viewmodel: Preparing models/weapons/c_models/c_v_ludmila/c_v_ludmila.mdl
L 04/21/2021 - 09:52:29: [tf2items_giveweapon.smx] [TF2Items GiveWeapon]2058_model: cannot find valid model models/custom/weapons/antehgen/urinejar.mdl, skipping
L 04/21/2021 - 09:52:29: [tf2items_giveweapon.smx] [TF2Items GiveWeapon]2058_viewmodel: cannot find valid model models/custom/weapons/antehgen/urinejar.mdl, skipping
L 04/21/2021 - 09:52:29: [tf2items_giveweapon.smx] [TF2Items GiveWeapon]2171_model: cannot find valid model models/advancedweaponiser/w_sickle_sniper.mdl, skipping
L 04/21/2021 - 09:52:29: [tf2items_giveweapon.smx] [TF2Items GiveWeapon]2171_viewmodel: cannot find valid model models/advancedweaponiser/w_sickle_sniper.mdl, skipping
L 04/21/2021 - 09:52:29: [tf2items_giveweapon.smx] [TF2Items GiveWeapon]2197_model: cannot find valid model models/custom/weapons/rebelscurse/c_wrench_v2.mdl, skipping
L 04/21/2021 - 09:52:29: [tf2items_giveweapon.smx] [TF2Items GiveWeapon]2197_viewmodel: cannot find valid model models/custom/weapons/rebelscurse/c_wrench_v2.mdl, skipping
L 04/21/2021 - 09:52:29: [tf2items_giveweapon.smx] [TF2Items GiveWeapon]2228_model: cannot find valid model models/advancedweaponiser/fbomb/c_fbomb.mdl, skipping
L 04/21/2021 - 09:52:29: [tf2items_giveweapon.smx] [TF2Items GiveWeapon]2228_viewmodel: cannot find valid model models/advancedweaponiser/fbomb/c_fbomb.mdl, skipping
L 04/21/2021 - 09:52:29: [tf2items_giveweapon.smx] [TF2Items GiveWeapon]5142_viewmodel: cannot find valid model models/custom/weapons/goldslinger/c_engineer_gunslinger.mdl, skipping
L 04/21/2021 - 09:52:30: [basecommands.smx] "Console<0><Console><Console>" changed cvar (cvar "nb_update_frequency") (value "0.03")
L 04/22/2021 - 04:00:30: Log file closed.
