L 06/06/2021 - 00:37:41: SourceMod log file session started (file "/hlserver/tf2/tf/addons/sourcemod/logs/L20210606.log") (Version "1.10.0.6490")
L 06/06/2021 - 00:37:41: [funcommands.smx] "ashley<15><[U:1:109549249]><>" toggled noclip on "ashley<15><[U:1:109549249]><>"
L 06/06/2021 - 00:38:16: [funcommands.smx] "ashley<15><[U:1:109549249]><>" toggled noclip on "ashley<15><[U:1:109549249]><>"
L 06/06/2021 - 00:38:51: [funcommands.smx] "ashley<15><[U:1:109549249]><>" toggled noclip on "ashley<15><[U:1:109549249]><>"
L 06/06/2021 - 00:38:58: [funcommands.smx] "ashley<15><[U:1:109549249]><>" toggled noclip on "ashley<15><[U:1:109549249]><>"
L 06/06/2021 - 00:39:36: [funcommands.smx] "ashley<15><[U:1:109549249]><>" toggled noclip on "ashley<15><[U:1:109549249]><>"
L 06/06/2021 - 00:39:38: [funcommands.smx] "ashley<15><[U:1:109549249]><>" toggled noclip on "ashley<15><[U:1:109549249]><>"
L 06/06/2021 - 00:41:25: [tf2items_giveweapon.smx] "ashley<15><[U:1:109549249]><>" gave weapon 7018 to self
L 06/06/2021 - 00:45:22: [admincheats.smx] <Tarzan Boy><STEAM_0:1:24663390><69.11.160.200> was prevented from running cheat command 'noclip'
L 06/06/2021 - 04:00:34: [ScheduledShutdown.smx] Server shutdown warning.
L 06/06/2021 - 04:00:44: [ScheduledShutdown.smx] Server shutdown.
L 06/06/2021 - 04:00:45: [stac.smx] [StAC] File handle invalid!
L 06/06/2021 - 04:00:45: [stac.smx] [StAC] Plugin vers. ---- 5.0.3 ---- unloaded
L 06/06/2021 - 04:00:45: Log file closed.
L 06/06/2021 - 04:01:43: SourceMod log file session started (file "/hlserver/tf2/tf/addons/sourcemod/logs/L20210606.log") (Version "1.10.0.6490")
L 06/06/2021 - 04:01:43: [TF2ITEMS] "GiveNamedItem" offset = 484
L 06/06/2021 - 04:01:44: [auto_steam_update.smx] HUD text is supported on this mod. The persistant timer will display.
L 06/06/2021 - 04:01:44: [simple-chatprocessor.smx] [SCP] Recognized mod [Team Fortress 2].
L 06/06/2021 - 04:01:44: [simple-chatprocessor.smx] [SCP] Loading translation file [scp.tf.phrases].
L 06/06/2021 - 04:01:44: [stac.smx] [StAC] File handle invalid!
L 06/06/2021 - 04:01:44: [stac.smx] [StAC] Plugin vers. ---- 5.0.3 ---- loaded
L 06/06/2021 - 04:01:56: [tf2items_giveweapon.smx] [TF2Items GiveWeapon]2041_viewmodel: Preparing models/weapons/c_models/c_v_ludmila/c_v_ludmila.mdl
L 06/06/2021 - 04:01:56: [tf2items_giveweapon.smx] [TF2Items GiveWeapon]2058_model: cannot find valid model models/custom/weapons/antehgen/urinejar.mdl, skipping
L 06/06/2021 - 04:01:56: [tf2items_giveweapon.smx] [TF2Items GiveWeapon]2058_viewmodel: cannot find valid model models/custom/weapons/antehgen/urinejar.mdl, skipping
L 06/06/2021 - 04:01:56: [tf2items_giveweapon.smx] [TF2Items GiveWeapon]2171_model: cannot find valid model models/advancedweaponiser/w_sickle_sniper.mdl, skipping
L 06/06/2021 - 04:01:56: [tf2items_giveweapon.smx] [TF2Items GiveWeapon]2171_viewmodel: cannot find valid model models/advancedweaponiser/w_sickle_sniper.mdl, skipping
L 06/06/2021 - 04:01:56: [tf2items_giveweapon.smx] [TF2Items GiveWeapon]2197_model: cannot find valid model models/custom/weapons/rebelscurse/c_wrench_v2.mdl, skipping
L 06/06/2021 - 04:01:56: [tf2items_giveweapon.smx] [TF2Items GiveWeapon]2197_viewmodel: cannot find valid model models/custom/weapons/rebelscurse/c_wrench_v2.mdl, skipping
L 06/06/2021 - 04:01:56: [tf2items_giveweapon.smx] [TF2Items GiveWeapon]2228_model: cannot find valid model models/advancedweaponiser/fbomb/c_fbomb.mdl, skipping
L 06/06/2021 - 04:01:56: [tf2items_giveweapon.smx] [TF2Items GiveWeapon]2228_viewmodel: cannot find valid model models/advancedweaponiser/fbomb/c_fbomb.mdl, skipping
L 06/06/2021 - 04:01:56: [tf2items_giveweapon.smx] [TF2Items GiveWeapon]5142_viewmodel: cannot find valid model models/custom/weapons/goldslinger/c_engineer_gunslinger.mdl, skipping
L 06/06/2021 - 04:01:57: [basecommands.smx] "Console<0><Console><Console>" changed cvar (cvar "nb_update_frequency") (value "0.03")
L 06/07/2021 - 04:00:58: Log file closed.
