L 11/09/2021 - 04:00:06: SourceMod log file session started (file "/hlserver/tf2/tf/addons/sourcemod/logs/L20211109.log") (Version "1.10.0.6512")
L 11/09/2021 - 04:00:06: [ScheduledShutdown.smx] Server shutdown warning.
L 11/09/2021 - 04:00:17: [ScheduledShutdown.smx] Server shutdown.
L 11/09/2021 - 04:00:17: [stac.smx] [StAC] File handle invalid!
L 11/09/2021 - 04:00:17: [stac.smx] [StAC] Plugin vers. ---- 5.1.1 ---- unloaded
L 11/09/2021 - 04:00:17: Log file closed.
L 11/09/2021 - 04:01:01: SourceMod log file session started (file "/hlserver/tf2/tf/addons/sourcemod/logs/L20211109.log") (Version "1.10.0.6512")
L 11/09/2021 - 04:01:01: [TF2ITEMS] "GiveNamedItem" offset = 485
L 11/09/2021 - 04:01:02: [auto_steam_update.smx] HUD text is supported on this mod. The persistant timer will display.
L 11/09/2021 - 04:01:02: [simple-chatprocessor.smx] [SCP] Recognized mod [Team Fortress 2].
L 11/09/2021 - 04:01:02: [simple-chatprocessor.smx] [SCP] Loading translation file [scp.tf.phrases].
L 11/09/2021 - 04:01:02: [stac.smx] [StAC] File handle invalid!
L 11/09/2021 - 04:01:02: [stac.smx] [StAC] Plugin vers. ---- 5.1.1 ---- loaded
L 11/09/2021 - 04:01:10: [tf2items_giveweapon.smx] [TF2Items GiveWeapon]2041_viewmodel: Preparing models/weapons/c_models/c_v_ludmila/c_v_ludmila.mdl
L 11/09/2021 - 04:01:10: [tf2items_giveweapon.smx] [TF2Items GiveWeapon]2058_model: cannot find valid model models/custom/weapons/antehgen/urinejar.mdl, skipping
L 11/09/2021 - 04:01:10: [tf2items_giveweapon.smx] [TF2Items GiveWeapon]2058_viewmodel: cannot find valid model models/custom/weapons/antehgen/urinejar.mdl, skipping
L 11/09/2021 - 04:01:10: [tf2items_giveweapon.smx] [TF2Items GiveWeapon]2171_model: cannot find valid model models/advancedweaponiser/w_sickle_sniper.mdl, skipping
L 11/09/2021 - 04:01:10: [tf2items_giveweapon.smx] [TF2Items GiveWeapon]2171_viewmodel: cannot find valid model models/advancedweaponiser/w_sickle_sniper.mdl, skipping
L 11/09/2021 - 04:01:10: [tf2items_giveweapon.smx] [TF2Items GiveWeapon]2197_model: cannot find valid model models/custom/weapons/rebelscurse/c_wrench_v2.mdl, skipping
L 11/09/2021 - 04:01:10: [tf2items_giveweapon.smx] [TF2Items GiveWeapon]2197_viewmodel: cannot find valid model models/custom/weapons/rebelscurse/c_wrench_v2.mdl, skipping
L 11/09/2021 - 04:01:10: [tf2items_giveweapon.smx] [TF2Items GiveWeapon]2228_model: cannot find valid model models/advancedweaponiser/fbomb/c_fbomb.mdl, skipping
L 11/09/2021 - 04:01:10: [tf2items_giveweapon.smx] [TF2Items GiveWeapon]2228_viewmodel: cannot find valid model models/advancedweaponiser/fbomb/c_fbomb.mdl, skipping
L 11/09/2021 - 04:01:10: [tf2items_giveweapon.smx] [TF2Items GiveWeapon]5142_viewmodel: cannot find valid model models/custom/weapons/goldslinger/c_engineer_gunslinger.mdl, skipping
L 11/09/2021 - 04:01:11: [basecommands.smx] "Console<0><Console><Console>" changed cvar (cvar "nb_update_frequency") (value "0.03")
L 11/09/2021 - 04:01:11: [basecommands.smx] "Console<0><Console><Console>" changed cvar (cvar "fps_max") (value "0")
L 11/09/2021 - 20:35:07: [admincheats.smx] <Kaki><STEAM_0:1:125057930><47.18.62.197> was prevented from running cheat command 'noclip'
L 11/09/2021 - 20:38:28: [admincheats.smx] <Kaki><STEAM_0:1:125057930><47.18.62.197> was prevented from running cheat command 'noclip'
L 11/10/2021 - 01:16:22: Log file closed.
