L 12/12/2021 - 02:26:29: SourceMod log file session started (file "/home/tf2server/hlserver/tf2/tf/addons/sourcemod/logs/L20211212.log") (Version "1.10.0.6512")
L 12/12/2021 - 02:26:29: [admincheats.smx] <Aar><STEAM_0:1:44594952><69.201.49.58> was prevented from running cheat command 'hurtme'
L 12/12/2021 - 04:00:14: [ScheduledShutdown.smx] Server shutdown warning.
L 12/12/2021 - 04:00:24: [ScheduledShutdown.smx] Server shutdown.
L 12/12/2021 - 04:00:26: Log file closed.
L 12/12/2021 - 04:00:40: SourceMod log file session started (file "/home/tf2server/hlserver/tf2/tf/addons/sourcemod/logs/L20211212.log") (Version "1.10.0.6512")
L 12/12/2021 - 04:00:40: [TF2ITEMS] "GiveNamedItem" offset = 488
L 12/12/2021 - 04:00:40: [stac.smx] [StAC] File handle invalid!
L 12/12/2021 - 04:00:40: [simple-chatprocessor.smx] [SCP] Recognized mod [Team Fortress 2].
L 12/12/2021 - 04:00:40: [simple-chatprocessor.smx] [SCP] Loading translation file [scp.tf.phrases].
L 12/12/2021 - 04:00:51: [tf2items_giveweapon.smx] [TF2Items GiveWeapon]2041_viewmodel: Preparing models/weapons/c_models/c_v_ludmila/c_v_ludmila.mdl
L 12/12/2021 - 04:00:51: [tf2items_giveweapon.smx] [TF2Items GiveWeapon]2058_model: cannot find valid model models/custom/weapons/antehgen/urinejar.mdl, skipping
L 12/12/2021 - 04:00:51: [tf2items_giveweapon.smx] [TF2Items GiveWeapon]2058_viewmodel: cannot find valid model models/custom/weapons/antehgen/urinejar.mdl, skipping
L 12/12/2021 - 04:00:51: [tf2items_giveweapon.smx] [TF2Items GiveWeapon]2171_model: cannot find valid model models/advancedweaponiser/w_sickle_sniper.mdl, skipping
L 12/12/2021 - 04:00:51: [tf2items_giveweapon.smx] [TF2Items GiveWeapon]2171_viewmodel: cannot find valid model models/advancedweaponiser/w_sickle_sniper.mdl, skipping
L 12/12/2021 - 04:00:51: [tf2items_giveweapon.smx] [TF2Items GiveWeapon]2197_model: cannot find valid model models/custom/weapons/rebelscurse/c_wrench_v2.mdl, skipping
L 12/12/2021 - 04:00:51: [tf2items_giveweapon.smx] [TF2Items GiveWeapon]2197_viewmodel: cannot find valid model models/custom/weapons/rebelscurse/c_wrench_v2.mdl, skipping
L 12/12/2021 - 04:00:51: [tf2items_giveweapon.smx] [TF2Items GiveWeapon]2228_model: cannot find valid model models/advancedweaponiser/fbomb/c_fbomb.mdl, skipping
L 12/12/2021 - 04:00:51: [tf2items_giveweapon.smx] [TF2Items GiveWeapon]2228_viewmodel: cannot find valid model models/advancedweaponiser/fbomb/c_fbomb.mdl, skipping
L 12/12/2021 - 04:00:51: [tf2items_giveweapon.smx] [TF2Items GiveWeapon]5142_viewmodel: cannot find valid model models/custom/weapons/goldslinger/c_engineer_gunslinger.mdl, skipping
L 12/12/2021 - 04:00:52: [basecommands.smx] "Console<0><Console><Console>" changed cvar (cvar "nb_update_frequency") (value "0.03")
L 12/12/2021 - 04:00:52: [basecommands.smx] "Console<0><Console><Console>" changed cvar (cvar "fps_max") (value "0")
L 12/12/2021 - 04:01:52: [ScheduledShutdown.smx] Server shutdown warning.
L 12/12/2021 - 04:02:02: [ScheduledShutdown.smx] Server shutdown.
L 12/12/2021 - 04:02:03: Log file closed.
L 12/12/2021 - 04:02:17: SourceMod log file session started (file "/home/tf2server/hlserver/tf2/tf/addons/sourcemod/logs/L20211212.log") (Version "1.10.0.6512")
L 12/12/2021 - 04:02:17: [TF2ITEMS] "GiveNamedItem" offset = 488
L 12/12/2021 - 04:02:17: [stac.smx] [StAC] File handle invalid!
L 12/12/2021 - 04:02:17: [simple-chatprocessor.smx] [SCP] Recognized mod [Team Fortress 2].
L 12/12/2021 - 04:02:17: [simple-chatprocessor.smx] [SCP] Loading translation file [scp.tf.phrases].
L 12/12/2021 - 04:02:26: [tf2items_giveweapon.smx] [TF2Items GiveWeapon]2041_viewmodel: Preparing models/weapons/c_models/c_v_ludmila/c_v_ludmila.mdl
L 12/12/2021 - 04:02:26: [tf2items_giveweapon.smx] [TF2Items GiveWeapon]2058_model: cannot find valid model models/custom/weapons/antehgen/urinejar.mdl, skipping
L 12/12/2021 - 04:02:26: [tf2items_giveweapon.smx] [TF2Items GiveWeapon]2058_viewmodel: cannot find valid model models/custom/weapons/antehgen/urinejar.mdl, skipping
L 12/12/2021 - 04:02:26: [tf2items_giveweapon.smx] [TF2Items GiveWeapon]2171_model: cannot find valid model models/advancedweaponiser/w_sickle_sniper.mdl, skipping
L 12/12/2021 - 04:02:26: [tf2items_giveweapon.smx] [TF2Items GiveWeapon]2171_viewmodel: cannot find valid model models/advancedweaponiser/w_sickle_sniper.mdl, skipping
L 12/12/2021 - 04:02:26: [tf2items_giveweapon.smx] [TF2Items GiveWeapon]2197_model: cannot find valid model models/custom/weapons/rebelscurse/c_wrench_v2.mdl, skipping
L 12/12/2021 - 04:02:26: [tf2items_giveweapon.smx] [TF2Items GiveWeapon]2197_viewmodel: cannot find valid model models/custom/weapons/rebelscurse/c_wrench_v2.mdl, skipping
L 12/12/2021 - 04:02:26: [tf2items_giveweapon.smx] [TF2Items GiveWeapon]2228_model: cannot find valid model models/advancedweaponiser/fbomb/c_fbomb.mdl, skipping
L 12/12/2021 - 04:02:26: [tf2items_giveweapon.smx] [TF2Items GiveWeapon]2228_viewmodel: cannot find valid model models/advancedweaponiser/fbomb/c_fbomb.mdl, skipping
L 12/12/2021 - 04:02:26: [tf2items_giveweapon.smx] [TF2Items GiveWeapon]5142_viewmodel: cannot find valid model models/custom/weapons/goldslinger/c_engineer_gunslinger.mdl, skipping
L 12/12/2021 - 04:02:27: [basecommands.smx] "Console<0><Console><Console>" changed cvar (cvar "nb_update_frequency") (value "0.03")
L 12/12/2021 - 04:02:27: [basecommands.smx] "Console<0><Console><Console>" changed cvar (cvar "fps_max") (value "0")
L 12/13/2021 - 04:00:27: Log file closed.
