L 07/28/2021 - 04:00:58: SourceMod log file session started (file "/hlserver/tf2/tf/addons/sourcemod/logs/L20210728.log") (Version "1.10.0.6490")
L 07/28/2021 - 04:00:58: [ScheduledShutdown.smx] Server shutdown warning.
L 07/28/2021 - 04:01:08: [ScheduledShutdown.smx] Server shutdown.
L 07/28/2021 - 04:01:08: [stac.smx] [StAC] File handle invalid!
L 07/28/2021 - 04:01:08: [stac.smx] [StAC] Plugin vers. ---- 5.1.0b ---- unloaded
L 07/28/2021 - 04:01:09: Log file closed.
L 07/28/2021 - 04:01:46: SourceMod log file session started (file "/hlserver/tf2/tf/addons/sourcemod/logs/L20210728.log") (Version "1.10.0.6490")
L 07/28/2021 - 04:01:46: [TF2ITEMS] "GiveNamedItem" offset = 485
L 07/28/2021 - 04:01:46: [auto_steam_update.smx] HUD text is supported on this mod. The persistant timer will display.
L 07/28/2021 - 04:01:46: [simple-chatprocessor.smx] [SCP] Recognized mod [Team Fortress 2].
L 07/28/2021 - 04:01:46: [simple-chatprocessor.smx] [SCP] Loading translation file [scp.tf.phrases].
L 07/28/2021 - 04:01:46: [stac.smx] [StAC] File handle invalid!
L 07/28/2021 - 04:01:46: [stac.smx] [StAC] Plugin vers. ---- 5.1.0b ---- loaded
L 07/28/2021 - 04:01:54: [tf2items_giveweapon.smx] [TF2Items GiveWeapon]2041_viewmodel: Preparing models/weapons/c_models/c_v_ludmila/c_v_ludmila.mdl
L 07/28/2021 - 04:01:54: [tf2items_giveweapon.smx] [TF2Items GiveWeapon]2058_model: cannot find valid model models/custom/weapons/antehgen/urinejar.mdl, skipping
L 07/28/2021 - 04:01:54: [tf2items_giveweapon.smx] [TF2Items GiveWeapon]2058_viewmodel: cannot find valid model models/custom/weapons/antehgen/urinejar.mdl, skipping
L 07/28/2021 - 04:01:54: [tf2items_giveweapon.smx] [TF2Items GiveWeapon]2171_model: cannot find valid model models/advancedweaponiser/w_sickle_sniper.mdl, skipping
L 07/28/2021 - 04:01:54: [tf2items_giveweapon.smx] [TF2Items GiveWeapon]2171_viewmodel: cannot find valid model models/advancedweaponiser/w_sickle_sniper.mdl, skipping
L 07/28/2021 - 04:01:54: [tf2items_giveweapon.smx] [TF2Items GiveWeapon]2197_model: cannot find valid model models/custom/weapons/rebelscurse/c_wrench_v2.mdl, skipping
L 07/28/2021 - 04:01:54: [tf2items_giveweapon.smx] [TF2Items GiveWeapon]2197_viewmodel: cannot find valid model models/custom/weapons/rebelscurse/c_wrench_v2.mdl, skipping
L 07/28/2021 - 04:01:54: [tf2items_giveweapon.smx] [TF2Items GiveWeapon]2228_model: cannot find valid model models/advancedweaponiser/fbomb/c_fbomb.mdl, skipping
L 07/28/2021 - 04:01:54: [tf2items_giveweapon.smx] [TF2Items GiveWeapon]2228_viewmodel: cannot find valid model models/advancedweaponiser/fbomb/c_fbomb.mdl, skipping
L 07/28/2021 - 04:01:54: [tf2items_giveweapon.smx] [TF2Items GiveWeapon]5142_viewmodel: cannot find valid model models/custom/weapons/goldslinger/c_engineer_gunslinger.mdl, skipping
L 07/28/2021 - 04:01:55: [basecommands.smx] "Console<0><Console><Console>" changed cvar (cvar "nb_update_frequency") (value "0.03")
L 07/28/2021 - 04:01:55: [basecommands.smx] "Console<0><Console><Console>" changed cvar (cvar "fps_max") (value "0")
L 07/28/2021 - 15:33:55: [admincheats.smx] <not funy, didt laf.><STEAM_0:1:125057930><47.18.62.197> was prevented from running cheat command 'noclip'
L 07/28/2021 - 15:34:05: [admincheats.smx] <not funy, didt laf.><STEAM_0:1:125057930><47.18.62.197> was prevented from running cheat command 'noclip'
L 07/28/2021 - 15:42:37: [admincheats.smx] <not funy, didt laf.><STEAM_0:1:125057930><47.18.62.197> was prevented from running cheat command 'noclip'
L 07/28/2021 - 15:42:39: [admincheats.smx] <not funy, didt laf.><STEAM_0:1:125057930><47.18.62.197> was prevented from running cheat command 'noclip'
L 07/28/2021 - 22:53:35: [admincheats.smx] <NJH><STEAM_0:1:424774506><72.175.177.50> was prevented from running cheat command 'noclip'
L 07/29/2021 - 03:58:00: Log file closed.
