L 02/01/2021 - 04:00:30: SourceMod log file session started (file "/hlserver/tf2/tf/addons/sourcemod/logs/L20210201.log") (Version "1.10.0.6490")
L 02/01/2021 - 04:00:30: [ScheduledShutdown.smx] Server shutdown warning.
L 02/01/2021 - 04:00:40: [ScheduledShutdown.smx] Server shutdown.
L 02/01/2021 - 04:00:41: Log file closed.
L 02/01/2021 - 04:01:02: SourceMod log file session started (file "/hlserver/tf2/tf/addons/sourcemod/logs/L20210201.log") (Version "1.10.0.6490")
L 02/01/2021 - 04:01:02: [TF2ITEMS] "GiveNamedItem" offset = 484
L 02/01/2021 - 04:01:02: [auto_steam_update.smx] HUD text is supported on this mod. The persistant timer will display.
L 02/01/2021 - 04:01:02: [simple-chatprocessor.smx] [SCP] Recognized mod [Team Fortress 2].
L 02/01/2021 - 04:01:02: [simple-chatprocessor.smx] [SCP] Loading translation file [scp.tf.phrases].
L 02/01/2021 - 04:01:11: [tf2items_giveweapon.smx] [TF2Items GiveWeapon]2041_viewmodel: Preparing models/weapons/c_models/c_v_ludmila/c_v_ludmila.mdl
L 02/01/2021 - 04:01:11: [tf2items_giveweapon.smx] [TF2Items GiveWeapon]2058_model: cannot find valid model models/custom/weapons/antehgen/urinejar.mdl, skipping
L 02/01/2021 - 04:01:11: [tf2items_giveweapon.smx] [TF2Items GiveWeapon]2058_viewmodel: cannot find valid model models/custom/weapons/antehgen/urinejar.mdl, skipping
L 02/01/2021 - 04:01:11: [tf2items_giveweapon.smx] [TF2Items GiveWeapon]2171_model: cannot find valid model models/advancedweaponiser/w_sickle_sniper.mdl, skipping
L 02/01/2021 - 04:01:11: [tf2items_giveweapon.smx] [TF2Items GiveWeapon]2171_viewmodel: cannot find valid model models/advancedweaponiser/w_sickle_sniper.mdl, skipping
L 02/01/2021 - 04:01:11: [tf2items_giveweapon.smx] [TF2Items GiveWeapon]2197_model: cannot find valid model models/custom/weapons/rebelscurse/c_wrench_v2.mdl, skipping
L 02/01/2021 - 04:01:11: [tf2items_giveweapon.smx] [TF2Items GiveWeapon]2197_viewmodel: cannot find valid model models/custom/weapons/rebelscurse/c_wrench_v2.mdl, skipping
L 02/01/2021 - 04:01:11: [tf2items_giveweapon.smx] [TF2Items GiveWeapon]2228_model: cannot find valid model models/advancedweaponiser/fbomb/c_fbomb.mdl, skipping
L 02/01/2021 - 04:01:11: [tf2items_giveweapon.smx] [TF2Items GiveWeapon]2228_viewmodel: cannot find valid model models/advancedweaponiser/fbomb/c_fbomb.mdl, skipping
L 02/01/2021 - 04:01:11: [tf2items_giveweapon.smx] [TF2Items GiveWeapon]5142_viewmodel: cannot find valid model models/custom/weapons/goldslinger/c_engineer_gunslinger.mdl, skipping
L 02/01/2021 - 04:01:11: [basecommands.smx] "Console<0><Console><Console>" changed cvar (cvar "nb_update_frequency") (value "0.03")
L 02/01/2021 - 18:38:37: [SM] Changed map to "workshop/pl_fifthcurve_rc1.ugc648227046"
L 02/01/2021 - 18:38:48: -------- Mapchange to workshop/pl_fifthcurve_rc1.ugc648227046 --------
L 02/01/2021 - 18:38:54: [tf2items_giveweapon.smx] [TF2Items GiveWeapon]2041_viewmodel: Preparing models/weapons/c_models/c_v_ludmila/c_v_ludmila.mdl
L 02/01/2021 - 18:38:54: [tf2items_giveweapon.smx] [TF2Items GiveWeapon]2058_model: cannot find valid model models/custom/weapons/antehgen/urinejar.mdl, skipping
L 02/01/2021 - 18:38:54: [tf2items_giveweapon.smx] [TF2Items GiveWeapon]2058_viewmodel: cannot find valid model models/custom/weapons/antehgen/urinejar.mdl, skipping
L 02/01/2021 - 18:38:54: [tf2items_giveweapon.smx] [TF2Items GiveWeapon]2171_model: cannot find valid model models/advancedweaponiser/w_sickle_sniper.mdl, skipping
L 02/01/2021 - 18:38:54: [tf2items_giveweapon.smx] [TF2Items GiveWeapon]2171_viewmodel: cannot find valid model models/advancedweaponiser/w_sickle_sniper.mdl, skipping
L 02/01/2021 - 18:38:54: [tf2items_giveweapon.smx] [TF2Items GiveWeapon]2197_model: cannot find valid model models/custom/weapons/rebelscurse/c_wrench_v2.mdl, skipping
L 02/01/2021 - 18:38:54: [tf2items_giveweapon.smx] [TF2Items GiveWeapon]2197_viewmodel: cannot find valid model models/custom/weapons/rebelscurse/c_wrench_v2.mdl, skipping
L 02/01/2021 - 18:38:54: [tf2items_giveweapon.smx] [TF2Items GiveWeapon]2228_model: cannot find valid model models/advancedweaponiser/fbomb/c_fbomb.mdl, skipping
L 02/01/2021 - 18:38:54: [tf2items_giveweapon.smx] [TF2Items GiveWeapon]2228_viewmodel: cannot find valid model models/advancedweaponiser/fbomb/c_fbomb.mdl, skipping
L 02/01/2021 - 18:38:54: [tf2items_giveweapon.smx] [TF2Items GiveWeapon]5142_viewmodel: cannot find valid model models/custom/weapons/goldslinger/c_engineer_gunslinger.mdl, skipping
L 02/01/2021 - 18:38:54: [basecommands.smx] "Console<0><Console><Console>" changed cvar (cvar "nb_update_frequency") (value "0.03")
L 02/02/2021 - 04:00:54: Log file closed.
