L 12/19/2021 - 04:00:25: SourceMod log file session started (file "/home/tf2server/hlserver/tf2/tf/addons/sourcemod/logs/L20211219.log") (Version "1.10.0.6512")
L 12/19/2021 - 04:00:25: [ScheduledShutdown.smx] Server shutdown warning.
L 12/19/2021 - 04:00:35: [ScheduledShutdown.smx] Server shutdown.
L 12/19/2021 - 04:00:36: Log file closed.
L 12/19/2021 - 04:00:50: SourceMod log file session started (file "/home/tf2server/hlserver/tf2/tf/addons/sourcemod/logs/L20211219.log") (Version "1.10.0.6512")
L 12/19/2021 - 04:00:50: [TF2ITEMS] "GiveNamedItem" offset = 488
L 12/19/2021 - 04:00:50: [stac.smx] [StAC] File handle invalid!
L 12/19/2021 - 04:00:51: [simple-chatprocessor.smx] [SCP] Recognized mod [Team Fortress 2].
L 12/19/2021 - 04:00:51: [simple-chatprocessor.smx] [SCP] Loading translation file [scp.tf.phrases].
L 12/19/2021 - 04:00:58: [tf2items_giveweapon.smx] [TF2Items GiveWeapon]2041_viewmodel: Preparing models/weapons/c_models/c_v_ludmila/c_v_ludmila.mdl
L 12/19/2021 - 04:00:58: [tf2items_giveweapon.smx] [TF2Items GiveWeapon]2058_model: cannot find valid model models/custom/weapons/antehgen/urinejar.mdl, skipping
L 12/19/2021 - 04:00:58: [tf2items_giveweapon.smx] [TF2Items GiveWeapon]2058_viewmodel: cannot find valid model models/custom/weapons/antehgen/urinejar.mdl, skipping
L 12/19/2021 - 04:00:58: [tf2items_giveweapon.smx] [TF2Items GiveWeapon]2171_model: cannot find valid model models/advancedweaponiser/w_sickle_sniper.mdl, skipping
L 12/19/2021 - 04:00:58: [tf2items_giveweapon.smx] [TF2Items GiveWeapon]2171_viewmodel: cannot find valid model models/advancedweaponiser/w_sickle_sniper.mdl, skipping
L 12/19/2021 - 04:00:58: [tf2items_giveweapon.smx] [TF2Items GiveWeapon]2197_model: cannot find valid model models/custom/weapons/rebelscurse/c_wrench_v2.mdl, skipping
L 12/19/2021 - 04:00:58: [tf2items_giveweapon.smx] [TF2Items GiveWeapon]2197_viewmodel: cannot find valid model models/custom/weapons/rebelscurse/c_wrench_v2.mdl, skipping
L 12/19/2021 - 04:00:58: [tf2items_giveweapon.smx] [TF2Items GiveWeapon]2228_model: cannot find valid model models/advancedweaponiser/fbomb/c_fbomb.mdl, skipping
L 12/19/2021 - 04:00:58: [tf2items_giveweapon.smx] [TF2Items GiveWeapon]2228_viewmodel: cannot find valid model models/advancedweaponiser/fbomb/c_fbomb.mdl, skipping
L 12/19/2021 - 04:00:58: [tf2items_giveweapon.smx] [TF2Items GiveWeapon]5142_viewmodel: cannot find valid model models/custom/weapons/goldslinger/c_engineer_gunslinger.mdl, skipping
L 12/19/2021 - 04:00:59: [basecommands.smx] "Console<0><Console><Console>" changed cvar (cvar "nb_update_frequency") (value "0.03")
L 12/19/2021 - 04:00:59: [basecommands.smx] "Console<0><Console><Console>" changed cvar (cvar "fps_max") (value "0")
L 12/19/2021 - 04:01:59: [ScheduledShutdown.smx] Server shutdown warning.
L 12/19/2021 - 04:02:10: [ScheduledShutdown.smx] Server shutdown.
L 12/19/2021 - 04:02:11: Log file closed.
L 12/19/2021 - 04:02:24: SourceMod log file session started (file "/home/tf2server/hlserver/tf2/tf/addons/sourcemod/logs/L20211219.log") (Version "1.10.0.6512")
L 12/19/2021 - 04:02:24: [TF2ITEMS] "GiveNamedItem" offset = 488
L 12/19/2021 - 04:02:24: [stac.smx] [StAC] File handle invalid!
L 12/19/2021 - 04:02:24: [simple-chatprocessor.smx] [SCP] Recognized mod [Team Fortress 2].
L 12/19/2021 - 04:02:24: [simple-chatprocessor.smx] [SCP] Loading translation file [scp.tf.phrases].
L 12/19/2021 - 04:02:32: [tf2items_giveweapon.smx] [TF2Items GiveWeapon]2041_viewmodel: Preparing models/weapons/c_models/c_v_ludmila/c_v_ludmila.mdl
L 12/19/2021 - 04:02:32: [tf2items_giveweapon.smx] [TF2Items GiveWeapon]2058_model: cannot find valid model models/custom/weapons/antehgen/urinejar.mdl, skipping
L 12/19/2021 - 04:02:32: [tf2items_giveweapon.smx] [TF2Items GiveWeapon]2058_viewmodel: cannot find valid model models/custom/weapons/antehgen/urinejar.mdl, skipping
L 12/19/2021 - 04:02:32: [tf2items_giveweapon.smx] [TF2Items GiveWeapon]2171_model: cannot find valid model models/advancedweaponiser/w_sickle_sniper.mdl, skipping
L 12/19/2021 - 04:02:32: [tf2items_giveweapon.smx] [TF2Items GiveWeapon]2171_viewmodel: cannot find valid model models/advancedweaponiser/w_sickle_sniper.mdl, skipping
L 12/19/2021 - 04:02:32: [tf2items_giveweapon.smx] [TF2Items GiveWeapon]2197_model: cannot find valid model models/custom/weapons/rebelscurse/c_wrench_v2.mdl, skipping
L 12/19/2021 - 04:02:32: [tf2items_giveweapon.smx] [TF2Items GiveWeapon]2197_viewmodel: cannot find valid model models/custom/weapons/rebelscurse/c_wrench_v2.mdl, skipping
L 12/19/2021 - 04:02:32: [tf2items_giveweapon.smx] [TF2Items GiveWeapon]2228_model: cannot find valid model models/advancedweaponiser/fbomb/c_fbomb.mdl, skipping
L 12/19/2021 - 04:02:32: [tf2items_giveweapon.smx] [TF2Items GiveWeapon]2228_viewmodel: cannot find valid model models/advancedweaponiser/fbomb/c_fbomb.mdl, skipping
L 12/19/2021 - 04:02:32: [tf2items_giveweapon.smx] [TF2Items GiveWeapon]5142_viewmodel: cannot find valid model models/custom/weapons/goldslinger/c_engineer_gunslinger.mdl, skipping
L 12/19/2021 - 04:02:33: [basecommands.smx] "Console<0><Console><Console>" changed cvar (cvar "nb_update_frequency") (value "0.03")
L 12/19/2021 - 04:02:33: [basecommands.smx] "Console<0><Console><Console>" changed cvar (cvar "fps_max") (value "0")
L 12/19/2021 - 04:15:27: [admincheats.smx] <bat><STEAM_0:1:417998338><209.143.22.76> was prevented from running cheat command 'prop_physics_create'
L 12/19/2021 - 06:31:43: [admincheats.smx] <Chance of Downpour><STEAM_0:0:206582656><108.180.105.231> was prevented from running cheat command 'noclip'
L 12/19/2021 - 06:32:03: [admincheats.smx] <Chance of Downpour><STEAM_0:0:206582656><108.180.105.231> was prevented from running cheat command 'noclip'
L 12/19/2021 - 06:36:25: SourceMod log file session started (file "/home/tf2server/hlserver/tf2/tf/addons/sourcemod/logs/L20211219.log") (Version "1.10.0.6512")
L 12/19/2021 - 06:36:25: [TF2ITEMS] "GiveNamedItem" offset = 488
L 12/19/2021 - 06:36:25: [stac.smx] [StAC] File handle invalid!
L 12/19/2021 - 06:36:25: [simple-chatprocessor.smx] [SCP] Recognized mod [Team Fortress 2].
L 12/19/2021 - 06:36:25: [simple-chatprocessor.smx] [SCP] Loading translation file [scp.tf.phrases].
L 12/19/2021 - 06:36:35: [tf2items_giveweapon.smx] [TF2Items GiveWeapon]2041_viewmodel: Preparing models/weapons/c_models/c_v_ludmila/c_v_ludmila.mdl
L 12/19/2021 - 06:36:35: [tf2items_giveweapon.smx] [TF2Items GiveWeapon]2058_model: cannot find valid model models/custom/weapons/antehgen/urinejar.mdl, skipping
L 12/19/2021 - 06:36:35: [tf2items_giveweapon.smx] [TF2Items GiveWeapon]2058_viewmodel: cannot find valid model models/custom/weapons/antehgen/urinejar.mdl, skipping
L 12/19/2021 - 06:36:35: [tf2items_giveweapon.smx] [TF2Items GiveWeapon]2171_model: cannot find valid model models/advancedweaponiser/w_sickle_sniper.mdl, skipping
L 12/19/2021 - 06:36:35: [tf2items_giveweapon.smx] [TF2Items GiveWeapon]2171_viewmodel: cannot find valid model models/advancedweaponiser/w_sickle_sniper.mdl, skipping
L 12/19/2021 - 06:36:35: [tf2items_giveweapon.smx] [TF2Items GiveWeapon]2197_model: cannot find valid model models/custom/weapons/rebelscurse/c_wrench_v2.mdl, skipping
L 12/19/2021 - 06:36:35: [tf2items_giveweapon.smx] [TF2Items GiveWeapon]2197_viewmodel: cannot find valid model models/custom/weapons/rebelscurse/c_wrench_v2.mdl, skipping
L 12/19/2021 - 06:36:35: [tf2items_giveweapon.smx] [TF2Items GiveWeapon]2228_model: cannot find valid model models/advancedweaponiser/fbomb/c_fbomb.mdl, skipping
L 12/19/2021 - 06:36:35: [tf2items_giveweapon.smx] [TF2Items GiveWeapon]2228_viewmodel: cannot find valid model models/advancedweaponiser/fbomb/c_fbomb.mdl, skipping
L 12/19/2021 - 06:36:35: [tf2items_giveweapon.smx] [TF2Items GiveWeapon]5142_viewmodel: cannot find valid model models/custom/weapons/goldslinger/c_engineer_gunslinger.mdl, skipping
L 12/19/2021 - 06:36:36: [basecommands.smx] "Console<0><Console><Console>" changed cvar (cvar "nb_update_frequency") (value "0.03")
L 12/19/2021 - 06:36:36: [basecommands.smx] "Console<0><Console><Console>" changed cvar (cvar "fps_max") (value "0")
L 12/20/2021 - 02:06:07: Log file closed.
