L 09/04/2020 - 06:49:47: SourceMod log file session started (file "/hlserver/tf2/tf/addons/sourcemod/logs/L20200904.log") (Version "1.10.0.6490")
L 09/04/2020 - 06:49:47: [SM] Changed map to "workshop/pl_eclipse_rc2.ugc529340378"
L 09/04/2020 - 06:49:52: -------- Mapchange to workshop/pl_eclipse_rc2.ugc529340378 --------
L 09/04/2020 - 06:49:58: [tf2items_giveweapon.smx] [TF2Items GiveWeapon]2041_viewmodel: Preparing models/weapons/c_models/c_v_ludmila/c_v_ludmila.mdl
L 09/04/2020 - 06:49:58: [tf2items_giveweapon.smx] [TF2Items GiveWeapon]2058_model: cannot find valid model models/custom/weapons/antehgen/urinejar.mdl, skipping
L 09/04/2020 - 06:49:58: [tf2items_giveweapon.smx] [TF2Items GiveWeapon]2058_viewmodel: cannot find valid model models/custom/weapons/antehgen/urinejar.mdl, skipping
L 09/04/2020 - 06:49:58: [tf2items_giveweapon.smx] [TF2Items GiveWeapon]2171_model: cannot find valid model models/advancedweaponiser/w_sickle_sniper.mdl, skipping
L 09/04/2020 - 06:49:58: [tf2items_giveweapon.smx] [TF2Items GiveWeapon]2171_viewmodel: cannot find valid model models/advancedweaponiser/w_sickle_sniper.mdl, skipping
L 09/04/2020 - 06:49:58: [tf2items_giveweapon.smx] [TF2Items GiveWeapon]2197_model: cannot find valid model models/custom/weapons/rebelscurse/c_wrench_v2.mdl, skipping
L 09/04/2020 - 06:49:58: [tf2items_giveweapon.smx] [TF2Items GiveWeapon]2197_viewmodel: cannot find valid model models/custom/weapons/rebelscurse/c_wrench_v2.mdl, skipping
L 09/04/2020 - 06:49:58: [tf2items_giveweapon.smx] [TF2Items GiveWeapon]2228_model: cannot find valid model models/advancedweaponiser/fbomb/c_fbomb.mdl, skipping
L 09/04/2020 - 06:49:58: [tf2items_giveweapon.smx] [TF2Items GiveWeapon]2228_viewmodel: cannot find valid model models/advancedweaponiser/fbomb/c_fbomb.mdl, skipping
L 09/04/2020 - 06:49:58: [tf2items_giveweapon.smx] [TF2Items GiveWeapon]5142_viewmodel: cannot find valid model models/custom/weapons/goldslinger/c_engineer_gunslinger.mdl, skipping
L 09/04/2020 - 06:49:59: [basecommands.smx] "Console<0><Console><Console>" changed cvar (cvar "nb_update_frequency") (value "0")
L 09/04/2020 - 07:46:57: [mapchooser.smx] Voting for next map has started.
L 09/04/2020 - 11:45:57: SourceMod log file session started (file "/hlserver/tf2/tf/addons/sourcemod/logs/L20200904.log") (Version "1.10.0.6490")
L 09/04/2020 - 11:45:57: [TF2ITEMS] "GiveNamedItem" offset = 484
L 09/04/2020 - 11:45:57: [simple-chatprocessor.smx] [SCP] Recognized mod [Team Fortress 2].
L 09/04/2020 - 11:45:57: [simple-chatprocessor.smx] [SCP] Loading translation file [scp.tf.phrases].
L 09/04/2020 - 11:46:06: [tf2items_giveweapon.smx] [TF2Items GiveWeapon]2041_viewmodel: Preparing models/weapons/c_models/c_v_ludmila/c_v_ludmila.mdl
L 09/04/2020 - 11:46:06: [tf2items_giveweapon.smx] [TF2Items GiveWeapon]2058_model: cannot find valid model models/custom/weapons/antehgen/urinejar.mdl, skipping
L 09/04/2020 - 11:46:06: [tf2items_giveweapon.smx] [TF2Items GiveWeapon]2058_viewmodel: cannot find valid model models/custom/weapons/antehgen/urinejar.mdl, skipping
L 09/04/2020 - 11:46:06: [tf2items_giveweapon.smx] [TF2Items GiveWeapon]2171_model: cannot find valid model models/advancedweaponiser/w_sickle_sniper.mdl, skipping
L 09/04/2020 - 11:46:06: [tf2items_giveweapon.smx] [TF2Items GiveWeapon]2171_viewmodel: cannot find valid model models/advancedweaponiser/w_sickle_sniper.mdl, skipping
L 09/04/2020 - 11:46:06: [tf2items_giveweapon.smx] [TF2Items GiveWeapon]2197_model: cannot find valid model models/custom/weapons/rebelscurse/c_wrench_v2.mdl, skipping
L 09/04/2020 - 11:46:06: [tf2items_giveweapon.smx] [TF2Items GiveWeapon]2197_viewmodel: cannot find valid model models/custom/weapons/rebelscurse/c_wrench_v2.mdl, skipping
L 09/04/2020 - 11:46:06: [tf2items_giveweapon.smx] [TF2Items GiveWeapon]2228_model: cannot find valid model models/advancedweaponiser/fbomb/c_fbomb.mdl, skipping
L 09/04/2020 - 11:46:06: [tf2items_giveweapon.smx] [TF2Items GiveWeapon]2228_viewmodel: cannot find valid model models/advancedweaponiser/fbomb/c_fbomb.mdl, skipping
L 09/04/2020 - 11:46:06: [tf2items_giveweapon.smx] [TF2Items GiveWeapon]5142_viewmodel: cannot find valid model models/custom/weapons/goldslinger/c_engineer_gunslinger.mdl, skipping
L 09/04/2020 - 11:46:06: [basecommands.smx] "Console<0><Console><Console>" changed cvar (cvar "nb_update_frequency") (value "0")
L 09/04/2020 - 12:43:05: [mapchooser.smx] Voting for next map has started.
L 09/05/2020 - 05:34:48: Log file closed.
