L 09/01/2020 - 09:38:09: SourceMod log file session started (file "/hlserver/tf2/tf/addons/sourcemod/logs/L20200901.log") (Version "1.10.0.6490")
L 09/01/2020 - 09:38:09: Log file closed.
L 09/01/2020 - 09:38:44: SourceMod log file session started (file "/hlserver/tf2/tf/addons/sourcemod/logs/L20200901.log") (Version "1.10.0.6490")
L 09/01/2020 - 09:38:44: [TF2ITEMS] "GiveNamedItem" offset = 484
L 09/01/2020 - 09:38:44: [simple-chatprocessor.smx] [SCP] Recognized mod [Team Fortress 2].
L 09/01/2020 - 09:38:44: [simple-chatprocessor.smx] [SCP] Loading translation file [scp.tf.phrases].
L 09/01/2020 - 09:38:54: [tf2items_giveweapon.smx] [TF2Items GiveWeapon]2041_viewmodel: Preparing models/weapons/c_models/c_v_ludmila/c_v_ludmila.mdl
L 09/01/2020 - 09:38:54: [tf2items_giveweapon.smx] [TF2Items GiveWeapon]2058_model: cannot find valid model models/custom/weapons/antehgen/urinejar.mdl, skipping
L 09/01/2020 - 09:38:54: [tf2items_giveweapon.smx] [TF2Items GiveWeapon]2058_viewmodel: cannot find valid model models/custom/weapons/antehgen/urinejar.mdl, skipping
L 09/01/2020 - 09:38:54: [tf2items_giveweapon.smx] [TF2Items GiveWeapon]2171_model: cannot find valid model models/advancedweaponiser/w_sickle_sniper.mdl, skipping
L 09/01/2020 - 09:38:54: [tf2items_giveweapon.smx] [TF2Items GiveWeapon]2171_viewmodel: cannot find valid model models/advancedweaponiser/w_sickle_sniper.mdl, skipping
L 09/01/2020 - 09:38:54: [tf2items_giveweapon.smx] [TF2Items GiveWeapon]2197_model: cannot find valid model models/custom/weapons/rebelscurse/c_wrench_v2.mdl, skipping
L 09/01/2020 - 09:38:54: [tf2items_giveweapon.smx] [TF2Items GiveWeapon]2197_viewmodel: cannot find valid model models/custom/weapons/rebelscurse/c_wrench_v2.mdl, skipping
L 09/01/2020 - 09:38:54: [tf2items_giveweapon.smx] [TF2Items GiveWeapon]2228_model: cannot find valid model models/advancedweaponiser/fbomb/c_fbomb.mdl, skipping
L 09/01/2020 - 09:38:54: [tf2items_giveweapon.smx] [TF2Items GiveWeapon]2228_viewmodel: cannot find valid model models/advancedweaponiser/fbomb/c_fbomb.mdl, skipping
L 09/01/2020 - 09:38:54: [tf2items_giveweapon.smx] [TF2Items GiveWeapon]5142_viewmodel: cannot find valid model models/custom/weapons/goldslinger/c_engineer_gunslinger.mdl, skipping
L 09/01/2020 - 09:38:55: [basecommands.smx] "Console<0><Console><Console>" changed cvar (cvar "nb_update_frequency") (value "0")
L 09/01/2020 - 09:40:20: SourceMod log file session started (file "/hlserver/tf2/tf/addons/sourcemod/logs/L20200901.log") (Version "1.10.0.6490")
L 09/01/2020 - 09:40:20: [TF2ITEMS] "GiveNamedItem" offset = 484
L 09/01/2020 - 09:40:20: [simple-chatprocessor.smx] [SCP] Recognized mod [Team Fortress 2].
L 09/01/2020 - 09:40:20: [simple-chatprocessor.smx] [SCP] Loading translation file [scp.tf.phrases].
L 09/01/2020 - 09:40:28: [tf2items_giveweapon.smx] [TF2Items GiveWeapon]2041_viewmodel: Preparing models/weapons/c_models/c_v_ludmila/c_v_ludmila.mdl
L 09/01/2020 - 09:40:28: [tf2items_giveweapon.smx] [TF2Items GiveWeapon]2058_model: cannot find valid model models/custom/weapons/antehgen/urinejar.mdl, skipping
L 09/01/2020 - 09:40:28: [tf2items_giveweapon.smx] [TF2Items GiveWeapon]2058_viewmodel: cannot find valid model models/custom/weapons/antehgen/urinejar.mdl, skipping
L 09/01/2020 - 09:40:28: [tf2items_giveweapon.smx] [TF2Items GiveWeapon]2171_model: cannot find valid model models/advancedweaponiser/w_sickle_sniper.mdl, skipping
L 09/01/2020 - 09:40:28: [tf2items_giveweapon.smx] [TF2Items GiveWeapon]2171_viewmodel: cannot find valid model models/advancedweaponiser/w_sickle_sniper.mdl, skipping
L 09/01/2020 - 09:40:28: [tf2items_giveweapon.smx] [TF2Items GiveWeapon]2197_model: cannot find valid model models/custom/weapons/rebelscurse/c_wrench_v2.mdl, skipping
L 09/01/2020 - 09:40:28: [tf2items_giveweapon.smx] [TF2Items GiveWeapon]2197_viewmodel: cannot find valid model models/custom/weapons/rebelscurse/c_wrench_v2.mdl, skipping
L 09/01/2020 - 09:40:28: [tf2items_giveweapon.smx] [TF2Items GiveWeapon]2228_model: cannot find valid model models/advancedweaponiser/fbomb/c_fbomb.mdl, skipping
L 09/01/2020 - 09:40:28: [tf2items_giveweapon.smx] [TF2Items GiveWeapon]2228_viewmodel: cannot find valid model models/advancedweaponiser/fbomb/c_fbomb.mdl, skipping
L 09/01/2020 - 09:40:28: [tf2items_giveweapon.smx] [TF2Items GiveWeapon]5142_viewmodel: cannot find valid model models/custom/weapons/goldslinger/c_engineer_gunslinger.mdl, skipping
L 09/01/2020 - 09:40:29: [basecommands.smx] "Console<0><Console><Console>" changed cvar (cvar "nb_update_frequency") (value "0")
L 09/01/2020 - 09:41:50: [basecommands.smx] "video game<3><[U:1:109549249]><>" changed map to "workshop/cp_doublecross_rc2.ugc2209793078"
L 09/01/2020 - 09:41:53: [SM] Changed map to "workshop/cp_doublecross_rc2.ugc2209793078"
L 09/01/2020 - 09:41:56: -------- Mapchange to workshop/cp_doublecross_rc2.ugc2209793078 --------
L 09/01/2020 - 09:42:01: [tf2items_giveweapon.smx] [TF2Items GiveWeapon]2041_viewmodel: Preparing models/weapons/c_models/c_v_ludmila/c_v_ludmila.mdl
L 09/01/2020 - 09:42:01: [tf2items_giveweapon.smx] [TF2Items GiveWeapon]2058_model: cannot find valid model models/custom/weapons/antehgen/urinejar.mdl, skipping
L 09/01/2020 - 09:42:01: [tf2items_giveweapon.smx] [TF2Items GiveWeapon]2058_viewmodel: cannot find valid model models/custom/weapons/antehgen/urinejar.mdl, skipping
L 09/01/2020 - 09:42:01: [tf2items_giveweapon.smx] [TF2Items GiveWeapon]2171_model: cannot find valid model models/advancedweaponiser/w_sickle_sniper.mdl, skipping
L 09/01/2020 - 09:42:01: [tf2items_giveweapon.smx] [TF2Items GiveWeapon]2171_viewmodel: cannot find valid model models/advancedweaponiser/w_sickle_sniper.mdl, skipping
L 09/01/2020 - 09:42:01: [tf2items_giveweapon.smx] [TF2Items GiveWeapon]2197_model: cannot find valid model models/custom/weapons/rebelscurse/c_wrench_v2.mdl, skipping
L 09/01/2020 - 09:42:01: [tf2items_giveweapon.smx] [TF2Items GiveWeapon]2197_viewmodel: cannot find valid model models/custom/weapons/rebelscurse/c_wrench_v2.mdl, skipping
L 09/01/2020 - 09:42:01: [tf2items_giveweapon.smx] [TF2Items GiveWeapon]2228_model: cannot find valid model models/advancedweaponiser/fbomb/c_fbomb.mdl, skipping
L 09/01/2020 - 09:42:01: [tf2items_giveweapon.smx] [TF2Items GiveWeapon]2228_viewmodel: cannot find valid model models/advancedweaponiser/fbomb/c_fbomb.mdl, skipping
L 09/01/2020 - 09:42:01: [tf2items_giveweapon.smx] [TF2Items GiveWeapon]5142_viewmodel: cannot find valid model models/custom/weapons/goldslinger/c_engineer_gunslinger.mdl, skipping
L 09/01/2020 - 09:42:02: [basecommands.smx] "Console<0><Console><Console>" changed cvar (cvar "nb_update_frequency") (value "0")
L 09/01/2020 - 09:46:07: [basecommands.smx] "video game<3><[U:1:109549249]><>" kicked "video game<3><[U:1:109549249]><>" (reason "")
L 09/01/2020 - 10:39:56: [mapchooser.smx] Voting for next map has started.
L 09/02/2020 - 02:34:28: Log file closed.
