L 11/16/2021 - 02:04:01: SourceMod log file session started (file "/hlserver/tf2/tf/addons/sourcemod/logs/L20211116.log") (Version "1.10.0.6512")
L 11/16/2021 - 02:04:01: [TF2ITEMS] "GiveNamedItem" offset = 485
L 11/16/2021 - 02:04:01: [auto_steam_update.smx] HUD text is supported on this mod. The persistant timer will display.
L 11/16/2021 - 02:04:01: [simple-chatprocessor.smx] [SCP] Recognized mod [Team Fortress 2].
L 11/16/2021 - 02:04:01: [simple-chatprocessor.smx] [SCP] Loading translation file [scp.tf.phrases].
L 11/16/2021 - 02:04:01: [stac.smx] [StAC] File handle invalid!
L 11/16/2021 - 02:04:10: [tf2items_giveweapon.smx] [TF2Items GiveWeapon]2041_viewmodel: Preparing models/weapons/c_models/c_v_ludmila/c_v_ludmila.mdl
L 11/16/2021 - 02:04:10: [tf2items_giveweapon.smx] [TF2Items GiveWeapon]2058_model: cannot find valid model models/custom/weapons/antehgen/urinejar.mdl, skipping
L 11/16/2021 - 02:04:10: [tf2items_giveweapon.smx] [TF2Items GiveWeapon]2058_viewmodel: cannot find valid model models/custom/weapons/antehgen/urinejar.mdl, skipping
L 11/16/2021 - 02:04:10: [tf2items_giveweapon.smx] [TF2Items GiveWeapon]2171_model: cannot find valid model models/advancedweaponiser/w_sickle_sniper.mdl, skipping
L 11/16/2021 - 02:04:10: [tf2items_giveweapon.smx] [TF2Items GiveWeapon]2171_viewmodel: cannot find valid model models/advancedweaponiser/w_sickle_sniper.mdl, skipping
L 11/16/2021 - 02:04:10: [tf2items_giveweapon.smx] [TF2Items GiveWeapon]2197_model: cannot find valid model models/custom/weapons/rebelscurse/c_wrench_v2.mdl, skipping
L 11/16/2021 - 02:04:10: [tf2items_giveweapon.smx] [TF2Items GiveWeapon]2197_viewmodel: cannot find valid model models/custom/weapons/rebelscurse/c_wrench_v2.mdl, skipping
L 11/16/2021 - 02:04:10: [tf2items_giveweapon.smx] [TF2Items GiveWeapon]2228_model: cannot find valid model models/advancedweaponiser/fbomb/c_fbomb.mdl, skipping
L 11/16/2021 - 02:04:10: [tf2items_giveweapon.smx] [TF2Items GiveWeapon]2228_viewmodel: cannot find valid model models/advancedweaponiser/fbomb/c_fbomb.mdl, skipping
L 11/16/2021 - 02:04:10: [tf2items_giveweapon.smx] [TF2Items GiveWeapon]5142_viewmodel: cannot find valid model models/custom/weapons/goldslinger/c_engineer_gunslinger.mdl, skipping
L 11/16/2021 - 02:04:11: [basecommands.smx] "Console<0><Console><Console>" changed cvar (cvar "nb_update_frequency") (value "0.03")
L 11/16/2021 - 02:04:11: [basecommands.smx] "Console<0><Console><Console>" changed cvar (cvar "fps_max") (value "0")
L 11/16/2021 - 02:04:11: [UPDATER] Successfully updated gamedata file "sm-tf2.games.txt"
L 11/16/2021 - 02:04:11: [UPDATER] Successfully updated gamedata file "sdktools.games/game.nmrih.txt"
L 11/16/2021 - 02:04:11: [UPDATER] Successfully updated gamedata file "sdktools.games/game.tf.txt"
L 11/16/2021 - 02:04:11: [UPDATER] Successfully updated gamedata file "sdktools.games/engine.contagion.txt"
L 11/16/2021 - 02:04:11: [UPDATER] Successfully updated gamedata file "sdkhooks.games/engine.ep2v.txt"
L 11/16/2021 - 02:04:11: [UPDATER] Successfully updated gamedata file "tf2.items.txt"
L 11/16/2021 - 02:04:11: [UPDATER] SourceMod has been updated, please reload it or restart your server.
L 11/16/2021 - 02:09:35: SourceMod log file session started (file "/hlserver/tf2/tf/addons/sourcemod/logs/L20211116.log") (Version "1.10.0.6512")
L 11/16/2021 - 02:09:35: [TF2ITEMS] "GiveNamedItem" offset = 488
L 11/16/2021 - 02:09:35: [auto_steam_update.smx] HUD text is supported on this mod. The persistant timer will display.
L 11/16/2021 - 02:09:35: [simple-chatprocessor.smx] [SCP] Recognized mod [Team Fortress 2].
L 11/16/2021 - 02:09:35: [simple-chatprocessor.smx] [SCP] Loading translation file [scp.tf.phrases].
L 11/16/2021 - 02:09:35: [stac.smx] [StAC] File handle invalid!
L 11/16/2021 - 02:09:45: [tf2items_giveweapon.smx] [TF2Items GiveWeapon]2041_viewmodel: Preparing models/weapons/c_models/c_v_ludmila/c_v_ludmila.mdl
L 11/16/2021 - 02:09:45: [tf2items_giveweapon.smx] [TF2Items GiveWeapon]2058_model: cannot find valid model models/custom/weapons/antehgen/urinejar.mdl, skipping
L 11/16/2021 - 02:09:45: [tf2items_giveweapon.smx] [TF2Items GiveWeapon]2058_viewmodel: cannot find valid model models/custom/weapons/antehgen/urinejar.mdl, skipping
L 11/16/2021 - 02:09:45: [tf2items_giveweapon.smx] [TF2Items GiveWeapon]2171_model: cannot find valid model models/advancedweaponiser/w_sickle_sniper.mdl, skipping
L 11/16/2021 - 02:09:45: [tf2items_giveweapon.smx] [TF2Items GiveWeapon]2171_viewmodel: cannot find valid model models/advancedweaponiser/w_sickle_sniper.mdl, skipping
L 11/16/2021 - 02:09:45: [tf2items_giveweapon.smx] [TF2Items GiveWeapon]2197_model: cannot find valid model models/custom/weapons/rebelscurse/c_wrench_v2.mdl, skipping
L 11/16/2021 - 02:09:45: [tf2items_giveweapon.smx] [TF2Items GiveWeapon]2197_viewmodel: cannot find valid model models/custom/weapons/rebelscurse/c_wrench_v2.mdl, skipping
L 11/16/2021 - 02:09:45: [tf2items_giveweapon.smx] [TF2Items GiveWeapon]2228_model: cannot find valid model models/advancedweaponiser/fbomb/c_fbomb.mdl, skipping
L 11/16/2021 - 02:09:45: [tf2items_giveweapon.smx] [TF2Items GiveWeapon]2228_viewmodel: cannot find valid model models/advancedweaponiser/fbomb/c_fbomb.mdl, skipping
L 11/16/2021 - 02:09:45: [tf2items_giveweapon.smx] [TF2Items GiveWeapon]5142_viewmodel: cannot find valid model models/custom/weapons/goldslinger/c_engineer_gunslinger.mdl, skipping
L 11/16/2021 - 02:09:45: [basecommands.smx] "Console<0><Console><Console>" changed cvar (cvar "nb_update_frequency") (value "0.03")
L 11/16/2021 - 02:09:45: [basecommands.smx] "Console<0><Console><Console>" changed cvar (cvar "fps_max") (value "0")
L 11/16/2021 - 04:00:46: [ScheduledShutdown.smx] Server shutdown warning.
L 11/16/2021 - 04:00:56: [ScheduledShutdown.smx] Server shutdown.
L 11/16/2021 - 04:00:56: Log file closed.
L 11/16/2021 - 04:01:40: SourceMod log file session started (file "/hlserver/tf2/tf/addons/sourcemod/logs/L20211116.log") (Version "1.10.0.6512")
L 11/16/2021 - 04:01:40: [TF2ITEMS] "GiveNamedItem" offset = 488
L 11/16/2021 - 04:01:40: [auto_steam_update.smx] HUD text is supported on this mod. The persistant timer will display.
L 11/16/2021 - 04:01:40: [simple-chatprocessor.smx] [SCP] Recognized mod [Team Fortress 2].
L 11/16/2021 - 04:01:40: [simple-chatprocessor.smx] [SCP] Loading translation file [scp.tf.phrases].
L 11/16/2021 - 04:01:40: [stac.smx] [StAC] File handle invalid!
L 11/16/2021 - 04:01:49: [tf2items_giveweapon.smx] [TF2Items GiveWeapon]2041_viewmodel: Preparing models/weapons/c_models/c_v_ludmila/c_v_ludmila.mdl
L 11/16/2021 - 04:01:49: [tf2items_giveweapon.smx] [TF2Items GiveWeapon]2058_model: cannot find valid model models/custom/weapons/antehgen/urinejar.mdl, skipping
L 11/16/2021 - 04:01:49: [tf2items_giveweapon.smx] [TF2Items GiveWeapon]2058_viewmodel: cannot find valid model models/custom/weapons/antehgen/urinejar.mdl, skipping
L 11/16/2021 - 04:01:49: [tf2items_giveweapon.smx] [TF2Items GiveWeapon]2171_model: cannot find valid model models/advancedweaponiser/w_sickle_sniper.mdl, skipping
L 11/16/2021 - 04:01:49: [tf2items_giveweapon.smx] [TF2Items GiveWeapon]2171_viewmodel: cannot find valid model models/advancedweaponiser/w_sickle_sniper.mdl, skipping
L 11/16/2021 - 04:01:49: [tf2items_giveweapon.smx] [TF2Items GiveWeapon]2197_model: cannot find valid model models/custom/weapons/rebelscurse/c_wrench_v2.mdl, skipping
L 11/16/2021 - 04:01:49: [tf2items_giveweapon.smx] [TF2Items GiveWeapon]2197_viewmodel: cannot find valid model models/custom/weapons/rebelscurse/c_wrench_v2.mdl, skipping
L 11/16/2021 - 04:01:49: [tf2items_giveweapon.smx] [TF2Items GiveWeapon]2228_model: cannot find valid model models/advancedweaponiser/fbomb/c_fbomb.mdl, skipping
L 11/16/2021 - 04:01:49: [tf2items_giveweapon.smx] [TF2Items GiveWeapon]2228_viewmodel: cannot find valid model models/advancedweaponiser/fbomb/c_fbomb.mdl, skipping
L 11/16/2021 - 04:01:49: [tf2items_giveweapon.smx] [TF2Items GiveWeapon]5142_viewmodel: cannot find valid model models/custom/weapons/goldslinger/c_engineer_gunslinger.mdl, skipping
L 11/16/2021 - 04:01:49: [basecommands.smx] "Console<0><Console><Console>" changed cvar (cvar "nb_update_frequency") (value "0.03")
L 11/16/2021 - 04:01:49: [basecommands.smx] "Console<0><Console><Console>" changed cvar (cvar "fps_max") (value "0")
L 11/16/2021 - 04:01:50: [UPDATER] Successfully updated gamedata file "sdkhooks.games/engine.contagion.txt"
L 11/16/2021 - 04:01:50: [UPDATER] SourceMod has been updated, please reload it or restart your server.
L 11/16/2021 - 04:36:04: [admincheats.smx] <jiim jaam><STEAM_0:1:54774624><71.60.110.145> ran cheat command 'ent_create'
L 11/16/2021 - 21:41:39: [admincheats.smx] <King James I & VI><STEAM_0:0:511252781><173.66.162.50> was prevented from running cheat command 'noclip'
L 11/17/2021 - 04:00:50: Log file closed.
