L 09/28/2021 - 04:00:01: SourceMod log file session started (file "/hlserver/tf2/tf/addons/sourcemod/logs/L20210928.log") (Version "1.10.0.6512")
L 09/28/2021 - 04:00:01: [ScheduledShutdown.smx] Server shutdown warning.
L 09/28/2021 - 04:00:11: [ScheduledShutdown.smx] Server shutdown.
L 09/28/2021 - 04:00:12: [stac.smx] [StAC] File handle invalid!
L 09/28/2021 - 04:00:12: [stac.smx] [StAC] Plugin vers. ---- 5.1.1 ---- unloaded
L 09/28/2021 - 04:00:12: Log file closed.
L 09/28/2021 - 04:00:28: SourceMod log file session started (file "/hlserver/tf2/tf/addons/sourcemod/logs/L20210928.log") (Version "1.10.0.6512")
L 09/28/2021 - 04:00:28: [TF2ITEMS] "GiveNamedItem" offset = 485
L 09/28/2021 - 04:00:28: [auto_steam_update.smx] HUD text is supported on this mod. The persistant timer will display.
L 09/28/2021 - 04:00:28: [simple-chatprocessor.smx] [SCP] Recognized mod [Team Fortress 2].
L 09/28/2021 - 04:00:28: [simple-chatprocessor.smx] [SCP] Loading translation file [scp.tf.phrases].
L 09/28/2021 - 04:00:28: [stac.smx] [StAC] File handle invalid!
L 09/28/2021 - 04:00:28: [stac.smx] [StAC] Plugin vers. ---- 5.1.1 ---- loaded
L 09/28/2021 - 04:00:36: [tf2items_giveweapon.smx] [TF2Items GiveWeapon]2041_viewmodel: Preparing models/weapons/c_models/c_v_ludmila/c_v_ludmila.mdl
L 09/28/2021 - 04:00:36: [tf2items_giveweapon.smx] [TF2Items GiveWeapon]2058_model: cannot find valid model models/custom/weapons/antehgen/urinejar.mdl, skipping
L 09/28/2021 - 04:00:36: [tf2items_giveweapon.smx] [TF2Items GiveWeapon]2058_viewmodel: cannot find valid model models/custom/weapons/antehgen/urinejar.mdl, skipping
L 09/28/2021 - 04:00:36: [tf2items_giveweapon.smx] [TF2Items GiveWeapon]2171_model: cannot find valid model models/advancedweaponiser/w_sickle_sniper.mdl, skipping
L 09/28/2021 - 04:00:36: [tf2items_giveweapon.smx] [TF2Items GiveWeapon]2171_viewmodel: cannot find valid model models/advancedweaponiser/w_sickle_sniper.mdl, skipping
L 09/28/2021 - 04:00:36: [tf2items_giveweapon.smx] [TF2Items GiveWeapon]2197_model: cannot find valid model models/custom/weapons/rebelscurse/c_wrench_v2.mdl, skipping
L 09/28/2021 - 04:00:36: [tf2items_giveweapon.smx] [TF2Items GiveWeapon]2197_viewmodel: cannot find valid model models/custom/weapons/rebelscurse/c_wrench_v2.mdl, skipping
L 09/28/2021 - 04:00:36: [tf2items_giveweapon.smx] [TF2Items GiveWeapon]2228_model: cannot find valid model models/advancedweaponiser/fbomb/c_fbomb.mdl, skipping
L 09/28/2021 - 04:00:36: [tf2items_giveweapon.smx] [TF2Items GiveWeapon]2228_viewmodel: cannot find valid model models/advancedweaponiser/fbomb/c_fbomb.mdl, skipping
L 09/28/2021 - 04:00:36: [tf2items_giveweapon.smx] [TF2Items GiveWeapon]5142_viewmodel: cannot find valid model models/custom/weapons/goldslinger/c_engineer_gunslinger.mdl, skipping
L 09/28/2021 - 04:00:37: [basecommands.smx] "Console<0><Console><Console>" changed cvar (cvar "nb_update_frequency") (value "0.03")
L 09/28/2021 - 04:00:37: [basecommands.smx] "Console<0><Console><Console>" changed cvar (cvar "fps_max") (value "0")
L 09/28/2021 - 04:01:37: [ScheduledShutdown.smx] Server shutdown warning.
L 09/28/2021 - 04:01:47: [ScheduledShutdown.smx] Server shutdown.
L 09/28/2021 - 04:01:48: [stac.smx] [StAC] File handle invalid!
L 09/28/2021 - 04:01:48: [stac.smx] [StAC] Plugin vers. ---- 5.1.1 ---- unloaded
L 09/28/2021 - 04:01:48: Log file closed.
L 09/28/2021 - 04:02:25: SourceMod log file session started (file "/hlserver/tf2/tf/addons/sourcemod/logs/L20210928.log") (Version "1.10.0.6512")
L 09/28/2021 - 04:02:25: [TF2ITEMS] "GiveNamedItem" offset = 485
L 09/28/2021 - 04:02:25: [auto_steam_update.smx] HUD text is supported on this mod. The persistant timer will display.
L 09/28/2021 - 04:02:25: [simple-chatprocessor.smx] [SCP] Recognized mod [Team Fortress 2].
L 09/28/2021 - 04:02:25: [simple-chatprocessor.smx] [SCP] Loading translation file [scp.tf.phrases].
L 09/28/2021 - 04:02:26: [stac.smx] [StAC] File handle invalid!
L 09/28/2021 - 04:02:26: [stac.smx] [StAC] Plugin vers. ---- 5.1.1 ---- loaded
L 09/28/2021 - 04:02:33: [tf2items_giveweapon.smx] [TF2Items GiveWeapon]2041_viewmodel: Preparing models/weapons/c_models/c_v_ludmila/c_v_ludmila.mdl
L 09/28/2021 - 04:02:33: [tf2items_giveweapon.smx] [TF2Items GiveWeapon]2058_model: cannot find valid model models/custom/weapons/antehgen/urinejar.mdl, skipping
L 09/28/2021 - 04:02:33: [tf2items_giveweapon.smx] [TF2Items GiveWeapon]2058_viewmodel: cannot find valid model models/custom/weapons/antehgen/urinejar.mdl, skipping
L 09/28/2021 - 04:02:33: [tf2items_giveweapon.smx] [TF2Items GiveWeapon]2171_model: cannot find valid model models/advancedweaponiser/w_sickle_sniper.mdl, skipping
L 09/28/2021 - 04:02:33: [tf2items_giveweapon.smx] [TF2Items GiveWeapon]2171_viewmodel: cannot find valid model models/advancedweaponiser/w_sickle_sniper.mdl, skipping
L 09/28/2021 - 04:02:33: [tf2items_giveweapon.smx] [TF2Items GiveWeapon]2197_model: cannot find valid model models/custom/weapons/rebelscurse/c_wrench_v2.mdl, skipping
L 09/28/2021 - 04:02:33: [tf2items_giveweapon.smx] [TF2Items GiveWeapon]2197_viewmodel: cannot find valid model models/custom/weapons/rebelscurse/c_wrench_v2.mdl, skipping
L 09/28/2021 - 04:02:33: [tf2items_giveweapon.smx] [TF2Items GiveWeapon]2228_model: cannot find valid model models/advancedweaponiser/fbomb/c_fbomb.mdl, skipping
L 09/28/2021 - 04:02:33: [tf2items_giveweapon.smx] [TF2Items GiveWeapon]2228_viewmodel: cannot find valid model models/advancedweaponiser/fbomb/c_fbomb.mdl, skipping
L 09/28/2021 - 04:02:33: [tf2items_giveweapon.smx] [TF2Items GiveWeapon]5142_viewmodel: cannot find valid model models/custom/weapons/goldslinger/c_engineer_gunslinger.mdl, skipping
L 09/28/2021 - 04:02:34: [basecommands.smx] "Console<0><Console><Console>" changed cvar (cvar "nb_update_frequency") (value "0.03")
L 09/28/2021 - 04:02:34: [basecommands.smx] "Console<0><Console><Console>" changed cvar (cvar "fps_max") (value "0")
L 09/29/2021 - 04:00:34: Log file closed.
