L 03/03/2021 - 01:49:03: SourceMod log file session started (file "/hlserver/tf2/tf/addons/sourcemod/logs/L20210303.log") (Version "1.10.0.6490")
L 03/03/2021 - 01:49:03: Log file closed.
L 03/03/2021 - 01:49:24: SourceMod log file session started (file "/hlserver/tf2/tf/addons/sourcemod/logs/L20210303.log") (Version "1.10.0.6490")
L 03/03/2021 - 01:49:24: [TF2ITEMS] "GiveNamedItem" offset = 484
L 03/03/2021 - 01:49:24: [auto_steam_update.smx] HUD text is supported on this mod. The persistant timer will display.
L 03/03/2021 - 01:49:24: [simple-chatprocessor.smx] [SCP] Recognized mod [Team Fortress 2].
L 03/03/2021 - 01:49:24: [simple-chatprocessor.smx] [SCP] Loading translation file [scp.tf.phrases].
L 03/03/2021 - 01:49:32: [tf2items_giveweapon.smx] [TF2Items GiveWeapon]2041_viewmodel: Preparing models/weapons/c_models/c_v_ludmila/c_v_ludmila.mdl
L 03/03/2021 - 01:49:32: [tf2items_giveweapon.smx] [TF2Items GiveWeapon]2058_model: cannot find valid model models/custom/weapons/antehgen/urinejar.mdl, skipping
L 03/03/2021 - 01:49:32: [tf2items_giveweapon.smx] [TF2Items GiveWeapon]2058_viewmodel: cannot find valid model models/custom/weapons/antehgen/urinejar.mdl, skipping
L 03/03/2021 - 01:49:32: [tf2items_giveweapon.smx] [TF2Items GiveWeapon]2171_model: cannot find valid model models/advancedweaponiser/w_sickle_sniper.mdl, skipping
L 03/03/2021 - 01:49:32: [tf2items_giveweapon.smx] [TF2Items GiveWeapon]2171_viewmodel: cannot find valid model models/advancedweaponiser/w_sickle_sniper.mdl, skipping
L 03/03/2021 - 01:49:32: [tf2items_giveweapon.smx] [TF2Items GiveWeapon]2197_model: cannot find valid model models/custom/weapons/rebelscurse/c_wrench_v2.mdl, skipping
L 03/03/2021 - 01:49:32: [tf2items_giveweapon.smx] [TF2Items GiveWeapon]2197_viewmodel: cannot find valid model models/custom/weapons/rebelscurse/c_wrench_v2.mdl, skipping
L 03/03/2021 - 01:49:32: [tf2items_giveweapon.smx] [TF2Items GiveWeapon]2228_model: cannot find valid model models/advancedweaponiser/fbomb/c_fbomb.mdl, skipping
L 03/03/2021 - 01:49:32: [tf2items_giveweapon.smx] [TF2Items GiveWeapon]2228_viewmodel: cannot find valid model models/advancedweaponiser/fbomb/c_fbomb.mdl, skipping
L 03/03/2021 - 01:49:32: [tf2items_giveweapon.smx] [TF2Items GiveWeapon]5142_viewmodel: cannot find valid model models/custom/weapons/goldslinger/c_engineer_gunslinger.mdl, skipping
L 03/03/2021 - 01:49:33: [basecommands.smx] "Console<0><Console><Console>" changed cvar (cvar "nb_update_frequency") (value "0.03")
L 03/03/2021 - 03:46:10: [admincheats.smx] <Aricneedsjesus><STEAM_0:1:129421848><173.24.122.251> was prevented from running cheat command 'noclip'
L 03/03/2021 - 03:54:41: [SM] Changed map to "workshop/koth_landfall.ugc2126546593"
L 03/03/2021 - 03:54:43: -------- Mapchange to workshop/koth_landfall_rc2.ugc2126546593 --------
L 03/03/2021 - 03:54:48: [tf2items_giveweapon.smx] [TF2Items GiveWeapon]2041_viewmodel: Preparing models/weapons/c_models/c_v_ludmila/c_v_ludmila.mdl
L 03/03/2021 - 03:54:48: [tf2items_giveweapon.smx] [TF2Items GiveWeapon]2058_model: cannot find valid model models/custom/weapons/antehgen/urinejar.mdl, skipping
L 03/03/2021 - 03:54:48: [tf2items_giveweapon.smx] [TF2Items GiveWeapon]2058_viewmodel: cannot find valid model models/custom/weapons/antehgen/urinejar.mdl, skipping
L 03/03/2021 - 03:54:48: [tf2items_giveweapon.smx] [TF2Items GiveWeapon]2171_model: cannot find valid model models/advancedweaponiser/w_sickle_sniper.mdl, skipping
L 03/03/2021 - 03:54:48: [tf2items_giveweapon.smx] [TF2Items GiveWeapon]2171_viewmodel: cannot find valid model models/advancedweaponiser/w_sickle_sniper.mdl, skipping
L 03/03/2021 - 03:54:48: [tf2items_giveweapon.smx] [TF2Items GiveWeapon]2197_model: cannot find valid model models/custom/weapons/rebelscurse/c_wrench_v2.mdl, skipping
L 03/03/2021 - 03:54:48: [tf2items_giveweapon.smx] [TF2Items GiveWeapon]2197_viewmodel: cannot find valid model models/custom/weapons/rebelscurse/c_wrench_v2.mdl, skipping
L 03/03/2021 - 03:54:48: [tf2items_giveweapon.smx] [TF2Items GiveWeapon]2228_model: cannot find valid model models/advancedweaponiser/fbomb/c_fbomb.mdl, skipping
L 03/03/2021 - 03:54:48: [tf2items_giveweapon.smx] [TF2Items GiveWeapon]2228_viewmodel: cannot find valid model models/advancedweaponiser/fbomb/c_fbomb.mdl, skipping
L 03/03/2021 - 03:54:48: [tf2items_giveweapon.smx] [TF2Items GiveWeapon]5142_viewmodel: cannot find valid model models/custom/weapons/goldslinger/c_engineer_gunslinger.mdl, skipping
L 03/03/2021 - 03:54:49: [basecommands.smx] "Console<0><Console><Console>" changed cvar (cvar "nb_update_frequency") (value "0.03")
L 03/03/2021 - 04:00:02: [admincheats.smx] <Aricneedsjesus><STEAM_0:1:129421848><173.24.122.251> was prevented from running cheat command 'currency_give'
L 03/03/2021 - 04:00:49: [ScheduledShutdown.smx] Server shutdown warning.
L 03/03/2021 - 04:00:59: [ScheduledShutdown.smx] Server shutdown.
L 03/03/2021 - 04:01:00: Log file closed.
L 03/03/2021 - 04:01:40: SourceMod log file session started (file "/hlserver/tf2/tf/addons/sourcemod/logs/L20210303.log") (Version "1.10.0.6490")
L 03/03/2021 - 04:01:40: [TF2ITEMS] "GiveNamedItem" offset = 484
L 03/03/2021 - 04:01:41: [auto_steam_update.smx] HUD text is supported on this mod. The persistant timer will display.
L 03/03/2021 - 04:01:41: [simple-chatprocessor.smx] [SCP] Recognized mod [Team Fortress 2].
L 03/03/2021 - 04:01:41: [simple-chatprocessor.smx] [SCP] Loading translation file [scp.tf.phrases].
L 03/03/2021 - 04:01:49: [tf2items_giveweapon.smx] [TF2Items GiveWeapon]2041_viewmodel: Preparing models/weapons/c_models/c_v_ludmila/c_v_ludmila.mdl
L 03/03/2021 - 04:01:49: [tf2items_giveweapon.smx] [TF2Items GiveWeapon]2058_model: cannot find valid model models/custom/weapons/antehgen/urinejar.mdl, skipping
L 03/03/2021 - 04:01:49: [tf2items_giveweapon.smx] [TF2Items GiveWeapon]2058_viewmodel: cannot find valid model models/custom/weapons/antehgen/urinejar.mdl, skipping
L 03/03/2021 - 04:01:49: [tf2items_giveweapon.smx] [TF2Items GiveWeapon]2171_model: cannot find valid model models/advancedweaponiser/w_sickle_sniper.mdl, skipping
L 03/03/2021 - 04:01:49: [tf2items_giveweapon.smx] [TF2Items GiveWeapon]2171_viewmodel: cannot find valid model models/advancedweaponiser/w_sickle_sniper.mdl, skipping
L 03/03/2021 - 04:01:49: [tf2items_giveweapon.smx] [TF2Items GiveWeapon]2197_model: cannot find valid model models/custom/weapons/rebelscurse/c_wrench_v2.mdl, skipping
L 03/03/2021 - 04:01:49: [tf2items_giveweapon.smx] [TF2Items GiveWeapon]2197_viewmodel: cannot find valid model models/custom/weapons/rebelscurse/c_wrench_v2.mdl, skipping
L 03/03/2021 - 04:01:49: [tf2items_giveweapon.smx] [TF2Items GiveWeapon]2228_model: cannot find valid model models/advancedweaponiser/fbomb/c_fbomb.mdl, skipping
L 03/03/2021 - 04:01:49: [tf2items_giveweapon.smx] [TF2Items GiveWeapon]2228_viewmodel: cannot find valid model models/advancedweaponiser/fbomb/c_fbomb.mdl, skipping
L 03/03/2021 - 04:01:49: [tf2items_giveweapon.smx] [TF2Items GiveWeapon]5142_viewmodel: cannot find valid model models/custom/weapons/goldslinger/c_engineer_gunslinger.mdl, skipping
L 03/03/2021 - 04:01:50: [basecommands.smx] "Console<0><Console><Console>" changed cvar (cvar "nb_update_frequency") (value "0.03")
L 03/03/2021 - 05:12:53: [basecommands.smx] "jiim jaam<4><[U:1:109549249]><>" changed map to "plr_hightower"
L 03/03/2021 - 05:12:56: [SM] Changed map to "plr_hightower"
L 03/03/2021 - 05:12:57: -------- Mapchange to plr_hightower --------
L 03/03/2021 - 05:13:04: [tf2items_giveweapon.smx] [TF2Items GiveWeapon]2041_viewmodel: Preparing models/weapons/c_models/c_v_ludmila/c_v_ludmila.mdl
L 03/03/2021 - 05:13:04: [tf2items_giveweapon.smx] [TF2Items GiveWeapon]2058_model: cannot find valid model models/custom/weapons/antehgen/urinejar.mdl, skipping
L 03/03/2021 - 05:13:04: [tf2items_giveweapon.smx] [TF2Items GiveWeapon]2058_viewmodel: cannot find valid model models/custom/weapons/antehgen/urinejar.mdl, skipping
L 03/03/2021 - 05:13:04: [tf2items_giveweapon.smx] [TF2Items GiveWeapon]2171_model: cannot find valid model models/advancedweaponiser/w_sickle_sniper.mdl, skipping
L 03/03/2021 - 05:13:04: [tf2items_giveweapon.smx] [TF2Items GiveWeapon]2171_viewmodel: cannot find valid model models/advancedweaponiser/w_sickle_sniper.mdl, skipping
L 03/03/2021 - 05:13:04: [tf2items_giveweapon.smx] [TF2Items GiveWeapon]2197_model: cannot find valid model models/custom/weapons/rebelscurse/c_wrench_v2.mdl, skipping
L 03/03/2021 - 05:13:04: [tf2items_giveweapon.smx] [TF2Items GiveWeapon]2197_viewmodel: cannot find valid model models/custom/weapons/rebelscurse/c_wrench_v2.mdl, skipping
L 03/03/2021 - 05:13:04: [tf2items_giveweapon.smx] [TF2Items GiveWeapon]2228_model: cannot find valid model models/advancedweaponiser/fbomb/c_fbomb.mdl, skipping
L 03/03/2021 - 05:13:04: [tf2items_giveweapon.smx] [TF2Items GiveWeapon]2228_viewmodel: cannot find valid model models/advancedweaponiser/fbomb/c_fbomb.mdl, skipping
L 03/03/2021 - 05:13:04: [tf2items_giveweapon.smx] [TF2Items GiveWeapon]5142_viewmodel: cannot find valid model models/custom/weapons/goldslinger/c_engineer_gunslinger.mdl, skipping
L 03/03/2021 - 05:13:04: [basecommands.smx] "Console<0><Console><Console>" changed cvar (cvar "nb_update_frequency") (value "0.03")
L 03/04/2021 - 04:00:04: Log file closed.
