L 09/30/2020 - 04:19:39: SourceMod log file session started (file "/hlserver/tf2/tf/addons/sourcemod/logs/L20200930.log") (Version "1.10.0.6490")
L 09/30/2020 - 04:19:39: [admincheats.smx] <TyroneryJames (Sentry)><STEAM_0:1:240088210><206.53.92.250> was prevented from running cheat command 'shake'
L 09/30/2020 - 04:25:57: [admincheats.smx] <TyroneryJames (Sentry)><STEAM_0:1:240088210><206.53.92.250> was prevented from running cheat command 'shake'
L 09/30/2020 - 04:33:46: [admincheats.smx] <Mexican Pants><STEAM_0:1:54774624><71.60.109.75> ran cheat command 'ent_create'
L 09/30/2020 - 04:36:54: [basecommands.smx] "Mexican Pants<239><[U:1:109549249]><>" changed map to "workshop/2243429203"
L 09/30/2020 - 04:36:57: [SM] Changed map to "workshop/2243429203"
L 09/30/2020 - 04:37:08: -------- Mapchange to workshop/pl_frontier_event_rc1.ugc2243429203 --------
L 09/30/2020 - 04:37:15: [tf2items_giveweapon.smx] [TF2Items GiveWeapon]2041_viewmodel: Preparing models/weapons/c_models/c_v_ludmila/c_v_ludmila.mdl
L 09/30/2020 - 04:37:15: [tf2items_giveweapon.smx] [TF2Items GiveWeapon]2058_model: cannot find valid model models/custom/weapons/antehgen/urinejar.mdl, skipping
L 09/30/2020 - 04:37:15: [tf2items_giveweapon.smx] [TF2Items GiveWeapon]2058_viewmodel: cannot find valid model models/custom/weapons/antehgen/urinejar.mdl, skipping
L 09/30/2020 - 04:37:15: [tf2items_giveweapon.smx] [TF2Items GiveWeapon]2171_model: cannot find valid model models/advancedweaponiser/w_sickle_sniper.mdl, skipping
L 09/30/2020 - 04:37:15: [tf2items_giveweapon.smx] [TF2Items GiveWeapon]2171_viewmodel: cannot find valid model models/advancedweaponiser/w_sickle_sniper.mdl, skipping
L 09/30/2020 - 04:37:15: [tf2items_giveweapon.smx] [TF2Items GiveWeapon]2197_model: cannot find valid model models/custom/weapons/rebelscurse/c_wrench_v2.mdl, skipping
L 09/30/2020 - 04:37:15: [tf2items_giveweapon.smx] [TF2Items GiveWeapon]2197_viewmodel: cannot find valid model models/custom/weapons/rebelscurse/c_wrench_v2.mdl, skipping
L 09/30/2020 - 04:37:15: [tf2items_giveweapon.smx] [TF2Items GiveWeapon]2228_model: cannot find valid model models/advancedweaponiser/fbomb/c_fbomb.mdl, skipping
L 09/30/2020 - 04:37:15: [tf2items_giveweapon.smx] [TF2Items GiveWeapon]2228_viewmodel: cannot find valid model models/advancedweaponiser/fbomb/c_fbomb.mdl, skipping
L 09/30/2020 - 04:37:15: [tf2items_giveweapon.smx] [TF2Items GiveWeapon]5142_viewmodel: cannot find valid model models/custom/weapons/goldslinger/c_engineer_gunslinger.mdl, skipping
L 09/30/2020 - 04:37:16: [basecommands.smx] "Console<0><Console><Console>" changed cvar (cvar "nb_update_frequency") (value "0.03")
L 09/30/2020 - 04:38:20: [basecommands.smx] "Mexican Pants<239><[U:1:109549249]><>" console command (cmdline "sv_cheats 1")
L 09/30/2020 - 04:38:25: [basecommands.smx] "Mexican Pants<239><[U:1:109549249]><>" console command (cmdline "nav_generate")
L 09/30/2020 - 04:38:25: [admincheats.smx] CONSOLE ran cheat command 'nav_generate'
L 09/30/2020 - 04:38:25: [admincheats.smx] CONSOLE ran cheat command 'bot_kick'
L 09/30/2020 - 04:38:26: [admincheats.smx] <TyroneryJames (Sentry)><STEAM_0:1:240088210><206.53.92.250> was prevented from running cheat command 'noclip'
L 09/30/2020 - 04:38:41: [admincheats.smx] <TyroneryJames (Sentry)><STEAM_0:1:240088210><206.53.92.250> was prevented from running cheat command 'noclip'
L 09/30/2020 - 04:40:02: [SM] Changed map to "pl_swiftwater_final1"
L 09/30/2020 - 04:40:05: -------- Mapchange to pl_swiftwater_final1 --------
L 09/30/2020 - 04:40:10: [tf2items_giveweapon.smx] [TF2Items GiveWeapon]2041_viewmodel: Preparing models/weapons/c_models/c_v_ludmila/c_v_ludmila.mdl
L 09/30/2020 - 04:40:10: [tf2items_giveweapon.smx] [TF2Items GiveWeapon]2058_model: cannot find valid model models/custom/weapons/antehgen/urinejar.mdl, skipping
L 09/30/2020 - 04:40:10: [tf2items_giveweapon.smx] [TF2Items GiveWeapon]2058_viewmodel: cannot find valid model models/custom/weapons/antehgen/urinejar.mdl, skipping
L 09/30/2020 - 04:40:10: [tf2items_giveweapon.smx] [TF2Items GiveWeapon]2171_model: cannot find valid model models/advancedweaponiser/w_sickle_sniper.mdl, skipping
L 09/30/2020 - 04:40:10: [tf2items_giveweapon.smx] [TF2Items GiveWeapon]2171_viewmodel: cannot find valid model models/advancedweaponiser/w_sickle_sniper.mdl, skipping
L 09/30/2020 - 04:40:10: [tf2items_giveweapon.smx] [TF2Items GiveWeapon]2197_model: cannot find valid model models/custom/weapons/rebelscurse/c_wrench_v2.mdl, skipping
L 09/30/2020 - 04:40:10: [tf2items_giveweapon.smx] [TF2Items GiveWeapon]2197_viewmodel: cannot find valid model models/custom/weapons/rebelscurse/c_wrench_v2.mdl, skipping
L 09/30/2020 - 04:40:10: [tf2items_giveweapon.smx] [TF2Items GiveWeapon]2228_model: cannot find valid model models/advancedweaponiser/fbomb/c_fbomb.mdl, skipping
L 09/30/2020 - 04:40:10: [tf2items_giveweapon.smx] [TF2Items GiveWeapon]2228_viewmodel: cannot find valid model models/advancedweaponiser/fbomb/c_fbomb.mdl, skipping
L 09/30/2020 - 04:40:10: [tf2items_giveweapon.smx] [TF2Items GiveWeapon]5142_viewmodel: cannot find valid model models/custom/weapons/goldslinger/c_engineer_gunslinger.mdl, skipping
L 09/30/2020 - 04:40:11: [basecommands.smx] "Console<0><Console><Console>" changed cvar (cvar "nb_update_frequency") (value "0.03")
L 09/30/2020 - 04:42:01: [admincheats.smx] <ThroatyChunk><STEAM_0:1:196769144><98.246.244.174> was prevented from running cheat command 'noclip'
L 09/30/2020 - 04:42:04: [basecommands.smx] "Mexican Pants<239><[U:1:109549249]><>" changed map to "workshop/899335714"
L 09/30/2020 - 04:42:07: [SM] Changed map to "workshop/899335714"
L 09/30/2020 - 04:42:13: -------- Mapchange to workshop/plr_highertower.ugc899335714 --------
L 09/30/2020 - 04:42:19: [tf2items_giveweapon.smx] [TF2Items GiveWeapon]2041_viewmodel: Preparing models/weapons/c_models/c_v_ludmila/c_v_ludmila.mdl
L 09/30/2020 - 04:42:19: [tf2items_giveweapon.smx] [TF2Items GiveWeapon]2058_model: cannot find valid model models/custom/weapons/antehgen/urinejar.mdl, skipping
L 09/30/2020 - 04:42:19: [tf2items_giveweapon.smx] [TF2Items GiveWeapon]2058_viewmodel: cannot find valid model models/custom/weapons/antehgen/urinejar.mdl, skipping
L 09/30/2020 - 04:42:19: [tf2items_giveweapon.smx] [TF2Items GiveWeapon]2171_model: cannot find valid model models/advancedweaponiser/w_sickle_sniper.mdl, skipping
L 09/30/2020 - 04:42:19: [tf2items_giveweapon.smx] [TF2Items GiveWeapon]2171_viewmodel: cannot find valid model models/advancedweaponiser/w_sickle_sniper.mdl, skipping
L 09/30/2020 - 04:42:19: [tf2items_giveweapon.smx] [TF2Items GiveWeapon]2197_model: cannot find valid model models/custom/weapons/rebelscurse/c_wrench_v2.mdl, skipping
L 09/30/2020 - 04:42:19: [tf2items_giveweapon.smx] [TF2Items GiveWeapon]2197_viewmodel: cannot find valid model models/custom/weapons/rebelscurse/c_wrench_v2.mdl, skipping
L 09/30/2020 - 04:42:19: [tf2items_giveweapon.smx] [TF2Items GiveWeapon]2228_model: cannot find valid model models/advancedweaponiser/fbomb/c_fbomb.mdl, skipping
L 09/30/2020 - 04:42:19: [tf2items_giveweapon.smx] [TF2Items GiveWeapon]2228_viewmodel: cannot find valid model models/advancedweaponiser/fbomb/c_fbomb.mdl, skipping
L 09/30/2020 - 04:42:19: [tf2items_giveweapon.smx] [TF2Items GiveWeapon]5142_viewmodel: cannot find valid model models/custom/weapons/goldslinger/c_engineer_gunslinger.mdl, skipping
L 09/30/2020 - 04:42:20: [basecommands.smx] "Console<0><Console><Console>" changed cvar (cvar "nb_update_frequency") (value "0.03")
L 09/30/2020 - 04:46:00: [basecommands.smx] "Mexican Pants<239><[U:1:109549249]><>" console command (cmdline "exec server.cfg")
L 09/30/2020 - 04:46:00: [basecommands.smx] "Console<0><Console><Console>" changed cvar (cvar "nb_update_frequency") (value "0.03")
L 09/30/2020 - 04:47:40: [basecommands.smx] "Mexican Pants<239><[U:1:109549249]><>" console command (cmdline "mp_autoteambalance_warning_delay")
L 09/30/2020 - 04:48:08: [basecommands.smx] "Mexican Pants<239><[U:1:109549249]><>" console command (cmdline "exec server.cfg")
L 09/30/2020 - 04:48:08: [basecommands.smx] "Console<0><Console><Console>" changed cvar (cvar "nb_update_frequency") (value "0.03")
L 09/30/2020 - 05:10:13: [mapchooser.smx] Voting for next map has started.
L 09/30/2020 - 08:43:26: SourceMod log file session started (file "/hlserver/tf2/tf/addons/sourcemod/logs/L20200930.log") (Version "1.10.0.6490")
L 09/30/2020 - 08:43:26: [TF2ITEMS] "GiveNamedItem" offset = 484
L 09/30/2020 - 08:43:27: [simple-chatprocessor.smx] [SCP] Recognized mod [Team Fortress 2].
L 09/30/2020 - 08:43:27: [simple-chatprocessor.smx] [SCP] Loading translation file [scp.tf.phrases].
L 09/30/2020 - 08:43:35: [tf2items_giveweapon.smx] [TF2Items GiveWeapon]2041_viewmodel: Preparing models/weapons/c_models/c_v_ludmila/c_v_ludmila.mdl
L 09/30/2020 - 08:43:35: [tf2items_giveweapon.smx] [TF2Items GiveWeapon]2058_model: cannot find valid model models/custom/weapons/antehgen/urinejar.mdl, skipping
L 09/30/2020 - 08:43:35: [tf2items_giveweapon.smx] [TF2Items GiveWeapon]2058_viewmodel: cannot find valid model models/custom/weapons/antehgen/urinejar.mdl, skipping
L 09/30/2020 - 08:43:35: [tf2items_giveweapon.smx] [TF2Items GiveWeapon]2171_model: cannot find valid model models/advancedweaponiser/w_sickle_sniper.mdl, skipping
L 09/30/2020 - 08:43:35: [tf2items_giveweapon.smx] [TF2Items GiveWeapon]2171_viewmodel: cannot find valid model models/advancedweaponiser/w_sickle_sniper.mdl, skipping
L 09/30/2020 - 08:43:35: [tf2items_giveweapon.smx] [TF2Items GiveWeapon]2197_model: cannot find valid model models/custom/weapons/rebelscurse/c_wrench_v2.mdl, skipping
L 09/30/2020 - 08:43:35: [tf2items_giveweapon.smx] [TF2Items GiveWeapon]2197_viewmodel: cannot find valid model models/custom/weapons/rebelscurse/c_wrench_v2.mdl, skipping
L 09/30/2020 - 08:43:35: [tf2items_giveweapon.smx] [TF2Items GiveWeapon]2228_model: cannot find valid model models/advancedweaponiser/fbomb/c_fbomb.mdl, skipping
L 09/30/2020 - 08:43:35: [tf2items_giveweapon.smx] [TF2Items GiveWeapon]2228_viewmodel: cannot find valid model models/advancedweaponiser/fbomb/c_fbomb.mdl, skipping
L 09/30/2020 - 08:43:35: [tf2items_giveweapon.smx] [TF2Items GiveWeapon]5142_viewmodel: cannot find valid model models/custom/weapons/goldslinger/c_engineer_gunslinger.mdl, skipping
L 09/30/2020 - 08:43:35: [basecommands.smx] "Console<0><Console><Console>" changed cvar (cvar "nb_update_frequency") (value "0.03")
L 09/30/2020 - 08:43:35: [UPDATER] Successfully updated gamedata file "sdktools.games/game.left4dead2.txt"
L 09/30/2020 - 08:43:35: [UPDATER] Successfully updated gamedata file "sdkhooks.games/game.l4d2.txt"
L 09/30/2020 - 08:43:35: [UPDATER] SourceMod has been updated, please reload it or restart your server.
L 09/30/2020 - 09:10:33: [mapchooser.smx] Voting for next map has started.
L 10/01/2020 - 04:40:59: Log file closed.
