L 01/13/2022 - 00:01:24: SourceMod log file session started (file "/home/tf2server/hlserver/tf2/tf/addons/sourcemod/logs/L20220113.log") (Version "1.10.0.6528")
L 01/13/2022 - 00:01:24: [SM] Changed map to "workshop/cp_powerhouse_fix.ugc475699770"
L 01/13/2022 - 00:01:26: -------- Mapchange to workshop/cp_powerhouse_fix.ugc475699770 --------
L 01/13/2022 - 00:01:31: [tf2items_giveweapon.smx] [TF2Items GiveWeapon]2041_viewmodel: Preparing models/weapons/c_models/c_v_ludmila/c_v_ludmila.mdl
L 01/13/2022 - 00:01:31: [tf2items_giveweapon.smx] [TF2Items GiveWeapon]2058_model: cannot find valid model models/custom/weapons/antehgen/urinejar.mdl, skipping
L 01/13/2022 - 00:01:31: [tf2items_giveweapon.smx] [TF2Items GiveWeapon]2058_viewmodel: cannot find valid model models/custom/weapons/antehgen/urinejar.mdl, skipping
L 01/13/2022 - 00:01:31: [tf2items_giveweapon.smx] [TF2Items GiveWeapon]2171_model: cannot find valid model models/advancedweaponiser/w_sickle_sniper.mdl, skipping
L 01/13/2022 - 00:01:31: [tf2items_giveweapon.smx] [TF2Items GiveWeapon]2171_viewmodel: cannot find valid model models/advancedweaponiser/w_sickle_sniper.mdl, skipping
L 01/13/2022 - 00:01:31: [tf2items_giveweapon.smx] [TF2Items GiveWeapon]2197_model: cannot find valid model models/custom/weapons/rebelscurse/c_wrench_v2.mdl, skipping
L 01/13/2022 - 00:01:31: [tf2items_giveweapon.smx] [TF2Items GiveWeapon]2197_viewmodel: cannot find valid model models/custom/weapons/rebelscurse/c_wrench_v2.mdl, skipping
L 01/13/2022 - 00:01:31: [tf2items_giveweapon.smx] [TF2Items GiveWeapon]2228_model: cannot find valid model models/advancedweaponiser/fbomb/c_fbomb.mdl, skipping
L 01/13/2022 - 00:01:31: [tf2items_giveweapon.smx] [TF2Items GiveWeapon]2228_viewmodel: cannot find valid model models/advancedweaponiser/fbomb/c_fbomb.mdl, skipping
L 01/13/2022 - 00:01:31: [tf2items_giveweapon.smx] [TF2Items GiveWeapon]5142_viewmodel: cannot find valid model models/custom/weapons/goldslinger/c_engineer_gunslinger.mdl, skipping
L 01/13/2022 - 00:01:31: [basecommands.smx] "Console<0><Console><Console>" changed cvar (cvar "nb_update_frequency") (value "0.03")
L 01/13/2022 - 00:01:31: [basecommands.smx] "Console<0><Console><Console>" changed cvar (cvar "fps_max") (value "0")
L 01/13/2022 - 00:01:31: [basecommands.smx] "Console<0><Console><Console>" changed cvar (cvar "mp_waitingforplayers_time") (value "45")
L 01/13/2022 - 00:01:37: [randomcycle.smx] RandomCycle has chosen cp_mercenarypark for the nextmap.
L 01/13/2022 - 00:58:30: [mapchooser.smx] Voting for next map has started.
L 01/13/2022 - 01:15:15: SourceMod log file session started (file "/home/tf2server/hlserver/tf2/tf/addons/sourcemod/logs/L20220113.log") (Version "1.10.0.6528")
L 01/13/2022 - 01:15:15: [basecommands.smx] "jiim jaam<9><[U:1:109549249]><>" refreshed the admin cache.
