L 07/22/2021 - 04:00:19: SourceMod log file session started (file "/hlserver/tf2/tf/addons/sourcemod/logs/L20210722.log") (Version "1.10.0.6490")
L 07/22/2021 - 04:00:19: [ScheduledShutdown.smx] Server shutdown warning.
L 07/22/2021 - 04:00:29: [ScheduledShutdown.smx] Server shutdown.
L 07/22/2021 - 04:00:29: [stac.smx] [StAC] File handle invalid!
L 07/22/2021 - 04:00:29: [stac.smx] [StAC] Plugin vers. ---- 5.1.0b ---- unloaded
L 07/22/2021 - 04:00:29: Log file closed.
L 07/22/2021 - 04:01:06: SourceMod log file session started (file "/hlserver/tf2/tf/addons/sourcemod/logs/L20210722.log") (Version "1.10.0.6490")
L 07/22/2021 - 04:01:06: [TF2ITEMS] "GiveNamedItem" offset = 485
L 07/22/2021 - 04:01:06: [auto_steam_update.smx] HUD text is supported on this mod. The persistant timer will display.
L 07/22/2021 - 04:01:06: [simple-chatprocessor.smx] [SCP] Recognized mod [Team Fortress 2].
L 07/22/2021 - 04:01:06: [simple-chatprocessor.smx] [SCP] Loading translation file [scp.tf.phrases].
L 07/22/2021 - 04:01:06: [stac.smx] [StAC] File handle invalid!
L 07/22/2021 - 04:01:06: [stac.smx] [StAC] Plugin vers. ---- 5.1.0b ---- loaded
L 07/22/2021 - 04:01:14: [tf2items_giveweapon.smx] [TF2Items GiveWeapon]2041_viewmodel: Preparing models/weapons/c_models/c_v_ludmila/c_v_ludmila.mdl
L 07/22/2021 - 04:01:14: [tf2items_giveweapon.smx] [TF2Items GiveWeapon]2058_model: cannot find valid model models/custom/weapons/antehgen/urinejar.mdl, skipping
L 07/22/2021 - 04:01:14: [tf2items_giveweapon.smx] [TF2Items GiveWeapon]2058_viewmodel: cannot find valid model models/custom/weapons/antehgen/urinejar.mdl, skipping
L 07/22/2021 - 04:01:14: [tf2items_giveweapon.smx] [TF2Items GiveWeapon]2171_model: cannot find valid model models/advancedweaponiser/w_sickle_sniper.mdl, skipping
L 07/22/2021 - 04:01:14: [tf2items_giveweapon.smx] [TF2Items GiveWeapon]2171_viewmodel: cannot find valid model models/advancedweaponiser/w_sickle_sniper.mdl, skipping
L 07/22/2021 - 04:01:14: [tf2items_giveweapon.smx] [TF2Items GiveWeapon]2197_model: cannot find valid model models/custom/weapons/rebelscurse/c_wrench_v2.mdl, skipping
L 07/22/2021 - 04:01:14: [tf2items_giveweapon.smx] [TF2Items GiveWeapon]2197_viewmodel: cannot find valid model models/custom/weapons/rebelscurse/c_wrench_v2.mdl, skipping
L 07/22/2021 - 04:01:14: [tf2items_giveweapon.smx] [TF2Items GiveWeapon]2228_model: cannot find valid model models/advancedweaponiser/fbomb/c_fbomb.mdl, skipping
L 07/22/2021 - 04:01:14: [tf2items_giveweapon.smx] [TF2Items GiveWeapon]2228_viewmodel: cannot find valid model models/advancedweaponiser/fbomb/c_fbomb.mdl, skipping
L 07/22/2021 - 04:01:14: [tf2items_giveweapon.smx] [TF2Items GiveWeapon]5142_viewmodel: cannot find valid model models/custom/weapons/goldslinger/c_engineer_gunslinger.mdl, skipping
L 07/22/2021 - 04:01:14: [basecommands.smx] "Console<0><Console><Console>" changed cvar (cvar "nb_update_frequency") (value "0.03")
L 07/22/2021 - 04:01:14: [basecommands.smx] "Console<0><Console><Console>" changed cvar (cvar "fps_max") (value "0")
L 07/22/2021 - 08:38:33: [admincheats.smx] <Panckakebro><STEAM_0:0:73077132><73.136.101.48> was prevented from running cheat command 'noclip'
L 07/22/2021 - 08:38:34: [admincheats.smx] <Panckakebro><STEAM_0:0:73077132><73.136.101.48> was prevented from running cheat command 'noclip'
L 07/22/2021 - 08:38:34: [admincheats.smx] <Panckakebro><STEAM_0:0:73077132><73.136.101.48> was prevented from running cheat command 'noclip'
L 07/22/2021 - 08:38:38: [admincheats.smx] <Panckakebro><STEAM_0:0:73077132><73.136.101.48> was prevented from running cheat command 'noclip'
L 07/23/2021 - 04:00:14: Log file closed.
