L 12/25/2021 - 03:16:30: SourceMod log file session started (file "/home/tf2server/hlserver/tf2/tf/addons/sourcemod/logs/L20211225.log") (Version "1.10.0.6528")
L 12/25/2021 - 03:16:30: [admincheats.smx] <『Your Mother』><STEAM_0:1:125057930><47.18.62.197> was prevented from running cheat command 'noclip'
L 12/25/2021 - 03:17:29: [admincheats.smx] <『Your Mother』><STEAM_0:1:125057930><47.18.62.197> was prevented from running cheat command 'noclip'
L 12/25/2021 - 03:19:19: [admincheats.smx] <『Your Mother』><STEAM_0:1:125057930><47.18.62.197> was prevented from running cheat command 'noclip'
L 12/25/2021 - 03:20:18: [admincheats.smx] <『Your Mother』><STEAM_0:1:125057930><47.18.62.197> was prevented from running cheat command 'noclip'
L 12/25/2021 - 03:20:47: [admincheats.smx] <『Your Mother』><STEAM_0:1:125057930><47.18.62.197> was prevented from running cheat command 'noclip'
L 12/25/2021 - 03:29:57: [admincheats.smx] <『Your Mother』><STEAM_0:1:125057930><47.18.62.197> was prevented from running cheat command 'noclip'
L 12/25/2021 - 03:35:28: [admincheats.smx] <『Your Mother』><STEAM_0:1:125057930><47.18.62.197> was prevented from running cheat command 'noclip'
L 12/25/2021 - 03:38:01: [admincheats.smx] <日本語がわからない><STEAM_0:1:125057930><47.18.62.197> was prevented from running cheat command 'noclip'
L 12/25/2021 - 03:40:16: [admincheats.smx] <精液><STEAM_0:1:125057930><47.18.62.197> was prevented from running cheat command 'noclip'
L 12/25/2021 - 03:40:24: [admincheats.smx] <精液><STEAM_0:1:125057930><47.18.62.197> was prevented from running cheat command 'noclip'
L 12/25/2021 - 03:40:41: [admincheats.smx] <精液><STEAM_0:1:125057930><47.18.62.197> was prevented from running cheat command 'noclip'
L 12/25/2021 - 04:00:08: [ScheduledShutdown.smx] Server shutdown warning.
L 12/25/2021 - 04:00:18: [ScheduledShutdown.smx] Server shutdown.
L 12/25/2021 - 04:00:19: Log file closed.
L 12/25/2021 - 04:00:33: SourceMod log file session started (file "/home/tf2server/hlserver/tf2/tf/addons/sourcemod/logs/L20211225.log") (Version "1.10.0.6528")
L 12/25/2021 - 04:00:33: [TF2ITEMS] "GiveNamedItem" offset = 488
L 12/25/2021 - 04:00:33: [stac.smx] [StAC] File handle invalid!
L 12/25/2021 - 04:00:33: [auto_steam_update.smx] HUD text is supported on this mod. The persistant timer will display.
L 12/25/2021 - 04:00:33: [simple-chatprocessor.smx] [SCP] Recognized mod [Team Fortress 2].
L 12/25/2021 - 04:00:33: [simple-chatprocessor.smx] [SCP] Loading translation file [scp.tf.phrases].
L 12/25/2021 - 04:00:43: [tf2items_giveweapon.smx] [TF2Items GiveWeapon]2041_viewmodel: Preparing models/weapons/c_models/c_v_ludmila/c_v_ludmila.mdl
L 12/25/2021 - 04:00:43: [tf2items_giveweapon.smx] [TF2Items GiveWeapon]2058_model: cannot find valid model models/custom/weapons/antehgen/urinejar.mdl, skipping
L 12/25/2021 - 04:00:43: [tf2items_giveweapon.smx] [TF2Items GiveWeapon]2058_viewmodel: cannot find valid model models/custom/weapons/antehgen/urinejar.mdl, skipping
L 12/25/2021 - 04:00:43: [tf2items_giveweapon.smx] [TF2Items GiveWeapon]2171_model: cannot find valid model models/advancedweaponiser/w_sickle_sniper.mdl, skipping
L 12/25/2021 - 04:00:43: [tf2items_giveweapon.smx] [TF2Items GiveWeapon]2171_viewmodel: cannot find valid model models/advancedweaponiser/w_sickle_sniper.mdl, skipping
L 12/25/2021 - 04:00:43: [tf2items_giveweapon.smx] [TF2Items GiveWeapon]2197_model: cannot find valid model models/custom/weapons/rebelscurse/c_wrench_v2.mdl, skipping
L 12/25/2021 - 04:00:43: [tf2items_giveweapon.smx] [TF2Items GiveWeapon]2197_viewmodel: cannot find valid model models/custom/weapons/rebelscurse/c_wrench_v2.mdl, skipping
L 12/25/2021 - 04:00:43: [tf2items_giveweapon.smx] [TF2Items GiveWeapon]2228_model: cannot find valid model models/advancedweaponiser/fbomb/c_fbomb.mdl, skipping
L 12/25/2021 - 04:00:43: [tf2items_giveweapon.smx] [TF2Items GiveWeapon]2228_viewmodel: cannot find valid model models/advancedweaponiser/fbomb/c_fbomb.mdl, skipping
L 12/25/2021 - 04:00:43: [tf2items_giveweapon.smx] [TF2Items GiveWeapon]5142_viewmodel: cannot find valid model models/custom/weapons/goldslinger/c_engineer_gunslinger.mdl, skipping
L 12/25/2021 - 04:00:44: [basecommands.smx] "Console<0><Console><Console>" changed cvar (cvar "nb_update_frequency") (value "0.03")
L 12/25/2021 - 04:00:44: [basecommands.smx] "Console<0><Console><Console>" changed cvar (cvar "fps_max") (value "0")
L 12/25/2021 - 04:00:49: [randomcycle.smx] RandomCycle has chosen workshop/pl_angkor.ugc454686689 for the nextmap.
L 12/25/2021 - 04:01:44: [ScheduledShutdown.smx] Server shutdown warning.
L 12/25/2021 - 04:01:54: [ScheduledShutdown.smx] Server shutdown.
L 12/25/2021 - 04:01:55: Log file closed.
L 12/25/2021 - 04:02:10: SourceMod log file session started (file "/home/tf2server/hlserver/tf2/tf/addons/sourcemod/logs/L20211225.log") (Version "1.10.0.6528")
L 12/25/2021 - 04:02:10: [TF2ITEMS] "GiveNamedItem" offset = 488
L 12/25/2021 - 04:02:10: [stac.smx] [StAC] File handle invalid!
L 12/25/2021 - 04:02:10: [auto_steam_update.smx] HUD text is supported on this mod. The persistant timer will display.
L 12/25/2021 - 04:02:10: [simple-chatprocessor.smx] [SCP] Recognized mod [Team Fortress 2].
L 12/25/2021 - 04:02:10: [simple-chatprocessor.smx] [SCP] Loading translation file [scp.tf.phrases].
L 12/25/2021 - 04:02:18: [tf2items_giveweapon.smx] [TF2Items GiveWeapon]2041_viewmodel: Preparing models/weapons/c_models/c_v_ludmila/c_v_ludmila.mdl
L 12/25/2021 - 04:02:18: [tf2items_giveweapon.smx] [TF2Items GiveWeapon]2058_model: cannot find valid model models/custom/weapons/antehgen/urinejar.mdl, skipping
L 12/25/2021 - 04:02:18: [tf2items_giveweapon.smx] [TF2Items GiveWeapon]2058_viewmodel: cannot find valid model models/custom/weapons/antehgen/urinejar.mdl, skipping
L 12/25/2021 - 04:02:18: [tf2items_giveweapon.smx] [TF2Items GiveWeapon]2171_model: cannot find valid model models/advancedweaponiser/w_sickle_sniper.mdl, skipping
L 12/25/2021 - 04:02:18: [tf2items_giveweapon.smx] [TF2Items GiveWeapon]2171_viewmodel: cannot find valid model models/advancedweaponiser/w_sickle_sniper.mdl, skipping
L 12/25/2021 - 04:02:18: [tf2items_giveweapon.smx] [TF2Items GiveWeapon]2197_model: cannot find valid model models/custom/weapons/rebelscurse/c_wrench_v2.mdl, skipping
L 12/25/2021 - 04:02:18: [tf2items_giveweapon.smx] [TF2Items GiveWeapon]2197_viewmodel: cannot find valid model models/custom/weapons/rebelscurse/c_wrench_v2.mdl, skipping
L 12/25/2021 - 04:02:18: [tf2items_giveweapon.smx] [TF2Items GiveWeapon]2228_model: cannot find valid model models/advancedweaponiser/fbomb/c_fbomb.mdl, skipping
L 12/25/2021 - 04:02:18: [tf2items_giveweapon.smx] [TF2Items GiveWeapon]2228_viewmodel: cannot find valid model models/advancedweaponiser/fbomb/c_fbomb.mdl, skipping
L 12/25/2021 - 04:02:18: [tf2items_giveweapon.smx] [TF2Items GiveWeapon]5142_viewmodel: cannot find valid model models/custom/weapons/goldslinger/c_engineer_gunslinger.mdl, skipping
L 12/25/2021 - 04:02:19: [basecommands.smx] "Console<0><Console><Console>" changed cvar (cvar "nb_update_frequency") (value "0.03")
L 12/25/2021 - 04:02:19: [basecommands.smx] "Console<0><Console><Console>" changed cvar (cvar "fps_max") (value "0")
L 12/25/2021 - 04:02:24: [randomcycle.smx] RandomCycle has chosen cp_metalworks for the nextmap.
L 12/26/2021 - 04:00:19: Log file closed.
