L 06/16/2021 - 04:00:46: SourceMod log file session started (file "/hlserver/tf2/tf/addons/sourcemod/logs/L20210616.log") (Version "1.10.0.6490")
L 06/16/2021 - 04:00:46: [ScheduledShutdown.smx] Server shutdown warning.
L 06/16/2021 - 04:00:56: [ScheduledShutdown.smx] Server shutdown.
L 06/16/2021 - 04:00:57: [stac.smx] [StAC] File handle invalid!
L 06/16/2021 - 04:00:57: [stac.smx] [StAC] Plugin vers. ---- 5.0.5 ---- unloaded
L 06/16/2021 - 04:00:57: Log file closed.
L 06/16/2021 - 04:01:59: SourceMod log file session started (file "/hlserver/tf2/tf/addons/sourcemod/logs/L20210616.log") (Version "1.10.0.6490")
L 06/16/2021 - 04:01:59: [TF2ITEMS] "GiveNamedItem" offset = 484
L 06/16/2021 - 04:01:59: [auto_steam_update.smx] HUD text is supported on this mod. The persistant timer will display.
L 06/16/2021 - 04:01:59: [simple-chatprocessor.smx] [SCP] Recognized mod [Team Fortress 2].
L 06/16/2021 - 04:01:59: [simple-chatprocessor.smx] [SCP] Loading translation file [scp.tf.phrases].
L 06/16/2021 - 04:01:59: [stac.smx] [StAC] File handle invalid!
L 06/16/2021 - 04:01:59: [stac.smx] [StAC] Plugin vers. ---- 5.0.5 ---- loaded
L 06/16/2021 - 04:02:11: [tf2items_giveweapon.smx] [TF2Items GiveWeapon]2041_viewmodel: Preparing models/weapons/c_models/c_v_ludmila/c_v_ludmila.mdl
L 06/16/2021 - 04:02:11: [tf2items_giveweapon.smx] [TF2Items GiveWeapon]2058_model: cannot find valid model models/custom/weapons/antehgen/urinejar.mdl, skipping
L 06/16/2021 - 04:02:11: [tf2items_giveweapon.smx] [TF2Items GiveWeapon]2058_viewmodel: cannot find valid model models/custom/weapons/antehgen/urinejar.mdl, skipping
L 06/16/2021 - 04:02:11: [tf2items_giveweapon.smx] [TF2Items GiveWeapon]2171_model: cannot find valid model models/advancedweaponiser/w_sickle_sniper.mdl, skipping
L 06/16/2021 - 04:02:11: [tf2items_giveweapon.smx] [TF2Items GiveWeapon]2171_viewmodel: cannot find valid model models/advancedweaponiser/w_sickle_sniper.mdl, skipping
L 06/16/2021 - 04:02:11: [tf2items_giveweapon.smx] [TF2Items GiveWeapon]2197_model: cannot find valid model models/custom/weapons/rebelscurse/c_wrench_v2.mdl, skipping
L 06/16/2021 - 04:02:11: [tf2items_giveweapon.smx] [TF2Items GiveWeapon]2197_viewmodel: cannot find valid model models/custom/weapons/rebelscurse/c_wrench_v2.mdl, skipping
L 06/16/2021 - 04:02:11: [tf2items_giveweapon.smx] [TF2Items GiveWeapon]2228_model: cannot find valid model models/advancedweaponiser/fbomb/c_fbomb.mdl, skipping
L 06/16/2021 - 04:02:11: [tf2items_giveweapon.smx] [TF2Items GiveWeapon]2228_viewmodel: cannot find valid model models/advancedweaponiser/fbomb/c_fbomb.mdl, skipping
L 06/16/2021 - 04:02:11: [tf2items_giveweapon.smx] [TF2Items GiveWeapon]5142_viewmodel: cannot find valid model models/custom/weapons/goldslinger/c_engineer_gunslinger.mdl, skipping
L 06/16/2021 - 04:02:12: [basecommands.smx] "Console<0><Console><Console>" changed cvar (cvar "nb_update_frequency") (value "0.03")
L 06/16/2021 - 05:02:17: [funcommands.smx] "ashley<3><[U:1:109549249]><>" toggled noclip on "ashley<3><[U:1:109549249]><>"
L 06/16/2021 - 05:03:24: [funcommands.smx] "ashley<6><[U:1:109549249]><>" toggled noclip on "ashley<6><[U:1:109549249]><>"
L 06/16/2021 - 05:03:37: [admincheats.smx] <ashley><STEAM_0:1:54774624><71.60.110.145> ran cheat command 'ent_create'
L 06/16/2021 - 05:03:42: [admincheats.smx] <ashley><STEAM_0:1:54774624><71.60.110.145> ran cheat command 'ent_create'
L 06/16/2021 - 05:03:43: [admincheats.smx] <ashley><STEAM_0:1:54774624><71.60.110.145> ran cheat command 'ent_create'
L 06/16/2021 - 05:03:44: [admincheats.smx] <ashley><STEAM_0:1:54774624><71.60.110.145> ran cheat command 'ent_create'
L 06/16/2021 - 05:03:56: [admincheats.smx] <ashley><STEAM_0:1:54774624><71.60.110.145> ran cheat command 'ent_create'
L 06/16/2021 - 05:04:06: [admincheats.smx] <ashley><STEAM_0:1:54774624><71.60.110.145> ran cheat command 'ent_remove_all'
L 06/16/2021 - 05:04:14: [funcommands.smx] "ashley<6><[U:1:109549249]><>" toggled noclip on "ashley<6><[U:1:109549249]><>"
L 06/16/2021 - 05:04:19: [funcommands.smx] "ashley<6><[U:1:109549249]><>" toggled noclip on "ashley<6><[U:1:109549249]><>"
L 06/16/2021 - 05:04:24: [funcommands.smx] "ashley<6><[U:1:109549249]><>" toggled noclip on "ashley<6><[U:1:109549249]><>"
L 06/16/2021 - 05:04:32: [admincheats.smx] <ashley><STEAM_0:1:54774624><71.60.110.145> ran cheat command 'ent_remove_all'
L 06/16/2021 - 05:04:39: [funcommands.smx] "ashley<6><[U:1:109549249]><>" toggled noclip on "ashley<6><[U:1:109549249]><>"
L 06/16/2021 - 05:05:12: [admincheats.smx] <ashley><STEAM_0:1:54774624><71.60.110.145> ran cheat command 'ent_create'
L 06/16/2021 - 05:05:18: [admincheats.smx] <ashley><STEAM_0:1:54774624><71.60.110.145> ran cheat command 'ent_remove_all'
L 06/16/2021 - 05:05:19: [funcommands.smx] "ashley<6><[U:1:109549249]><>" toggled noclip on "ashley<6><[U:1:109549249]><>"
L 06/16/2021 - 05:05:22: [funcommands.smx] "ashley<6><[U:1:109549249]><>" toggled noclip on "ashley<6><[U:1:109549249]><>"
L 06/16/2021 - 05:05:35: [funcommands.smx] "ashley<6><[U:1:109549249]><>" toggled noclip on "ashley<6><[U:1:109549249]><>"
L 06/16/2021 - 05:05:37: [funcommands.smx] "ashley<6><[U:1:109549249]><>" toggled noclip on "ashley<6><[U:1:109549249]><>"
L 06/16/2021 - 05:05:39: [playercommands.smx] "ashley<6><[U:1:109549249]><>" slayed "GardenOfStone<5><[U:1:1109604806]><>"
L 06/16/2021 - 05:05:53: [funcommands.smx] "ashley<6><[U:1:109549249]><>" toggled noclip on "ashley<6><[U:1:109549249]><>"
L 06/16/2021 - 05:05:57: [funcommands.smx] "ashley<6><[U:1:109549249]><>" toggled noclip on "ashley<6><[U:1:109549249]><>"
L 06/16/2021 - 05:08:00: [funcommands.smx] "staryoshi06<8><[U:1:87379948]><>" toggled noclip on "staryoshi06<8><[U:1:87379948]><>"
L 06/16/2021 - 05:08:14: [funcommands.smx] "staryoshi06<8><[U:1:87379948]><>" toggled noclip on "staryoshi06<8><[U:1:87379948]><>"
L 06/16/2021 - 05:08:18: [funcommands.smx] "ashley<6><[U:1:109549249]><>" toggled noclip on "ashley<6><[U:1:109549249]><>"
L 06/16/2021 - 05:08:18: [funcommands.smx] "ashley<6><[U:1:109549249]><>" toggled noclip on "ashley<6><[U:1:109549249]><>"
L 06/16/2021 - 05:08:30: [funcommands.smx] "ashley<6><[U:1:109549249]><>" toggled noclip on "ashley<6><[U:1:109549249]><>"
L 06/16/2021 - 05:09:02: [basebans.smx] "lagomorgh<7><[U:1:52739223]><>" banned "lagomorgh<7><[U:1:52739223]><>" (minutes "1") (reason "yeah")
L 06/16/2021 - 05:09:12: [basebans.smx] "ashley<6><[U:1:109549249]><>" removed ban (filter "rowen")
L 06/16/2021 - 05:10:57: [funcommands.smx] "ashley<6><[U:1:109549249]><>" toggled noclip on "ashley<6><[U:1:109549249]><>"
L 06/16/2021 - 05:11:27: [funcommands.smx] "ashley<6><[U:1:109549249]><>" toggled noclip on "ashley<6><[U:1:109549249]><>"
L 06/16/2021 - 05:11:39: [funcommands.smx] "ashley<6><[U:1:109549249]><>" toggled noclip on "ashley<6><[U:1:109549249]><>"
L 06/16/2021 - 05:14:20: [funcommands.smx] "ashley<6><[U:1:109549249]><>" toggled noclip on "ashley<6><[U:1:109549249]><>"
L 06/16/2021 - 05:15:05: [playercommands.smx] "ashley<6><[U:1:109549249]><>" slayed "lagomorgh<9><[U:1:52739223]><>"
L 06/16/2021 - 05:15:05: [basecommands.smx] "ashley<6><[U:1:109549249]><>" changed map to "mvm_coaltown"
L 06/16/2021 - 05:15:08: [SM] Changed map to "mvm_coaltown"
L 06/16/2021 - 05:15:10: -------- Mapchange to mvm_coaltown --------
L 06/16/2021 - 05:15:20: [tf2items_giveweapon.smx] [TF2Items GiveWeapon]2041_viewmodel: Preparing models/weapons/c_models/c_v_ludmila/c_v_ludmila.mdl
L 06/16/2021 - 05:15:20: [tf2items_giveweapon.smx] [TF2Items GiveWeapon]2058_model: cannot find valid model models/custom/weapons/antehgen/urinejar.mdl, skipping
L 06/16/2021 - 05:15:20: [tf2items_giveweapon.smx] [TF2Items GiveWeapon]2058_viewmodel: cannot find valid model models/custom/weapons/antehgen/urinejar.mdl, skipping
L 06/16/2021 - 05:15:20: [tf2items_giveweapon.smx] [TF2Items GiveWeapon]2171_model: cannot find valid model models/advancedweaponiser/w_sickle_sniper.mdl, skipping
L 06/16/2021 - 05:15:20: [tf2items_giveweapon.smx] [TF2Items GiveWeapon]2171_viewmodel: cannot find valid model models/advancedweaponiser/w_sickle_sniper.mdl, skipping
L 06/16/2021 - 05:15:20: [tf2items_giveweapon.smx] [TF2Items GiveWeapon]2197_model: cannot find valid model models/custom/weapons/rebelscurse/c_wrench_v2.mdl, skipping
L 06/16/2021 - 05:15:20: [tf2items_giveweapon.smx] [TF2Items GiveWeapon]2197_viewmodel: cannot find valid model models/custom/weapons/rebelscurse/c_wrench_v2.mdl, skipping
L 06/16/2021 - 05:15:20: [tf2items_giveweapon.smx] [TF2Items GiveWeapon]2228_model: cannot find valid model models/advancedweaponiser/fbomb/c_fbomb.mdl, skipping
L 06/16/2021 - 05:15:20: [tf2items_giveweapon.smx] [TF2Items GiveWeapon]2228_viewmodel: cannot find valid model models/advancedweaponiser/fbomb/c_fbomb.mdl, skipping
L 06/16/2021 - 05:15:20: [tf2items_giveweapon.smx] [TF2Items GiveWeapon]5142_viewmodel: cannot find valid model models/custom/weapons/goldslinger/c_engineer_gunslinger.mdl, skipping
L 06/16/2021 - 05:15:21: [basecommands.smx] "Console<0><Console><Console>" changed cvar (cvar "nb_update_frequency") (value "0.03")
L 06/16/2021 - 05:16:25: [tf2items_giveweapon.smx] "ashley<6><[U:1:109549249]><>" gave a permanent weapon 35 to "ashley<6><[U:1:109549249]><>"
L 06/16/2021 - 05:17:53: [admincheats.smx] <ashley><STEAM_0:1:54774624><71.60.110.145> ran cheat command 'ent_create'
L 06/16/2021 - 05:19:57: [basecommands.smx] "ashley<6><[U:1:109549249]><>" console command (cmdline "sv_password no")
L 06/16/2021 - 05:20:37: [funcommands.smx] "ashley<6><[U:1:109549249]><>" toggled noclip on "ashley<6><[U:1:109549249]><>"
L 06/16/2021 - 05:20:38: [funcommands.smx] "ashley<6><[U:1:109549249]><>" toggled noclip on "ashley<6><[U:1:109549249]><>"
L 06/16/2021 - 05:20:43: [funcommands.smx] "ashley<6><[U:1:109549249]><>" toggled noclip on "ashley<6><[U:1:109549249]><>"
L 06/16/2021 - 05:20:43: [funcommands.smx] "ashley<6><[U:1:109549249]><>" toggled noclip on "ashley<6><[U:1:109549249]><>"
L 06/16/2021 - 05:21:08: [funcommands.smx] "ashley<6><[U:1:109549249]><>" toggled noclip on "ashley<6><[U:1:109549249]><>"
L 06/16/2021 - 05:21:09: [funcommands.smx] "ashley<6><[U:1:109549249]><>" toggled noclip on "ashley<6><[U:1:109549249]><>"
L 06/16/2021 - 05:21:09: [funcommands.smx] "ashley<6><[U:1:109549249]><>" toggled noclip on "ashley<6><[U:1:109549249]><>"
L 06/16/2021 - 05:21:10: [funcommands.smx] "ashley<6><[U:1:109549249]><>" toggled noclip on "ashley<6><[U:1:109549249]><>"
L 06/16/2021 - 05:21:15: [funcommands.smx] "ashley<6><[U:1:109549249]><>" toggled noclip on "ashley<6><[U:1:109549249]><>"
L 06/16/2021 - 05:21:17: [funcommands.smx] "ashley<6><[U:1:109549249]><>" toggled noclip on "ashley<6><[U:1:109549249]><>"
L 06/16/2021 - 05:21:17: [funcommands.smx] "staryoshi06<8><[U:1:87379948]><>" toggled noclip on "GardenOfStone<5><[U:1:1109604806]><>"
L 06/16/2021 - 05:21:27: [funcommands.smx] "staryoshi06<8><[U:1:87379948]><>" toggled noclip on "GardenOfStone<5><[U:1:1109604806]><>"
L 06/16/2021 - 05:21:50: [funcommands.smx] "ashley<6><[U:1:109549249]><>" toggled noclip on "GardenOfStone<5><[U:1:1109604806]><>"
L 06/16/2021 - 05:21:53: [funcommands.smx] "staryoshi06<8><[U:1:87379948]><>" toggled noclip on "GardenOfStone<5><[U:1:1109604806]><>"
L 06/16/2021 - 05:22:23: [funcommands.smx] "ashley<6><[U:1:109549249]><>" toggled noclip on "ashley<6><[U:1:109549249]><>"
L 06/16/2021 - 05:22:24: [funcommands.smx] "ashley<6><[U:1:109549249]><>" toggled noclip on "ashley<6><[U:1:109549249]><>"
L 06/16/2021 - 05:22:25: [funcommands.smx] "ashley<6><[U:1:109549249]><>" toggled noclip on "ashley<6><[U:1:109549249]><>"
L 06/16/2021 - 05:22:26: [funcommands.smx] "ashley<6><[U:1:109549249]><>" toggled noclip on "ashley<6><[U:1:109549249]><>"
L 06/16/2021 - 05:23:15: [tf2items_giveweapon.smx] "ashley<6><[U:1:109549249]><>" gave a permanent weapon 10 to "ashley<6><[U:1:109549249]><>"
L 06/16/2021 - 05:24:05: [tf2items_giveweapon.smx] "ashley<6><[U:1:109549249]><>" gave a permanent weapon 10 to "ashley<6><[U:1:109549249]><>"
L 06/16/2021 - 05:24:47: [tf2items_giveweapon.smx] "ashley<6><[U:1:109549249]><>" reset permanent weapons for "ashley<6><[U:1:109549249]><>", 
L 06/16/2021 - 05:25:28: [tf2items_giveweapon.smx] "ashley<6><[U:1:109549249]><>" gave a permanent weapon 36 to "ashley<6><[U:1:109549249]><>"
L 06/16/2021 - 05:25:34: [tf2items_giveweapon.smx] "ashley<6><[U:1:109549249]><>" gave a permanent weapon 35 to "ashley<6><[U:1:109549249]><>"
L 06/16/2021 - 05:25:48: [funcommands.smx] "ashley<6><[U:1:109549249]><>" toggled noclip on "ashley<6><[U:1:109549249]><>"
L 06/16/2021 - 05:25:49: [funcommands.smx] "ashley<6><[U:1:109549249]><>" toggled noclip on "ashley<6><[U:1:109549249]><>"
L 06/16/2021 - 05:25:51: [funcommands.smx] "ashley<6><[U:1:109549249]><>" toggled noclip on "ashley<6><[U:1:109549249]><>"
L 06/16/2021 - 05:25:52: [funcommands.smx] "ashley<6><[U:1:109549249]><>" toggled noclip on "ashley<6><[U:1:109549249]><>"
L 06/16/2021 - 05:27:27: [basecommands.smx] "ashley<6><[U:1:109549249]><>" console command (cmdline "mp_autoteambalance 0")
L 06/16/2021 - 05:27:27: [basecommands.smx] "ashley<6><[U:1:109549249]><>" console command (cmdline "mp_teams_unbalance_limit 999")
L 06/16/2021 - 05:27:27: [basecommands.smx] "ashley<6><[U:1:109549249]><>" console command (cmdline "mp_disable_respawn_times 1")
L 06/16/2021 - 05:27:40: [basecommands.smx] "ashley<6><[U:1:109549249]><>" console command (cmdline "mp_autoteambalance 1")
L 06/16/2021 - 05:27:48: [basecommands.smx] "ashley<6><[U:1:109549249]><>" console command (cmdline "mp_disable_respawn_times 0")
L 06/16/2021 - 05:27:54: [basecommands.smx] "ashley<6><[U:1:109549249]><>" console command (cmdline "sv_password")
L 06/16/2021 - 05:28:41: [tf2items_giveweapon.smx] "ashley<6><[U:1:109549249]><>" gave a permanent weapon 20 to "GardenOfStone<5><[U:1:1109604806]><>"
L 06/16/2021 - 05:28:51: [funcommands.smx] "ashley<6><[U:1:109549249]><>" toggled noclip on "ashley<6><[U:1:109549249]><>"
L 06/16/2021 - 05:29:42: [funcommands.smx] "ashley<6><[U:1:109549249]><>" toggled noclip on "ashley<6><[U:1:109549249]><>"
L 06/16/2021 - 05:29:43: [admincheats.smx] <ashley><STEAM_0:1:54774624><71.60.110.145> ran cheat command 'ent_create'
L 06/16/2021 - 05:29:51: [funcommands.smx] "ashley<6><[U:1:109549249]><>" toggled noclip on "ashley<6><[U:1:109549249]><>"
L 06/16/2021 - 05:29:52: [funcommands.smx] "ashley<6><[U:1:109549249]><>" toggled noclip on "ashley<6><[U:1:109549249]><>"
L 06/16/2021 - 05:29:54: [admincheats.smx] <ashley><STEAM_0:1:54774624><71.60.110.145> ran cheat command 'ent_create'
L 06/16/2021 - 05:30:03: [tf2items_giveweapon.smx] "ashley<6><[U:1:109549249]><>" reset permanent weapons for "SourceTV<2><BOT><>", 
L 06/16/2021 - 05:30:03: [tf2items_giveweapon.smx] "ashley<6><[U:1:109549249]><>" reset permanent weapons for "ashley<6><[U:1:109549249]><>", 
L 06/16/2021 - 05:30:03: [tf2items_giveweapon.smx] "ashley<6><[U:1:109549249]><>" reset permanent weapons for "staryoshi06<8><[U:1:87379948]><>", 
L 06/16/2021 - 05:30:03: [tf2items_giveweapon.smx] "ashley<6><[U:1:109549249]><>" reset permanent weapons for "GardenOfStone<5><[U:1:1109604806]><>", 
L 06/16/2021 - 05:30:03: [tf2items_giveweapon.smx] "ashley<6><[U:1:109549249]><>" reset permanent weapons for "lagomorgh<9><[U:1:52739223]><>", 
L 06/16/2021 - 05:30:03: [tf2items_giveweapon.smx] "ashley<6><[U:1:109549249]><>" reset permanent weapons for "Scout<10><BOT><>", 
L 06/16/2021 - 05:30:03: [tf2items_giveweapon.smx] "ashley<6><[U:1:109549249]><>" reset permanent weapons for "Pyro<11><BOT><>", 
L 06/16/2021 - 05:30:03: [tf2items_giveweapon.smx] "ashley<6><[U:1:109549249]><>" reset permanent weapons for "Scout<12><BOT><>", 
L 06/16/2021 - 05:30:03: [tf2items_giveweapon.smx] "ashley<6><[U:1:109549249]><>" reset permanent weapons for "Scout<13><BOT><>", 
L 06/16/2021 - 05:30:03: [tf2items_giveweapon.smx] "ashley<6><[U:1:109549249]><>" reset permanent weapons for "Scout<14><BOT><>", 
L 06/16/2021 - 05:30:03: [tf2items_giveweapon.smx] "ashley<6><[U:1:109549249]><>" reset permanent weapons for "Scout<15><BOT><>", 
L 06/16/2021 - 05:30:03: [tf2items_giveweapon.smx] "ashley<6><[U:1:109549249]><>" reset permanent weapons for "Pyro<16><BOT><>", 
L 06/16/2021 - 05:30:03: [tf2items_giveweapon.smx] "ashley<6><[U:1:109549249]><>" reset permanent weapons for "Scout<17><BOT><>", 
L 06/16/2021 - 05:30:03: [tf2items_giveweapon.smx] "ashley<6><[U:1:109549249]><>" reset permanent weapons for "Scout<18><BOT><>", 
L 06/16/2021 - 05:30:03: [tf2items_giveweapon.smx] "ashley<6><[U:1:109549249]><>" reset permanent weapons for "Pyro<19><BOT><>", 
L 06/16/2021 - 05:30:03: [tf2items_giveweapon.smx] "ashley<6><[U:1:109549249]><>" reset permanent weapons for "Pyro<20><BOT><>", 
L 06/16/2021 - 05:30:03: [tf2items_giveweapon.smx] "ashley<6><[U:1:109549249]><>" reset permanent weapons for "Scout<21><BOT><>", 
L 06/16/2021 - 05:30:03: [tf2items_giveweapon.smx] "ashley<6><[U:1:109549249]><>" reset permanent weapons for "Scout<22><BOT><>", 
L 06/16/2021 - 05:30:03: [tf2items_giveweapon.smx] "ashley<6><[U:1:109549249]><>" reset permanent weapons for "Scout<23><BOT><>", 
L 06/16/2021 - 05:30:03: [tf2items_giveweapon.smx] "ashley<6><[U:1:109549249]><>" reset permanent weapons for "Pyro<24><BOT><>", 
L 06/16/2021 - 05:30:03: [tf2items_giveweapon.smx] "ashley<6><[U:1:109549249]><>" reset permanent weapons for "Scout<25><BOT><>", 
L 06/16/2021 - 05:30:03: [tf2items_giveweapon.smx] "ashley<6><[U:1:109549249]><>" reset permanent weapons for "Scout<26><BOT><>", 
L 06/16/2021 - 05:30:03: [tf2items_giveweapon.smx] "ashley<6><[U:1:109549249]><>" reset permanent weapons for "Scout<27><BOT><>", 
L 06/16/2021 - 05:30:03: [tf2items_giveweapon.smx] "ashley<6><[U:1:109549249]><>" reset permanent weapons for "Pyro<28><BOT><>", 
L 06/16/2021 - 05:30:11: [tf2items_giveweapon.smx] "ashley<6><[U:1:109549249]><>" gave a permanent weapon 28 to "ashley<6><[U:1:109549249]><>"
L 06/16/2021 - 05:32:15: [tf2items_giveweapon.smx] "ashley<6><[U:1:109549249]><>" reset permanent weapons for "SourceTV<2><BOT><>", 
L 06/16/2021 - 05:32:15: [tf2items_giveweapon.smx] "ashley<6><[U:1:109549249]><>" reset permanent weapons for "ashley<6><[U:1:109549249]><>", 
L 06/16/2021 - 05:32:15: [tf2items_giveweapon.smx] "ashley<6><[U:1:109549249]><>" reset permanent weapons for "staryoshi06<8><[U:1:87379948]><>", 
L 06/16/2021 - 05:32:15: [tf2items_giveweapon.smx] "ashley<6><[U:1:109549249]><>" reset permanent weapons for "GardenOfStone<5><[U:1:1109604806]><>", 
L 06/16/2021 - 05:32:15: [tf2items_giveweapon.smx] "ashley<6><[U:1:109549249]><>" reset permanent weapons for "lagomorgh<9><[U:1:52739223]><>", 
L 06/16/2021 - 05:32:15: [tf2items_giveweapon.smx] "ashley<6><[U:1:109549249]><>" reset permanent weapons for "Scout<10><BOT><>", 
L 06/16/2021 - 05:32:15: [tf2items_giveweapon.smx] "ashley<6><[U:1:109549249]><>" reset permanent weapons for "Pyro<11><BOT><>", 
L 06/16/2021 - 05:32:15: [tf2items_giveweapon.smx] "ashley<6><[U:1:109549249]><>" reset permanent weapons for "Scout<12><BOT><>", 
L 06/16/2021 - 05:32:15: [tf2items_giveweapon.smx] "ashley<6><[U:1:109549249]><>" reset permanent weapons for "Scout<13><BOT><>", 
L 06/16/2021 - 05:32:15: [tf2items_giveweapon.smx] "ashley<6><[U:1:109549249]><>" reset permanent weapons for "Scout<14><BOT><>", 
L 06/16/2021 - 05:32:15: [tf2items_giveweapon.smx] "ashley<6><[U:1:109549249]><>" reset permanent weapons for "Scout<15><BOT><>", 
L 06/16/2021 - 05:32:15: [tf2items_giveweapon.smx] "ashley<6><[U:1:109549249]><>" reset permanent weapons for "Pyro<16><BOT><>", 
L 06/16/2021 - 05:32:15: [tf2items_giveweapon.smx] "ashley<6><[U:1:109549249]><>" reset permanent weapons for "Scout<17><BOT><>", 
L 06/16/2021 - 05:32:15: [tf2items_giveweapon.smx] "ashley<6><[U:1:109549249]><>" reset permanent weapons for "Scout<18><BOT><>", 
L 06/16/2021 - 05:32:15: [tf2items_giveweapon.smx] "ashley<6><[U:1:109549249]><>" reset permanent weapons for "Pyro<19><BOT><>", 
L 06/16/2021 - 05:32:15: [tf2items_giveweapon.smx] "ashley<6><[U:1:109549249]><>" reset permanent weapons for "Pyro<20><BOT><>", 
L 06/16/2021 - 05:32:15: [tf2items_giveweapon.smx] "ashley<6><[U:1:109549249]><>" reset permanent weapons for "Scout<21><BOT><>", 
L 06/16/2021 - 05:32:15: [tf2items_giveweapon.smx] "ashley<6><[U:1:109549249]><>" reset permanent weapons for "Scout<22><BOT><>", 
L 06/16/2021 - 05:32:15: [tf2items_giveweapon.smx] "ashley<6><[U:1:109549249]><>" reset permanent weapons for "Scout<23><BOT><>", 
L 06/16/2021 - 05:32:15: [tf2items_giveweapon.smx] "ashley<6><[U:1:109549249]><>" reset permanent weapons for "Pyro<24><BOT><>", 
L 06/16/2021 - 05:32:15: [tf2items_giveweapon.smx] "ashley<6><[U:1:109549249]><>" reset permanent weapons for "Scout<25><BOT><>", 
L 06/16/2021 - 05:32:15: [tf2items_giveweapon.smx] "ashley<6><[U:1:109549249]><>" reset permanent weapons for "Scout<26><BOT><>", 
L 06/16/2021 - 05:32:15: [tf2items_giveweapon.smx] "ashley<6><[U:1:109549249]><>" reset permanent weapons for "Scout<27><BOT><>", 
L 06/16/2021 - 05:32:15: [tf2items_giveweapon.smx] "ashley<6><[U:1:109549249]><>" reset permanent weapons for "Pyro<28><BOT><>", 
L 06/16/2021 - 05:33:54: [basecommands.smx] "ashley<6><[U:1:109549249]><>" changed map to "plr_hightower"
L 06/16/2021 - 05:33:57: [SM] Changed map to "plr_hightower"
L 06/16/2021 - 05:33:58: -------- Mapchange to plr_hightower --------
L 06/16/2021 - 05:34:07: [tf2items_giveweapon.smx] [TF2Items GiveWeapon]2041_viewmodel: Preparing models/weapons/c_models/c_v_ludmila/c_v_ludmila.mdl
L 06/16/2021 - 05:34:07: [tf2items_giveweapon.smx] [TF2Items GiveWeapon]2058_model: cannot find valid model models/custom/weapons/antehgen/urinejar.mdl, skipping
L 06/16/2021 - 05:34:07: [tf2items_giveweapon.smx] [TF2Items GiveWeapon]2058_viewmodel: cannot find valid model models/custom/weapons/antehgen/urinejar.mdl, skipping
L 06/16/2021 - 05:34:07: [tf2items_giveweapon.smx] [TF2Items GiveWeapon]2171_model: cannot find valid model models/advancedweaponiser/w_sickle_sniper.mdl, skipping
L 06/16/2021 - 05:34:07: [tf2items_giveweapon.smx] [TF2Items GiveWeapon]2171_viewmodel: cannot find valid model models/advancedweaponiser/w_sickle_sniper.mdl, skipping
L 06/16/2021 - 05:34:07: [tf2items_giveweapon.smx] [TF2Items GiveWeapon]2197_model: cannot find valid model models/custom/weapons/rebelscurse/c_wrench_v2.mdl, skipping
L 06/16/2021 - 05:34:07: [tf2items_giveweapon.smx] [TF2Items GiveWeapon]2197_viewmodel: cannot find valid model models/custom/weapons/rebelscurse/c_wrench_v2.mdl, skipping
L 06/16/2021 - 05:34:07: [tf2items_giveweapon.smx] [TF2Items GiveWeapon]2228_model: cannot find valid model models/advancedweaponiser/fbomb/c_fbomb.mdl, skipping
L 06/16/2021 - 05:34:07: [tf2items_giveweapon.smx] [TF2Items GiveWeapon]2228_viewmodel: cannot find valid model models/advancedweaponiser/fbomb/c_fbomb.mdl, skipping
L 06/16/2021 - 05:34:07: [tf2items_giveweapon.smx] [TF2Items GiveWeapon]5142_viewmodel: cannot find valid model models/custom/weapons/goldslinger/c_engineer_gunslinger.mdl, skipping
L 06/16/2021 - 05:34:08: [basecommands.smx] "Console<0><Console><Console>" changed cvar (cvar "nb_update_frequency") (value "0.03")
L 06/16/2021 - 05:34:54: [funcommands.smx] "ashley<6><[U:1:109549249]><>" toggled noclip on "ashley<6><[U:1:109549249]><>"
L 06/16/2021 - 05:35:01: [funcommands.smx] "ashley<6><[U:1:109549249]><>" toggled noclip on "ashley<6><[U:1:109549249]><>"
L 06/16/2021 - 05:36:29: [funcommands.smx] "ashley<6><[U:1:109549249]><>" toggled noclip on "ashley<6><[U:1:109549249]><>"
L 06/16/2021 - 05:36:42: [funcommands.smx] "ashley<6><[U:1:109549249]><>" toggled noclip on "ashley<6><[U:1:109549249]><>"
L 06/16/2021 - 05:37:06: [funcommands.smx] "staryoshi06<8><[U:1:87379948]><>" toggled noclip on "staryoshi06<8><[U:1:87379948]><>"
L 06/16/2021 - 05:37:12: [funcommands.smx] "staryoshi06<8><[U:1:87379948]><>" toggled noclip on "staryoshi06<8><[U:1:87379948]><>"
L 06/16/2021 - 05:37:23: [funcommands.smx] "staryoshi06<8><[U:1:87379948]><>" toggled noclip on "staryoshi06<8><[U:1:87379948]><>"
L 06/16/2021 - 05:37:27: [admincheats.smx] <ashley><STEAM_0:1:54774624><71.60.110.145> ran cheat command 'ent_create'
L 06/16/2021 - 05:37:33: [admincheats.smx] <ashley><STEAM_0:1:54774624><71.60.110.145> ran cheat command 'ent_remove'
L 06/16/2021 - 05:37:36: [funcommands.smx] "ashley<6><[U:1:109549249]><>" toggled noclip on "ashley<6><[U:1:109549249]><>"
L 06/16/2021 - 05:37:36: [funcommands.smx] "ashley<6><[U:1:109549249]><>" toggled noclip on "ashley<6><[U:1:109549249]><>"
L 06/16/2021 - 05:37:37: [funcommands.smx] "ashley<6><[U:1:109549249]><>" toggled noclip on "ashley<6><[U:1:109549249]><>"
L 06/16/2021 - 05:37:39: [funcommands.smx] "ashley<6><[U:1:109549249]><>" toggled noclip on "ashley<6><[U:1:109549249]><>"
L 06/16/2021 - 05:37:39: [funcommands.smx] "ashley<6><[U:1:109549249]><>" toggled noclip on "ashley<6><[U:1:109549249]><>"
L 06/16/2021 - 05:37:39: [funcommands.smx] "ashley<6><[U:1:109549249]><>" toggled noclip on "ashley<6><[U:1:109549249]><>"
L 06/16/2021 - 05:37:39: [funcommands.smx] "ashley<6><[U:1:109549249]><>" toggled noclip on "ashley<6><[U:1:109549249]><>"
L 06/16/2021 - 05:37:40: [funcommands.smx] "ashley<6><[U:1:109549249]><>" toggled noclip on "ashley<6><[U:1:109549249]><>"
L 06/16/2021 - 05:37:40: [funcommands.smx] "ashley<6><[U:1:109549249]><>" toggled noclip on "ashley<6><[U:1:109549249]><>"
L 06/16/2021 - 05:37:40: [funcommands.smx] "ashley<6><[U:1:109549249]><>" toggled noclip on "ashley<6><[U:1:109549249]><>"
L 06/16/2021 - 05:37:40: [funcommands.smx] "ashley<6><[U:1:109549249]><>" toggled noclip on "ashley<6><[U:1:109549249]><>"
L 06/16/2021 - 05:37:40: [funcommands.smx] "ashley<6><[U:1:109549249]><>" toggled noclip on "ashley<6><[U:1:109549249]><>"
L 06/16/2021 - 05:37:40: [funcommands.smx] "ashley<6><[U:1:109549249]><>" toggled noclip on "ashley<6><[U:1:109549249]><>"
L 06/16/2021 - 05:37:40: [funcommands.smx] "ashley<6><[U:1:109549249]><>" toggled noclip on "ashley<6><[U:1:109549249]><>"
L 06/16/2021 - 05:37:40: [funcommands.smx] "ashley<6><[U:1:109549249]><>" toggled noclip on "ashley<6><[U:1:109549249]><>"
L 06/16/2021 - 05:37:41: [funcommands.smx] "ashley<6><[U:1:109549249]><>" toggled noclip on "ashley<6><[U:1:109549249]><>"
L 06/16/2021 - 05:37:41: [funcommands.smx] "ashley<6><[U:1:109549249]><>" toggled noclip on "ashley<6><[U:1:109549249]><>"
L 06/16/2021 - 05:37:41: [funcommands.smx] "ashley<6><[U:1:109549249]><>" toggled noclip on "ashley<6><[U:1:109549249]><>"
L 06/16/2021 - 05:37:42: [funcommands.smx] "ashley<6><[U:1:109549249]><>" toggled noclip on "ashley<6><[U:1:109549249]><>"
L 06/16/2021 - 05:37:45: [funcommands.smx] "ashley<6><[U:1:109549249]><>" toggled noclip on "ashley<6><[U:1:109549249]><>"
L 06/16/2021 - 05:37:47: [funcommands.smx] "ashley<6><[U:1:109549249]><>" toggled noclip on "ashley<6><[U:1:109549249]><>"
L 06/16/2021 - 05:37:47: [funcommands.smx] "ashley<6><[U:1:109549249]><>" toggled noclip on "ashley<6><[U:1:109549249]><>"
L 06/16/2021 - 05:37:49: [funcommands.smx] "ashley<6><[U:1:109549249]><>" toggled noclip on "ashley<6><[U:1:109549249]><>"
L 06/16/2021 - 05:37:49: [funcommands.smx] "ashley<6><[U:1:109549249]><>" toggled noclip on "ashley<6><[U:1:109549249]><>"
L 06/16/2021 - 05:37:50: [funcommands.smx] "ashley<6><[U:1:109549249]><>" toggled noclip on "ashley<6><[U:1:109549249]><>"
L 06/16/2021 - 05:37:51: [funcommands.smx] "ashley<6><[U:1:109549249]><>" toggled noclip on "ashley<6><[U:1:109549249]><>"
L 06/16/2021 - 05:38:00: [admincheats.smx] <ashley><STEAM_0:1:54774624><71.60.110.145> ran cheat command 'ent_create'
L 06/16/2021 - 05:38:09: [admincheats.smx] <ashley><STEAM_0:1:54774624><71.60.110.145> ran cheat command 'ent_remove'
L 06/16/2021 - 05:38:10: [funcommands.smx] "ashley<6><[U:1:109549249]><>" toggled noclip on "ashley<6><[U:1:109549249]><>"
L 06/16/2021 - 05:38:20: [admincheats.smx] <ashley><STEAM_0:1:54774624><71.60.110.145> ran cheat command 'ent_remove_all'
L 06/16/2021 - 05:38:22: [funcommands.smx] "ashley<6><[U:1:109549249]><>" toggled noclip on "ashley<6><[U:1:109549249]><>"
L 06/16/2021 - 05:38:24: [admincheats.smx] <ashley><STEAM_0:1:54774624><71.60.110.145> ran cheat command 'ent_create'
L 06/16/2021 - 05:38:25: [admincheats.smx] <ashley><STEAM_0:1:54774624><71.60.110.145> ran cheat command 'ent_create'
L 06/16/2021 - 05:38:25: [admincheats.smx] <ashley><STEAM_0:1:54774624><71.60.110.145> ran cheat command 'ent_create'
L 06/16/2021 - 05:38:25: [admincheats.smx] <ashley><STEAM_0:1:54774624><71.60.110.145> ran cheat command 'ent_create'
L 06/16/2021 - 05:38:25: [admincheats.smx] <ashley><STEAM_0:1:54774624><71.60.110.145> ran cheat command 'ent_create'
L 06/16/2021 - 05:38:25: [admincheats.smx] <ashley><STEAM_0:1:54774624><71.60.110.145> ran cheat command 'ent_create'
L 06/16/2021 - 05:38:25: [admincheats.smx] <ashley><STEAM_0:1:54774624><71.60.110.145> ran cheat command 'ent_create'
L 06/16/2021 - 05:38:26: [admincheats.smx] <ashley><STEAM_0:1:54774624><71.60.110.145> ran cheat command 'ent_create'
L 06/16/2021 - 05:38:26: [admincheats.smx] <ashley><STEAM_0:1:54774624><71.60.110.145> ran cheat command 'ent_create'
L 06/16/2021 - 05:38:26: [admincheats.smx] <ashley><STEAM_0:1:54774624><71.60.110.145> ran cheat command 'ent_create'
L 06/16/2021 - 05:38:26: [admincheats.smx] <ashley><STEAM_0:1:54774624><71.60.110.145> ran cheat command 'ent_create'
L 06/16/2021 - 05:38:26: [admincheats.smx] <ashley><STEAM_0:1:54774624><71.60.110.145> ran cheat command 'ent_create'
L 06/16/2021 - 05:38:26: [admincheats.smx] <ashley><STEAM_0:1:54774624><71.60.110.145> ran cheat command 'ent_create'
L 06/16/2021 - 05:38:27: [admincheats.smx] <ashley><STEAM_0:1:54774624><71.60.110.145> ran cheat command 'ent_create'
L 06/16/2021 - 05:38:27: [admincheats.smx] <ashley><STEAM_0:1:54774624><71.60.110.145> ran cheat command 'ent_create'
L 06/16/2021 - 05:38:27: [admincheats.smx] <ashley><STEAM_0:1:54774624><71.60.110.145> ran cheat command 'ent_create'
L 06/16/2021 - 05:38:27: [admincheats.smx] <ashley><STEAM_0:1:54774624><71.60.110.145> ran cheat command 'ent_create'
L 06/16/2021 - 05:38:27: [admincheats.smx] <ashley><STEAM_0:1:54774624><71.60.110.145> ran cheat command 'ent_create'
L 06/16/2021 - 05:38:28: [admincheats.smx] <ashley><STEAM_0:1:54774624><71.60.110.145> ran cheat command 'ent_create'
L 06/16/2021 - 05:38:37: [funcommands.smx] "ashley<6><[U:1:109549249]><>" toggled noclip on "ashley<6><[U:1:109549249]><>"
L 06/16/2021 - 05:38:46: [funcommands.smx] "ashley<6><[U:1:109549249]><>" toggled noclip on "ashley<6><[U:1:109549249]><>"
L 06/16/2021 - 05:38:54: [funcommands.smx] "ashley<6><[U:1:109549249]><>" toggled noclip on "ashley<6><[U:1:109549249]><>"
L 06/16/2021 - 05:39:22: [funcommands.smx] "ashley<6><[U:1:109549249]><>" toggled noclip on "ashley<6><[U:1:109549249]><>"
L 06/16/2021 - 05:39:27: [funcommands.smx] "ashley<6><[U:1:109549249]><>" toggled noclip on "ashley<6><[U:1:109549249]><>"
L 06/16/2021 - 05:39:51: [funcommands.smx] "ashley<6><[U:1:109549249]><>" toggled noclip on "ashley<6><[U:1:109549249]><>"
L 06/16/2021 - 05:39:58: [funcommands.smx] "ashley<6><[U:1:109549249]><>" toggled noclip on "ashley<6><[U:1:109549249]><>"
L 06/16/2021 - 05:40:33: [basecommands.smx] "ashley<6><[U:1:109549249]><>" changed map to "plr_hightower"
L 06/16/2021 - 05:40:36: [SM] Changed map to "plr_hightower"
L 06/16/2021 - 05:40:37: -------- Mapchange to plr_hightower --------
L 06/16/2021 - 05:40:44: [tf2items_giveweapon.smx] [TF2Items GiveWeapon]2041_viewmodel: Preparing models/weapons/c_models/c_v_ludmila/c_v_ludmila.mdl
L 06/16/2021 - 05:40:44: [tf2items_giveweapon.smx] [TF2Items GiveWeapon]2058_model: cannot find valid model models/custom/weapons/antehgen/urinejar.mdl, skipping
L 06/16/2021 - 05:40:44: [tf2items_giveweapon.smx] [TF2Items GiveWeapon]2058_viewmodel: cannot find valid model models/custom/weapons/antehgen/urinejar.mdl, skipping
L 06/16/2021 - 05:40:44: [tf2items_giveweapon.smx] [TF2Items GiveWeapon]2171_model: cannot find valid model models/advancedweaponiser/w_sickle_sniper.mdl, skipping
L 06/16/2021 - 05:40:44: [tf2items_giveweapon.smx] [TF2Items GiveWeapon]2171_viewmodel: cannot find valid model models/advancedweaponiser/w_sickle_sniper.mdl, skipping
L 06/16/2021 - 05:40:44: [tf2items_giveweapon.smx] [TF2Items GiveWeapon]2197_model: cannot find valid model models/custom/weapons/rebelscurse/c_wrench_v2.mdl, skipping
L 06/16/2021 - 05:40:44: [tf2items_giveweapon.smx] [TF2Items GiveWeapon]2197_viewmodel: cannot find valid model models/custom/weapons/rebelscurse/c_wrench_v2.mdl, skipping
L 06/16/2021 - 05:40:44: [tf2items_giveweapon.smx] [TF2Items GiveWeapon]2228_model: cannot find valid model models/advancedweaponiser/fbomb/c_fbomb.mdl, skipping
L 06/16/2021 - 05:40:44: [tf2items_giveweapon.smx] [TF2Items GiveWeapon]2228_viewmodel: cannot find valid model models/advancedweaponiser/fbomb/c_fbomb.mdl, skipping
L 06/16/2021 - 05:40:44: [tf2items_giveweapon.smx] [TF2Items GiveWeapon]5142_viewmodel: cannot find valid model models/custom/weapons/goldslinger/c_engineer_gunslinger.mdl, skipping
L 06/16/2021 - 05:40:45: [basecommands.smx] "Console<0><Console><Console>" changed cvar (cvar "nb_update_frequency") (value "0.03")
L 06/17/2021 - 04:00:45: Log file closed.
