L 07/24/2021 - 01:10:31: SourceMod log file session started (file "/hlserver/tf2/tf/addons/sourcemod/logs/L20210724.log") (Version "1.10.0.6490")
L 07/24/2021 - 01:10:31: [funcommands.smx] "damp jeans<18><[U:1:298643660]><>" toggled noclip on "damp jeans<18><[U:1:298643660]><>"
L 07/24/2021 - 02:57:39: [admincheats.smx] <VibeZ Time><STEAM_0:0:460381675><69.123.180.142> was prevented from running cheat command 'noclip'
L 07/24/2021 - 03:24:13: [admincheats.smx] <VibeZ Time><STEAM_0:0:460381675><69.123.180.142> was prevented from running cheat command 'noclip'
L 07/24/2021 - 03:31:21: [basebans.smx] "ashley<29><[U:1:109549249]><>" banned "Feng Min's Onahole<16><[U:1:920193661]><>" (minutes "0") (reason "bye")
L 07/24/2021 - 03:32:03: [admincheats.smx] <VibeZ Time><STEAM_0:0:460381675><69.123.180.142> was prevented from running cheat command 'noclip'
L 07/24/2021 - 03:35:36: [funcommands.smx] "ashley<29><[U:1:109549249]><>" toggled noclip on "scout who laughs at 2fort sink<27><[U:1:1050858606]><>"
L 07/24/2021 - 03:39:03: [funcommands.smx] "ashley<29><[U:1:109549249]><>" toggled noclip on "scout who laughs at 2fort sink<27><[U:1:1050858606]><>"
L 07/24/2021 - 03:42:28: [funcommands.smx] "ashley<29><[U:1:109549249]><>" toggled noclip on "scout who laughs at 2fort sink<27><[U:1:1050858606]><>"
L 07/24/2021 - 03:44:43: [admincheats.smx] <scout who laughs at 2fort sink><STEAM_0:0:525429303><47.152.40.10> was prevented from running cheat command 'noclip'
L 07/24/2021 - 04:00:12: [ScheduledShutdown.smx] Server shutdown warning.
L 07/24/2021 - 04:00:22: [ScheduledShutdown.smx] Server shutdown.
L 07/24/2021 - 04:00:22: [stac.smx] [StAC] File handle invalid!
L 07/24/2021 - 04:00:22: [stac.smx] [StAC] Plugin vers. ---- 5.1.0b ---- unloaded
L 07/24/2021 - 04:00:23: Log file closed.
L 07/24/2021 - 04:01:00: SourceMod log file session started (file "/hlserver/tf2/tf/addons/sourcemod/logs/L20210724.log") (Version "1.10.0.6490")
L 07/24/2021 - 04:01:00: [TF2ITEMS] "GiveNamedItem" offset = 485
L 07/24/2021 - 04:01:00: [auto_steam_update.smx] HUD text is supported on this mod. The persistant timer will display.
L 07/24/2021 - 04:01:01: [simple-chatprocessor.smx] [SCP] Recognized mod [Team Fortress 2].
L 07/24/2021 - 04:01:01: [simple-chatprocessor.smx] [SCP] Loading translation file [scp.tf.phrases].
L 07/24/2021 - 04:01:01: [stac.smx] [StAC] File handle invalid!
L 07/24/2021 - 04:01:01: [stac.smx] [StAC] Plugin vers. ---- 5.1.0b ---- loaded
L 07/24/2021 - 04:01:09: [tf2items_giveweapon.smx] [TF2Items GiveWeapon]2041_viewmodel: Preparing models/weapons/c_models/c_v_ludmila/c_v_ludmila.mdl
L 07/24/2021 - 04:01:09: [tf2items_giveweapon.smx] [TF2Items GiveWeapon]2058_model: cannot find valid model models/custom/weapons/antehgen/urinejar.mdl, skipping
L 07/24/2021 - 04:01:09: [tf2items_giveweapon.smx] [TF2Items GiveWeapon]2058_viewmodel: cannot find valid model models/custom/weapons/antehgen/urinejar.mdl, skipping
L 07/24/2021 - 04:01:09: [tf2items_giveweapon.smx] [TF2Items GiveWeapon]2171_model: cannot find valid model models/advancedweaponiser/w_sickle_sniper.mdl, skipping
L 07/24/2021 - 04:01:09: [tf2items_giveweapon.smx] [TF2Items GiveWeapon]2171_viewmodel: cannot find valid model models/advancedweaponiser/w_sickle_sniper.mdl, skipping
L 07/24/2021 - 04:01:09: [tf2items_giveweapon.smx] [TF2Items GiveWeapon]2197_model: cannot find valid model models/custom/weapons/rebelscurse/c_wrench_v2.mdl, skipping
L 07/24/2021 - 04:01:09: [tf2items_giveweapon.smx] [TF2Items GiveWeapon]2197_viewmodel: cannot find valid model models/custom/weapons/rebelscurse/c_wrench_v2.mdl, skipping
L 07/24/2021 - 04:01:09: [tf2items_giveweapon.smx] [TF2Items GiveWeapon]2228_model: cannot find valid model models/advancedweaponiser/fbomb/c_fbomb.mdl, skipping
L 07/24/2021 - 04:01:09: [tf2items_giveweapon.smx] [TF2Items GiveWeapon]2228_viewmodel: cannot find valid model models/advancedweaponiser/fbomb/c_fbomb.mdl, skipping
L 07/24/2021 - 04:01:09: [tf2items_giveweapon.smx] [TF2Items GiveWeapon]5142_viewmodel: cannot find valid model models/custom/weapons/goldslinger/c_engineer_gunslinger.mdl, skipping
L 07/24/2021 - 04:01:09: [basecommands.smx] "Console<0><Console><Console>" changed cvar (cvar "nb_update_frequency") (value "0.03")
L 07/24/2021 - 04:01:09: [basecommands.smx] "Console<0><Console><Console>" changed cvar (cvar "fps_max") (value "0")
L 07/24/2021 - 06:04:50: [admincheats.smx] <RealKaki><STEAM_0:1:125057930><47.18.62.197> was prevented from running cheat command 'noclip'
L 07/24/2021 - 06:05:26: [admincheats.smx] <RealKaki><STEAM_0:1:125057930><47.18.62.197> was prevented from running cheat command 'noclip'
L 07/24/2021 - 06:05:53: [admincheats.smx] <RealKaki><STEAM_0:1:125057930><47.18.62.197> was prevented from running cheat command 'noclip'
L 07/25/2021 - 02:12:10: Log file closed.
