L 04/30/2021 - 01:19:24: SourceMod log file session started (file "/hlserver/tf2/tf/addons/sourcemod/logs/L20210430.log") (Version "1.10.0.6490")
L 04/30/2021 - 01:19:24: [admincheats.smx] <*transes your gender*><STEAM_0:1:54774624><24.131.113.172> ran cheat command 'ent_create'
L 04/30/2021 - 01:19:24: [admincheats.smx] <*transes your gender*><STEAM_0:1:54774624><24.131.113.172> ran cheat command 'ent_remove_all'
L 04/30/2021 - 01:30:01: [admincheats.smx] <*transes your gender*><STEAM_0:1:54774624><24.131.113.172> ran cheat command 'ent_create'
L 04/30/2021 - 01:33:48: [basecommands.smx] "*transes your gender*<27><[U:1:109549249]><>" console command (cmdline "mp_autoteambalance 0")
L 04/30/2021 - 01:33:48: [basecommands.smx] "*transes your gender*<27><[U:1:109549249]><>" console command (cmdline "mp_teams_unbalance_limit 999")
L 04/30/2021 - 01:33:48: [basecommands.smx] "*transes your gender*<27><[U:1:109549249]><>" console command (cmdline "mp_disable_respawn_times 1")
L 04/30/2021 - 01:33:59: [basecommands.smx] "*transes your gender*<27><[U:1:109549249]><>" changed map to "plr_hightower"
L 04/30/2021 - 01:34:02: [SM] Changed map to "plr_hightower"
L 04/30/2021 - 01:34:02: [stac.smx] [StAC] File handle invalid!
L 04/30/2021 - 01:34:02: [stac.smx] [StAC] Plugin vers. ---- 4.1.17b ---- unloaded
L 04/30/2021 - 01:34:03: -------- Mapchange to plr_hightower --------
L 04/30/2021 - 01:34:09: [tf2items_giveweapon.smx] [TF2Items GiveWeapon]2041_viewmodel: Preparing models/weapons/c_models/c_v_ludmila/c_v_ludmila.mdl
L 04/30/2021 - 01:34:09: [tf2items_giveweapon.smx] [TF2Items GiveWeapon]2058_model: cannot find valid model models/custom/weapons/antehgen/urinejar.mdl, skipping
L 04/30/2021 - 01:34:09: [tf2items_giveweapon.smx] [TF2Items GiveWeapon]2058_viewmodel: cannot find valid model models/custom/weapons/antehgen/urinejar.mdl, skipping
L 04/30/2021 - 01:34:09: [tf2items_giveweapon.smx] [TF2Items GiveWeapon]2171_model: cannot find valid model models/advancedweaponiser/w_sickle_sniper.mdl, skipping
L 04/30/2021 - 01:34:09: [tf2items_giveweapon.smx] [TF2Items GiveWeapon]2171_viewmodel: cannot find valid model models/advancedweaponiser/w_sickle_sniper.mdl, skipping
L 04/30/2021 - 01:34:09: [tf2items_giveweapon.smx] [TF2Items GiveWeapon]2197_model: cannot find valid model models/custom/weapons/rebelscurse/c_wrench_v2.mdl, skipping
L 04/30/2021 - 01:34:09: [tf2items_giveweapon.smx] [TF2Items GiveWeapon]2197_viewmodel: cannot find valid model models/custom/weapons/rebelscurse/c_wrench_v2.mdl, skipping
L 04/30/2021 - 01:34:09: [tf2items_giveweapon.smx] [TF2Items GiveWeapon]2228_model: cannot find valid model models/advancedweaponiser/fbomb/c_fbomb.mdl, skipping
L 04/30/2021 - 01:34:09: [tf2items_giveweapon.smx] [TF2Items GiveWeapon]2228_viewmodel: cannot find valid model models/advancedweaponiser/fbomb/c_fbomb.mdl, skipping
L 04/30/2021 - 01:34:09: [tf2items_giveweapon.smx] [TF2Items GiveWeapon]5142_viewmodel: cannot find valid model models/custom/weapons/goldslinger/c_engineer_gunslinger.mdl, skipping
L 04/30/2021 - 01:34:10: [basecommands.smx] "Console<0><Console><Console>" changed cvar (cvar "nb_update_frequency") (value "0.03")
L 04/30/2021 - 04:00:10: [ScheduledShutdown.smx] Server shutdown warning.
L 04/30/2021 - 04:00:20: [ScheduledShutdown.smx] Server shutdown.
L 04/30/2021 - 04:00:21: [stac.smx] [StAC] File handle invalid!
L 04/30/2021 - 04:00:21: [stac.smx] [StAC] Plugin vers. ---- 4.1.17b ---- unloaded
L 04/30/2021 - 04:00:21: Log file closed.
L 04/30/2021 - 04:01:02: SourceMod log file session started (file "/hlserver/tf2/tf/addons/sourcemod/logs/L20210430.log") (Version "1.10.0.6490")
L 04/30/2021 - 04:01:02: [TF2ITEMS] "GiveNamedItem" offset = 484
L 04/30/2021 - 04:01:02: [auto_steam_update.smx] HUD text is supported on this mod. The persistant timer will display.
L 04/30/2021 - 04:01:02: [simple-chatprocessor.smx] [SCP] Recognized mod [Team Fortress 2].
L 04/30/2021 - 04:01:02: [simple-chatprocessor.smx] [SCP] Loading translation file [scp.tf.phrases].
L 04/30/2021 - 04:01:11: [tf2items_giveweapon.smx] [TF2Items GiveWeapon]2041_viewmodel: Preparing models/weapons/c_models/c_v_ludmila/c_v_ludmila.mdl
L 04/30/2021 - 04:01:11: [tf2items_giveweapon.smx] [TF2Items GiveWeapon]2058_model: cannot find valid model models/custom/weapons/antehgen/urinejar.mdl, skipping
L 04/30/2021 - 04:01:11: [tf2items_giveweapon.smx] [TF2Items GiveWeapon]2058_viewmodel: cannot find valid model models/custom/weapons/antehgen/urinejar.mdl, skipping
L 04/30/2021 - 04:01:11: [tf2items_giveweapon.smx] [TF2Items GiveWeapon]2171_model: cannot find valid model models/advancedweaponiser/w_sickle_sniper.mdl, skipping
L 04/30/2021 - 04:01:11: [tf2items_giveweapon.smx] [TF2Items GiveWeapon]2171_viewmodel: cannot find valid model models/advancedweaponiser/w_sickle_sniper.mdl, skipping
L 04/30/2021 - 04:01:11: [tf2items_giveweapon.smx] [TF2Items GiveWeapon]2197_model: cannot find valid model models/custom/weapons/rebelscurse/c_wrench_v2.mdl, skipping
L 04/30/2021 - 04:01:11: [tf2items_giveweapon.smx] [TF2Items GiveWeapon]2197_viewmodel: cannot find valid model models/custom/weapons/rebelscurse/c_wrench_v2.mdl, skipping
L 04/30/2021 - 04:01:11: [tf2items_giveweapon.smx] [TF2Items GiveWeapon]2228_model: cannot find valid model models/advancedweaponiser/fbomb/c_fbomb.mdl, skipping
L 04/30/2021 - 04:01:11: [tf2items_giveweapon.smx] [TF2Items GiveWeapon]2228_viewmodel: cannot find valid model models/advancedweaponiser/fbomb/c_fbomb.mdl, skipping
L 04/30/2021 - 04:01:11: [tf2items_giveweapon.smx] [TF2Items GiveWeapon]5142_viewmodel: cannot find valid model models/custom/weapons/goldslinger/c_engineer_gunslinger.mdl, skipping
L 04/30/2021 - 04:01:12: [basecommands.smx] "Console<0><Console><Console>" changed cvar (cvar "nb_update_frequency") (value "0.03")
L 04/30/2021 - 04:01:12: [UPDATER] Successfully updated gamedata file "sm-cstrike.games/game.csgo.txt"
L 04/30/2021 - 04:01:12: [UPDATER] SourceMod has been updated, please reload it or restart your server.
L 05/01/2021 - 00:31:29: Log file closed.
