L 02/25/2021 - 04:00:28: SourceMod log file session started (file "/hlserver/tf2/tf/addons/sourcemod/logs/L20210225.log") (Version "1.10.0.6490")
L 02/25/2021 - 04:00:28: [ScheduledShutdown.smx] Server shutdown warning.
L 02/25/2021 - 04:00:38: [ScheduledShutdown.smx] Server shutdown.
L 02/25/2021 - 04:00:39: Log file closed.
L 02/25/2021 - 04:01:19: SourceMod log file session started (file "/hlserver/tf2/tf/addons/sourcemod/logs/L20210225.log") (Version "1.10.0.6490")
L 02/25/2021 - 04:01:19: [TF2ITEMS] "GiveNamedItem" offset = 484
L 02/25/2021 - 04:01:19: [auto_steam_update.smx] HUD text is supported on this mod. The persistant timer will display.
L 02/25/2021 - 04:01:19: [simple-chatprocessor.smx] [SCP] Recognized mod [Team Fortress 2].
L 02/25/2021 - 04:01:19: [simple-chatprocessor.smx] [SCP] Loading translation file [scp.tf.phrases].
L 02/25/2021 - 04:01:27: [tf2items_giveweapon.smx] [TF2Items GiveWeapon]2041_viewmodel: Preparing models/weapons/c_models/c_v_ludmila/c_v_ludmila.mdl
L 02/25/2021 - 04:01:27: [tf2items_giveweapon.smx] [TF2Items GiveWeapon]2058_model: cannot find valid model models/custom/weapons/antehgen/urinejar.mdl, skipping
L 02/25/2021 - 04:01:27: [tf2items_giveweapon.smx] [TF2Items GiveWeapon]2058_viewmodel: cannot find valid model models/custom/weapons/antehgen/urinejar.mdl, skipping
L 02/25/2021 - 04:01:27: [tf2items_giveweapon.smx] [TF2Items GiveWeapon]2171_model: cannot find valid model models/advancedweaponiser/w_sickle_sniper.mdl, skipping
L 02/25/2021 - 04:01:27: [tf2items_giveweapon.smx] [TF2Items GiveWeapon]2171_viewmodel: cannot find valid model models/advancedweaponiser/w_sickle_sniper.mdl, skipping
L 02/25/2021 - 04:01:27: [tf2items_giveweapon.smx] [TF2Items GiveWeapon]2197_model: cannot find valid model models/custom/weapons/rebelscurse/c_wrench_v2.mdl, skipping
L 02/25/2021 - 04:01:27: [tf2items_giveweapon.smx] [TF2Items GiveWeapon]2197_viewmodel: cannot find valid model models/custom/weapons/rebelscurse/c_wrench_v2.mdl, skipping
L 02/25/2021 - 04:01:27: [tf2items_giveweapon.smx] [TF2Items GiveWeapon]2228_model: cannot find valid model models/advancedweaponiser/fbomb/c_fbomb.mdl, skipping
L 02/25/2021 - 04:01:27: [tf2items_giveweapon.smx] [TF2Items GiveWeapon]2228_viewmodel: cannot find valid model models/advancedweaponiser/fbomb/c_fbomb.mdl, skipping
L 02/25/2021 - 04:01:27: [tf2items_giveweapon.smx] [TF2Items GiveWeapon]5142_viewmodel: cannot find valid model models/custom/weapons/goldslinger/c_engineer_gunslinger.mdl, skipping
L 02/25/2021 - 04:01:28: [basecommands.smx] "Console<0><Console><Console>" changed cvar (cvar "nb_update_frequency") (value "0.03")
L 02/25/2021 - 07:12:05: [basecommands.smx] "jiim jaam<3><[U:1:109549249]><>" console command (cmdline "sm plugins load unusedvoicelines")
L 02/25/2021 - 07:12:10: [basecommands.smx] "jiim jaam<3><[U:1:109549249]><>" changed map to "plr_hightower"
L 02/25/2021 - 07:12:13: [SM] Changed map to "plr_hightower"
L 02/25/2021 - 07:12:15: -------- Mapchange to plr_hightower --------
L 02/25/2021 - 07:12:20: [tf2items_giveweapon.smx] [TF2Items GiveWeapon]2041_viewmodel: Preparing models/weapons/c_models/c_v_ludmila/c_v_ludmila.mdl
L 02/25/2021 - 07:12:20: [tf2items_giveweapon.smx] [TF2Items GiveWeapon]2058_model: cannot find valid model models/custom/weapons/antehgen/urinejar.mdl, skipping
L 02/25/2021 - 07:12:20: [tf2items_giveweapon.smx] [TF2Items GiveWeapon]2058_viewmodel: cannot find valid model models/custom/weapons/antehgen/urinejar.mdl, skipping
L 02/25/2021 - 07:12:20: [tf2items_giveweapon.smx] [TF2Items GiveWeapon]2171_model: cannot find valid model models/advancedweaponiser/w_sickle_sniper.mdl, skipping
L 02/25/2021 - 07:12:20: [tf2items_giveweapon.smx] [TF2Items GiveWeapon]2171_viewmodel: cannot find valid model models/advancedweaponiser/w_sickle_sniper.mdl, skipping
L 02/25/2021 - 07:12:20: [tf2items_giveweapon.smx] [TF2Items GiveWeapon]2197_model: cannot find valid model models/custom/weapons/rebelscurse/c_wrench_v2.mdl, skipping
L 02/25/2021 - 07:12:20: [tf2items_giveweapon.smx] [TF2Items GiveWeapon]2197_viewmodel: cannot find valid model models/custom/weapons/rebelscurse/c_wrench_v2.mdl, skipping
L 02/25/2021 - 07:12:20: [tf2items_giveweapon.smx] [TF2Items GiveWeapon]2228_model: cannot find valid model models/advancedweaponiser/fbomb/c_fbomb.mdl, skipping
L 02/25/2021 - 07:12:20: [tf2items_giveweapon.smx] [TF2Items GiveWeapon]2228_viewmodel: cannot find valid model models/advancedweaponiser/fbomb/c_fbomb.mdl, skipping
L 02/25/2021 - 07:12:20: [tf2items_giveweapon.smx] [TF2Items GiveWeapon]5142_viewmodel: cannot find valid model models/custom/weapons/goldslinger/c_engineer_gunslinger.mdl, skipping
L 02/25/2021 - 07:12:21: [basecommands.smx] "Console<0><Console><Console>" changed cvar (cvar "nb_update_frequency") (value "0.03")
L 02/26/2021 - 04:00:21: Log file closed.
