L 12/06/2021 - 01:26:29: SourceMod log file session started (file "/hlserver/tf2/tf/addons/sourcemod/logs/L20211206.log") (Version "1.10.0.6512")
L 12/06/2021 - 01:26:29: [admincheats.smx] <ur balls><STEAM_0:1:125057930><47.18.62.197> was prevented from running cheat command 'noclip'
L 12/06/2021 - 01:26:59: [admincheats.smx] <(1)Demopan><STEAM_0:1:125057930><47.18.62.197> was prevented from running cheat command 'noclip'
L 12/06/2021 - 01:27:09: [admincheats.smx] <(1)Demopan><STEAM_0:1:125057930><47.18.62.197> was prevented from running cheat command 'noclip'
L 12/06/2021 - 01:29:45: [admincheats.smx] <(1)Demopan><STEAM_0:1:125057930><47.18.62.197> was prevented from running cheat command 'noclip'
L 12/06/2021 - 01:30:29: [admincheats.smx] <(1)Demopan><STEAM_0:1:125057930><47.18.62.197> was prevented from running cheat command 'noclip'
L 12/06/2021 - 04:00:38: [ScheduledShutdown.smx] Server shutdown warning.
L 12/06/2021 - 04:00:48: [ScheduledShutdown.smx] Server shutdown.
L 12/06/2021 - 04:00:49: Log file closed.
L 12/06/2021 - 04:01:35: SourceMod log file session started (file "/hlserver/tf2/tf/addons/sourcemod/logs/L20211206.log") (Version "1.10.0.6512")
L 12/06/2021 - 04:01:35: [TF2ITEMS] "GiveNamedItem" offset = 488
L 12/06/2021 - 04:01:36: [auto_steam_update.smx] HUD text is supported on this mod. The persistant timer will display.
L 12/06/2021 - 04:01:36: [simple-chatprocessor.smx] [SCP] Recognized mod [Team Fortress 2].
L 12/06/2021 - 04:01:36: [simple-chatprocessor.smx] [SCP] Loading translation file [scp.tf.phrases].
L 12/06/2021 - 04:01:36: [stac.smx] [StAC] File handle invalid!
L 12/06/2021 - 04:01:45: [tf2items_giveweapon.smx] [TF2Items GiveWeapon]2041_viewmodel: Preparing models/weapons/c_models/c_v_ludmila/c_v_ludmila.mdl
L 12/06/2021 - 04:01:45: [tf2items_giveweapon.smx] [TF2Items GiveWeapon]2058_model: cannot find valid model models/custom/weapons/antehgen/urinejar.mdl, skipping
L 12/06/2021 - 04:01:45: [tf2items_giveweapon.smx] [TF2Items GiveWeapon]2058_viewmodel: cannot find valid model models/custom/weapons/antehgen/urinejar.mdl, skipping
L 12/06/2021 - 04:01:45: [tf2items_giveweapon.smx] [TF2Items GiveWeapon]2171_model: cannot find valid model models/advancedweaponiser/w_sickle_sniper.mdl, skipping
L 12/06/2021 - 04:01:45: [tf2items_giveweapon.smx] [TF2Items GiveWeapon]2171_viewmodel: cannot find valid model models/advancedweaponiser/w_sickle_sniper.mdl, skipping
L 12/06/2021 - 04:01:45: [tf2items_giveweapon.smx] [TF2Items GiveWeapon]2197_model: cannot find valid model models/custom/weapons/rebelscurse/c_wrench_v2.mdl, skipping
L 12/06/2021 - 04:01:45: [tf2items_giveweapon.smx] [TF2Items GiveWeapon]2197_viewmodel: cannot find valid model models/custom/weapons/rebelscurse/c_wrench_v2.mdl, skipping
L 12/06/2021 - 04:01:45: [tf2items_giveweapon.smx] [TF2Items GiveWeapon]2228_model: cannot find valid model models/advancedweaponiser/fbomb/c_fbomb.mdl, skipping
L 12/06/2021 - 04:01:45: [tf2items_giveweapon.smx] [TF2Items GiveWeapon]2228_viewmodel: cannot find valid model models/advancedweaponiser/fbomb/c_fbomb.mdl, skipping
L 12/06/2021 - 04:01:45: [tf2items_giveweapon.smx] [TF2Items GiveWeapon]5142_viewmodel: cannot find valid model models/custom/weapons/goldslinger/c_engineer_gunslinger.mdl, skipping
L 12/06/2021 - 04:01:46: [basecommands.smx] "Console<0><Console><Console>" changed cvar (cvar "nb_update_frequency") (value "0.03")
L 12/06/2021 - 04:01:46: [basecommands.smx] "Console<0><Console><Console>" changed cvar (cvar "fps_max") (value "0")
L 12/06/2021 - 04:11:03: SourceMod log file session started (file "/hlserver/tf2/tf/addons/sourcemod/logs/L20211206.log") (Version "1.10.0.6512")
L 12/06/2021 - 04:11:03: [TF2ITEMS] "GiveNamedItem" offset = 488
L 12/06/2021 - 04:11:03: [auto_steam_update.smx] HUD text is supported on this mod. The persistant timer will display.
L 12/06/2021 - 04:11:03: [simple-chatprocessor.smx] [SCP] Recognized mod [Team Fortress 2].
L 12/06/2021 - 04:11:03: [simple-chatprocessor.smx] [SCP] Loading translation file [scp.tf.phrases].
L 12/06/2021 - 04:11:04: [stac.smx] [StAC] File handle invalid!
L 12/06/2021 - 04:11:13: [tf2items_giveweapon.smx] [TF2Items GiveWeapon]2041_viewmodel: Preparing models/weapons/c_models/c_v_ludmila/c_v_ludmila.mdl
L 12/06/2021 - 04:11:13: [tf2items_giveweapon.smx] [TF2Items GiveWeapon]2058_model: cannot find valid model models/custom/weapons/antehgen/urinejar.mdl, skipping
L 12/06/2021 - 04:11:13: [tf2items_giveweapon.smx] [TF2Items GiveWeapon]2058_viewmodel: cannot find valid model models/custom/weapons/antehgen/urinejar.mdl, skipping
L 12/06/2021 - 04:11:13: [tf2items_giveweapon.smx] [TF2Items GiveWeapon]2171_model: cannot find valid model models/advancedweaponiser/w_sickle_sniper.mdl, skipping
L 12/06/2021 - 04:11:13: [tf2items_giveweapon.smx] [TF2Items GiveWeapon]2171_viewmodel: cannot find valid model models/advancedweaponiser/w_sickle_sniper.mdl, skipping
L 12/06/2021 - 04:11:13: [tf2items_giveweapon.smx] [TF2Items GiveWeapon]2197_model: cannot find valid model models/custom/weapons/rebelscurse/c_wrench_v2.mdl, skipping
L 12/06/2021 - 04:11:13: [tf2items_giveweapon.smx] [TF2Items GiveWeapon]2197_viewmodel: cannot find valid model models/custom/weapons/rebelscurse/c_wrench_v2.mdl, skipping
L 12/06/2021 - 04:11:13: [tf2items_giveweapon.smx] [TF2Items GiveWeapon]2228_model: cannot find valid model models/advancedweaponiser/fbomb/c_fbomb.mdl, skipping
L 12/06/2021 - 04:11:13: [tf2items_giveweapon.smx] [TF2Items GiveWeapon]2228_viewmodel: cannot find valid model models/advancedweaponiser/fbomb/c_fbomb.mdl, skipping
L 12/06/2021 - 04:11:13: [tf2items_giveweapon.smx] [TF2Items GiveWeapon]5142_viewmodel: cannot find valid model models/custom/weapons/goldslinger/c_engineer_gunslinger.mdl, skipping
L 12/06/2021 - 04:11:14: [basecommands.smx] "Console<0><Console><Console>" changed cvar (cvar "nb_update_frequency") (value "0.03")
L 12/06/2021 - 04:11:14: [basecommands.smx] "Console<0><Console><Console>" changed cvar (cvar "fps_max") (value "0")
L 12/06/2021 - 21:03:13: [admincheats.smx] <bingchillin><STEAM_0:1:447142452><168.195.233.97> was prevented from running cheat command 'noclip'
L 12/06/2021 - 21:06:18: [admincheats.smx] <bingchillin><STEAM_0:1:447142452><168.195.233.97> was prevented from running cheat command 'noclip'
L 12/06/2021 - 21:45:13: [admincheats.smx] <bingchillin><STEAM_0:1:447142452><168.195.233.97> was prevented from running cheat command 'noclip'
L 12/07/2021 - 03:02:57: Log file closed.
