L 01/20/2021 - 04:00:18: SourceMod log file session started (file "/hlserver/tf2/tf/addons/sourcemod/logs/L20210120.log") (Version "1.10.0.6490")
L 01/20/2021 - 04:00:18: [ScheduledShutdown.smx] Server shutdown warning.
L 01/20/2021 - 04:00:28: [ScheduledShutdown.smx] Server shutdown.
L 01/20/2021 - 04:00:28: Log file closed.
L 01/20/2021 - 04:00:48: SourceMod log file session started (file "/hlserver/tf2/tf/addons/sourcemod/logs/L20210120.log") (Version "1.10.0.6490")
L 01/20/2021 - 04:00:48: [TF2ITEMS] "GiveNamedItem" offset = 484
L 01/20/2021 - 04:00:48: [auto_steam_update.smx] HUD text is supported on this mod. The persistant timer will display.
L 01/20/2021 - 04:00:48: [simple-chatprocessor.smx] [SCP] Recognized mod [Team Fortress 2].
L 01/20/2021 - 04:00:48: [simple-chatprocessor.smx] [SCP] Loading translation file [scp.tf.phrases].
L 01/20/2021 - 04:00:57: [tf2items_giveweapon.smx] [TF2Items GiveWeapon]2041_viewmodel: Preparing models/weapons/c_models/c_v_ludmila/c_v_ludmila.mdl
L 01/20/2021 - 04:00:57: [tf2items_giveweapon.smx] [TF2Items GiveWeapon]2058_model: cannot find valid model models/custom/weapons/antehgen/urinejar.mdl, skipping
L 01/20/2021 - 04:00:57: [tf2items_giveweapon.smx] [TF2Items GiveWeapon]2058_viewmodel: cannot find valid model models/custom/weapons/antehgen/urinejar.mdl, skipping
L 01/20/2021 - 04:00:57: [tf2items_giveweapon.smx] [TF2Items GiveWeapon]2171_model: cannot find valid model models/advancedweaponiser/w_sickle_sniper.mdl, skipping
L 01/20/2021 - 04:00:57: [tf2items_giveweapon.smx] [TF2Items GiveWeapon]2171_viewmodel: cannot find valid model models/advancedweaponiser/w_sickle_sniper.mdl, skipping
L 01/20/2021 - 04:00:57: [tf2items_giveweapon.smx] [TF2Items GiveWeapon]2197_model: cannot find valid model models/custom/weapons/rebelscurse/c_wrench_v2.mdl, skipping
L 01/20/2021 - 04:00:57: [tf2items_giveweapon.smx] [TF2Items GiveWeapon]2197_viewmodel: cannot find valid model models/custom/weapons/rebelscurse/c_wrench_v2.mdl, skipping
L 01/20/2021 - 04:00:57: [tf2items_giveweapon.smx] [TF2Items GiveWeapon]2228_model: cannot find valid model models/advancedweaponiser/fbomb/c_fbomb.mdl, skipping
L 01/20/2021 - 04:00:57: [tf2items_giveweapon.smx] [TF2Items GiveWeapon]2228_viewmodel: cannot find valid model models/advancedweaponiser/fbomb/c_fbomb.mdl, skipping
L 01/20/2021 - 04:00:57: [tf2items_giveweapon.smx] [TF2Items GiveWeapon]5142_viewmodel: cannot find valid model models/custom/weapons/goldslinger/c_engineer_gunslinger.mdl, skipping
L 01/20/2021 - 04:00:58: [basecommands.smx] "Console<0><Console><Console>" changed cvar (cvar "nb_update_frequency") (value "0.03")
L 01/20/2021 - 04:01:58: [ScheduledShutdown.smx] Server shutdown warning.
L 01/20/2021 - 04:02:08: [ScheduledShutdown.smx] Server shutdown.
L 01/20/2021 - 04:02:09: Log file closed.
L 01/20/2021 - 04:02:24: SourceMod log file session started (file "/hlserver/tf2/tf/addons/sourcemod/logs/L20210120.log") (Version "1.10.0.6490")
L 01/20/2021 - 04:02:24: [TF2ITEMS] "GiveNamedItem" offset = 484
L 01/20/2021 - 04:02:24: [auto_steam_update.smx] HUD text is supported on this mod. The persistant timer will display.
L 01/20/2021 - 04:02:24: [simple-chatprocessor.smx] [SCP] Recognized mod [Team Fortress 2].
L 01/20/2021 - 04:02:24: [simple-chatprocessor.smx] [SCP] Loading translation file [scp.tf.phrases].
L 01/20/2021 - 04:02:33: [tf2items_giveweapon.smx] [TF2Items GiveWeapon]2041_viewmodel: Preparing models/weapons/c_models/c_v_ludmila/c_v_ludmila.mdl
L 01/20/2021 - 04:02:33: [tf2items_giveweapon.smx] [TF2Items GiveWeapon]2058_model: cannot find valid model models/custom/weapons/antehgen/urinejar.mdl, skipping
L 01/20/2021 - 04:02:33: [tf2items_giveweapon.smx] [TF2Items GiveWeapon]2058_viewmodel: cannot find valid model models/custom/weapons/antehgen/urinejar.mdl, skipping
L 01/20/2021 - 04:02:33: [tf2items_giveweapon.smx] [TF2Items GiveWeapon]2171_model: cannot find valid model models/advancedweaponiser/w_sickle_sniper.mdl, skipping
L 01/20/2021 - 04:02:33: [tf2items_giveweapon.smx] [TF2Items GiveWeapon]2171_viewmodel: cannot find valid model models/advancedweaponiser/w_sickle_sniper.mdl, skipping
L 01/20/2021 - 04:02:33: [tf2items_giveweapon.smx] [TF2Items GiveWeapon]2197_model: cannot find valid model models/custom/weapons/rebelscurse/c_wrench_v2.mdl, skipping
L 01/20/2021 - 04:02:33: [tf2items_giveweapon.smx] [TF2Items GiveWeapon]2197_viewmodel: cannot find valid model models/custom/weapons/rebelscurse/c_wrench_v2.mdl, skipping
L 01/20/2021 - 04:02:33: [tf2items_giveweapon.smx] [TF2Items GiveWeapon]2228_model: cannot find valid model models/advancedweaponiser/fbomb/c_fbomb.mdl, skipping
L 01/20/2021 - 04:02:33: [tf2items_giveweapon.smx] [TF2Items GiveWeapon]2228_viewmodel: cannot find valid model models/advancedweaponiser/fbomb/c_fbomb.mdl, skipping
L 01/20/2021 - 04:02:33: [tf2items_giveweapon.smx] [TF2Items GiveWeapon]5142_viewmodel: cannot find valid model models/custom/weapons/goldslinger/c_engineer_gunslinger.mdl, skipping
L 01/20/2021 - 04:02:34: [basecommands.smx] "Console<0><Console><Console>" changed cvar (cvar "nb_update_frequency") (value "0.03")
L 01/20/2021 - 20:47:03: [admincheats.smx] <(Sentry) TyroneryJames><STEAM_0:1:240088210><206.53.92.250> was prevented from running cheat command 'ghost_spawn'
L 01/20/2021 - 20:48:48: [admincheats.smx] <(Sentry) TyroneryJames><STEAM_0:1:240088210><206.53.92.250> was prevented from running cheat command 'ghost_spawn'
L 01/20/2021 - 20:50:43: [admincheats.smx] <(Sentry) TyroneryJames><STEAM_0:1:240088210><206.53.92.250> was prevented from running cheat command 'shake'
L 01/21/2021 - 04:00:34: Log file closed.
