L 04/16/2021 - 04:00:36: SourceMod log file session started (file "/hlserver/tf2/tf/addons/sourcemod/logs/L20210416.log") (Version "1.10.0.6490")
L 04/16/2021 - 04:00:36: [ScheduledShutdown.smx] Server shutdown warning.
L 04/16/2021 - 04:00:46: [ScheduledShutdown.smx] Server shutdown.
L 04/16/2021 - 04:00:46: [stac.smx] [StAC] File handle invalid!
L 04/16/2021 - 04:00:46: [stac.smx] [StAC] Plugin vers. ---- 4.1.17b ---- unloaded
L 04/16/2021 - 04:00:47: Log file closed.
L 04/16/2021 - 04:01:27: SourceMod log file session started (file "/hlserver/tf2/tf/addons/sourcemod/logs/L20210416.log") (Version "1.10.0.6490")
L 04/16/2021 - 04:01:27: [TF2ITEMS] "GiveNamedItem" offset = 484
L 04/16/2021 - 04:01:27: [auto_steam_update.smx] HUD text is supported on this mod. The persistant timer will display.
L 04/16/2021 - 04:01:27: [simple-chatprocessor.smx] [SCP] Recognized mod [Team Fortress 2].
L 04/16/2021 - 04:01:27: [simple-chatprocessor.smx] [SCP] Loading translation file [scp.tf.phrases].
L 04/16/2021 - 04:01:36: [tf2items_giveweapon.smx] [TF2Items GiveWeapon]2041_viewmodel: Preparing models/weapons/c_models/c_v_ludmila/c_v_ludmila.mdl
L 04/16/2021 - 04:01:36: [tf2items_giveweapon.smx] [TF2Items GiveWeapon]2058_model: cannot find valid model models/custom/weapons/antehgen/urinejar.mdl, skipping
L 04/16/2021 - 04:01:36: [tf2items_giveweapon.smx] [TF2Items GiveWeapon]2058_viewmodel: cannot find valid model models/custom/weapons/antehgen/urinejar.mdl, skipping
L 04/16/2021 - 04:01:36: [tf2items_giveweapon.smx] [TF2Items GiveWeapon]2171_model: cannot find valid model models/advancedweaponiser/w_sickle_sniper.mdl, skipping
L 04/16/2021 - 04:01:36: [tf2items_giveweapon.smx] [TF2Items GiveWeapon]2171_viewmodel: cannot find valid model models/advancedweaponiser/w_sickle_sniper.mdl, skipping
L 04/16/2021 - 04:01:36: [tf2items_giveweapon.smx] [TF2Items GiveWeapon]2197_model: cannot find valid model models/custom/weapons/rebelscurse/c_wrench_v2.mdl, skipping
L 04/16/2021 - 04:01:36: [tf2items_giveweapon.smx] [TF2Items GiveWeapon]2197_viewmodel: cannot find valid model models/custom/weapons/rebelscurse/c_wrench_v2.mdl, skipping
L 04/16/2021 - 04:01:36: [tf2items_giveweapon.smx] [TF2Items GiveWeapon]2228_model: cannot find valid model models/advancedweaponiser/fbomb/c_fbomb.mdl, skipping
L 04/16/2021 - 04:01:36: [tf2items_giveweapon.smx] [TF2Items GiveWeapon]2228_viewmodel: cannot find valid model models/advancedweaponiser/fbomb/c_fbomb.mdl, skipping
L 04/16/2021 - 04:01:36: [tf2items_giveweapon.smx] [TF2Items GiveWeapon]5142_viewmodel: cannot find valid model models/custom/weapons/goldslinger/c_engineer_gunslinger.mdl, skipping
L 04/16/2021 - 04:01:36: [basecommands.smx] "Console<0><Console><Console>" changed cvar (cvar "nb_update_frequency") (value "0.03")
L 04/16/2021 - 07:24:55: SourceMod log file session started (file "/hlserver/tf2/tf/addons/sourcemod/logs/L20210416.log") (Version "1.10.0.6490")
L 04/16/2021 - 07:24:55: [TF2ITEMS] "GiveNamedItem" offset = 484
L 04/16/2021 - 07:24:55: [auto_steam_update.smx] HUD text is supported on this mod. The persistant timer will display.
L 04/16/2021 - 07:24:55: [simple-chatprocessor.smx] [SCP] Recognized mod [Team Fortress 2].
L 04/16/2021 - 07:24:55: [simple-chatprocessor.smx] [SCP] Loading translation file [scp.tf.phrases].
L 04/16/2021 - 07:25:04: [tf2items_giveweapon.smx] [TF2Items GiveWeapon]2041_viewmodel: Preparing models/weapons/c_models/c_v_ludmila/c_v_ludmila.mdl
L 04/16/2021 - 07:25:04: [tf2items_giveweapon.smx] [TF2Items GiveWeapon]2058_model: cannot find valid model models/custom/weapons/antehgen/urinejar.mdl, skipping
L 04/16/2021 - 07:25:04: [tf2items_giveweapon.smx] [TF2Items GiveWeapon]2058_viewmodel: cannot find valid model models/custom/weapons/antehgen/urinejar.mdl, skipping
L 04/16/2021 - 07:25:04: [tf2items_giveweapon.smx] [TF2Items GiveWeapon]2171_model: cannot find valid model models/advancedweaponiser/w_sickle_sniper.mdl, skipping
L 04/16/2021 - 07:25:04: [tf2items_giveweapon.smx] [TF2Items GiveWeapon]2171_viewmodel: cannot find valid model models/advancedweaponiser/w_sickle_sniper.mdl, skipping
L 04/16/2021 - 07:25:04: [tf2items_giveweapon.smx] [TF2Items GiveWeapon]2197_model: cannot find valid model models/custom/weapons/rebelscurse/c_wrench_v2.mdl, skipping
L 04/16/2021 - 07:25:04: [tf2items_giveweapon.smx] [TF2Items GiveWeapon]2197_viewmodel: cannot find valid model models/custom/weapons/rebelscurse/c_wrench_v2.mdl, skipping
L 04/16/2021 - 07:25:04: [tf2items_giveweapon.smx] [TF2Items GiveWeapon]2228_model: cannot find valid model models/advancedweaponiser/fbomb/c_fbomb.mdl, skipping
L 04/16/2021 - 07:25:04: [tf2items_giveweapon.smx] [TF2Items GiveWeapon]2228_viewmodel: cannot find valid model models/advancedweaponiser/fbomb/c_fbomb.mdl, skipping
L 04/16/2021 - 07:25:04: [tf2items_giveweapon.smx] [TF2Items GiveWeapon]5142_viewmodel: cannot find valid model models/custom/weapons/goldslinger/c_engineer_gunslinger.mdl, skipping
L 04/16/2021 - 07:25:05: [basecommands.smx] "Console<0><Console><Console>" changed cvar (cvar "nb_update_frequency") (value "0.03")
L 04/16/2021 - 07:27:18: SourceMod log file session started (file "/hlserver/tf2/tf/addons/sourcemod/logs/L20210416.log") (Version "1.10.0.6490")
L 04/16/2021 - 07:27:18: [TF2ITEMS] "GiveNamedItem" offset = 484
L 04/16/2021 - 07:27:19: [auto_steam_update.smx] HUD text is supported on this mod. The persistant timer will display.
L 04/16/2021 - 07:27:19: [simple-chatprocessor.smx] [SCP] Recognized mod [Team Fortress 2].
L 04/16/2021 - 07:27:19: [simple-chatprocessor.smx] [SCP] Loading translation file [scp.tf.phrases].
L 04/16/2021 - 07:27:27: [tf2items_giveweapon.smx] [TF2Items GiveWeapon]2041_viewmodel: Preparing models/weapons/c_models/c_v_ludmila/c_v_ludmila.mdl
L 04/16/2021 - 07:27:27: [tf2items_giveweapon.smx] [TF2Items GiveWeapon]2058_model: cannot find valid model models/custom/weapons/antehgen/urinejar.mdl, skipping
L 04/16/2021 - 07:27:27: [tf2items_giveweapon.smx] [TF2Items GiveWeapon]2058_viewmodel: cannot find valid model models/custom/weapons/antehgen/urinejar.mdl, skipping
L 04/16/2021 - 07:27:27: [tf2items_giveweapon.smx] [TF2Items GiveWeapon]2171_model: cannot find valid model models/advancedweaponiser/w_sickle_sniper.mdl, skipping
L 04/16/2021 - 07:27:27: [tf2items_giveweapon.smx] [TF2Items GiveWeapon]2171_viewmodel: cannot find valid model models/advancedweaponiser/w_sickle_sniper.mdl, skipping
L 04/16/2021 - 07:27:27: [tf2items_giveweapon.smx] [TF2Items GiveWeapon]2197_model: cannot find valid model models/custom/weapons/rebelscurse/c_wrench_v2.mdl, skipping
L 04/16/2021 - 07:27:27: [tf2items_giveweapon.smx] [TF2Items GiveWeapon]2197_viewmodel: cannot find valid model models/custom/weapons/rebelscurse/c_wrench_v2.mdl, skipping
L 04/16/2021 - 07:27:27: [tf2items_giveweapon.smx] [TF2Items GiveWeapon]2228_model: cannot find valid model models/advancedweaponiser/fbomb/c_fbomb.mdl, skipping
L 04/16/2021 - 07:27:27: [tf2items_giveweapon.smx] [TF2Items GiveWeapon]2228_viewmodel: cannot find valid model models/advancedweaponiser/fbomb/c_fbomb.mdl, skipping
L 04/16/2021 - 07:27:27: [tf2items_giveweapon.smx] [TF2Items GiveWeapon]5142_viewmodel: cannot find valid model models/custom/weapons/goldslinger/c_engineer_gunslinger.mdl, skipping
L 04/16/2021 - 07:27:28: [basecommands.smx] "Console<0><Console><Console>" changed cvar (cvar "nb_update_frequency") (value "0.03")
L 04/16/2021 - 07:27:35: [admincheats.smx] CONSOLE ran cheat command 'nav_generate'
L 04/16/2021 - 07:27:35: [admincheats.smx] CONSOLE ran cheat command 'bot_kick'
L 04/16/2021 - 07:28:16: [SM] Changed map to "workshop/rd_asteroid_redux.ugc2154902912"
L 04/16/2021 - 07:28:17: [stac.smx] [StAC] File handle invalid!
L 04/16/2021 - 07:28:17: [stac.smx] [StAC] Plugin vers. ---- 4.1.17b ---- unloaded
L 04/16/2021 - 07:28:19: -------- Mapchange to workshop/rd_asteroid_redux_rc8.ugc2154902912 --------
L 04/16/2021 - 07:28:25: [tf2items_giveweapon.smx] [TF2Items GiveWeapon]2041_viewmodel: Preparing models/weapons/c_models/c_v_ludmila/c_v_ludmila.mdl
L 04/16/2021 - 07:28:25: [tf2items_giveweapon.smx] [TF2Items GiveWeapon]2058_model: cannot find valid model models/custom/weapons/antehgen/urinejar.mdl, skipping
L 04/16/2021 - 07:28:25: [tf2items_giveweapon.smx] [TF2Items GiveWeapon]2058_viewmodel: cannot find valid model models/custom/weapons/antehgen/urinejar.mdl, skipping
L 04/16/2021 - 07:28:25: [tf2items_giveweapon.smx] [TF2Items GiveWeapon]2171_model: cannot find valid model models/advancedweaponiser/w_sickle_sniper.mdl, skipping
L 04/16/2021 - 07:28:25: [tf2items_giveweapon.smx] [TF2Items GiveWeapon]2171_viewmodel: cannot find valid model models/advancedweaponiser/w_sickle_sniper.mdl, skipping
L 04/16/2021 - 07:28:25: [tf2items_giveweapon.smx] [TF2Items GiveWeapon]2197_model: cannot find valid model models/custom/weapons/rebelscurse/c_wrench_v2.mdl, skipping
L 04/16/2021 - 07:28:25: [tf2items_giveweapon.smx] [TF2Items GiveWeapon]2197_viewmodel: cannot find valid model models/custom/weapons/rebelscurse/c_wrench_v2.mdl, skipping
L 04/16/2021 - 07:28:25: [tf2items_giveweapon.smx] [TF2Items GiveWeapon]2228_model: cannot find valid model models/advancedweaponiser/fbomb/c_fbomb.mdl, skipping
L 04/16/2021 - 07:28:25: [tf2items_giveweapon.smx] [TF2Items GiveWeapon]2228_viewmodel: cannot find valid model models/advancedweaponiser/fbomb/c_fbomb.mdl, skipping
L 04/16/2021 - 07:28:25: [tf2items_giveweapon.smx] [TF2Items GiveWeapon]5142_viewmodel: cannot find valid model models/custom/weapons/goldslinger/c_engineer_gunslinger.mdl, skipping
L 04/16/2021 - 07:28:26: [basecommands.smx] "Console<0><Console><Console>" changed cvar (cvar "nb_update_frequency") (value "0.03")
L 04/16/2021 - 07:28:36: [stac.smx] [StAC] File handle invalid!
L 04/16/2021 - 07:28:36: [stac.smx] [Steamtools] Steam disconnected.
L 04/16/2021 - 07:28:36: [stac.smx] [StAC] File handle invalid!
L 04/16/2021 - 07:28:36: [stac.smx] [Steamtools] Steam connected.
L 04/16/2021 - 07:28:38: -------- Mapchange to workshop/dm_hightower.ugc2458531657 --------
L 04/16/2021 - 07:28:43: [tf2items_giveweapon.smx] [TF2Items GiveWeapon]2041_viewmodel: Preparing models/weapons/c_models/c_v_ludmila/c_v_ludmila.mdl
L 04/16/2021 - 07:28:43: [tf2items_giveweapon.smx] [TF2Items GiveWeapon]2058_model: cannot find valid model models/custom/weapons/antehgen/urinejar.mdl, skipping
L 04/16/2021 - 07:28:43: [tf2items_giveweapon.smx] [TF2Items GiveWeapon]2058_viewmodel: cannot find valid model models/custom/weapons/antehgen/urinejar.mdl, skipping
L 04/16/2021 - 07:28:43: [tf2items_giveweapon.smx] [TF2Items GiveWeapon]2171_model: cannot find valid model models/advancedweaponiser/w_sickle_sniper.mdl, skipping
L 04/16/2021 - 07:28:43: [tf2items_giveweapon.smx] [TF2Items GiveWeapon]2171_viewmodel: cannot find valid model models/advancedweaponiser/w_sickle_sniper.mdl, skipping
L 04/16/2021 - 07:28:43: [tf2items_giveweapon.smx] [TF2Items GiveWeapon]2197_model: cannot find valid model models/custom/weapons/rebelscurse/c_wrench_v2.mdl, skipping
L 04/16/2021 - 07:28:43: [tf2items_giveweapon.smx] [TF2Items GiveWeapon]2197_viewmodel: cannot find valid model models/custom/weapons/rebelscurse/c_wrench_v2.mdl, skipping
L 04/16/2021 - 07:28:43: [tf2items_giveweapon.smx] [TF2Items GiveWeapon]2228_model: cannot find valid model models/advancedweaponiser/fbomb/c_fbomb.mdl, skipping
L 04/16/2021 - 07:28:43: [tf2items_giveweapon.smx] [TF2Items GiveWeapon]2228_viewmodel: cannot find valid model models/advancedweaponiser/fbomb/c_fbomb.mdl, skipping
L 04/16/2021 - 07:28:43: [tf2items_giveweapon.smx] [TF2Items GiveWeapon]5142_viewmodel: cannot find valid model models/custom/weapons/goldslinger/c_engineer_gunslinger.mdl, skipping
L 04/16/2021 - 07:28:44: [basecommands.smx] "Console<0><Console><Console>" changed cvar (cvar "nb_update_frequency") (value "0.03")
L 04/16/2021 - 07:34:20: [basecommands.smx] "bird boobs<4><[U:1:109549249]><>" changed map to "workshop/2458531657"
L 04/16/2021 - 07:34:23: [SM] Changed map to "workshop/2458531657"
L 04/16/2021 - 07:34:25: -------- Mapchange to workshop/dm_hightower.ugc2458531657 --------
L 04/16/2021 - 07:34:30: [tf2items_giveweapon.smx] [TF2Items GiveWeapon]2041_viewmodel: Preparing models/weapons/c_models/c_v_ludmila/c_v_ludmila.mdl
L 04/16/2021 - 07:34:30: [tf2items_giveweapon.smx] [TF2Items GiveWeapon]2058_model: cannot find valid model models/custom/weapons/antehgen/urinejar.mdl, skipping
L 04/16/2021 - 07:34:30: [tf2items_giveweapon.smx] [TF2Items GiveWeapon]2058_viewmodel: cannot find valid model models/custom/weapons/antehgen/urinejar.mdl, skipping
L 04/16/2021 - 07:34:30: [tf2items_giveweapon.smx] [TF2Items GiveWeapon]2171_model: cannot find valid model models/advancedweaponiser/w_sickle_sniper.mdl, skipping
L 04/16/2021 - 07:34:30: [tf2items_giveweapon.smx] [TF2Items GiveWeapon]2171_viewmodel: cannot find valid model models/advancedweaponiser/w_sickle_sniper.mdl, skipping
L 04/16/2021 - 07:34:30: [tf2items_giveweapon.smx] [TF2Items GiveWeapon]2197_model: cannot find valid model models/custom/weapons/rebelscurse/c_wrench_v2.mdl, skipping
L 04/16/2021 - 07:34:30: [tf2items_giveweapon.smx] [TF2Items GiveWeapon]2197_viewmodel: cannot find valid model models/custom/weapons/rebelscurse/c_wrench_v2.mdl, skipping
L 04/16/2021 - 07:34:30: [tf2items_giveweapon.smx] [TF2Items GiveWeapon]2228_model: cannot find valid model models/advancedweaponiser/fbomb/c_fbomb.mdl, skipping
L 04/16/2021 - 07:34:30: [tf2items_giveweapon.smx] [TF2Items GiveWeapon]2228_viewmodel: cannot find valid model models/advancedweaponiser/fbomb/c_fbomb.mdl, skipping
L 04/16/2021 - 07:34:30: [tf2items_giveweapon.smx] [TF2Items GiveWeapon]5142_viewmodel: cannot find valid model models/custom/weapons/goldslinger/c_engineer_gunslinger.mdl, skipping
L 04/16/2021 - 07:34:31: [basecommands.smx] "Console<0><Console><Console>" changed cvar (cvar "nb_update_frequency") (value "0.03")
L 04/16/2021 - 14:02:06: -------- Mapchange to plr_hightower --------
L 04/16/2021 - 14:02:11: [tf2items_giveweapon.smx] [TF2Items GiveWeapon]2041_viewmodel: Preparing models/weapons/c_models/c_v_ludmila/c_v_ludmila.mdl
L 04/16/2021 - 14:02:11: [tf2items_giveweapon.smx] [TF2Items GiveWeapon]2058_model: cannot find valid model models/custom/weapons/antehgen/urinejar.mdl, skipping
L 04/16/2021 - 14:02:11: [tf2items_giveweapon.smx] [TF2Items GiveWeapon]2058_viewmodel: cannot find valid model models/custom/weapons/antehgen/urinejar.mdl, skipping
L 04/16/2021 - 14:02:11: [tf2items_giveweapon.smx] [TF2Items GiveWeapon]2171_model: cannot find valid model models/advancedweaponiser/w_sickle_sniper.mdl, skipping
L 04/16/2021 - 14:02:11: [tf2items_giveweapon.smx] [TF2Items GiveWeapon]2171_viewmodel: cannot find valid model models/advancedweaponiser/w_sickle_sniper.mdl, skipping
L 04/16/2021 - 14:02:11: [tf2items_giveweapon.smx] [TF2Items GiveWeapon]2197_model: cannot find valid model models/custom/weapons/rebelscurse/c_wrench_v2.mdl, skipping
L 04/16/2021 - 14:02:11: [tf2items_giveweapon.smx] [TF2Items GiveWeapon]2197_viewmodel: cannot find valid model models/custom/weapons/rebelscurse/c_wrench_v2.mdl, skipping
L 04/16/2021 - 14:02:11: [tf2items_giveweapon.smx] [TF2Items GiveWeapon]2228_model: cannot find valid model models/advancedweaponiser/fbomb/c_fbomb.mdl, skipping
L 04/16/2021 - 14:02:11: [tf2items_giveweapon.smx] [TF2Items GiveWeapon]2228_viewmodel: cannot find valid model models/advancedweaponiser/fbomb/c_fbomb.mdl, skipping
L 04/16/2021 - 14:02:11: [tf2items_giveweapon.smx] [TF2Items GiveWeapon]5142_viewmodel: cannot find valid model models/custom/weapons/goldslinger/c_engineer_gunslinger.mdl, skipping
L 04/16/2021 - 14:02:12: [basecommands.smx] "Console<0><Console><Console>" changed cvar (cvar "nb_update_frequency") (value "0.03")
L 04/16/2021 - 14:02:37: [basecommands.smx] "Console<0><Console><Console>" changed map to "plr_hightower"
L 04/16/2021 - 14:02:40: [SM] Changed map to "plr_hightower"
L 04/16/2021 - 14:02:41: -------- Mapchange to plr_hightower --------
L 04/16/2021 - 14:02:46: [tf2items_giveweapon.smx] [TF2Items GiveWeapon]2041_viewmodel: Preparing models/weapons/c_models/c_v_ludmila/c_v_ludmila.mdl
L 04/16/2021 - 14:02:46: [tf2items_giveweapon.smx] [TF2Items GiveWeapon]2058_model: cannot find valid model models/custom/weapons/antehgen/urinejar.mdl, skipping
L 04/16/2021 - 14:02:46: [tf2items_giveweapon.smx] [TF2Items GiveWeapon]2058_viewmodel: cannot find valid model models/custom/weapons/antehgen/urinejar.mdl, skipping
L 04/16/2021 - 14:02:46: [tf2items_giveweapon.smx] [TF2Items GiveWeapon]2171_model: cannot find valid model models/advancedweaponiser/w_sickle_sniper.mdl, skipping
L 04/16/2021 - 14:02:46: [tf2items_giveweapon.smx] [TF2Items GiveWeapon]2171_viewmodel: cannot find valid model models/advancedweaponiser/w_sickle_sniper.mdl, skipping
L 04/16/2021 - 14:02:46: [tf2items_giveweapon.smx] [TF2Items GiveWeapon]2197_model: cannot find valid model models/custom/weapons/rebelscurse/c_wrench_v2.mdl, skipping
L 04/16/2021 - 14:02:46: [tf2items_giveweapon.smx] [TF2Items GiveWeapon]2197_viewmodel: cannot find valid model models/custom/weapons/rebelscurse/c_wrench_v2.mdl, skipping
L 04/16/2021 - 14:02:46: [tf2items_giveweapon.smx] [TF2Items GiveWeapon]2228_model: cannot find valid model models/advancedweaponiser/fbomb/c_fbomb.mdl, skipping
L 04/16/2021 - 14:02:46: [tf2items_giveweapon.smx] [TF2Items GiveWeapon]2228_viewmodel: cannot find valid model models/advancedweaponiser/fbomb/c_fbomb.mdl, skipping
L 04/16/2021 - 14:02:46: [tf2items_giveweapon.smx] [TF2Items GiveWeapon]5142_viewmodel: cannot find valid model models/custom/weapons/goldslinger/c_engineer_gunslinger.mdl, skipping
L 04/16/2021 - 14:02:47: [basecommands.smx] "Console<0><Console><Console>" changed cvar (cvar "nb_update_frequency") (value "0.03")
L 04/17/2021 - 04:00:47: Log file closed.
