L 01/01/2021 - 00:16:58: SourceMod log file session started (file "/hlserver/tf2/tf/addons/sourcemod/logs/L20210101.log") (Version "1.10.0.6490")
L 01/01/2021 - 00:16:58: [admincheats.smx] <planet earth><STEAM_0:1:442390800><189.126.16.229> was prevented from running cheat command 'fadein'
L 01/01/2021 - 00:17:02: [admincheats.smx] <planet earth><STEAM_0:1:442390800><189.126.16.229> was prevented from running cheat command 'fadeout'
L 01/01/2021 - 04:00:15: [ScheduledShutdown.smx] Server shutdown warning.
L 01/01/2021 - 04:00:25: [ScheduledShutdown.smx] Server shutdown.
L 01/01/2021 - 04:00:26: Log file closed.
L 01/01/2021 - 04:00:45: SourceMod log file session started (file "/hlserver/tf2/tf/addons/sourcemod/logs/L20210101.log") (Version "1.10.0.6490")
L 01/01/2021 - 04:00:45: [TF2ITEMS] "GiveNamedItem" offset = 484
L 01/01/2021 - 04:00:46: [auto_steam_update.smx] HUD text is supported on this mod. The persistant timer will display.
L 01/01/2021 - 04:00:46: [simple-chatprocessor.smx] [SCP] Recognized mod [Team Fortress 2].
L 01/01/2021 - 04:00:46: [simple-chatprocessor.smx] [SCP] Loading translation file [scp.tf.phrases].
L 01/01/2021 - 04:00:56: [tf2items_giveweapon.smx] [TF2Items GiveWeapon]2041_viewmodel: Preparing models/weapons/c_models/c_v_ludmila/c_v_ludmila.mdl
L 01/01/2021 - 04:00:56: [tf2items_giveweapon.smx] [TF2Items GiveWeapon]2058_model: cannot find valid model models/custom/weapons/antehgen/urinejar.mdl, skipping
L 01/01/2021 - 04:00:56: [tf2items_giveweapon.smx] [TF2Items GiveWeapon]2058_viewmodel: cannot find valid model models/custom/weapons/antehgen/urinejar.mdl, skipping
L 01/01/2021 - 04:00:56: [tf2items_giveweapon.smx] [TF2Items GiveWeapon]2171_model: cannot find valid model models/advancedweaponiser/w_sickle_sniper.mdl, skipping
L 01/01/2021 - 04:00:56: [tf2items_giveweapon.smx] [TF2Items GiveWeapon]2171_viewmodel: cannot find valid model models/advancedweaponiser/w_sickle_sniper.mdl, skipping
L 01/01/2021 - 04:00:56: [tf2items_giveweapon.smx] [TF2Items GiveWeapon]2197_model: cannot find valid model models/custom/weapons/rebelscurse/c_wrench_v2.mdl, skipping
L 01/01/2021 - 04:00:56: [tf2items_giveweapon.smx] [TF2Items GiveWeapon]2197_viewmodel: cannot find valid model models/custom/weapons/rebelscurse/c_wrench_v2.mdl, skipping
L 01/01/2021 - 04:00:56: [tf2items_giveweapon.smx] [TF2Items GiveWeapon]2228_model: cannot find valid model models/advancedweaponiser/fbomb/c_fbomb.mdl, skipping
L 01/01/2021 - 04:00:56: [tf2items_giveweapon.smx] [TF2Items GiveWeapon]2228_viewmodel: cannot find valid model models/advancedweaponiser/fbomb/c_fbomb.mdl, skipping
L 01/01/2021 - 04:00:56: [tf2items_giveweapon.smx] [TF2Items GiveWeapon]5142_viewmodel: cannot find valid model models/custom/weapons/goldslinger/c_engineer_gunslinger.mdl, skipping
L 01/01/2021 - 04:00:57: [basecommands.smx] "Console<0><Console><Console>" changed cvar (cvar "nb_update_frequency") (value "0.03")
L 01/01/2021 - 04:01:57: [ScheduledShutdown.smx] Server shutdown warning.
L 01/01/2021 - 04:02:07: [ScheduledShutdown.smx] Server shutdown.
L 01/01/2021 - 04:02:08: Log file closed.
L 01/01/2021 - 04:02:23: SourceMod log file session started (file "/hlserver/tf2/tf/addons/sourcemod/logs/L20210101.log") (Version "1.10.0.6490")
L 01/01/2021 - 04:02:23: [TF2ITEMS] "GiveNamedItem" offset = 484
L 01/01/2021 - 04:02:23: [auto_steam_update.smx] HUD text is supported on this mod. The persistant timer will display.
L 01/01/2021 - 04:02:23: [simple-chatprocessor.smx] [SCP] Recognized mod [Team Fortress 2].
L 01/01/2021 - 04:02:23: [simple-chatprocessor.smx] [SCP] Loading translation file [scp.tf.phrases].
L 01/01/2021 - 04:02:32: [tf2items_giveweapon.smx] [TF2Items GiveWeapon]2041_viewmodel: Preparing models/weapons/c_models/c_v_ludmila/c_v_ludmila.mdl
L 01/01/2021 - 04:02:32: [tf2items_giveweapon.smx] [TF2Items GiveWeapon]2058_model: cannot find valid model models/custom/weapons/antehgen/urinejar.mdl, skipping
L 01/01/2021 - 04:02:32: [tf2items_giveweapon.smx] [TF2Items GiveWeapon]2058_viewmodel: cannot find valid model models/custom/weapons/antehgen/urinejar.mdl, skipping
L 01/01/2021 - 04:02:32: [tf2items_giveweapon.smx] [TF2Items GiveWeapon]2171_model: cannot find valid model models/advancedweaponiser/w_sickle_sniper.mdl, skipping
L 01/01/2021 - 04:02:32: [tf2items_giveweapon.smx] [TF2Items GiveWeapon]2171_viewmodel: cannot find valid model models/advancedweaponiser/w_sickle_sniper.mdl, skipping
L 01/01/2021 - 04:02:32: [tf2items_giveweapon.smx] [TF2Items GiveWeapon]2197_model: cannot find valid model models/custom/weapons/rebelscurse/c_wrench_v2.mdl, skipping
L 01/01/2021 - 04:02:32: [tf2items_giveweapon.smx] [TF2Items GiveWeapon]2197_viewmodel: cannot find valid model models/custom/weapons/rebelscurse/c_wrench_v2.mdl, skipping
L 01/01/2021 - 04:02:32: [tf2items_giveweapon.smx] [TF2Items GiveWeapon]2228_model: cannot find valid model models/advancedweaponiser/fbomb/c_fbomb.mdl, skipping
L 01/01/2021 - 04:02:32: [tf2items_giveweapon.smx] [TF2Items GiveWeapon]2228_viewmodel: cannot find valid model models/advancedweaponiser/fbomb/c_fbomb.mdl, skipping
L 01/01/2021 - 04:02:32: [tf2items_giveweapon.smx] [TF2Items GiveWeapon]5142_viewmodel: cannot find valid model models/custom/weapons/goldslinger/c_engineer_gunslinger.mdl, skipping
L 01/01/2021 - 04:02:33: [basecommands.smx] "Console<0><Console><Console>" changed cvar (cvar "nb_update_frequency") (value "0.03")
L 01/01/2021 - 18:00:39: [SM] Changed map to "koth_highpass"
L 01/01/2021 - 18:00:42: -------- Mapchange to koth_highpass --------
L 01/01/2021 - 18:00:49: [tf2items_giveweapon.smx] [TF2Items GiveWeapon]2041_viewmodel: Preparing models/weapons/c_models/c_v_ludmila/c_v_ludmila.mdl
L 01/01/2021 - 18:00:49: [tf2items_giveweapon.smx] [TF2Items GiveWeapon]2058_model: cannot find valid model models/custom/weapons/antehgen/urinejar.mdl, skipping
L 01/01/2021 - 18:00:49: [tf2items_giveweapon.smx] [TF2Items GiveWeapon]2058_viewmodel: cannot find valid model models/custom/weapons/antehgen/urinejar.mdl, skipping
L 01/01/2021 - 18:00:49: [tf2items_giveweapon.smx] [TF2Items GiveWeapon]2171_model: cannot find valid model models/advancedweaponiser/w_sickle_sniper.mdl, skipping
L 01/01/2021 - 18:00:49: [tf2items_giveweapon.smx] [TF2Items GiveWeapon]2171_viewmodel: cannot find valid model models/advancedweaponiser/w_sickle_sniper.mdl, skipping
L 01/01/2021 - 18:00:49: [tf2items_giveweapon.smx] [TF2Items GiveWeapon]2197_model: cannot find valid model models/custom/weapons/rebelscurse/c_wrench_v2.mdl, skipping
L 01/01/2021 - 18:00:49: [tf2items_giveweapon.smx] [TF2Items GiveWeapon]2197_viewmodel: cannot find valid model models/custom/weapons/rebelscurse/c_wrench_v2.mdl, skipping
L 01/01/2021 - 18:00:49: [tf2items_giveweapon.smx] [TF2Items GiveWeapon]2228_model: cannot find valid model models/advancedweaponiser/fbomb/c_fbomb.mdl, skipping
L 01/01/2021 - 18:00:49: [tf2items_giveweapon.smx] [TF2Items GiveWeapon]2228_viewmodel: cannot find valid model models/advancedweaponiser/fbomb/c_fbomb.mdl, skipping
L 01/01/2021 - 18:00:49: [tf2items_giveweapon.smx] [TF2Items GiveWeapon]5142_viewmodel: cannot find valid model models/custom/weapons/goldslinger/c_engineer_gunslinger.mdl, skipping
L 01/01/2021 - 18:00:50: [basecommands.smx] "Console<0><Console><Console>" changed cvar (cvar "nb_update_frequency") (value "0.03")
L 01/01/2021 - 19:33:10: [admincheats.smx] <planet earth><STEAM_0:1:442390800><189.126.16.229> was prevented from running cheat command 'explodevector'
L 01/01/2021 - 19:33:21: [admincheats.smx] <planet earth><STEAM_0:1:442390800><189.126.16.229> was prevented from running cheat command 'explodevector'
L 01/01/2021 - 19:33:33: [admincheats.smx] <planet earth><STEAM_0:1:442390800><189.126.16.229> was prevented from running cheat command 'fadein'
L 01/01/2021 - 19:33:54: [admincheats.smx] <planet earth><STEAM_0:1:442390800><189.126.16.229> was prevented from running cheat command 'fadein'
L 01/01/2021 - 19:34:02: [admincheats.smx] <planet earth><STEAM_0:1:442390800><189.126.16.229> was prevented from running cheat command 'fadeout'
L 01/02/2021 - 04:00:50: Log file closed.
