L 01/04/2021 - 04:00:13: SourceMod log file session started (file "/hlserver/tf2/tf/addons/sourcemod/logs/L20210104.log") (Version "1.10.0.6490")
L 01/04/2021 - 04:00:13: [ScheduledShutdown.smx] Server shutdown warning.
L 01/04/2021 - 04:00:23: [ScheduledShutdown.smx] Server shutdown.
L 01/04/2021 - 04:00:24: Log file closed.
L 01/04/2021 - 04:00:45: SourceMod log file session started (file "/hlserver/tf2/tf/addons/sourcemod/logs/L20210104.log") (Version "1.10.0.6490")
L 01/04/2021 - 04:00:45: [TF2ITEMS] "GiveNamedItem" offset = 484
L 01/04/2021 - 04:00:45: [auto_steam_update.smx] HUD text is supported on this mod. The persistant timer will display.
L 01/04/2021 - 04:00:45: [simple-chatprocessor.smx] [SCP] Recognized mod [Team Fortress 2].
L 01/04/2021 - 04:00:45: [simple-chatprocessor.smx] [SCP] Loading translation file [scp.tf.phrases].
L 01/04/2021 - 04:00:55: [tf2items_giveweapon.smx] [TF2Items GiveWeapon]2041_viewmodel: Preparing models/weapons/c_models/c_v_ludmila/c_v_ludmila.mdl
L 01/04/2021 - 04:00:55: [tf2items_giveweapon.smx] [TF2Items GiveWeapon]2058_model: cannot find valid model models/custom/weapons/antehgen/urinejar.mdl, skipping
L 01/04/2021 - 04:00:55: [tf2items_giveweapon.smx] [TF2Items GiveWeapon]2058_viewmodel: cannot find valid model models/custom/weapons/antehgen/urinejar.mdl, skipping
L 01/04/2021 - 04:00:55: [tf2items_giveweapon.smx] [TF2Items GiveWeapon]2171_model: cannot find valid model models/advancedweaponiser/w_sickle_sniper.mdl, skipping
L 01/04/2021 - 04:00:55: [tf2items_giveweapon.smx] [TF2Items GiveWeapon]2171_viewmodel: cannot find valid model models/advancedweaponiser/w_sickle_sniper.mdl, skipping
L 01/04/2021 - 04:00:55: [tf2items_giveweapon.smx] [TF2Items GiveWeapon]2197_model: cannot find valid model models/custom/weapons/rebelscurse/c_wrench_v2.mdl, skipping
L 01/04/2021 - 04:00:55: [tf2items_giveweapon.smx] [TF2Items GiveWeapon]2197_viewmodel: cannot find valid model models/custom/weapons/rebelscurse/c_wrench_v2.mdl, skipping
L 01/04/2021 - 04:00:55: [tf2items_giveweapon.smx] [TF2Items GiveWeapon]2228_model: cannot find valid model models/advancedweaponiser/fbomb/c_fbomb.mdl, skipping
L 01/04/2021 - 04:00:55: [tf2items_giveweapon.smx] [TF2Items GiveWeapon]2228_viewmodel: cannot find valid model models/advancedweaponiser/fbomb/c_fbomb.mdl, skipping
L 01/04/2021 - 04:00:55: [tf2items_giveweapon.smx] [TF2Items GiveWeapon]5142_viewmodel: cannot find valid model models/custom/weapons/goldslinger/c_engineer_gunslinger.mdl, skipping
L 01/04/2021 - 04:00:56: [basecommands.smx] "Console<0><Console><Console>" changed cvar (cvar "nb_update_frequency") (value "0.03")
L 01/04/2021 - 04:01:56: [ScheduledShutdown.smx] Server shutdown warning.
L 01/04/2021 - 04:02:06: [ScheduledShutdown.smx] Server shutdown.
L 01/04/2021 - 04:02:07: Log file closed.
L 01/04/2021 - 04:02:30: SourceMod log file session started (file "/hlserver/tf2/tf/addons/sourcemod/logs/L20210104.log") (Version "1.10.0.6490")
L 01/04/2021 - 04:02:30: [TF2ITEMS] "GiveNamedItem" offset = 484
L 01/04/2021 - 04:02:30: [auto_steam_update.smx] HUD text is supported on this mod. The persistant timer will display.
L 01/04/2021 - 04:02:30: [simple-chatprocessor.smx] [SCP] Recognized mod [Team Fortress 2].
L 01/04/2021 - 04:02:30: [simple-chatprocessor.smx] [SCP] Loading translation file [scp.tf.phrases].
L 01/04/2021 - 04:02:40: [tf2items_giveweapon.smx] [TF2Items GiveWeapon]2041_viewmodel: Preparing models/weapons/c_models/c_v_ludmila/c_v_ludmila.mdl
L 01/04/2021 - 04:02:40: [tf2items_giveweapon.smx] [TF2Items GiveWeapon]2058_model: cannot find valid model models/custom/weapons/antehgen/urinejar.mdl, skipping
L 01/04/2021 - 04:02:40: [tf2items_giveweapon.smx] [TF2Items GiveWeapon]2058_viewmodel: cannot find valid model models/custom/weapons/antehgen/urinejar.mdl, skipping
L 01/04/2021 - 04:02:40: [tf2items_giveweapon.smx] [TF2Items GiveWeapon]2171_model: cannot find valid model models/advancedweaponiser/w_sickle_sniper.mdl, skipping
L 01/04/2021 - 04:02:40: [tf2items_giveweapon.smx] [TF2Items GiveWeapon]2171_viewmodel: cannot find valid model models/advancedweaponiser/w_sickle_sniper.mdl, skipping
L 01/04/2021 - 04:02:40: [tf2items_giveweapon.smx] [TF2Items GiveWeapon]2197_model: cannot find valid model models/custom/weapons/rebelscurse/c_wrench_v2.mdl, skipping
L 01/04/2021 - 04:02:40: [tf2items_giveweapon.smx] [TF2Items GiveWeapon]2197_viewmodel: cannot find valid model models/custom/weapons/rebelscurse/c_wrench_v2.mdl, skipping
L 01/04/2021 - 04:02:40: [tf2items_giveweapon.smx] [TF2Items GiveWeapon]2228_model: cannot find valid model models/advancedweaponiser/fbomb/c_fbomb.mdl, skipping
L 01/04/2021 - 04:02:40: [tf2items_giveweapon.smx] [TF2Items GiveWeapon]2228_viewmodel: cannot find valid model models/advancedweaponiser/fbomb/c_fbomb.mdl, skipping
L 01/04/2021 - 04:02:40: [tf2items_giveweapon.smx] [TF2Items GiveWeapon]5142_viewmodel: cannot find valid model models/custom/weapons/goldslinger/c_engineer_gunslinger.mdl, skipping
L 01/04/2021 - 04:02:41: [basecommands.smx] "Console<0><Console><Console>" changed cvar (cvar "nb_update_frequency") (value "0.03")
L 01/05/2021 - 04:00:41: Log file closed.
