L 05/31/2021 - 01:24:10: SourceMod log file session started (file "/hlserver/tf2/tf/addons/sourcemod/logs/L20210531.log") (Version "1.10.0.6490")
L 05/31/2021 - 01:24:10: [admincheats.smx] <VkPanzer><STEAM_0:1:207137151><68.207.236.64> was prevented from running cheat command 'noclip'
L 05/31/2021 - 04:00:00: [ScheduledShutdown.smx] Server shutdown warning.
L 05/31/2021 - 04:00:10: [ScheduledShutdown.smx] Server shutdown.
L 05/31/2021 - 04:00:11: [stac.smx] [StAC] File handle invalid!
L 05/31/2021 - 04:00:11: [stac.smx] [StAC] Plugin vers. ---- 4.5.1 ---- unloaded
L 05/31/2021 - 04:00:11: Log file closed.
L 05/31/2021 - 04:01:27: SourceMod log file session started (file "/hlserver/tf2/tf/addons/sourcemod/logs/L20210531.log") (Version "1.10.0.6490")
L 05/31/2021 - 04:01:27: [TF2ITEMS] "GiveNamedItem" offset = 484
L 05/31/2021 - 04:01:27: [auto_steam_update.smx] HUD text is supported on this mod. The persistant timer will display.
L 05/31/2021 - 04:01:27: [simple-chatprocessor.smx] [SCP] Recognized mod [Team Fortress 2].
L 05/31/2021 - 04:01:27: [simple-chatprocessor.smx] [SCP] Loading translation file [scp.tf.phrases].
L 05/31/2021 - 04:01:43: [tf2items_giveweapon.smx] [TF2Items GiveWeapon]2041_viewmodel: Preparing models/weapons/c_models/c_v_ludmila/c_v_ludmila.mdl
L 05/31/2021 - 04:01:43: [tf2items_giveweapon.smx] [TF2Items GiveWeapon]2058_model: cannot find valid model models/custom/weapons/antehgen/urinejar.mdl, skipping
L 05/31/2021 - 04:01:43: [tf2items_giveweapon.smx] [TF2Items GiveWeapon]2058_viewmodel: cannot find valid model models/custom/weapons/antehgen/urinejar.mdl, skipping
L 05/31/2021 - 04:01:43: [tf2items_giveweapon.smx] [TF2Items GiveWeapon]2171_model: cannot find valid model models/advancedweaponiser/w_sickle_sniper.mdl, skipping
L 05/31/2021 - 04:01:43: [tf2items_giveweapon.smx] [TF2Items GiveWeapon]2171_viewmodel: cannot find valid model models/advancedweaponiser/w_sickle_sniper.mdl, skipping
L 05/31/2021 - 04:01:43: [tf2items_giveweapon.smx] [TF2Items GiveWeapon]2197_model: cannot find valid model models/custom/weapons/rebelscurse/c_wrench_v2.mdl, skipping
L 05/31/2021 - 04:01:43: [tf2items_giveweapon.smx] [TF2Items GiveWeapon]2197_viewmodel: cannot find valid model models/custom/weapons/rebelscurse/c_wrench_v2.mdl, skipping
L 05/31/2021 - 04:01:43: [tf2items_giveweapon.smx] [TF2Items GiveWeapon]2228_model: cannot find valid model models/advancedweaponiser/fbomb/c_fbomb.mdl, skipping
L 05/31/2021 - 04:01:43: [tf2items_giveweapon.smx] [TF2Items GiveWeapon]2228_viewmodel: cannot find valid model models/advancedweaponiser/fbomb/c_fbomb.mdl, skipping
L 05/31/2021 - 04:01:43: [tf2items_giveweapon.smx] [TF2Items GiveWeapon]5142_viewmodel: cannot find valid model models/custom/weapons/goldslinger/c_engineer_gunslinger.mdl, skipping
L 05/31/2021 - 04:01:44: [basecommands.smx] "Console<0><Console><Console>" changed cvar (cvar "nb_update_frequency") (value "0.03")
L 05/31/2021 - 04:11:33: SourceMod log file session started (file "/hlserver/tf2/tf/addons/sourcemod/logs/L20210531.log") (Version "1.10.0.6490")
L 05/31/2021 - 04:11:33: [TF2ITEMS] "GiveNamedItem" offset = 484
L 05/31/2021 - 04:11:33: [auto_steam_update.smx] HUD text is supported on this mod. The persistant timer will display.
L 05/31/2021 - 04:11:33: [simple-chatprocessor.smx] [SCP] Recognized mod [Team Fortress 2].
L 05/31/2021 - 04:11:33: [simple-chatprocessor.smx] [SCP] Loading translation file [scp.tf.phrases].
L 05/31/2021 - 04:11:49: [tf2items_giveweapon.smx] [TF2Items GiveWeapon]2041_viewmodel: Preparing models/weapons/c_models/c_v_ludmila/c_v_ludmila.mdl
L 05/31/2021 - 04:11:49: [tf2items_giveweapon.smx] [TF2Items GiveWeapon]2058_model: cannot find valid model models/custom/weapons/antehgen/urinejar.mdl, skipping
L 05/31/2021 - 04:11:49: [tf2items_giveweapon.smx] [TF2Items GiveWeapon]2058_viewmodel: cannot find valid model models/custom/weapons/antehgen/urinejar.mdl, skipping
L 05/31/2021 - 04:11:49: [tf2items_giveweapon.smx] [TF2Items GiveWeapon]2171_model: cannot find valid model models/advancedweaponiser/w_sickle_sniper.mdl, skipping
L 05/31/2021 - 04:11:49: [tf2items_giveweapon.smx] [TF2Items GiveWeapon]2171_viewmodel: cannot find valid model models/advancedweaponiser/w_sickle_sniper.mdl, skipping
L 05/31/2021 - 04:11:49: [tf2items_giveweapon.smx] [TF2Items GiveWeapon]2197_model: cannot find valid model models/custom/weapons/rebelscurse/c_wrench_v2.mdl, skipping
L 05/31/2021 - 04:11:49: [tf2items_giveweapon.smx] [TF2Items GiveWeapon]2197_viewmodel: cannot find valid model models/custom/weapons/rebelscurse/c_wrench_v2.mdl, skipping
L 05/31/2021 - 04:11:49: [tf2items_giveweapon.smx] [TF2Items GiveWeapon]2228_model: cannot find valid model models/advancedweaponiser/fbomb/c_fbomb.mdl, skipping
L 05/31/2021 - 04:11:49: [tf2items_giveweapon.smx] [TF2Items GiveWeapon]2228_viewmodel: cannot find valid model models/advancedweaponiser/fbomb/c_fbomb.mdl, skipping
L 05/31/2021 - 04:11:49: [tf2items_giveweapon.smx] [TF2Items GiveWeapon]5142_viewmodel: cannot find valid model models/custom/weapons/goldslinger/c_engineer_gunslinger.mdl, skipping
L 05/31/2021 - 04:11:51: [basecommands.smx] "Console<0><Console><Console>" changed cvar (cvar "nb_update_frequency") (value "0.03")
L 06/01/2021 - 04:00:51: Log file closed.
