L 06/11/2021 - 04:00:09: SourceMod log file session started (file "/hlserver/tf2/tf/addons/sourcemod/logs/L20210611.log") (Version "1.10.0.6490")
L 06/11/2021 - 04:00:09: [ScheduledShutdown.smx] Server shutdown warning.
L 06/11/2021 - 04:00:19: [ScheduledShutdown.smx] Server shutdown.
L 06/11/2021 - 04:00:19: [stac.smx] [StAC] File handle invalid!
L 06/11/2021 - 04:00:19: [stac.smx] [StAC] Plugin vers. ---- 5.0.3 ---- unloaded
L 06/11/2021 - 04:00:19: Log file closed.
L 06/11/2021 - 04:01:24: SourceMod log file session started (file "/hlserver/tf2/tf/addons/sourcemod/logs/L20210611.log") (Version "1.10.0.6490")
L 06/11/2021 - 04:01:24: [TF2ITEMS] "GiveNamedItem" offset = 484
L 06/11/2021 - 04:01:24: [auto_steam_update.smx] HUD text is supported on this mod. The persistant timer will display.
L 06/11/2021 - 04:01:24: [simple-chatprocessor.smx] [SCP] Recognized mod [Team Fortress 2].
L 06/11/2021 - 04:01:24: [simple-chatprocessor.smx] [SCP] Loading translation file [scp.tf.phrases].
L 06/11/2021 - 04:01:24: [stac.smx] [StAC] File handle invalid!
L 06/11/2021 - 04:01:24: [stac.smx] [StAC] Plugin vers. ---- 5.0.3 ---- loaded
L 06/11/2021 - 04:01:36: [tf2items_giveweapon.smx] [TF2Items GiveWeapon]2041_viewmodel: Preparing models/weapons/c_models/c_v_ludmila/c_v_ludmila.mdl
L 06/11/2021 - 04:01:36: [tf2items_giveweapon.smx] [TF2Items GiveWeapon]2058_model: cannot find valid model models/custom/weapons/antehgen/urinejar.mdl, skipping
L 06/11/2021 - 04:01:36: [tf2items_giveweapon.smx] [TF2Items GiveWeapon]2058_viewmodel: cannot find valid model models/custom/weapons/antehgen/urinejar.mdl, skipping
L 06/11/2021 - 04:01:36: [tf2items_giveweapon.smx] [TF2Items GiveWeapon]2171_model: cannot find valid model models/advancedweaponiser/w_sickle_sniper.mdl, skipping
L 06/11/2021 - 04:01:36: [tf2items_giveweapon.smx] [TF2Items GiveWeapon]2171_viewmodel: cannot find valid model models/advancedweaponiser/w_sickle_sniper.mdl, skipping
L 06/11/2021 - 04:01:36: [tf2items_giveweapon.smx] [TF2Items GiveWeapon]2197_model: cannot find valid model models/custom/weapons/rebelscurse/c_wrench_v2.mdl, skipping
L 06/11/2021 - 04:01:36: [tf2items_giveweapon.smx] [TF2Items GiveWeapon]2197_viewmodel: cannot find valid model models/custom/weapons/rebelscurse/c_wrench_v2.mdl, skipping
L 06/11/2021 - 04:01:36: [tf2items_giveweapon.smx] [TF2Items GiveWeapon]2228_model: cannot find valid model models/advancedweaponiser/fbomb/c_fbomb.mdl, skipping
L 06/11/2021 - 04:01:36: [tf2items_giveweapon.smx] [TF2Items GiveWeapon]2228_viewmodel: cannot find valid model models/advancedweaponiser/fbomb/c_fbomb.mdl, skipping
L 06/11/2021 - 04:01:36: [tf2items_giveweapon.smx] [TF2Items GiveWeapon]5142_viewmodel: cannot find valid model models/custom/weapons/goldslinger/c_engineer_gunslinger.mdl, skipping
L 06/11/2021 - 04:01:37: [basecommands.smx] "Console<0><Console><Console>" changed cvar (cvar "nb_update_frequency") (value "0.03")
L 06/12/2021 - 02:37:49: Log file closed.
