L 11/30/2021 - 00:47:52: SourceMod log file session started (file "/hlserver/tf2/tf/addons/sourcemod/logs/L20211130.log") (Version "1.10.0.6512")
L 11/30/2021 - 00:47:52: [admincheats.smx] <bat><STEAM_0:1:417998338><209.143.23.85> was prevented from running cheat command 'prop_physics_create'
L 11/30/2021 - 04:00:24: [ScheduledShutdown.smx] Server shutdown warning.
L 11/30/2021 - 04:00:34: [ScheduledShutdown.smx] Server shutdown.
L 11/30/2021 - 04:00:36: Log file closed.
L 11/30/2021 - 04:01:23: SourceMod log file session started (file "/hlserver/tf2/tf/addons/sourcemod/logs/L20211130.log") (Version "1.10.0.6512")
L 11/30/2021 - 04:01:23: [TF2ITEMS] "GiveNamedItem" offset = 488
L 11/30/2021 - 04:01:23: [auto_steam_update.smx] HUD text is supported on this mod. The persistant timer will display.
L 11/30/2021 - 04:01:23: [simple-chatprocessor.smx] [SCP] Recognized mod [Team Fortress 2].
L 11/30/2021 - 04:01:23: [simple-chatprocessor.smx] [SCP] Loading translation file [scp.tf.phrases].
L 11/30/2021 - 04:01:23: [stac.smx] [StAC] File handle invalid!
L 11/30/2021 - 04:01:33: [tf2items_giveweapon.smx] [TF2Items GiveWeapon]2041_viewmodel: Preparing models/weapons/c_models/c_v_ludmila/c_v_ludmila.mdl
L 11/30/2021 - 04:01:33: [tf2items_giveweapon.smx] [TF2Items GiveWeapon]2058_model: cannot find valid model models/custom/weapons/antehgen/urinejar.mdl, skipping
L 11/30/2021 - 04:01:33: [tf2items_giveweapon.smx] [TF2Items GiveWeapon]2058_viewmodel: cannot find valid model models/custom/weapons/antehgen/urinejar.mdl, skipping
L 11/30/2021 - 04:01:33: [tf2items_giveweapon.smx] [TF2Items GiveWeapon]2171_model: cannot find valid model models/advancedweaponiser/w_sickle_sniper.mdl, skipping
L 11/30/2021 - 04:01:33: [tf2items_giveweapon.smx] [TF2Items GiveWeapon]2171_viewmodel: cannot find valid model models/advancedweaponiser/w_sickle_sniper.mdl, skipping
L 11/30/2021 - 04:01:33: [tf2items_giveweapon.smx] [TF2Items GiveWeapon]2197_model: cannot find valid model models/custom/weapons/rebelscurse/c_wrench_v2.mdl, skipping
L 11/30/2021 - 04:01:33: [tf2items_giveweapon.smx] [TF2Items GiveWeapon]2197_viewmodel: cannot find valid model models/custom/weapons/rebelscurse/c_wrench_v2.mdl, skipping
L 11/30/2021 - 04:01:33: [tf2items_giveweapon.smx] [TF2Items GiveWeapon]2228_model: cannot find valid model models/advancedweaponiser/fbomb/c_fbomb.mdl, skipping
L 11/30/2021 - 04:01:33: [tf2items_giveweapon.smx] [TF2Items GiveWeapon]2228_viewmodel: cannot find valid model models/advancedweaponiser/fbomb/c_fbomb.mdl, skipping
L 11/30/2021 - 04:01:33: [tf2items_giveweapon.smx] [TF2Items GiveWeapon]5142_viewmodel: cannot find valid model models/custom/weapons/goldslinger/c_engineer_gunslinger.mdl, skipping
L 11/30/2021 - 04:01:34: [basecommands.smx] "Console<0><Console><Console>" changed cvar (cvar "nb_update_frequency") (value "0.03")
L 11/30/2021 - 04:01:34: [basecommands.smx] "Console<0><Console><Console>" changed cvar (cvar "fps_max") (value "0")
L 11/30/2021 - 19:49:06: [admincheats.smx] <Kaki><STEAM_0:1:125057930><47.18.62.197> was prevented from running cheat command 'noclip'
L 12/01/2021 - 04:00:34: Log file closed.
