L 05/09/2021 - 04:00:37: SourceMod log file session started (file "/hlserver/tf2/tf/addons/sourcemod/logs/L20210509.log") (Version "1.10.0.6490")
L 05/09/2021 - 04:00:37: [ScheduledShutdown.smx] Server shutdown warning.
L 05/09/2021 - 04:00:47: [ScheduledShutdown.smx] Server shutdown.
L 05/09/2021 - 04:00:47: [stac.smx] [StAC] File handle invalid!
L 05/09/2021 - 04:00:47: [stac.smx] [StAC] Plugin vers. ---- 4.1.17b ---- unloaded
L 05/09/2021 - 04:00:48: Log file closed.
L 05/09/2021 - 04:01:28: SourceMod log file session started (file "/hlserver/tf2/tf/addons/sourcemod/logs/L20210509.log") (Version "1.10.0.6490")
L 05/09/2021 - 04:01:28: [TF2ITEMS] "GiveNamedItem" offset = 484
L 05/09/2021 - 04:01:28: [auto_steam_update.smx] HUD text is supported on this mod. The persistant timer will display.
L 05/09/2021 - 04:01:28: [simple-chatprocessor.smx] [SCP] Recognized mod [Team Fortress 2].
L 05/09/2021 - 04:01:28: [simple-chatprocessor.smx] [SCP] Loading translation file [scp.tf.phrases].
L 05/09/2021 - 04:01:36: [tf2items_giveweapon.smx] [TF2Items GiveWeapon]2041_viewmodel: Preparing models/weapons/c_models/c_v_ludmila/c_v_ludmila.mdl
L 05/09/2021 - 04:01:36: [tf2items_giveweapon.smx] [TF2Items GiveWeapon]2058_model: cannot find valid model models/custom/weapons/antehgen/urinejar.mdl, skipping
L 05/09/2021 - 04:01:36: [tf2items_giveweapon.smx] [TF2Items GiveWeapon]2058_viewmodel: cannot find valid model models/custom/weapons/antehgen/urinejar.mdl, skipping
L 05/09/2021 - 04:01:36: [tf2items_giveweapon.smx] [TF2Items GiveWeapon]2171_model: cannot find valid model models/advancedweaponiser/w_sickle_sniper.mdl, skipping
L 05/09/2021 - 04:01:36: [tf2items_giveweapon.smx] [TF2Items GiveWeapon]2171_viewmodel: cannot find valid model models/advancedweaponiser/w_sickle_sniper.mdl, skipping
L 05/09/2021 - 04:01:36: [tf2items_giveweapon.smx] [TF2Items GiveWeapon]2197_model: cannot find valid model models/custom/weapons/rebelscurse/c_wrench_v2.mdl, skipping
L 05/09/2021 - 04:01:36: [tf2items_giveweapon.smx] [TF2Items GiveWeapon]2197_viewmodel: cannot find valid model models/custom/weapons/rebelscurse/c_wrench_v2.mdl, skipping
L 05/09/2021 - 04:01:36: [tf2items_giveweapon.smx] [TF2Items GiveWeapon]2228_model: cannot find valid model models/advancedweaponiser/fbomb/c_fbomb.mdl, skipping
L 05/09/2021 - 04:01:36: [tf2items_giveweapon.smx] [TF2Items GiveWeapon]2228_viewmodel: cannot find valid model models/advancedweaponiser/fbomb/c_fbomb.mdl, skipping
L 05/09/2021 - 04:01:36: [tf2items_giveweapon.smx] [TF2Items GiveWeapon]5142_viewmodel: cannot find valid model models/custom/weapons/goldslinger/c_engineer_gunslinger.mdl, skipping
L 05/09/2021 - 04:01:37: [basecommands.smx] "Console<0><Console><Console>" changed cvar (cvar "nb_update_frequency") (value "0.03")
L 05/09/2021 - 21:10:06: [admincheats.smx] <TyroneryJames><STEAM_0:1:240088210><159.250.214.192> was prevented from running cheat command 'shake'
L 05/09/2021 - 21:22:56: [admincheats.smx] <TyroneryJames><STEAM_0:1:240088210><159.250.214.192> was prevented from running cheat command 'shake'
L 05/10/2021 - 04:00:37: Log file closed.
