L 03/20/2021 - 04:00:36: SourceMod log file session started (file "/hlserver/tf2/tf/addons/sourcemod/logs/L20210320.log") (Version "1.10.0.6490")
L 03/20/2021 - 04:00:36: [ScheduledShutdown.smx] Server shutdown warning.
L 03/20/2021 - 04:00:46: [ScheduledShutdown.smx] Server shutdown.
L 03/20/2021 - 04:00:47: [stac.smx] [StAC] File handle invalid!
L 03/20/2021 - 04:00:47: [stac.smx] [StAC] Plugin vers. ---- 4.1.4 ---- unloaded
L 03/20/2021 - 04:00:47: Log file closed.
L 03/20/2021 - 04:01:27: SourceMod log file session started (file "/hlserver/tf2/tf/addons/sourcemod/logs/L20210320.log") (Version "1.10.0.6490")
L 03/20/2021 - 04:01:27: [TF2ITEMS] "GiveNamedItem" offset = 484
L 03/20/2021 - 04:01:27: [auto_steam_update.smx] HUD text is supported on this mod. The persistant timer will display.
L 03/20/2021 - 04:01:27: [simple-chatprocessor.smx] [SCP] Recognized mod [Team Fortress 2].
L 03/20/2021 - 04:01:27: [simple-chatprocessor.smx] [SCP] Loading translation file [scp.tf.phrases].
L 03/20/2021 - 04:01:36: [tf2items_giveweapon.smx] [TF2Items GiveWeapon]2041_viewmodel: Preparing models/weapons/c_models/c_v_ludmila/c_v_ludmila.mdl
L 03/20/2021 - 04:01:36: [tf2items_giveweapon.smx] [TF2Items GiveWeapon]2058_model: cannot find valid model models/custom/weapons/antehgen/urinejar.mdl, skipping
L 03/20/2021 - 04:01:36: [tf2items_giveweapon.smx] [TF2Items GiveWeapon]2058_viewmodel: cannot find valid model models/custom/weapons/antehgen/urinejar.mdl, skipping
L 03/20/2021 - 04:01:36: [tf2items_giveweapon.smx] [TF2Items GiveWeapon]2171_model: cannot find valid model models/advancedweaponiser/w_sickle_sniper.mdl, skipping
L 03/20/2021 - 04:01:36: [tf2items_giveweapon.smx] [TF2Items GiveWeapon]2171_viewmodel: cannot find valid model models/advancedweaponiser/w_sickle_sniper.mdl, skipping
L 03/20/2021 - 04:01:36: [tf2items_giveweapon.smx] [TF2Items GiveWeapon]2197_model: cannot find valid model models/custom/weapons/rebelscurse/c_wrench_v2.mdl, skipping
L 03/20/2021 - 04:01:36: [tf2items_giveweapon.smx] [TF2Items GiveWeapon]2197_viewmodel: cannot find valid model models/custom/weapons/rebelscurse/c_wrench_v2.mdl, skipping
L 03/20/2021 - 04:01:36: [tf2items_giveweapon.smx] [TF2Items GiveWeapon]2228_model: cannot find valid model models/advancedweaponiser/fbomb/c_fbomb.mdl, skipping
L 03/20/2021 - 04:01:36: [tf2items_giveweapon.smx] [TF2Items GiveWeapon]2228_viewmodel: cannot find valid model models/advancedweaponiser/fbomb/c_fbomb.mdl, skipping
L 03/20/2021 - 04:01:36: [tf2items_giveweapon.smx] [TF2Items GiveWeapon]5142_viewmodel: cannot find valid model models/custom/weapons/goldslinger/c_engineer_gunslinger.mdl, skipping
L 03/20/2021 - 04:01:36: [basecommands.smx] "Console<0><Console><Console>" changed cvar (cvar "nb_update_frequency") (value "0.03")
L 03/20/2021 - 15:36:24: [sbpp_main.smx] "Console<0><Console><Console>" banned "tha‏t yoinky sploinky<12><[U:1:1146555441]><>" (minutes "0") (reason "[StAC] Banned for pSilent after 10 detections")
L 03/20/2021 - 18:50:03: [admincheats.smx] <Coach Boomer><STEAM_0:1:501860618><76.28.104.70> was prevented from running cheat command 'noclip'
L 03/20/2021 - 19:13:31: [admincheats.smx] <Coach Boomer><STEAM_0:1:501860618><76.28.104.70> was prevented from running cheat command 'noclip'
L 03/20/2021 - 19:26:51: [admincheats.smx] <Coach Boomer><STEAM_0:1:501860618><76.28.104.70> was prevented from running cheat command 'noclip'
L 03/20/2021 - 19:31:40: [admincheats.smx] <Coach Boomer><STEAM_0:1:501860618><76.28.104.70> was prevented from running cheat command 'noclip'
L 03/21/2021 - 04:00:36: Log file closed.
