L 04/15/2021 - 00:10:24: SourceMod log file session started (file "/hlserver/tf2/tf/addons/sourcemod/logs/L20210415.log") (Version "1.10.0.6490")
L 04/15/2021 - 00:10:24: [admincheats.smx] <[a-C*] ♡ 2x4 ♡><STEAM_0:0:505616080><76.97.162.120> was prevented from running cheat command 'noclip'
L 04/15/2021 - 00:26:20: [admincheats.smx] <[a-C*] ♡ 2x4 ♡><STEAM_0:0:505616080><76.97.162.120> was prevented from running cheat command 'noclip'
L 04/15/2021 - 00:26:43: [admincheats.smx] <Tohru><STEAM_0:1:107728474><96.40.212.3> was prevented from running cheat command 'noclip'
L 04/15/2021 - 00:27:13: [sbpp_main.smx] "Console<0><Console><Console>" banned "ShogunMetalBot 1<23><[U:1:1147291126]><>" (minutes "0") (reason "[StAC] Banned for using an invalid item schema")
L 04/15/2021 - 00:27:16: [sbpp_main.smx] "Console<0><Console><Console>" banned "ShogunMetalBot 2<24><[U:1:1147485720]><>" (minutes "0") (reason "[StAC] Banned for using an invalid item schema")
L 04/15/2021 - 00:27:17: [sbpp_main.smx] "Console<0><Console><Console>" banned "ShogunMetalBot 4<26><[U:1:1147626528]><>" (minutes "0") (reason "[SourceSleuth] Duplicate account")
L 04/15/2021 - 00:27:19: [sbpp_main.smx] "Console<0><Console><Console>" banned "ShogunMetalBot 5<27><[U:1:1147605753]><>" (minutes "0") (reason "[SourceSleuth] Duplicate account")
L 04/15/2021 - 00:27:19: [sbpp_main.smx] "Console<0><Console><Console>" banned "ShogunMetalBot 3<25><[U:1:1147782771]><>" (minutes "0") (reason "[StAC] Banned for using an invalid item schema")
L 04/15/2021 - 00:27:21: [sbpp_main.smx] "Console<0><Console><Console>" banned "ShogunMetalBot 6<28><[U:1:1147504362]><>" (minutes "0") (reason "[SourceSleuth] Duplicate account")
L 04/15/2021 - 01:57:19: [admincheats.smx] <Tohru><STEAM_0:1:107728474><96.40.212.3> was prevented from running cheat command 'noclip'
L 04/15/2021 - 01:57:20: [admincheats.smx] <Tohru><STEAM_0:1:107728474><96.40.212.3> was prevented from running cheat command 'noclip'
L 04/15/2021 - 04:00:34: [ScheduledShutdown.smx] Server shutdown warning.
L 04/15/2021 - 04:00:44: [ScheduledShutdown.smx] Server shutdown.
L 04/15/2021 - 04:00:44: [stac.smx] [StAC] File handle invalid!
L 04/15/2021 - 04:00:44: [stac.smx] [StAC] Plugin vers. ---- 4.1.17b ---- unloaded
L 04/15/2021 - 04:00:45: Log file closed.
L 04/15/2021 - 04:01:26: SourceMod log file session started (file "/hlserver/tf2/tf/addons/sourcemod/logs/L20210415.log") (Version "1.10.0.6490")
L 04/15/2021 - 04:01:26: [TF2ITEMS] "GiveNamedItem" offset = 484
L 04/15/2021 - 04:01:26: [auto_steam_update.smx] HUD text is supported on this mod. The persistant timer will display.
L 04/15/2021 - 04:01:26: [simple-chatprocessor.smx] [SCP] Recognized mod [Team Fortress 2].
L 04/15/2021 - 04:01:26: [simple-chatprocessor.smx] [SCP] Loading translation file [scp.tf.phrases].
L 04/15/2021 - 04:01:35: [tf2items_giveweapon.smx] [TF2Items GiveWeapon]2041_viewmodel: Preparing models/weapons/c_models/c_v_ludmila/c_v_ludmila.mdl
L 04/15/2021 - 04:01:35: [tf2items_giveweapon.smx] [TF2Items GiveWeapon]2058_model: cannot find valid model models/custom/weapons/antehgen/urinejar.mdl, skipping
L 04/15/2021 - 04:01:35: [tf2items_giveweapon.smx] [TF2Items GiveWeapon]2058_viewmodel: cannot find valid model models/custom/weapons/antehgen/urinejar.mdl, skipping
L 04/15/2021 - 04:01:35: [tf2items_giveweapon.smx] [TF2Items GiveWeapon]2171_model: cannot find valid model models/advancedweaponiser/w_sickle_sniper.mdl, skipping
L 04/15/2021 - 04:01:35: [tf2items_giveweapon.smx] [TF2Items GiveWeapon]2171_viewmodel: cannot find valid model models/advancedweaponiser/w_sickle_sniper.mdl, skipping
L 04/15/2021 - 04:01:35: [tf2items_giveweapon.smx] [TF2Items GiveWeapon]2197_model: cannot find valid model models/custom/weapons/rebelscurse/c_wrench_v2.mdl, skipping
L 04/15/2021 - 04:01:35: [tf2items_giveweapon.smx] [TF2Items GiveWeapon]2197_viewmodel: cannot find valid model models/custom/weapons/rebelscurse/c_wrench_v2.mdl, skipping
L 04/15/2021 - 04:01:35: [tf2items_giveweapon.smx] [TF2Items GiveWeapon]2228_model: cannot find valid model models/advancedweaponiser/fbomb/c_fbomb.mdl, skipping
L 04/15/2021 - 04:01:35: [tf2items_giveweapon.smx] [TF2Items GiveWeapon]2228_viewmodel: cannot find valid model models/advancedweaponiser/fbomb/c_fbomb.mdl, skipping
L 04/15/2021 - 04:01:35: [tf2items_giveweapon.smx] [TF2Items GiveWeapon]5142_viewmodel: cannot find valid model models/custom/weapons/goldslinger/c_engineer_gunslinger.mdl, skipping
L 04/15/2021 - 04:01:36: [basecommands.smx] "Console<0><Console><Console>" changed cvar (cvar "nb_update_frequency") (value "0.03")
L 04/16/2021 - 04:00:36: Log file closed.
