L 05/24/2021 - 01:53:03: SourceMod log file session started (file "/hlserver/tf2/tf/addons/sourcemod/logs/L20210524.log") (Version "1.10.0.6490")
L 05/24/2021 - 01:53:03: [admincheats.smx] <RealKaki™><STEAM_0:1:125057930><47.18.62.197> was prevented from running cheat command 'noclip'
L 05/24/2021 - 01:53:26: [admincheats.smx] <RealKaki™><STEAM_0:1:125057930><47.18.62.197> was prevented from running cheat command 'noclip'
L 05/24/2021 - 01:54:52: [admincheats.smx] <RealKaki™><STEAM_0:1:125057930><47.18.62.197> was prevented from running cheat command 'noclip'
L 05/24/2021 - 02:02:41: [admincheats.smx] <RealKaki™><STEAM_0:1:125057930><47.18.62.197> was prevented from running cheat command 'noclip'
L 05/24/2021 - 02:04:40: [admincheats.smx] <RealKaki™><STEAM_0:1:125057930><47.18.62.197> was prevented from running cheat command 'noclip'
L 05/24/2021 - 02:05:08: [admincheats.smx] <RealKaki™><STEAM_0:1:125057930><47.18.62.197> was prevented from running cheat command 'noclip'
L 05/24/2021 - 02:32:42: [admincheats.smx] <VibeZ Time><STEAM_0:0:460381675><69.123.180.142> was prevented from running cheat command 'noclip'
L 05/24/2021 - 02:56:42: [admincheats.smx] <VibeZ Time><STEAM_0:0:460381675><69.123.180.142> was prevented from running cheat command 'noclip'
L 05/24/2021 - 04:00:45: [ScheduledShutdown.smx] Server shutdown warning.
L 05/24/2021 - 04:00:55: [ScheduledShutdown.smx] Server shutdown.
L 05/24/2021 - 04:00:56: [stac.smx] [StAC] File handle invalid!
L 05/24/2021 - 04:00:56: [stac.smx] [StAC] Plugin vers. ---- 4.5.1 ---- unloaded
L 05/24/2021 - 04:00:56: Log file closed.
L 05/24/2021 - 04:01:47: SourceMod log file session started (file "/hlserver/tf2/tf/addons/sourcemod/logs/L20210524.log") (Version "1.10.0.6490")
L 05/24/2021 - 04:01:47: [TF2ITEMS] "GiveNamedItem" offset = 484
L 05/24/2021 - 04:01:47: [auto_steam_update.smx] HUD text is supported on this mod. The persistant timer will display.
L 05/24/2021 - 04:01:47: [simple-chatprocessor.smx] [SCP] Recognized mod [Team Fortress 2].
L 05/24/2021 - 04:01:47: [simple-chatprocessor.smx] [SCP] Loading translation file [scp.tf.phrases].
L 05/24/2021 - 04:01:58: [tf2items_giveweapon.smx] [TF2Items GiveWeapon]2041_viewmodel: Preparing models/weapons/c_models/c_v_ludmila/c_v_ludmila.mdl
L 05/24/2021 - 04:01:58: [tf2items_giveweapon.smx] [TF2Items GiveWeapon]2058_model: cannot find valid model models/custom/weapons/antehgen/urinejar.mdl, skipping
L 05/24/2021 - 04:01:58: [tf2items_giveweapon.smx] [TF2Items GiveWeapon]2058_viewmodel: cannot find valid model models/custom/weapons/antehgen/urinejar.mdl, skipping
L 05/24/2021 - 04:01:58: [tf2items_giveweapon.smx] [TF2Items GiveWeapon]2171_model: cannot find valid model models/advancedweaponiser/w_sickle_sniper.mdl, skipping
L 05/24/2021 - 04:01:58: [tf2items_giveweapon.smx] [TF2Items GiveWeapon]2171_viewmodel: cannot find valid model models/advancedweaponiser/w_sickle_sniper.mdl, skipping
L 05/24/2021 - 04:01:58: [tf2items_giveweapon.smx] [TF2Items GiveWeapon]2197_model: cannot find valid model models/custom/weapons/rebelscurse/c_wrench_v2.mdl, skipping
L 05/24/2021 - 04:01:58: [tf2items_giveweapon.smx] [TF2Items GiveWeapon]2197_viewmodel: cannot find valid model models/custom/weapons/rebelscurse/c_wrench_v2.mdl, skipping
L 05/24/2021 - 04:01:58: [tf2items_giveweapon.smx] [TF2Items GiveWeapon]2228_model: cannot find valid model models/advancedweaponiser/fbomb/c_fbomb.mdl, skipping
L 05/24/2021 - 04:01:58: [tf2items_giveweapon.smx] [TF2Items GiveWeapon]2228_viewmodel: cannot find valid model models/advancedweaponiser/fbomb/c_fbomb.mdl, skipping
L 05/24/2021 - 04:01:58: [tf2items_giveweapon.smx] [TF2Items GiveWeapon]5142_viewmodel: cannot find valid model models/custom/weapons/goldslinger/c_engineer_gunslinger.mdl, skipping
L 05/24/2021 - 04:01:59: [basecommands.smx] "Console<0><Console><Console>" changed cvar (cvar "nb_update_frequency") (value "0.03")
L 05/24/2021 - 04:11:02: SourceMod log file session started (file "/hlserver/tf2/tf/addons/sourcemod/logs/L20210524.log") (Version "1.10.0.6490")
L 05/24/2021 - 04:11:02: [TF2ITEMS] "GiveNamedItem" offset = 484
L 05/24/2021 - 04:11:02: [auto_steam_update.smx] HUD text is supported on this mod. The persistant timer will display.
L 05/24/2021 - 04:11:03: [simple-chatprocessor.smx] [SCP] Recognized mod [Team Fortress 2].
L 05/24/2021 - 04:11:03: [simple-chatprocessor.smx] [SCP] Loading translation file [scp.tf.phrases].
L 05/24/2021 - 04:11:13: [tf2items_giveweapon.smx] [TF2Items GiveWeapon]2041_viewmodel: Preparing models/weapons/c_models/c_v_ludmila/c_v_ludmila.mdl
L 05/24/2021 - 04:11:13: [tf2items_giveweapon.smx] [TF2Items GiveWeapon]2058_model: cannot find valid model models/custom/weapons/antehgen/urinejar.mdl, skipping
L 05/24/2021 - 04:11:13: [tf2items_giveweapon.smx] [TF2Items GiveWeapon]2058_viewmodel: cannot find valid model models/custom/weapons/antehgen/urinejar.mdl, skipping
L 05/24/2021 - 04:11:13: [tf2items_giveweapon.smx] [TF2Items GiveWeapon]2171_model: cannot find valid model models/advancedweaponiser/w_sickle_sniper.mdl, skipping
L 05/24/2021 - 04:11:13: [tf2items_giveweapon.smx] [TF2Items GiveWeapon]2171_viewmodel: cannot find valid model models/advancedweaponiser/w_sickle_sniper.mdl, skipping
L 05/24/2021 - 04:11:13: [tf2items_giveweapon.smx] [TF2Items GiveWeapon]2197_model: cannot find valid model models/custom/weapons/rebelscurse/c_wrench_v2.mdl, skipping
L 05/24/2021 - 04:11:13: [tf2items_giveweapon.smx] [TF2Items GiveWeapon]2197_viewmodel: cannot find valid model models/custom/weapons/rebelscurse/c_wrench_v2.mdl, skipping
L 05/24/2021 - 04:11:13: [tf2items_giveweapon.smx] [TF2Items GiveWeapon]2228_model: cannot find valid model models/advancedweaponiser/fbomb/c_fbomb.mdl, skipping
L 05/24/2021 - 04:11:13: [tf2items_giveweapon.smx] [TF2Items GiveWeapon]2228_viewmodel: cannot find valid model models/advancedweaponiser/fbomb/c_fbomb.mdl, skipping
L 05/24/2021 - 04:11:13: [tf2items_giveweapon.smx] [TF2Items GiveWeapon]5142_viewmodel: cannot find valid model models/custom/weapons/goldslinger/c_engineer_gunslinger.mdl, skipping
L 05/24/2021 - 04:11:14: [basecommands.smx] "Console<0><Console><Console>" changed cvar (cvar "nb_update_frequency") (value "0.03")
L 05/24/2021 - 04:42:47: [admincheats.smx] <RealKaki™><STEAM_0:1:125057930><47.18.62.197> was prevented from running cheat command 'noclip'
L 05/25/2021 - 04:00:14: Log file closed.
