L 10/30/2020 - 02:20:31: SourceMod log file session started (file "/hlserver/tf2/tf/addons/sourcemod/logs/L20201030.log") (Version "1.10.0.6490")
L 10/30/2020 - 02:20:31: Log file closed.
L 10/30/2020 - 02:20:52: SourceMod log file session started (file "/hlserver/tf2/tf/addons/sourcemod/logs/L20201030.log") (Version "1.10.0.6490")
L 10/30/2020 - 02:20:52: [TF2ITEMS] "GiveNamedItem" offset = 484
L 10/30/2020 - 02:20:52: [simple-chatprocessor.smx] [SCP] Recognized mod [Team Fortress 2].
L 10/30/2020 - 02:20:52: [simple-chatprocessor.smx] [SCP] Loading translation file [scp.tf.phrases].
L 10/30/2020 - 02:21:00: [tf2items_giveweapon.smx] [TF2Items GiveWeapon]2041_viewmodel: Preparing models/weapons/c_models/c_v_ludmila/c_v_ludmila.mdl
L 10/30/2020 - 02:21:00: [tf2items_giveweapon.smx] [TF2Items GiveWeapon]2058_model: cannot find valid model models/custom/weapons/antehgen/urinejar.mdl, skipping
L 10/30/2020 - 02:21:00: [tf2items_giveweapon.smx] [TF2Items GiveWeapon]2058_viewmodel: cannot find valid model models/custom/weapons/antehgen/urinejar.mdl, skipping
L 10/30/2020 - 02:21:00: [tf2items_giveweapon.smx] [TF2Items GiveWeapon]2171_model: cannot find valid model models/advancedweaponiser/w_sickle_sniper.mdl, skipping
L 10/30/2020 - 02:21:00: [tf2items_giveweapon.smx] [TF2Items GiveWeapon]2171_viewmodel: cannot find valid model models/advancedweaponiser/w_sickle_sniper.mdl, skipping
L 10/30/2020 - 02:21:00: [tf2items_giveweapon.smx] [TF2Items GiveWeapon]2197_model: cannot find valid model models/custom/weapons/rebelscurse/c_wrench_v2.mdl, skipping
L 10/30/2020 - 02:21:00: [tf2items_giveweapon.smx] [TF2Items GiveWeapon]2197_viewmodel: cannot find valid model models/custom/weapons/rebelscurse/c_wrench_v2.mdl, skipping
L 10/30/2020 - 02:21:00: [tf2items_giveweapon.smx] [TF2Items GiveWeapon]2228_model: cannot find valid model models/advancedweaponiser/fbomb/c_fbomb.mdl, skipping
L 10/30/2020 - 02:21:00: [tf2items_giveweapon.smx] [TF2Items GiveWeapon]2228_viewmodel: cannot find valid model models/advancedweaponiser/fbomb/c_fbomb.mdl, skipping
L 10/30/2020 - 02:21:00: [tf2items_giveweapon.smx] [TF2Items GiveWeapon]5142_viewmodel: cannot find valid model models/custom/weapons/goldslinger/c_engineer_gunslinger.mdl, skipping
L 10/30/2020 - 02:21:00: [basecommands.smx] "Console<0><Console><Console>" changed cvar (cvar "nb_update_frequency") (value "0.03")
L 10/30/2020 - 02:21:00: [basecommands.smx] "Console<0><Console><Console>" changed map to "plr_hightower"
L 10/30/2020 - 02:21:03: [SM] Changed map to "plr_hightower"
L 10/30/2020 - 02:21:04: -------- Mapchange to plr_hightower --------
L 10/30/2020 - 02:21:11: [tf2items_giveweapon.smx] [TF2Items GiveWeapon]2041_viewmodel: Preparing models/weapons/c_models/c_v_ludmila/c_v_ludmila.mdl
L 10/30/2020 - 02:21:11: [tf2items_giveweapon.smx] [TF2Items GiveWeapon]2058_model: cannot find valid model models/custom/weapons/antehgen/urinejar.mdl, skipping
L 10/30/2020 - 02:21:11: [tf2items_giveweapon.smx] [TF2Items GiveWeapon]2058_viewmodel: cannot find valid model models/custom/weapons/antehgen/urinejar.mdl, skipping
L 10/30/2020 - 02:21:11: [tf2items_giveweapon.smx] [TF2Items GiveWeapon]2171_model: cannot find valid model models/advancedweaponiser/w_sickle_sniper.mdl, skipping
L 10/30/2020 - 02:21:11: [tf2items_giveweapon.smx] [TF2Items GiveWeapon]2171_viewmodel: cannot find valid model models/advancedweaponiser/w_sickle_sniper.mdl, skipping
L 10/30/2020 - 02:21:11: [tf2items_giveweapon.smx] [TF2Items GiveWeapon]2197_model: cannot find valid model models/custom/weapons/rebelscurse/c_wrench_v2.mdl, skipping
L 10/30/2020 - 02:21:11: [tf2items_giveweapon.smx] [TF2Items GiveWeapon]2197_viewmodel: cannot find valid model models/custom/weapons/rebelscurse/c_wrench_v2.mdl, skipping
L 10/30/2020 - 02:21:11: [tf2items_giveweapon.smx] [TF2Items GiveWeapon]2228_model: cannot find valid model models/advancedweaponiser/fbomb/c_fbomb.mdl, skipping
L 10/30/2020 - 02:21:11: [tf2items_giveweapon.smx] [TF2Items GiveWeapon]2228_viewmodel: cannot find valid model models/advancedweaponiser/fbomb/c_fbomb.mdl, skipping
L 10/30/2020 - 02:21:11: [tf2items_giveweapon.smx] [TF2Items GiveWeapon]5142_viewmodel: cannot find valid model models/custom/weapons/goldslinger/c_engineer_gunslinger.mdl, skipping
L 10/30/2020 - 02:21:12: [basecommands.smx] "Console<0><Console><Console>" changed cvar (cvar "nb_update_frequency") (value "0.03")
L 10/30/2020 - 02:21:34: [basecommands.smx] "Console<0><Console><Console>" changed map to "plr_hightower_event"
L 10/30/2020 - 02:21:37: [SM] Changed map to "plr_hightower_event"
L 10/30/2020 - 02:21:39: -------- Mapchange to plr_hightower_event --------
L 10/30/2020 - 02:21:44: [tf2items_giveweapon.smx] [TF2Items GiveWeapon]2041_viewmodel: Preparing models/weapons/c_models/c_v_ludmila/c_v_ludmila.mdl
L 10/30/2020 - 02:21:44: [tf2items_giveweapon.smx] [TF2Items GiveWeapon]2058_model: cannot find valid model models/custom/weapons/antehgen/urinejar.mdl, skipping
L 10/30/2020 - 02:21:44: [tf2items_giveweapon.smx] [TF2Items GiveWeapon]2058_viewmodel: cannot find valid model models/custom/weapons/antehgen/urinejar.mdl, skipping
L 10/30/2020 - 02:21:44: [tf2items_giveweapon.smx] [TF2Items GiveWeapon]2171_model: cannot find valid model models/advancedweaponiser/w_sickle_sniper.mdl, skipping
L 10/30/2020 - 02:21:44: [tf2items_giveweapon.smx] [TF2Items GiveWeapon]2171_viewmodel: cannot find valid model models/advancedweaponiser/w_sickle_sniper.mdl, skipping
L 10/30/2020 - 02:21:44: [tf2items_giveweapon.smx] [TF2Items GiveWeapon]2197_model: cannot find valid model models/custom/weapons/rebelscurse/c_wrench_v2.mdl, skipping
L 10/30/2020 - 02:21:44: [tf2items_giveweapon.smx] [TF2Items GiveWeapon]2197_viewmodel: cannot find valid model models/custom/weapons/rebelscurse/c_wrench_v2.mdl, skipping
L 10/30/2020 - 02:21:44: [tf2items_giveweapon.smx] [TF2Items GiveWeapon]2228_model: cannot find valid model models/advancedweaponiser/fbomb/c_fbomb.mdl, skipping
L 10/30/2020 - 02:21:44: [tf2items_giveweapon.smx] [TF2Items GiveWeapon]2228_viewmodel: cannot find valid model models/advancedweaponiser/fbomb/c_fbomb.mdl, skipping
L 10/30/2020 - 02:21:44: [tf2items_giveweapon.smx] [TF2Items GiveWeapon]5142_viewmodel: cannot find valid model models/custom/weapons/goldslinger/c_engineer_gunslinger.mdl, skipping
L 10/30/2020 - 02:21:45: [basecommands.smx] "Console<0><Console><Console>" changed cvar (cvar "nb_update_frequency") (value "0.03")
L 10/30/2020 - 02:48:43: [mapchooser.smx] Voting for next map has started.
L 10/30/2020 - 18:26:29: [admincheats.smx] <Wachin (stim dame los hats forr><STEAM_0:1:491116116><201.251.15.76> was prevented from running cheat command 'noclip'
L 10/31/2020 - 05:04:06: Log file closed.
