L 10/13/2021 - 04:00:33: SourceMod log file session started (file "/hlserver/tf2/tf/addons/sourcemod/logs/L20211013.log") (Version "1.10.0.6512")
L 10/13/2021 - 04:00:33: [ScheduledShutdown.smx] Server shutdown warning.
L 10/13/2021 - 04:00:43: [ScheduledShutdown.smx] Server shutdown.
L 10/13/2021 - 04:00:44: [stac.smx] [StAC] File handle invalid!
L 10/13/2021 - 04:00:44: [stac.smx] [StAC] Plugin vers. ---- 5.1.1 ---- unloaded
L 10/13/2021 - 04:00:44: Log file closed.
L 10/13/2021 - 04:01:25: SourceMod log file session started (file "/hlserver/tf2/tf/addons/sourcemod/logs/L20211013.log") (Version "1.10.0.6512")
L 10/13/2021 - 04:01:25: [TF2ITEMS] "GiveNamedItem" offset = 485
L 10/13/2021 - 04:01:25: [auto_steam_update.smx] HUD text is supported on this mod. The persistant timer will display.
L 10/13/2021 - 04:01:25: [simple-chatprocessor.smx] [SCP] Recognized mod [Team Fortress 2].
L 10/13/2021 - 04:01:25: [simple-chatprocessor.smx] [SCP] Loading translation file [scp.tf.phrases].
L 10/13/2021 - 04:01:25: [stac.smx] [StAC] File handle invalid!
L 10/13/2021 - 04:01:25: [stac.smx] [StAC] Plugin vers. ---- 5.1.1 ---- loaded
L 10/13/2021 - 04:01:33: [tf2items_giveweapon.smx] [TF2Items GiveWeapon]2041_viewmodel: Preparing models/weapons/c_models/c_v_ludmila/c_v_ludmila.mdl
L 10/13/2021 - 04:01:33: [tf2items_giveweapon.smx] [TF2Items GiveWeapon]2058_model: cannot find valid model models/custom/weapons/antehgen/urinejar.mdl, skipping
L 10/13/2021 - 04:01:33: [tf2items_giveweapon.smx] [TF2Items GiveWeapon]2058_viewmodel: cannot find valid model models/custom/weapons/antehgen/urinejar.mdl, skipping
L 10/13/2021 - 04:01:33: [tf2items_giveweapon.smx] [TF2Items GiveWeapon]2171_model: cannot find valid model models/advancedweaponiser/w_sickle_sniper.mdl, skipping
L 10/13/2021 - 04:01:33: [tf2items_giveweapon.smx] [TF2Items GiveWeapon]2171_viewmodel: cannot find valid model models/advancedweaponiser/w_sickle_sniper.mdl, skipping
L 10/13/2021 - 04:01:33: [tf2items_giveweapon.smx] [TF2Items GiveWeapon]2197_model: cannot find valid model models/custom/weapons/rebelscurse/c_wrench_v2.mdl, skipping
L 10/13/2021 - 04:01:33: [tf2items_giveweapon.smx] [TF2Items GiveWeapon]2197_viewmodel: cannot find valid model models/custom/weapons/rebelscurse/c_wrench_v2.mdl, skipping
L 10/13/2021 - 04:01:33: [tf2items_giveweapon.smx] [TF2Items GiveWeapon]2228_model: cannot find valid model models/advancedweaponiser/fbomb/c_fbomb.mdl, skipping
L 10/13/2021 - 04:01:33: [tf2items_giveweapon.smx] [TF2Items GiveWeapon]2228_viewmodel: cannot find valid model models/advancedweaponiser/fbomb/c_fbomb.mdl, skipping
L 10/13/2021 - 04:01:33: [tf2items_giveweapon.smx] [TF2Items GiveWeapon]5142_viewmodel: cannot find valid model models/custom/weapons/goldslinger/c_engineer_gunslinger.mdl, skipping
L 10/13/2021 - 04:01:34: [basecommands.smx] "Console<0><Console><Console>" changed cvar (cvar "nb_update_frequency") (value "0.03")
L 10/13/2021 - 04:01:34: [basecommands.smx] "Console<0><Console><Console>" changed cvar (cvar "fps_max") (value "0")
L 10/13/2021 - 19:45:52: [SM] Changed map to "sd_doomsday_event"
L 10/13/2021 - 19:45:54: -------- Mapchange to sd_doomsday_event --------
L 10/13/2021 - 19:46:01: [tf2items_giveweapon.smx] [TF2Items GiveWeapon]2041_viewmodel: Preparing models/weapons/c_models/c_v_ludmila/c_v_ludmila.mdl
L 10/13/2021 - 19:46:01: [tf2items_giveweapon.smx] [TF2Items GiveWeapon]2058_model: cannot find valid model models/custom/weapons/antehgen/urinejar.mdl, skipping
L 10/13/2021 - 19:46:01: [tf2items_giveweapon.smx] [TF2Items GiveWeapon]2058_viewmodel: cannot find valid model models/custom/weapons/antehgen/urinejar.mdl, skipping
L 10/13/2021 - 19:46:01: [tf2items_giveweapon.smx] [TF2Items GiveWeapon]2171_model: cannot find valid model models/advancedweaponiser/w_sickle_sniper.mdl, skipping
L 10/13/2021 - 19:46:01: [tf2items_giveweapon.smx] [TF2Items GiveWeapon]2171_viewmodel: cannot find valid model models/advancedweaponiser/w_sickle_sniper.mdl, skipping
L 10/13/2021 - 19:46:01: [tf2items_giveweapon.smx] [TF2Items GiveWeapon]2197_model: cannot find valid model models/custom/weapons/rebelscurse/c_wrench_v2.mdl, skipping
L 10/13/2021 - 19:46:01: [tf2items_giveweapon.smx] [TF2Items GiveWeapon]2197_viewmodel: cannot find valid model models/custom/weapons/rebelscurse/c_wrench_v2.mdl, skipping
L 10/13/2021 - 19:46:01: [tf2items_giveweapon.smx] [TF2Items GiveWeapon]2228_model: cannot find valid model models/advancedweaponiser/fbomb/c_fbomb.mdl, skipping
L 10/13/2021 - 19:46:01: [tf2items_giveweapon.smx] [TF2Items GiveWeapon]2228_viewmodel: cannot find valid model models/advancedweaponiser/fbomb/c_fbomb.mdl, skipping
L 10/13/2021 - 19:46:01: [tf2items_giveweapon.smx] [TF2Items GiveWeapon]5142_viewmodel: cannot find valid model models/custom/weapons/goldslinger/c_engineer_gunslinger.mdl, skipping
L 10/13/2021 - 19:46:02: [basecommands.smx] "Console<0><Console><Console>" changed cvar (cvar "nb_update_frequency") (value "0.03")
L 10/13/2021 - 19:46:02: [basecommands.smx] "Console<0><Console><Console>" changed cvar (cvar "fps_max") (value "0")
L 10/14/2021 - 04:00:02: Log file closed.
