L 06/28/2021 - 04:00:33: SourceMod log file session started (file "/hlserver/tf2/tf/addons/sourcemod/logs/L20210628.log") (Version "1.10.0.6490")
L 06/28/2021 - 04:00:33: [ScheduledShutdown.smx] Server shutdown warning.
L 06/28/2021 - 04:00:43: [ScheduledShutdown.smx] Server shutdown.
L 06/28/2021 - 04:00:44: [stac.smx] [StAC] File handle invalid!
L 06/28/2021 - 04:00:44: [stac.smx] [StAC] Plugin vers. ---- 5.0.7 ---- unloaded
L 06/28/2021 - 04:00:44: Log file closed.
L 06/28/2021 - 04:01:28: SourceMod log file session started (file "/hlserver/tf2/tf/addons/sourcemod/logs/L20210628.log") (Version "1.10.0.6490")
L 06/28/2021 - 04:01:28: [TF2ITEMS] "GiveNamedItem" offset = 485
L 06/28/2021 - 04:01:28: [auto_steam_update.smx] HUD text is supported on this mod. The persistant timer will display.
L 06/28/2021 - 04:01:28: [simple-chatprocessor.smx] [SCP] Recognized mod [Team Fortress 2].
L 06/28/2021 - 04:01:28: [simple-chatprocessor.smx] [SCP] Loading translation file [scp.tf.phrases].
L 06/28/2021 - 04:01:28: [stac.smx] [StAC] File handle invalid!
L 06/28/2021 - 04:01:28: [stac.smx] [StAC] Plugin vers. ---- 5.0.7 ---- loaded
L 06/28/2021 - 04:01:37: [tf2items_giveweapon.smx] [TF2Items GiveWeapon]2041_viewmodel: Preparing models/weapons/c_models/c_v_ludmila/c_v_ludmila.mdl
L 06/28/2021 - 04:01:37: [tf2items_giveweapon.smx] [TF2Items GiveWeapon]2058_model: cannot find valid model models/custom/weapons/antehgen/urinejar.mdl, skipping
L 06/28/2021 - 04:01:37: [tf2items_giveweapon.smx] [TF2Items GiveWeapon]2058_viewmodel: cannot find valid model models/custom/weapons/antehgen/urinejar.mdl, skipping
L 06/28/2021 - 04:01:37: [tf2items_giveweapon.smx] [TF2Items GiveWeapon]2171_model: cannot find valid model models/advancedweaponiser/w_sickle_sniper.mdl, skipping
L 06/28/2021 - 04:01:37: [tf2items_giveweapon.smx] [TF2Items GiveWeapon]2171_viewmodel: cannot find valid model models/advancedweaponiser/w_sickle_sniper.mdl, skipping
L 06/28/2021 - 04:01:37: [tf2items_giveweapon.smx] [TF2Items GiveWeapon]2197_model: cannot find valid model models/custom/weapons/rebelscurse/c_wrench_v2.mdl, skipping
L 06/28/2021 - 04:01:37: [tf2items_giveweapon.smx] [TF2Items GiveWeapon]2197_viewmodel: cannot find valid model models/custom/weapons/rebelscurse/c_wrench_v2.mdl, skipping
L 06/28/2021 - 04:01:37: [tf2items_giveweapon.smx] [TF2Items GiveWeapon]2228_model: cannot find valid model models/advancedweaponiser/fbomb/c_fbomb.mdl, skipping
L 06/28/2021 - 04:01:37: [tf2items_giveweapon.smx] [TF2Items GiveWeapon]2228_viewmodel: cannot find valid model models/advancedweaponiser/fbomb/c_fbomb.mdl, skipping
L 06/28/2021 - 04:01:37: [tf2items_giveweapon.smx] [TF2Items GiveWeapon]5142_viewmodel: cannot find valid model models/custom/weapons/goldslinger/c_engineer_gunslinger.mdl, skipping
L 06/28/2021 - 04:01:38: [basecommands.smx] "Console<0><Console><Console>" changed cvar (cvar "nb_update_frequency") (value "0.03")
L 06/28/2021 - 04:10:58: SourceMod log file session started (file "/hlserver/tf2/tf/addons/sourcemod/logs/L20210628.log") (Version "1.10.0.6490")
L 06/28/2021 - 04:10:58: [TF2ITEMS] "GiveNamedItem" offset = 485
L 06/28/2021 - 04:10:58: [auto_steam_update.smx] HUD text is supported on this mod. The persistant timer will display.
L 06/28/2021 - 04:10:58: [simple-chatprocessor.smx] [SCP] Recognized mod [Team Fortress 2].
L 06/28/2021 - 04:10:58: [simple-chatprocessor.smx] [SCP] Loading translation file [scp.tf.phrases].
L 06/28/2021 - 04:10:58: [stac.smx] [StAC] File handle invalid!
L 06/28/2021 - 04:10:58: [stac.smx] [StAC] Plugin vers. ---- 5.0.7 ---- loaded
L 06/28/2021 - 04:11:09: [tf2items_giveweapon.smx] [TF2Items GiveWeapon]2041_viewmodel: Preparing models/weapons/c_models/c_v_ludmila/c_v_ludmila.mdl
L 06/28/2021 - 04:11:09: [tf2items_giveweapon.smx] [TF2Items GiveWeapon]2058_model: cannot find valid model models/custom/weapons/antehgen/urinejar.mdl, skipping
L 06/28/2021 - 04:11:09: [tf2items_giveweapon.smx] [TF2Items GiveWeapon]2058_viewmodel: cannot find valid model models/custom/weapons/antehgen/urinejar.mdl, skipping
L 06/28/2021 - 04:11:09: [tf2items_giveweapon.smx] [TF2Items GiveWeapon]2171_model: cannot find valid model models/advancedweaponiser/w_sickle_sniper.mdl, skipping
L 06/28/2021 - 04:11:09: [tf2items_giveweapon.smx] [TF2Items GiveWeapon]2171_viewmodel: cannot find valid model models/advancedweaponiser/w_sickle_sniper.mdl, skipping
L 06/28/2021 - 04:11:09: [tf2items_giveweapon.smx] [TF2Items GiveWeapon]2197_model: cannot find valid model models/custom/weapons/rebelscurse/c_wrench_v2.mdl, skipping
L 06/28/2021 - 04:11:09: [tf2items_giveweapon.smx] [TF2Items GiveWeapon]2197_viewmodel: cannot find valid model models/custom/weapons/rebelscurse/c_wrench_v2.mdl, skipping
L 06/28/2021 - 04:11:09: [tf2items_giveweapon.smx] [TF2Items GiveWeapon]2228_model: cannot find valid model models/advancedweaponiser/fbomb/c_fbomb.mdl, skipping
L 06/28/2021 - 04:11:09: [tf2items_giveweapon.smx] [TF2Items GiveWeapon]2228_viewmodel: cannot find valid model models/advancedweaponiser/fbomb/c_fbomb.mdl, skipping
L 06/28/2021 - 04:11:09: [tf2items_giveweapon.smx] [TF2Items GiveWeapon]5142_viewmodel: cannot find valid model models/custom/weapons/goldslinger/c_engineer_gunslinger.mdl, skipping
L 06/28/2021 - 04:11:10: [basecommands.smx] "Console<0><Console><Console>" changed cvar (cvar "nb_update_frequency") (value "0.03")
L 06/28/2021 - 20:11:10: [playercommands.smx] "ashley<12><[U:1:109549249]><>" slayed "Hairy Color Pencils<13><[U:1:248904872]><>"
L 06/28/2021 - 22:42:29: [admincheats.smx] <Zombiehunter138><STEAM_0:0:105275861><173.237.207.65> was prevented from running cheat command 'ent_fire'
L 06/28/2021 - 23:17:48: [funcommands.smx] "Bryony<27><[U:1:298643660]><>" toggled noclip on "Bryony<27><[U:1:298643660]><>"
L 06/28/2021 - 23:21:06: [funcommands.smx] "Bryony<27><[U:1:298643660]><>" set gravity on "Bryony<27><[U:1:298643660]><>" (amount "0.100000")
L 06/28/2021 - 23:23:54: [funcommands.smx] "Bryony<27><[U:1:298643660]><>" set gravity on "Bryony<27><[U:1:298643660]><>" (amount "1.000000")
L 06/28/2021 - 23:24:22: [playercommands.smx] "Bryony<27><[U:1:298643660]><>" slapped "improvized Labotomizer<24><[U:1:434934804]><>" (damage "1")
L 06/29/2021 - 02:00:06: Log file closed.
