L 10/02/2020 - 00:32:08: SourceMod log file session started (file "/hlserver/tf2/tf/addons/sourcemod/logs/L20201002.log") (Version "1.10.0.6490")
L 10/02/2020 - 00:32:08: [resizeplayers.smx] "hallowed ween<12><[U:1:109549249]><>" resized "hallowed ween<12><[U:1:109549249]><>"'s head to 10.0.
L 10/02/2020 - 00:32:38: [resizeplayers.smx] "hallowed ween<12><[U:1:109549249]><>" resized "hallowed ween<12><[U:1:109549249]><>"'s head to 0.1.
L 10/02/2020 - 00:32:55: [resizeplayers.smx] "hallowed ween<12><[U:1:109549249]><>" resized "Mimitchi (Spooky Version)<11><[U:1:89189905]><>"'s torso to 0.5.
L 10/02/2020 - 00:32:55: [resizeplayers.smx] "hallowed ween<12><[U:1:109549249]><>" resized "hallowed ween<12><[U:1:109549249]><>"'s torso to 0.5.
L 10/02/2020 - 00:32:55: [resizeplayers.smx] "hallowed ween<12><[U:1:109549249]><>" resized "Player<13><[U:1:298643660]><>"'s torso to 0.5.
L 10/02/2020 - 00:33:00: [resizeplayers.smx] "hallowed ween<12><[U:1:109549249]><>" resized "hallowed ween<12><[U:1:109549249]><>"'s head to 1.0.
L 10/02/2020 - 00:33:50: [resizeplayers.smx] "hallowed ween<12><[U:1:109549249]><>" resized "Mimitchi (Spooky Version)<11><[U:1:89189905]><>"'s torso to 0.5.
L 10/02/2020 - 00:33:50: [resizeplayers.smx] "hallowed ween<12><[U:1:109549249]><>" resized "hallowed ween<12><[U:1:109549249]><>"'s torso to 0.5.
L 10/02/2020 - 00:33:50: [resizeplayers.smx] "hallowed ween<12><[U:1:109549249]><>" resized "Player<13><[U:1:298643660]><>"'s torso to 0.5.
L 10/02/2020 - 00:33:50: [resizeplayers.smx] "hallowed ween<12><[U:1:109549249]><>" resized "SANS<14><[U:1:104568609]><>"'s torso to 0.5.
L 10/02/2020 - 00:34:38: [resizeplayers.smx] "hallowed ween<12><[U:1:109549249]><>" resized "Mimitchi (Spooky Version)<11><[U:1:89189905]><>"'s torso to 1.0.
L 10/02/2020 - 00:34:38: [resizeplayers.smx] "hallowed ween<12><[U:1:109549249]><>" resized "hallowed ween<12><[U:1:109549249]><>"'s torso to 1.0.
L 10/02/2020 - 00:34:38: [resizeplayers.smx] "hallowed ween<12><[U:1:109549249]><>" resized "Player<13><[U:1:298643660]><>"'s torso to 1.0.
L 10/02/2020 - 00:34:38: [resizeplayers.smx] "hallowed ween<12><[U:1:109549249]><>" resized "SANS<14><[U:1:104568609]><>"'s torso to 1.0.
L 10/02/2020 - 00:34:42: [resizeplayers.smx] "hallowed ween<12><[U:1:109549249]><>" resized "Mimitchi (Spooky Version)<11><[U:1:89189905]><>" to 0.1.
L 10/02/2020 - 00:34:42: [resizeplayers.smx] "hallowed ween<12><[U:1:109549249]><>" resized "hallowed ween<12><[U:1:109549249]><>" to 0.1.
L 10/02/2020 - 00:34:42: [resizeplayers.smx] "hallowed ween<12><[U:1:109549249]><>" resized "Player<13><[U:1:298643660]><>" to 0.1.
L 10/02/2020 - 00:34:42: [resizeplayers.smx] "hallowed ween<12><[U:1:109549249]><>" resized "SANS<14><[U:1:104568609]><>" to 0.1.
L 10/02/2020 - 02:06:28: [SM] Changed map to "cp_sunshine_event"
L 10/02/2020 - 02:06:30: -------- Mapchange to cp_sunshine_event --------
L 10/02/2020 - 02:06:36: [tf2items_giveweapon.smx] [TF2Items GiveWeapon]2041_viewmodel: Preparing models/weapons/c_models/c_v_ludmila/c_v_ludmila.mdl
L 10/02/2020 - 02:06:36: [tf2items_giveweapon.smx] [TF2Items GiveWeapon]2058_model: cannot find valid model models/custom/weapons/antehgen/urinejar.mdl, skipping
L 10/02/2020 - 02:06:36: [tf2items_giveweapon.smx] [TF2Items GiveWeapon]2058_viewmodel: cannot find valid model models/custom/weapons/antehgen/urinejar.mdl, skipping
L 10/02/2020 - 02:06:36: [tf2items_giveweapon.smx] [TF2Items GiveWeapon]2171_model: cannot find valid model models/advancedweaponiser/w_sickle_sniper.mdl, skipping
L 10/02/2020 - 02:06:36: [tf2items_giveweapon.smx] [TF2Items GiveWeapon]2171_viewmodel: cannot find valid model models/advancedweaponiser/w_sickle_sniper.mdl, skipping
L 10/02/2020 - 02:06:36: [tf2items_giveweapon.smx] [TF2Items GiveWeapon]2197_model: cannot find valid model models/custom/weapons/rebelscurse/c_wrench_v2.mdl, skipping
L 10/02/2020 - 02:06:36: [tf2items_giveweapon.smx] [TF2Items GiveWeapon]2197_viewmodel: cannot find valid model models/custom/weapons/rebelscurse/c_wrench_v2.mdl, skipping
L 10/02/2020 - 02:06:36: [tf2items_giveweapon.smx] [TF2Items GiveWeapon]2228_model: cannot find valid model models/advancedweaponiser/fbomb/c_fbomb.mdl, skipping
L 10/02/2020 - 02:06:36: [tf2items_giveweapon.smx] [TF2Items GiveWeapon]2228_viewmodel: cannot find valid model models/advancedweaponiser/fbomb/c_fbomb.mdl, skipping
L 10/02/2020 - 02:06:36: [tf2items_giveweapon.smx] [TF2Items GiveWeapon]5142_viewmodel: cannot find valid model models/custom/weapons/goldslinger/c_engineer_gunslinger.mdl, skipping
L 10/02/2020 - 02:06:36: [basecommands.smx] "Console<0><Console><Console>" changed cvar (cvar "nb_update_frequency") (value "0.03")
L 10/02/2020 - 02:34:40: [mapchooser.smx] Voting for next map has started.
L 10/02/2020 - 02:35:01: [mapchooser.smx] Voting for next map has finished. Nextmap: koth_undergrove_event.
L 10/02/2020 - 02:38:14: [SM] Changed map to "koth_undergrove_event"
L 10/02/2020 - 02:38:16: -------- Mapchange to koth_undergrove_event --------
L 10/02/2020 - 02:38:21: [tf2items_giveweapon.smx] [TF2Items GiveWeapon]2041_viewmodel: Preparing models/weapons/c_models/c_v_ludmila/c_v_ludmila.mdl
L 10/02/2020 - 02:38:21: [tf2items_giveweapon.smx] [TF2Items GiveWeapon]2058_model: cannot find valid model models/custom/weapons/antehgen/urinejar.mdl, skipping
L 10/02/2020 - 02:38:21: [tf2items_giveweapon.smx] [TF2Items GiveWeapon]2058_viewmodel: cannot find valid model models/custom/weapons/antehgen/urinejar.mdl, skipping
L 10/02/2020 - 02:38:21: [tf2items_giveweapon.smx] [TF2Items GiveWeapon]2171_model: cannot find valid model models/advancedweaponiser/w_sickle_sniper.mdl, skipping
L 10/02/2020 - 02:38:21: [tf2items_giveweapon.smx] [TF2Items GiveWeapon]2171_viewmodel: cannot find valid model models/advancedweaponiser/w_sickle_sniper.mdl, skipping
L 10/02/2020 - 02:38:21: [tf2items_giveweapon.smx] [TF2Items GiveWeapon]2197_model: cannot find valid model models/custom/weapons/rebelscurse/c_wrench_v2.mdl, skipping
L 10/02/2020 - 02:38:21: [tf2items_giveweapon.smx] [TF2Items GiveWeapon]2197_viewmodel: cannot find valid model models/custom/weapons/rebelscurse/c_wrench_v2.mdl, skipping
L 10/02/2020 - 02:38:21: [tf2items_giveweapon.smx] [TF2Items GiveWeapon]2228_model: cannot find valid model models/advancedweaponiser/fbomb/c_fbomb.mdl, skipping
L 10/02/2020 - 02:38:21: [tf2items_giveweapon.smx] [TF2Items GiveWeapon]2228_viewmodel: cannot find valid model models/advancedweaponiser/fbomb/c_fbomb.mdl, skipping
L 10/02/2020 - 02:38:21: [tf2items_giveweapon.smx] [TF2Items GiveWeapon]5142_viewmodel: cannot find valid model models/custom/weapons/goldslinger/c_engineer_gunslinger.mdl, skipping
L 10/02/2020 - 02:38:22: [basecommands.smx] "Console<0><Console><Console>" changed cvar (cvar "nb_update_frequency") (value "0.03")
L 10/02/2020 - 03:04:55: [SM] Changed map to "koth_bagel_event"
L 10/02/2020 - 03:04:57: -------- Mapchange to koth_bagel_event --------
L 10/02/2020 - 03:05:03: [tf2items_giveweapon.smx] [TF2Items GiveWeapon]2041_viewmodel: Preparing models/weapons/c_models/c_v_ludmila/c_v_ludmila.mdl
L 10/02/2020 - 03:05:03: [tf2items_giveweapon.smx] [TF2Items GiveWeapon]2058_model: cannot find valid model models/custom/weapons/antehgen/urinejar.mdl, skipping
L 10/02/2020 - 03:05:03: [tf2items_giveweapon.smx] [TF2Items GiveWeapon]2058_viewmodel: cannot find valid model models/custom/weapons/antehgen/urinejar.mdl, skipping
L 10/02/2020 - 03:05:03: [tf2items_giveweapon.smx] [TF2Items GiveWeapon]2171_model: cannot find valid model models/advancedweaponiser/w_sickle_sniper.mdl, skipping
L 10/02/2020 - 03:05:03: [tf2items_giveweapon.smx] [TF2Items GiveWeapon]2171_viewmodel: cannot find valid model models/advancedweaponiser/w_sickle_sniper.mdl, skipping
L 10/02/2020 - 03:05:03: [tf2items_giveweapon.smx] [TF2Items GiveWeapon]2197_model: cannot find valid model models/custom/weapons/rebelscurse/c_wrench_v2.mdl, skipping
L 10/02/2020 - 03:05:03: [tf2items_giveweapon.smx] [TF2Items GiveWeapon]2197_viewmodel: cannot find valid model models/custom/weapons/rebelscurse/c_wrench_v2.mdl, skipping
L 10/02/2020 - 03:05:03: [tf2items_giveweapon.smx] [TF2Items GiveWeapon]2228_model: cannot find valid model models/advancedweaponiser/fbomb/c_fbomb.mdl, skipping
L 10/02/2020 - 03:05:03: [tf2items_giveweapon.smx] [TF2Items GiveWeapon]2228_viewmodel: cannot find valid model models/advancedweaponiser/fbomb/c_fbomb.mdl, skipping
L 10/02/2020 - 03:05:03: [tf2items_giveweapon.smx] [TF2Items GiveWeapon]5142_viewmodel: cannot find valid model models/custom/weapons/goldslinger/c_engineer_gunslinger.mdl, skipping
L 10/02/2020 - 03:05:04: [basecommands.smx] "Console<0><Console><Console>" changed cvar (cvar "nb_update_frequency") (value "0.03")
L 10/02/2020 - 03:32:11: [SM] Changed map to "koth_harvest_event"
L 10/02/2020 - 03:32:12: -------- Mapchange to koth_harvest_event --------
L 10/02/2020 - 03:32:18: [tf2items_giveweapon.smx] [TF2Items GiveWeapon]2041_viewmodel: Preparing models/weapons/c_models/c_v_ludmila/c_v_ludmila.mdl
L 10/02/2020 - 03:32:18: [tf2items_giveweapon.smx] [TF2Items GiveWeapon]2058_model: cannot find valid model models/custom/weapons/antehgen/urinejar.mdl, skipping
L 10/02/2020 - 03:32:18: [tf2items_giveweapon.smx] [TF2Items GiveWeapon]2058_viewmodel: cannot find valid model models/custom/weapons/antehgen/urinejar.mdl, skipping
L 10/02/2020 - 03:32:18: [tf2items_giveweapon.smx] [TF2Items GiveWeapon]2171_model: cannot find valid model models/advancedweaponiser/w_sickle_sniper.mdl, skipping
L 10/02/2020 - 03:32:18: [tf2items_giveweapon.smx] [TF2Items GiveWeapon]2171_viewmodel: cannot find valid model models/advancedweaponiser/w_sickle_sniper.mdl, skipping
L 10/02/2020 - 03:32:18: [tf2items_giveweapon.smx] [TF2Items GiveWeapon]2197_model: cannot find valid model models/custom/weapons/rebelscurse/c_wrench_v2.mdl, skipping
L 10/02/2020 - 03:32:18: [tf2items_giveweapon.smx] [TF2Items GiveWeapon]2197_viewmodel: cannot find valid model models/custom/weapons/rebelscurse/c_wrench_v2.mdl, skipping
L 10/02/2020 - 03:32:18: [tf2items_giveweapon.smx] [TF2Items GiveWeapon]2228_model: cannot find valid model models/advancedweaponiser/fbomb/c_fbomb.mdl, skipping
L 10/02/2020 - 03:32:18: [tf2items_giveweapon.smx] [TF2Items GiveWeapon]2228_viewmodel: cannot find valid model models/advancedweaponiser/fbomb/c_fbomb.mdl, skipping
L 10/02/2020 - 03:32:18: [tf2items_giveweapon.smx] [TF2Items GiveWeapon]5142_viewmodel: cannot find valid model models/custom/weapons/goldslinger/c_engineer_gunslinger.mdl, skipping
L 10/02/2020 - 03:32:18: [basecommands.smx] "Console<0><Console><Console>" changed cvar (cvar "nb_update_frequency") (value "0.03")
L 10/02/2020 - 03:59:16: [mapchooser.smx] Voting for next map has started.
L 10/02/2020 - 17:11:50: [admincheats.smx] <force of nature><STEAM_0:1:160620691><65.99.112.216> was prevented from running cheat command 'noclip'
L 10/02/2020 - 17:13:20: [SM] Changed map to "pd_pit_of_death_event"
L 10/02/2020 - 17:13:22: -------- Mapchange to pd_pit_of_death_event --------
L 10/02/2020 - 17:13:27: [tf2items_giveweapon.smx] [TF2Items GiveWeapon]2041_viewmodel: Preparing models/weapons/c_models/c_v_ludmila/c_v_ludmila.mdl
L 10/02/2020 - 17:13:27: [tf2items_giveweapon.smx] [TF2Items GiveWeapon]2058_model: cannot find valid model models/custom/weapons/antehgen/urinejar.mdl, skipping
L 10/02/2020 - 17:13:27: [tf2items_giveweapon.smx] [TF2Items GiveWeapon]2058_viewmodel: cannot find valid model models/custom/weapons/antehgen/urinejar.mdl, skipping
L 10/02/2020 - 17:13:27: [tf2items_giveweapon.smx] [TF2Items GiveWeapon]2171_model: cannot find valid model models/advancedweaponiser/w_sickle_sniper.mdl, skipping
L 10/02/2020 - 17:13:27: [tf2items_giveweapon.smx] [TF2Items GiveWeapon]2171_viewmodel: cannot find valid model models/advancedweaponiser/w_sickle_sniper.mdl, skipping
L 10/02/2020 - 17:13:27: [tf2items_giveweapon.smx] [TF2Items GiveWeapon]2197_model: cannot find valid model models/custom/weapons/rebelscurse/c_wrench_v2.mdl, skipping
L 10/02/2020 - 17:13:27: [tf2items_giveweapon.smx] [TF2Items GiveWeapon]2197_viewmodel: cannot find valid model models/custom/weapons/rebelscurse/c_wrench_v2.mdl, skipping
L 10/02/2020 - 17:13:27: [tf2items_giveweapon.smx] [TF2Items GiveWeapon]2228_model: cannot find valid model models/advancedweaponiser/fbomb/c_fbomb.mdl, skipping
L 10/02/2020 - 17:13:27: [tf2items_giveweapon.smx] [TF2Items GiveWeapon]2228_viewmodel: cannot find valid model models/advancedweaponiser/fbomb/c_fbomb.mdl, skipping
L 10/02/2020 - 17:13:27: [tf2items_giveweapon.smx] [TF2Items GiveWeapon]5142_viewmodel: cannot find valid model models/custom/weapons/goldslinger/c_engineer_gunslinger.mdl, skipping
L 10/02/2020 - 17:13:28: [basecommands.smx] "Console<0><Console><Console>" changed cvar (cvar "nb_update_frequency") (value "0.03")
L 10/02/2020 - 17:41:30: [mapchooser.smx] Voting for next map has started.
L 10/02/2020 - 20:31:04: [SM] Changed map to "workshop/cp_ambush_event_rc5.ugc2140326607"
L 10/02/2020 - 20:31:08: -------- Mapchange to workshop/cp_ambush_event_rc5.ugc2140326607 --------
L 10/02/2020 - 20:31:14: [tf2items_giveweapon.smx] [TF2Items GiveWeapon]2041_viewmodel: Preparing models/weapons/c_models/c_v_ludmila/c_v_ludmila.mdl
L 10/02/2020 - 20:31:14: [tf2items_giveweapon.smx] [TF2Items GiveWeapon]2058_model: cannot find valid model models/custom/weapons/antehgen/urinejar.mdl, skipping
L 10/02/2020 - 20:31:14: [tf2items_giveweapon.smx] [TF2Items GiveWeapon]2058_viewmodel: cannot find valid model models/custom/weapons/antehgen/urinejar.mdl, skipping
L 10/02/2020 - 20:31:14: [tf2items_giveweapon.smx] [TF2Items GiveWeapon]2171_model: cannot find valid model models/advancedweaponiser/w_sickle_sniper.mdl, skipping
L 10/02/2020 - 20:31:14: [tf2items_giveweapon.smx] [TF2Items GiveWeapon]2171_viewmodel: cannot find valid model models/advancedweaponiser/w_sickle_sniper.mdl, skipping
L 10/02/2020 - 20:31:14: [tf2items_giveweapon.smx] [TF2Items GiveWeapon]2197_model: cannot find valid model models/custom/weapons/rebelscurse/c_wrench_v2.mdl, skipping
L 10/02/2020 - 20:31:14: [tf2items_giveweapon.smx] [TF2Items GiveWeapon]2197_viewmodel: cannot find valid model models/custom/weapons/rebelscurse/c_wrench_v2.mdl, skipping
L 10/02/2020 - 20:31:14: [tf2items_giveweapon.smx] [TF2Items GiveWeapon]2228_model: cannot find valid model models/advancedweaponiser/fbomb/c_fbomb.mdl, skipping
L 10/02/2020 - 20:31:14: [tf2items_giveweapon.smx] [TF2Items GiveWeapon]2228_viewmodel: cannot find valid model models/advancedweaponiser/fbomb/c_fbomb.mdl, skipping
L 10/02/2020 - 20:31:14: [tf2items_giveweapon.smx] [TF2Items GiveWeapon]5142_viewmodel: cannot find valid model models/custom/weapons/goldslinger/c_engineer_gunslinger.mdl, skipping
L 10/02/2020 - 20:31:14: [basecommands.smx] "Console<0><Console><Console>" changed cvar (cvar "nb_update_frequency") (value "0.03")
L 10/02/2020 - 20:41:18: [SM] Changed map to "koth_megalo"
L 10/02/2020 - 20:41:20: -------- Mapchange to koth_megalo --------
L 10/02/2020 - 20:41:26: [tf2items_giveweapon.smx] [TF2Items GiveWeapon]2041_viewmodel: Preparing models/weapons/c_models/c_v_ludmila/c_v_ludmila.mdl
L 10/02/2020 - 20:41:26: [tf2items_giveweapon.smx] [TF2Items GiveWeapon]2058_model: cannot find valid model models/custom/weapons/antehgen/urinejar.mdl, skipping
L 10/02/2020 - 20:41:26: [tf2items_giveweapon.smx] [TF2Items GiveWeapon]2058_viewmodel: cannot find valid model models/custom/weapons/antehgen/urinejar.mdl, skipping
L 10/02/2020 - 20:41:26: [tf2items_giveweapon.smx] [TF2Items GiveWeapon]2171_model: cannot find valid model models/advancedweaponiser/w_sickle_sniper.mdl, skipping
L 10/02/2020 - 20:41:26: [tf2items_giveweapon.smx] [TF2Items GiveWeapon]2171_viewmodel: cannot find valid model models/advancedweaponiser/w_sickle_sniper.mdl, skipping
L 10/02/2020 - 20:41:26: [tf2items_giveweapon.smx] [TF2Items GiveWeapon]2197_model: cannot find valid model models/custom/weapons/rebelscurse/c_wrench_v2.mdl, skipping
L 10/02/2020 - 20:41:26: [tf2items_giveweapon.smx] [TF2Items GiveWeapon]2197_viewmodel: cannot find valid model models/custom/weapons/rebelscurse/c_wrench_v2.mdl, skipping
L 10/02/2020 - 20:41:26: [tf2items_giveweapon.smx] [TF2Items GiveWeapon]2228_model: cannot find valid model models/advancedweaponiser/fbomb/c_fbomb.mdl, skipping
L 10/02/2020 - 20:41:26: [tf2items_giveweapon.smx] [TF2Items GiveWeapon]2228_viewmodel: cannot find valid model models/advancedweaponiser/fbomb/c_fbomb.mdl, skipping
L 10/02/2020 - 20:41:26: [tf2items_giveweapon.smx] [TF2Items GiveWeapon]5142_viewmodel: cannot find valid model models/custom/weapons/goldslinger/c_engineer_gunslinger.mdl, skipping
L 10/02/2020 - 20:41:27: [basecommands.smx] "Console<0><Console><Console>" changed cvar (cvar "nb_update_frequency") (value "0.03")
L 10/02/2020 - 21:09:39: [mapchooser.smx] Voting for next map has started.
L 10/03/2020 - 04:42:26: Log file closed.
