L 09/10/2021 - 04:00:08: SourceMod log file session started (file "/hlserver/tf2/tf/addons/sourcemod/logs/L20210910.log") (Version "1.10.0.6490")
L 09/10/2021 - 04:00:08: [ScheduledShutdown.smx] Server shutdown warning.
L 09/10/2021 - 04:00:18: [ScheduledShutdown.smx] Server shutdown.
L 09/10/2021 - 04:00:18: [stac.smx] [StAC] File handle invalid!
L 09/10/2021 - 04:00:18: [stac.smx] [StAC] Plugin vers. ---- 5.1.1 ---- unloaded
L 09/10/2021 - 04:00:18: Log file closed.
L 09/10/2021 - 04:00:57: SourceMod log file session started (file "/hlserver/tf2/tf/addons/sourcemod/logs/L20210910.log") (Version "1.10.0.6490")
L 09/10/2021 - 04:00:57: [TF2ITEMS] "GiveNamedItem" offset = 485
L 09/10/2021 - 04:00:57: [auto_steam_update.smx] HUD text is supported on this mod. The persistant timer will display.
L 09/10/2021 - 04:00:57: [simple-chatprocessor.smx] [SCP] Recognized mod [Team Fortress 2].
L 09/10/2021 - 04:00:57: [simple-chatprocessor.smx] [SCP] Loading translation file [scp.tf.phrases].
L 09/10/2021 - 04:00:57: [stac.smx] [StAC] File handle invalid!
L 09/10/2021 - 04:00:57: [stac.smx] [StAC] Plugin vers. ---- 5.1.1 ---- loaded
L 09/10/2021 - 04:01:05: [tf2items_giveweapon.smx] [TF2Items GiveWeapon]2041_viewmodel: Preparing models/weapons/c_models/c_v_ludmila/c_v_ludmila.mdl
L 09/10/2021 - 04:01:05: [tf2items_giveweapon.smx] [TF2Items GiveWeapon]2058_model: cannot find valid model models/custom/weapons/antehgen/urinejar.mdl, skipping
L 09/10/2021 - 04:01:05: [tf2items_giveweapon.smx] [TF2Items GiveWeapon]2058_viewmodel: cannot find valid model models/custom/weapons/antehgen/urinejar.mdl, skipping
L 09/10/2021 - 04:01:05: [tf2items_giveweapon.smx] [TF2Items GiveWeapon]2171_model: cannot find valid model models/advancedweaponiser/w_sickle_sniper.mdl, skipping
L 09/10/2021 - 04:01:05: [tf2items_giveweapon.smx] [TF2Items GiveWeapon]2171_viewmodel: cannot find valid model models/advancedweaponiser/w_sickle_sniper.mdl, skipping
L 09/10/2021 - 04:01:05: [tf2items_giveweapon.smx] [TF2Items GiveWeapon]2197_model: cannot find valid model models/custom/weapons/rebelscurse/c_wrench_v2.mdl, skipping
L 09/10/2021 - 04:01:05: [tf2items_giveweapon.smx] [TF2Items GiveWeapon]2197_viewmodel: cannot find valid model models/custom/weapons/rebelscurse/c_wrench_v2.mdl, skipping
L 09/10/2021 - 04:01:05: [tf2items_giveweapon.smx] [TF2Items GiveWeapon]2228_model: cannot find valid model models/advancedweaponiser/fbomb/c_fbomb.mdl, skipping
L 09/10/2021 - 04:01:05: [tf2items_giveweapon.smx] [TF2Items GiveWeapon]2228_viewmodel: cannot find valid model models/advancedweaponiser/fbomb/c_fbomb.mdl, skipping
L 09/10/2021 - 04:01:05: [tf2items_giveweapon.smx] [TF2Items GiveWeapon]5142_viewmodel: cannot find valid model models/custom/weapons/goldslinger/c_engineer_gunslinger.mdl, skipping
L 09/10/2021 - 04:01:06: [basecommands.smx] "Console<0><Console><Console>" changed cvar (cvar "nb_update_frequency") (value "0.03")
L 09/10/2021 - 04:01:06: [basecommands.smx] "Console<0><Console><Console>" changed cvar (cvar "fps_max") (value "0")
L 09/10/2021 - 22:24:58: [funcommands.smx] "ashley<13><[U:1:109549249]><>" toggled noclip on "ashley<13><[U:1:109549249]><>"
L 09/10/2021 - 22:25:01: [funcommands.smx] "ashley<13><[U:1:109549249]><>" toggled noclip on "ashley<13><[U:1:109549249]><>"
L 09/10/2021 - 22:27:55: [funcommands.smx] "ashley<13><[U:1:109549249]><>" toggled noclip on "ashley<13><[U:1:109549249]><>"
L 09/10/2021 - 22:28:12: [funcommands.smx] "ashley<13><[U:1:109549249]><>" toggled noclip on "ashley<13><[U:1:109549249]><>"
L 09/10/2021 - 22:29:37: [tf2items_giveweapon.smx] "ashley<13><[U:1:109549249]><>" gave a permanent weapon 7018 to "SourceTV<2><BOT><>"
L 09/10/2021 - 22:29:37: [tf2items_giveweapon.smx] "ashley<13><[U:1:109549249]><>" gave a permanent weapon 7018 to "scout badass<9><[U:1:1121613168]><>"
L 09/10/2021 - 22:29:37: [tf2items_giveweapon.smx] "ashley<13><[U:1:109549249]><>" gave a permanent weapon 7018 to "LuckNickGames<10><[U:1:890732821]><>"
L 09/10/2021 - 22:29:37: [tf2items_giveweapon.smx] "ashley<13><[U:1:109549249]><>" gave a permanent weapon 7018 to "ashley<13><[U:1:109549249]><>"
L 09/10/2021 - 22:29:41: [playercommands.smx] "ashley<13><[U:1:109549249]><>" slayed "scout badass<9><[U:1:1121613168]><>"
L 09/10/2021 - 22:29:41: [playercommands.smx] "ashley<13><[U:1:109549249]><>" slayed "LuckNickGames<10><[U:1:890732821]><>"
L 09/10/2021 - 22:29:41: [playercommands.smx] "ashley<13><[U:1:109549249]><>" slayed "ashley<13><[U:1:109549249]><>"
L 09/10/2021 - 22:31:18: [tf2items_giveweapon.smx] "ashley<13><[U:1:109549249]><>" gave a permanent weapon 5 to "SourceTV<2><BOT><>"
L 09/10/2021 - 22:31:18: [tf2items_giveweapon.smx] "ashley<13><[U:1:109549249]><>" gave a permanent weapon 5 to "scout badass<9><[U:1:1121613168]><>"
L 09/10/2021 - 22:31:18: [tf2items_giveweapon.smx] "ashley<13><[U:1:109549249]><>" gave a permanent weapon 5 to "LuckNickGames<10><[U:1:890732821]><>"
L 09/10/2021 - 22:31:18: [tf2items_giveweapon.smx] "ashley<13><[U:1:109549249]><>" gave a permanent weapon 5 to "ashley<13><[U:1:109549249]><>"
L 09/10/2021 - 22:31:25: [tf2items_giveweapon.smx] "ashley<13><[U:1:109549249]><>" gave a permanent weapon 5 to "SourceTV<2><BOT><>"
L 09/10/2021 - 22:31:25: [tf2items_giveweapon.smx] "ashley<13><[U:1:109549249]><>" gave a permanent weapon 5 to "scout badass<9><[U:1:1121613168]><>"
L 09/10/2021 - 22:31:25: [tf2items_giveweapon.smx] "ashley<13><[U:1:109549249]><>" gave a permanent weapon 5 to "LuckNickGames<10><[U:1:890732821]><>"
L 09/10/2021 - 22:31:25: [tf2items_giveweapon.smx] "ashley<13><[U:1:109549249]><>" gave a permanent weapon 5 to "ashley<13><[U:1:109549249]><>"
L 09/10/2021 - 22:31:33: [tf2items_giveweapon.smx] "ashley<13><[U:1:109549249]><>" reset permanent weapons for "SourceTV<2><BOT><>", 
L 09/10/2021 - 22:31:33: [tf2items_giveweapon.smx] "ashley<13><[U:1:109549249]><>" reset permanent weapons for "scout badass<9><[U:1:1121613168]><>", 
L 09/10/2021 - 22:31:33: [tf2items_giveweapon.smx] "ashley<13><[U:1:109549249]><>" reset permanent weapons for "LuckNickGames<10><[U:1:890732821]><>", 
L 09/10/2021 - 22:31:33: [tf2items_giveweapon.smx] "ashley<13><[U:1:109549249]><>" reset permanent weapons for "ashley<13><[U:1:109549249]><>", 
L 09/10/2021 - 22:31:35: [tf2items_giveweapon.smx] "ashley<13><[U:1:109549249]><>" gave a permanent weapon 5 to "SourceTV<2><BOT><>"
L 09/10/2021 - 22:31:35: [tf2items_giveweapon.smx] "ashley<13><[U:1:109549249]><>" gave a permanent weapon 5 to "scout badass<9><[U:1:1121613168]><>"
L 09/10/2021 - 22:31:35: [tf2items_giveweapon.smx] "ashley<13><[U:1:109549249]><>" gave a permanent weapon 5 to "LuckNickGames<10><[U:1:890732821]><>"
L 09/10/2021 - 22:31:35: [tf2items_giveweapon.smx] "ashley<13><[U:1:109549249]><>" gave a permanent weapon 5 to "ashley<13><[U:1:109549249]><>"
L 09/10/2021 - 22:32:24: [tf2items_giveweapon.smx] "ashley<13><[U:1:109549249]><>" gave a permanent weapon 5 to "SourceTV<2><BOT><>"
L 09/10/2021 - 22:32:24: [tf2items_giveweapon.smx] "ashley<13><[U:1:109549249]><>" gave a permanent weapon 5 to "scout badass<9><[U:1:1121613168]><>"
L 09/10/2021 - 22:32:24: [tf2items_giveweapon.smx] "ashley<13><[U:1:109549249]><>" gave a permanent weapon 5 to "LuckNickGames<10><[U:1:890732821]><>"
L 09/10/2021 - 22:32:24: [tf2items_giveweapon.smx] "ashley<13><[U:1:109549249]><>" gave a permanent weapon 5 to "ashley<13><[U:1:109549249]><>"
L 09/10/2021 - 22:32:24: [tf2items_giveweapon.smx] "ashley<13><[U:1:109549249]><>" gave a permanent weapon 5 to "Unlimited Whole Grain<14><[U:1:311742333]><>"
L 09/10/2021 - 22:32:31: [funcommands.smx] "ashley<13><[U:1:109549249]><>" toggled noclip on "ashley<13><[U:1:109549249]><>"
L 09/10/2021 - 22:32:43: [funcommands.smx] "ashley<13><[U:1:109549249]><>" toggled noclip on "ashley<13><[U:1:109549249]><>"
L 09/10/2021 - 22:32:45: [admincheats.smx] <ashley><STEAM_0:1:54774624><71.60.110.145> ran cheat command 'ent_create'
L 09/10/2021 - 22:33:06: [funcommands.smx] "ashley<13><[U:1:109549249]><>" toggled noclip on "ashley<13><[U:1:109549249]><>"
L 09/10/2021 - 22:33:42: [tf2items_giveweapon.smx] "ashley<13><[U:1:109549249]><>" gave a permanent weapon 1 to "ashley<13><[U:1:109549249]><>"
L 09/10/2021 - 22:34:53: [tf2items_giveweapon.smx] "ashley<13><[U:1:109549249]><>" reset permanent weapons for "ashley<13><[U:1:109549249]><>", 
L 09/10/2021 - 22:34:58: [tf2items_giveweapon.smx] "ashley<13><[U:1:109549249]><>" gave a permanent weapon 10 to "SourceTV<2><BOT><>"
L 09/10/2021 - 22:34:58: [tf2items_giveweapon.smx] "ashley<13><[U:1:109549249]><>" gave a permanent weapon 10 to "scout badass<9><[U:1:1121613168]><>"
L 09/10/2021 - 22:34:58: [tf2items_giveweapon.smx] "ashley<13><[U:1:109549249]><>" gave a permanent weapon 10 to "LuckNickGames<10><[U:1:890732821]><>"
L 09/10/2021 - 22:34:58: [tf2items_giveweapon.smx] "ashley<13><[U:1:109549249]><>" gave a permanent weapon 10 to "ashley<13><[U:1:109549249]><>"
L 09/10/2021 - 22:34:58: [tf2items_giveweapon.smx] "ashley<13><[U:1:109549249]><>" gave a permanent weapon 10 to "Unlimited Whole Grain<14><[U:1:311742333]><>"
L 09/10/2021 - 22:35:27: [tf2items_giveweapon.smx] "ashley<13><[U:1:109549249]><>" gave a permanent weapon 18 to "SourceTV<2><BOT><>"
L 09/10/2021 - 22:35:27: [tf2items_giveweapon.smx] "ashley<13><[U:1:109549249]><>" gave a permanent weapon 18 to "scout badass<9><[U:1:1121613168]><>"
L 09/10/2021 - 22:35:27: [tf2items_giveweapon.smx] "ashley<13><[U:1:109549249]><>" gave a permanent weapon 18 to "LuckNickGames<10><[U:1:890732821]><>"
L 09/10/2021 - 22:35:27: [tf2items_giveweapon.smx] "ashley<13><[U:1:109549249]><>" gave a permanent weapon 18 to "ashley<13><[U:1:109549249]><>"
L 09/10/2021 - 22:35:27: [tf2items_giveweapon.smx] "ashley<13><[U:1:109549249]><>" gave a permanent weapon 18 to "Unlimited Whole Grain<14><[U:1:311742333]><>"
L 09/10/2021 - 22:38:49: [tf2items_giveweapon.smx] "ashley<13><[U:1:109549249]><>" gave a permanent weapon 35 to "SourceTV<2><BOT><>"
L 09/10/2021 - 22:38:49: [tf2items_giveweapon.smx] "ashley<13><[U:1:109549249]><>" gave a permanent weapon 35 to "scout badass<9><[U:1:1121613168]><>"
L 09/10/2021 - 22:38:49: [tf2items_giveweapon.smx] "ashley<13><[U:1:109549249]><>" gave a permanent weapon 35 to "LuckNickGames<10><[U:1:890732821]><>"
L 09/10/2021 - 22:38:49: [tf2items_giveweapon.smx] "ashley<13><[U:1:109549249]><>" gave a permanent weapon 35 to "ashley<13><[U:1:109549249]><>"
L 09/10/2021 - 22:38:49: [tf2items_giveweapon.smx] "ashley<13><[U:1:109549249]><>" gave a permanent weapon 35 to "Unlimited Whole Grain<14><[U:1:311742333]><>"
L 09/10/2021 - 22:39:06: [tf2items_giveweapon.smx] "ashley<13><[U:1:109549249]><>" gave a permanent weapon 16 to "SourceTV<2><BOT><>"
L 09/10/2021 - 22:39:06: [tf2items_giveweapon.smx] "ashley<13><[U:1:109549249]><>" gave a permanent weapon 16 to "scout badass<9><[U:1:1121613168]><>"
L 09/10/2021 - 22:39:06: [tf2items_giveweapon.smx] "ashley<13><[U:1:109549249]><>" gave a permanent weapon 16 to "LuckNickGames<10><[U:1:890732821]><>"
L 09/10/2021 - 22:39:06: [tf2items_giveweapon.smx] "ashley<13><[U:1:109549249]><>" gave a permanent weapon 16 to "ashley<13><[U:1:109549249]><>"
L 09/10/2021 - 22:39:06: [tf2items_giveweapon.smx] "ashley<13><[U:1:109549249]><>" gave a permanent weapon 16 to "Unlimited Whole Grain<14><[U:1:311742333]><>"
L 09/10/2021 - 22:45:29: [tf2items_giveweapon.smx] "ashley<13><[U:1:109549249]><>" gave a permanent weapon 16 to "SourceTV<2><BOT><>"
L 09/10/2021 - 22:45:29: [tf2items_giveweapon.smx] "ashley<13><[U:1:109549249]><>" gave a permanent weapon 16 to "scout badass<9><[U:1:1121613168]><>"
L 09/10/2021 - 22:45:29: [tf2items_giveweapon.smx] "ashley<13><[U:1:109549249]><>" gave a permanent weapon 16 to "LuckNickGames<10><[U:1:890732821]><>"
L 09/10/2021 - 22:45:29: [tf2items_giveweapon.smx] "ashley<13><[U:1:109549249]><>" gave a permanent weapon 16 to "ashley<13><[U:1:109549249]><>"
L 09/10/2021 - 22:45:29: [tf2items_giveweapon.smx] "ashley<13><[U:1:109549249]><>" gave a permanent weapon 16 to "Unlimited Whole Grain<14><[U:1:311742333]><>"
L 09/10/2021 - 22:45:29: [tf2items_giveweapon.smx] "ashley<13><[U:1:109549249]><>" gave a permanent weapon 16 to "ok<15><[U:1:154265873]><>"
L 09/10/2021 - 22:45:29: [tf2items_giveweapon.smx] "ashley<13><[U:1:109549249]><>" gave a permanent weapon 18 to "SourceTV<2><BOT><>"
L 09/10/2021 - 22:45:29: [tf2items_giveweapon.smx] "ashley<13><[U:1:109549249]><>" gave a permanent weapon 18 to "scout badass<9><[U:1:1121613168]><>"
L 09/10/2021 - 22:45:29: [tf2items_giveweapon.smx] "ashley<13><[U:1:109549249]><>" gave a permanent weapon 18 to "LuckNickGames<10><[U:1:890732821]><>"
L 09/10/2021 - 22:45:29: [tf2items_giveweapon.smx] "ashley<13><[U:1:109549249]><>" gave a permanent weapon 18 to "ashley<13><[U:1:109549249]><>"
L 09/10/2021 - 22:45:29: [tf2items_giveweapon.smx] "ashley<13><[U:1:109549249]><>" gave a permanent weapon 18 to "Unlimited Whole Grain<14><[U:1:311742333]><>"
L 09/10/2021 - 22:45:29: [tf2items_giveweapon.smx] "ashley<13><[U:1:109549249]><>" gave a permanent weapon 18 to "ok<15><[U:1:154265873]><>"
L 09/10/2021 - 22:45:29: [tf2items_giveweapon.smx] "ashley<13><[U:1:109549249]><>" gave a permanent weapon 10 to "SourceTV<2><BOT><>"
L 09/10/2021 - 22:45:29: [tf2items_giveweapon.smx] "ashley<13><[U:1:109549249]><>" gave a permanent weapon 10 to "scout badass<9><[U:1:1121613168]><>"
L 09/10/2021 - 22:45:29: [tf2items_giveweapon.smx] "ashley<13><[U:1:109549249]><>" gave a permanent weapon 10 to "LuckNickGames<10><[U:1:890732821]><>"
L 09/10/2021 - 22:45:29: [tf2items_giveweapon.smx] "ashley<13><[U:1:109549249]><>" gave a permanent weapon 10 to "ashley<13><[U:1:109549249]><>"
L 09/10/2021 - 22:45:29: [tf2items_giveweapon.smx] "ashley<13><[U:1:109549249]><>" gave a permanent weapon 10 to "Unlimited Whole Grain<14><[U:1:311742333]><>"
L 09/10/2021 - 22:45:29: [tf2items_giveweapon.smx] "ashley<13><[U:1:109549249]><>" gave a permanent weapon 10 to "ok<15><[U:1:154265873]><>"
L 09/10/2021 - 22:46:06: [tf2items_giveweapon.smx] "ashley<13><[U:1:109549249]><>" gave a permanent weapon 16 to "SourceTV<2><BOT><>"
L 09/10/2021 - 22:46:06: [tf2items_giveweapon.smx] "ashley<13><[U:1:109549249]><>" gave a permanent weapon 16 to "scout badass<9><[U:1:1121613168]><>"
L 09/10/2021 - 22:46:06: [tf2items_giveweapon.smx] "ashley<13><[U:1:109549249]><>" gave a permanent weapon 16 to "LuckNickGames<10><[U:1:890732821]><>"
L 09/10/2021 - 22:46:06: [tf2items_giveweapon.smx] "ashley<13><[U:1:109549249]><>" gave a permanent weapon 16 to "ashley<13><[U:1:109549249]><>"
L 09/10/2021 - 22:46:06: [tf2items_giveweapon.smx] "ashley<13><[U:1:109549249]><>" gave a permanent weapon 16 to "Unlimited Whole Grain<14><[U:1:311742333]><>"
L 09/10/2021 - 22:46:06: [tf2items_giveweapon.smx] "ashley<13><[U:1:109549249]><>" gave a permanent weapon 16 to "ok<15><[U:1:154265873]><>"
L 09/10/2021 - 22:46:06: [tf2items_giveweapon.smx] "ashley<13><[U:1:109549249]><>" gave a permanent weapon 28 to "SourceTV<2><BOT><>"
L 09/10/2021 - 22:46:06: [tf2items_giveweapon.smx] "ashley<13><[U:1:109549249]><>" gave a permanent weapon 28 to "scout badass<9><[U:1:1121613168]><>"
L 09/10/2021 - 22:46:06: [tf2items_giveweapon.smx] "ashley<13><[U:1:109549249]><>" gave a permanent weapon 28 to "LuckNickGames<10><[U:1:890732821]><>"
L 09/10/2021 - 22:46:06: [tf2items_giveweapon.smx] "ashley<13><[U:1:109549249]><>" gave a permanent weapon 28 to "ashley<13><[U:1:109549249]><>"
L 09/10/2021 - 22:46:06: [tf2items_giveweapon.smx] "ashley<13><[U:1:109549249]><>" gave a permanent weapon 28 to "Unlimited Whole Grain<14><[U:1:311742333]><>"
L 09/10/2021 - 22:46:06: [tf2items_giveweapon.smx] "ashley<13><[U:1:109549249]><>" gave a permanent weapon 28 to "ok<15><[U:1:154265873]><>"
L 09/10/2021 - 22:46:06: [tf2items_giveweapon.smx] "ashley<13><[U:1:109549249]><>" gave a permanent weapon 10 to "SourceTV<2><BOT><>"
L 09/10/2021 - 22:46:06: [tf2items_giveweapon.smx] "ashley<13><[U:1:109549249]><>" gave a permanent weapon 10 to "scout badass<9><[U:1:1121613168]><>"
L 09/10/2021 - 22:46:06: [tf2items_giveweapon.smx] "ashley<13><[U:1:109549249]><>" gave a permanent weapon 10 to "LuckNickGames<10><[U:1:890732821]><>"
L 09/10/2021 - 22:46:06: [tf2items_giveweapon.smx] "ashley<13><[U:1:109549249]><>" gave a permanent weapon 10 to "ashley<13><[U:1:109549249]><>"
L 09/10/2021 - 22:46:06: [tf2items_giveweapon.smx] "ashley<13><[U:1:109549249]><>" gave a permanent weapon 10 to "Unlimited Whole Grain<14><[U:1:311742333]><>"
L 09/10/2021 - 22:46:06: [tf2items_giveweapon.smx] "ashley<13><[U:1:109549249]><>" gave a permanent weapon 10 to "ok<15><[U:1:154265873]><>"
L 09/10/2021 - 22:47:28: [tf2items_giveweapon.smx] "ashley<13><[U:1:109549249]><>" gave a permanent weapon 16 to "SourceTV<2><BOT><>"
L 09/10/2021 - 22:47:28: [tf2items_giveweapon.smx] "ashley<13><[U:1:109549249]><>" gave a permanent weapon 16 to "scout badass<9><[U:1:1121613168]><>"
L 09/10/2021 - 22:47:28: [tf2items_giveweapon.smx] "ashley<13><[U:1:109549249]><>" gave a permanent weapon 16 to "LuckNickGames<10><[U:1:890732821]><>"
L 09/10/2021 - 22:47:28: [tf2items_giveweapon.smx] "ashley<13><[U:1:109549249]><>" gave a permanent weapon 16 to "ashley<13><[U:1:109549249]><>"
L 09/10/2021 - 22:47:28: [tf2items_giveweapon.smx] "ashley<13><[U:1:109549249]><>" gave a permanent weapon 16 to "Unlimited Whole Grain<14><[U:1:311742333]><>"
L 09/10/2021 - 22:47:28: [tf2items_giveweapon.smx] "ashley<13><[U:1:109549249]><>" gave a permanent weapon 16 to "ok<15><[U:1:154265873]><>"
L 09/10/2021 - 22:47:28: [tf2items_giveweapon.smx] "ashley<13><[U:1:109549249]><>" gave a permanent weapon 28 to "SourceTV<2><BOT><>"
L 09/10/2021 - 22:47:28: [tf2items_giveweapon.smx] "ashley<13><[U:1:109549249]><>" gave a permanent weapon 28 to "scout badass<9><[U:1:1121613168]><>"
L 09/10/2021 - 22:47:28: [tf2items_giveweapon.smx] "ashley<13><[U:1:109549249]><>" gave a permanent weapon 28 to "LuckNickGames<10><[U:1:890732821]><>"
L 09/10/2021 - 22:47:28: [tf2items_giveweapon.smx] "ashley<13><[U:1:109549249]><>" gave a permanent weapon 28 to "ashley<13><[U:1:109549249]><>"
L 09/10/2021 - 22:47:28: [tf2items_giveweapon.smx] "ashley<13><[U:1:109549249]><>" gave a permanent weapon 28 to "Unlimited Whole Grain<14><[U:1:311742333]><>"
L 09/10/2021 - 22:47:28: [tf2items_giveweapon.smx] "ashley<13><[U:1:109549249]><>" gave a permanent weapon 28 to "ok<15><[U:1:154265873]><>"
L 09/10/2021 - 22:47:28: [tf2items_giveweapon.smx] "ashley<13><[U:1:109549249]><>" gave a permanent weapon 10 to "SourceTV<2><BOT><>"
L 09/10/2021 - 22:47:28: [tf2items_giveweapon.smx] "ashley<13><[U:1:109549249]><>" gave a permanent weapon 10 to "scout badass<9><[U:1:1121613168]><>"
L 09/10/2021 - 22:47:28: [tf2items_giveweapon.smx] "ashley<13><[U:1:109549249]><>" gave a permanent weapon 10 to "LuckNickGames<10><[U:1:890732821]><>"
L 09/10/2021 - 22:47:28: [tf2items_giveweapon.smx] "ashley<13><[U:1:109549249]><>" gave a permanent weapon 10 to "ashley<13><[U:1:109549249]><>"
L 09/10/2021 - 22:47:28: [tf2items_giveweapon.smx] "ashley<13><[U:1:109549249]><>" gave a permanent weapon 10 to "Unlimited Whole Grain<14><[U:1:311742333]><>"
L 09/10/2021 - 22:47:28: [tf2items_giveweapon.smx] "ashley<13><[U:1:109549249]><>" gave a permanent weapon 10 to "ok<15><[U:1:154265873]><>"
L 09/10/2021 - 22:50:18: [tf2items_giveweapon.smx] "ashley<13><[U:1:109549249]><>" gave a permanent weapon 35 to "ashley<13><[U:1:109549249]><>"
L 09/10/2021 - 22:50:41: [tf2items_giveweapon.smx] [TF2Items GiveWeapon]2041_viewmodel: Preparing models/weapons/c_models/c_v_ludmila/c_v_ludmila.mdl
L 09/10/2021 - 22:50:41: [tf2items_giveweapon.smx] [TF2Items GiveWeapon]2058_model: cannot find valid model models/custom/weapons/antehgen/urinejar.mdl, skipping
L 09/10/2021 - 22:50:41: [tf2items_giveweapon.smx] [TF2Items GiveWeapon]2058_viewmodel: cannot find valid model models/custom/weapons/antehgen/urinejar.mdl, skipping
L 09/10/2021 - 22:50:41: [tf2items_giveweapon.smx] [TF2Items GiveWeapon]2171_model: cannot find valid model models/advancedweaponiser/w_sickle_sniper.mdl, skipping
L 09/10/2021 - 22:50:41: [tf2items_giveweapon.smx] [TF2Items GiveWeapon]2171_viewmodel: cannot find valid model models/advancedweaponiser/w_sickle_sniper.mdl, skipping
L 09/10/2021 - 22:50:41: [tf2items_giveweapon.smx] [TF2Items GiveWeapon]2197_model: cannot find valid model models/custom/weapons/rebelscurse/c_wrench_v2.mdl, skipping
L 09/10/2021 - 22:50:41: [tf2items_giveweapon.smx] [TF2Items GiveWeapon]2197_viewmodel: cannot find valid model models/custom/weapons/rebelscurse/c_wrench_v2.mdl, skipping
L 09/10/2021 - 22:50:41: [tf2items_giveweapon.smx] [TF2Items GiveWeapon]2228_model: cannot find valid model models/advancedweaponiser/fbomb/c_fbomb.mdl, skipping
L 09/10/2021 - 22:50:41: [tf2items_giveweapon.smx] [TF2Items GiveWeapon]2228_viewmodel: cannot find valid model models/advancedweaponiser/fbomb/c_fbomb.mdl, skipping
L 09/10/2021 - 22:50:41: [tf2items_giveweapon.smx] [TF2Items GiveWeapon]5142_viewmodel: cannot find valid model models/custom/weapons/goldslinger/c_engineer_gunslinger.mdl, skipping
L 09/10/2021 - 22:50:48: [tf2items_giveweapon.smx] "ashley<13><[U:1:109549249]><>" gave a permanent weapon 16 to "SourceTV<2><BOT><>"
L 09/10/2021 - 22:50:48: [tf2items_giveweapon.smx] "ashley<13><[U:1:109549249]><>" gave a permanent weapon 16 to "scout badass<9><[U:1:1121613168]><>"
L 09/10/2021 - 22:50:48: [tf2items_giveweapon.smx] "ashley<13><[U:1:109549249]><>" gave a permanent weapon 16 to "LuckNickGames<10><[U:1:890732821]><>"
L 09/10/2021 - 22:50:48: [tf2items_giveweapon.smx] "ashley<13><[U:1:109549249]><>" gave a permanent weapon 16 to "ashley<13><[U:1:109549249]><>"
L 09/10/2021 - 22:50:48: [tf2items_giveweapon.smx] "ashley<13><[U:1:109549249]><>" gave a permanent weapon 16 to "Unlimited Whole Grain<14><[U:1:311742333]><>"
L 09/10/2021 - 22:50:48: [tf2items_giveweapon.smx] "ashley<13><[U:1:109549249]><>" gave a permanent weapon 28 to "SourceTV<2><BOT><>"
L 09/10/2021 - 22:50:48: [tf2items_giveweapon.smx] "ashley<13><[U:1:109549249]><>" gave a permanent weapon 28 to "scout badass<9><[U:1:1121613168]><>"
L 09/10/2021 - 22:50:48: [tf2items_giveweapon.smx] "ashley<13><[U:1:109549249]><>" gave a permanent weapon 28 to "LuckNickGames<10><[U:1:890732821]><>"
L 09/10/2021 - 22:50:48: [tf2items_giveweapon.smx] "ashley<13><[U:1:109549249]><>" gave a permanent weapon 28 to "ashley<13><[U:1:109549249]><>"
L 09/10/2021 - 22:50:48: [tf2items_giveweapon.smx] "ashley<13><[U:1:109549249]><>" gave a permanent weapon 28 to "Unlimited Whole Grain<14><[U:1:311742333]><>"
L 09/10/2021 - 22:50:48: [tf2items_giveweapon.smx] "ashley<13><[U:1:109549249]><>" gave a permanent weapon 10 to "SourceTV<2><BOT><>"
L 09/10/2021 - 22:50:48: [tf2items_giveweapon.smx] "ashley<13><[U:1:109549249]><>" gave a permanent weapon 10 to "scout badass<9><[U:1:1121613168]><>"
L 09/10/2021 - 22:50:48: [tf2items_giveweapon.smx] "ashley<13><[U:1:109549249]><>" gave a permanent weapon 10 to "LuckNickGames<10><[U:1:890732821]><>"
L 09/10/2021 - 22:50:48: [tf2items_giveweapon.smx] "ashley<13><[U:1:109549249]><>" gave a permanent weapon 10 to "ashley<13><[U:1:109549249]><>"
L 09/10/2021 - 22:50:48: [tf2items_giveweapon.smx] "ashley<13><[U:1:109549249]><>" gave a permanent weapon 10 to "Unlimited Whole Grain<14><[U:1:311742333]><>"
L 09/10/2021 - 22:50:54: [tf2items_giveweapon.smx] "ashley<13><[U:1:109549249]><>" gave a permanent weapon 35 to "ashley<13><[U:1:109549249]><>"
L 09/10/2021 - 22:51:42: [funcommands.smx] "ashley<13><[U:1:109549249]><>" toggled noclip on "ashley<13><[U:1:109549249]><>"
L 09/10/2021 - 22:51:46: [funcommands.smx] "ashley<13><[U:1:109549249]><>" toggled noclip on "ashley<13><[U:1:109549249]><>"
L 09/10/2021 - 22:57:30: [tf2items_giveweapon.smx] "ashley<13><[U:1:109549249]><>" reset permanent weapons for "SourceTV<2><BOT><>", 
L 09/10/2021 - 22:57:30: [tf2items_giveweapon.smx] "ashley<13><[U:1:109549249]><>" reset permanent weapons for "scout badass<9><[U:1:1121613168]><>", 
L 09/10/2021 - 22:57:30: [tf2items_giveweapon.smx] "ashley<13><[U:1:109549249]><>" reset permanent weapons for "LuckNickGames<10><[U:1:890732821]><>", 
L 09/10/2021 - 22:57:30: [tf2items_giveweapon.smx] "ashley<13><[U:1:109549249]><>" reset permanent weapons for "ashley<13><[U:1:109549249]><>", 
L 09/10/2021 - 22:57:30: [tf2items_giveweapon.smx] "ashley<13><[U:1:109549249]><>" reset permanent weapons for "Unlimited Whole Grain<14><[U:1:311742333]><>", 
L 09/10/2021 - 22:57:58: [playercommands.smx] "ashley<13><[U:1:109549249]><>" slayed "scout badass<9><[U:1:1121613168]><>"
L 09/10/2021 - 22:57:58: [playercommands.smx] "ashley<13><[U:1:109549249]><>" slayed "LuckNickGames<10><[U:1:890732821]><>"
L 09/10/2021 - 22:57:58: [playercommands.smx] "ashley<13><[U:1:109549249]><>" slayed "ashley<13><[U:1:109549249]><>"
L 09/10/2021 - 22:57:58: [playercommands.smx] "ashley<13><[U:1:109549249]><>" slayed "Unlimited Whole Grain<14><[U:1:311742333]><>"
L 09/10/2021 - 22:58:12: [funcommands.smx] "ashley<13><[U:1:109549249]><>" toggled noclip on "ashley<13><[U:1:109549249]><>"
L 09/10/2021 - 22:58:14: [funcommands.smx] "ashley<13><[U:1:109549249]><>" toggled noclip on "ashley<13><[U:1:109549249]><>"
L 09/10/2021 - 22:58:14: [funcommands.smx] "ashley<13><[U:1:109549249]><>" toggled noclip on "ashley<13><[U:1:109549249]><>"
L 09/10/2021 - 22:58:17: [funcommands.smx] "ashley<13><[U:1:109549249]><>" toggled noclip on "ashley<13><[U:1:109549249]><>"
L 09/10/2021 - 22:58:18: [funcommands.smx] "ashley<13><[U:1:109549249]><>" toggled noclip on "ashley<13><[U:1:109549249]><>"
L 09/10/2021 - 22:58:18: [funcommands.smx] "ashley<13><[U:1:109549249]><>" toggled noclip on "ashley<13><[U:1:109549249]><>"
L 09/10/2021 - 22:58:19: [funcommands.smx] "ashley<13><[U:1:109549249]><>" toggled noclip on "ashley<13><[U:1:109549249]><>"
L 09/10/2021 - 22:58:19: [funcommands.smx] "ashley<13><[U:1:109549249]><>" toggled noclip on "ashley<13><[U:1:109549249]><>"
L 09/11/2021 - 04:00:07: Log file closed.
