L 06/23/2021 - 04:00:37: SourceMod log file session started (file "/hlserver/tf2/tf/addons/sourcemod/logs/L20210623.log") (Version "1.10.0.6490")
L 06/23/2021 - 04:00:37: [ScheduledShutdown.smx] Server shutdown warning.
L 06/23/2021 - 04:00:47: [ScheduledShutdown.smx] Server shutdown.
L 06/23/2021 - 04:00:48: [stac.smx] [StAC] File handle invalid!
L 06/23/2021 - 04:00:48: [stac.smx] [StAC] Plugin vers. ---- 5.0.7 ---- unloaded
L 06/23/2021 - 04:00:48: Log file closed.
L 06/23/2021 - 04:01:29: SourceMod log file session started (file "/hlserver/tf2/tf/addons/sourcemod/logs/L20210623.log") (Version "1.10.0.6490")
L 06/23/2021 - 04:01:29: [TF2ITEMS] "GiveNamedItem" offset = 484
L 06/23/2021 - 04:01:29: [auto_steam_update.smx] HUD text is supported on this mod. The persistant timer will display.
L 06/23/2021 - 04:01:29: [simple-chatprocessor.smx] [SCP] Recognized mod [Team Fortress 2].
L 06/23/2021 - 04:01:29: [simple-chatprocessor.smx] [SCP] Loading translation file [scp.tf.phrases].
L 06/23/2021 - 04:01:29: [stac.smx] [StAC] File handle invalid!
L 06/23/2021 - 04:01:29: [stac.smx] [StAC] Plugin vers. ---- 5.0.7 ---- loaded
L 06/23/2021 - 04:01:37: [tf2items_giveweapon.smx] [TF2Items GiveWeapon]2041_viewmodel: Preparing models/weapons/c_models/c_v_ludmila/c_v_ludmila.mdl
L 06/23/2021 - 04:01:37: [tf2items_giveweapon.smx] [TF2Items GiveWeapon]2058_model: cannot find valid model models/custom/weapons/antehgen/urinejar.mdl, skipping
L 06/23/2021 - 04:01:37: [tf2items_giveweapon.smx] [TF2Items GiveWeapon]2058_viewmodel: cannot find valid model models/custom/weapons/antehgen/urinejar.mdl, skipping
L 06/23/2021 - 04:01:37: [tf2items_giveweapon.smx] [TF2Items GiveWeapon]2171_model: cannot find valid model models/advancedweaponiser/w_sickle_sniper.mdl, skipping
L 06/23/2021 - 04:01:37: [tf2items_giveweapon.smx] [TF2Items GiveWeapon]2171_viewmodel: cannot find valid model models/advancedweaponiser/w_sickle_sniper.mdl, skipping
L 06/23/2021 - 04:01:37: [tf2items_giveweapon.smx] [TF2Items GiveWeapon]2197_model: cannot find valid model models/custom/weapons/rebelscurse/c_wrench_v2.mdl, skipping
L 06/23/2021 - 04:01:37: [tf2items_giveweapon.smx] [TF2Items GiveWeapon]2197_viewmodel: cannot find valid model models/custom/weapons/rebelscurse/c_wrench_v2.mdl, skipping
L 06/23/2021 - 04:01:37: [tf2items_giveweapon.smx] [TF2Items GiveWeapon]2228_model: cannot find valid model models/advancedweaponiser/fbomb/c_fbomb.mdl, skipping
L 06/23/2021 - 04:01:37: [tf2items_giveweapon.smx] [TF2Items GiveWeapon]2228_viewmodel: cannot find valid model models/advancedweaponiser/fbomb/c_fbomb.mdl, skipping
L 06/23/2021 - 04:01:37: [tf2items_giveweapon.smx] [TF2Items GiveWeapon]5142_viewmodel: cannot find valid model models/custom/weapons/goldslinger/c_engineer_gunslinger.mdl, skipping
L 06/23/2021 - 04:01:38: [basecommands.smx] "Console<0><Console><Console>" changed cvar (cvar "nb_update_frequency") (value "0.03")
L 06/23/2021 - 04:01:38: [UPDATER] Successfully updated gamedata file "sm-tf2.games.txt"
L 06/23/2021 - 04:01:38: [UPDATER] Successfully updated gamedata file "sdktools.games/game.tf.txt"
L 06/23/2021 - 04:01:38: [UPDATER] Successfully updated gamedata file "sdkhooks.games/engine.ep2v.txt"
L 06/23/2021 - 04:01:38: [UPDATER] Successfully updated gamedata file "tf2.items.txt"
L 06/23/2021 - 04:01:38: [UPDATER] SourceMod has been updated, please reload it or restart your server.
L 06/23/2021 - 05:10:14: SourceMod log file session started (file "/hlserver/tf2/tf/addons/sourcemod/logs/L20210623.log") (Version "1.10.0.6490")
L 06/23/2021 - 05:10:14: [TF2ITEMS] "GiveNamedItem" offset = 485
L 06/23/2021 - 05:10:14: [auto_steam_update.smx] HUD text is supported on this mod. The persistant timer will display.
L 06/23/2021 - 05:10:14: [simple-chatprocessor.smx] [SCP] Recognized mod [Team Fortress 2].
L 06/23/2021 - 05:10:14: [simple-chatprocessor.smx] [SCP] Loading translation file [scp.tf.phrases].
L 06/23/2021 - 05:10:14: [stac.smx] [StAC] File handle invalid!
L 06/23/2021 - 05:10:14: [stac.smx] [StAC] Plugin vers. ---- 5.0.7 ---- loaded
L 06/23/2021 - 05:10:23: [tf2items_giveweapon.smx] [TF2Items GiveWeapon]2041_viewmodel: Preparing models/weapons/c_models/c_v_ludmila/c_v_ludmila.mdl
L 06/23/2021 - 05:10:23: [tf2items_giveweapon.smx] [TF2Items GiveWeapon]2058_model: cannot find valid model models/custom/weapons/antehgen/urinejar.mdl, skipping
L 06/23/2021 - 05:10:23: [tf2items_giveweapon.smx] [TF2Items GiveWeapon]2058_viewmodel: cannot find valid model models/custom/weapons/antehgen/urinejar.mdl, skipping
L 06/23/2021 - 05:10:23: [tf2items_giveweapon.smx] [TF2Items GiveWeapon]2171_model: cannot find valid model models/advancedweaponiser/w_sickle_sniper.mdl, skipping
L 06/23/2021 - 05:10:23: [tf2items_giveweapon.smx] [TF2Items GiveWeapon]2171_viewmodel: cannot find valid model models/advancedweaponiser/w_sickle_sniper.mdl, skipping
L 06/23/2021 - 05:10:23: [tf2items_giveweapon.smx] [TF2Items GiveWeapon]2197_model: cannot find valid model models/custom/weapons/rebelscurse/c_wrench_v2.mdl, skipping
L 06/23/2021 - 05:10:23: [tf2items_giveweapon.smx] [TF2Items GiveWeapon]2197_viewmodel: cannot find valid model models/custom/weapons/rebelscurse/c_wrench_v2.mdl, skipping
L 06/23/2021 - 05:10:23: [tf2items_giveweapon.smx] [TF2Items GiveWeapon]2228_model: cannot find valid model models/advancedweaponiser/fbomb/c_fbomb.mdl, skipping
L 06/23/2021 - 05:10:23: [tf2items_giveweapon.smx] [TF2Items GiveWeapon]2228_viewmodel: cannot find valid model models/advancedweaponiser/fbomb/c_fbomb.mdl, skipping
L 06/23/2021 - 05:10:24: [tf2items_giveweapon.smx] [TF2Items GiveWeapon]5142_viewmodel: cannot find valid model models/custom/weapons/goldslinger/c_engineer_gunslinger.mdl, skipping
L 06/23/2021 - 05:10:24: [basecommands.smx] "Console<0><Console><Console>" changed cvar (cvar "nb_update_frequency") (value "0.03")
L 06/24/2021 - 04:00:24: Log file closed.
