L 12/23/2021 - 01:24:40: SourceMod log file session started (file "/home/tf2server/hlserver/tf2/tf/addons/sourcemod/logs/L20211223.log") (Version "1.10.0.6512")
L 12/23/2021 - 01:24:40: [funcommands.smx] "Yvonne<24><[U:1:298643660]><>" set gravity on "the       clown.<21><[U:1:315272131]><>" (amount "0.500000")
L 12/23/2021 - 01:24:41: [funcommands.smx] "jiim jaam<25><[U:1:109549249]><>" set a TimeBomb on "jiim jaam<25><[U:1:109549249]><>"
L 12/23/2021 - 01:24:49: [funcommands.smx] "Yvonne<24><[U:1:298643660]><>" set gravity on "the       jester.<19><[U:1:835996677]><>" (amount "0.500000")
L 12/23/2021 - 01:25:07: [funcommands.smx] "jiim jaam<25><[U:1:109549249]><>" set gravity on "the       jester.<19><[U:1:835996677]><>" (amount "1.000000")
L 12/23/2021 - 01:25:11: [funcommands.smx] "jiim jaam<25><[U:1:109549249]><>" set gravity on "the       clown.<21><[U:1:315272131]><>" (amount "1.000000")
L 12/23/2021 - 01:25:19: [funcommands.smx] "jiim jaam<25><[U:1:109549249]><>" set gravity on "gendermutt<23><[U:1:192591589]><>" (amount "0.100000")
L 12/23/2021 - 01:26:28: [funcommands.smx] "Yvonne<24><[U:1:298643660]><>" toggled noclip on "Yvonne<24><[U:1:298643660]><>"
L 12/23/2021 - 01:26:33: [funcommands.smx] "jiim jaam<25><[U:1:109549249]><>" set gravity on "gendermutt<23><[U:1:192591589]><>" (amount "4.000000")
L 12/23/2021 - 01:26:37: [funcommands.smx] "jiim jaam<25><[U:1:109549249]><>" set gravity on "gendermutt<23><[U:1:192591589]><>" (amount "1.000000")
L 12/23/2021 - 01:26:48: [funcommands.smx] "jiim jaam<25><[U:1:109549249]><>" set gravity on "gendermutt<23><[U:1:192591589]><>" (amount "0.000000")
L 12/23/2021 - 01:26:59: [funcommands.smx] "jiim jaam<25><[U:1:109549249]><>" set gravity on "gendermutt<23><[U:1:192591589]><>" (amount "0.000000")
L 12/23/2021 - 01:27:10: [funcommands.smx] "jiim jaam<25><[U:1:109549249]><>" set gravity on "gendermutt<23><[U:1:192591589]><>" (amount "1.000000")
L 12/23/2021 - 01:27:21: [funcommands.smx] "jiim jaam<25><[U:1:109549249]><>" set gravity on "gendermutt<23><[U:1:192591589]><>" (amount "0.000000")
L 12/23/2021 - 01:27:36: [funcommands.smx] "jiim jaam<25><[U:1:109549249]><>" set gravity on "gendermutt<23><[U:1:192591589]><>" (amount "0.000000")
L 12/23/2021 - 01:27:56: [funcommands.smx] "jiim jaam<25><[U:1:109549249]><>" set gravity on "gendermutt<23><[U:1:192591589]><>" (amount "500.000000")
L 12/23/2021 - 01:28:19: [funcommands.smx] "jiim jaam<25><[U:1:109549249]><>" set gravity on "gendermutt<23><[U:1:192591589]><>" (amount "0.000000")
L 12/23/2021 - 01:28:34: [funcommands.smx] "jiim jaam<25><[U:1:109549249]><>" set gravity on "gendermutt<23><[U:1:192591589]><>" (amount "1.000000")
L 12/23/2021 - 01:28:48: [funcommands.smx] "jiim jaam<25><[U:1:109549249]><>" set gravity on "gendermutt<23><[U:1:192591589]><>" (amount "0.000000")
L 12/23/2021 - 01:29:53: [funcommands.smx] "jiim jaam<25><[U:1:109549249]><>" set gravity on "gendermutt<23><[U:1:192591589]><>" (amount "800.000000")
L 12/23/2021 - 01:30:08: [funcommands.smx] "jiim jaam<25><[U:1:109549249]><>" set gravity on "gendermutt<23><[U:1:192591589]><>" (amount "0.000000")
L 12/23/2021 - 01:30:18: [funcommands.smx] "jiim jaam<25><[U:1:109549249]><>" set gravity on "gendermutt<23><[U:1:192591589]><>" (amount "0.000000")
L 12/23/2021 - 01:30:27: [funcommands.smx] "jiim jaam<25><[U:1:109549249]><>" set gravity on "gendermutt<23><[U:1:192591589]><>" (amount "0.000000")
L 12/23/2021 - 01:30:39: [funcommands.smx] "jiim jaam<25><[U:1:109549249]><>" set gravity on "gendermutt<23><[U:1:192591589]><>" (amount "0.100000")
L 12/23/2021 - 01:30:48: [funcommands.smx] "jiim jaam<25><[U:1:109549249]><>" set gravity on "gendermutt<23><[U:1:192591589]><>" (amount "0.000000")
L 12/23/2021 - 01:31:10: [funcommands.smx] "Yvonne<24><[U:1:298643660]><>" toggled noclip on "Yvonne<24><[U:1:298643660]><>"
L 12/23/2021 - 01:31:12: [funcommands.smx] "jiim jaam<25><[U:1:109549249]><>" set gravity on "gendermutt<23><[U:1:192591589]><>" (amount "5.000000")
L 12/23/2021 - 01:31:28: [funcommands.smx] "jiim jaam<25><[U:1:109549249]><>" set gravity on "gendermutt<23><[U:1:192591589]><>" (amount "0.100000")
L 12/23/2021 - 01:33:24: [funcommands.smx] "Yvonne<24><[U:1:298643660]><>" toggled noclip on "Yvonne<24><[U:1:298643660]><>"
L 12/23/2021 - 01:40:22: SourceMod log file session started (file "/home/tf2server/hlserver/tf2/tf/addons/sourcemod/logs/L20211223.log") (Version "1.10.0.6528")
L 12/23/2021 - 01:40:22: [TF2ITEMS] "GiveNamedItem" offset = 488
L 12/23/2021 - 01:40:22: [stac.smx] [StAC] File handle invalid!
L 12/23/2021 - 01:40:22: [simple-chatprocessor.smx] [SCP] Recognized mod [Team Fortress 2].
L 12/23/2021 - 01:40:22: [simple-chatprocessor.smx] [SCP] Loading translation file [scp.tf.phrases].
L 12/23/2021 - 01:40:30: [tf2items_giveweapon.smx] [TF2Items GiveWeapon]2041_viewmodel: Preparing models/weapons/c_models/c_v_ludmila/c_v_ludmila.mdl
L 12/23/2021 - 01:40:30: [tf2items_giveweapon.smx] [TF2Items GiveWeapon]2058_model: cannot find valid model models/custom/weapons/antehgen/urinejar.mdl, skipping
L 12/23/2021 - 01:40:30: [tf2items_giveweapon.smx] [TF2Items GiveWeapon]2058_viewmodel: cannot find valid model models/custom/weapons/antehgen/urinejar.mdl, skipping
L 12/23/2021 - 01:40:30: [tf2items_giveweapon.smx] [TF2Items GiveWeapon]2171_model: cannot find valid model models/advancedweaponiser/w_sickle_sniper.mdl, skipping
L 12/23/2021 - 01:40:30: [tf2items_giveweapon.smx] [TF2Items GiveWeapon]2171_viewmodel: cannot find valid model models/advancedweaponiser/w_sickle_sniper.mdl, skipping
L 12/23/2021 - 01:40:30: [tf2items_giveweapon.smx] [TF2Items GiveWeapon]2197_model: cannot find valid model models/custom/weapons/rebelscurse/c_wrench_v2.mdl, skipping
L 12/23/2021 - 01:40:30: [tf2items_giveweapon.smx] [TF2Items GiveWeapon]2197_viewmodel: cannot find valid model models/custom/weapons/rebelscurse/c_wrench_v2.mdl, skipping
L 12/23/2021 - 01:40:30: [tf2items_giveweapon.smx] [TF2Items GiveWeapon]2228_model: cannot find valid model models/advancedweaponiser/fbomb/c_fbomb.mdl, skipping
L 12/23/2021 - 01:40:30: [tf2items_giveweapon.smx] [TF2Items GiveWeapon]2228_viewmodel: cannot find valid model models/advancedweaponiser/fbomb/c_fbomb.mdl, skipping
L 12/23/2021 - 01:40:30: [tf2items_giveweapon.smx] [TF2Items GiveWeapon]5142_viewmodel: cannot find valid model models/custom/weapons/goldslinger/c_engineer_gunslinger.mdl, skipping
L 12/23/2021 - 01:40:31: [basecommands.smx] "Console<0><Console><Console>" changed cvar (cvar "nb_update_frequency") (value "0.03")
L 12/23/2021 - 01:40:31: [basecommands.smx] "Console<0><Console><Console>" changed cvar (cvar "fps_max") (value "0")
L 12/23/2021 - 01:42:32: [basecommands.smx] "jiim jaam<6><[U:1:109549249]><>" changed map to "plr_hightower"
L 12/23/2021 - 01:42:35: [SM] Changed map to "plr_hightower"
L 12/23/2021 - 01:42:36: -------- Mapchange to plr_hightower --------
L 12/23/2021 - 01:42:41: [tf2items_giveweapon.smx] [TF2Items GiveWeapon]2041_viewmodel: Preparing models/weapons/c_models/c_v_ludmila/c_v_ludmila.mdl
L 12/23/2021 - 01:42:41: [tf2items_giveweapon.smx] [TF2Items GiveWeapon]2058_model: cannot find valid model models/custom/weapons/antehgen/urinejar.mdl, skipping
L 12/23/2021 - 01:42:41: [tf2items_giveweapon.smx] [TF2Items GiveWeapon]2058_viewmodel: cannot find valid model models/custom/weapons/antehgen/urinejar.mdl, skipping
L 12/23/2021 - 01:42:41: [tf2items_giveweapon.smx] [TF2Items GiveWeapon]2171_model: cannot find valid model models/advancedweaponiser/w_sickle_sniper.mdl, skipping
L 12/23/2021 - 01:42:41: [tf2items_giveweapon.smx] [TF2Items GiveWeapon]2171_viewmodel: cannot find valid model models/advancedweaponiser/w_sickle_sniper.mdl, skipping
L 12/23/2021 - 01:42:41: [tf2items_giveweapon.smx] [TF2Items GiveWeapon]2197_model: cannot find valid model models/custom/weapons/rebelscurse/c_wrench_v2.mdl, skipping
L 12/23/2021 - 01:42:41: [tf2items_giveweapon.smx] [TF2Items GiveWeapon]2197_viewmodel: cannot find valid model models/custom/weapons/rebelscurse/c_wrench_v2.mdl, skipping
L 12/23/2021 - 01:42:41: [tf2items_giveweapon.smx] [TF2Items GiveWeapon]2228_model: cannot find valid model models/advancedweaponiser/fbomb/c_fbomb.mdl, skipping
L 12/23/2021 - 01:42:41: [tf2items_giveweapon.smx] [TF2Items GiveWeapon]2228_viewmodel: cannot find valid model models/advancedweaponiser/fbomb/c_fbomb.mdl, skipping
L 12/23/2021 - 01:42:41: [tf2items_giveweapon.smx] [TF2Items GiveWeapon]5142_viewmodel: cannot find valid model models/custom/weapons/goldslinger/c_engineer_gunslinger.mdl, skipping
L 12/23/2021 - 01:42:42: [basecommands.smx] "Console<0><Console><Console>" changed cvar (cvar "nb_update_frequency") (value "0.03")
L 12/23/2021 - 01:42:42: [basecommands.smx] "Console<0><Console><Console>" changed cvar (cvar "fps_max") (value "0")
L 12/23/2021 - 01:42:47: [randomcycle.smx] RandomCycle has chosen workshop/pl_angkor.ugc454686689 for the nextmap.
L 12/23/2021 - 02:56:16: [admincheats.smx] <VibeZ Time><STEAM_0:0:460381675><69.123.180.142> was prevented from running cheat command 'noclip'
L 12/23/2021 - 03:24:15: [admincheats.smx] <VibeZ Time><STEAM_0:0:460381675><69.123.180.142> was prevented from running cheat command 'noclip'
L 12/23/2021 - 04:00:42: [ScheduledShutdown.smx] Server shutdown warning.
L 12/23/2021 - 04:00:52: [ScheduledShutdown.smx] Server shutdown.
L 12/23/2021 - 04:00:53: Log file closed.
L 12/23/2021 - 04:01:09: SourceMod log file session started (file "/home/tf2server/hlserver/tf2/tf/addons/sourcemod/logs/L20211223.log") (Version "1.10.0.6528")
L 12/23/2021 - 04:01:09: [TF2ITEMS] "GiveNamedItem" offset = 488
L 12/23/2021 - 04:01:09: [stac.smx] [StAC] File handle invalid!
L 12/23/2021 - 04:01:09: [simple-chatprocessor.smx] [SCP] Recognized mod [Team Fortress 2].
L 12/23/2021 - 04:01:09: [simple-chatprocessor.smx] [SCP] Loading translation file [scp.tf.phrases].
L 12/23/2021 - 04:01:17: [tf2items_giveweapon.smx] [TF2Items GiveWeapon]2041_viewmodel: Preparing models/weapons/c_models/c_v_ludmila/c_v_ludmila.mdl
L 12/23/2021 - 04:01:17: [tf2items_giveweapon.smx] [TF2Items GiveWeapon]2058_model: cannot find valid model models/custom/weapons/antehgen/urinejar.mdl, skipping
L 12/23/2021 - 04:01:17: [tf2items_giveweapon.smx] [TF2Items GiveWeapon]2058_viewmodel: cannot find valid model models/custom/weapons/antehgen/urinejar.mdl, skipping
L 12/23/2021 - 04:01:17: [tf2items_giveweapon.smx] [TF2Items GiveWeapon]2171_model: cannot find valid model models/advancedweaponiser/w_sickle_sniper.mdl, skipping
L 12/23/2021 - 04:01:17: [tf2items_giveweapon.smx] [TF2Items GiveWeapon]2171_viewmodel: cannot find valid model models/advancedweaponiser/w_sickle_sniper.mdl, skipping
L 12/23/2021 - 04:01:17: [tf2items_giveweapon.smx] [TF2Items GiveWeapon]2197_model: cannot find valid model models/custom/weapons/rebelscurse/c_wrench_v2.mdl, skipping
L 12/23/2021 - 04:01:17: [tf2items_giveweapon.smx] [TF2Items GiveWeapon]2197_viewmodel: cannot find valid model models/custom/weapons/rebelscurse/c_wrench_v2.mdl, skipping
L 12/23/2021 - 04:01:17: [tf2items_giveweapon.smx] [TF2Items GiveWeapon]2228_model: cannot find valid model models/advancedweaponiser/fbomb/c_fbomb.mdl, skipping
L 12/23/2021 - 04:01:17: [tf2items_giveweapon.smx] [TF2Items GiveWeapon]2228_viewmodel: cannot find valid model models/advancedweaponiser/fbomb/c_fbomb.mdl, skipping
L 12/23/2021 - 04:01:17: [tf2items_giveweapon.smx] [TF2Items GiveWeapon]5142_viewmodel: cannot find valid model models/custom/weapons/goldslinger/c_engineer_gunslinger.mdl, skipping
L 12/23/2021 - 04:01:18: [basecommands.smx] "Console<0><Console><Console>" changed cvar (cvar "nb_update_frequency") (value "0.03")
L 12/23/2021 - 04:01:18: [basecommands.smx] "Console<0><Console><Console>" changed cvar (cvar "fps_max") (value "0")
L 12/23/2021 - 04:01:23: [randomcycle.smx] RandomCycle has chosen arena_ravine for the nextmap.
L 12/23/2021 - 06:22:48: [admincheats.smx] <fronitaccessalatinozzlegram><STEAM_0:1:51578515><208.114.93.61> was prevented from running cheat command 'noclip'
L 12/23/2021 - 06:22:54: [admincheats.smx] <fronitaccessalatinozzlegram><STEAM_0:1:51578515><208.114.93.61> was prevented from running cheat command 'noclip'
L 12/23/2021 - 06:23:00: [admincheats.smx] <fronitaccessalatinozzlegram><STEAM_0:1:51578515><208.114.93.61> was prevented from running cheat command 'noclip'
L 12/24/2021 - 04:00:18: Log file closed.
