L 07/15/2021 - 00:58:17: SourceMod log file session started (file "/hlserver/tf2/tf/addons/sourcemod/logs/L20210715.log") (Version "1.10.0.6490")
L 07/15/2021 - 00:58:17: [basebans.smx] "ashley<20><[U:1:109549249]><>" banned "Svettanka<18><[U:1:906222269]><>" (minutes "0") (reason "Racism")
L 07/15/2021 - 00:58:40: [basebans.smx] "ashley<20><[U:1:109549249]><>" banned "★★Shadline★★<16><[U:1:410907721]><>" (minutes "0") (reason "Racism")
L 07/15/2021 - 00:58:48: [funcommands.smx] "ashley<20><[U:1:109549249]><>" toggled noclip on "ashley<20><[U:1:109549249]><>"
L 07/15/2021 - 00:58:49: [funcommands.smx] "ashley<20><[U:1:109549249]><>" toggled noclip on "ashley<20><[U:1:109549249]><>"
L 07/15/2021 - 01:06:38: [basebans.smx] "ashley<20><[U:1:109549249]><>" added ban (minutes "0") (id "STEAM_0:1:518212747") (reason "Racism")
L 07/15/2021 - 01:07:17: [basebans.smx] "ashley<20><[U:1:109549249]><>" added ban (minutes "0") (id "STEAM_0:0:562313683") (reason "Racism")
L 07/15/2021 - 04:00:06: [ScheduledShutdown.smx] Server shutdown warning.
L 07/15/2021 - 04:00:16: [ScheduledShutdown.smx] Server shutdown.
L 07/15/2021 - 04:00:17: [stac.smx] [StAC] File handle invalid!
L 07/15/2021 - 04:00:17: [stac.smx] [StAC] Plugin vers. ---- 5.0.7 ---- unloaded
L 07/15/2021 - 04:00:17: Log file closed.
L 07/15/2021 - 04:00:52: SourceMod log file session started (file "/hlserver/tf2/tf/addons/sourcemod/logs/L20210715.log") (Version "1.10.0.6490")
L 07/15/2021 - 04:00:52: [TF2ITEMS] "GiveNamedItem" offset = 485
L 07/15/2021 - 04:00:53: [auto_steam_update.smx] HUD text is supported on this mod. The persistant timer will display.
L 07/15/2021 - 04:00:53: [simple-chatprocessor.smx] [SCP] Recognized mod [Team Fortress 2].
L 07/15/2021 - 04:00:53: [simple-chatprocessor.smx] [SCP] Loading translation file [scp.tf.phrases].
L 07/15/2021 - 04:00:53: [stac.smx] [StAC] File handle invalid!
L 07/15/2021 - 04:00:53: [stac.smx] [StAC] Plugin vers. ---- 5.0.7 ---- loaded
L 07/15/2021 - 04:01:00: [tf2items_giveweapon.smx] [TF2Items GiveWeapon]2041_viewmodel: Preparing models/weapons/c_models/c_v_ludmila/c_v_ludmila.mdl
L 07/15/2021 - 04:01:00: [tf2items_giveweapon.smx] [TF2Items GiveWeapon]2058_model: cannot find valid model models/custom/weapons/antehgen/urinejar.mdl, skipping
L 07/15/2021 - 04:01:00: [tf2items_giveweapon.smx] [TF2Items GiveWeapon]2058_viewmodel: cannot find valid model models/custom/weapons/antehgen/urinejar.mdl, skipping
L 07/15/2021 - 04:01:00: [tf2items_giveweapon.smx] [TF2Items GiveWeapon]2171_model: cannot find valid model models/advancedweaponiser/w_sickle_sniper.mdl, skipping
L 07/15/2021 - 04:01:00: [tf2items_giveweapon.smx] [TF2Items GiveWeapon]2171_viewmodel: cannot find valid model models/advancedweaponiser/w_sickle_sniper.mdl, skipping
L 07/15/2021 - 04:01:00: [tf2items_giveweapon.smx] [TF2Items GiveWeapon]2197_model: cannot find valid model models/custom/weapons/rebelscurse/c_wrench_v2.mdl, skipping
L 07/15/2021 - 04:01:00: [tf2items_giveweapon.smx] [TF2Items GiveWeapon]2197_viewmodel: cannot find valid model models/custom/weapons/rebelscurse/c_wrench_v2.mdl, skipping
L 07/15/2021 - 04:01:00: [tf2items_giveweapon.smx] [TF2Items GiveWeapon]2228_model: cannot find valid model models/advancedweaponiser/fbomb/c_fbomb.mdl, skipping
L 07/15/2021 - 04:01:00: [tf2items_giveweapon.smx] [TF2Items GiveWeapon]2228_viewmodel: cannot find valid model models/advancedweaponiser/fbomb/c_fbomb.mdl, skipping
L 07/15/2021 - 04:01:00: [tf2items_giveweapon.smx] [TF2Items GiveWeapon]5142_viewmodel: cannot find valid model models/custom/weapons/goldslinger/c_engineer_gunslinger.mdl, skipping
L 07/15/2021 - 04:01:01: [basecommands.smx] "Console<0><Console><Console>" changed cvar (cvar "nb_update_frequency") (value "0.03")
L 07/15/2021 - 04:01:01: [basecommands.smx] "Console<0><Console><Console>" changed cvar (cvar "fps_max") (value "0")
L 07/16/2021 - 04:00:01: Log file closed.
