L 03/09/2021 - 04:00:17: SourceMod log file session started (file "/hlserver/tf2/tf/addons/sourcemod/logs/L20210309.log") (Version "1.10.0.6490")
L 03/09/2021 - 04:00:17: [ScheduledShutdown.smx] Server shutdown warning.
L 03/09/2021 - 04:00:27: [ScheduledShutdown.smx] Server shutdown.
L 03/09/2021 - 04:00:27: Log file closed.
L 03/09/2021 - 04:01:08: SourceMod log file session started (file "/hlserver/tf2/tf/addons/sourcemod/logs/L20210309.log") (Version "1.10.0.6490")
L 03/09/2021 - 04:01:08: [TF2ITEMS] "GiveNamedItem" offset = 484
L 03/09/2021 - 04:01:08: [auto_steam_update.smx] HUD text is supported on this mod. The persistant timer will display.
L 03/09/2021 - 04:01:08: [simple-chatprocessor.smx] [SCP] Recognized mod [Team Fortress 2].
L 03/09/2021 - 04:01:08: [simple-chatprocessor.smx] [SCP] Loading translation file [scp.tf.phrases].
L 03/09/2021 - 04:01:17: [tf2items_giveweapon.smx] [TF2Items GiveWeapon]2041_viewmodel: Preparing models/weapons/c_models/c_v_ludmila/c_v_ludmila.mdl
L 03/09/2021 - 04:01:17: [tf2items_giveweapon.smx] [TF2Items GiveWeapon]2058_model: cannot find valid model models/custom/weapons/antehgen/urinejar.mdl, skipping
L 03/09/2021 - 04:01:17: [tf2items_giveweapon.smx] [TF2Items GiveWeapon]2058_viewmodel: cannot find valid model models/custom/weapons/antehgen/urinejar.mdl, skipping
L 03/09/2021 - 04:01:17: [tf2items_giveweapon.smx] [TF2Items GiveWeapon]2171_model: cannot find valid model models/advancedweaponiser/w_sickle_sniper.mdl, skipping
L 03/09/2021 - 04:01:17: [tf2items_giveweapon.smx] [TF2Items GiveWeapon]2171_viewmodel: cannot find valid model models/advancedweaponiser/w_sickle_sniper.mdl, skipping
L 03/09/2021 - 04:01:17: [tf2items_giveweapon.smx] [TF2Items GiveWeapon]2197_model: cannot find valid model models/custom/weapons/rebelscurse/c_wrench_v2.mdl, skipping
L 03/09/2021 - 04:01:17: [tf2items_giveweapon.smx] [TF2Items GiveWeapon]2197_viewmodel: cannot find valid model models/custom/weapons/rebelscurse/c_wrench_v2.mdl, skipping
L 03/09/2021 - 04:01:17: [tf2items_giveweapon.smx] [TF2Items GiveWeapon]2228_model: cannot find valid model models/advancedweaponiser/fbomb/c_fbomb.mdl, skipping
L 03/09/2021 - 04:01:17: [tf2items_giveweapon.smx] [TF2Items GiveWeapon]2228_viewmodel: cannot find valid model models/advancedweaponiser/fbomb/c_fbomb.mdl, skipping
L 03/09/2021 - 04:01:17: [tf2items_giveweapon.smx] [TF2Items GiveWeapon]5142_viewmodel: cannot find valid model models/custom/weapons/goldslinger/c_engineer_gunslinger.mdl, skipping
L 03/09/2021 - 04:01:18: [basecommands.smx] "Console<0><Console><Console>" changed cvar (cvar "nb_update_frequency") (value "0.03")
L 03/09/2021 - 08:36:33: SourceMod log file session started (file "/hlserver/tf2/tf/addons/sourcemod/logs/L20210309.log") (Version "1.10.0.6490")
L 03/09/2021 - 08:36:33: [TF2ITEMS] "GiveNamedItem" offset = 484
L 03/09/2021 - 08:36:33: [auto_steam_update.smx] HUD text is supported on this mod. The persistant timer will display.
L 03/09/2021 - 08:36:33: [simple-chatprocessor.smx] [SCP] Recognized mod [Team Fortress 2].
L 03/09/2021 - 08:36:33: [simple-chatprocessor.smx] [SCP] Loading translation file [scp.tf.phrases].
L 03/09/2021 - 08:36:33: [stac.smx] [StAC] StAC directory not extant! Creating...
L 03/09/2021 - 08:36:41: [tf2items_giveweapon.smx] [TF2Items GiveWeapon]2041_viewmodel: Preparing models/weapons/c_models/c_v_ludmila/c_v_ludmila.mdl
L 03/09/2021 - 08:36:41: [tf2items_giveweapon.smx] [TF2Items GiveWeapon]2058_model: cannot find valid model models/custom/weapons/antehgen/urinejar.mdl, skipping
L 03/09/2021 - 08:36:41: [tf2items_giveweapon.smx] [TF2Items GiveWeapon]2058_viewmodel: cannot find valid model models/custom/weapons/antehgen/urinejar.mdl, skipping
L 03/09/2021 - 08:36:41: [tf2items_giveweapon.smx] [TF2Items GiveWeapon]2171_model: cannot find valid model models/advancedweaponiser/w_sickle_sniper.mdl, skipping
L 03/09/2021 - 08:36:41: [tf2items_giveweapon.smx] [TF2Items GiveWeapon]2171_viewmodel: cannot find valid model models/advancedweaponiser/w_sickle_sniper.mdl, skipping
L 03/09/2021 - 08:36:41: [tf2items_giveweapon.smx] [TF2Items GiveWeapon]2197_model: cannot find valid model models/custom/weapons/rebelscurse/c_wrench_v2.mdl, skipping
L 03/09/2021 - 08:36:41: [tf2items_giveweapon.smx] [TF2Items GiveWeapon]2197_viewmodel: cannot find valid model models/custom/weapons/rebelscurse/c_wrench_v2.mdl, skipping
L 03/09/2021 - 08:36:41: [tf2items_giveweapon.smx] [TF2Items GiveWeapon]2228_model: cannot find valid model models/advancedweaponiser/fbomb/c_fbomb.mdl, skipping
L 03/09/2021 - 08:36:41: [tf2items_giveweapon.smx] [TF2Items GiveWeapon]2228_viewmodel: cannot find valid model models/advancedweaponiser/fbomb/c_fbomb.mdl, skipping
L 03/09/2021 - 08:36:41: [tf2items_giveweapon.smx] [TF2Items GiveWeapon]5142_viewmodel: cannot find valid model models/custom/weapons/goldslinger/c_engineer_gunslinger.mdl, skipping
L 03/09/2021 - 08:36:42: [basecommands.smx] "Console<0><Console><Console>" changed cvar (cvar "nb_update_frequency") (value "0.03")
L 03/09/2021 - 12:49:41: [stac.smx] [StAC] File handle invalid!
L 03/09/2021 - 12:49:41: [stac.smx] [StAC] Plugin vers. ---- 4.1.4 ---- unloaded
L 03/09/2021 - 12:49:41: Log file closed.
L 03/09/2021 - 12:50:19: SourceMod log file session started (file "/hlserver/tf2/tf/addons/sourcemod/logs/L20210309.log") (Version "1.10.0.6490")
L 03/09/2021 - 12:50:19: [TF2ITEMS] "GiveNamedItem" offset = 484
L 03/09/2021 - 12:50:19: [auto_steam_update.smx] HUD text is supported on this mod. The persistant timer will display.
L 03/09/2021 - 12:50:19: [simple-chatprocessor.smx] [SCP] Recognized mod [Team Fortress 2].
L 03/09/2021 - 12:50:19: [simple-chatprocessor.smx] [SCP] Loading translation file [scp.tf.phrases].
L 03/09/2021 - 12:50:27: [tf2items_giveweapon.smx] [TF2Items GiveWeapon]2041_viewmodel: Preparing models/weapons/c_models/c_v_ludmila/c_v_ludmila.mdl
L 03/09/2021 - 12:50:27: [tf2items_giveweapon.smx] [TF2Items GiveWeapon]2058_model: cannot find valid model models/custom/weapons/antehgen/urinejar.mdl, skipping
L 03/09/2021 - 12:50:27: [tf2items_giveweapon.smx] [TF2Items GiveWeapon]2058_viewmodel: cannot find valid model models/custom/weapons/antehgen/urinejar.mdl, skipping
L 03/09/2021 - 12:50:27: [tf2items_giveweapon.smx] [TF2Items GiveWeapon]2171_model: cannot find valid model models/advancedweaponiser/w_sickle_sniper.mdl, skipping
L 03/09/2021 - 12:50:27: [tf2items_giveweapon.smx] [TF2Items GiveWeapon]2171_viewmodel: cannot find valid model models/advancedweaponiser/w_sickle_sniper.mdl, skipping
L 03/09/2021 - 12:50:28: [tf2items_giveweapon.smx] [TF2Items GiveWeapon]2197_model: cannot find valid model models/custom/weapons/rebelscurse/c_wrench_v2.mdl, skipping
L 03/09/2021 - 12:50:28: [tf2items_giveweapon.smx] [TF2Items GiveWeapon]2197_viewmodel: cannot find valid model models/custom/weapons/rebelscurse/c_wrench_v2.mdl, skipping
L 03/09/2021 - 12:50:28: [tf2items_giveweapon.smx] [TF2Items GiveWeapon]2228_model: cannot find valid model models/advancedweaponiser/fbomb/c_fbomb.mdl, skipping
L 03/09/2021 - 12:50:28: [tf2items_giveweapon.smx] [TF2Items GiveWeapon]2228_viewmodel: cannot find valid model models/advancedweaponiser/fbomb/c_fbomb.mdl, skipping
L 03/09/2021 - 12:50:28: [tf2items_giveweapon.smx] [TF2Items GiveWeapon]5142_viewmodel: cannot find valid model models/custom/weapons/goldslinger/c_engineer_gunslinger.mdl, skipping
L 03/09/2021 - 12:50:28: [basecommands.smx] "Console<0><Console><Console>" changed cvar (cvar "nb_update_frequency") (value "0.03")
L 03/09/2021 - 12:52:35: [stac.smx] [StAC] File handle invalid!
L 03/09/2021 - 12:52:35: [stac.smx] [StAC] Plugin vers. ---- 4.1.4 ---- unloaded
L 03/09/2021 - 12:52:35: Log file closed.
L 03/09/2021 - 12:53:13: SourceMod log file session started (file "/hlserver/tf2/tf/addons/sourcemod/logs/L20210309.log") (Version "1.10.0.6490")
L 03/09/2021 - 12:53:13: [TF2ITEMS] "GiveNamedItem" offset = 484
L 03/09/2021 - 12:53:14: [auto_steam_update.smx] HUD text is supported on this mod. The persistant timer will display.
L 03/09/2021 - 12:53:14: [simple-chatprocessor.smx] [SCP] Recognized mod [Team Fortress 2].
L 03/09/2021 - 12:53:14: [simple-chatprocessor.smx] [SCP] Loading translation file [scp.tf.phrases].
L 03/09/2021 - 12:53:22: [tf2items_giveweapon.smx] [TF2Items GiveWeapon]2041_viewmodel: Preparing models/weapons/c_models/c_v_ludmila/c_v_ludmila.mdl
L 03/09/2021 - 12:53:22: [tf2items_giveweapon.smx] [TF2Items GiveWeapon]2058_model: cannot find valid model models/custom/weapons/antehgen/urinejar.mdl, skipping
L 03/09/2021 - 12:53:22: [tf2items_giveweapon.smx] [TF2Items GiveWeapon]2058_viewmodel: cannot find valid model models/custom/weapons/antehgen/urinejar.mdl, skipping
L 03/09/2021 - 12:53:22: [tf2items_giveweapon.smx] [TF2Items GiveWeapon]2171_model: cannot find valid model models/advancedweaponiser/w_sickle_sniper.mdl, skipping
L 03/09/2021 - 12:53:22: [tf2items_giveweapon.smx] [TF2Items GiveWeapon]2171_viewmodel: cannot find valid model models/advancedweaponiser/w_sickle_sniper.mdl, skipping
L 03/09/2021 - 12:53:22: [tf2items_giveweapon.smx] [TF2Items GiveWeapon]2197_model: cannot find valid model models/custom/weapons/rebelscurse/c_wrench_v2.mdl, skipping
L 03/09/2021 - 12:53:22: [tf2items_giveweapon.smx] [TF2Items GiveWeapon]2197_viewmodel: cannot find valid model models/custom/weapons/rebelscurse/c_wrench_v2.mdl, skipping
L 03/09/2021 - 12:53:22: [tf2items_giveweapon.smx] [TF2Items GiveWeapon]2228_model: cannot find valid model models/advancedweaponiser/fbomb/c_fbomb.mdl, skipping
L 03/09/2021 - 12:53:22: [tf2items_giveweapon.smx] [TF2Items GiveWeapon]2228_viewmodel: cannot find valid model models/advancedweaponiser/fbomb/c_fbomb.mdl, skipping
L 03/09/2021 - 12:53:22: [tf2items_giveweapon.smx] [TF2Items GiveWeapon]5142_viewmodel: cannot find valid model models/custom/weapons/goldslinger/c_engineer_gunslinger.mdl, skipping
L 03/09/2021 - 12:53:23: [basecommands.smx] "Console<0><Console><Console>" changed cvar (cvar "nb_update_frequency") (value "0.03")
L 03/09/2021 - 13:05:53: [playercommands.smx] "jiim jaam<3><[U:1:109549249]><>" slayed "jiim jaam<3><[U:1:109549249]><>"
L 03/09/2021 - 13:12:46: [basecommands.smx] "Console<0><Console><Console>" changed cvar (cvar "nb_update_frequency") (value "0.03")
L 03/10/2021 - 04:00:23: Log file closed.
