L 08/12/2021 - 04:00:55: SourceMod log file session started (file "/hlserver/tf2/tf/addons/sourcemod/logs/L20210812.log") (Version "1.10.0.6490")
L 08/12/2021 - 04:00:55: [ScheduledShutdown.smx] Server shutdown warning.
L 08/12/2021 - 04:01:05: [ScheduledShutdown.smx] Server shutdown.
L 08/12/2021 - 04:01:05: [stac.smx] [StAC] File handle invalid!
L 08/12/2021 - 04:01:05: [stac.smx] [StAC] Plugin vers. ---- 5.1.0b ---- unloaded
L 08/12/2021 - 04:01:06: Log file closed.
L 08/12/2021 - 04:01:43: SourceMod log file session started (file "/hlserver/tf2/tf/addons/sourcemod/logs/L20210812.log") (Version "1.10.0.6490")
L 08/12/2021 - 04:01:43: [TF2ITEMS] "GiveNamedItem" offset = 485
L 08/12/2021 - 04:01:43: [auto_steam_update.smx] HUD text is supported on this mod. The persistant timer will display.
L 08/12/2021 - 04:01:43: [simple-chatprocessor.smx] [SCP] Recognized mod [Team Fortress 2].
L 08/12/2021 - 04:01:43: [simple-chatprocessor.smx] [SCP] Loading translation file [scp.tf.phrases].
L 08/12/2021 - 04:01:43: [stac.smx] [StAC] File handle invalid!
L 08/12/2021 - 04:01:43: [stac.smx] [StAC] Plugin vers. ---- 5.1.0b ---- loaded
L 08/12/2021 - 04:01:51: [tf2items_giveweapon.smx] [TF2Items GiveWeapon]2041_viewmodel: Preparing models/weapons/c_models/c_v_ludmila/c_v_ludmila.mdl
L 08/12/2021 - 04:01:51: [tf2items_giveweapon.smx] [TF2Items GiveWeapon]2058_model: cannot find valid model models/custom/weapons/antehgen/urinejar.mdl, skipping
L 08/12/2021 - 04:01:51: [tf2items_giveweapon.smx] [TF2Items GiveWeapon]2058_viewmodel: cannot find valid model models/custom/weapons/antehgen/urinejar.mdl, skipping
L 08/12/2021 - 04:01:51: [tf2items_giveweapon.smx] [TF2Items GiveWeapon]2171_model: cannot find valid model models/advancedweaponiser/w_sickle_sniper.mdl, skipping
L 08/12/2021 - 04:01:51: [tf2items_giveweapon.smx] [TF2Items GiveWeapon]2171_viewmodel: cannot find valid model models/advancedweaponiser/w_sickle_sniper.mdl, skipping
L 08/12/2021 - 04:01:51: [tf2items_giveweapon.smx] [TF2Items GiveWeapon]2197_model: cannot find valid model models/custom/weapons/rebelscurse/c_wrench_v2.mdl, skipping
L 08/12/2021 - 04:01:51: [tf2items_giveweapon.smx] [TF2Items GiveWeapon]2197_viewmodel: cannot find valid model models/custom/weapons/rebelscurse/c_wrench_v2.mdl, skipping
L 08/12/2021 - 04:01:51: [tf2items_giveweapon.smx] [TF2Items GiveWeapon]2228_model: cannot find valid model models/advancedweaponiser/fbomb/c_fbomb.mdl, skipping
L 08/12/2021 - 04:01:51: [tf2items_giveweapon.smx] [TF2Items GiveWeapon]2228_viewmodel: cannot find valid model models/advancedweaponiser/fbomb/c_fbomb.mdl, skipping
L 08/12/2021 - 04:01:51: [tf2items_giveweapon.smx] [TF2Items GiveWeapon]5142_viewmodel: cannot find valid model models/custom/weapons/goldslinger/c_engineer_gunslinger.mdl, skipping
L 08/12/2021 - 04:01:52: [basecommands.smx] "Console<0><Console><Console>" changed cvar (cvar "nb_update_frequency") (value "0.03")
L 08/12/2021 - 04:01:52: [basecommands.smx] "Console<0><Console><Console>" changed cvar (cvar "fps_max") (value "0")
L 08/12/2021 - 23:31:13: [admincheats.smx] <lunch><STEAM_0:0:511252781><173.66.162.50> was prevented from running cheat command 'noclip'
L 08/13/2021 - 04:00:52: Log file closed.
