L 04/04/2021 - 04:00:20: SourceMod log file session started (file "/hlserver/tf2/tf/addons/sourcemod/logs/L20210404.log") (Version "1.10.0.6490")
L 04/04/2021 - 04:00:20: [ScheduledShutdown.smx] Server shutdown warning.
L 04/04/2021 - 04:00:31: [ScheduledShutdown.smx] Server shutdown.
L 04/04/2021 - 04:00:31: [stac.smx] [StAC] File handle invalid!
L 04/04/2021 - 04:00:31: [stac.smx] [StAC] Plugin vers. ---- 4.1.4 ---- unloaded
L 04/04/2021 - 04:00:31: Log file closed.
L 04/04/2021 - 04:01:12: SourceMod log file session started (file "/hlserver/tf2/tf/addons/sourcemod/logs/L20210404.log") (Version "1.10.0.6490")
L 04/04/2021 - 04:01:12: [TF2ITEMS] "GiveNamedItem" offset = 484
L 04/04/2021 - 04:01:12: [auto_steam_update.smx] HUD text is supported on this mod. The persistant timer will display.
L 04/04/2021 - 04:01:13: [simple-chatprocessor.smx] [SCP] Recognized mod [Team Fortress 2].
L 04/04/2021 - 04:01:13: [simple-chatprocessor.smx] [SCP] Loading translation file [scp.tf.phrases].
L 04/04/2021 - 04:01:21: [tf2items_giveweapon.smx] [TF2Items GiveWeapon]2041_viewmodel: Preparing models/weapons/c_models/c_v_ludmila/c_v_ludmila.mdl
L 04/04/2021 - 04:01:21: [tf2items_giveweapon.smx] [TF2Items GiveWeapon]2058_model: cannot find valid model models/custom/weapons/antehgen/urinejar.mdl, skipping
L 04/04/2021 - 04:01:21: [tf2items_giveweapon.smx] [TF2Items GiveWeapon]2058_viewmodel: cannot find valid model models/custom/weapons/antehgen/urinejar.mdl, skipping
L 04/04/2021 - 04:01:21: [tf2items_giveweapon.smx] [TF2Items GiveWeapon]2171_model: cannot find valid model models/advancedweaponiser/w_sickle_sniper.mdl, skipping
L 04/04/2021 - 04:01:21: [tf2items_giveweapon.smx] [TF2Items GiveWeapon]2171_viewmodel: cannot find valid model models/advancedweaponiser/w_sickle_sniper.mdl, skipping
L 04/04/2021 - 04:01:21: [tf2items_giveweapon.smx] [TF2Items GiveWeapon]2197_model: cannot find valid model models/custom/weapons/rebelscurse/c_wrench_v2.mdl, skipping
L 04/04/2021 - 04:01:21: [tf2items_giveweapon.smx] [TF2Items GiveWeapon]2197_viewmodel: cannot find valid model models/custom/weapons/rebelscurse/c_wrench_v2.mdl, skipping
L 04/04/2021 - 04:01:21: [tf2items_giveweapon.smx] [TF2Items GiveWeapon]2228_model: cannot find valid model models/advancedweaponiser/fbomb/c_fbomb.mdl, skipping
L 04/04/2021 - 04:01:21: [tf2items_giveweapon.smx] [TF2Items GiveWeapon]2228_viewmodel: cannot find valid model models/advancedweaponiser/fbomb/c_fbomb.mdl, skipping
L 04/04/2021 - 04:01:21: [tf2items_giveweapon.smx] [TF2Items GiveWeapon]5142_viewmodel: cannot find valid model models/custom/weapons/goldslinger/c_engineer_gunslinger.mdl, skipping
L 04/04/2021 - 04:01:22: [basecommands.smx] "Console<0><Console><Console>" changed cvar (cvar "nb_update_frequency") (value "0.03")
L 04/04/2021 - 15:30:50: [admincheats.smx] <Creation Air><STEAM_0:1:581244313><173.34.56.218> was prevented from running cheat command 'noclip'
L 04/05/2021 - 04:00:22: Log file closed.
