L 02/12/2021 - 04:00:47: SourceMod log file session started (file "/hlserver/tf2/tf/addons/sourcemod/logs/L20210212.log") (Version "1.10.0.6490")
L 02/12/2021 - 04:00:47: [ScheduledShutdown.smx] Server shutdown warning.
L 02/12/2021 - 04:00:57: [ScheduledShutdown.smx] Server shutdown.
L 02/12/2021 - 04:00:58: Log file closed.
L 02/12/2021 - 04:01:14: SourceMod log file session started (file "/hlserver/tf2/tf/addons/sourcemod/logs/L20210212.log") (Version "1.10.0.6490")
L 02/12/2021 - 04:01:14: [TF2ITEMS] "GiveNamedItem" offset = 484
L 02/12/2021 - 04:01:14: [auto_steam_update.smx] HUD text is supported on this mod. The persistant timer will display.
L 02/12/2021 - 04:01:14: [simple-chatprocessor.smx] [SCP] Recognized mod [Team Fortress 2].
L 02/12/2021 - 04:01:14: [simple-chatprocessor.smx] [SCP] Loading translation file [scp.tf.phrases].
L 02/12/2021 - 04:01:22: [tf2items_giveweapon.smx] [TF2Items GiveWeapon]2041_viewmodel: Preparing models/weapons/c_models/c_v_ludmila/c_v_ludmila.mdl
L 02/12/2021 - 04:01:22: [tf2items_giveweapon.smx] [TF2Items GiveWeapon]2058_model: cannot find valid model models/custom/weapons/antehgen/urinejar.mdl, skipping
L 02/12/2021 - 04:01:22: [tf2items_giveweapon.smx] [TF2Items GiveWeapon]2058_viewmodel: cannot find valid model models/custom/weapons/antehgen/urinejar.mdl, skipping
L 02/12/2021 - 04:01:22: [tf2items_giveweapon.smx] [TF2Items GiveWeapon]2171_model: cannot find valid model models/advancedweaponiser/w_sickle_sniper.mdl, skipping
L 02/12/2021 - 04:01:22: [tf2items_giveweapon.smx] [TF2Items GiveWeapon]2171_viewmodel: cannot find valid model models/advancedweaponiser/w_sickle_sniper.mdl, skipping
L 02/12/2021 - 04:01:22: [tf2items_giveweapon.smx] [TF2Items GiveWeapon]2197_model: cannot find valid model models/custom/weapons/rebelscurse/c_wrench_v2.mdl, skipping
L 02/12/2021 - 04:01:22: [tf2items_giveweapon.smx] [TF2Items GiveWeapon]2197_viewmodel: cannot find valid model models/custom/weapons/rebelscurse/c_wrench_v2.mdl, skipping
L 02/12/2021 - 04:01:22: [tf2items_giveweapon.smx] [TF2Items GiveWeapon]2228_model: cannot find valid model models/advancedweaponiser/fbomb/c_fbomb.mdl, skipping
L 02/12/2021 - 04:01:22: [tf2items_giveweapon.smx] [TF2Items GiveWeapon]2228_viewmodel: cannot find valid model models/advancedweaponiser/fbomb/c_fbomb.mdl, skipping
L 02/12/2021 - 04:01:22: [tf2items_giveweapon.smx] [TF2Items GiveWeapon]5142_viewmodel: cannot find valid model models/custom/weapons/goldslinger/c_engineer_gunslinger.mdl, skipping
L 02/12/2021 - 04:01:23: [basecommands.smx] "Console<0><Console><Console>" changed cvar (cvar "nb_update_frequency") (value "0.03")
L 02/13/2021 - 04:00:23: Log file closed.
