L 08/25/2021 - 03:01:05: SourceMod log file session started (file "/hlserver/tf2/tf/addons/sourcemod/logs/L20210825.log") (Version "1.10.0.6490")
L 08/25/2021 - 03:01:05: [admincheats.smx] <NussNougatCreme><STEAM_0:1:201430546><108.53.98.77> was prevented from running cheat command 'noclip'
L 08/25/2021 - 04:00:03: [ScheduledShutdown.smx] Server shutdown warning.
L 08/25/2021 - 04:00:13: [ScheduledShutdown.smx] Server shutdown.
L 08/25/2021 - 04:00:13: [stac.smx] [StAC] File handle invalid!
L 08/25/2021 - 04:00:13: [stac.smx] [StAC] Plugin vers. ---- 5.1.1 ---- unloaded
L 08/25/2021 - 04:00:14: Log file closed.
L 08/25/2021 - 04:00:53: SourceMod log file session started (file "/hlserver/tf2/tf/addons/sourcemod/logs/L20210825.log") (Version "1.10.0.6490")
L 08/25/2021 - 04:00:53: [TF2ITEMS] "GiveNamedItem" offset = 485
L 08/25/2021 - 04:00:53: [auto_steam_update.smx] HUD text is supported on this mod. The persistant timer will display.
L 08/25/2021 - 04:00:53: [simple-chatprocessor.smx] [SCP] Recognized mod [Team Fortress 2].
L 08/25/2021 - 04:00:53: [simple-chatprocessor.smx] [SCP] Loading translation file [scp.tf.phrases].
L 08/25/2021 - 04:00:53: [stac.smx] [StAC] File handle invalid!
L 08/25/2021 - 04:00:53: [stac.smx] [StAC] Plugin vers. ---- 5.1.1 ---- loaded
L 08/25/2021 - 04:01:01: [tf2items_giveweapon.smx] [TF2Items GiveWeapon]2041_viewmodel: Preparing models/weapons/c_models/c_v_ludmila/c_v_ludmila.mdl
L 08/25/2021 - 04:01:01: [tf2items_giveweapon.smx] [TF2Items GiveWeapon]2058_model: cannot find valid model models/custom/weapons/antehgen/urinejar.mdl, skipping
L 08/25/2021 - 04:01:01: [tf2items_giveweapon.smx] [TF2Items GiveWeapon]2058_viewmodel: cannot find valid model models/custom/weapons/antehgen/urinejar.mdl, skipping
L 08/25/2021 - 04:01:01: [tf2items_giveweapon.smx] [TF2Items GiveWeapon]2171_model: cannot find valid model models/advancedweaponiser/w_sickle_sniper.mdl, skipping
L 08/25/2021 - 04:01:01: [tf2items_giveweapon.smx] [TF2Items GiveWeapon]2171_viewmodel: cannot find valid model models/advancedweaponiser/w_sickle_sniper.mdl, skipping
L 08/25/2021 - 04:01:01: [tf2items_giveweapon.smx] [TF2Items GiveWeapon]2197_model: cannot find valid model models/custom/weapons/rebelscurse/c_wrench_v2.mdl, skipping
L 08/25/2021 - 04:01:01: [tf2items_giveweapon.smx] [TF2Items GiveWeapon]2197_viewmodel: cannot find valid model models/custom/weapons/rebelscurse/c_wrench_v2.mdl, skipping
L 08/25/2021 - 04:01:01: [tf2items_giveweapon.smx] [TF2Items GiveWeapon]2228_model: cannot find valid model models/advancedweaponiser/fbomb/c_fbomb.mdl, skipping
L 08/25/2021 - 04:01:01: [tf2items_giveweapon.smx] [TF2Items GiveWeapon]2228_viewmodel: cannot find valid model models/advancedweaponiser/fbomb/c_fbomb.mdl, skipping
L 08/25/2021 - 04:01:01: [tf2items_giveweapon.smx] [TF2Items GiveWeapon]5142_viewmodel: cannot find valid model models/custom/weapons/goldslinger/c_engineer_gunslinger.mdl, skipping
L 08/25/2021 - 04:01:02: [basecommands.smx] "Console<0><Console><Console>" changed cvar (cvar "nb_update_frequency") (value "0.03")
L 08/25/2021 - 04:01:02: [basecommands.smx] "Console<0><Console><Console>" changed cvar (cvar "fps_max") (value "0")
L 08/26/2021 - 04:00:02: Log file closed.
