L 12/24/2021 - 04:00:18: SourceMod log file session started (file "/home/tf2server/hlserver/tf2/tf/addons/sourcemod/logs/L20211224.log") (Version "1.10.0.6528")
L 12/24/2021 - 04:00:18: [ScheduledShutdown.smx] Server shutdown warning.
L 12/24/2021 - 04:00:28: [ScheduledShutdown.smx] Server shutdown.
L 12/24/2021 - 04:00:29: Log file closed.
L 12/24/2021 - 04:00:49: SourceMod log file session started (file "/home/tf2server/hlserver/tf2/tf/addons/sourcemod/logs/L20211224.log") (Version "1.10.0.6528")
L 12/24/2021 - 04:00:49: [TF2ITEMS] "GiveNamedItem" offset = 488
L 12/24/2021 - 04:00:49: [stac.smx] [StAC] File handle invalid!
L 12/24/2021 - 04:00:50: [simple-chatprocessor.smx] [SCP] Recognized mod [Team Fortress 2].
L 12/24/2021 - 04:00:50: [simple-chatprocessor.smx] [SCP] Loading translation file [scp.tf.phrases].
L 12/24/2021 - 04:01:00: [tf2items_giveweapon.smx] [TF2Items GiveWeapon]2041_viewmodel: Preparing models/weapons/c_models/c_v_ludmila/c_v_ludmila.mdl
L 12/24/2021 - 04:01:00: [tf2items_giveweapon.smx] [TF2Items GiveWeapon]2058_model: cannot find valid model models/custom/weapons/antehgen/urinejar.mdl, skipping
L 12/24/2021 - 04:01:00: [tf2items_giveweapon.smx] [TF2Items GiveWeapon]2058_viewmodel: cannot find valid model models/custom/weapons/antehgen/urinejar.mdl, skipping
L 12/24/2021 - 04:01:00: [tf2items_giveweapon.smx] [TF2Items GiveWeapon]2171_model: cannot find valid model models/advancedweaponiser/w_sickle_sniper.mdl, skipping
L 12/24/2021 - 04:01:00: [tf2items_giveweapon.smx] [TF2Items GiveWeapon]2171_viewmodel: cannot find valid model models/advancedweaponiser/w_sickle_sniper.mdl, skipping
L 12/24/2021 - 04:01:00: [tf2items_giveweapon.smx] [TF2Items GiveWeapon]2197_model: cannot find valid model models/custom/weapons/rebelscurse/c_wrench_v2.mdl, skipping
L 12/24/2021 - 04:01:00: [tf2items_giveweapon.smx] [TF2Items GiveWeapon]2197_viewmodel: cannot find valid model models/custom/weapons/rebelscurse/c_wrench_v2.mdl, skipping
L 12/24/2021 - 04:01:00: [tf2items_giveweapon.smx] [TF2Items GiveWeapon]2228_model: cannot find valid model models/advancedweaponiser/fbomb/c_fbomb.mdl, skipping
L 12/24/2021 - 04:01:00: [tf2items_giveweapon.smx] [TF2Items GiveWeapon]2228_viewmodel: cannot find valid model models/advancedweaponiser/fbomb/c_fbomb.mdl, skipping
L 12/24/2021 - 04:01:00: [tf2items_giveweapon.smx] [TF2Items GiveWeapon]5142_viewmodel: cannot find valid model models/custom/weapons/goldslinger/c_engineer_gunslinger.mdl, skipping
L 12/24/2021 - 04:01:01: [basecommands.smx] "Console<0><Console><Console>" changed cvar (cvar "nb_update_frequency") (value "0.03")
L 12/24/2021 - 04:01:01: [basecommands.smx] "Console<0><Console><Console>" changed cvar (cvar "fps_max") (value "0")
L 12/24/2021 - 04:01:06: [randomcycle.smx] RandomCycle has chosen workshop/cp_overgrown.ugc503939302 for the nextmap.
L 12/24/2021 - 11:57:54: [admincheats.smx] <fronitaccessalatinozzlegram><STEAM_0:1:51578515><208.114.93.61> was prevented from running cheat command 'noclip'
L 12/24/2021 - 11:58:06: [admincheats.smx] <fronitaccessalatinozzlegram><STEAM_0:1:51578515><208.114.93.61> was prevented from running cheat command 'noclip'
L 12/24/2021 - 23:54:42: [basecommands.smx] "jiim jaam<12><[U:1:109549249]><>" console command (cmdline "quit")
L 12/24/2021 - 23:54:43: Log file closed.
L 12/24/2021 - 23:54:59: SourceMod log file session started (file "/home/tf2server/hlserver/tf2/tf/addons/sourcemod/logs/L20211224.log") (Version "1.10.0.6528")
L 12/24/2021 - 23:54:59: [TF2ITEMS] "GiveNamedItem" offset = 488
L 12/24/2021 - 23:54:59: [stac.smx] [StAC] File handle invalid!
L 12/24/2021 - 23:54:59: [auto_steam_update.smx] HUD text is supported on this mod. The persistant timer will display.
L 12/24/2021 - 23:54:59: [simple-chatprocessor.smx] [SCP] Recognized mod [Team Fortress 2].
L 12/24/2021 - 23:54:59: [simple-chatprocessor.smx] [SCP] Loading translation file [scp.tf.phrases].
L 12/24/2021 - 23:55:07: [tf2items_giveweapon.smx] [TF2Items GiveWeapon]2041_viewmodel: Preparing models/weapons/c_models/c_v_ludmila/c_v_ludmila.mdl
L 12/24/2021 - 23:55:07: [tf2items_giveweapon.smx] [TF2Items GiveWeapon]2058_model: cannot find valid model models/custom/weapons/antehgen/urinejar.mdl, skipping
L 12/24/2021 - 23:55:07: [tf2items_giveweapon.smx] [TF2Items GiveWeapon]2058_viewmodel: cannot find valid model models/custom/weapons/antehgen/urinejar.mdl, skipping
L 12/24/2021 - 23:55:07: [tf2items_giveweapon.smx] [TF2Items GiveWeapon]2171_model: cannot find valid model models/advancedweaponiser/w_sickle_sniper.mdl, skipping
L 12/24/2021 - 23:55:07: [tf2items_giveweapon.smx] [TF2Items GiveWeapon]2171_viewmodel: cannot find valid model models/advancedweaponiser/w_sickle_sniper.mdl, skipping
L 12/24/2021 - 23:55:07: [tf2items_giveweapon.smx] [TF2Items GiveWeapon]2197_model: cannot find valid model models/custom/weapons/rebelscurse/c_wrench_v2.mdl, skipping
L 12/24/2021 - 23:55:07: [tf2items_giveweapon.smx] [TF2Items GiveWeapon]2197_viewmodel: cannot find valid model models/custom/weapons/rebelscurse/c_wrench_v2.mdl, skipping
L 12/24/2021 - 23:55:07: [tf2items_giveweapon.smx] [TF2Items GiveWeapon]2228_model: cannot find valid model models/advancedweaponiser/fbomb/c_fbomb.mdl, skipping
L 12/24/2021 - 23:55:07: [tf2items_giveweapon.smx] [TF2Items GiveWeapon]2228_viewmodel: cannot find valid model models/advancedweaponiser/fbomb/c_fbomb.mdl, skipping
L 12/24/2021 - 23:55:07: [tf2items_giveweapon.smx] [TF2Items GiveWeapon]5142_viewmodel: cannot find valid model models/custom/weapons/goldslinger/c_engineer_gunslinger.mdl, skipping
L 12/24/2021 - 23:55:08: [basecommands.smx] "Console<0><Console><Console>" changed cvar (cvar "nb_update_frequency") (value "0.03")
L 12/24/2021 - 23:55:08: [basecommands.smx] "Console<0><Console><Console>" changed cvar (cvar "fps_max") (value "0")
L 12/24/2021 - 23:55:13: [randomcycle.smx] RandomCycle has chosen workshop/pl_farmstead.ugc454263905 for the nextmap.
L 12/25/2021 - 03:16:30: Log file closed.
