L 05/15/2021 - 04:00:35: SourceMod log file session started (file "/hlserver/tf2/tf/addons/sourcemod/logs/L20210515.log") (Version "1.10.0.6490")
L 05/15/2021 - 04:00:35: [ScheduledShutdown.smx] Server shutdown warning.
L 05/15/2021 - 04:00:45: [ScheduledShutdown.smx] Server shutdown.
L 05/15/2021 - 04:00:45: [stac.smx] [StAC] File handle invalid!
L 05/15/2021 - 04:00:45: [stac.smx] [StAC] Plugin vers. ---- 4.1.17b ---- unloaded
L 05/15/2021 - 04:00:45: Log file closed.
L 05/15/2021 - 04:01:25: SourceMod log file session started (file "/hlserver/tf2/tf/addons/sourcemod/logs/L20210515.log") (Version "1.10.0.6490")
L 05/15/2021 - 04:01:25: [TF2ITEMS] "GiveNamedItem" offset = 484
L 05/15/2021 - 04:01:25: [auto_steam_update.smx] HUD text is supported on this mod. The persistant timer will display.
L 05/15/2021 - 04:01:25: [simple-chatprocessor.smx] [SCP] Recognized mod [Team Fortress 2].
L 05/15/2021 - 04:01:25: [simple-chatprocessor.smx] [SCP] Loading translation file [scp.tf.phrases].
L 05/15/2021 - 04:01:34: [tf2items_giveweapon.smx] [TF2Items GiveWeapon]2041_viewmodel: Preparing models/weapons/c_models/c_v_ludmila/c_v_ludmila.mdl
L 05/15/2021 - 04:01:34: [tf2items_giveweapon.smx] [TF2Items GiveWeapon]2058_model: cannot find valid model models/custom/weapons/antehgen/urinejar.mdl, skipping
L 05/15/2021 - 04:01:34: [tf2items_giveweapon.smx] [TF2Items GiveWeapon]2058_viewmodel: cannot find valid model models/custom/weapons/antehgen/urinejar.mdl, skipping
L 05/15/2021 - 04:01:34: [tf2items_giveweapon.smx] [TF2Items GiveWeapon]2171_model: cannot find valid model models/advancedweaponiser/w_sickle_sniper.mdl, skipping
L 05/15/2021 - 04:01:34: [tf2items_giveweapon.smx] [TF2Items GiveWeapon]2171_viewmodel: cannot find valid model models/advancedweaponiser/w_sickle_sniper.mdl, skipping
L 05/15/2021 - 04:01:34: [tf2items_giveweapon.smx] [TF2Items GiveWeapon]2197_model: cannot find valid model models/custom/weapons/rebelscurse/c_wrench_v2.mdl, skipping
L 05/15/2021 - 04:01:34: [tf2items_giveweapon.smx] [TF2Items GiveWeapon]2197_viewmodel: cannot find valid model models/custom/weapons/rebelscurse/c_wrench_v2.mdl, skipping
L 05/15/2021 - 04:01:34: [tf2items_giveweapon.smx] [TF2Items GiveWeapon]2228_model: cannot find valid model models/advancedweaponiser/fbomb/c_fbomb.mdl, skipping
L 05/15/2021 - 04:01:34: [tf2items_giveweapon.smx] [TF2Items GiveWeapon]2228_viewmodel: cannot find valid model models/advancedweaponiser/fbomb/c_fbomb.mdl, skipping
L 05/15/2021 - 04:01:34: [tf2items_giveweapon.smx] [TF2Items GiveWeapon]5142_viewmodel: cannot find valid model models/custom/weapons/goldslinger/c_engineer_gunslinger.mdl, skipping
L 05/15/2021 - 04:01:34: [basecommands.smx] "Console<0><Console><Console>" changed cvar (cvar "nb_update_frequency") (value "0.03")
L 05/15/2021 - 04:40:03: [basecommands.smx] "ashley<7><[U:1:109549249]><>" console command (cmdline "exec server")
L 05/15/2021 - 04:40:03: [basecommands.smx] "Console<0><Console><Console>" changed cvar (cvar "nb_update_frequency") (value "0.03")
L 05/15/2021 - 04:40:10: [basecommands.smx] "ashley<7><[U:1:109549249]><>" console command (cmdline "hostname")
L 05/15/2021 - 05:10:11: [basecommands.smx] "ashley<8><[U:1:109549249]><>" console command (cmdline "mp_disable_respawn_times 1")
L 05/15/2021 - 05:20:14: [sbpp_main.smx] "ashley<8><[U:1:109549249]><>" banned "Shifted.<5><[U:1:347503595]><>" (minutes "0") (reason "dont be an asshole : )")
L 05/15/2021 - 05:22:16: [basecommands.smx] "ashley<8><[U:1:109549249]><>" changed map to "plr_hightower"
L 05/15/2021 - 05:22:19: [SM] Changed map to "plr_hightower"
L 05/15/2021 - 05:22:19: [stac.smx] [StAC] File handle invalid!
L 05/15/2021 - 05:22:19: [stac.smx] [StAC] Plugin vers. ---- 4.1.17b ---- unloaded
L 05/15/2021 - 05:22:20: -------- Mapchange to plr_hightower --------
L 05/15/2021 - 05:22:26: [tf2items_giveweapon.smx] [TF2Items GiveWeapon]2041_viewmodel: Preparing models/weapons/c_models/c_v_ludmila/c_v_ludmila.mdl
L 05/15/2021 - 05:22:26: [tf2items_giveweapon.smx] [TF2Items GiveWeapon]2058_model: cannot find valid model models/custom/weapons/antehgen/urinejar.mdl, skipping
L 05/15/2021 - 05:22:26: [tf2items_giveweapon.smx] [TF2Items GiveWeapon]2058_viewmodel: cannot find valid model models/custom/weapons/antehgen/urinejar.mdl, skipping
L 05/15/2021 - 05:22:26: [tf2items_giveweapon.smx] [TF2Items GiveWeapon]2171_model: cannot find valid model models/advancedweaponiser/w_sickle_sniper.mdl, skipping
L 05/15/2021 - 05:22:26: [tf2items_giveweapon.smx] [TF2Items GiveWeapon]2171_viewmodel: cannot find valid model models/advancedweaponiser/w_sickle_sniper.mdl, skipping
L 05/15/2021 - 05:22:26: [tf2items_giveweapon.smx] [TF2Items GiveWeapon]2197_model: cannot find valid model models/custom/weapons/rebelscurse/c_wrench_v2.mdl, skipping
L 05/15/2021 - 05:22:26: [tf2items_giveweapon.smx] [TF2Items GiveWeapon]2197_viewmodel: cannot find valid model models/custom/weapons/rebelscurse/c_wrench_v2.mdl, skipping
L 05/15/2021 - 05:22:26: [tf2items_giveweapon.smx] [TF2Items GiveWeapon]2228_model: cannot find valid model models/advancedweaponiser/fbomb/c_fbomb.mdl, skipping
L 05/15/2021 - 05:22:26: [tf2items_giveweapon.smx] [TF2Items GiveWeapon]2228_viewmodel: cannot find valid model models/advancedweaponiser/fbomb/c_fbomb.mdl, skipping
L 05/15/2021 - 05:22:26: [tf2items_giveweapon.smx] [TF2Items GiveWeapon]5142_viewmodel: cannot find valid model models/custom/weapons/goldslinger/c_engineer_gunslinger.mdl, skipping
L 05/15/2021 - 05:22:27: [basecommands.smx] "Console<0><Console><Console>" changed cvar (cvar "nb_update_frequency") (value "0.03")
L 05/16/2021 - 04:00:27: Log file closed.
