L 07/16/2020 - 23:14:30: SourceMod log file session started (file "/hlserver/tf2/tf/addons/sourcemod/logs/L20200716.log") (Version "1.10.0.6490")
L 07/16/2020 - 23:14:30: [tf2items_giveweapon.smx] "blink-182 - Family Reunion<12><[U:1:109549249]><>" gave a permanent weapon 28 to "blink-182 - Family Reunion<12><[U:1:109549249]><>"
L 07/16/2020 - 23:14:30: [tf2items_giveweapon.smx] "blink-182 - Family Reunion<12><[U:1:109549249]><>" gave a permanent weapon 28 to "ツpierogi<13><[U:1:145903906]><>"
L 07/16/2020 - 23:15:39: [tf2items_giveweapon.smx] "blink-182 - Family Reunion<12><[U:1:109549249]><>" gave a permanent weapon 28 to "blink-182 - Family Reunion<12><[U:1:109549249]><>"
L 07/16/2020 - 23:15:39: [tf2items_giveweapon.smx] "blink-182 - Family Reunion<12><[U:1:109549249]><>" gave a permanent weapon 28 to "ツpierogi<13><[U:1:145903906]><>"
L 07/16/2020 - 23:15:39: [tf2items_giveweapon.smx] "blink-182 - Family Reunion<12><[U:1:109549249]><>" gave a permanent weapon 28 to "Pummelator<14><[U:1:99735716]><>"
L 07/16/2020 - 23:16:06: [tf2items_giveweapon.smx] "blink-182 - Family Reunion<12><[U:1:109549249]><>" gave a permanent weapon 28 to "blink-182 - Family Reunion<12><[U:1:109549249]><>"
L 07/16/2020 - 23:16:06: [tf2items_giveweapon.smx] "blink-182 - Family Reunion<12><[U:1:109549249]><>" gave a permanent weapon 28 to "ツpierogi<13><[U:1:145903906]><>"
L 07/16/2020 - 23:16:06: [tf2items_giveweapon.smx] "blink-182 - Family Reunion<12><[U:1:109549249]><>" gave a permanent weapon 28 to "Pummelator<14><[U:1:99735716]><>"
L 07/16/2020 - 23:16:06: [tf2items_giveweapon.smx] "blink-182 - Family Reunion<12><[U:1:109549249]><>" gave a permanent weapon 28 to "the nintendo shitcube<15><[U:1:321506972]><>"
L 07/16/2020 - 23:23:07: [basecommands.smx] "blink-182 - Family Reunion<17><[U:1:109549249]><>" changed map to "pl_upward"
L 07/16/2020 - 23:23:10: [SM] Changed map to "pl_upward"
L 07/16/2020 - 23:23:12: -------- Mapchange to pl_upward --------
L 07/16/2020 - 23:23:18: [tf2items_giveweapon.smx] [TF2Items GiveWeapon]2041_viewmodel: Preparing models/weapons/c_models/c_v_ludmila/c_v_ludmila.mdl
L 07/16/2020 - 23:23:18: [tf2items_giveweapon.smx] [TF2Items GiveWeapon]2058_model: cannot find valid model models/custom/weapons/antehgen/urinejar.mdl, skipping
L 07/16/2020 - 23:23:18: [tf2items_giveweapon.smx] [TF2Items GiveWeapon]2058_viewmodel: cannot find valid model models/custom/weapons/antehgen/urinejar.mdl, skipping
L 07/16/2020 - 23:23:18: [tf2items_giveweapon.smx] [TF2Items GiveWeapon]2171_model: cannot find valid model models/advancedweaponiser/w_sickle_sniper.mdl, skipping
L 07/16/2020 - 23:23:18: [tf2items_giveweapon.smx] [TF2Items GiveWeapon]2171_viewmodel: cannot find valid model models/advancedweaponiser/w_sickle_sniper.mdl, skipping
L 07/16/2020 - 23:23:18: [tf2items_giveweapon.smx] [TF2Items GiveWeapon]2197_model: cannot find valid model models/custom/weapons/rebelscurse/c_wrench_v2.mdl, skipping
L 07/16/2020 - 23:23:18: [tf2items_giveweapon.smx] [TF2Items GiveWeapon]2197_viewmodel: cannot find valid model models/custom/weapons/rebelscurse/c_wrench_v2.mdl, skipping
L 07/16/2020 - 23:23:18: [tf2items_giveweapon.smx] [TF2Items GiveWeapon]2228_model: cannot find valid model models/advancedweaponiser/fbomb/c_fbomb.mdl, skipping
L 07/16/2020 - 23:23:18: [tf2items_giveweapon.smx] [TF2Items GiveWeapon]2228_viewmodel: cannot find valid model models/advancedweaponiser/fbomb/c_fbomb.mdl, skipping
L 07/16/2020 - 23:23:18: [tf2items_giveweapon.smx] [TF2Items GiveWeapon]5142_viewmodel: cannot find valid model models/custom/weapons/goldslinger/c_engineer_gunslinger.mdl, skipping
L 07/16/2020 - 23:23:19: [basecommands.smx] "Console<0><Console><Console>" changed cvar (cvar "nb_update_frequency") (value "0")
L 07/16/2020 - 23:24:12: [tf2items_giveweapon.smx] "blink-182 - Family Reunion<17><[U:1:109549249]><>" gave a permanent weapon 10 to "blink-182 - Family Reunion<17><[U:1:109549249]><>"
L 07/16/2020 - 23:24:12: [tf2items_giveweapon.smx] "blink-182 - Family Reunion<17><[U:1:109549249]><>" gave a permanent weapon 10 to "the nintendo shitcube<18><[U:1:321506972]><>"
L 07/16/2020 - 23:24:12: [tf2items_giveweapon.smx] "blink-182 - Family Reunion<17><[U:1:109549249]><>" gave a permanent weapon 10 to "Pummelator<19><[U:1:99735716]><>"
L 07/16/2020 - 23:24:12: [tf2items_giveweapon.smx] "blink-182 - Family Reunion<17><[U:1:109549249]><>" gave a permanent weapon 10 to "ツpierogi<20><[U:1:145903906]><>"
L 07/16/2020 - 23:24:12: [tf2items_giveweapon.smx] "blink-182 - Family Reunion<17><[U:1:109549249]><>" gave a permanent weapon 10 to "Eggbot #469 2.0<21><[U:1:444879700]><>"
L 07/16/2020 - 23:24:12: [tf2items_giveweapon.smx] "blink-182 - Family Reunion<17><[U:1:109549249]><>" gave a permanent weapon 10 to "GodJira<22><[U:1:317725510]><>"
L 07/16/2020 - 23:24:12: [tf2items_giveweapon.smx] "blink-182 - Family Reunion<17><[U:1:109549249]><>" gave a permanent weapon 10 to "Gamma<23><[U:1:432361745]><>"
L 07/16/2020 - 23:24:12: [tf2items_giveweapon.smx] "blink-182 - Family Reunion<17><[U:1:109549249]><>" gave a permanent weapon 14 to "blink-182 - Family Reunion<17><[U:1:109549249]><>"
L 07/16/2020 - 23:24:12: [tf2items_giveweapon.smx] "blink-182 - Family Reunion<17><[U:1:109549249]><>" gave a permanent weapon 14 to "the nintendo shitcube<18><[U:1:321506972]><>"
L 07/16/2020 - 23:24:12: [tf2items_giveweapon.smx] "blink-182 - Family Reunion<17><[U:1:109549249]><>" gave a permanent weapon 14 to "Pummelator<19><[U:1:99735716]><>"
L 07/16/2020 - 23:24:12: [tf2items_giveweapon.smx] "blink-182 - Family Reunion<17><[U:1:109549249]><>" gave a permanent weapon 14 to "ツpierogi<20><[U:1:145903906]><>"
L 07/16/2020 - 23:24:12: [tf2items_giveweapon.smx] "blink-182 - Family Reunion<17><[U:1:109549249]><>" gave a permanent weapon 14 to "Eggbot #469 2.0<21><[U:1:444879700]><>"
L 07/16/2020 - 23:24:12: [tf2items_giveweapon.smx] "blink-182 - Family Reunion<17><[U:1:109549249]><>" gave a permanent weapon 14 to "GodJira<22><[U:1:317725510]><>"
L 07/16/2020 - 23:24:12: [tf2items_giveweapon.smx] "blink-182 - Family Reunion<17><[U:1:109549249]><>" gave a permanent weapon 14 to "Gamma<23><[U:1:432361745]><>"
L 07/16/2020 - 23:24:22: [basecommands.smx] "blink-182 - Family Reunion<17><[U:1:109549249]><>" changed cvar (cvar "host_timescale") (value "3")
L 07/16/2020 - 23:24:35: [basecommands.smx] "blink-182 - Family Reunion<17><[U:1:109549249]><>" changed cvar (cvar "host_timescale") (value "5")
L 07/16/2020 - 23:24:36: [basecommands.smx] "blink-182 - Family Reunion<17><[U:1:109549249]><>" changed cvar (cvar "host_timescale") (value "1")
L 07/16/2020 - 23:24:47: [tf2items_giveweapon.smx] "blink-182 - Family Reunion<17><[U:1:109549249]><>" gave a permanent weapon 10 to "blink-182 - Family Reunion<17><[U:1:109549249]><>"
L 07/16/2020 - 23:24:47: [tf2items_giveweapon.smx] "blink-182 - Family Reunion<17><[U:1:109549249]><>" gave a permanent weapon 10 to "the nintendo shitcube<18><[U:1:321506972]><>"
L 07/16/2020 - 23:24:47: [tf2items_giveweapon.smx] "blink-182 - Family Reunion<17><[U:1:109549249]><>" gave a permanent weapon 10 to "Pummelator<19><[U:1:99735716]><>"
L 07/16/2020 - 23:24:47: [tf2items_giveweapon.smx] "blink-182 - Family Reunion<17><[U:1:109549249]><>" gave a permanent weapon 10 to "ツpierogi<20><[U:1:145903906]><>"
L 07/16/2020 - 23:24:47: [tf2items_giveweapon.smx] "blink-182 - Family Reunion<17><[U:1:109549249]><>" gave a permanent weapon 10 to "Eggbot #469 2.0<21><[U:1:444879700]><>"
L 07/16/2020 - 23:24:47: [tf2items_giveweapon.smx] "blink-182 - Family Reunion<17><[U:1:109549249]><>" gave a permanent weapon 10 to "GodJira<22><[U:1:317725510]><>"
L 07/16/2020 - 23:24:47: [tf2items_giveweapon.smx] "blink-182 - Family Reunion<17><[U:1:109549249]><>" gave a permanent weapon 10 to "Gamma<23><[U:1:432361745]><>"
L 07/16/2020 - 23:24:47: [tf2items_giveweapon.smx] "blink-182 - Family Reunion<17><[U:1:109549249]><>" gave a permanent weapon 10 to "superLofile<24><[U:1:123533190]><>"
L 07/16/2020 - 23:24:47: [tf2items_giveweapon.smx] "blink-182 - Family Reunion<17><[U:1:109549249]><>" gave a permanent weapon 14 to "blink-182 - Family Reunion<17><[U:1:109549249]><>"
L 07/16/2020 - 23:24:47: [tf2items_giveweapon.smx] "blink-182 - Family Reunion<17><[U:1:109549249]><>" gave a permanent weapon 14 to "the nintendo shitcube<18><[U:1:321506972]><>"
L 07/16/2020 - 23:24:47: [tf2items_giveweapon.smx] "blink-182 - Family Reunion<17><[U:1:109549249]><>" gave a permanent weapon 14 to "Pummelator<19><[U:1:99735716]><>"
L 07/16/2020 - 23:24:47: [tf2items_giveweapon.smx] "blink-182 - Family Reunion<17><[U:1:109549249]><>" gave a permanent weapon 14 to "ツpierogi<20><[U:1:145903906]><>"
L 07/16/2020 - 23:24:47: [tf2items_giveweapon.smx] "blink-182 - Family Reunion<17><[U:1:109549249]><>" gave a permanent weapon 14 to "Eggbot #469 2.0<21><[U:1:444879700]><>"
L 07/16/2020 - 23:24:47: [tf2items_giveweapon.smx] "blink-182 - Family Reunion<17><[U:1:109549249]><>" gave a permanent weapon 14 to "GodJira<22><[U:1:317725510]><>"
L 07/16/2020 - 23:24:47: [tf2items_giveweapon.smx] "blink-182 - Family Reunion<17><[U:1:109549249]><>" gave a permanent weapon 14 to "Gamma<23><[U:1:432361745]><>"
L 07/16/2020 - 23:24:47: [tf2items_giveweapon.smx] "blink-182 - Family Reunion<17><[U:1:109549249]><>" gave a permanent weapon 14 to "superLofile<24><[U:1:123533190]><>"
L 07/16/2020 - 23:26:51: [basecommands.smx] "blink-182 - Family Reunion<17><[U:1:109549249]><>" changed map to "pl_upward"
L 07/16/2020 - 23:26:54: [SM] Changed map to "pl_upward"
L 07/16/2020 - 23:26:55: -------- Mapchange to pl_upward --------
L 07/16/2020 - 23:27:02: [tf2items_giveweapon.smx] [TF2Items GiveWeapon]2041_viewmodel: Preparing models/weapons/c_models/c_v_ludmila/c_v_ludmila.mdl
L 07/16/2020 - 23:27:02: [tf2items_giveweapon.smx] [TF2Items GiveWeapon]2058_model: cannot find valid model models/custom/weapons/antehgen/urinejar.mdl, skipping
L 07/16/2020 - 23:27:02: [tf2items_giveweapon.smx] [TF2Items GiveWeapon]2058_viewmodel: cannot find valid model models/custom/weapons/antehgen/urinejar.mdl, skipping
L 07/16/2020 - 23:27:02: [tf2items_giveweapon.smx] [TF2Items GiveWeapon]2171_model: cannot find valid model models/advancedweaponiser/w_sickle_sniper.mdl, skipping
L 07/16/2020 - 23:27:02: [tf2items_giveweapon.smx] [TF2Items GiveWeapon]2171_viewmodel: cannot find valid model models/advancedweaponiser/w_sickle_sniper.mdl, skipping
L 07/16/2020 - 23:27:02: [tf2items_giveweapon.smx] [TF2Items GiveWeapon]2197_model: cannot find valid model models/custom/weapons/rebelscurse/c_wrench_v2.mdl, skipping
L 07/16/2020 - 23:27:02: [tf2items_giveweapon.smx] [TF2Items GiveWeapon]2197_viewmodel: cannot find valid model models/custom/weapons/rebelscurse/c_wrench_v2.mdl, skipping
L 07/16/2020 - 23:27:02: [tf2items_giveweapon.smx] [TF2Items GiveWeapon]2228_model: cannot find valid model models/advancedweaponiser/fbomb/c_fbomb.mdl, skipping
L 07/16/2020 - 23:27:02: [tf2items_giveweapon.smx] [TF2Items GiveWeapon]2228_viewmodel: cannot find valid model models/advancedweaponiser/fbomb/c_fbomb.mdl, skipping
L 07/16/2020 - 23:27:02: [tf2items_giveweapon.smx] [TF2Items GiveWeapon]5142_viewmodel: cannot find valid model models/custom/weapons/goldslinger/c_engineer_gunslinger.mdl, skipping
L 07/16/2020 - 23:27:02: [basecommands.smx] "Console<0><Console><Console>" changed cvar (cvar "nb_update_frequency") (value "0")
L 07/17/2020 - 00:24:01: Log file closed.
