L 12/10/2021 - 03:27:19: SourceMod log file session started (file "/hlserver/tf2/tf/addons/sourcemod/logs/L20211210.log") (Version "1.10.0.6512")
L 12/10/2021 - 03:27:19: [funcommands.smx] "jiim jaam<26><[U:1:109549249]><>" toggled noclip on "jiim jaam<26><[U:1:109549249]><>"
L 12/10/2021 - 03:27:30: [funcommands.smx] "jiim jaam<26><[U:1:109549249]><>" toggled noclip on "jiim jaam<26><[U:1:109549249]><>"
L 12/10/2021 - 03:27:36: [funcommands.smx] "jiim jaam<26><[U:1:109549249]><>" toggled noclip on "jiim jaam<26><[U:1:109549249]><>"
L 12/10/2021 - 03:27:42: [funcommands.smx] "jiim jaam<26><[U:1:109549249]><>" toggled noclip on "jiim jaam<26><[U:1:109549249]><>"
L 12/10/2021 - 03:27:43: [funcommands.smx] "jiim jaam<26><[U:1:109549249]><>" toggled noclip on "jiim jaam<26><[U:1:109549249]><>"
L 12/10/2021 - 03:27:56: [funcommands.smx] "jiim jaam<26><[U:1:109549249]><>" toggled noclip on "jiim jaam<26><[U:1:109549249]><>"
L 12/10/2021 - 03:28:33: [funcommands.smx] "jiim jaam<26><[U:1:109549249]><>" toggled noclip on "jiim jaam<26><[U:1:109549249]><>"
L 12/10/2021 - 03:29:07: [funcommands.smx] "jiim jaam<26><[U:1:109549249]><>" toggled noclip on "jiim jaam<26><[U:1:109549249]><>"
L 12/10/2021 - 03:29:17: [funcommands.smx] "jiim jaam<26><[U:1:109549249]><>" toggled noclip on "jiim jaam<26><[U:1:109549249]><>"
L 12/10/2021 - 03:29:58: [funcommands.smx] "jiim jaam<26><[U:1:109549249]><>" toggled noclip on "jiim jaam<26><[U:1:109549249]><>"
L 12/10/2021 - 03:29:58: [funcommands.smx] "jiim jaam<26><[U:1:109549249]><>" toggled noclip on "jiim jaam<26><[U:1:109549249]><>"
L 12/10/2021 - 03:29:59: [funcommands.smx] "jiim jaam<26><[U:1:109549249]><>" toggled noclip on "jiim jaam<26><[U:1:109549249]><>"
L 12/10/2021 - 03:29:59: [funcommands.smx] "jiim jaam<26><[U:1:109549249]><>" toggled noclip on "jiim jaam<26><[U:1:109549249]><>"
L 12/10/2021 - 03:30:00: [funcommands.smx] "jiim jaam<26><[U:1:109549249]><>" toggled noclip on "jiim jaam<26><[U:1:109549249]><>"
L 12/10/2021 - 03:30:00: [funcommands.smx] "jiim jaam<26><[U:1:109549249]><>" toggled noclip on "jiim jaam<26><[U:1:109549249]><>"
L 12/10/2021 - 03:30:00: [funcommands.smx] "jiim jaam<26><[U:1:109549249]><>" toggled noclip on "jiim jaam<26><[U:1:109549249]><>"
L 12/10/2021 - 03:30:00: [funcommands.smx] "jiim jaam<26><[U:1:109549249]><>" toggled noclip on "jiim jaam<26><[U:1:109549249]><>"
L 12/10/2021 - 03:30:01: [funcommands.smx] "jiim jaam<26><[U:1:109549249]><>" toggled noclip on "jiim jaam<26><[U:1:109549249]><>"
L 12/10/2021 - 03:30:01: [funcommands.smx] "jiim jaam<26><[U:1:109549249]><>" toggled noclip on "jiim jaam<26><[U:1:109549249]><>"
L 12/10/2021 - 03:30:02: [funcommands.smx] "jiim jaam<26><[U:1:109549249]><>" toggled noclip on "jiim jaam<26><[U:1:109549249]><>"
L 12/10/2021 - 03:30:02: [funcommands.smx] "jiim jaam<26><[U:1:109549249]><>" toggled noclip on "jiim jaam<26><[U:1:109549249]><>"
L 12/10/2021 - 03:30:03: [funcommands.smx] "jiim jaam<26><[U:1:109549249]><>" toggled noclip on "jiim jaam<26><[U:1:109549249]><>"
L 12/10/2021 - 03:30:03: [funcommands.smx] "jiim jaam<26><[U:1:109549249]><>" toggled noclip on "jiim jaam<26><[U:1:109549249]><>"
L 12/10/2021 - 03:30:18: [resizeplayers.smx] "jiim jaam<26><[U:1:109549249]><>" resized "jiim jaam<26><[U:1:109549249]><>"'s torso to 5.0.
L 12/10/2021 - 03:31:52: [resizeplayers.smx] "jiim jaam<26><[U:1:109549249]><>" resized "jiim jaam<26><[U:1:109549249]><>"'s torso to 0.25.
L 12/10/2021 - 03:32:04: [resizeplayers.smx] "jiim jaam<26><[U:1:109549249]><>" resized "jiim jaam<26><[U:1:109549249]><>"'s torso to 0.5.
L 12/10/2021 - 03:34:26: [resizeplayers.smx] "jiim jaam<26><[U:1:109549249]><>" resized "jiim jaam<26><[U:1:109549249]><>"'s torso to 1.0.
L 12/10/2021 - 03:38:43: [admincheats.smx] <jiim jaam><STEAM_0:1:54774624><71.60.110.145> ran cheat command 'ent_create'
L 12/10/2021 - 03:38:45: [admincheats.smx] <jiim jaam><STEAM_0:1:54774624><71.60.110.145> ran cheat command 'ent_create'
L 12/10/2021 - 03:38:45: [admincheats.smx] <jiim jaam><STEAM_0:1:54774624><71.60.110.145> ran cheat command 'ent_create'
L 12/10/2021 - 03:38:46: [admincheats.smx] <jiim jaam><STEAM_0:1:54774624><71.60.110.145> ran cheat command 'ent_create'
L 12/10/2021 - 03:38:46: [admincheats.smx] <jiim jaam><STEAM_0:1:54774624><71.60.110.145> ran cheat command 'ent_create'
L 12/10/2021 - 03:38:46: [admincheats.smx] <jiim jaam><STEAM_0:1:54774624><71.60.110.145> ran cheat command 'ent_create'
L 12/10/2021 - 03:38:47: [admincheats.smx] <jiim jaam><STEAM_0:1:54774624><71.60.110.145> ran cheat command 'ent_create'
L 12/10/2021 - 03:38:48: [admincheats.smx] <jiim jaam><STEAM_0:1:54774624><71.60.110.145> ran cheat command 'ent_create'
L 12/10/2021 - 03:39:11: [admincheats.smx] <jiim jaam><STEAM_0:1:54774624><71.60.110.145> ran cheat command 'ent_create'
L 12/10/2021 - 03:39:11: [admincheats.smx] <jiim jaam><STEAM_0:1:54774624><71.60.110.145> ran cheat command 'ent_create'
L 12/10/2021 - 03:39:11: [admincheats.smx] <jiim jaam><STEAM_0:1:54774624><71.60.110.145> ran cheat command 'ent_create'
L 12/10/2021 - 03:39:11: [admincheats.smx] <jiim jaam><STEAM_0:1:54774624><71.60.110.145> ran cheat command 'ent_create'
L 12/10/2021 - 03:39:12: [admincheats.smx] <jiim jaam><STEAM_0:1:54774624><71.60.110.145> ran cheat command 'ent_create'
L 12/10/2021 - 03:39:12: [admincheats.smx] <jiim jaam><STEAM_0:1:54774624><71.60.110.145> ran cheat command 'ent_create'
L 12/10/2021 - 03:39:12: [admincheats.smx] <jiim jaam><STEAM_0:1:54774624><71.60.110.145> ran cheat command 'ent_create'
L 12/10/2021 - 03:39:12: [admincheats.smx] <jiim jaam><STEAM_0:1:54774624><71.60.110.145> ran cheat command 'ent_create'
L 12/10/2021 - 03:39:13: [admincheats.smx] <jiim jaam><STEAM_0:1:54774624><71.60.110.145> ran cheat command 'ent_create'
L 12/10/2021 - 04:00:55: [ScheduledShutdown.smx] Server shutdown warning.
L 12/10/2021 - 04:01:05: [ScheduledShutdown.smx] Server shutdown.
L 12/10/2021 - 04:01:06: Log file closed.
L 12/10/2021 - 04:01:44: SourceMod log file session started (file "/hlserver/tf2/tf/addons/sourcemod/logs/L20211210.log") (Version "1.10.0.6512")
L 12/10/2021 - 04:01:44: [TF2ITEMS] "GiveNamedItem" offset = 488
L 12/10/2021 - 04:01:44: [auto_steam_update.smx] HUD text is supported on this mod. The persistant timer will display.
L 12/10/2021 - 04:01:44: [simple-chatprocessor.smx] [SCP] Recognized mod [Team Fortress 2].
L 12/10/2021 - 04:01:44: [simple-chatprocessor.smx] [SCP] Loading translation file [scp.tf.phrases].
L 12/10/2021 - 04:01:44: [stac.smx] [StAC] File handle invalid!
L 12/10/2021 - 04:01:51: [tf2items_giveweapon.smx] [TF2Items GiveWeapon]2041_viewmodel: Preparing models/weapons/c_models/c_v_ludmila/c_v_ludmila.mdl
L 12/10/2021 - 04:01:51: [tf2items_giveweapon.smx] [TF2Items GiveWeapon]2058_model: cannot find valid model models/custom/weapons/antehgen/urinejar.mdl, skipping
L 12/10/2021 - 04:01:51: [tf2items_giveweapon.smx] [TF2Items GiveWeapon]2058_viewmodel: cannot find valid model models/custom/weapons/antehgen/urinejar.mdl, skipping
L 12/10/2021 - 04:01:51: [tf2items_giveweapon.smx] [TF2Items GiveWeapon]2171_model: cannot find valid model models/advancedweaponiser/w_sickle_sniper.mdl, skipping
L 12/10/2021 - 04:01:51: [tf2items_giveweapon.smx] [TF2Items GiveWeapon]2171_viewmodel: cannot find valid model models/advancedweaponiser/w_sickle_sniper.mdl, skipping
L 12/10/2021 - 04:01:51: [tf2items_giveweapon.smx] [TF2Items GiveWeapon]2197_model: cannot find valid model models/custom/weapons/rebelscurse/c_wrench_v2.mdl, skipping
L 12/10/2021 - 04:01:51: [tf2items_giveweapon.smx] [TF2Items GiveWeapon]2197_viewmodel: cannot find valid model models/custom/weapons/rebelscurse/c_wrench_v2.mdl, skipping
L 12/10/2021 - 04:01:51: [tf2items_giveweapon.smx] [TF2Items GiveWeapon]2228_model: cannot find valid model models/advancedweaponiser/fbomb/c_fbomb.mdl, skipping
L 12/10/2021 - 04:01:51: [tf2items_giveweapon.smx] [TF2Items GiveWeapon]2228_viewmodel: cannot find valid model models/advancedweaponiser/fbomb/c_fbomb.mdl, skipping
L 12/10/2021 - 04:01:51: [tf2items_giveweapon.smx] [TF2Items GiveWeapon]5142_viewmodel: cannot find valid model models/custom/weapons/goldslinger/c_engineer_gunslinger.mdl, skipping
L 12/10/2021 - 04:01:52: [basecommands.smx] "Console<0><Console><Console>" changed cvar (cvar "nb_update_frequency") (value "0.03")
L 12/10/2021 - 04:01:52: [basecommands.smx] "Console<0><Console><Console>" changed cvar (cvar "fps_max") (value "0")
L 12/10/2021 - 16:03:39: [basecommands.smx] "ashley (she/her)<7><[U:1:109549249]><>" console command (cmdline "sv_voicecodec vaudio_celt_high")
L 12/10/2021 - 16:10:13: [basecommands.smx] "ashley (she/her)<8><[U:1:109549249]><>" changed map to "plr_hightower"
L 12/10/2021 - 16:10:16: [SM] Changed map to "plr_hightower"
L 12/10/2021 - 16:10:17: -------- Mapchange to plr_hightower --------
L 12/10/2021 - 16:10:22: [tf2items_giveweapon.smx] [TF2Items GiveWeapon]2041_viewmodel: Preparing models/weapons/c_models/c_v_ludmila/c_v_ludmila.mdl
L 12/10/2021 - 16:10:22: [tf2items_giveweapon.smx] [TF2Items GiveWeapon]2058_model: cannot find valid model models/custom/weapons/antehgen/urinejar.mdl, skipping
L 12/10/2021 - 16:10:22: [tf2items_giveweapon.smx] [TF2Items GiveWeapon]2058_viewmodel: cannot find valid model models/custom/weapons/antehgen/urinejar.mdl, skipping
L 12/10/2021 - 16:10:22: [tf2items_giveweapon.smx] [TF2Items GiveWeapon]2171_model: cannot find valid model models/advancedweaponiser/w_sickle_sniper.mdl, skipping
L 12/10/2021 - 16:10:22: [tf2items_giveweapon.smx] [TF2Items GiveWeapon]2171_viewmodel: cannot find valid model models/advancedweaponiser/w_sickle_sniper.mdl, skipping
L 12/10/2021 - 16:10:22: [tf2items_giveweapon.smx] [TF2Items GiveWeapon]2197_model: cannot find valid model models/custom/weapons/rebelscurse/c_wrench_v2.mdl, skipping
L 12/10/2021 - 16:10:22: [tf2items_giveweapon.smx] [TF2Items GiveWeapon]2197_viewmodel: cannot find valid model models/custom/weapons/rebelscurse/c_wrench_v2.mdl, skipping
L 12/10/2021 - 16:10:22: [tf2items_giveweapon.smx] [TF2Items GiveWeapon]2228_model: cannot find valid model models/advancedweaponiser/fbomb/c_fbomb.mdl, skipping
L 12/10/2021 - 16:10:22: [tf2items_giveweapon.smx] [TF2Items GiveWeapon]2228_viewmodel: cannot find valid model models/advancedweaponiser/fbomb/c_fbomb.mdl, skipping
L 12/10/2021 - 16:10:22: [tf2items_giveweapon.smx] [TF2Items GiveWeapon]5142_viewmodel: cannot find valid model models/custom/weapons/goldslinger/c_engineer_gunslinger.mdl, skipping
L 12/10/2021 - 16:10:23: [basecommands.smx] "Console<0><Console><Console>" changed cvar (cvar "nb_update_frequency") (value "0.03")
L 12/10/2021 - 16:10:23: [basecommands.smx] "Console<0><Console><Console>" changed cvar (cvar "fps_max") (value "0")
L 12/10/2021 - 16:12:18: [basecommands.smx] "ashley (she/her)<9><[U:1:109549249]><>" console command (cmdline "quit")
L 12/10/2021 - 16:12:18: Log file closed.
L 12/10/2021 - 16:12:56: SourceMod log file session started (file "/hlserver/tf2/tf/addons/sourcemod/logs/L20211210.log") (Version "1.10.0.6512")
L 12/10/2021 - 16:12:56: [TF2ITEMS] "GiveNamedItem" offset = 488
L 12/10/2021 - 16:12:56: [auto_steam_update.smx] HUD text is supported on this mod. The persistant timer will display.
L 12/10/2021 - 16:12:56: [simple-chatprocessor.smx] [SCP] Recognized mod [Team Fortress 2].
L 12/10/2021 - 16:12:56: [simple-chatprocessor.smx] [SCP] Loading translation file [scp.tf.phrases].
L 12/10/2021 - 16:12:56: [stac.smx] [StAC] File handle invalid!
L 12/10/2021 - 16:13:03: [tf2items_giveweapon.smx] [TF2Items GiveWeapon]2041_viewmodel: Preparing models/weapons/c_models/c_v_ludmila/c_v_ludmila.mdl
L 12/10/2021 - 16:13:03: [tf2items_giveweapon.smx] [TF2Items GiveWeapon]2058_model: cannot find valid model models/custom/weapons/antehgen/urinejar.mdl, skipping
L 12/10/2021 - 16:13:03: [tf2items_giveweapon.smx] [TF2Items GiveWeapon]2058_viewmodel: cannot find valid model models/custom/weapons/antehgen/urinejar.mdl, skipping
L 12/10/2021 - 16:13:03: [tf2items_giveweapon.smx] [TF2Items GiveWeapon]2171_model: cannot find valid model models/advancedweaponiser/w_sickle_sniper.mdl, skipping
L 12/10/2021 - 16:13:03: [tf2items_giveweapon.smx] [TF2Items GiveWeapon]2171_viewmodel: cannot find valid model models/advancedweaponiser/w_sickle_sniper.mdl, skipping
L 12/10/2021 - 16:13:03: [tf2items_giveweapon.smx] [TF2Items GiveWeapon]2197_model: cannot find valid model models/custom/weapons/rebelscurse/c_wrench_v2.mdl, skipping
L 12/10/2021 - 16:13:03: [tf2items_giveweapon.smx] [TF2Items GiveWeapon]2197_viewmodel: cannot find valid model models/custom/weapons/rebelscurse/c_wrench_v2.mdl, skipping
L 12/10/2021 - 16:13:03: [tf2items_giveweapon.smx] [TF2Items GiveWeapon]2228_model: cannot find valid model models/advancedweaponiser/fbomb/c_fbomb.mdl, skipping
L 12/10/2021 - 16:13:03: [tf2items_giveweapon.smx] [TF2Items GiveWeapon]2228_viewmodel: cannot find valid model models/advancedweaponiser/fbomb/c_fbomb.mdl, skipping
L 12/10/2021 - 16:13:03: [tf2items_giveweapon.smx] [TF2Items GiveWeapon]5142_viewmodel: cannot find valid model models/custom/weapons/goldslinger/c_engineer_gunslinger.mdl, skipping
L 12/10/2021 - 16:13:04: [basecommands.smx] "Console<0><Console><Console>" changed cvar (cvar "nb_update_frequency") (value "0.03")
L 12/10/2021 - 16:13:04: [basecommands.smx] "Console<0><Console><Console>" changed cvar (cvar "fps_max") (value "0")
L 12/10/2021 - 16:14:03: [basecommands.smx] "ashley (she/her)<3><[U:1:109549249]><>" console command (cmdline "sv_voiceenable 1")
L 12/10/2021 - 18:27:01: SourceMod log file session started (file "/home/tfds/hlserver/tf2/tf/addons/sourcemod/logs/L20211210.log") (Version "1.10.0.6512")
L 12/10/2021 - 18:27:01: [TF2ITEMS] "GiveNamedItem" offset = 488
L 12/10/2021 - 18:27:01: [stac.smx] [StAC] File handle invalid!
L 12/10/2021 - 18:27:01: [auto_steam_update.smx] HUD text is supported on this mod. The persistant timer will display.
L 12/10/2021 - 18:27:01: [simple-chatprocessor.smx] [SCP] Recognized mod [Team Fortress 2].
L 12/10/2021 - 18:27:01: [simple-chatprocessor.smx] [SCP] Loading translation file [scp.tf.phrases].
L 12/10/2021 - 18:27:08: [tf2items_giveweapon.smx] [TF2Items GiveWeapon]2041_viewmodel: Preparing models/weapons/c_models/c_v_ludmila/c_v_ludmila.mdl
L 12/10/2021 - 18:27:08: [tf2items_giveweapon.smx] [TF2Items GiveWeapon]2058_model: cannot find valid model models/custom/weapons/antehgen/urinejar.mdl, skipping
L 12/10/2021 - 18:27:08: [tf2items_giveweapon.smx] [TF2Items GiveWeapon]2058_viewmodel: cannot find valid model models/custom/weapons/antehgen/urinejar.mdl, skipping
L 12/10/2021 - 18:27:08: [tf2items_giveweapon.smx] [TF2Items GiveWeapon]2171_model: cannot find valid model models/advancedweaponiser/w_sickle_sniper.mdl, skipping
L 12/10/2021 - 18:27:08: [tf2items_giveweapon.smx] [TF2Items GiveWeapon]2171_viewmodel: cannot find valid model models/advancedweaponiser/w_sickle_sniper.mdl, skipping
L 12/10/2021 - 18:27:08: [tf2items_giveweapon.smx] [TF2Items GiveWeapon]2197_model: cannot find valid model models/custom/weapons/rebelscurse/c_wrench_v2.mdl, skipping
L 12/10/2021 - 18:27:08: [tf2items_giveweapon.smx] [TF2Items GiveWeapon]2197_viewmodel: cannot find valid model models/custom/weapons/rebelscurse/c_wrench_v2.mdl, skipping
L 12/10/2021 - 18:27:08: [tf2items_giveweapon.smx] [TF2Items GiveWeapon]2228_model: cannot find valid model models/advancedweaponiser/fbomb/c_fbomb.mdl, skipping
L 12/10/2021 - 18:27:08: [tf2items_giveweapon.smx] [TF2Items GiveWeapon]2228_viewmodel: cannot find valid model models/advancedweaponiser/fbomb/c_fbomb.mdl, skipping
L 12/10/2021 - 18:27:08: [tf2items_giveweapon.smx] [TF2Items GiveWeapon]5142_viewmodel: cannot find valid model models/custom/weapons/goldslinger/c_engineer_gunslinger.mdl, skipping
L 12/10/2021 - 18:27:09: [basecommands.smx] "Console<0><Console><Console>" changed cvar (cvar "nb_update_frequency") (value "0.03")
L 12/10/2021 - 18:27:09: [basecommands.smx] "Console<0><Console><Console>" changed cvar (cvar "fps_max") (value "0")
L 12/10/2021 - 18:34:52: SourceMod log file session started (file "/home/tfds/hlserver/tf2/tf/addons/sourcemod/logs/L20211210.log") (Version "1.10.0.6512")
L 12/10/2021 - 18:34:52: [TF2ITEMS] "GiveNamedItem" offset = 488
L 12/10/2021 - 18:34:52: [stac.smx] [StAC] File handle invalid!
L 12/10/2021 - 18:34:52: [auto_steam_update.smx] HUD text is supported on this mod. The persistant timer will display.
L 12/10/2021 - 18:34:52: [simple-chatprocessor.smx] [SCP] Recognized mod [Team Fortress 2].
L 12/10/2021 - 18:34:52: [simple-chatprocessor.smx] [SCP] Loading translation file [scp.tf.phrases].
L 12/10/2021 - 18:35:00: [tf2items_giveweapon.smx] [TF2Items GiveWeapon]2041_viewmodel: Preparing models/weapons/c_models/c_v_ludmila/c_v_ludmila.mdl
L 12/10/2021 - 18:35:00: [tf2items_giveweapon.smx] [TF2Items GiveWeapon]2058_model: cannot find valid model models/custom/weapons/antehgen/urinejar.mdl, skipping
L 12/10/2021 - 18:35:00: [tf2items_giveweapon.smx] [TF2Items GiveWeapon]2058_viewmodel: cannot find valid model models/custom/weapons/antehgen/urinejar.mdl, skipping
L 12/10/2021 - 18:35:00: [tf2items_giveweapon.smx] [TF2Items GiveWeapon]2171_model: cannot find valid model models/advancedweaponiser/w_sickle_sniper.mdl, skipping
L 12/10/2021 - 18:35:00: [tf2items_giveweapon.smx] [TF2Items GiveWeapon]2171_viewmodel: cannot find valid model models/advancedweaponiser/w_sickle_sniper.mdl, skipping
L 12/10/2021 - 18:35:00: [tf2items_giveweapon.smx] [TF2Items GiveWeapon]2197_model: cannot find valid model models/custom/weapons/rebelscurse/c_wrench_v2.mdl, skipping
L 12/10/2021 - 18:35:00: [tf2items_giveweapon.smx] [TF2Items GiveWeapon]2197_viewmodel: cannot find valid model models/custom/weapons/rebelscurse/c_wrench_v2.mdl, skipping
L 12/10/2021 - 18:35:00: [tf2items_giveweapon.smx] [TF2Items GiveWeapon]2228_model: cannot find valid model models/advancedweaponiser/fbomb/c_fbomb.mdl, skipping
L 12/10/2021 - 18:35:00: [tf2items_giveweapon.smx] [TF2Items GiveWeapon]2228_viewmodel: cannot find valid model models/advancedweaponiser/fbomb/c_fbomb.mdl, skipping
L 12/10/2021 - 18:35:00: [tf2items_giveweapon.smx] [TF2Items GiveWeapon]5142_viewmodel: cannot find valid model models/custom/weapons/goldslinger/c_engineer_gunslinger.mdl, skipping
L 12/10/2021 - 18:35:00: [basecommands.smx] "Console<0><Console><Console>" changed cvar (cvar "nb_update_frequency") (value "0.03")
L 12/10/2021 - 18:35:00: [basecommands.smx] "Console<0><Console><Console>" changed cvar (cvar "fps_max") (value "0")
L 12/10/2021 - 18:38:20: SourceMod log file session started (file "/home/tfds/hlserver/tf2/tf/addons/sourcemod/logs/L20211210.log") (Version "1.10.0.6512")
L 12/10/2021 - 18:38:20: [TF2ITEMS] "GiveNamedItem" offset = 488
L 12/10/2021 - 18:38:20: [stac.smx] [StAC] File handle invalid!
L 12/10/2021 - 18:38:20: [auto_steam_update.smx] HUD text is supported on this mod. The persistant timer will display.
L 12/10/2021 - 18:38:20: [simple-chatprocessor.smx] [SCP] Recognized mod [Team Fortress 2].
L 12/10/2021 - 18:38:20: [simple-chatprocessor.smx] [SCP] Loading translation file [scp.tf.phrases].
L 12/10/2021 - 18:38:27: [tf2items_giveweapon.smx] [TF2Items GiveWeapon]2041_viewmodel: Preparing models/weapons/c_models/c_v_ludmila/c_v_ludmila.mdl
L 12/10/2021 - 18:38:27: [tf2items_giveweapon.smx] [TF2Items GiveWeapon]2058_model: cannot find valid model models/custom/weapons/antehgen/urinejar.mdl, skipping
L 12/10/2021 - 18:38:27: [tf2items_giveweapon.smx] [TF2Items GiveWeapon]2058_viewmodel: cannot find valid model models/custom/weapons/antehgen/urinejar.mdl, skipping
L 12/10/2021 - 18:38:27: [tf2items_giveweapon.smx] [TF2Items GiveWeapon]2171_model: cannot find valid model models/advancedweaponiser/w_sickle_sniper.mdl, skipping
L 12/10/2021 - 18:38:27: [tf2items_giveweapon.smx] [TF2Items GiveWeapon]2171_viewmodel: cannot find valid model models/advancedweaponiser/w_sickle_sniper.mdl, skipping
L 12/10/2021 - 18:38:27: [tf2items_giveweapon.smx] [TF2Items GiveWeapon]2197_model: cannot find valid model models/custom/weapons/rebelscurse/c_wrench_v2.mdl, skipping
L 12/10/2021 - 18:38:27: [tf2items_giveweapon.smx] [TF2Items GiveWeapon]2197_viewmodel: cannot find valid model models/custom/weapons/rebelscurse/c_wrench_v2.mdl, skipping
L 12/10/2021 - 18:38:27: [tf2items_giveweapon.smx] [TF2Items GiveWeapon]2228_model: cannot find valid model models/advancedweaponiser/fbomb/c_fbomb.mdl, skipping
L 12/10/2021 - 18:38:27: [tf2items_giveweapon.smx] [TF2Items GiveWeapon]2228_viewmodel: cannot find valid model models/advancedweaponiser/fbomb/c_fbomb.mdl, skipping
L 12/10/2021 - 18:38:27: [tf2items_giveweapon.smx] [TF2Items GiveWeapon]5142_viewmodel: cannot find valid model models/custom/weapons/goldslinger/c_engineer_gunslinger.mdl, skipping
L 12/10/2021 - 18:38:28: [basecommands.smx] "Console<0><Console><Console>" changed cvar (cvar "nb_update_frequency") (value "0.03")
L 12/10/2021 - 18:38:28: [basecommands.smx] "Console<0><Console><Console>" changed cvar (cvar "fps_max") (value "0")
L 12/10/2021 - 18:46:05: SourceMod log file session started (file "/home/tfds/hlserver/tf2/tf/addons/sourcemod/logs/L20211210.log") (Version "1.10.0.6512")
L 12/10/2021 - 18:46:05: [TF2ITEMS] "GiveNamedItem" offset = 488
L 12/10/2021 - 18:46:06: [stac.smx] [StAC] File handle invalid!
L 12/10/2021 - 18:46:06: [auto_steam_update.smx] HUD text is supported on this mod. The persistant timer will display.
L 12/10/2021 - 18:46:06: [simple-chatprocessor.smx] [SCP] Recognized mod [Team Fortress 2].
L 12/10/2021 - 18:46:06: [simple-chatprocessor.smx] [SCP] Loading translation file [scp.tf.phrases].
L 12/10/2021 - 18:46:13: [tf2items_giveweapon.smx] [TF2Items GiveWeapon]2041_viewmodel: Preparing models/weapons/c_models/c_v_ludmila/c_v_ludmila.mdl
L 12/10/2021 - 18:46:13: [tf2items_giveweapon.smx] [TF2Items GiveWeapon]2058_model: cannot find valid model models/custom/weapons/antehgen/urinejar.mdl, skipping
L 12/10/2021 - 18:46:13: [tf2items_giveweapon.smx] [TF2Items GiveWeapon]2058_viewmodel: cannot find valid model models/custom/weapons/antehgen/urinejar.mdl, skipping
L 12/10/2021 - 18:46:13: [tf2items_giveweapon.smx] [TF2Items GiveWeapon]2171_model: cannot find valid model models/advancedweaponiser/w_sickle_sniper.mdl, skipping
L 12/10/2021 - 18:46:13: [tf2items_giveweapon.smx] [TF2Items GiveWeapon]2171_viewmodel: cannot find valid model models/advancedweaponiser/w_sickle_sniper.mdl, skipping
L 12/10/2021 - 18:46:13: [tf2items_giveweapon.smx] [TF2Items GiveWeapon]2197_model: cannot find valid model models/custom/weapons/rebelscurse/c_wrench_v2.mdl, skipping
L 12/10/2021 - 18:46:13: [tf2items_giveweapon.smx] [TF2Items GiveWeapon]2197_viewmodel: cannot find valid model models/custom/weapons/rebelscurse/c_wrench_v2.mdl, skipping
L 12/10/2021 - 18:46:13: [tf2items_giveweapon.smx] [TF2Items GiveWeapon]2228_model: cannot find valid model models/advancedweaponiser/fbomb/c_fbomb.mdl, skipping
L 12/10/2021 - 18:46:13: [tf2items_giveweapon.smx] [TF2Items GiveWeapon]2228_viewmodel: cannot find valid model models/advancedweaponiser/fbomb/c_fbomb.mdl, skipping
L 12/10/2021 - 18:46:13: [tf2items_giveweapon.smx] [TF2Items GiveWeapon]5142_viewmodel: cannot find valid model models/custom/weapons/goldslinger/c_engineer_gunslinger.mdl, skipping
L 12/10/2021 - 18:46:14: [basecommands.smx] "Console<0><Console><Console>" changed cvar (cvar "nb_update_frequency") (value "0.03")
L 12/10/2021 - 18:46:14: [basecommands.smx] "Console<0><Console><Console>" changed cvar (cvar "fps_max") (value "0")
L 12/10/2021 - 20:46:54: SourceMod log file session started (file "/home/tf2server/hlserver/tf2/tf/addons/sourcemod/logs/L20211210.log") (Version "1.10.0.6512")
L 12/10/2021 - 20:46:54: [TF2ITEMS] "GiveNamedItem" offset = 488
L 12/10/2021 - 20:46:55: [stac.smx] [StAC] File handle invalid!
L 12/10/2021 - 20:46:55: [auto_steam_update.smx] HUD text is supported on this mod. The persistant timer will display.
L 12/10/2021 - 20:46:55: [simple-chatprocessor.smx] [SCP] Recognized mod [Team Fortress 2].
L 12/10/2021 - 20:46:55: [simple-chatprocessor.smx] [SCP] Loading translation file [scp.tf.phrases].
L 12/10/2021 - 20:47:04: [tf2items_giveweapon.smx] [TF2Items GiveWeapon]2041_viewmodel: Preparing models/weapons/c_models/c_v_ludmila/c_v_ludmila.mdl
L 12/10/2021 - 20:47:04: [tf2items_giveweapon.smx] [TF2Items GiveWeapon]2058_model: cannot find valid model models/custom/weapons/antehgen/urinejar.mdl, skipping
L 12/10/2021 - 20:47:04: [tf2items_giveweapon.smx] [TF2Items GiveWeapon]2058_viewmodel: cannot find valid model models/custom/weapons/antehgen/urinejar.mdl, skipping
L 12/10/2021 - 20:47:04: [tf2items_giveweapon.smx] [TF2Items GiveWeapon]2171_model: cannot find valid model models/advancedweaponiser/w_sickle_sniper.mdl, skipping
L 12/10/2021 - 20:47:04: [tf2items_giveweapon.smx] [TF2Items GiveWeapon]2171_viewmodel: cannot find valid model models/advancedweaponiser/w_sickle_sniper.mdl, skipping
L 12/10/2021 - 20:47:04: [tf2items_giveweapon.smx] [TF2Items GiveWeapon]2197_model: cannot find valid model models/custom/weapons/rebelscurse/c_wrench_v2.mdl, skipping
L 12/10/2021 - 20:47:04: [tf2items_giveweapon.smx] [TF2Items GiveWeapon]2197_viewmodel: cannot find valid model models/custom/weapons/rebelscurse/c_wrench_v2.mdl, skipping
L 12/10/2021 - 20:47:04: [tf2items_giveweapon.smx] [TF2Items GiveWeapon]2228_model: cannot find valid model models/advancedweaponiser/fbomb/c_fbomb.mdl, skipping
L 12/10/2021 - 20:47:04: [tf2items_giveweapon.smx] [TF2Items GiveWeapon]2228_viewmodel: cannot find valid model models/advancedweaponiser/fbomb/c_fbomb.mdl, skipping
L 12/10/2021 - 20:47:04: [tf2items_giveweapon.smx] [TF2Items GiveWeapon]5142_viewmodel: cannot find valid model models/custom/weapons/goldslinger/c_engineer_gunslinger.mdl, skipping
L 12/10/2021 - 20:47:05: [basecommands.smx] "Console<0><Console><Console>" changed cvar (cvar "nb_update_frequency") (value "0.03")
L 12/10/2021 - 20:47:05: [basecommands.smx] "Console<0><Console><Console>" changed cvar (cvar "fps_max") (value "0")
L 12/11/2021 - 02:44:37: Log file closed.
