L 09/06/2021 - 04:00:26: SourceMod log file session started (file "/hlserver/tf2/tf/addons/sourcemod/logs/L20210906.log") (Version "1.10.0.6490")
L 09/06/2021 - 04:00:26: [ScheduledShutdown.smx] Server shutdown warning.
L 09/06/2021 - 04:00:36: [ScheduledShutdown.smx] Server shutdown.
L 09/06/2021 - 04:00:36: [stac.smx] [StAC] File handle invalid!
L 09/06/2021 - 04:00:36: [stac.smx] [StAC] Plugin vers. ---- 5.1.1 ---- unloaded
L 09/06/2021 - 04:00:37: Log file closed.
L 09/06/2021 - 04:01:23: SourceMod log file session started (file "/hlserver/tf2/tf/addons/sourcemod/logs/L20210906.log") (Version "1.10.0.6490")
L 09/06/2021 - 04:01:23: [TF2ITEMS] "GiveNamedItem" offset = 485
L 09/06/2021 - 04:01:23: [auto_steam_update.smx] HUD text is supported on this mod. The persistant timer will display.
L 09/06/2021 - 04:01:23: [simple-chatprocessor.smx] [SCP] Recognized mod [Team Fortress 2].
L 09/06/2021 - 04:01:23: [simple-chatprocessor.smx] [SCP] Loading translation file [scp.tf.phrases].
L 09/06/2021 - 04:01:23: [stac.smx] [StAC] File handle invalid!
L 09/06/2021 - 04:01:23: [stac.smx] [StAC] Plugin vers. ---- 5.1.1 ---- loaded
L 09/06/2021 - 04:01:33: [tf2items_giveweapon.smx] [TF2Items GiveWeapon]2041_viewmodel: Preparing models/weapons/c_models/c_v_ludmila/c_v_ludmila.mdl
L 09/06/2021 - 04:01:33: [tf2items_giveweapon.smx] [TF2Items GiveWeapon]2058_model: cannot find valid model models/custom/weapons/antehgen/urinejar.mdl, skipping
L 09/06/2021 - 04:01:33: [tf2items_giveweapon.smx] [TF2Items GiveWeapon]2058_viewmodel: cannot find valid model models/custom/weapons/antehgen/urinejar.mdl, skipping
L 09/06/2021 - 04:01:33: [tf2items_giveweapon.smx] [TF2Items GiveWeapon]2171_model: cannot find valid model models/advancedweaponiser/w_sickle_sniper.mdl, skipping
L 09/06/2021 - 04:01:33: [tf2items_giveweapon.smx] [TF2Items GiveWeapon]2171_viewmodel: cannot find valid model models/advancedweaponiser/w_sickle_sniper.mdl, skipping
L 09/06/2021 - 04:01:33: [tf2items_giveweapon.smx] [TF2Items GiveWeapon]2197_model: cannot find valid model models/custom/weapons/rebelscurse/c_wrench_v2.mdl, skipping
L 09/06/2021 - 04:01:33: [tf2items_giveweapon.smx] [TF2Items GiveWeapon]2197_viewmodel: cannot find valid model models/custom/weapons/rebelscurse/c_wrench_v2.mdl, skipping
L 09/06/2021 - 04:01:33: [tf2items_giveweapon.smx] [TF2Items GiveWeapon]2228_model: cannot find valid model models/advancedweaponiser/fbomb/c_fbomb.mdl, skipping
L 09/06/2021 - 04:01:33: [tf2items_giveweapon.smx] [TF2Items GiveWeapon]2228_viewmodel: cannot find valid model models/advancedweaponiser/fbomb/c_fbomb.mdl, skipping
L 09/06/2021 - 04:01:33: [tf2items_giveweapon.smx] [TF2Items GiveWeapon]5142_viewmodel: cannot find valid model models/custom/weapons/goldslinger/c_engineer_gunslinger.mdl, skipping
L 09/06/2021 - 04:01:33: [basecommands.smx] "Console<0><Console><Console>" changed cvar (cvar "nb_update_frequency") (value "0.03")
L 09/06/2021 - 04:01:33: [basecommands.smx] "Console<0><Console><Console>" changed cvar (cvar "fps_max") (value "0")
L 09/06/2021 - 04:10:53: SourceMod log file session started (file "/hlserver/tf2/tf/addons/sourcemod/logs/L20210906.log") (Version "1.10.0.6490")
L 09/06/2021 - 04:10:53: [TF2ITEMS] "GiveNamedItem" offset = 485
L 09/06/2021 - 04:10:53: [auto_steam_update.smx] HUD text is supported on this mod. The persistant timer will display.
L 09/06/2021 - 04:10:54: [simple-chatprocessor.smx] [SCP] Recognized mod [Team Fortress 2].
L 09/06/2021 - 04:10:54: [simple-chatprocessor.smx] [SCP] Loading translation file [scp.tf.phrases].
L 09/06/2021 - 04:10:54: [stac.smx] [StAC] File handle invalid!
L 09/06/2021 - 04:10:54: [stac.smx] [StAC] Plugin vers. ---- 5.1.1 ---- loaded
L 09/06/2021 - 04:11:04: [tf2items_giveweapon.smx] [TF2Items GiveWeapon]2041_viewmodel: Preparing models/weapons/c_models/c_v_ludmila/c_v_ludmila.mdl
L 09/06/2021 - 04:11:04: [tf2items_giveweapon.smx] [TF2Items GiveWeapon]2058_model: cannot find valid model models/custom/weapons/antehgen/urinejar.mdl, skipping
L 09/06/2021 - 04:11:04: [tf2items_giveweapon.smx] [TF2Items GiveWeapon]2058_viewmodel: cannot find valid model models/custom/weapons/antehgen/urinejar.mdl, skipping
L 09/06/2021 - 04:11:04: [tf2items_giveweapon.smx] [TF2Items GiveWeapon]2171_model: cannot find valid model models/advancedweaponiser/w_sickle_sniper.mdl, skipping
L 09/06/2021 - 04:11:04: [tf2items_giveweapon.smx] [TF2Items GiveWeapon]2171_viewmodel: cannot find valid model models/advancedweaponiser/w_sickle_sniper.mdl, skipping
L 09/06/2021 - 04:11:04: [tf2items_giveweapon.smx] [TF2Items GiveWeapon]2197_model: cannot find valid model models/custom/weapons/rebelscurse/c_wrench_v2.mdl, skipping
L 09/06/2021 - 04:11:04: [tf2items_giveweapon.smx] [TF2Items GiveWeapon]2197_viewmodel: cannot find valid model models/custom/weapons/rebelscurse/c_wrench_v2.mdl, skipping
L 09/06/2021 - 04:11:04: [tf2items_giveweapon.smx] [TF2Items GiveWeapon]2228_model: cannot find valid model models/advancedweaponiser/fbomb/c_fbomb.mdl, skipping
L 09/06/2021 - 04:11:04: [tf2items_giveweapon.smx] [TF2Items GiveWeapon]2228_viewmodel: cannot find valid model models/advancedweaponiser/fbomb/c_fbomb.mdl, skipping
L 09/06/2021 - 04:11:04: [tf2items_giveweapon.smx] [TF2Items GiveWeapon]5142_viewmodel: cannot find valid model models/custom/weapons/goldslinger/c_engineer_gunslinger.mdl, skipping
L 09/06/2021 - 04:11:05: [basecommands.smx] "Console<0><Console><Console>" changed cvar (cvar "nb_update_frequency") (value "0.03")
L 09/06/2021 - 04:11:05: [basecommands.smx] "Console<0><Console><Console>" changed cvar (cvar "fps_max") (value "0")
L 09/07/2021 - 04:00:05: Log file closed.
