L 01/04/2022 - 00:04:10: SourceMod log file session started (file "/home/tf2server/hlserver/tf2/tf/addons/sourcemod/logs/L20220104.log") (Version "1.10.0.6528")
L 01/04/2022 - 00:04:10: [fixtriggerexploits.smx] fixed trigger. ent: 590, iName: cap_c_capturetrigger
L 01/04/2022 - 00:10:05: [fixtriggerexploits.smx] fixed trigger. ent: 590, iName: cap_c_capturetrigger
L 01/04/2022 - 00:16:00: [fixtriggerexploits.smx] fixed trigger. ent: 590, iName: cap_c_capturetrigger
L 01/04/2022 - 00:21:55: [fixtriggerexploits.smx] fixed trigger. ent: 590, iName: cap_c_capturetrigger
L 01/04/2022 - 00:28:10: [SM] Changed map to "pl_upward"
L 01/04/2022 - 00:28:12: -------- Mapchange to pl_upward --------
L 01/04/2022 - 00:28:17: [fixtriggerexploits.smx] fixed trigger. ent: 366, iName: cap_c_capturetrigger
L 01/04/2022 - 00:28:17: [tf2items_giveweapon.smx] [TF2Items GiveWeapon]2041_viewmodel: Preparing models/weapons/c_models/c_v_ludmila/c_v_ludmila.mdl
L 01/04/2022 - 00:28:17: [tf2items_giveweapon.smx] [TF2Items GiveWeapon]2058_model: cannot find valid model models/custom/weapons/antehgen/urinejar.mdl, skipping
L 01/04/2022 - 00:28:17: [tf2items_giveweapon.smx] [TF2Items GiveWeapon]2058_viewmodel: cannot find valid model models/custom/weapons/antehgen/urinejar.mdl, skipping
L 01/04/2022 - 00:28:17: [tf2items_giveweapon.smx] [TF2Items GiveWeapon]2171_model: cannot find valid model models/advancedweaponiser/w_sickle_sniper.mdl, skipping
L 01/04/2022 - 00:28:17: [tf2items_giveweapon.smx] [TF2Items GiveWeapon]2171_viewmodel: cannot find valid model models/advancedweaponiser/w_sickle_sniper.mdl, skipping
L 01/04/2022 - 00:28:17: [tf2items_giveweapon.smx] [TF2Items GiveWeapon]2197_model: cannot find valid model models/custom/weapons/rebelscurse/c_wrench_v2.mdl, skipping
L 01/04/2022 - 00:28:17: [tf2items_giveweapon.smx] [TF2Items GiveWeapon]2197_viewmodel: cannot find valid model models/custom/weapons/rebelscurse/c_wrench_v2.mdl, skipping
L 01/04/2022 - 00:28:17: [tf2items_giveweapon.smx] [TF2Items GiveWeapon]2228_model: cannot find valid model models/advancedweaponiser/fbomb/c_fbomb.mdl, skipping
L 01/04/2022 - 00:28:17: [tf2items_giveweapon.smx] [TF2Items GiveWeapon]2228_viewmodel: cannot find valid model models/advancedweaponiser/fbomb/c_fbomb.mdl, skipping
L 01/04/2022 - 00:28:17: [tf2items_giveweapon.smx] [TF2Items GiveWeapon]5142_viewmodel: cannot find valid model models/custom/weapons/goldslinger/c_engineer_gunslinger.mdl, skipping
L 01/04/2022 - 00:28:18: [basecommands.smx] "Console<0><Console><Console>" changed cvar (cvar "nb_update_frequency") (value "0.03")
L 01/04/2022 - 00:28:18: [basecommands.smx] "Console<0><Console><Console>" changed cvar (cvar "fps_max") (value "0")
L 01/04/2022 - 00:28:18: [basecommands.smx] "Console<0><Console><Console>" changed cvar (cvar "mp_waitingforplayers_time") (value "45")
L 01/04/2022 - 00:28:23: [randomcycle.smx] RandomCycle has chosen workshop/koth_synthetic.ugc1549817316 for the nextmap.
L 01/04/2022 - 01:25:16: [mapchooser.smx] Voting for next map has started.
L 01/04/2022 - 05:50:52: [fixtriggerexploits.smx] fixed trigger. ent: 366, iName: cap_c_capturetrigger
L 01/04/2022 - 12:31:27: SourceMod log file session started (file "/home/tf2server/hlserver/tf2/tf/addons/sourcemod/logs/L20220104.log") (Version "1.10.0.6528")
L 01/04/2022 - 12:31:27: [TF2ITEMS] "GiveNamedItem" offset = 488
L 01/04/2022 - 12:31:27: [stac.smx] [StAC] File handle invalid!
L 01/04/2022 - 12:31:27: [auto_steam_update.smx] HUD text is supported on this mod. The persistant timer will display.
L 01/04/2022 - 12:31:27: [simple-chatprocessor.smx] [SCP] Recognized mod [Team Fortress 2].
L 01/04/2022 - 12:31:27: [simple-chatprocessor.smx] [SCP] Loading translation file [scp.tf.phrases].
L 01/04/2022 - 12:31:28: SourceMod log file session started (file "/home/tf2server/hlserver/tf2/tf/addons/sourcemod/logs/L20220104.log") (Version "1.10.0.6528")
L 01/04/2022 - 12:31:28: [TF2ITEMS] "GiveNamedItem" offset = 488
L 01/04/2022 - 12:31:28: [stac.smx] [StAC] File handle invalid!
L 01/04/2022 - 12:31:28: [auto_steam_update.smx] HUD text is supported on this mod. The persistant timer will display.
L 01/04/2022 - 12:31:28: [simple-chatprocessor.smx] [SCP] Recognized mod [Team Fortress 2].
L 01/04/2022 - 12:31:28: [simple-chatprocessor.smx] [SCP] Loading translation file [scp.tf.phrases].
L 01/04/2022 - 12:31:37: [tf2items_giveweapon.smx] [TF2Items GiveWeapon]2041_viewmodel: Preparing models/weapons/c_models/c_v_ludmila/c_v_ludmila.mdl
L 01/04/2022 - 12:31:37: [tf2items_giveweapon.smx] [TF2Items GiveWeapon]2058_model: cannot find valid model models/custom/weapons/antehgen/urinejar.mdl, skipping
L 01/04/2022 - 12:31:37: [tf2items_giveweapon.smx] [TF2Items GiveWeapon]2058_viewmodel: cannot find valid model models/custom/weapons/antehgen/urinejar.mdl, skipping
L 01/04/2022 - 12:31:37: [tf2items_giveweapon.smx] [TF2Items GiveWeapon]2171_model: cannot find valid model models/advancedweaponiser/w_sickle_sniper.mdl, skipping
L 01/04/2022 - 12:31:37: [tf2items_giveweapon.smx] [TF2Items GiveWeapon]2171_viewmodel: cannot find valid model models/advancedweaponiser/w_sickle_sniper.mdl, skipping
L 01/04/2022 - 12:31:37: [tf2items_giveweapon.smx] [TF2Items GiveWeapon]2197_model: cannot find valid model models/custom/weapons/rebelscurse/c_wrench_v2.mdl, skipping
L 01/04/2022 - 12:31:37: [tf2items_giveweapon.smx] [TF2Items GiveWeapon]2197_viewmodel: cannot find valid model models/custom/weapons/rebelscurse/c_wrench_v2.mdl, skipping
L 01/04/2022 - 12:31:37: [tf2items_giveweapon.smx] [TF2Items GiveWeapon]2228_model: cannot find valid model models/advancedweaponiser/fbomb/c_fbomb.mdl, skipping
L 01/04/2022 - 12:31:37: [tf2items_giveweapon.smx] [TF2Items GiveWeapon]2228_viewmodel: cannot find valid model models/advancedweaponiser/fbomb/c_fbomb.mdl, skipping
L 01/04/2022 - 12:31:37: [tf2items_giveweapon.smx] [TF2Items GiveWeapon]5142_viewmodel: cannot find valid model models/custom/weapons/goldslinger/c_engineer_gunslinger.mdl, skipping
L 01/04/2022 - 12:31:38: [basecommands.smx] "Console<0><Console><Console>" changed cvar (cvar "nb_update_frequency") (value "0.03")
L 01/04/2022 - 12:31:38: [basecommands.smx] "Console<0><Console><Console>" changed cvar (cvar "fps_max") (value "0")
L 01/04/2022 - 12:31:38: [basecommands.smx] "Console<0><Console><Console>" changed cvar (cvar "mp_waitingforplayers_time") (value "45")
L 01/04/2022 - 12:31:38: [tf2items_giveweapon.smx] [TF2Items GiveWeapon]2041_viewmodel: Preparing models/weapons/c_models/c_v_ludmila/c_v_ludmila.mdl
L 01/04/2022 - 12:31:38: [tf2items_giveweapon.smx] [TF2Items GiveWeapon]2058_model: cannot find valid model models/custom/weapons/antehgen/urinejar.mdl, skipping
L 01/04/2022 - 12:31:38: [tf2items_giveweapon.smx] [TF2Items GiveWeapon]2058_viewmodel: cannot find valid model models/custom/weapons/antehgen/urinejar.mdl, skipping
L 01/04/2022 - 12:31:38: [tf2items_giveweapon.smx] [TF2Items GiveWeapon]2171_model: cannot find valid model models/advancedweaponiser/w_sickle_sniper.mdl, skipping
L 01/04/2022 - 12:31:38: [tf2items_giveweapon.smx] [TF2Items GiveWeapon]2171_viewmodel: cannot find valid model models/advancedweaponiser/w_sickle_sniper.mdl, skipping
L 01/04/2022 - 12:31:38: [tf2items_giveweapon.smx] [TF2Items GiveWeapon]2197_model: cannot find valid model models/custom/weapons/rebelscurse/c_wrench_v2.mdl, skipping
L 01/04/2022 - 12:31:38: [tf2items_giveweapon.smx] [TF2Items GiveWeapon]2197_viewmodel: cannot find valid model models/custom/weapons/rebelscurse/c_wrench_v2.mdl, skipping
L 01/04/2022 - 12:31:38: [tf2items_giveweapon.smx] [TF2Items GiveWeapon]2228_model: cannot find valid model models/advancedweaponiser/fbomb/c_fbomb.mdl, skipping
L 01/04/2022 - 12:31:38: [tf2items_giveweapon.smx] [TF2Items GiveWeapon]2228_viewmodel: cannot find valid model models/advancedweaponiser/fbomb/c_fbomb.mdl, skipping
L 01/04/2022 - 12:31:38: [tf2items_giveweapon.smx] [TF2Items GiveWeapon]5142_viewmodel: cannot find valid model models/custom/weapons/goldslinger/c_engineer_gunslinger.mdl, skipping
L 01/04/2022 - 12:31:38: [basecommands.smx] "Console<0><Console><Console>" changed cvar (cvar "nb_update_frequency") (value "0.03")
L 01/04/2022 - 12:31:38: [basecommands.smx] "Console<0><Console><Console>" changed cvar (cvar "fps_max") (value "0")
L 01/04/2022 - 12:31:38: [basecommands.smx] "Console<0><Console><Console>" changed cvar (cvar "mp_waitingforplayers_time") (value "45")
L 01/04/2022 - 12:31:43: [randomcycle.smx] RandomCycle has chosen cp_yukon_final for the nextmap.
L 01/04/2022 - 12:31:44: [randomcycle.smx] RandomCycle has chosen cp_freight_final1 for the nextmap.
L 01/04/2022 - 12:35:12: SourceMod log file session started (file "/home/tf2server/hlserver/tf2/tf/addons/sourcemod/logs/L20220104.log") (Version "1.10.0.6528")
L 01/04/2022 - 12:35:12: [TF2ITEMS] "GiveNamedItem" offset = 488
L 01/04/2022 - 12:35:12: [stac.smx] [StAC] File handle invalid!
L 01/04/2022 - 12:35:12: [auto_steam_update.smx] HUD text is supported on this mod. The persistant timer will display.
L 01/04/2022 - 12:35:12: [simple-chatprocessor.smx] [SCP] Recognized mod [Team Fortress 2].
L 01/04/2022 - 12:35:12: [simple-chatprocessor.smx] [SCP] Loading translation file [scp.tf.phrases].
L 01/04/2022 - 12:35:13: SourceMod log file session started (file "/home/tf2server/hlserver/tf2/tf/addons/sourcemod/logs/L20220104.log") (Version "1.10.0.6528")
L 01/04/2022 - 12:35:13: [TF2ITEMS] "GiveNamedItem" offset = 488
L 01/04/2022 - 12:35:13: [stac.smx] [StAC] File handle invalid!
L 01/04/2022 - 12:35:13: [auto_steam_update.smx] HUD text is supported on this mod. The persistant timer will display.
L 01/04/2022 - 12:35:13: [simple-chatprocessor.smx] [SCP] Recognized mod [Team Fortress 2].
L 01/04/2022 - 12:35:13: [simple-chatprocessor.smx] [SCP] Loading translation file [scp.tf.phrases].
L 01/04/2022 - 12:35:20: [tf2items_giveweapon.smx] [TF2Items GiveWeapon]2041_viewmodel: Preparing models/weapons/c_models/c_v_ludmila/c_v_ludmila.mdl
L 01/04/2022 - 12:35:20: [tf2items_giveweapon.smx] [TF2Items GiveWeapon]2058_model: cannot find valid model models/custom/weapons/antehgen/urinejar.mdl, skipping
L 01/04/2022 - 12:35:20: [tf2items_giveweapon.smx] [TF2Items GiveWeapon]2058_viewmodel: cannot find valid model models/custom/weapons/antehgen/urinejar.mdl, skipping
L 01/04/2022 - 12:35:20: [tf2items_giveweapon.smx] [TF2Items GiveWeapon]2171_model: cannot find valid model models/advancedweaponiser/w_sickle_sniper.mdl, skipping
L 01/04/2022 - 12:35:20: [tf2items_giveweapon.smx] [TF2Items GiveWeapon]2171_viewmodel: cannot find valid model models/advancedweaponiser/w_sickle_sniper.mdl, skipping
L 01/04/2022 - 12:35:20: [tf2items_giveweapon.smx] [TF2Items GiveWeapon]2197_model: cannot find valid model models/custom/weapons/rebelscurse/c_wrench_v2.mdl, skipping
L 01/04/2022 - 12:35:20: [tf2items_giveweapon.smx] [TF2Items GiveWeapon]2197_viewmodel: cannot find valid model models/custom/weapons/rebelscurse/c_wrench_v2.mdl, skipping
L 01/04/2022 - 12:35:20: [tf2items_giveweapon.smx] [TF2Items GiveWeapon]2228_model: cannot find valid model models/advancedweaponiser/fbomb/c_fbomb.mdl, skipping
L 01/04/2022 - 12:35:20: [tf2items_giveweapon.smx] [TF2Items GiveWeapon]2228_viewmodel: cannot find valid model models/advancedweaponiser/fbomb/c_fbomb.mdl, skipping
L 01/04/2022 - 12:35:20: [tf2items_giveweapon.smx] [TF2Items GiveWeapon]5142_viewmodel: cannot find valid model models/custom/weapons/goldslinger/c_engineer_gunslinger.mdl, skipping
L 01/04/2022 - 12:35:20: [tf2items_giveweapon.smx] [TF2Items GiveWeapon]2041_viewmodel: Preparing models/weapons/c_models/c_v_ludmila/c_v_ludmila.mdl
L 01/04/2022 - 12:35:20: [tf2items_giveweapon.smx] [TF2Items GiveWeapon]2058_model: cannot find valid model models/custom/weapons/antehgen/urinejar.mdl, skipping
L 01/04/2022 - 12:35:20: [tf2items_giveweapon.smx] [TF2Items GiveWeapon]2058_viewmodel: cannot find valid model models/custom/weapons/antehgen/urinejar.mdl, skipping
L 01/04/2022 - 12:35:20: [tf2items_giveweapon.smx] [TF2Items GiveWeapon]2171_model: cannot find valid model models/advancedweaponiser/w_sickle_sniper.mdl, skipping
L 01/04/2022 - 12:35:20: [tf2items_giveweapon.smx] [TF2Items GiveWeapon]2171_viewmodel: cannot find valid model models/advancedweaponiser/w_sickle_sniper.mdl, skipping
L 01/04/2022 - 12:35:20: [tf2items_giveweapon.smx] [TF2Items GiveWeapon]2197_model: cannot find valid model models/custom/weapons/rebelscurse/c_wrench_v2.mdl, skipping
L 01/04/2022 - 12:35:20: [tf2items_giveweapon.smx] [TF2Items GiveWeapon]2197_viewmodel: cannot find valid model models/custom/weapons/rebelscurse/c_wrench_v2.mdl, skipping
L 01/04/2022 - 12:35:20: [tf2items_giveweapon.smx] [TF2Items GiveWeapon]2228_model: cannot find valid model models/advancedweaponiser/fbomb/c_fbomb.mdl, skipping
L 01/04/2022 - 12:35:20: [tf2items_giveweapon.smx] [TF2Items GiveWeapon]2228_viewmodel: cannot find valid model models/advancedweaponiser/fbomb/c_fbomb.mdl, skipping
L 01/04/2022 - 12:35:20: [tf2items_giveweapon.smx] [TF2Items GiveWeapon]5142_viewmodel: cannot find valid model models/custom/weapons/goldslinger/c_engineer_gunslinger.mdl, skipping
L 01/04/2022 - 12:35:21: [basecommands.smx] "Console<0><Console><Console>" changed cvar (cvar "nb_update_frequency") (value "0.03")
L 01/04/2022 - 12:35:21: [basecommands.smx] "Console<0><Console><Console>" changed cvar (cvar "fps_max") (value "0")
L 01/04/2022 - 12:35:21: [basecommands.smx] "Console<0><Console><Console>" changed cvar (cvar "mp_waitingforplayers_time") (value "45")
L 01/04/2022 - 12:35:21: [basecommands.smx] "Console<0><Console><Console>" changed cvar (cvar "nb_update_frequency") (value "0.03")
L 01/04/2022 - 12:35:21: [basecommands.smx] "Console<0><Console><Console>" changed cvar (cvar "fps_max") (value "0")
L 01/04/2022 - 12:35:21: [basecommands.smx] "Console<0><Console><Console>" changed cvar (cvar "mp_waitingforplayers_time") (value "45")
L 01/04/2022 - 12:35:25: [randomcycle.smx] RandomCycle has chosen workshop/pl_farmstead.ugc454263905 for the nextmap.
L 01/04/2022 - 12:35:25: [randomcycle.smx] RandomCycle has chosen plr_bananabay for the nextmap.
L 01/04/2022 - 12:39:42: SourceMod log file session started (file "/home/tf2server/hlserver/tf2/tf/addons/sourcemod/logs/L20220104.log") (Version "1.10.0.6528")
L 01/04/2022 - 12:39:42: [TF2ITEMS] "GiveNamedItem" offset = 488
L 01/04/2022 - 12:39:42: [stac.smx] [StAC] File handle invalid!
L 01/04/2022 - 12:39:42: [auto_steam_update.smx] HUD text is supported on this mod. The persistant timer will display.
L 01/04/2022 - 12:39:42: [simple-chatprocessor.smx] [SCP] Recognized mod [Team Fortress 2].
L 01/04/2022 - 12:39:42: [simple-chatprocessor.smx] [SCP] Loading translation file [scp.tf.phrases].
L 01/04/2022 - 12:39:45: SourceMod log file session started (file "/home/tf2server/hlserver/tf2/tf/addons/sourcemod/logs/L20220104.log") (Version "1.10.0.6528")
L 01/04/2022 - 12:39:45: [TF2ITEMS] "GiveNamedItem" offset = 488
L 01/04/2022 - 12:39:45: [stac.smx] [StAC] File handle invalid!
L 01/04/2022 - 12:39:45: [auto_steam_update.smx] HUD text is supported on this mod. The persistant timer will display.
L 01/04/2022 - 12:39:45: [simple-chatprocessor.smx] [SCP] Recognized mod [Team Fortress 2].
L 01/04/2022 - 12:39:45: [simple-chatprocessor.smx] [SCP] Loading translation file [scp.tf.phrases].
L 01/04/2022 - 12:39:50: [tf2items_giveweapon.smx] [TF2Items GiveWeapon]2041_viewmodel: Preparing models/weapons/c_models/c_v_ludmila/c_v_ludmila.mdl
L 01/04/2022 - 12:39:50: [tf2items_giveweapon.smx] [TF2Items GiveWeapon]2058_model: cannot find valid model models/custom/weapons/antehgen/urinejar.mdl, skipping
L 01/04/2022 - 12:39:50: [tf2items_giveweapon.smx] [TF2Items GiveWeapon]2058_viewmodel: cannot find valid model models/custom/weapons/antehgen/urinejar.mdl, skipping
L 01/04/2022 - 12:39:50: [tf2items_giveweapon.smx] [TF2Items GiveWeapon]2171_model: cannot find valid model models/advancedweaponiser/w_sickle_sniper.mdl, skipping
L 01/04/2022 - 12:39:50: [tf2items_giveweapon.smx] [TF2Items GiveWeapon]2171_viewmodel: cannot find valid model models/advancedweaponiser/w_sickle_sniper.mdl, skipping
L 01/04/2022 - 12:39:50: [tf2items_giveweapon.smx] [TF2Items GiveWeapon]2197_model: cannot find valid model models/custom/weapons/rebelscurse/c_wrench_v2.mdl, skipping
L 01/04/2022 - 12:39:50: [tf2items_giveweapon.smx] [TF2Items GiveWeapon]2197_viewmodel: cannot find valid model models/custom/weapons/rebelscurse/c_wrench_v2.mdl, skipping
L 01/04/2022 - 12:39:50: [tf2items_giveweapon.smx] [TF2Items GiveWeapon]2228_model: cannot find valid model models/advancedweaponiser/fbomb/c_fbomb.mdl, skipping
L 01/04/2022 - 12:39:50: [tf2items_giveweapon.smx] [TF2Items GiveWeapon]2228_viewmodel: cannot find valid model models/advancedweaponiser/fbomb/c_fbomb.mdl, skipping
L 01/04/2022 - 12:39:50: [tf2items_giveweapon.smx] [TF2Items GiveWeapon]5142_viewmodel: cannot find valid model models/custom/weapons/goldslinger/c_engineer_gunslinger.mdl, skipping
L 01/04/2022 - 12:39:51: [basecommands.smx] "Console<0><Console><Console>" changed cvar (cvar "nb_update_frequency") (value "0.03")
L 01/04/2022 - 12:39:51: [basecommands.smx] "Console<0><Console><Console>" changed cvar (cvar "fps_max") (value "0")
L 01/04/2022 - 12:39:51: [basecommands.smx] "Console<0><Console><Console>" changed cvar (cvar "mp_waitingforplayers_time") (value "45")
L 01/04/2022 - 12:39:52: [tf2items_giveweapon.smx] [TF2Items GiveWeapon]2041_viewmodel: Preparing models/weapons/c_models/c_v_ludmila/c_v_ludmila.mdl
L 01/04/2022 - 12:39:52: [tf2items_giveweapon.smx] [TF2Items GiveWeapon]2058_model: cannot find valid model models/custom/weapons/antehgen/urinejar.mdl, skipping
L 01/04/2022 - 12:39:52: [tf2items_giveweapon.smx] [TF2Items GiveWeapon]2058_viewmodel: cannot find valid model models/custom/weapons/antehgen/urinejar.mdl, skipping
L 01/04/2022 - 12:39:52: [tf2items_giveweapon.smx] [TF2Items GiveWeapon]2171_model: cannot find valid model models/advancedweaponiser/w_sickle_sniper.mdl, skipping
L 01/04/2022 - 12:39:52: [tf2items_giveweapon.smx] [TF2Items GiveWeapon]2171_viewmodel: cannot find valid model models/advancedweaponiser/w_sickle_sniper.mdl, skipping
L 01/04/2022 - 12:39:52: [tf2items_giveweapon.smx] [TF2Items GiveWeapon]2197_model: cannot find valid model models/custom/weapons/rebelscurse/c_wrench_v2.mdl, skipping
L 01/04/2022 - 12:39:52: [tf2items_giveweapon.smx] [TF2Items GiveWeapon]2197_viewmodel: cannot find valid model models/custom/weapons/rebelscurse/c_wrench_v2.mdl, skipping
L 01/04/2022 - 12:39:52: [tf2items_giveweapon.smx] [TF2Items GiveWeapon]2228_model: cannot find valid model models/advancedweaponiser/fbomb/c_fbomb.mdl, skipping
L 01/04/2022 - 12:39:52: [tf2items_giveweapon.smx] [TF2Items GiveWeapon]2228_viewmodel: cannot find valid model models/advancedweaponiser/fbomb/c_fbomb.mdl, skipping
L 01/04/2022 - 12:39:52: [tf2items_giveweapon.smx] [TF2Items GiveWeapon]5142_viewmodel: cannot find valid model models/custom/weapons/goldslinger/c_engineer_gunslinger.mdl, skipping
L 01/04/2022 - 12:39:53: [basecommands.smx] "Console<0><Console><Console>" changed cvar (cvar "nb_update_frequency") (value "0.03")
L 01/04/2022 - 12:39:53: [basecommands.smx] "Console<0><Console><Console>" changed cvar (cvar "fps_max") (value "0")
L 01/04/2022 - 12:39:53: [basecommands.smx] "Console<0><Console><Console>" changed cvar (cvar "mp_waitingforplayers_time") (value "45")
L 01/04/2022 - 12:39:56: [randomcycle.smx] RandomCycle has chosen koth_king for the nextmap.
L 01/04/2022 - 12:39:58: [randomcycle.smx] RandomCycle has chosen pl_midwest_b12 for the nextmap.
L 01/04/2022 - 12:43:08: SourceMod log file session started (file "/home/tf2server/hlserver/tf2/tf/addons/sourcemod/logs/L20220104.log") (Version "1.10.0.6528")
L 01/04/2022 - 12:43:08: [TF2ITEMS] "GiveNamedItem" offset = 488
L 01/04/2022 - 12:43:08: [stac.smx] [StAC] File handle invalid!
L 01/04/2022 - 12:43:08: [auto_steam_update.smx] HUD text is supported on this mod. The persistant timer will display.
L 01/04/2022 - 12:43:08: [simple-chatprocessor.smx] [SCP] Recognized mod [Team Fortress 2].
L 01/04/2022 - 12:43:08: [simple-chatprocessor.smx] [SCP] Loading translation file [scp.tf.phrases].
L 01/04/2022 - 12:43:08: SourceMod log file session started (file "/home/tf2server/hlserver/tf2/tf/addons/sourcemod/logs/L20220104.log") (Version "1.10.0.6528")
L 01/04/2022 - 12:43:08: [TF2ITEMS] "GiveNamedItem" offset = 488
L 01/04/2022 - 12:43:09: [stac.smx] [StAC] File handle invalid!
L 01/04/2022 - 12:43:09: [auto_steam_update.smx] HUD text is supported on this mod. The persistant timer will display.
L 01/04/2022 - 12:43:09: [simple-chatprocessor.smx] [SCP] Recognized mod [Team Fortress 2].
L 01/04/2022 - 12:43:09: [simple-chatprocessor.smx] [SCP] Loading translation file [scp.tf.phrases].
L 01/04/2022 - 12:43:16: [tf2items_giveweapon.smx] [TF2Items GiveWeapon]2041_viewmodel: Preparing models/weapons/c_models/c_v_ludmila/c_v_ludmila.mdl
L 01/04/2022 - 12:43:16: [tf2items_giveweapon.smx] [TF2Items GiveWeapon]2058_model: cannot find valid model models/custom/weapons/antehgen/urinejar.mdl, skipping
L 01/04/2022 - 12:43:16: [tf2items_giveweapon.smx] [TF2Items GiveWeapon]2058_viewmodel: cannot find valid model models/custom/weapons/antehgen/urinejar.mdl, skipping
L 01/04/2022 - 12:43:16: [tf2items_giveweapon.smx] [TF2Items GiveWeapon]2171_model: cannot find valid model models/advancedweaponiser/w_sickle_sniper.mdl, skipping
L 01/04/2022 - 12:43:16: [tf2items_giveweapon.smx] [TF2Items GiveWeapon]2171_viewmodel: cannot find valid model models/advancedweaponiser/w_sickle_sniper.mdl, skipping
L 01/04/2022 - 12:43:16: [tf2items_giveweapon.smx] [TF2Items GiveWeapon]2197_model: cannot find valid model models/custom/weapons/rebelscurse/c_wrench_v2.mdl, skipping
L 01/04/2022 - 12:43:16: [tf2items_giveweapon.smx] [TF2Items GiveWeapon]2197_viewmodel: cannot find valid model models/custom/weapons/rebelscurse/c_wrench_v2.mdl, skipping
L 01/04/2022 - 12:43:16: [tf2items_giveweapon.smx] [TF2Items GiveWeapon]2228_model: cannot find valid model models/advancedweaponiser/fbomb/c_fbomb.mdl, skipping
L 01/04/2022 - 12:43:16: [tf2items_giveweapon.smx] [TF2Items GiveWeapon]2228_viewmodel: cannot find valid model models/advancedweaponiser/fbomb/c_fbomb.mdl, skipping
L 01/04/2022 - 12:43:16: [tf2items_giveweapon.smx] [TF2Items GiveWeapon]5142_viewmodel: cannot find valid model models/custom/weapons/goldslinger/c_engineer_gunslinger.mdl, skipping
L 01/04/2022 - 12:43:16: [tf2items_giveweapon.smx] [TF2Items GiveWeapon]2041_viewmodel: Preparing models/weapons/c_models/c_v_ludmila/c_v_ludmila.mdl
L 01/04/2022 - 12:43:16: [tf2items_giveweapon.smx] [TF2Items GiveWeapon]2058_model: cannot find valid model models/custom/weapons/antehgen/urinejar.mdl, skipping
L 01/04/2022 - 12:43:16: [tf2items_giveweapon.smx] [TF2Items GiveWeapon]2058_viewmodel: cannot find valid model models/custom/weapons/antehgen/urinejar.mdl, skipping
L 01/04/2022 - 12:43:16: [tf2items_giveweapon.smx] [TF2Items GiveWeapon]2171_model: cannot find valid model models/advancedweaponiser/w_sickle_sniper.mdl, skipping
L 01/04/2022 - 12:43:16: [tf2items_giveweapon.smx] [TF2Items GiveWeapon]2171_viewmodel: cannot find valid model models/advancedweaponiser/w_sickle_sniper.mdl, skipping
L 01/04/2022 - 12:43:16: [tf2items_giveweapon.smx] [TF2Items GiveWeapon]2197_model: cannot find valid model models/custom/weapons/rebelscurse/c_wrench_v2.mdl, skipping
L 01/04/2022 - 12:43:16: [tf2items_giveweapon.smx] [TF2Items GiveWeapon]2197_viewmodel: cannot find valid model models/custom/weapons/rebelscurse/c_wrench_v2.mdl, skipping
L 01/04/2022 - 12:43:16: [tf2items_giveweapon.smx] [TF2Items GiveWeapon]2228_model: cannot find valid model models/advancedweaponiser/fbomb/c_fbomb.mdl, skipping
L 01/04/2022 - 12:43:16: [tf2items_giveweapon.smx] [TF2Items GiveWeapon]2228_viewmodel: cannot find valid model models/advancedweaponiser/fbomb/c_fbomb.mdl, skipping
L 01/04/2022 - 12:43:16: [tf2items_giveweapon.smx] [TF2Items GiveWeapon]5142_viewmodel: cannot find valid model models/custom/weapons/goldslinger/c_engineer_gunslinger.mdl, skipping
L 01/04/2022 - 12:43:17: [basecommands.smx] "Console<0><Console><Console>" changed cvar (cvar "nb_update_frequency") (value "0.03")
L 01/04/2022 - 12:43:17: [basecommands.smx] "Console<0><Console><Console>" changed cvar (cvar "fps_max") (value "0")
L 01/04/2022 - 12:43:17: [basecommands.smx] "Console<0><Console><Console>" changed cvar (cvar "mp_waitingforplayers_time") (value "45")
L 01/04/2022 - 12:43:17: [basecommands.smx] "Console<0><Console><Console>" changed cvar (cvar "nb_update_frequency") (value "0.03")
L 01/04/2022 - 12:43:17: [basecommands.smx] "Console<0><Console><Console>" changed cvar (cvar "fps_max") (value "0")
L 01/04/2022 - 12:43:17: [basecommands.smx] "Console<0><Console><Console>" changed cvar (cvar "mp_waitingforplayers_time") (value "45")
L 01/04/2022 - 12:43:21: [randomcycle.smx] RandomCycle has chosen cp_gullywash_final1 for the nextmap.
L 01/04/2022 - 12:43:21: [randomcycle.smx] RandomCycle has chosen workshop/koth_databank.ugc2112251255 for the nextmap.
L 01/04/2022 - 12:44:03: SourceMod log file session started (file "/home/tf2server/hlserver/tf2/tf/addons/sourcemod/logs/L20220104.log") (Version "1.10.0.6528")
L 01/04/2022 - 12:44:03: [TF2ITEMS] "GiveNamedItem" offset = 488
L 01/04/2022 - 12:44:04: [stac.smx] [StAC] File handle invalid!
L 01/04/2022 - 12:44:04: [auto_steam_update.smx] HUD text is supported on this mod. The persistant timer will display.
L 01/04/2022 - 12:44:04: [simple-chatprocessor.smx] [SCP] Recognized mod [Team Fortress 2].
L 01/04/2022 - 12:44:04: [simple-chatprocessor.smx] [SCP] Loading translation file [scp.tf.phrases].
L 01/04/2022 - 12:44:04: SourceMod log file session started (file "/home/tf2server/hlserver/tf2/tf/addons/sourcemod/logs/L20220104.log") (Version "1.10.0.6528")
L 01/04/2022 - 12:44:04: [TF2ITEMS] "GiveNamedItem" offset = 488
L 01/04/2022 - 12:44:05: [stac.smx] [StAC] File handle invalid!
L 01/04/2022 - 12:44:05: [auto_steam_update.smx] HUD text is supported on this mod. The persistant timer will display.
L 01/04/2022 - 12:44:05: [simple-chatprocessor.smx] [SCP] Recognized mod [Team Fortress 2].
L 01/04/2022 - 12:44:05: [simple-chatprocessor.smx] [SCP] Loading translation file [scp.tf.phrases].
L 01/04/2022 - 12:44:14: [tf2items_giveweapon.smx] [TF2Items GiveWeapon]2041_viewmodel: Preparing models/weapons/c_models/c_v_ludmila/c_v_ludmila.mdl
L 01/04/2022 - 12:44:14: [tf2items_giveweapon.smx] [TF2Items GiveWeapon]2058_model: cannot find valid model models/custom/weapons/antehgen/urinejar.mdl, skipping
L 01/04/2022 - 12:44:14: [tf2items_giveweapon.smx] [TF2Items GiveWeapon]2058_viewmodel: cannot find valid model models/custom/weapons/antehgen/urinejar.mdl, skipping
L 01/04/2022 - 12:44:14: [tf2items_giveweapon.smx] [TF2Items GiveWeapon]2171_model: cannot find valid model models/advancedweaponiser/w_sickle_sniper.mdl, skipping
L 01/04/2022 - 12:44:14: [tf2items_giveweapon.smx] [TF2Items GiveWeapon]2171_viewmodel: cannot find valid model models/advancedweaponiser/w_sickle_sniper.mdl, skipping
L 01/04/2022 - 12:44:14: [tf2items_giveweapon.smx] [TF2Items GiveWeapon]2197_model: cannot find valid model models/custom/weapons/rebelscurse/c_wrench_v2.mdl, skipping
L 01/04/2022 - 12:44:14: [tf2items_giveweapon.smx] [TF2Items GiveWeapon]2197_viewmodel: cannot find valid model models/custom/weapons/rebelscurse/c_wrench_v2.mdl, skipping
L 01/04/2022 - 12:44:14: [tf2items_giveweapon.smx] [TF2Items GiveWeapon]2228_model: cannot find valid model models/advancedweaponiser/fbomb/c_fbomb.mdl, skipping
L 01/04/2022 - 12:44:14: [tf2items_giveweapon.smx] [TF2Items GiveWeapon]2228_viewmodel: cannot find valid model models/advancedweaponiser/fbomb/c_fbomb.mdl, skipping
L 01/04/2022 - 12:44:14: [tf2items_giveweapon.smx] [TF2Items GiveWeapon]5142_viewmodel: cannot find valid model models/custom/weapons/goldslinger/c_engineer_gunslinger.mdl, skipping
L 01/04/2022 - 12:44:14: [tf2items_giveweapon.smx] [TF2Items GiveWeapon]2041_viewmodel: Preparing models/weapons/c_models/c_v_ludmila/c_v_ludmila.mdl
L 01/04/2022 - 12:44:14: [tf2items_giveweapon.smx] [TF2Items GiveWeapon]2058_model: cannot find valid model models/custom/weapons/antehgen/urinejar.mdl, skipping
L 01/04/2022 - 12:44:14: [tf2items_giveweapon.smx] [TF2Items GiveWeapon]2058_viewmodel: cannot find valid model models/custom/weapons/antehgen/urinejar.mdl, skipping
L 01/04/2022 - 12:44:14: [tf2items_giveweapon.smx] [TF2Items GiveWeapon]2171_model: cannot find valid model models/advancedweaponiser/w_sickle_sniper.mdl, skipping
L 01/04/2022 - 12:44:14: [tf2items_giveweapon.smx] [TF2Items GiveWeapon]2171_viewmodel: cannot find valid model models/advancedweaponiser/w_sickle_sniper.mdl, skipping
L 01/04/2022 - 12:44:14: [tf2items_giveweapon.smx] [TF2Items GiveWeapon]2197_model: cannot find valid model models/custom/weapons/rebelscurse/c_wrench_v2.mdl, skipping
L 01/04/2022 - 12:44:14: [tf2items_giveweapon.smx] [TF2Items GiveWeapon]2197_viewmodel: cannot find valid model models/custom/weapons/rebelscurse/c_wrench_v2.mdl, skipping
L 01/04/2022 - 12:44:14: [tf2items_giveweapon.smx] [TF2Items GiveWeapon]2228_model: cannot find valid model models/advancedweaponiser/fbomb/c_fbomb.mdl, skipping
L 01/04/2022 - 12:44:14: [tf2items_giveweapon.smx] [TF2Items GiveWeapon]2228_viewmodel: cannot find valid model models/advancedweaponiser/fbomb/c_fbomb.mdl, skipping
L 01/04/2022 - 12:44:14: [tf2items_giveweapon.smx] [TF2Items GiveWeapon]5142_viewmodel: cannot find valid model models/custom/weapons/goldslinger/c_engineer_gunslinger.mdl, skipping
L 01/04/2022 - 12:44:15: [basecommands.smx] "Console<0><Console><Console>" changed cvar (cvar "nb_update_frequency") (value "0.03")
L 01/04/2022 - 12:44:15: [basecommands.smx] "Console<0><Console><Console>" changed cvar (cvar "fps_max") (value "0")
L 01/04/2022 - 12:44:15: [basecommands.smx] "Console<0><Console><Console>" changed cvar (cvar "mp_waitingforplayers_time") (value "45")
L 01/04/2022 - 12:44:15: [basecommands.smx] "Console<0><Console><Console>" changed cvar (cvar "nb_update_frequency") (value "0.03")
L 01/04/2022 - 12:44:15: [basecommands.smx] "Console<0><Console><Console>" changed cvar (cvar "fps_max") (value "0")
L 01/04/2022 - 12:44:15: [basecommands.smx] "Console<0><Console><Console>" changed cvar (cvar "mp_waitingforplayers_time") (value "45")
L 01/04/2022 - 12:44:20: [randomcycle.smx] RandomCycle has chosen workshop/cp_doublecross.ugc2209793078 for the nextmap.
L 01/04/2022 - 12:44:20: [randomcycle.smx] RandomCycle has chosen workshop/cp_reckoner.ugc674719999 for the nextmap.
L 01/04/2022 - 13:41:13: [mapchooser.smx] Voting for next map has started.
L 01/04/2022 - 13:41:13: [mapchooser.smx] Voting for next map has started.
