L 04/17/2021 - 04:00:47: SourceMod log file session started (file "/hlserver/tf2/tf/addons/sourcemod/logs/L20210417.log") (Version "1.10.0.6490")
L 04/17/2021 - 04:00:47: [ScheduledShutdown.smx] Server shutdown warning.
L 04/17/2021 - 04:00:57: [ScheduledShutdown.smx] Server shutdown.
L 04/17/2021 - 04:00:58: [stac.smx] [StAC] File handle invalid!
L 04/17/2021 - 04:00:58: [stac.smx] [StAC] Plugin vers. ---- 4.1.17b ---- unloaded
L 04/17/2021 - 04:00:58: Log file closed.
L 04/17/2021 - 04:01:39: SourceMod log file session started (file "/hlserver/tf2/tf/addons/sourcemod/logs/L20210417.log") (Version "1.10.0.6490")
L 04/17/2021 - 04:01:39: [TF2ITEMS] "GiveNamedItem" offset = 484
L 04/17/2021 - 04:01:39: [auto_steam_update.smx] HUD text is supported on this mod. The persistant timer will display.
L 04/17/2021 - 04:01:39: [simple-chatprocessor.smx] [SCP] Recognized mod [Team Fortress 2].
L 04/17/2021 - 04:01:39: [simple-chatprocessor.smx] [SCP] Loading translation file [scp.tf.phrases].
L 04/17/2021 - 04:01:47: [tf2items_giveweapon.smx] [TF2Items GiveWeapon]2041_viewmodel: Preparing models/weapons/c_models/c_v_ludmila/c_v_ludmila.mdl
L 04/17/2021 - 04:01:47: [tf2items_giveweapon.smx] [TF2Items GiveWeapon]2058_model: cannot find valid model models/custom/weapons/antehgen/urinejar.mdl, skipping
L 04/17/2021 - 04:01:47: [tf2items_giveweapon.smx] [TF2Items GiveWeapon]2058_viewmodel: cannot find valid model models/custom/weapons/antehgen/urinejar.mdl, skipping
L 04/17/2021 - 04:01:47: [tf2items_giveweapon.smx] [TF2Items GiveWeapon]2171_model: cannot find valid model models/advancedweaponiser/w_sickle_sniper.mdl, skipping
L 04/17/2021 - 04:01:47: [tf2items_giveweapon.smx] [TF2Items GiveWeapon]2171_viewmodel: cannot find valid model models/advancedweaponiser/w_sickle_sniper.mdl, skipping
L 04/17/2021 - 04:01:47: [tf2items_giveweapon.smx] [TF2Items GiveWeapon]2197_model: cannot find valid model models/custom/weapons/rebelscurse/c_wrench_v2.mdl, skipping
L 04/17/2021 - 04:01:47: [tf2items_giveweapon.smx] [TF2Items GiveWeapon]2197_viewmodel: cannot find valid model models/custom/weapons/rebelscurse/c_wrench_v2.mdl, skipping
L 04/17/2021 - 04:01:47: [tf2items_giveweapon.smx] [TF2Items GiveWeapon]2228_model: cannot find valid model models/advancedweaponiser/fbomb/c_fbomb.mdl, skipping
L 04/17/2021 - 04:01:47: [tf2items_giveweapon.smx] [TF2Items GiveWeapon]2228_viewmodel: cannot find valid model models/advancedweaponiser/fbomb/c_fbomb.mdl, skipping
L 04/17/2021 - 04:01:47: [tf2items_giveweapon.smx] [TF2Items GiveWeapon]5142_viewmodel: cannot find valid model models/custom/weapons/goldslinger/c_engineer_gunslinger.mdl, skipping
L 04/17/2021 - 04:01:48: [basecommands.smx] "Console<0><Console><Console>" changed cvar (cvar "nb_update_frequency") (value "0.03")
L 04/17/2021 - 04:23:34: [stac.smx] [StAC] File handle invalid!
L 04/17/2021 - 04:23:34: [stac.smx] [StAC] Plugin vers. ---- 4.1.17b ---- unloaded
L 04/17/2021 - 04:23:35: Log file closed.
L 04/17/2021 - 04:24:15: SourceMod log file session started (file "/hlserver/tf2/tf/addons/sourcemod/logs/L20210417.log") (Version "1.10.0.6490")
L 04/17/2021 - 04:24:15: [TF2ITEMS] "GiveNamedItem" offset = 484
L 04/17/2021 - 04:24:15: [auto_steam_update.smx] HUD text is supported on this mod. The persistant timer will display.
L 04/17/2021 - 04:24:15: [simple-chatprocessor.smx] [SCP] Recognized mod [Team Fortress 2].
L 04/17/2021 - 04:24:15: [simple-chatprocessor.smx] [SCP] Loading translation file [scp.tf.phrases].
L 04/17/2021 - 04:24:24: [tf2items_giveweapon.smx] [TF2Items GiveWeapon]2041_viewmodel: Preparing models/weapons/c_models/c_v_ludmila/c_v_ludmila.mdl
L 04/17/2021 - 04:24:24: [tf2items_giveweapon.smx] [TF2Items GiveWeapon]2058_model: cannot find valid model models/custom/weapons/antehgen/urinejar.mdl, skipping
L 04/17/2021 - 04:24:24: [tf2items_giveweapon.smx] [TF2Items GiveWeapon]2058_viewmodel: cannot find valid model models/custom/weapons/antehgen/urinejar.mdl, skipping
L 04/17/2021 - 04:24:24: [tf2items_giveweapon.smx] [TF2Items GiveWeapon]2171_model: cannot find valid model models/advancedweaponiser/w_sickle_sniper.mdl, skipping
L 04/17/2021 - 04:24:24: [tf2items_giveweapon.smx] [TF2Items GiveWeapon]2171_viewmodel: cannot find valid model models/advancedweaponiser/w_sickle_sniper.mdl, skipping
L 04/17/2021 - 04:24:24: [tf2items_giveweapon.smx] [TF2Items GiveWeapon]2197_model: cannot find valid model models/custom/weapons/rebelscurse/c_wrench_v2.mdl, skipping
L 04/17/2021 - 04:24:24: [tf2items_giveweapon.smx] [TF2Items GiveWeapon]2197_viewmodel: cannot find valid model models/custom/weapons/rebelscurse/c_wrench_v2.mdl, skipping
L 04/17/2021 - 04:24:24: [tf2items_giveweapon.smx] [TF2Items GiveWeapon]2228_model: cannot find valid model models/advancedweaponiser/fbomb/c_fbomb.mdl, skipping
L 04/17/2021 - 04:24:24: [tf2items_giveweapon.smx] [TF2Items GiveWeapon]2228_viewmodel: cannot find valid model models/advancedweaponiser/fbomb/c_fbomb.mdl, skipping
L 04/17/2021 - 04:24:24: [tf2items_giveweapon.smx] [TF2Items GiveWeapon]5142_viewmodel: cannot find valid model models/custom/weapons/goldslinger/c_engineer_gunslinger.mdl, skipping
L 04/17/2021 - 04:24:24: [basecommands.smx] "Console<0><Console><Console>" changed cvar (cvar "nb_update_frequency") (value "0.03")
L 04/17/2021 - 04:24:32: [basecommands.smx] "Console<0><Console><Console>" changed map to "plr_hightower"
L 04/17/2021 - 04:24:35: [SM] Changed map to "plr_hightower"
L 04/17/2021 - 04:24:36: -------- Mapchange to plr_hightower --------
L 04/17/2021 - 04:24:41: [tf2items_giveweapon.smx] [TF2Items GiveWeapon]2041_viewmodel: Preparing models/weapons/c_models/c_v_ludmila/c_v_ludmila.mdl
L 04/17/2021 - 04:24:41: [tf2items_giveweapon.smx] [TF2Items GiveWeapon]2058_model: cannot find valid model models/custom/weapons/antehgen/urinejar.mdl, skipping
L 04/17/2021 - 04:24:41: [tf2items_giveweapon.smx] [TF2Items GiveWeapon]2058_viewmodel: cannot find valid model models/custom/weapons/antehgen/urinejar.mdl, skipping
L 04/17/2021 - 04:24:41: [tf2items_giveweapon.smx] [TF2Items GiveWeapon]2171_model: cannot find valid model models/advancedweaponiser/w_sickle_sniper.mdl, skipping
L 04/17/2021 - 04:24:41: [tf2items_giveweapon.smx] [TF2Items GiveWeapon]2171_viewmodel: cannot find valid model models/advancedweaponiser/w_sickle_sniper.mdl, skipping
L 04/17/2021 - 04:24:41: [tf2items_giveweapon.smx] [TF2Items GiveWeapon]2197_model: cannot find valid model models/custom/weapons/rebelscurse/c_wrench_v2.mdl, skipping
L 04/17/2021 - 04:24:41: [tf2items_giveweapon.smx] [TF2Items GiveWeapon]2197_viewmodel: cannot find valid model models/custom/weapons/rebelscurse/c_wrench_v2.mdl, skipping
L 04/17/2021 - 04:24:41: [tf2items_giveweapon.smx] [TF2Items GiveWeapon]2228_model: cannot find valid model models/advancedweaponiser/fbomb/c_fbomb.mdl, skipping
L 04/17/2021 - 04:24:41: [tf2items_giveweapon.smx] [TF2Items GiveWeapon]2228_viewmodel: cannot find valid model models/advancedweaponiser/fbomb/c_fbomb.mdl, skipping
L 04/17/2021 - 04:24:41: [tf2items_giveweapon.smx] [TF2Items GiveWeapon]5142_viewmodel: cannot find valid model models/custom/weapons/goldslinger/c_engineer_gunslinger.mdl, skipping
L 04/17/2021 - 04:24:42: [basecommands.smx] "Console<0><Console><Console>" changed cvar (cvar "nb_update_frequency") (value "0.03")
L 04/17/2021 - 04:26:09: SourceMod log file session started (file "/hlserver/tf2/tf/addons/sourcemod/logs/L20210417.log") (Version "1.10.0.6490")
L 04/17/2021 - 04:26:09: [TF2ITEMS] "GiveNamedItem" offset = 484
L 04/17/2021 - 04:26:09: [auto_steam_update.smx] HUD text is supported on this mod. The persistant timer will display.
L 04/17/2021 - 04:26:09: [simple-chatprocessor.smx] [SCP] Recognized mod [Team Fortress 2].
L 04/17/2021 - 04:26:09: [simple-chatprocessor.smx] [SCP] Loading translation file [scp.tf.phrases].
L 04/17/2021 - 04:26:17: [tf2items_giveweapon.smx] [TF2Items GiveWeapon]2041_viewmodel: Preparing models/weapons/c_models/c_v_ludmila/c_v_ludmila.mdl
L 04/17/2021 - 04:26:17: [tf2items_giveweapon.smx] [TF2Items GiveWeapon]2058_model: cannot find valid model models/custom/weapons/antehgen/urinejar.mdl, skipping
L 04/17/2021 - 04:26:17: [tf2items_giveweapon.smx] [TF2Items GiveWeapon]2058_viewmodel: cannot find valid model models/custom/weapons/antehgen/urinejar.mdl, skipping
L 04/17/2021 - 04:26:17: [tf2items_giveweapon.smx] [TF2Items GiveWeapon]2171_model: cannot find valid model models/advancedweaponiser/w_sickle_sniper.mdl, skipping
L 04/17/2021 - 04:26:17: [tf2items_giveweapon.smx] [TF2Items GiveWeapon]2171_viewmodel: cannot find valid model models/advancedweaponiser/w_sickle_sniper.mdl, skipping
L 04/17/2021 - 04:26:17: [tf2items_giveweapon.smx] [TF2Items GiveWeapon]2197_model: cannot find valid model models/custom/weapons/rebelscurse/c_wrench_v2.mdl, skipping
L 04/17/2021 - 04:26:17: [tf2items_giveweapon.smx] [TF2Items GiveWeapon]2197_viewmodel: cannot find valid model models/custom/weapons/rebelscurse/c_wrench_v2.mdl, skipping
L 04/17/2021 - 04:26:17: [tf2items_giveweapon.smx] [TF2Items GiveWeapon]2228_model: cannot find valid model models/advancedweaponiser/fbomb/c_fbomb.mdl, skipping
L 04/17/2021 - 04:26:17: [tf2items_giveweapon.smx] [TF2Items GiveWeapon]2228_viewmodel: cannot find valid model models/advancedweaponiser/fbomb/c_fbomb.mdl, skipping
L 04/17/2021 - 04:26:17: [tf2items_giveweapon.smx] [TF2Items GiveWeapon]5142_viewmodel: cannot find valid model models/custom/weapons/goldslinger/c_engineer_gunslinger.mdl, skipping
L 04/17/2021 - 04:26:18: [basecommands.smx] "Console<0><Console><Console>" changed cvar (cvar "nb_update_frequency") (value "0.03")
L 04/18/2021 - 04:00:18: Log file closed.
