L 06/26/2021 - 04:00:30: SourceMod log file session started (file "/hlserver/tf2/tf/addons/sourcemod/logs/L20210626.log") (Version "1.10.0.6490")
L 06/26/2021 - 04:00:30: [ScheduledShutdown.smx] Server shutdown warning.
L 06/26/2021 - 04:00:40: [ScheduledShutdown.smx] Server shutdown.
L 06/26/2021 - 04:00:41: [stac.smx] [StAC] File handle invalid!
L 06/26/2021 - 04:00:41: [stac.smx] [StAC] Plugin vers. ---- 5.0.7 ---- unloaded
L 06/26/2021 - 04:00:41: Log file closed.
L 06/26/2021 - 04:01:17: SourceMod log file session started (file "/hlserver/tf2/tf/addons/sourcemod/logs/L20210626.log") (Version "1.10.0.6490")
L 06/26/2021 - 04:01:17: [TF2ITEMS] "GiveNamedItem" offset = 485
L 06/26/2021 - 04:01:17: [auto_steam_update.smx] HUD text is supported on this mod. The persistant timer will display.
L 06/26/2021 - 04:01:17: [simple-chatprocessor.smx] [SCP] Recognized mod [Team Fortress 2].
L 06/26/2021 - 04:01:17: [simple-chatprocessor.smx] [SCP] Loading translation file [scp.tf.phrases].
L 06/26/2021 - 04:01:17: [stac.smx] [StAC] File handle invalid!
L 06/26/2021 - 04:01:17: [stac.smx] [StAC] Plugin vers. ---- 5.0.7 ---- loaded
L 06/26/2021 - 04:01:24: [tf2items_giveweapon.smx] [TF2Items GiveWeapon]2041_viewmodel: Preparing models/weapons/c_models/c_v_ludmila/c_v_ludmila.mdl
L 06/26/2021 - 04:01:24: [tf2items_giveweapon.smx] [TF2Items GiveWeapon]2058_model: cannot find valid model models/custom/weapons/antehgen/urinejar.mdl, skipping
L 06/26/2021 - 04:01:24: [tf2items_giveweapon.smx] [TF2Items GiveWeapon]2058_viewmodel: cannot find valid model models/custom/weapons/antehgen/urinejar.mdl, skipping
L 06/26/2021 - 04:01:24: [tf2items_giveweapon.smx] [TF2Items GiveWeapon]2171_model: cannot find valid model models/advancedweaponiser/w_sickle_sniper.mdl, skipping
L 06/26/2021 - 04:01:24: [tf2items_giveweapon.smx] [TF2Items GiveWeapon]2171_viewmodel: cannot find valid model models/advancedweaponiser/w_sickle_sniper.mdl, skipping
L 06/26/2021 - 04:01:24: [tf2items_giveweapon.smx] [TF2Items GiveWeapon]2197_model: cannot find valid model models/custom/weapons/rebelscurse/c_wrench_v2.mdl, skipping
L 06/26/2021 - 04:01:24: [tf2items_giveweapon.smx] [TF2Items GiveWeapon]2197_viewmodel: cannot find valid model models/custom/weapons/rebelscurse/c_wrench_v2.mdl, skipping
L 06/26/2021 - 04:01:24: [tf2items_giveweapon.smx] [TF2Items GiveWeapon]2228_model: cannot find valid model models/advancedweaponiser/fbomb/c_fbomb.mdl, skipping
L 06/26/2021 - 04:01:24: [tf2items_giveweapon.smx] [TF2Items GiveWeapon]2228_viewmodel: cannot find valid model models/advancedweaponiser/fbomb/c_fbomb.mdl, skipping
L 06/26/2021 - 04:01:24: [tf2items_giveweapon.smx] [TF2Items GiveWeapon]5142_viewmodel: cannot find valid model models/custom/weapons/goldslinger/c_engineer_gunslinger.mdl, skipping
L 06/26/2021 - 04:01:25: [basecommands.smx] "Console<0><Console><Console>" changed cvar (cvar "nb_update_frequency") (value "0.03")
L 06/26/2021 - 04:01:25: [UPDATER] Successfully updated gamedata file "sm-cstrike.games/game.csgo.txt"
L 06/26/2021 - 04:01:25: [UPDATER] Successfully updated gamedata file "sdktools.games/game.ff.txt"
L 06/26/2021 - 04:01:25: [UPDATER] Successfully updated gamedata file "sdktools.games/game.bms.txt"
L 06/26/2021 - 04:01:25: [UPDATER] Successfully updated gamedata file "sdktools.games/engine.contagion.txt"
L 06/26/2021 - 04:01:25: [UPDATER] Successfully updated gamedata file "sdkhooks.games/game.ff.txt"
L 06/26/2021 - 04:01:25: [UPDATER] Successfully updated gamedata file "sdkhooks.games/game.bms.txt"
L 06/26/2021 - 04:01:25: [UPDATER] Successfully updated gamedata file "sdkhooks.games/engine.contagion.txt"
L 06/26/2021 - 04:01:25: [UPDATER] Successfully updated gamedata file "core.games/common.games.txt"
L 06/26/2021 - 04:01:25: [UPDATER] SourceMod has been updated, please reload it or restart your server.
L 06/27/2021 - 04:00:25: Log file closed.
