L 05/14/2021 - 00:33:16: SourceMod log file session started (file "/hlserver/tf2/tf/addons/sourcemod/logs/L20210514.log") (Version "1.10.0.6490")
L 05/14/2021 - 00:33:16: [TF2ITEMS] "GiveNamedItem" offset = 484
L 05/14/2021 - 00:33:16: [auto_steam_update.smx] HUD text is supported on this mod. The persistant timer will display.
L 05/14/2021 - 00:33:16: [simple-chatprocessor.smx] [SCP] Recognized mod [Team Fortress 2].
L 05/14/2021 - 00:33:16: [simple-chatprocessor.smx] [SCP] Loading translation file [scp.tf.phrases].
L 05/14/2021 - 00:33:25: [tf2items_giveweapon.smx] [TF2Items GiveWeapon]2041_viewmodel: Preparing models/weapons/c_models/c_v_ludmila/c_v_ludmila.mdl
L 05/14/2021 - 00:33:25: [tf2items_giveweapon.smx] [TF2Items GiveWeapon]2058_model: cannot find valid model models/custom/weapons/antehgen/urinejar.mdl, skipping
L 05/14/2021 - 00:33:25: [tf2items_giveweapon.smx] [TF2Items GiveWeapon]2058_viewmodel: cannot find valid model models/custom/weapons/antehgen/urinejar.mdl, skipping
L 05/14/2021 - 00:33:25: [tf2items_giveweapon.smx] [TF2Items GiveWeapon]2171_model: cannot find valid model models/advancedweaponiser/w_sickle_sniper.mdl, skipping
L 05/14/2021 - 00:33:25: [tf2items_giveweapon.smx] [TF2Items GiveWeapon]2171_viewmodel: cannot find valid model models/advancedweaponiser/w_sickle_sniper.mdl, skipping
L 05/14/2021 - 00:33:25: [tf2items_giveweapon.smx] [TF2Items GiveWeapon]2197_model: cannot find valid model models/custom/weapons/rebelscurse/c_wrench_v2.mdl, skipping
L 05/14/2021 - 00:33:25: [tf2items_giveweapon.smx] [TF2Items GiveWeapon]2197_viewmodel: cannot find valid model models/custom/weapons/rebelscurse/c_wrench_v2.mdl, skipping
L 05/14/2021 - 00:33:25: [tf2items_giveweapon.smx] [TF2Items GiveWeapon]2228_model: cannot find valid model models/advancedweaponiser/fbomb/c_fbomb.mdl, skipping
L 05/14/2021 - 00:33:25: [tf2items_giveweapon.smx] [TF2Items GiveWeapon]2228_viewmodel: cannot find valid model models/advancedweaponiser/fbomb/c_fbomb.mdl, skipping
L 05/14/2021 - 00:33:25: [tf2items_giveweapon.smx] [TF2Items GiveWeapon]5142_viewmodel: cannot find valid model models/custom/weapons/goldslinger/c_engineer_gunslinger.mdl, skipping
L 05/14/2021 - 00:33:25: [basecommands.smx] "Console<0><Console><Console>" changed cvar (cvar "nb_update_frequency") (value "0.03")
L 05/14/2021 - 04:00:26: [ScheduledShutdown.smx] Server shutdown warning.
L 05/14/2021 - 04:00:36: [ScheduledShutdown.smx] Server shutdown.
L 05/14/2021 - 04:00:36: [stac.smx] [StAC] File handle invalid!
L 05/14/2021 - 04:00:36: [stac.smx] [StAC] Plugin vers. ---- 4.1.17b ---- unloaded
L 05/14/2021 - 04:00:37: Log file closed.
L 05/14/2021 - 04:01:22: SourceMod log file session started (file "/hlserver/tf2/tf/addons/sourcemod/logs/L20210514.log") (Version "1.10.0.6490")
L 05/14/2021 - 04:01:22: [TF2ITEMS] "GiveNamedItem" offset = 484
L 05/14/2021 - 04:01:22: [auto_steam_update.smx] HUD text is supported on this mod. The persistant timer will display.
L 05/14/2021 - 04:01:22: [simple-chatprocessor.smx] [SCP] Recognized mod [Team Fortress 2].
L 05/14/2021 - 04:01:22: [simple-chatprocessor.smx] [SCP] Loading translation file [scp.tf.phrases].
L 05/14/2021 - 04:01:31: [tf2items_giveweapon.smx] [TF2Items GiveWeapon]2041_viewmodel: Preparing models/weapons/c_models/c_v_ludmila/c_v_ludmila.mdl
L 05/14/2021 - 04:01:31: [tf2items_giveweapon.smx] [TF2Items GiveWeapon]2058_model: cannot find valid model models/custom/weapons/antehgen/urinejar.mdl, skipping
L 05/14/2021 - 04:01:31: [tf2items_giveweapon.smx] [TF2Items GiveWeapon]2058_viewmodel: cannot find valid model models/custom/weapons/antehgen/urinejar.mdl, skipping
L 05/14/2021 - 04:01:31: [tf2items_giveweapon.smx] [TF2Items GiveWeapon]2171_model: cannot find valid model models/advancedweaponiser/w_sickle_sniper.mdl, skipping
L 05/14/2021 - 04:01:31: [tf2items_giveweapon.smx] [TF2Items GiveWeapon]2171_viewmodel: cannot find valid model models/advancedweaponiser/w_sickle_sniper.mdl, skipping
L 05/14/2021 - 04:01:31: [tf2items_giveweapon.smx] [TF2Items GiveWeapon]2197_model: cannot find valid model models/custom/weapons/rebelscurse/c_wrench_v2.mdl, skipping
L 05/14/2021 - 04:01:31: [tf2items_giveweapon.smx] [TF2Items GiveWeapon]2197_viewmodel: cannot find valid model models/custom/weapons/rebelscurse/c_wrench_v2.mdl, skipping
L 05/14/2021 - 04:01:31: [tf2items_giveweapon.smx] [TF2Items GiveWeapon]2228_model: cannot find valid model models/advancedweaponiser/fbomb/c_fbomb.mdl, skipping
L 05/14/2021 - 04:01:31: [tf2items_giveweapon.smx] [TF2Items GiveWeapon]2228_viewmodel: cannot find valid model models/advancedweaponiser/fbomb/c_fbomb.mdl, skipping
L 05/14/2021 - 04:01:31: [tf2items_giveweapon.smx] [TF2Items GiveWeapon]5142_viewmodel: cannot find valid model models/custom/weapons/goldslinger/c_engineer_gunslinger.mdl, skipping
L 05/14/2021 - 04:01:31: [basecommands.smx] "Console<0><Console><Console>" changed cvar (cvar "nb_update_frequency") (value "0.03")
L 05/14/2021 - 10:49:01: [stac.smx] [StAC] File handle invalid!
L 05/14/2021 - 10:49:01: [stac.smx] [StAC] Plugin vers. ---- 4.1.17b ---- unloaded
L 05/14/2021 - 10:49:02: Log file closed.
L 05/14/2021 - 10:49:25: SourceMod log file session started (file "/hlserver/tf2/tf/addons/sourcemod/logs/L20210514.log") (Version "1.10.0.6490")
L 05/14/2021 - 10:49:25: [TF2ITEMS] "GiveNamedItem" offset = 484
L 05/14/2021 - 10:49:25: [auto_steam_update.smx] HUD text is supported on this mod. The persistant timer will display.
L 05/14/2021 - 10:49:25: [simple-chatprocessor.smx] [SCP] Recognized mod [Team Fortress 2].
L 05/14/2021 - 10:49:25: [simple-chatprocessor.smx] [SCP] Loading translation file [scp.tf.phrases].
L 05/14/2021 - 10:49:34: [tf2items_giveweapon.smx] [TF2Items GiveWeapon]2041_viewmodel: Preparing models/weapons/c_models/c_v_ludmila/c_v_ludmila.mdl
L 05/14/2021 - 10:49:34: [tf2items_giveweapon.smx] [TF2Items GiveWeapon]2058_model: cannot find valid model models/custom/weapons/antehgen/urinejar.mdl, skipping
L 05/14/2021 - 10:49:34: [tf2items_giveweapon.smx] [TF2Items GiveWeapon]2058_viewmodel: cannot find valid model models/custom/weapons/antehgen/urinejar.mdl, skipping
L 05/14/2021 - 10:49:34: [tf2items_giveweapon.smx] [TF2Items GiveWeapon]2171_model: cannot find valid model models/advancedweaponiser/w_sickle_sniper.mdl, skipping
L 05/14/2021 - 10:49:34: [tf2items_giveweapon.smx] [TF2Items GiveWeapon]2171_viewmodel: cannot find valid model models/advancedweaponiser/w_sickle_sniper.mdl, skipping
L 05/14/2021 - 10:49:34: [tf2items_giveweapon.smx] [TF2Items GiveWeapon]2197_model: cannot find valid model models/custom/weapons/rebelscurse/c_wrench_v2.mdl, skipping
L 05/14/2021 - 10:49:34: [tf2items_giveweapon.smx] [TF2Items GiveWeapon]2197_viewmodel: cannot find valid model models/custom/weapons/rebelscurse/c_wrench_v2.mdl, skipping
L 05/14/2021 - 10:49:34: [tf2items_giveweapon.smx] [TF2Items GiveWeapon]2228_model: cannot find valid model models/advancedweaponiser/fbomb/c_fbomb.mdl, skipping
L 05/14/2021 - 10:49:34: [tf2items_giveweapon.smx] [TF2Items GiveWeapon]2228_viewmodel: cannot find valid model models/advancedweaponiser/fbomb/c_fbomb.mdl, skipping
L 05/14/2021 - 10:49:34: [tf2items_giveweapon.smx] [TF2Items GiveWeapon]5142_viewmodel: cannot find valid model models/custom/weapons/goldslinger/c_engineer_gunslinger.mdl, skipping
L 05/14/2021 - 10:49:34: [basecommands.smx] "Console<0><Console><Console>" changed cvar (cvar "nb_update_frequency") (value "0.03")
L 05/15/2021 - 04:00:35: Log file closed.
