L 07/20/2021 - 02:16:54: SourceMod log file session started (file "/hlserver/tf2/tf/addons/sourcemod/logs/L20210720.log") (Version "1.10.0.6490")
L 07/20/2021 - 02:16:54: [funcommands.smx] "ashley<54><[U:1:109549249]><>" toggled noclip on "ashley<54><[U:1:109549249]><>"
L 07/20/2021 - 04:00:02: [ScheduledShutdown.smx] Server shutdown warning.
L 07/20/2021 - 04:00:12: [ScheduledShutdown.smx] Server shutdown.
L 07/20/2021 - 04:00:12: [stac.smx] [StAC] File handle invalid!
L 07/20/2021 - 04:00:12: [stac.smx] [StAC] Plugin vers. ---- 5.1.0b ---- unloaded
L 07/20/2021 - 04:00:13: Log file closed.
L 07/20/2021 - 04:01:03: SourceMod log file session started (file "/hlserver/tf2/tf/addons/sourcemod/logs/L20210720.log") (Version "1.10.0.6490")
L 07/20/2021 - 04:01:03: [TF2ITEMS] "GiveNamedItem" offset = 485
L 07/20/2021 - 04:01:04: [auto_steam_update.smx] HUD text is supported on this mod. The persistant timer will display.
L 07/20/2021 - 04:01:04: [simple-chatprocessor.smx] [SCP] Recognized mod [Team Fortress 2].
L 07/20/2021 - 04:01:04: [simple-chatprocessor.smx] [SCP] Loading translation file [scp.tf.phrases].
L 07/20/2021 - 04:01:04: [stac.smx] [StAC] File handle invalid!
L 07/20/2021 - 04:01:04: [stac.smx] [StAC] Plugin vers. ---- 5.1.0b ---- loaded
L 07/20/2021 - 04:01:12: [tf2items_giveweapon.smx] [TF2Items GiveWeapon]2041_viewmodel: Preparing models/weapons/c_models/c_v_ludmila/c_v_ludmila.mdl
L 07/20/2021 - 04:01:12: [tf2items_giveweapon.smx] [TF2Items GiveWeapon]2058_model: cannot find valid model models/custom/weapons/antehgen/urinejar.mdl, skipping
L 07/20/2021 - 04:01:12: [tf2items_giveweapon.smx] [TF2Items GiveWeapon]2058_viewmodel: cannot find valid model models/custom/weapons/antehgen/urinejar.mdl, skipping
L 07/20/2021 - 04:01:12: [tf2items_giveweapon.smx] [TF2Items GiveWeapon]2171_model: cannot find valid model models/advancedweaponiser/w_sickle_sniper.mdl, skipping
L 07/20/2021 - 04:01:12: [tf2items_giveweapon.smx] [TF2Items GiveWeapon]2171_viewmodel: cannot find valid model models/advancedweaponiser/w_sickle_sniper.mdl, skipping
L 07/20/2021 - 04:01:12: [tf2items_giveweapon.smx] [TF2Items GiveWeapon]2197_model: cannot find valid model models/custom/weapons/rebelscurse/c_wrench_v2.mdl, skipping
L 07/20/2021 - 04:01:12: [tf2items_giveweapon.smx] [TF2Items GiveWeapon]2197_viewmodel: cannot find valid model models/custom/weapons/rebelscurse/c_wrench_v2.mdl, skipping
L 07/20/2021 - 04:01:12: [tf2items_giveweapon.smx] [TF2Items GiveWeapon]2228_model: cannot find valid model models/advancedweaponiser/fbomb/c_fbomb.mdl, skipping
L 07/20/2021 - 04:01:12: [tf2items_giveweapon.smx] [TF2Items GiveWeapon]2228_viewmodel: cannot find valid model models/advancedweaponiser/fbomb/c_fbomb.mdl, skipping
L 07/20/2021 - 04:01:12: [tf2items_giveweapon.smx] [TF2Items GiveWeapon]5142_viewmodel: cannot find valid model models/custom/weapons/goldslinger/c_engineer_gunslinger.mdl, skipping
L 07/20/2021 - 04:01:12: [basecommands.smx] "Console<0><Console><Console>" changed cvar (cvar "nb_update_frequency") (value "0.03")
L 07/20/2021 - 04:01:12: [basecommands.smx] "Console<0><Console><Console>" changed cvar (cvar "fps_max") (value "0")
L 07/20/2021 - 16:30:53: [admincheats.smx] <Steve Harvey><STEAM_0:1:199901036><172.127.74.53> was prevented from running cheat command 'noclip'
L 07/20/2021 - 16:30:54: [admincheats.smx] <Steve Harvey><STEAM_0:1:199901036><172.127.74.53> was prevented from running cheat command 'noclip'
L 07/20/2021 - 16:45:22: [admincheats.smx] <Steve Harvey><STEAM_0:1:199901036><172.127.74.53> was prevented from running cheat command 'buddha'
L 07/21/2021 - 04:00:13: Log file closed.
