L 12/29/2021 - 04:00:37: SourceMod log file session started (file "/home/tf2server/hlserver/tf2/tf/addons/sourcemod/logs/L20211229.log") (Version "1.10.0.6528")
L 12/29/2021 - 04:00:37: [ScheduledShutdown.smx] Server shutdown warning.
L 12/29/2021 - 04:00:47: [ScheduledShutdown.smx] Server shutdown.
L 12/29/2021 - 04:00:48: Log file closed.
L 12/29/2021 - 04:01:04: SourceMod log file session started (file "/home/tf2server/hlserver/tf2/tf/addons/sourcemod/logs/L20211229.log") (Version "1.10.0.6528")
L 12/29/2021 - 04:01:04: [TF2ITEMS] "GiveNamedItem" offset = 488
L 12/29/2021 - 04:01:04: [stac.smx] [StAC] File handle invalid!
L 12/29/2021 - 04:01:05: [auto_steam_update.smx] HUD text is supported on this mod. The persistant timer will display.
L 12/29/2021 - 04:01:05: [simple-chatprocessor.smx] [SCP] Recognized mod [Team Fortress 2].
L 12/29/2021 - 04:01:05: [simple-chatprocessor.smx] [SCP] Loading translation file [scp.tf.phrases].
L 12/29/2021 - 04:01:16: [tf2items_giveweapon.smx] [TF2Items GiveWeapon]2041_viewmodel: Preparing models/weapons/c_models/c_v_ludmila/c_v_ludmila.mdl
L 12/29/2021 - 04:01:16: [tf2items_giveweapon.smx] [TF2Items GiveWeapon]2058_model: cannot find valid model models/custom/weapons/antehgen/urinejar.mdl, skipping
L 12/29/2021 - 04:01:16: [tf2items_giveweapon.smx] [TF2Items GiveWeapon]2058_viewmodel: cannot find valid model models/custom/weapons/antehgen/urinejar.mdl, skipping
L 12/29/2021 - 04:01:16: [tf2items_giveweapon.smx] [TF2Items GiveWeapon]2171_model: cannot find valid model models/advancedweaponiser/w_sickle_sniper.mdl, skipping
L 12/29/2021 - 04:01:16: [tf2items_giveweapon.smx] [TF2Items GiveWeapon]2171_viewmodel: cannot find valid model models/advancedweaponiser/w_sickle_sniper.mdl, skipping
L 12/29/2021 - 04:01:16: [tf2items_giveweapon.smx] [TF2Items GiveWeapon]2197_model: cannot find valid model models/custom/weapons/rebelscurse/c_wrench_v2.mdl, skipping
L 12/29/2021 - 04:01:16: [tf2items_giveweapon.smx] [TF2Items GiveWeapon]2197_viewmodel: cannot find valid model models/custom/weapons/rebelscurse/c_wrench_v2.mdl, skipping
L 12/29/2021 - 04:01:16: [tf2items_giveweapon.smx] [TF2Items GiveWeapon]2228_model: cannot find valid model models/advancedweaponiser/fbomb/c_fbomb.mdl, skipping
L 12/29/2021 - 04:01:16: [tf2items_giveweapon.smx] [TF2Items GiveWeapon]2228_viewmodel: cannot find valid model models/advancedweaponiser/fbomb/c_fbomb.mdl, skipping
L 12/29/2021 - 04:01:16: [tf2items_giveweapon.smx] [TF2Items GiveWeapon]5142_viewmodel: cannot find valid model models/custom/weapons/goldslinger/c_engineer_gunslinger.mdl, skipping
L 12/29/2021 - 04:01:17: [basecommands.smx] "Console<0><Console><Console>" changed cvar (cvar "nb_update_frequency") (value "0.03")
L 12/29/2021 - 04:01:17: [basecommands.smx] "Console<0><Console><Console>" changed cvar (cvar "fps_max") (value "0")
L 12/29/2021 - 04:01:22: [randomcycle.smx] RandomCycle has chosen plr_pipeline for the nextmap.
L 12/29/2021 - 20:36:57: [admincheats.smx] <Kaki><STEAM_0:1:125057930><47.18.62.197> was prevented from running cheat command 'noclip'
L 12/29/2021 - 20:37:02: [admincheats.smx] <Kaki><STEAM_0:1:125057930><47.18.62.197> was prevented from running cheat command 'noclip'
L 12/30/2021 - 03:46:10: Log file closed.
