L 09/04/2021 - 00:01:51: SourceMod log file session started (file "/hlserver/tf2/tf/addons/sourcemod/logs/L20210904.log") (Version "1.10.0.6490")
L 09/04/2021 - 00:01:51: [funcommands.smx] "Bryony<60><[U:1:298643660]><>" toggled noclip on "Bryony<60><[U:1:298643660]><>"
L 09/04/2021 - 00:10:50: [funcommands.smx] "Bryony<60><[U:1:298643660]><>" toggled noclip on "Bryony<60><[U:1:298643660]><>"
L 09/04/2021 - 00:11:20: [funcommands.smx] "Bryony<60><[U:1:298643660]><>" toggled noclip on "Bryony<60><[U:1:298643660]><>"
L 09/04/2021 - 04:00:00: [ScheduledShutdown.smx] Server shutdown warning.
L 09/04/2021 - 04:00:10: [ScheduledShutdown.smx] Server shutdown.
L 09/04/2021 - 04:00:11: [stac.smx] [StAC] File handle invalid!
L 09/04/2021 - 04:00:11: [stac.smx] [StAC] Plugin vers. ---- 5.1.1 ---- unloaded
L 09/04/2021 - 04:00:11: Log file closed.
L 09/04/2021 - 04:00:57: SourceMod log file session started (file "/hlserver/tf2/tf/addons/sourcemod/logs/L20210904.log") (Version "1.10.0.6490")
L 09/04/2021 - 04:00:57: [TF2ITEMS] "GiveNamedItem" offset = 485
L 09/04/2021 - 04:00:57: [auto_steam_update.smx] HUD text is supported on this mod. The persistant timer will display.
L 09/04/2021 - 04:00:57: [simple-chatprocessor.smx] [SCP] Recognized mod [Team Fortress 2].
L 09/04/2021 - 04:00:57: [simple-chatprocessor.smx] [SCP] Loading translation file [scp.tf.phrases].
L 09/04/2021 - 04:00:57: [stac.smx] [StAC] File handle invalid!
L 09/04/2021 - 04:00:57: [stac.smx] [StAC] Plugin vers. ---- 5.1.1 ---- loaded
L 09/04/2021 - 04:01:06: [tf2items_giveweapon.smx] [TF2Items GiveWeapon]2041_viewmodel: Preparing models/weapons/c_models/c_v_ludmila/c_v_ludmila.mdl
L 09/04/2021 - 04:01:06: [tf2items_giveweapon.smx] [TF2Items GiveWeapon]2058_model: cannot find valid model models/custom/weapons/antehgen/urinejar.mdl, skipping
L 09/04/2021 - 04:01:06: [tf2items_giveweapon.smx] [TF2Items GiveWeapon]2058_viewmodel: cannot find valid model models/custom/weapons/antehgen/urinejar.mdl, skipping
L 09/04/2021 - 04:01:06: [tf2items_giveweapon.smx] [TF2Items GiveWeapon]2171_model: cannot find valid model models/advancedweaponiser/w_sickle_sniper.mdl, skipping
L 09/04/2021 - 04:01:06: [tf2items_giveweapon.smx] [TF2Items GiveWeapon]2171_viewmodel: cannot find valid model models/advancedweaponiser/w_sickle_sniper.mdl, skipping
L 09/04/2021 - 04:01:06: [tf2items_giveweapon.smx] [TF2Items GiveWeapon]2197_model: cannot find valid model models/custom/weapons/rebelscurse/c_wrench_v2.mdl, skipping
L 09/04/2021 - 04:01:06: [tf2items_giveweapon.smx] [TF2Items GiveWeapon]2197_viewmodel: cannot find valid model models/custom/weapons/rebelscurse/c_wrench_v2.mdl, skipping
L 09/04/2021 - 04:01:06: [tf2items_giveweapon.smx] [TF2Items GiveWeapon]2228_model: cannot find valid model models/advancedweaponiser/fbomb/c_fbomb.mdl, skipping
L 09/04/2021 - 04:01:06: [tf2items_giveweapon.smx] [TF2Items GiveWeapon]2228_viewmodel: cannot find valid model models/advancedweaponiser/fbomb/c_fbomb.mdl, skipping
L 09/04/2021 - 04:01:06: [tf2items_giveweapon.smx] [TF2Items GiveWeapon]5142_viewmodel: cannot find valid model models/custom/weapons/goldslinger/c_engineer_gunslinger.mdl, skipping
L 09/04/2021 - 04:01:07: [basecommands.smx] "Console<0><Console><Console>" changed cvar (cvar "nb_update_frequency") (value "0.03")
L 09/04/2021 - 04:01:07: [basecommands.smx] "Console<0><Console><Console>" changed cvar (cvar "fps_max") (value "0")
L 09/04/2021 - 23:33:54: [playercommands.smx] "ashley<9><[U:1:109549249]><>" slayed "Bryony<8><[U:1:298643660]><>"
L 09/04/2021 - 23:35:17: [funcommands.smx] "Bryony<8><[U:1:298643660]><>" set a FireBomb on "Bryony<8><[U:1:298643660]><>"
L 09/04/2021 - 23:35:39: [basecommands.smx] "ashley<9><[U:1:109549249]><>" refreshed the admin cache.
L 09/04/2021 - 23:35:48: [funcommands.smx] "ashley<9><[U:1:109549249]><>" froze "Bryony<8><[U:1:298643660]><>"
L 09/04/2021 - 23:36:12: [funcommands.smx] "ashley<9><[U:1:109549249]><>" toggled noclip on "Bryony<8><[U:1:298643660]><>"
L 09/04/2021 - 23:36:13: [funcommands.smx] "ashley<9><[U:1:109549249]><>" toggled noclip on "Bryony<8><[U:1:298643660]><>"
L 09/04/2021 - 23:36:14: [funcommands.smx] "ashley<9><[U:1:109549249]><>" toggled noclip on "Bryony<8><[U:1:298643660]><>"
L 09/04/2021 - 23:36:15: [funcommands.smx] "ashley<9><[U:1:109549249]><>" toggled noclip on "Bryony<8><[U:1:298643660]><>"
L 09/04/2021 - 23:36:21: [funcommands.smx] "ashley<9><[U:1:109549249]><>" toggled noclip on "ashley<9><[U:1:109549249]><>"
L 09/04/2021 - 23:36:24: [funcommands.smx] "ashley<9><[U:1:109549249]><>" toggled noclip on "ashley<9><[U:1:109549249]><>"
L 09/04/2021 - 23:36:27: [funcommands.smx] "ashley<9><[U:1:109549249]><>" toggled noclip on "ashley<9><[U:1:109549249]><>"
L 09/04/2021 - 23:36:27: [funcommands.smx] "ashley<9><[U:1:109549249]><>" toggled noclip on "ashley<9><[U:1:109549249]><>"
L 09/04/2021 - 23:36:28: [funcommands.smx] "ashley<9><[U:1:109549249]><>" toggled noclip on "ashley<9><[U:1:109549249]><>"
L 09/04/2021 - 23:36:28: [funcommands.smx] "ashley<9><[U:1:109549249]><>" toggled noclip on "ashley<9><[U:1:109549249]><>"
L 09/04/2021 - 23:36:28: [funcommands.smx] "ashley<9><[U:1:109549249]><>" toggled noclip on "ashley<9><[U:1:109549249]><>"
L 09/04/2021 - 23:36:28: [funcommands.smx] "ashley<9><[U:1:109549249]><>" toggled noclip on "ashley<9><[U:1:109549249]><>"
L 09/04/2021 - 23:36:28: [funcommands.smx] "ashley<9><[U:1:109549249]><>" toggled noclip on "ashley<9><[U:1:109549249]><>"
L 09/04/2021 - 23:36:28: [funcommands.smx] "ashley<9><[U:1:109549249]><>" toggled noclip on "ashley<9><[U:1:109549249]><>"
L 09/04/2021 - 23:36:28: [funcommands.smx] "ashley<9><[U:1:109549249]><>" toggled noclip on "ashley<9><[U:1:109549249]><>"
L 09/04/2021 - 23:36:29: [funcommands.smx] "ashley<9><[U:1:109549249]><>" toggled noclip on "ashley<9><[U:1:109549249]><>"
L 09/04/2021 - 23:36:29: [funcommands.smx] "ashley<9><[U:1:109549249]><>" toggled noclip on "ashley<9><[U:1:109549249]><>"
L 09/04/2021 - 23:36:29: [funcommands.smx] "ashley<9><[U:1:109549249]><>" toggled noclip on "ashley<9><[U:1:109549249]><>"
L 09/04/2021 - 23:36:29: [funcommands.smx] "ashley<9><[U:1:109549249]><>" toggled noclip on "ashley<9><[U:1:109549249]><>"
L 09/04/2021 - 23:36:29: [funcommands.smx] "ashley<9><[U:1:109549249]><>" toggled noclip on "ashley<9><[U:1:109549249]><>"
L 09/04/2021 - 23:36:29: [funcommands.smx] "ashley<9><[U:1:109549249]><>" toggled noclip on "ashley<9><[U:1:109549249]><>"
L 09/04/2021 - 23:36:31: [funcommands.smx] "ashley<9><[U:1:109549249]><>" toggled noclip on "ashley<9><[U:1:109549249]><>"
L 09/04/2021 - 23:37:01: [admincheats.smx] <ashley><STEAM_0:1:54774624><71.60.110.145> ran cheat command 'ent_create'
L 09/04/2021 - 23:37:06: [admincheats.smx] <ashley><STEAM_0:1:54774624><71.60.110.145> ran cheat command 'ent_remove_all'
L 09/04/2021 - 23:37:12: [funcommands.smx] "ashley<9><[U:1:109549249]><>" toggled noclip on "ashley<9><[U:1:109549249]><>"
L 09/04/2021 - 23:37:21: [funcommands.smx] "ashley<9><[U:1:109549249]><>" toggled noclip on "ashley<9><[U:1:109549249]><>"
L 09/04/2021 - 23:38:12: [tf2items_giveweapon.smx] "ashley<9><[U:1:109549249]><>" gave a permanent weapon 7018 to "ashley<9><[U:1:109549249]><>"
L 09/04/2021 - 23:40:23: [tf2items_giveweapon.smx] "ashley<9><[U:1:109549249]><>" gave a permanent weapon 7018 to "SourceTV<2><BOT><>"
L 09/04/2021 - 23:40:23: [tf2items_giveweapon.smx] "ashley<9><[U:1:109549249]><>" gave a permanent weapon 7018 to "Bryony<8><[U:1:298643660]><>"
L 09/04/2021 - 23:40:23: [tf2items_giveweapon.smx] "ashley<9><[U:1:109549249]><>" gave a permanent weapon 7018 to "ashley<9><[U:1:109549249]><>"
L 09/04/2021 - 23:42:45: [tf2items_giveweapon.smx] "ashley<9><[U:1:109549249]><>" reset permanent weapons for "SourceTV<2><BOT><>", 
L 09/04/2021 - 23:42:45: [tf2items_giveweapon.smx] "ashley<9><[U:1:109549249]><>" reset permanent weapons for "Bryony<8><[U:1:298643660]><>", 
L 09/04/2021 - 23:42:45: [tf2items_giveweapon.smx] "ashley<9><[U:1:109549249]><>" reset permanent weapons for "ashley<9><[U:1:109549249]><>", 
L 09/05/2021 - 03:46:05: Log file closed.
