L 12/18/2021 - 01:25:03: SourceMod log file session started (file "/home/tf2server/hlserver/tf2/tf/addons/sourcemod/logs/L20211218.log") (Version "1.10.0.6512")
L 12/18/2021 - 01:25:03: [TF2ITEMS] "GiveNamedItem" offset = 488
L 12/18/2021 - 01:25:03: [stac.smx] [StAC] File handle invalid!
L 12/18/2021 - 01:25:04: [simple-chatprocessor.smx] [SCP] Recognized mod [Team Fortress 2].
L 12/18/2021 - 01:25:04: [simple-chatprocessor.smx] [SCP] Loading translation file [scp.tf.phrases].
L 12/18/2021 - 01:25:14: [tf2items_giveweapon.smx] [TF2Items GiveWeapon]2041_viewmodel: Preparing models/weapons/c_models/c_v_ludmila/c_v_ludmila.mdl
L 12/18/2021 - 01:25:14: [tf2items_giveweapon.smx] [TF2Items GiveWeapon]2058_model: cannot find valid model models/custom/weapons/antehgen/urinejar.mdl, skipping
L 12/18/2021 - 01:25:14: [tf2items_giveweapon.smx] [TF2Items GiveWeapon]2058_viewmodel: cannot find valid model models/custom/weapons/antehgen/urinejar.mdl, skipping
L 12/18/2021 - 01:25:14: [tf2items_giveweapon.smx] [TF2Items GiveWeapon]2171_model: cannot find valid model models/advancedweaponiser/w_sickle_sniper.mdl, skipping
L 12/18/2021 - 01:25:14: [tf2items_giveweapon.smx] [TF2Items GiveWeapon]2171_viewmodel: cannot find valid model models/advancedweaponiser/w_sickle_sniper.mdl, skipping
L 12/18/2021 - 01:25:14: [tf2items_giveweapon.smx] [TF2Items GiveWeapon]2197_model: cannot find valid model models/custom/weapons/rebelscurse/c_wrench_v2.mdl, skipping
L 12/18/2021 - 01:25:14: [tf2items_giveweapon.smx] [TF2Items GiveWeapon]2197_viewmodel: cannot find valid model models/custom/weapons/rebelscurse/c_wrench_v2.mdl, skipping
L 12/18/2021 - 01:25:14: [tf2items_giveweapon.smx] [TF2Items GiveWeapon]2228_model: cannot find valid model models/advancedweaponiser/fbomb/c_fbomb.mdl, skipping
L 12/18/2021 - 01:25:14: [tf2items_giveweapon.smx] [TF2Items GiveWeapon]2228_viewmodel: cannot find valid model models/advancedweaponiser/fbomb/c_fbomb.mdl, skipping
L 12/18/2021 - 01:25:14: [tf2items_giveweapon.smx] [TF2Items GiveWeapon]5142_viewmodel: cannot find valid model models/custom/weapons/goldslinger/c_engineer_gunslinger.mdl, skipping
L 12/18/2021 - 01:25:15: [basecommands.smx] "Console<0><Console><Console>" changed cvar (cvar "nb_update_frequency") (value "0.03")
L 12/18/2021 - 01:25:15: [basecommands.smx] "Console<0><Console><Console>" changed cvar (cvar "fps_max") (value "0")
L 12/18/2021 - 03:58:26: [admincheats.smx] <bat><STEAM_0:1:417998338><209.143.22.76> was prevented from running cheat command 'prop_physics_create'
L 12/18/2021 - 04:00:15: [ScheduledShutdown.smx] Server shutdown warning.
L 12/18/2021 - 04:00:25: [ScheduledShutdown.smx] Server shutdown.
L 12/18/2021 - 04:00:26: Log file closed.
L 12/18/2021 - 04:00:39: SourceMod log file session started (file "/home/tf2server/hlserver/tf2/tf/addons/sourcemod/logs/L20211218.log") (Version "1.10.0.6512")
L 12/18/2021 - 04:00:39: [TF2ITEMS] "GiveNamedItem" offset = 488
L 12/18/2021 - 04:00:39: [stac.smx] [StAC] File handle invalid!
L 12/18/2021 - 04:00:39: [simple-chatprocessor.smx] [SCP] Recognized mod [Team Fortress 2].
L 12/18/2021 - 04:00:39: [simple-chatprocessor.smx] [SCP] Loading translation file [scp.tf.phrases].
L 12/18/2021 - 04:00:49: [tf2items_giveweapon.smx] [TF2Items GiveWeapon]2041_viewmodel: Preparing models/weapons/c_models/c_v_ludmila/c_v_ludmila.mdl
L 12/18/2021 - 04:00:49: [tf2items_giveweapon.smx] [TF2Items GiveWeapon]2058_model: cannot find valid model models/custom/weapons/antehgen/urinejar.mdl, skipping
L 12/18/2021 - 04:00:49: [tf2items_giveweapon.smx] [TF2Items GiveWeapon]2058_viewmodel: cannot find valid model models/custom/weapons/antehgen/urinejar.mdl, skipping
L 12/18/2021 - 04:00:49: [tf2items_giveweapon.smx] [TF2Items GiveWeapon]2171_model: cannot find valid model models/advancedweaponiser/w_sickle_sniper.mdl, skipping
L 12/18/2021 - 04:00:49: [tf2items_giveweapon.smx] [TF2Items GiveWeapon]2171_viewmodel: cannot find valid model models/advancedweaponiser/w_sickle_sniper.mdl, skipping
L 12/18/2021 - 04:00:49: [tf2items_giveweapon.smx] [TF2Items GiveWeapon]2197_model: cannot find valid model models/custom/weapons/rebelscurse/c_wrench_v2.mdl, skipping
L 12/18/2021 - 04:00:49: [tf2items_giveweapon.smx] [TF2Items GiveWeapon]2197_viewmodel: cannot find valid model models/custom/weapons/rebelscurse/c_wrench_v2.mdl, skipping
L 12/18/2021 - 04:00:49: [tf2items_giveweapon.smx] [TF2Items GiveWeapon]2228_model: cannot find valid model models/advancedweaponiser/fbomb/c_fbomb.mdl, skipping
L 12/18/2021 - 04:00:49: [tf2items_giveweapon.smx] [TF2Items GiveWeapon]2228_viewmodel: cannot find valid model models/advancedweaponiser/fbomb/c_fbomb.mdl, skipping
L 12/18/2021 - 04:00:49: [tf2items_giveweapon.smx] [TF2Items GiveWeapon]5142_viewmodel: cannot find valid model models/custom/weapons/goldslinger/c_engineer_gunslinger.mdl, skipping
L 12/18/2021 - 04:00:50: [basecommands.smx] "Console<0><Console><Console>" changed cvar (cvar "nb_update_frequency") (value "0.03")
L 12/18/2021 - 04:00:50: [basecommands.smx] "Console<0><Console><Console>" changed cvar (cvar "fps_max") (value "0")
L 12/18/2021 - 04:01:50: [ScheduledShutdown.smx] Server shutdown warning.
L 12/18/2021 - 04:02:00: [ScheduledShutdown.smx] Server shutdown.
L 12/18/2021 - 04:02:01: Log file closed.
L 12/18/2021 - 04:02:17: SourceMod log file session started (file "/home/tf2server/hlserver/tf2/tf/addons/sourcemod/logs/L20211218.log") (Version "1.10.0.6512")
L 12/18/2021 - 04:02:17: [TF2ITEMS] "GiveNamedItem" offset = 488
L 12/18/2021 - 04:02:17: [stac.smx] [StAC] File handle invalid!
L 12/18/2021 - 04:02:17: [simple-chatprocessor.smx] [SCP] Recognized mod [Team Fortress 2].
L 12/18/2021 - 04:02:17: [simple-chatprocessor.smx] [SCP] Loading translation file [scp.tf.phrases].
L 12/18/2021 - 04:02:24: [tf2items_giveweapon.smx] [TF2Items GiveWeapon]2041_viewmodel: Preparing models/weapons/c_models/c_v_ludmila/c_v_ludmila.mdl
L 12/18/2021 - 04:02:24: [tf2items_giveweapon.smx] [TF2Items GiveWeapon]2058_model: cannot find valid model models/custom/weapons/antehgen/urinejar.mdl, skipping
L 12/18/2021 - 04:02:24: [tf2items_giveweapon.smx] [TF2Items GiveWeapon]2058_viewmodel: cannot find valid model models/custom/weapons/antehgen/urinejar.mdl, skipping
L 12/18/2021 - 04:02:24: [tf2items_giveweapon.smx] [TF2Items GiveWeapon]2171_model: cannot find valid model models/advancedweaponiser/w_sickle_sniper.mdl, skipping
L 12/18/2021 - 04:02:24: [tf2items_giveweapon.smx] [TF2Items GiveWeapon]2171_viewmodel: cannot find valid model models/advancedweaponiser/w_sickle_sniper.mdl, skipping
L 12/18/2021 - 04:02:24: [tf2items_giveweapon.smx] [TF2Items GiveWeapon]2197_model: cannot find valid model models/custom/weapons/rebelscurse/c_wrench_v2.mdl, skipping
L 12/18/2021 - 04:02:24: [tf2items_giveweapon.smx] [TF2Items GiveWeapon]2197_viewmodel: cannot find valid model models/custom/weapons/rebelscurse/c_wrench_v2.mdl, skipping
L 12/18/2021 - 04:02:24: [tf2items_giveweapon.smx] [TF2Items GiveWeapon]2228_model: cannot find valid model models/advancedweaponiser/fbomb/c_fbomb.mdl, skipping
L 12/18/2021 - 04:02:24: [tf2items_giveweapon.smx] [TF2Items GiveWeapon]2228_viewmodel: cannot find valid model models/advancedweaponiser/fbomb/c_fbomb.mdl, skipping
L 12/18/2021 - 04:02:24: [tf2items_giveweapon.smx] [TF2Items GiveWeapon]5142_viewmodel: cannot find valid model models/custom/weapons/goldslinger/c_engineer_gunslinger.mdl, skipping
L 12/18/2021 - 04:02:25: [basecommands.smx] "Console<0><Console><Console>" changed cvar (cvar "nb_update_frequency") (value "0.03")
L 12/18/2021 - 04:02:25: [basecommands.smx] "Console<0><Console><Console>" changed cvar (cvar "fps_max") (value "0")
L 12/19/2021 - 04:00:25: Log file closed.
