L 10/31/2020 - 05:04:06: SourceMod log file session started (file "/hlserver/tf2/tf/addons/sourcemod/logs/L20201031.log") (Version "1.10.0.6490")
L 10/31/2020 - 05:04:06: [SM] Changed map to "workshop/koth_barnyard_event.ugc2176676594"
L 10/31/2020 - 05:04:10: -------- Mapchange to workshop/koth_barnyard_event.ugc2176676594 --------
L 10/31/2020 - 05:04:15: [tf2items_giveweapon.smx] [TF2Items GiveWeapon]2041_viewmodel: Preparing models/weapons/c_models/c_v_ludmila/c_v_ludmila.mdl
L 10/31/2020 - 05:04:15: [tf2items_giveweapon.smx] [TF2Items GiveWeapon]2058_model: cannot find valid model models/custom/weapons/antehgen/urinejar.mdl, skipping
L 10/31/2020 - 05:04:15: [tf2items_giveweapon.smx] [TF2Items GiveWeapon]2058_viewmodel: cannot find valid model models/custom/weapons/antehgen/urinejar.mdl, skipping
L 10/31/2020 - 05:04:15: [tf2items_giveweapon.smx] [TF2Items GiveWeapon]2171_model: cannot find valid model models/advancedweaponiser/w_sickle_sniper.mdl, skipping
L 10/31/2020 - 05:04:15: [tf2items_giveweapon.smx] [TF2Items GiveWeapon]2171_viewmodel: cannot find valid model models/advancedweaponiser/w_sickle_sniper.mdl, skipping
L 10/31/2020 - 05:04:15: [tf2items_giveweapon.smx] [TF2Items GiveWeapon]2197_model: cannot find valid model models/custom/weapons/rebelscurse/c_wrench_v2.mdl, skipping
L 10/31/2020 - 05:04:15: [tf2items_giveweapon.smx] [TF2Items GiveWeapon]2197_viewmodel: cannot find valid model models/custom/weapons/rebelscurse/c_wrench_v2.mdl, skipping
L 10/31/2020 - 05:04:15: [tf2items_giveweapon.smx] [TF2Items GiveWeapon]2228_model: cannot find valid model models/advancedweaponiser/fbomb/c_fbomb.mdl, skipping
L 10/31/2020 - 05:04:15: [tf2items_giveweapon.smx] [TF2Items GiveWeapon]2228_viewmodel: cannot find valid model models/advancedweaponiser/fbomb/c_fbomb.mdl, skipping
L 10/31/2020 - 05:04:15: [tf2items_giveweapon.smx] [TF2Items GiveWeapon]5142_viewmodel: cannot find valid model models/custom/weapons/goldslinger/c_engineer_gunslinger.mdl, skipping
L 10/31/2020 - 05:04:15: [basecommands.smx] "Console<0><Console><Console>" changed cvar (cvar "nb_update_frequency") (value "0.03")
L 10/31/2020 - 05:32:06: [mapchooser.smx] Voting for next map has started.
L 10/31/2020 - 05:32:26: [mapchooser.smx] Voting for next map has finished. Nextmap: workshop/ctf_hearth_event_rc5.ugc2202077468.
L 10/31/2020 - 05:35:10: [SM] Changed map to "workshop/ctf_hearth_event_rc5.ugc2202077468"
L 10/31/2020 - 05:35:15: -------- Mapchange to workshop/ctf_hearth_event_rc5.ugc2202077468 --------
L 10/31/2020 - 05:35:20: [tf2items_giveweapon.smx] [TF2Items GiveWeapon]2041_viewmodel: Preparing models/weapons/c_models/c_v_ludmila/c_v_ludmila.mdl
L 10/31/2020 - 05:35:20: [tf2items_giveweapon.smx] [TF2Items GiveWeapon]2058_model: cannot find valid model models/custom/weapons/antehgen/urinejar.mdl, skipping
L 10/31/2020 - 05:35:20: [tf2items_giveweapon.smx] [TF2Items GiveWeapon]2058_viewmodel: cannot find valid model models/custom/weapons/antehgen/urinejar.mdl, skipping
L 10/31/2020 - 05:35:20: [tf2items_giveweapon.smx] [TF2Items GiveWeapon]2171_model: cannot find valid model models/advancedweaponiser/w_sickle_sniper.mdl, skipping
L 10/31/2020 - 05:35:20: [tf2items_giveweapon.smx] [TF2Items GiveWeapon]2171_viewmodel: cannot find valid model models/advancedweaponiser/w_sickle_sniper.mdl, skipping
L 10/31/2020 - 05:35:20: [tf2items_giveweapon.smx] [TF2Items GiveWeapon]2197_model: cannot find valid model models/custom/weapons/rebelscurse/c_wrench_v2.mdl, skipping
L 10/31/2020 - 05:35:20: [tf2items_giveweapon.smx] [TF2Items GiveWeapon]2197_viewmodel: cannot find valid model models/custom/weapons/rebelscurse/c_wrench_v2.mdl, skipping
L 10/31/2020 - 05:35:20: [tf2items_giveweapon.smx] [TF2Items GiveWeapon]2228_model: cannot find valid model models/advancedweaponiser/fbomb/c_fbomb.mdl, skipping
L 10/31/2020 - 05:35:20: [tf2items_giveweapon.smx] [TF2Items GiveWeapon]2228_viewmodel: cannot find valid model models/advancedweaponiser/fbomb/c_fbomb.mdl, skipping
L 10/31/2020 - 05:35:20: [tf2items_giveweapon.smx] [TF2Items GiveWeapon]5142_viewmodel: cannot find valid model models/custom/weapons/goldslinger/c_engineer_gunslinger.mdl, skipping
L 10/31/2020 - 05:35:21: [basecommands.smx] "Console<0><Console><Console>" changed cvar (cvar "nb_update_frequency") (value "0.03")
L 10/31/2020 - 06:03:27: [mapchooser.smx] Voting for next map has started.
L 10/31/2020 - 06:03:48: [mapchooser.smx] Voting for next map has finished. Nextmap: workshop/cp_pumpkin_festival_event.ugc2193312706.
L 11/06/2020 - 02:08:08: Log file closed.
