L 01/05/2022 - 04:00:30: SourceMod log file session started (file "/home/tf2server/hlserver/tf2/tf/addons/sourcemod/logs/L20220105.log") (Version "1.10.0.6528")
L 01/05/2022 - 04:00:30: [TF2ITEMS] "GiveNamedItem" offset = 488
L 01/05/2022 - 04:00:30: SourceMod log file session started (file "/home/tf2server/hlserver/tf2/tf/addons/sourcemod/logs/L20220105.log") (Version "1.10.0.6528")
L 01/05/2022 - 04:00:30: [TF2ITEMS] "GiveNamedItem" offset = 488
L 01/05/2022 - 04:00:30: [stac.smx] [StAC] File handle invalid!
L 01/05/2022 - 04:00:30: [stac.smx] [StAC] File handle invalid!
L 01/05/2022 - 04:00:30: [auto_steam_update.smx] HUD text is supported on this mod. The persistant timer will display.
L 01/05/2022 - 04:00:30: [auto_steam_update.smx] HUD text is supported on this mod. The persistant timer will display.
L 01/05/2022 - 04:00:30: [simple-chatprocessor.smx] [SCP] Recognized mod [Team Fortress 2].
L 01/05/2022 - 04:00:30: [simple-chatprocessor.smx] [SCP] Loading translation file [scp.tf.phrases].
L 01/05/2022 - 04:00:30: [simple-chatprocessor.smx] [SCP] Recognized mod [Team Fortress 2].
L 01/05/2022 - 04:00:30: [simple-chatprocessor.smx] [SCP] Loading translation file [scp.tf.phrases].
L 01/05/2022 - 04:00:41: [tf2items_giveweapon.smx] [TF2Items GiveWeapon]2041_viewmodel: Preparing models/weapons/c_models/c_v_ludmila/c_v_ludmila.mdl
L 01/05/2022 - 04:00:41: [tf2items_giveweapon.smx] [TF2Items GiveWeapon]2041_viewmodel: Preparing models/weapons/c_models/c_v_ludmila/c_v_ludmila.mdl
L 01/05/2022 - 04:00:41: [tf2items_giveweapon.smx] [TF2Items GiveWeapon]2058_model: cannot find valid model models/custom/weapons/antehgen/urinejar.mdl, skipping
L 01/05/2022 - 04:00:41: [tf2items_giveweapon.smx] [TF2Items GiveWeapon]2058_model: cannot find valid model models/custom/weapons/antehgen/urinejar.mdl, skipping
L 01/05/2022 - 04:00:41: [tf2items_giveweapon.smx] [TF2Items GiveWeapon]2058_viewmodel: cannot find valid model models/custom/weapons/antehgen/urinejar.mdl, skipping
L 01/05/2022 - 04:00:41: [tf2items_giveweapon.smx] [TF2Items GiveWeapon]2058_viewmodel: cannot find valid model models/custom/weapons/antehgen/urinejar.mdl, skipping
L 01/05/2022 - 04:00:41: [tf2items_giveweapon.smx] [TF2Items GiveWeapon]2171_model: cannot find valid model models/advancedweaponiser/w_sickle_sniper.mdl, skipping
L 01/05/2022 - 04:00:41: [tf2items_giveweapon.smx] [TF2Items GiveWeapon]2171_viewmodel: cannot find valid model models/advancedweaponiser/w_sickle_sniper.mdl, skipping
L 01/05/2022 - 04:00:41: [tf2items_giveweapon.smx] [TF2Items GiveWeapon]2171_model: cannot find valid model models/advancedweaponiser/w_sickle_sniper.mdl, skipping
L 01/05/2022 - 04:00:41: [tf2items_giveweapon.smx] [TF2Items GiveWeapon]2171_viewmodel: cannot find valid model models/advancedweaponiser/w_sickle_sniper.mdl, skipping
L 01/05/2022 - 04:00:41: [tf2items_giveweapon.smx] [TF2Items GiveWeapon]2197_model: cannot find valid model models/custom/weapons/rebelscurse/c_wrench_v2.mdl, skipping
L 01/05/2022 - 04:00:41: [tf2items_giveweapon.smx] [TF2Items GiveWeapon]2197_viewmodel: cannot find valid model models/custom/weapons/rebelscurse/c_wrench_v2.mdl, skipping
L 01/05/2022 - 04:00:41: [tf2items_giveweapon.smx] [TF2Items GiveWeapon]2228_model: cannot find valid model models/advancedweaponiser/fbomb/c_fbomb.mdl, skipping
L 01/05/2022 - 04:00:41: [tf2items_giveweapon.smx] [TF2Items GiveWeapon]2228_viewmodel: cannot find valid model models/advancedweaponiser/fbomb/c_fbomb.mdl, skipping
L 01/05/2022 - 04:00:41: [tf2items_giveweapon.smx] [TF2Items GiveWeapon]2197_model: cannot find valid model models/custom/weapons/rebelscurse/c_wrench_v2.mdl, skipping
L 01/05/2022 - 04:00:41: [tf2items_giveweapon.smx] [TF2Items GiveWeapon]2197_viewmodel: cannot find valid model models/custom/weapons/rebelscurse/c_wrench_v2.mdl, skipping
L 01/05/2022 - 04:00:41: [tf2items_giveweapon.smx] [TF2Items GiveWeapon]2228_model: cannot find valid model models/advancedweaponiser/fbomb/c_fbomb.mdl, skipping
L 01/05/2022 - 04:00:41: [tf2items_giveweapon.smx] [TF2Items GiveWeapon]2228_viewmodel: cannot find valid model models/advancedweaponiser/fbomb/c_fbomb.mdl, skipping
L 01/05/2022 - 04:00:41: [tf2items_giveweapon.smx] [TF2Items GiveWeapon]5142_viewmodel: cannot find valid model models/custom/weapons/goldslinger/c_engineer_gunslinger.mdl, skipping
L 01/05/2022 - 04:00:41: [tf2items_giveweapon.smx] [TF2Items GiveWeapon]5142_viewmodel: cannot find valid model models/custom/weapons/goldslinger/c_engineer_gunslinger.mdl, skipping
L 01/05/2022 - 04:00:42: [basecommands.smx] "Console<0><Console><Console>" changed cvar (cvar "nb_update_frequency") (value "0.03")
L 01/05/2022 - 04:00:42: [basecommands.smx] "Console<0><Console><Console>" changed cvar (cvar "fps_max") (value "0")
L 01/05/2022 - 04:00:42: [basecommands.smx] "Console<0><Console><Console>" changed cvar (cvar "mp_waitingforplayers_time") (value "45")
L 01/05/2022 - 04:00:42: [basecommands.smx] "Console<0><Console><Console>" changed cvar (cvar "nb_update_frequency") (value "0.03")
L 01/05/2022 - 04:00:42: [basecommands.smx] "Console<0><Console><Console>" changed cvar (cvar "fps_max") (value "0")
L 01/05/2022 - 04:00:42: [basecommands.smx] "Console<0><Console><Console>" changed cvar (cvar "mp_waitingforplayers_time") (value "45")
L 01/05/2022 - 04:00:46: [randomcycle.smx] RandomCycle has chosen workshop/cp_reckoner.ugc674719999 for the nextmap.
L 01/05/2022 - 04:00:47: [randomcycle.smx] RandomCycle has chosen plr_nightfall_final for the nextmap.
L 01/05/2022 - 04:57:39: [mapchooser.smx] Voting for next map has started.
L 01/05/2022 - 04:57:39: [mapchooser.smx] Voting for next map has started.
L 01/05/2022 - 14:37:17: [rockthevote.smx] RTV changing map manually
L 01/05/2022 - 14:37:17: [SM] Changed map to "pl_borneo"
L 01/05/2022 - 14:37:19: -------- Mapchange to pl_borneo --------
L 01/05/2022 - 14:37:24: [fixtriggerexploits.smx] fixed trigger. ent: 648, iName: cap_c_capturetrigger
L 01/05/2022 - 14:37:24: [tf2items_giveweapon.smx] [TF2Items GiveWeapon]2041_viewmodel: Preparing models/weapons/c_models/c_v_ludmila/c_v_ludmila.mdl
L 01/05/2022 - 14:37:24: [tf2items_giveweapon.smx] [TF2Items GiveWeapon]2058_model: cannot find valid model models/custom/weapons/antehgen/urinejar.mdl, skipping
L 01/05/2022 - 14:37:24: [tf2items_giveweapon.smx] [TF2Items GiveWeapon]2058_viewmodel: cannot find valid model models/custom/weapons/antehgen/urinejar.mdl, skipping
L 01/05/2022 - 14:37:24: [tf2items_giveweapon.smx] [TF2Items GiveWeapon]2171_model: cannot find valid model models/advancedweaponiser/w_sickle_sniper.mdl, skipping
L 01/05/2022 - 14:37:24: [tf2items_giveweapon.smx] [TF2Items GiveWeapon]2171_viewmodel: cannot find valid model models/advancedweaponiser/w_sickle_sniper.mdl, skipping
L 01/05/2022 - 14:37:24: [tf2items_giveweapon.smx] [TF2Items GiveWeapon]2197_model: cannot find valid model models/custom/weapons/rebelscurse/c_wrench_v2.mdl, skipping
L 01/05/2022 - 14:37:24: [tf2items_giveweapon.smx] [TF2Items GiveWeapon]2197_viewmodel: cannot find valid model models/custom/weapons/rebelscurse/c_wrench_v2.mdl, skipping
L 01/05/2022 - 14:37:24: [tf2items_giveweapon.smx] [TF2Items GiveWeapon]2228_model: cannot find valid model models/advancedweaponiser/fbomb/c_fbomb.mdl, skipping
L 01/05/2022 - 14:37:24: [tf2items_giveweapon.smx] [TF2Items GiveWeapon]2228_viewmodel: cannot find valid model models/advancedweaponiser/fbomb/c_fbomb.mdl, skipping
L 01/05/2022 - 14:37:24: [tf2items_giveweapon.smx] [TF2Items GiveWeapon]5142_viewmodel: cannot find valid model models/custom/weapons/goldslinger/c_engineer_gunslinger.mdl, skipping
L 01/05/2022 - 14:37:25: [basecommands.smx] "Console<0><Console><Console>" changed cvar (cvar "nb_update_frequency") (value "0.03")
L 01/05/2022 - 14:37:25: [basecommands.smx] "Console<0><Console><Console>" changed cvar (cvar "fps_max") (value "0")
L 01/05/2022 - 14:37:25: [basecommands.smx] "Console<0><Console><Console>" changed cvar (cvar "mp_waitingforplayers_time") (value "45")
L 01/05/2022 - 14:37:30: [randomcycle.smx] RandomCycle has chosen cp_scourge_b4 for the nextmap.
L 01/05/2022 - 14:37:37: [fixtriggerexploits.smx] fixed trigger. ent: 648, iName: cap_c_capturetrigger
L 01/05/2022 - 14:38:19: [basecommands.smx] "jiim jaam<3><[U:1:109549249]><>" changed map to "plr_hightower"
L 01/05/2022 - 14:38:22: [SM] Changed map to "plr_hightower"
L 01/05/2022 - 14:38:23: -------- Mapchange to plr_hightower --------
L 01/05/2022 - 14:38:30: [tf2items_giveweapon.smx] [TF2Items GiveWeapon]2041_viewmodel: Preparing models/weapons/c_models/c_v_ludmila/c_v_ludmila.mdl
L 01/05/2022 - 14:38:30: [tf2items_giveweapon.smx] [TF2Items GiveWeapon]2058_model: cannot find valid model models/custom/weapons/antehgen/urinejar.mdl, skipping
L 01/05/2022 - 14:38:30: [tf2items_giveweapon.smx] [TF2Items GiveWeapon]2058_viewmodel: cannot find valid model models/custom/weapons/antehgen/urinejar.mdl, skipping
L 01/05/2022 - 14:38:30: [tf2items_giveweapon.smx] [TF2Items GiveWeapon]2171_model: cannot find valid model models/advancedweaponiser/w_sickle_sniper.mdl, skipping
L 01/05/2022 - 14:38:30: [tf2items_giveweapon.smx] [TF2Items GiveWeapon]2171_viewmodel: cannot find valid model models/advancedweaponiser/w_sickle_sniper.mdl, skipping
L 01/05/2022 - 14:38:30: [tf2items_giveweapon.smx] [TF2Items GiveWeapon]2197_model: cannot find valid model models/custom/weapons/rebelscurse/c_wrench_v2.mdl, skipping
L 01/05/2022 - 14:38:30: [tf2items_giveweapon.smx] [TF2Items GiveWeapon]2197_viewmodel: cannot find valid model models/custom/weapons/rebelscurse/c_wrench_v2.mdl, skipping
L 01/05/2022 - 14:38:30: [tf2items_giveweapon.smx] [TF2Items GiveWeapon]2228_model: cannot find valid model models/advancedweaponiser/fbomb/c_fbomb.mdl, skipping
L 01/05/2022 - 14:38:30: [tf2items_giveweapon.smx] [TF2Items GiveWeapon]2228_viewmodel: cannot find valid model models/advancedweaponiser/fbomb/c_fbomb.mdl, skipping
L 01/05/2022 - 14:38:30: [tf2items_giveweapon.smx] [TF2Items GiveWeapon]5142_viewmodel: cannot find valid model models/custom/weapons/goldslinger/c_engineer_gunslinger.mdl, skipping
L 01/05/2022 - 14:38:31: [basecommands.smx] "Console<0><Console><Console>" changed cvar (cvar "nb_update_frequency") (value "0.03")
L 01/05/2022 - 14:38:31: [basecommands.smx] "Console<0><Console><Console>" changed cvar (cvar "fps_max") (value "0")
L 01/05/2022 - 14:38:31: [basecommands.smx] "Console<0><Console><Console>" changed cvar (cvar "mp_waitingforplayers_time") (value "45")
L 01/05/2022 - 14:38:36: [randomcycle.smx] RandomCycle has chosen pd_watergate for the nextmap.
L 01/05/2022 - 15:35:29: [mapchooser.smx] Voting for next map has started.
L 01/05/2022 - 20:28:39: [auto_steam_update.smx] Received a master server restart request, and there are no players in the server. Restarting to update.
L 01/05/2022 - 20:28:40: Log file closed.
L 01/05/2022 - 20:28:43: [auto_steam_update.smx] Received a master server restart request, and there are no players in the server. Restarting to update.
L 01/05/2022 - 20:28:44: Log file closed.
L 01/05/2022 - 20:29:09: SourceMod log file session started (file "/home/tf2server/hlserver/tf2/tf/addons/sourcemod/logs/L20220105.log") (Version "1.10.0.6528")
L 01/05/2022 - 20:29:09: [TF2ITEMS] "GiveNamedItem" offset = 488
L 01/05/2022 - 20:29:09: [stac.smx] [StAC] File handle invalid!
L 01/05/2022 - 20:29:09: [auto_steam_update.smx] HUD text is supported on this mod. The persistant timer will display.
L 01/05/2022 - 20:29:09: [simple-chatprocessor.smx] [SCP] Recognized mod [Team Fortress 2].
L 01/05/2022 - 20:29:09: [simple-chatprocessor.smx] [SCP] Loading translation file [scp.tf.phrases].
L 01/05/2022 - 20:29:10: SourceMod log file session started (file "/home/tf2server/hlserver/tf2/tf/addons/sourcemod/logs/L20220105.log") (Version "1.10.0.6528")
L 01/05/2022 - 20:29:10: [TF2ITEMS] "GiveNamedItem" offset = 488
L 01/05/2022 - 20:29:10: [stac.smx] [StAC] File handle invalid!
L 01/05/2022 - 20:29:10: [auto_steam_update.smx] HUD text is supported on this mod. The persistant timer will display.
L 01/05/2022 - 20:29:10: [simple-chatprocessor.smx] [SCP] Recognized mod [Team Fortress 2].
L 01/05/2022 - 20:29:10: [simple-chatprocessor.smx] [SCP] Loading translation file [scp.tf.phrases].
L 01/05/2022 - 20:29:17: [tf2items_giveweapon.smx] [TF2Items GiveWeapon]2041_viewmodel: Preparing models/weapons/c_models/c_v_ludmila/c_v_ludmila.mdl
L 01/05/2022 - 20:29:17: [tf2items_giveweapon.smx] [TF2Items GiveWeapon]2058_model: cannot find valid model models/custom/weapons/antehgen/urinejar.mdl, skipping
L 01/05/2022 - 20:29:17: [tf2items_giveweapon.smx] [TF2Items GiveWeapon]2058_viewmodel: cannot find valid model models/custom/weapons/antehgen/urinejar.mdl, skipping
L 01/05/2022 - 20:29:17: [tf2items_giveweapon.smx] [TF2Items GiveWeapon]2171_model: cannot find valid model models/advancedweaponiser/w_sickle_sniper.mdl, skipping
L 01/05/2022 - 20:29:17: [tf2items_giveweapon.smx] [TF2Items GiveWeapon]2171_viewmodel: cannot find valid model models/advancedweaponiser/w_sickle_sniper.mdl, skipping
L 01/05/2022 - 20:29:17: [tf2items_giveweapon.smx] [TF2Items GiveWeapon]2197_model: cannot find valid model models/custom/weapons/rebelscurse/c_wrench_v2.mdl, skipping
L 01/05/2022 - 20:29:17: [tf2items_giveweapon.smx] [TF2Items GiveWeapon]2197_viewmodel: cannot find valid model models/custom/weapons/rebelscurse/c_wrench_v2.mdl, skipping
L 01/05/2022 - 20:29:17: [tf2items_giveweapon.smx] [TF2Items GiveWeapon]2228_model: cannot find valid model models/advancedweaponiser/fbomb/c_fbomb.mdl, skipping
L 01/05/2022 - 20:29:17: [tf2items_giveweapon.smx] [TF2Items GiveWeapon]2228_viewmodel: cannot find valid model models/advancedweaponiser/fbomb/c_fbomb.mdl, skipping
L 01/05/2022 - 20:29:17: [tf2items_giveweapon.smx] [TF2Items GiveWeapon]5142_viewmodel: cannot find valid model models/custom/weapons/goldslinger/c_engineer_gunslinger.mdl, skipping
L 01/05/2022 - 20:29:17: [tf2items_giveweapon.smx] [TF2Items GiveWeapon]2041_viewmodel: Preparing models/weapons/c_models/c_v_ludmila/c_v_ludmila.mdl
L 01/05/2022 - 20:29:17: [tf2items_giveweapon.smx] [TF2Items GiveWeapon]2058_model: cannot find valid model models/custom/weapons/antehgen/urinejar.mdl, skipping
L 01/05/2022 - 20:29:17: [tf2items_giveweapon.smx] [TF2Items GiveWeapon]2058_viewmodel: cannot find valid model models/custom/weapons/antehgen/urinejar.mdl, skipping
L 01/05/2022 - 20:29:17: [tf2items_giveweapon.smx] [TF2Items GiveWeapon]2171_model: cannot find valid model models/advancedweaponiser/w_sickle_sniper.mdl, skipping
L 01/05/2022 - 20:29:17: [tf2items_giveweapon.smx] [TF2Items GiveWeapon]2171_viewmodel: cannot find valid model models/advancedweaponiser/w_sickle_sniper.mdl, skipping
L 01/05/2022 - 20:29:17: [tf2items_giveweapon.smx] [TF2Items GiveWeapon]2197_model: cannot find valid model models/custom/weapons/rebelscurse/c_wrench_v2.mdl, skipping
L 01/05/2022 - 20:29:17: [tf2items_giveweapon.smx] [TF2Items GiveWeapon]2197_viewmodel: cannot find valid model models/custom/weapons/rebelscurse/c_wrench_v2.mdl, skipping
L 01/05/2022 - 20:29:17: [tf2items_giveweapon.smx] [TF2Items GiveWeapon]2228_model: cannot find valid model models/advancedweaponiser/fbomb/c_fbomb.mdl, skipping
L 01/05/2022 - 20:29:17: [tf2items_giveweapon.smx] [TF2Items GiveWeapon]2228_viewmodel: cannot find valid model models/advancedweaponiser/fbomb/c_fbomb.mdl, skipping
L 01/05/2022 - 20:29:17: [tf2items_giveweapon.smx] [TF2Items GiveWeapon]5142_viewmodel: cannot find valid model models/custom/weapons/goldslinger/c_engineer_gunslinger.mdl, skipping
L 01/05/2022 - 20:29:18: [basecommands.smx] "Console<0><Console><Console>" changed cvar (cvar "nb_update_frequency") (value "0.03")
L 01/05/2022 - 20:29:18: [basecommands.smx] "Console<0><Console><Console>" changed cvar (cvar "fps_max") (value "0")
L 01/05/2022 - 20:29:18: [basecommands.smx] "Console<0><Console><Console>" changed cvar (cvar "mp_waitingforplayers_time") (value "45")
L 01/05/2022 - 20:29:18: [basecommands.smx] "Console<0><Console><Console>" changed cvar (cvar "nb_update_frequency") (value "0.03")
L 01/05/2022 - 20:29:18: [basecommands.smx] "Console<0><Console><Console>" changed cvar (cvar "fps_max") (value "0")
L 01/05/2022 - 20:29:18: [basecommands.smx] "Console<0><Console><Console>" changed cvar (cvar "mp_waitingforplayers_time") (value "45")
L 01/05/2022 - 20:29:23: [randomcycle.smx] RandomCycle has chosen koth_king for the nextmap.
L 01/05/2022 - 20:29:23: [randomcycle.smx] RandomCycle has chosen workshop/koth_landfall.ugc2126546593 for the nextmap.
L 01/05/2022 - 21:26:16: [mapchooser.smx] Voting for next map has started.
L 01/05/2022 - 21:33:07: [mapchooser.smx] Voting for next map has started.
L 01/05/2022 - 23:08:00: [SM] Changed map to "cp_snakewater_final1"
L 01/05/2022 - 23:08:02: -------- Mapchange to cp_snakewater_final1 --------
L 01/05/2022 - 23:08:08: [tf2items_giveweapon.smx] [TF2Items GiveWeapon]2041_viewmodel: Preparing models/weapons/c_models/c_v_ludmila/c_v_ludmila.mdl
L 01/05/2022 - 23:08:08: [tf2items_giveweapon.smx] [TF2Items GiveWeapon]2058_model: cannot find valid model models/custom/weapons/antehgen/urinejar.mdl, skipping
L 01/05/2022 - 23:08:08: [tf2items_giveweapon.smx] [TF2Items GiveWeapon]2058_viewmodel: cannot find valid model models/custom/weapons/antehgen/urinejar.mdl, skipping
L 01/05/2022 - 23:08:08: [tf2items_giveweapon.smx] [TF2Items GiveWeapon]2171_model: cannot find valid model models/advancedweaponiser/w_sickle_sniper.mdl, skipping
L 01/05/2022 - 23:08:08: [tf2items_giveweapon.smx] [TF2Items GiveWeapon]2171_viewmodel: cannot find valid model models/advancedweaponiser/w_sickle_sniper.mdl, skipping
L 01/05/2022 - 23:08:08: [tf2items_giveweapon.smx] [TF2Items GiveWeapon]2197_model: cannot find valid model models/custom/weapons/rebelscurse/c_wrench_v2.mdl, skipping
L 01/05/2022 - 23:08:08: [tf2items_giveweapon.smx] [TF2Items GiveWeapon]2197_viewmodel: cannot find valid model models/custom/weapons/rebelscurse/c_wrench_v2.mdl, skipping
L 01/05/2022 - 23:08:08: [tf2items_giveweapon.smx] [TF2Items GiveWeapon]2228_model: cannot find valid model models/advancedweaponiser/fbomb/c_fbomb.mdl, skipping
L 01/05/2022 - 23:08:08: [tf2items_giveweapon.smx] [TF2Items GiveWeapon]2228_viewmodel: cannot find valid model models/advancedweaponiser/fbomb/c_fbomb.mdl, skipping
L 01/05/2022 - 23:08:08: [tf2items_giveweapon.smx] [TF2Items GiveWeapon]5142_viewmodel: cannot find valid model models/custom/weapons/goldslinger/c_engineer_gunslinger.mdl, skipping
L 01/05/2022 - 23:08:09: [basecommands.smx] "Console<0><Console><Console>" changed cvar (cvar "nb_update_frequency") (value "0.03")
L 01/05/2022 - 23:08:09: [basecommands.smx] "Console<0><Console><Console>" changed cvar (cvar "fps_max") (value "0")
L 01/05/2022 - 23:08:09: [basecommands.smx] "Console<0><Console><Console>" changed cvar (cvar "mp_waitingforplayers_time") (value "45")
L 01/05/2022 - 23:08:14: [randomcycle.smx] RandomCycle has chosen workshop/koth_databank.ugc2112251255 for the nextmap.
L 01/06/2022 - 00:05:07: Log file closed.
L 01/06/2022 - 19:03:07: Log file closed.
