L 04/11/2021 - 00:07:13: SourceMod log file session started (file "/hlserver/tf2/tf/addons/sourcemod/logs/L20210411.log") (Version "1.10.0.6490")
L 04/11/2021 - 00:07:13: [admincheats.smx] <Change The Formality><STEAM_0:1:63878318><70.181.156.20> was prevented from running cheat command 'wc_air_edit_further'
L 04/11/2021 - 04:00:23: [ScheduledShutdown.smx] Server shutdown warning.
L 04/11/2021 - 04:00:34: [ScheduledShutdown.smx] Server shutdown.
L 04/11/2021 - 04:00:34: [stac.smx] [StAC] File handle invalid!
L 04/11/2021 - 04:00:34: [stac.smx] [StAC] Plugin vers. ---- 4.1.17b ---- unloaded
L 04/11/2021 - 04:00:34: Log file closed.
L 04/11/2021 - 04:01:15: SourceMod log file session started (file "/hlserver/tf2/tf/addons/sourcemod/logs/L20210411.log") (Version "1.10.0.6490")
L 04/11/2021 - 04:01:15: [TF2ITEMS] "GiveNamedItem" offset = 484
L 04/11/2021 - 04:01:15: [auto_steam_update.smx] HUD text is supported on this mod. The persistant timer will display.
L 04/11/2021 - 04:01:15: [simple-chatprocessor.smx] [SCP] Recognized mod [Team Fortress 2].
L 04/11/2021 - 04:01:15: [simple-chatprocessor.smx] [SCP] Loading translation file [scp.tf.phrases].
L 04/11/2021 - 04:01:24: [tf2items_giveweapon.smx] [TF2Items GiveWeapon]2041_viewmodel: Preparing models/weapons/c_models/c_v_ludmila/c_v_ludmila.mdl
L 04/11/2021 - 04:01:24: [tf2items_giveweapon.smx] [TF2Items GiveWeapon]2058_model: cannot find valid model models/custom/weapons/antehgen/urinejar.mdl, skipping
L 04/11/2021 - 04:01:24: [tf2items_giveweapon.smx] [TF2Items GiveWeapon]2058_viewmodel: cannot find valid model models/custom/weapons/antehgen/urinejar.mdl, skipping
L 04/11/2021 - 04:01:24: [tf2items_giveweapon.smx] [TF2Items GiveWeapon]2171_model: cannot find valid model models/advancedweaponiser/w_sickle_sniper.mdl, skipping
L 04/11/2021 - 04:01:24: [tf2items_giveweapon.smx] [TF2Items GiveWeapon]2171_viewmodel: cannot find valid model models/advancedweaponiser/w_sickle_sniper.mdl, skipping
L 04/11/2021 - 04:01:24: [tf2items_giveweapon.smx] [TF2Items GiveWeapon]2197_model: cannot find valid model models/custom/weapons/rebelscurse/c_wrench_v2.mdl, skipping
L 04/11/2021 - 04:01:24: [tf2items_giveweapon.smx] [TF2Items GiveWeapon]2197_viewmodel: cannot find valid model models/custom/weapons/rebelscurse/c_wrench_v2.mdl, skipping
L 04/11/2021 - 04:01:24: [tf2items_giveweapon.smx] [TF2Items GiveWeapon]2228_model: cannot find valid model models/advancedweaponiser/fbomb/c_fbomb.mdl, skipping
L 04/11/2021 - 04:01:24: [tf2items_giveweapon.smx] [TF2Items GiveWeapon]2228_viewmodel: cannot find valid model models/advancedweaponiser/fbomb/c_fbomb.mdl, skipping
L 04/11/2021 - 04:01:24: [tf2items_giveweapon.smx] [TF2Items GiveWeapon]5142_viewmodel: cannot find valid model models/custom/weapons/goldslinger/c_engineer_gunslinger.mdl, skipping
L 04/11/2021 - 04:01:24: [basecommands.smx] "Console<0><Console><Console>" changed cvar (cvar "nb_update_frequency") (value "0.03")
L 04/12/2021 - 04:00:25: Log file closed.
