L 04/24/2021 - 04:00:52: SourceMod log file session started (file "/hlserver/tf2/tf/addons/sourcemod/logs/L20210424.log") (Version "1.10.0.6490")
L 04/24/2021 - 04:00:52: [ScheduledShutdown.smx] Server shutdown warning.
L 04/24/2021 - 04:01:02: [ScheduledShutdown.smx] Server shutdown.
L 04/24/2021 - 04:01:02: [stac.smx] [StAC] File handle invalid!
L 04/24/2021 - 04:01:02: [stac.smx] [StAC] Plugin vers. ---- 4.1.17b ---- unloaded
L 04/24/2021 - 04:01:03: Log file closed.
L 04/24/2021 - 04:01:44: SourceMod log file session started (file "/hlserver/tf2/tf/addons/sourcemod/logs/L20210424.log") (Version "1.10.0.6490")
L 04/24/2021 - 04:01:44: [TF2ITEMS] "GiveNamedItem" offset = 484
L 04/24/2021 - 04:01:44: [auto_steam_update.smx] HUD text is supported on this mod. The persistant timer will display.
L 04/24/2021 - 04:01:44: [simple-chatprocessor.smx] [SCP] Recognized mod [Team Fortress 2].
L 04/24/2021 - 04:01:44: [simple-chatprocessor.smx] [SCP] Loading translation file [scp.tf.phrases].
L 04/24/2021 - 04:01:53: [tf2items_giveweapon.smx] [TF2Items GiveWeapon]2041_viewmodel: Preparing models/weapons/c_models/c_v_ludmila/c_v_ludmila.mdl
L 04/24/2021 - 04:01:53: [tf2items_giveweapon.smx] [TF2Items GiveWeapon]2058_model: cannot find valid model models/custom/weapons/antehgen/urinejar.mdl, skipping
L 04/24/2021 - 04:01:53: [tf2items_giveweapon.smx] [TF2Items GiveWeapon]2058_viewmodel: cannot find valid model models/custom/weapons/antehgen/urinejar.mdl, skipping
L 04/24/2021 - 04:01:53: [tf2items_giveweapon.smx] [TF2Items GiveWeapon]2171_model: cannot find valid model models/advancedweaponiser/w_sickle_sniper.mdl, skipping
L 04/24/2021 - 04:01:53: [tf2items_giveweapon.smx] [TF2Items GiveWeapon]2171_viewmodel: cannot find valid model models/advancedweaponiser/w_sickle_sniper.mdl, skipping
L 04/24/2021 - 04:01:53: [tf2items_giveweapon.smx] [TF2Items GiveWeapon]2197_model: cannot find valid model models/custom/weapons/rebelscurse/c_wrench_v2.mdl, skipping
L 04/24/2021 - 04:01:53: [tf2items_giveweapon.smx] [TF2Items GiveWeapon]2197_viewmodel: cannot find valid model models/custom/weapons/rebelscurse/c_wrench_v2.mdl, skipping
L 04/24/2021 - 04:01:53: [tf2items_giveweapon.smx] [TF2Items GiveWeapon]2228_model: cannot find valid model models/advancedweaponiser/fbomb/c_fbomb.mdl, skipping
L 04/24/2021 - 04:01:53: [tf2items_giveweapon.smx] [TF2Items GiveWeapon]2228_viewmodel: cannot find valid model models/advancedweaponiser/fbomb/c_fbomb.mdl, skipping
L 04/24/2021 - 04:01:53: [tf2items_giveweapon.smx] [TF2Items GiveWeapon]5142_viewmodel: cannot find valid model models/custom/weapons/goldslinger/c_engineer_gunslinger.mdl, skipping
L 04/24/2021 - 04:01:54: [basecommands.smx] "Console<0><Console><Console>" changed cvar (cvar "nb_update_frequency") (value "0.03")
L 04/24/2021 - 20:51:53: [SM] Changed map to "arena_byre"
L 04/24/2021 - 20:51:54: [stac.smx] [StAC] File handle invalid!
L 04/24/2021 - 20:51:54: [stac.smx] [StAC] Plugin vers. ---- 4.1.17b ---- unloaded
L 04/24/2021 - 20:51:55: -------- Mapchange to arena_byre --------
L 04/24/2021 - 20:52:01: [tf2items_giveweapon.smx] [TF2Items GiveWeapon]2041_viewmodel: Preparing models/weapons/c_models/c_v_ludmila/c_v_ludmila.mdl
L 04/24/2021 - 20:52:01: [tf2items_giveweapon.smx] [TF2Items GiveWeapon]2058_model: cannot find valid model models/custom/weapons/antehgen/urinejar.mdl, skipping
L 04/24/2021 - 20:52:01: [tf2items_giveweapon.smx] [TF2Items GiveWeapon]2058_viewmodel: cannot find valid model models/custom/weapons/antehgen/urinejar.mdl, skipping
L 04/24/2021 - 20:52:01: [tf2items_giveweapon.smx] [TF2Items GiveWeapon]2171_model: cannot find valid model models/advancedweaponiser/w_sickle_sniper.mdl, skipping
L 04/24/2021 - 20:52:01: [tf2items_giveweapon.smx] [TF2Items GiveWeapon]2171_viewmodel: cannot find valid model models/advancedweaponiser/w_sickle_sniper.mdl, skipping
L 04/24/2021 - 20:52:01: [tf2items_giveweapon.smx] [TF2Items GiveWeapon]2197_model: cannot find valid model models/custom/weapons/rebelscurse/c_wrench_v2.mdl, skipping
L 04/24/2021 - 20:52:01: [tf2items_giveweapon.smx] [TF2Items GiveWeapon]2197_viewmodel: cannot find valid model models/custom/weapons/rebelscurse/c_wrench_v2.mdl, skipping
L 04/24/2021 - 20:52:01: [tf2items_giveweapon.smx] [TF2Items GiveWeapon]2228_model: cannot find valid model models/advancedweaponiser/fbomb/c_fbomb.mdl, skipping
L 04/24/2021 - 20:52:01: [tf2items_giveweapon.smx] [TF2Items GiveWeapon]2228_viewmodel: cannot find valid model models/advancedweaponiser/fbomb/c_fbomb.mdl, skipping
L 04/24/2021 - 20:52:01: [tf2items_giveweapon.smx] [TF2Items GiveWeapon]5142_viewmodel: cannot find valid model models/custom/weapons/goldslinger/c_engineer_gunslinger.mdl, skipping
L 04/24/2021 - 20:52:02: [basecommands.smx] "Console<0><Console><Console>" changed cvar (cvar "nb_update_frequency") (value "0.03")
L 04/24/2021 - 22:36:29: [basecommands.smx] "Console<0><Console><Console>" changed map to "plr_hightower"
L 04/24/2021 - 22:36:32: [SM] Changed map to "plr_hightower"
L 04/24/2021 - 22:36:33: -------- Mapchange to plr_hightower --------
L 04/24/2021 - 22:36:39: [tf2items_giveweapon.smx] [TF2Items GiveWeapon]2041_viewmodel: Preparing models/weapons/c_models/c_v_ludmila/c_v_ludmila.mdl
L 04/24/2021 - 22:36:39: [tf2items_giveweapon.smx] [TF2Items GiveWeapon]2058_model: cannot find valid model models/custom/weapons/antehgen/urinejar.mdl, skipping
L 04/24/2021 - 22:36:39: [tf2items_giveweapon.smx] [TF2Items GiveWeapon]2058_viewmodel: cannot find valid model models/custom/weapons/antehgen/urinejar.mdl, skipping
L 04/24/2021 - 22:36:39: [tf2items_giveweapon.smx] [TF2Items GiveWeapon]2171_model: cannot find valid model models/advancedweaponiser/w_sickle_sniper.mdl, skipping
L 04/24/2021 - 22:36:39: [tf2items_giveweapon.smx] [TF2Items GiveWeapon]2171_viewmodel: cannot find valid model models/advancedweaponiser/w_sickle_sniper.mdl, skipping
L 04/24/2021 - 22:36:39: [tf2items_giveweapon.smx] [TF2Items GiveWeapon]2197_model: cannot find valid model models/custom/weapons/rebelscurse/c_wrench_v2.mdl, skipping
L 04/24/2021 - 22:36:39: [tf2items_giveweapon.smx] [TF2Items GiveWeapon]2197_viewmodel: cannot find valid model models/custom/weapons/rebelscurse/c_wrench_v2.mdl, skipping
L 04/24/2021 - 22:36:39: [tf2items_giveweapon.smx] [TF2Items GiveWeapon]2228_model: cannot find valid model models/advancedweaponiser/fbomb/c_fbomb.mdl, skipping
L 04/24/2021 - 22:36:39: [tf2items_giveweapon.smx] [TF2Items GiveWeapon]2228_viewmodel: cannot find valid model models/advancedweaponiser/fbomb/c_fbomb.mdl, skipping
L 04/24/2021 - 22:36:39: [tf2items_giveweapon.smx] [TF2Items GiveWeapon]5142_viewmodel: cannot find valid model models/custom/weapons/goldslinger/c_engineer_gunslinger.mdl, skipping
L 04/24/2021 - 22:36:40: [basecommands.smx] "Console<0><Console><Console>" changed cvar (cvar "nb_update_frequency") (value "0.03")
L 04/25/2021 - 04:00:40: Log file closed.
