L 03/02/2021 - 04:00:31: SourceMod log file session started (file "/hlserver/tf2/tf/addons/sourcemod/logs/L20210302.log") (Version "1.10.0.6490")
L 03/02/2021 - 04:00:31: [ScheduledShutdown.smx] Server shutdown warning.
L 03/02/2021 - 04:00:41: [ScheduledShutdown.smx] Server shutdown.
L 03/02/2021 - 04:00:42: Log file closed.
L 03/02/2021 - 04:01:23: SourceMod log file session started (file "/hlserver/tf2/tf/addons/sourcemod/logs/L20210302.log") (Version "1.10.0.6490")
L 03/02/2021 - 04:01:23: [TF2ITEMS] "GiveNamedItem" offset = 484
L 03/02/2021 - 04:01:23: [auto_steam_update.smx] HUD text is supported on this mod. The persistant timer will display.
L 03/02/2021 - 04:01:23: [simple-chatprocessor.smx] [SCP] Recognized mod [Team Fortress 2].
L 03/02/2021 - 04:01:23: [simple-chatprocessor.smx] [SCP] Loading translation file [scp.tf.phrases].
L 03/02/2021 - 04:01:32: [tf2items_giveweapon.smx] [TF2Items GiveWeapon]2041_viewmodel: Preparing models/weapons/c_models/c_v_ludmila/c_v_ludmila.mdl
L 03/02/2021 - 04:01:32: [tf2items_giveweapon.smx] [TF2Items GiveWeapon]2058_model: cannot find valid model models/custom/weapons/antehgen/urinejar.mdl, skipping
L 03/02/2021 - 04:01:32: [tf2items_giveweapon.smx] [TF2Items GiveWeapon]2058_viewmodel: cannot find valid model models/custom/weapons/antehgen/urinejar.mdl, skipping
L 03/02/2021 - 04:01:32: [tf2items_giveweapon.smx] [TF2Items GiveWeapon]2171_model: cannot find valid model models/advancedweaponiser/w_sickle_sniper.mdl, skipping
L 03/02/2021 - 04:01:32: [tf2items_giveweapon.smx] [TF2Items GiveWeapon]2171_viewmodel: cannot find valid model models/advancedweaponiser/w_sickle_sniper.mdl, skipping
L 03/02/2021 - 04:01:32: [tf2items_giveweapon.smx] [TF2Items GiveWeapon]2197_model: cannot find valid model models/custom/weapons/rebelscurse/c_wrench_v2.mdl, skipping
L 03/02/2021 - 04:01:32: [tf2items_giveweapon.smx] [TF2Items GiveWeapon]2197_viewmodel: cannot find valid model models/custom/weapons/rebelscurse/c_wrench_v2.mdl, skipping
L 03/02/2021 - 04:01:32: [tf2items_giveweapon.smx] [TF2Items GiveWeapon]2228_model: cannot find valid model models/advancedweaponiser/fbomb/c_fbomb.mdl, skipping
L 03/02/2021 - 04:01:32: [tf2items_giveweapon.smx] [TF2Items GiveWeapon]2228_viewmodel: cannot find valid model models/advancedweaponiser/fbomb/c_fbomb.mdl, skipping
L 03/02/2021 - 04:01:32: [tf2items_giveweapon.smx] [TF2Items GiveWeapon]5142_viewmodel: cannot find valid model models/custom/weapons/goldslinger/c_engineer_gunslinger.mdl, skipping
L 03/02/2021 - 04:01:33: [basecommands.smx] "Console<0><Console><Console>" changed cvar (cvar "nb_update_frequency") (value "0.03")
L 03/02/2021 - 07:16:58: [basecommands.smx] "jiim jaam<4><[U:1:109549249]><>" changed map to "plr_hightower"
L 03/02/2021 - 07:17:01: [SM] Changed map to "plr_hightower"
L 03/02/2021 - 07:17:03: -------- Mapchange to plr_hightower --------
L 03/02/2021 - 07:17:08: [tf2items_giveweapon.smx] [TF2Items GiveWeapon]2041_viewmodel: Preparing models/weapons/c_models/c_v_ludmila/c_v_ludmila.mdl
L 03/02/2021 - 07:17:08: [tf2items_giveweapon.smx] [TF2Items GiveWeapon]2058_model: cannot find valid model models/custom/weapons/antehgen/urinejar.mdl, skipping
L 03/02/2021 - 07:17:08: [tf2items_giveweapon.smx] [TF2Items GiveWeapon]2058_viewmodel: cannot find valid model models/custom/weapons/antehgen/urinejar.mdl, skipping
L 03/02/2021 - 07:17:08: [tf2items_giveweapon.smx] [TF2Items GiveWeapon]2171_model: cannot find valid model models/advancedweaponiser/w_sickle_sniper.mdl, skipping
L 03/02/2021 - 07:17:08: [tf2items_giveweapon.smx] [TF2Items GiveWeapon]2171_viewmodel: cannot find valid model models/advancedweaponiser/w_sickle_sniper.mdl, skipping
L 03/02/2021 - 07:17:08: [tf2items_giveweapon.smx] [TF2Items GiveWeapon]2197_model: cannot find valid model models/custom/weapons/rebelscurse/c_wrench_v2.mdl, skipping
L 03/02/2021 - 07:17:08: [tf2items_giveweapon.smx] [TF2Items GiveWeapon]2197_viewmodel: cannot find valid model models/custom/weapons/rebelscurse/c_wrench_v2.mdl, skipping
L 03/02/2021 - 07:17:08: [tf2items_giveweapon.smx] [TF2Items GiveWeapon]2228_model: cannot find valid model models/advancedweaponiser/fbomb/c_fbomb.mdl, skipping
L 03/02/2021 - 07:17:08: [tf2items_giveweapon.smx] [TF2Items GiveWeapon]2228_viewmodel: cannot find valid model models/advancedweaponiser/fbomb/c_fbomb.mdl, skipping
L 03/02/2021 - 07:17:08: [tf2items_giveweapon.smx] [TF2Items GiveWeapon]5142_viewmodel: cannot find valid model models/custom/weapons/goldslinger/c_engineer_gunslinger.mdl, skipping
L 03/02/2021 - 07:17:09: [basecommands.smx] "Console<0><Console><Console>" changed cvar (cvar "nb_update_frequency") (value "0.03")
L 03/02/2021 - 07:18:00: [basecommands.smx] "jiim jaam<4><[U:1:109549249]><>" changed map to "plr_hightower"
L 03/02/2021 - 07:18:03: [SM] Changed map to "plr_hightower"
L 03/02/2021 - 07:18:04: -------- Mapchange to plr_hightower --------
L 03/02/2021 - 07:18:09: [tf2items_giveweapon.smx] [TF2Items GiveWeapon]2041_viewmodel: Preparing models/weapons/c_models/c_v_ludmila/c_v_ludmila.mdl
L 03/02/2021 - 07:18:09: [tf2items_giveweapon.smx] [TF2Items GiveWeapon]2058_model: cannot find valid model models/custom/weapons/antehgen/urinejar.mdl, skipping
L 03/02/2021 - 07:18:09: [tf2items_giveweapon.smx] [TF2Items GiveWeapon]2058_viewmodel: cannot find valid model models/custom/weapons/antehgen/urinejar.mdl, skipping
L 03/02/2021 - 07:18:09: [tf2items_giveweapon.smx] [TF2Items GiveWeapon]2171_model: cannot find valid model models/advancedweaponiser/w_sickle_sniper.mdl, skipping
L 03/02/2021 - 07:18:09: [tf2items_giveweapon.smx] [TF2Items GiveWeapon]2171_viewmodel: cannot find valid model models/advancedweaponiser/w_sickle_sniper.mdl, skipping
L 03/02/2021 - 07:18:09: [tf2items_giveweapon.smx] [TF2Items GiveWeapon]2197_model: cannot find valid model models/custom/weapons/rebelscurse/c_wrench_v2.mdl, skipping
L 03/02/2021 - 07:18:09: [tf2items_giveweapon.smx] [TF2Items GiveWeapon]2197_viewmodel: cannot find valid model models/custom/weapons/rebelscurse/c_wrench_v2.mdl, skipping
L 03/02/2021 - 07:18:09: [tf2items_giveweapon.smx] [TF2Items GiveWeapon]2228_model: cannot find valid model models/advancedweaponiser/fbomb/c_fbomb.mdl, skipping
L 03/02/2021 - 07:18:09: [tf2items_giveweapon.smx] [TF2Items GiveWeapon]2228_viewmodel: cannot find valid model models/advancedweaponiser/fbomb/c_fbomb.mdl, skipping
L 03/02/2021 - 07:18:09: [tf2items_giveweapon.smx] [TF2Items GiveWeapon]5142_viewmodel: cannot find valid model models/custom/weapons/goldslinger/c_engineer_gunslinger.mdl, skipping
L 03/02/2021 - 07:18:10: [basecommands.smx] "Console<0><Console><Console>" changed cvar (cvar "nb_update_frequency") (value "0.03")
L 03/03/2021 - 01:49:03: Log file closed.
