L 01/08/2022 - 00:44:14: SourceMod log file session started (file "/home/tf2server/hlserver/tf2/tf/addons/sourcemod/logs/L20220108.log") (Version "1.10.0.6528")
L 01/08/2022 - 00:44:14: [basecommands.smx] "jiim jaam<3><[U:1:109549249]><>" console command (cmdline "hostname")
L 01/08/2022 - 00:47:42: [admincheats.smx] <jiim jaam><STEAM_0:1:54774624><71.60.110.145> ran cheat command 'ent_create'
L 01/08/2022 - 01:02:16: [basecommands.smx] "jiim jaam<3><[U:1:109549249]><>" changed map to "pl_midwest_b51"
L 01/08/2022 - 01:02:19: [SM] Changed map to "pl_midwest_b51"
L 01/08/2022 - 01:02:22: -------- Mapchange to pl_midwest_b51 --------
L 01/08/2022 - 01:02:27: [tf2items_giveweapon.smx] [TF2Items GiveWeapon]2041_viewmodel: Preparing models/weapons/c_models/c_v_ludmila/c_v_ludmila.mdl
L 01/08/2022 - 01:02:27: [tf2items_giveweapon.smx] [TF2Items GiveWeapon]2058_model: cannot find valid model models/custom/weapons/antehgen/urinejar.mdl, skipping
L 01/08/2022 - 01:02:27: [tf2items_giveweapon.smx] [TF2Items GiveWeapon]2058_viewmodel: cannot find valid model models/custom/weapons/antehgen/urinejar.mdl, skipping
L 01/08/2022 - 01:02:27: [tf2items_giveweapon.smx] [TF2Items GiveWeapon]2171_model: cannot find valid model models/advancedweaponiser/w_sickle_sniper.mdl, skipping
L 01/08/2022 - 01:02:27: [tf2items_giveweapon.smx] [TF2Items GiveWeapon]2171_viewmodel: cannot find valid model models/advancedweaponiser/w_sickle_sniper.mdl, skipping
L 01/08/2022 - 01:02:27: [tf2items_giveweapon.smx] [TF2Items GiveWeapon]2197_model: cannot find valid model models/custom/weapons/rebelscurse/c_wrench_v2.mdl, skipping
L 01/08/2022 - 01:02:27: [tf2items_giveweapon.smx] [TF2Items GiveWeapon]2197_viewmodel: cannot find valid model models/custom/weapons/rebelscurse/c_wrench_v2.mdl, skipping
L 01/08/2022 - 01:02:27: [tf2items_giveweapon.smx] [TF2Items GiveWeapon]2228_model: cannot find valid model models/advancedweaponiser/fbomb/c_fbomb.mdl, skipping
L 01/08/2022 - 01:02:27: [tf2items_giveweapon.smx] [TF2Items GiveWeapon]2228_viewmodel: cannot find valid model models/advancedweaponiser/fbomb/c_fbomb.mdl, skipping
L 01/08/2022 - 01:02:27: [tf2items_giveweapon.smx] [TF2Items GiveWeapon]5142_viewmodel: cannot find valid model models/custom/weapons/goldslinger/c_engineer_gunslinger.mdl, skipping
L 01/08/2022 - 01:02:27: [basecommands.smx] "Console<0><Console><Console>" changed cvar (cvar "nb_update_frequency") (value "0.03")
L 01/08/2022 - 01:02:27: [basecommands.smx] "Console<0><Console><Console>" changed cvar (cvar "fps_max") (value "0")
L 01/08/2022 - 01:02:27: [basecommands.smx] "Console<0><Console><Console>" changed cvar (cvar "mp_waitingforplayers_time") (value "45")
L 01/08/2022 - 01:02:32: [randomcycle.smx] RandomCycle has chosen pl_badwater_pro_v12 for the nextmap.
L 01/08/2022 - 01:46:35: SourceMod log file session started (file "/home/tf2server/hlserver/tf2/tf/addons/sourcemod/logs/L20220108.log") (Version "1.10.0.6528")
L 01/08/2022 - 01:46:35: [TF2ITEMS] "GiveNamedItem" offset = 488
L 01/08/2022 - 01:46:36: SourceMod log file session started (file "/home/tf2server/hlserver/tf2/tf/addons/sourcemod/logs/L20220108.log") (Version "1.10.0.6528")
L 01/08/2022 - 01:46:36: [TF2ITEMS] "GiveNamedItem" offset = 488
L 01/08/2022 - 01:46:36: [stac.smx] [StAC] File handle invalid!
L 01/08/2022 - 01:46:36: [stac.smx] [StAC] File handle invalid!
L 01/08/2022 - 01:46:36: [auto_steam_update.smx] HUD text is supported on this mod. The persistant timer will display.
L 01/08/2022 - 01:46:36: [simple-chatprocessor.smx] [SCP] Recognized mod [Team Fortress 2].
L 01/08/2022 - 01:46:36: [simple-chatprocessor.smx] [SCP] Loading translation file [scp.tf.phrases].
L 01/08/2022 - 01:46:36: [auto_steam_update.smx] HUD text is supported on this mod. The persistant timer will display.
L 01/08/2022 - 01:46:36: [simple-chatprocessor.smx] [SCP] Recognized mod [Team Fortress 2].
L 01/08/2022 - 01:46:36: [simple-chatprocessor.smx] [SCP] Loading translation file [scp.tf.phrases].
L 01/08/2022 - 01:46:43: [tf2items_giveweapon.smx] [TF2Items GiveWeapon]2041_viewmodel: Preparing models/weapons/c_models/c_v_ludmila/c_v_ludmila.mdl
L 01/08/2022 - 01:46:43: [tf2items_giveweapon.smx] [TF2Items GiveWeapon]2058_model: cannot find valid model models/custom/weapons/antehgen/urinejar.mdl, skipping
L 01/08/2022 - 01:46:43: [tf2items_giveweapon.smx] [TF2Items GiveWeapon]2058_viewmodel: cannot find valid model models/custom/weapons/antehgen/urinejar.mdl, skipping
L 01/08/2022 - 01:46:43: [tf2items_giveweapon.smx] [TF2Items GiveWeapon]2171_model: cannot find valid model models/advancedweaponiser/w_sickle_sniper.mdl, skipping
L 01/08/2022 - 01:46:43: [tf2items_giveweapon.smx] [TF2Items GiveWeapon]2171_viewmodel: cannot find valid model models/advancedweaponiser/w_sickle_sniper.mdl, skipping
L 01/08/2022 - 01:46:43: [tf2items_giveweapon.smx] [TF2Items GiveWeapon]2197_model: cannot find valid model models/custom/weapons/rebelscurse/c_wrench_v2.mdl, skipping
L 01/08/2022 - 01:46:43: [tf2items_giveweapon.smx] [TF2Items GiveWeapon]2197_viewmodel: cannot find valid model models/custom/weapons/rebelscurse/c_wrench_v2.mdl, skipping
L 01/08/2022 - 01:46:43: [tf2items_giveweapon.smx] [TF2Items GiveWeapon]2228_model: cannot find valid model models/advancedweaponiser/fbomb/c_fbomb.mdl, skipping
L 01/08/2022 - 01:46:43: [tf2items_giveweapon.smx] [TF2Items GiveWeapon]2228_viewmodel: cannot find valid model models/advancedweaponiser/fbomb/c_fbomb.mdl, skipping
L 01/08/2022 - 01:46:43: [tf2items_giveweapon.smx] [TF2Items GiveWeapon]5142_viewmodel: cannot find valid model models/custom/weapons/goldslinger/c_engineer_gunslinger.mdl, skipping
L 01/08/2022 - 01:46:43: [tf2items_giveweapon.smx] [TF2Items GiveWeapon]2041_viewmodel: Preparing models/weapons/c_models/c_v_ludmila/c_v_ludmila.mdl
L 01/08/2022 - 01:46:43: [tf2items_giveweapon.smx] [TF2Items GiveWeapon]2058_model: cannot find valid model models/custom/weapons/antehgen/urinejar.mdl, skipping
L 01/08/2022 - 01:46:43: [tf2items_giveweapon.smx] [TF2Items GiveWeapon]2058_viewmodel: cannot find valid model models/custom/weapons/antehgen/urinejar.mdl, skipping
L 01/08/2022 - 01:46:43: [tf2items_giveweapon.smx] [TF2Items GiveWeapon]2171_model: cannot find valid model models/advancedweaponiser/w_sickle_sniper.mdl, skipping
L 01/08/2022 - 01:46:43: [tf2items_giveweapon.smx] [TF2Items GiveWeapon]2171_viewmodel: cannot find valid model models/advancedweaponiser/w_sickle_sniper.mdl, skipping
L 01/08/2022 - 01:46:43: [tf2items_giveweapon.smx] [TF2Items GiveWeapon]2197_model: cannot find valid model models/custom/weapons/rebelscurse/c_wrench_v2.mdl, skipping
L 01/08/2022 - 01:46:43: [tf2items_giveweapon.smx] [TF2Items GiveWeapon]2197_viewmodel: cannot find valid model models/custom/weapons/rebelscurse/c_wrench_v2.mdl, skipping
L 01/08/2022 - 01:46:43: [tf2items_giveweapon.smx] [TF2Items GiveWeapon]2228_model: cannot find valid model models/advancedweaponiser/fbomb/c_fbomb.mdl, skipping
L 01/08/2022 - 01:46:43: [tf2items_giveweapon.smx] [TF2Items GiveWeapon]2228_viewmodel: cannot find valid model models/advancedweaponiser/fbomb/c_fbomb.mdl, skipping
L 01/08/2022 - 01:46:43: [tf2items_giveweapon.smx] [TF2Items GiveWeapon]5142_viewmodel: cannot find valid model models/custom/weapons/goldslinger/c_engineer_gunslinger.mdl, skipping
L 01/08/2022 - 01:46:43: [basecommands.smx] "Console<0><Console><Console>" changed cvar (cvar "nb_update_frequency") (value "0.03")
L 01/08/2022 - 01:46:43: [basecommands.smx] "Console<0><Console><Console>" changed cvar (cvar "fps_max") (value "0")
L 01/08/2022 - 01:46:43: [basecommands.smx] "Console<0><Console><Console>" changed cvar (cvar "mp_waitingforplayers_time") (value "45")
L 01/08/2022 - 01:46:43: [basecommands.smx] "Console<0><Console><Console>" changed cvar (cvar "nb_update_frequency") (value "0.03")
L 01/08/2022 - 01:46:43: [basecommands.smx] "Console<0><Console><Console>" changed cvar (cvar "fps_max") (value "0")
L 01/08/2022 - 01:46:43: [basecommands.smx] "Console<0><Console><Console>" changed cvar (cvar "mp_waitingforplayers_time") (value "45")
L 01/08/2022 - 01:46:49: [randomcycle.smx] RandomCycle has chosen cp_mountainlab for the nextmap.
L 01/08/2022 - 01:46:49: [randomcycle.smx] RandomCycle has chosen arena_nucleus for the nextmap.
L 01/08/2022 - 02:43:40: [mapchooser.smx] Voting for next map has started.
L 01/08/2022 - 03:16:54: [mapchooser.smx] Voting for next map has started.
L 01/08/2022 - 03:18:14: [SM] Changed map to "cp_mossrock"
L 01/08/2022 - 03:18:16: -------- Mapchange to cp_mossrock --------
L 01/08/2022 - 03:18:21: [tf2items_giveweapon.smx] [TF2Items GiveWeapon]2041_viewmodel: Preparing models/weapons/c_models/c_v_ludmila/c_v_ludmila.mdl
L 01/08/2022 - 03:18:21: [tf2items_giveweapon.smx] [TF2Items GiveWeapon]2058_model: cannot find valid model models/custom/weapons/antehgen/urinejar.mdl, skipping
L 01/08/2022 - 03:18:21: [tf2items_giveweapon.smx] [TF2Items GiveWeapon]2058_viewmodel: cannot find valid model models/custom/weapons/antehgen/urinejar.mdl, skipping
L 01/08/2022 - 03:18:21: [tf2items_giveweapon.smx] [TF2Items GiveWeapon]2171_model: cannot find valid model models/advancedweaponiser/w_sickle_sniper.mdl, skipping
L 01/08/2022 - 03:18:21: [tf2items_giveweapon.smx] [TF2Items GiveWeapon]2171_viewmodel: cannot find valid model models/advancedweaponiser/w_sickle_sniper.mdl, skipping
L 01/08/2022 - 03:18:21: [tf2items_giveweapon.smx] [TF2Items GiveWeapon]2197_model: cannot find valid model models/custom/weapons/rebelscurse/c_wrench_v2.mdl, skipping
L 01/08/2022 - 03:18:21: [tf2items_giveweapon.smx] [TF2Items GiveWeapon]2197_viewmodel: cannot find valid model models/custom/weapons/rebelscurse/c_wrench_v2.mdl, skipping
L 01/08/2022 - 03:18:21: [tf2items_giveweapon.smx] [TF2Items GiveWeapon]2228_model: cannot find valid model models/advancedweaponiser/fbomb/c_fbomb.mdl, skipping
L 01/08/2022 - 03:18:21: [tf2items_giveweapon.smx] [TF2Items GiveWeapon]2228_viewmodel: cannot find valid model models/advancedweaponiser/fbomb/c_fbomb.mdl, skipping
L 01/08/2022 - 03:18:21: [tf2items_giveweapon.smx] [TF2Items GiveWeapon]5142_viewmodel: cannot find valid model models/custom/weapons/goldslinger/c_engineer_gunslinger.mdl, skipping
L 01/08/2022 - 03:18:23: [basecommands.smx] "Console<0><Console><Console>" changed cvar (cvar "nb_update_frequency") (value "0.03")
L 01/08/2022 - 03:18:23: [basecommands.smx] "Console<0><Console><Console>" changed cvar (cvar "fps_max") (value "0")
L 01/08/2022 - 03:18:23: [basecommands.smx] "Console<0><Console><Console>" changed cvar (cvar "mp_waitingforplayers_time") (value "45")
L 01/08/2022 - 03:18:28: [randomcycle.smx] RandomCycle has chosen koth_lazarus for the nextmap.
L 01/08/2022 - 04:15:21: [mapchooser.smx] Voting for next map has started.
L 01/08/2022 - 13:41:34: [SM] Changed map to "workshop/koth_offblast_rc4.ugc2125714706"
L 01/08/2022 - 13:41:36: -------- Mapchange to workshop/koth_offblast_rc4.ugc2125714706 --------
L 01/08/2022 - 13:41:43: [tf2items_giveweapon.smx] [TF2Items GiveWeapon]2041_viewmodel: Preparing models/weapons/c_models/c_v_ludmila/c_v_ludmila.mdl
L 01/08/2022 - 13:41:43: [tf2items_giveweapon.smx] [TF2Items GiveWeapon]2058_model: cannot find valid model models/custom/weapons/antehgen/urinejar.mdl, skipping
L 01/08/2022 - 13:41:43: [tf2items_giveweapon.smx] [TF2Items GiveWeapon]2058_viewmodel: cannot find valid model models/custom/weapons/antehgen/urinejar.mdl, skipping
L 01/08/2022 - 13:41:43: [tf2items_giveweapon.smx] [TF2Items GiveWeapon]2171_model: cannot find valid model models/advancedweaponiser/w_sickle_sniper.mdl, skipping
L 01/08/2022 - 13:41:43: [tf2items_giveweapon.smx] [TF2Items GiveWeapon]2171_viewmodel: cannot find valid model models/advancedweaponiser/w_sickle_sniper.mdl, skipping
L 01/08/2022 - 13:41:43: [tf2items_giveweapon.smx] [TF2Items GiveWeapon]2197_model: cannot find valid model models/custom/weapons/rebelscurse/c_wrench_v2.mdl, skipping
L 01/08/2022 - 13:41:43: [tf2items_giveweapon.smx] [TF2Items GiveWeapon]2197_viewmodel: cannot find valid model models/custom/weapons/rebelscurse/c_wrench_v2.mdl, skipping
L 01/08/2022 - 13:41:43: [tf2items_giveweapon.smx] [TF2Items GiveWeapon]2228_model: cannot find valid model models/advancedweaponiser/fbomb/c_fbomb.mdl, skipping
L 01/08/2022 - 13:41:43: [tf2items_giveweapon.smx] [TF2Items GiveWeapon]2228_viewmodel: cannot find valid model models/advancedweaponiser/fbomb/c_fbomb.mdl, skipping
L 01/08/2022 - 13:41:43: [tf2items_giveweapon.smx] [TF2Items GiveWeapon]5142_viewmodel: cannot find valid model models/custom/weapons/goldslinger/c_engineer_gunslinger.mdl, skipping
L 01/08/2022 - 13:41:44: [basecommands.smx] "Console<0><Console><Console>" changed cvar (cvar "nb_update_frequency") (value "0.03")
L 01/08/2022 - 13:41:44: [basecommands.smx] "Console<0><Console><Console>" changed cvar (cvar "fps_max") (value "0")
L 01/08/2022 - 13:41:44: [basecommands.smx] "Console<0><Console><Console>" changed cvar (cvar "mp_waitingforplayers_time") (value "45")
L 01/08/2022 - 13:41:49: [randomcycle.smx] RandomCycle has chosen sd_doomsday for the nextmap.
L 01/08/2022 - 14:38:42: [mapchooser.smx] Voting for next map has started.
L 01/08/2022 - 18:23:31: SourceMod log file session started (file "/home/tf2server/hlserver/tf2/tf/addons/sourcemod/logs/L20220108.log") (Version "1.10.0.6528")
L 01/08/2022 - 18:23:31: [TF2ITEMS] "GiveNamedItem" offset = 488
L 01/08/2022 - 18:23:31: [stac.smx] [StAC] File handle invalid!
L 01/08/2022 - 18:23:31: [auto_steam_update.smx] HUD text is supported on this mod. The persistant timer will display.
L 01/08/2022 - 18:23:31: [simple-chatprocessor.smx] [SCP] Recognized mod [Team Fortress 2].
L 01/08/2022 - 18:23:31: [simple-chatprocessor.smx] [SCP] Loading translation file [scp.tf.phrases].
L 01/08/2022 - 18:23:33: SourceMod log file session started (file "/home/tf2server/hlserver/tf2/tf/addons/sourcemod/logs/L20220108.log") (Version "1.10.0.6528")
L 01/08/2022 - 18:23:33: [TF2ITEMS] "GiveNamedItem" offset = 488
L 01/08/2022 - 18:23:33: [stac.smx] [StAC] File handle invalid!
L 01/08/2022 - 18:23:33: [auto_steam_update.smx] HUD text is supported on this mod. The persistant timer will display.
L 01/08/2022 - 18:23:33: [simple-chatprocessor.smx] [SCP] Recognized mod [Team Fortress 2].
L 01/08/2022 - 18:23:33: [simple-chatprocessor.smx] [SCP] Loading translation file [scp.tf.phrases].
L 01/08/2022 - 18:23:42: [tf2items_giveweapon.smx] [TF2Items GiveWeapon]2041_viewmodel: Preparing models/weapons/c_models/c_v_ludmila/c_v_ludmila.mdl
L 01/08/2022 - 18:23:42: [tf2items_giveweapon.smx] [TF2Items GiveWeapon]2058_model: cannot find valid model models/custom/weapons/antehgen/urinejar.mdl, skipping
L 01/08/2022 - 18:23:42: [tf2items_giveweapon.smx] [TF2Items GiveWeapon]2058_viewmodel: cannot find valid model models/custom/weapons/antehgen/urinejar.mdl, skipping
L 01/08/2022 - 18:23:42: [tf2items_giveweapon.smx] [TF2Items GiveWeapon]2171_model: cannot find valid model models/advancedweaponiser/w_sickle_sniper.mdl, skipping
L 01/08/2022 - 18:23:42: [tf2items_giveweapon.smx] [TF2Items GiveWeapon]2171_viewmodel: cannot find valid model models/advancedweaponiser/w_sickle_sniper.mdl, skipping
L 01/08/2022 - 18:23:42: [tf2items_giveweapon.smx] [TF2Items GiveWeapon]2197_model: cannot find valid model models/custom/weapons/rebelscurse/c_wrench_v2.mdl, skipping
L 01/08/2022 - 18:23:42: [tf2items_giveweapon.smx] [TF2Items GiveWeapon]2197_viewmodel: cannot find valid model models/custom/weapons/rebelscurse/c_wrench_v2.mdl, skipping
L 01/08/2022 - 18:23:42: [tf2items_giveweapon.smx] [TF2Items GiveWeapon]2228_model: cannot find valid model models/advancedweaponiser/fbomb/c_fbomb.mdl, skipping
L 01/08/2022 - 18:23:42: [tf2items_giveweapon.smx] [TF2Items GiveWeapon]2228_viewmodel: cannot find valid model models/advancedweaponiser/fbomb/c_fbomb.mdl, skipping
L 01/08/2022 - 18:23:42: [tf2items_giveweapon.smx] [TF2Items GiveWeapon]5142_viewmodel: cannot find valid model models/custom/weapons/goldslinger/c_engineer_gunslinger.mdl, skipping
L 01/08/2022 - 18:23:42: [tf2items_giveweapon.smx] [TF2Items GiveWeapon]2041_viewmodel: Preparing models/weapons/c_models/c_v_ludmila/c_v_ludmila.mdl
L 01/08/2022 - 18:23:42: [tf2items_giveweapon.smx] [TF2Items GiveWeapon]2058_model: cannot find valid model models/custom/weapons/antehgen/urinejar.mdl, skipping
L 01/08/2022 - 18:23:42: [tf2items_giveweapon.smx] [TF2Items GiveWeapon]2058_viewmodel: cannot find valid model models/custom/weapons/antehgen/urinejar.mdl, skipping
L 01/08/2022 - 18:23:42: [tf2items_giveweapon.smx] [TF2Items GiveWeapon]2171_model: cannot find valid model models/advancedweaponiser/w_sickle_sniper.mdl, skipping
L 01/08/2022 - 18:23:42: [tf2items_giveweapon.smx] [TF2Items GiveWeapon]2171_viewmodel: cannot find valid model models/advancedweaponiser/w_sickle_sniper.mdl, skipping
L 01/08/2022 - 18:23:42: [tf2items_giveweapon.smx] [TF2Items GiveWeapon]2197_model: cannot find valid model models/custom/weapons/rebelscurse/c_wrench_v2.mdl, skipping
L 01/08/2022 - 18:23:42: [tf2items_giveweapon.smx] [TF2Items GiveWeapon]2197_viewmodel: cannot find valid model models/custom/weapons/rebelscurse/c_wrench_v2.mdl, skipping
L 01/08/2022 - 18:23:42: [tf2items_giveweapon.smx] [TF2Items GiveWeapon]2228_model: cannot find valid model models/advancedweaponiser/fbomb/c_fbomb.mdl, skipping
L 01/08/2022 - 18:23:42: [tf2items_giveweapon.smx] [TF2Items GiveWeapon]2228_viewmodel: cannot find valid model models/advancedweaponiser/fbomb/c_fbomb.mdl, skipping
L 01/08/2022 - 18:23:42: [tf2items_giveweapon.smx] [TF2Items GiveWeapon]5142_viewmodel: cannot find valid model models/custom/weapons/goldslinger/c_engineer_gunslinger.mdl, skipping
L 01/08/2022 - 18:23:43: [basecommands.smx] "Console<0><Console><Console>" changed cvar (cvar "nb_update_frequency") (value "0.03")
L 01/08/2022 - 18:23:43: [basecommands.smx] "Console<0><Console><Console>" changed cvar (cvar "fps_max") (value "0")
L 01/08/2022 - 18:23:43: [basecommands.smx] "Console<0><Console><Console>" changed cvar (cvar "mp_waitingforplayers_time") (value "45")
L 01/08/2022 - 18:23:43: [basecommands.smx] "Console<0><Console><Console>" changed cvar (cvar "nb_update_frequency") (value "0.03")
L 01/08/2022 - 18:23:43: [basecommands.smx] "Console<0><Console><Console>" changed cvar (cvar "fps_max") (value "0")
L 01/08/2022 - 18:23:43: [basecommands.smx] "Console<0><Console><Console>" changed cvar (cvar "mp_waitingforplayers_time") (value "45")
L 01/08/2022 - 18:23:47: [randomcycle.smx] RandomCycle has chosen workshop/koth_synthetic.ugc1549817316 for the nextmap.
L 01/08/2022 - 18:23:47: [randomcycle.smx] RandomCycle has chosen koth_cascade for the nextmap.
L 01/08/2022 - 19:20:40: [mapchooser.smx] Voting for next map has started.
L 01/08/2022 - 19:20:40: [mapchooser.smx] Voting for next map has started.
L 01/09/2022 - 23:47:04: Log file closed.
