L 02/09/2021 - 04:00:09: SourceMod log file session started (file "/hlserver/tf2/tf/addons/sourcemod/logs/L20210209.log") (Version "1.10.0.6490")
L 02/09/2021 - 04:00:09: [ScheduledShutdown.smx] Server shutdown warning.
L 02/09/2021 - 04:00:19: [ScheduledShutdown.smx] Server shutdown.
L 02/09/2021 - 04:00:20: Log file closed.
L 02/09/2021 - 04:00:43: SourceMod log file session started (file "/hlserver/tf2/tf/addons/sourcemod/logs/L20210209.log") (Version "1.10.0.6490")
L 02/09/2021 - 04:00:43: [TF2ITEMS] "GiveNamedItem" offset = 484
L 02/09/2021 - 04:00:43: [auto_steam_update.smx] HUD text is supported on this mod. The persistant timer will display.
L 02/09/2021 - 04:00:43: [simple-chatprocessor.smx] [SCP] Recognized mod [Team Fortress 2].
L 02/09/2021 - 04:00:43: [simple-chatprocessor.smx] [SCP] Loading translation file [scp.tf.phrases].
L 02/09/2021 - 04:00:52: [tf2items_giveweapon.smx] [TF2Items GiveWeapon]2041_viewmodel: Preparing models/weapons/c_models/c_v_ludmila/c_v_ludmila.mdl
L 02/09/2021 - 04:00:52: [tf2items_giveweapon.smx] [TF2Items GiveWeapon]2058_model: cannot find valid model models/custom/weapons/antehgen/urinejar.mdl, skipping
L 02/09/2021 - 04:00:52: [tf2items_giveweapon.smx] [TF2Items GiveWeapon]2058_viewmodel: cannot find valid model models/custom/weapons/antehgen/urinejar.mdl, skipping
L 02/09/2021 - 04:00:52: [tf2items_giveweapon.smx] [TF2Items GiveWeapon]2171_model: cannot find valid model models/advancedweaponiser/w_sickle_sniper.mdl, skipping
L 02/09/2021 - 04:00:52: [tf2items_giveweapon.smx] [TF2Items GiveWeapon]2171_viewmodel: cannot find valid model models/advancedweaponiser/w_sickle_sniper.mdl, skipping
L 02/09/2021 - 04:00:52: [tf2items_giveweapon.smx] [TF2Items GiveWeapon]2197_model: cannot find valid model models/custom/weapons/rebelscurse/c_wrench_v2.mdl, skipping
L 02/09/2021 - 04:00:52: [tf2items_giveweapon.smx] [TF2Items GiveWeapon]2197_viewmodel: cannot find valid model models/custom/weapons/rebelscurse/c_wrench_v2.mdl, skipping
L 02/09/2021 - 04:00:52: [tf2items_giveweapon.smx] [TF2Items GiveWeapon]2228_model: cannot find valid model models/advancedweaponiser/fbomb/c_fbomb.mdl, skipping
L 02/09/2021 - 04:00:52: [tf2items_giveweapon.smx] [TF2Items GiveWeapon]2228_viewmodel: cannot find valid model models/advancedweaponiser/fbomb/c_fbomb.mdl, skipping
L 02/09/2021 - 04:00:52: [tf2items_giveweapon.smx] [TF2Items GiveWeapon]5142_viewmodel: cannot find valid model models/custom/weapons/goldslinger/c_engineer_gunslinger.mdl, skipping
L 02/09/2021 - 04:00:53: [basecommands.smx] "Console<0><Console><Console>" changed cvar (cvar "nb_update_frequency") (value "0.03")
L 02/09/2021 - 04:01:53: [ScheduledShutdown.smx] Server shutdown warning.
L 02/09/2021 - 04:02:03: [ScheduledShutdown.smx] Server shutdown.
L 02/09/2021 - 04:02:04: Log file closed.
L 02/09/2021 - 04:02:17: SourceMod log file session started (file "/hlserver/tf2/tf/addons/sourcemod/logs/L20210209.log") (Version "1.10.0.6490")
L 02/09/2021 - 04:02:17: [TF2ITEMS] "GiveNamedItem" offset = 484
L 02/09/2021 - 04:02:17: [auto_steam_update.smx] HUD text is supported on this mod. The persistant timer will display.
L 02/09/2021 - 04:02:17: [simple-chatprocessor.smx] [SCP] Recognized mod [Team Fortress 2].
L 02/09/2021 - 04:02:17: [simple-chatprocessor.smx] [SCP] Loading translation file [scp.tf.phrases].
L 02/09/2021 - 04:02:25: [tf2items_giveweapon.smx] [TF2Items GiveWeapon]2041_viewmodel: Preparing models/weapons/c_models/c_v_ludmila/c_v_ludmila.mdl
L 02/09/2021 - 04:02:25: [tf2items_giveweapon.smx] [TF2Items GiveWeapon]2058_model: cannot find valid model models/custom/weapons/antehgen/urinejar.mdl, skipping
L 02/09/2021 - 04:02:25: [tf2items_giveweapon.smx] [TF2Items GiveWeapon]2058_viewmodel: cannot find valid model models/custom/weapons/antehgen/urinejar.mdl, skipping
L 02/09/2021 - 04:02:25: [tf2items_giveweapon.smx] [TF2Items GiveWeapon]2171_model: cannot find valid model models/advancedweaponiser/w_sickle_sniper.mdl, skipping
L 02/09/2021 - 04:02:25: [tf2items_giveweapon.smx] [TF2Items GiveWeapon]2171_viewmodel: cannot find valid model models/advancedweaponiser/w_sickle_sniper.mdl, skipping
L 02/09/2021 - 04:02:25: [tf2items_giveweapon.smx] [TF2Items GiveWeapon]2197_model: cannot find valid model models/custom/weapons/rebelscurse/c_wrench_v2.mdl, skipping
L 02/09/2021 - 04:02:25: [tf2items_giveweapon.smx] [TF2Items GiveWeapon]2197_viewmodel: cannot find valid model models/custom/weapons/rebelscurse/c_wrench_v2.mdl, skipping
L 02/09/2021 - 04:02:25: [tf2items_giveweapon.smx] [TF2Items GiveWeapon]2228_model: cannot find valid model models/advancedweaponiser/fbomb/c_fbomb.mdl, skipping
L 02/09/2021 - 04:02:25: [tf2items_giveweapon.smx] [TF2Items GiveWeapon]2228_viewmodel: cannot find valid model models/advancedweaponiser/fbomb/c_fbomb.mdl, skipping
L 02/09/2021 - 04:02:25: [tf2items_giveweapon.smx] [TF2Items GiveWeapon]5142_viewmodel: cannot find valid model models/custom/weapons/goldslinger/c_engineer_gunslinger.mdl, skipping
L 02/09/2021 - 04:02:25: [basecommands.smx] "Console<0><Console><Console>" changed cvar (cvar "nb_update_frequency") (value "0.03")
L 02/09/2021 - 22:20:20: [SM] Changed map to "cp_mossrock"
L 02/09/2021 - 22:20:22: -------- Mapchange to cp_mossrock --------
L 02/09/2021 - 22:20:27: [tf2items_giveweapon.smx] [TF2Items GiveWeapon]2041_viewmodel: Preparing models/weapons/c_models/c_v_ludmila/c_v_ludmila.mdl
L 02/09/2021 - 22:20:27: [tf2items_giveweapon.smx] [TF2Items GiveWeapon]2058_model: cannot find valid model models/custom/weapons/antehgen/urinejar.mdl, skipping
L 02/09/2021 - 22:20:27: [tf2items_giveweapon.smx] [TF2Items GiveWeapon]2058_viewmodel: cannot find valid model models/custom/weapons/antehgen/urinejar.mdl, skipping
L 02/09/2021 - 22:20:27: [tf2items_giveweapon.smx] [TF2Items GiveWeapon]2171_model: cannot find valid model models/advancedweaponiser/w_sickle_sniper.mdl, skipping
L 02/09/2021 - 22:20:27: [tf2items_giveweapon.smx] [TF2Items GiveWeapon]2171_viewmodel: cannot find valid model models/advancedweaponiser/w_sickle_sniper.mdl, skipping
L 02/09/2021 - 22:20:27: [tf2items_giveweapon.smx] [TF2Items GiveWeapon]2197_model: cannot find valid model models/custom/weapons/rebelscurse/c_wrench_v2.mdl, skipping
L 02/09/2021 - 22:20:27: [tf2items_giveweapon.smx] [TF2Items GiveWeapon]2197_viewmodel: cannot find valid model models/custom/weapons/rebelscurse/c_wrench_v2.mdl, skipping
L 02/09/2021 - 22:20:27: [tf2items_giveweapon.smx] [TF2Items GiveWeapon]2228_model: cannot find valid model models/advancedweaponiser/fbomb/c_fbomb.mdl, skipping
L 02/09/2021 - 22:20:27: [tf2items_giveweapon.smx] [TF2Items GiveWeapon]2228_viewmodel: cannot find valid model models/advancedweaponiser/fbomb/c_fbomb.mdl, skipping
L 02/09/2021 - 22:20:27: [tf2items_giveweapon.smx] [TF2Items GiveWeapon]5142_viewmodel: cannot find valid model models/custom/weapons/goldslinger/c_engineer_gunslinger.mdl, skipping
L 02/09/2021 - 22:20:28: [basecommands.smx] "Console<0><Console><Console>" changed cvar (cvar "nb_update_frequency") (value "0.03")
L 02/09/2021 - 22:46:43: [admincheats.smx] <Sentry (TyroneryJames)><STEAM_0:1:240088210><137.103.113.3> was prevented from running cheat command 'ghost_spawn'
L 02/09/2021 - 22:46:43: [admincheats.smx] <Sentry (TyroneryJames)><STEAM_0:1:240088210><137.103.113.3> was prevented from running cheat command 'ghost_spawn'
L 02/10/2021 - 04:00:28: Log file closed.
