L 01/07/2022 - 13:16:09: SourceMod log file session started (file "/home/tf2server/hlserver/tf2/tf/addons/sourcemod/logs/L20220107.log") (Version "1.10.0.6528")
L 01/07/2022 - 13:16:09: [SM] Changed map to "workshop/koth_synthetic_rc6a.ugc1549817316"
L 01/07/2022 - 13:16:11: -------- Mapchange to workshop/koth_synthetic_rc6a.ugc1549817316 --------
L 01/07/2022 - 13:16:17: [tf2items_giveweapon.smx] [TF2Items GiveWeapon]2041_viewmodel: Preparing models/weapons/c_models/c_v_ludmila/c_v_ludmila.mdl
L 01/07/2022 - 13:16:17: [tf2items_giveweapon.smx] [TF2Items GiveWeapon]2058_model: cannot find valid model models/custom/weapons/antehgen/urinejar.mdl, skipping
L 01/07/2022 - 13:16:17: [tf2items_giveweapon.smx] [TF2Items GiveWeapon]2058_viewmodel: cannot find valid model models/custom/weapons/antehgen/urinejar.mdl, skipping
L 01/07/2022 - 13:16:17: [tf2items_giveweapon.smx] [TF2Items GiveWeapon]2171_model: cannot find valid model models/advancedweaponiser/w_sickle_sniper.mdl, skipping
L 01/07/2022 - 13:16:17: [tf2items_giveweapon.smx] [TF2Items GiveWeapon]2171_viewmodel: cannot find valid model models/advancedweaponiser/w_sickle_sniper.mdl, skipping
L 01/07/2022 - 13:16:17: [tf2items_giveweapon.smx] [TF2Items GiveWeapon]2197_model: cannot find valid model models/custom/weapons/rebelscurse/c_wrench_v2.mdl, skipping
L 01/07/2022 - 13:16:17: [tf2items_giveweapon.smx] [TF2Items GiveWeapon]2197_viewmodel: cannot find valid model models/custom/weapons/rebelscurse/c_wrench_v2.mdl, skipping
L 01/07/2022 - 13:16:17: [tf2items_giveweapon.smx] [TF2Items GiveWeapon]2228_model: cannot find valid model models/advancedweaponiser/fbomb/c_fbomb.mdl, skipping
L 01/07/2022 - 13:16:17: [tf2items_giveweapon.smx] [TF2Items GiveWeapon]2228_viewmodel: cannot find valid model models/advancedweaponiser/fbomb/c_fbomb.mdl, skipping
L 01/07/2022 - 13:16:17: [tf2items_giveweapon.smx] [TF2Items GiveWeapon]5142_viewmodel: cannot find valid model models/custom/weapons/goldslinger/c_engineer_gunslinger.mdl, skipping
L 01/07/2022 - 13:16:19: [basecommands.smx] "Console<0><Console><Console>" changed cvar (cvar "nb_update_frequency") (value "0.03")
L 01/07/2022 - 13:16:19: [basecommands.smx] "Console<0><Console><Console>" changed cvar (cvar "fps_max") (value "0")
L 01/07/2022 - 13:16:19: [basecommands.smx] "Console<0><Console><Console>" changed cvar (cvar "mp_waitingforplayers_time") (value "45")
L 01/07/2022 - 13:16:24: [randomcycle.smx] RandomCycle has chosen workshop/cp_tidal.ugc570869131 for the nextmap.
L 01/07/2022 - 13:22:31: SourceMod log file session started (file "/home/tf2server/hlserver/tf2/tf/addons/sourcemod/logs/L20220107.log") (Version "1.10.0.6528")
L 01/07/2022 - 13:22:31: [TF2ITEMS] "GiveNamedItem" offset = 488
L 01/07/2022 - 13:22:31: [stac.smx] [StAC] File handle invalid!
L 01/07/2022 - 13:22:31: SourceMod log file session started (file "/home/tf2server/hlserver/tf2/tf/addons/sourcemod/logs/L20220107.log") (Version "1.10.0.6528")
L 01/07/2022 - 13:22:31: [TF2ITEMS] "GiveNamedItem" offset = 488
L 01/07/2022 - 13:22:31: [auto_steam_update.smx] HUD text is supported on this mod. The persistant timer will display.
L 01/07/2022 - 13:22:31: [simple-chatprocessor.smx] [SCP] Recognized mod [Team Fortress 2].
L 01/07/2022 - 13:22:31: [simple-chatprocessor.smx] [SCP] Loading translation file [scp.tf.phrases].
L 01/07/2022 - 13:22:31: [stac.smx] [StAC] File handle invalid!
L 01/07/2022 - 13:22:31: [auto_steam_update.smx] HUD text is supported on this mod. The persistant timer will display.
L 01/07/2022 - 13:22:31: [simple-chatprocessor.smx] [SCP] Recognized mod [Team Fortress 2].
L 01/07/2022 - 13:22:31: [simple-chatprocessor.smx] [SCP] Loading translation file [scp.tf.phrases].
L 01/07/2022 - 13:22:40: [tf2items_giveweapon.smx] [TF2Items GiveWeapon]2041_viewmodel: Preparing models/weapons/c_models/c_v_ludmila/c_v_ludmila.mdl
L 01/07/2022 - 13:22:40: [tf2items_giveweapon.smx] [TF2Items GiveWeapon]2058_model: cannot find valid model models/custom/weapons/antehgen/urinejar.mdl, skipping
L 01/07/2022 - 13:22:40: [tf2items_giveweapon.smx] [TF2Items GiveWeapon]2058_viewmodel: cannot find valid model models/custom/weapons/antehgen/urinejar.mdl, skipping
L 01/07/2022 - 13:22:40: [tf2items_giveweapon.smx] [TF2Items GiveWeapon]2171_model: cannot find valid model models/advancedweaponiser/w_sickle_sniper.mdl, skipping
L 01/07/2022 - 13:22:40: [tf2items_giveweapon.smx] [TF2Items GiveWeapon]2171_viewmodel: cannot find valid model models/advancedweaponiser/w_sickle_sniper.mdl, skipping
L 01/07/2022 - 13:22:40: [tf2items_giveweapon.smx] [TF2Items GiveWeapon]2197_model: cannot find valid model models/custom/weapons/rebelscurse/c_wrench_v2.mdl, skipping
L 01/07/2022 - 13:22:40: [tf2items_giveweapon.smx] [TF2Items GiveWeapon]2197_viewmodel: cannot find valid model models/custom/weapons/rebelscurse/c_wrench_v2.mdl, skipping
L 01/07/2022 - 13:22:40: [tf2items_giveweapon.smx] [TF2Items GiveWeapon]2228_model: cannot find valid model models/advancedweaponiser/fbomb/c_fbomb.mdl, skipping
L 01/07/2022 - 13:22:40: [tf2items_giveweapon.smx] [TF2Items GiveWeapon]2228_viewmodel: cannot find valid model models/advancedweaponiser/fbomb/c_fbomb.mdl, skipping
L 01/07/2022 - 13:22:40: [tf2items_giveweapon.smx] [TF2Items GiveWeapon]5142_viewmodel: cannot find valid model models/custom/weapons/goldslinger/c_engineer_gunslinger.mdl, skipping
L 01/07/2022 - 13:22:40: [tf2items_giveweapon.smx] [TF2Items GiveWeapon]2041_viewmodel: Preparing models/weapons/c_models/c_v_ludmila/c_v_ludmila.mdl
L 01/07/2022 - 13:22:40: [tf2items_giveweapon.smx] [TF2Items GiveWeapon]2058_model: cannot find valid model models/custom/weapons/antehgen/urinejar.mdl, skipping
L 01/07/2022 - 13:22:40: [tf2items_giveweapon.smx] [TF2Items GiveWeapon]2058_viewmodel: cannot find valid model models/custom/weapons/antehgen/urinejar.mdl, skipping
L 01/07/2022 - 13:22:40: [tf2items_giveweapon.smx] [TF2Items GiveWeapon]2171_model: cannot find valid model models/advancedweaponiser/w_sickle_sniper.mdl, skipping
L 01/07/2022 - 13:22:40: [tf2items_giveweapon.smx] [TF2Items GiveWeapon]2171_viewmodel: cannot find valid model models/advancedweaponiser/w_sickle_sniper.mdl, skipping
L 01/07/2022 - 13:22:40: [tf2items_giveweapon.smx] [TF2Items GiveWeapon]2197_model: cannot find valid model models/custom/weapons/rebelscurse/c_wrench_v2.mdl, skipping
L 01/07/2022 - 13:22:40: [tf2items_giveweapon.smx] [TF2Items GiveWeapon]2197_viewmodel: cannot find valid model models/custom/weapons/rebelscurse/c_wrench_v2.mdl, skipping
L 01/07/2022 - 13:22:40: [tf2items_giveweapon.smx] [TF2Items GiveWeapon]2228_model: cannot find valid model models/advancedweaponiser/fbomb/c_fbomb.mdl, skipping
L 01/07/2022 - 13:22:40: [tf2items_giveweapon.smx] [TF2Items GiveWeapon]2228_viewmodel: cannot find valid model models/advancedweaponiser/fbomb/c_fbomb.mdl, skipping
L 01/07/2022 - 13:22:40: [tf2items_giveweapon.smx] [TF2Items GiveWeapon]5142_viewmodel: cannot find valid model models/custom/weapons/goldslinger/c_engineer_gunslinger.mdl, skipping
L 01/07/2022 - 13:22:41: [basecommands.smx] "Console<0><Console><Console>" changed cvar (cvar "nb_update_frequency") (value "0.03")
L 01/07/2022 - 13:22:41: [basecommands.smx] "Console<0><Console><Console>" changed cvar (cvar "fps_max") (value "0")
L 01/07/2022 - 13:22:41: [basecommands.smx] "Console<0><Console><Console>" changed cvar (cvar "mp_waitingforplayers_time") (value "45")
L 01/07/2022 - 13:22:41: [basecommands.smx] "Console<0><Console><Console>" changed cvar (cvar "nb_update_frequency") (value "0.03")
L 01/07/2022 - 13:22:41: [basecommands.smx] "Console<0><Console><Console>" changed cvar (cvar "fps_max") (value "0")
L 01/07/2022 - 13:22:41: [basecommands.smx] "Console<0><Console><Console>" changed cvar (cvar "mp_waitingforplayers_time") (value "45")
L 01/07/2022 - 13:22:46: [randomcycle.smx] RandomCycle has chosen cp_dustbowl for the nextmap.
L 01/07/2022 - 13:22:46: [randomcycle.smx] RandomCycle has chosen cp_process_final for the nextmap.
L 01/07/2022 - 13:42:34: [admincheats.smx] <jiim jaam><STEAM_0:1:54774624><71.60.110.145> ran cheat command 'noclip'
L 01/07/2022 - 13:42:36: [admincheats.smx] <jiim jaam><STEAM_0:1:54774624><71.60.110.145> ran cheat command 'ent_create'
L 01/07/2022 - 13:42:38: [admincheats.smx] <jiim jaam><STEAM_0:1:54774624><71.60.110.145> ran cheat command 'ent_create'
L 01/07/2022 - 13:42:39: [admincheats.smx] <jiim jaam><STEAM_0:1:54774624><71.60.110.145> ran cheat command 'ent_create'
L 01/07/2022 - 13:42:39: [admincheats.smx] <jiim jaam><STEAM_0:1:54774624><71.60.110.145> ran cheat command 'ent_create'
L 01/07/2022 - 13:42:44: [basecommands.smx] "jiim jaam<3><[U:1:109549249]><>" changed map to "koth_brazil"
L 01/07/2022 - 13:42:47: [SM] Changed map to "koth_brazil"
L 01/07/2022 - 13:42:49: -------- Mapchange to koth_brazil --------
L 01/07/2022 - 13:42:56: [tf2items_giveweapon.smx] [TF2Items GiveWeapon]2041_viewmodel: Preparing models/weapons/c_models/c_v_ludmila/c_v_ludmila.mdl
L 01/07/2022 - 13:42:56: [tf2items_giveweapon.smx] [TF2Items GiveWeapon]2058_model: cannot find valid model models/custom/weapons/antehgen/urinejar.mdl, skipping
L 01/07/2022 - 13:42:56: [tf2items_giveweapon.smx] [TF2Items GiveWeapon]2058_viewmodel: cannot find valid model models/custom/weapons/antehgen/urinejar.mdl, skipping
L 01/07/2022 - 13:42:56: [tf2items_giveweapon.smx] [TF2Items GiveWeapon]2171_model: cannot find valid model models/advancedweaponiser/w_sickle_sniper.mdl, skipping
L 01/07/2022 - 13:42:56: [tf2items_giveweapon.smx] [TF2Items GiveWeapon]2171_viewmodel: cannot find valid model models/advancedweaponiser/w_sickle_sniper.mdl, skipping
L 01/07/2022 - 13:42:56: [tf2items_giveweapon.smx] [TF2Items GiveWeapon]2197_model: cannot find valid model models/custom/weapons/rebelscurse/c_wrench_v2.mdl, skipping
L 01/07/2022 - 13:42:56: [tf2items_giveweapon.smx] [TF2Items GiveWeapon]2197_viewmodel: cannot find valid model models/custom/weapons/rebelscurse/c_wrench_v2.mdl, skipping
L 01/07/2022 - 13:42:56: [tf2items_giveweapon.smx] [TF2Items GiveWeapon]2228_model: cannot find valid model models/advancedweaponiser/fbomb/c_fbomb.mdl, skipping
L 01/07/2022 - 13:42:56: [tf2items_giveweapon.smx] [TF2Items GiveWeapon]2228_viewmodel: cannot find valid model models/advancedweaponiser/fbomb/c_fbomb.mdl, skipping
L 01/07/2022 - 13:42:56: [tf2items_giveweapon.smx] [TF2Items GiveWeapon]5142_viewmodel: cannot find valid model models/custom/weapons/goldslinger/c_engineer_gunslinger.mdl, skipping
L 01/07/2022 - 13:42:57: [basecommands.smx] "Console<0><Console><Console>" changed cvar (cvar "nb_update_frequency") (value "0.03")
L 01/07/2022 - 13:42:57: [basecommands.smx] "Console<0><Console><Console>" changed cvar (cvar "fps_max") (value "0")
L 01/07/2022 - 13:42:57: [basecommands.smx] "Console<0><Console><Console>" changed cvar (cvar "mp_waitingforplayers_time") (value "45")
L 01/07/2022 - 13:43:02: [randomcycle.smx] RandomCycle has chosen arena_offblast_final for the nextmap.
L 01/07/2022 - 13:47:29: [basecommands.smx] "jiim jaam<3><[U:1:109549249]><>" refreshed the admin cache.
L 01/07/2022 - 13:47:31: [basecommands.smx] "jiim jaam<3><[U:1:109549249]><>" refreshed the admin cache.
L 01/07/2022 - 13:47:32: [basecommands.smx] "jiim jaam<3><[U:1:109549249]><>" refreshed the admin cache.
L 01/07/2022 - 13:48:04: [basecommands.smx] "jiim jaam<3><[U:1:109549249]><>" changed map to "workshop/koth_harter.ugc2149817484"
L 01/07/2022 - 13:48:07: [SM] Changed map to "workshop/koth_harter.ugc2149817484"
L 01/07/2022 - 13:48:09: -------- Mapchange to workshop/koth_harter_rc1.ugc2149817484 --------
L 01/07/2022 - 13:48:14: [tf2items_giveweapon.smx] [TF2Items GiveWeapon]2041_viewmodel: Preparing models/weapons/c_models/c_v_ludmila/c_v_ludmila.mdl
L 01/07/2022 - 13:48:14: [tf2items_giveweapon.smx] [TF2Items GiveWeapon]2058_model: cannot find valid model models/custom/weapons/antehgen/urinejar.mdl, skipping
L 01/07/2022 - 13:48:14: [tf2items_giveweapon.smx] [TF2Items GiveWeapon]2058_viewmodel: cannot find valid model models/custom/weapons/antehgen/urinejar.mdl, skipping
L 01/07/2022 - 13:48:14: [tf2items_giveweapon.smx] [TF2Items GiveWeapon]2171_model: cannot find valid model models/advancedweaponiser/w_sickle_sniper.mdl, skipping
L 01/07/2022 - 13:48:14: [tf2items_giveweapon.smx] [TF2Items GiveWeapon]2171_viewmodel: cannot find valid model models/advancedweaponiser/w_sickle_sniper.mdl, skipping
L 01/07/2022 - 13:48:14: [tf2items_giveweapon.smx] [TF2Items GiveWeapon]2197_model: cannot find valid model models/custom/weapons/rebelscurse/c_wrench_v2.mdl, skipping
L 01/07/2022 - 13:48:14: [tf2items_giveweapon.smx] [TF2Items GiveWeapon]2197_viewmodel: cannot find valid model models/custom/weapons/rebelscurse/c_wrench_v2.mdl, skipping
L 01/07/2022 - 13:48:14: [tf2items_giveweapon.smx] [TF2Items GiveWeapon]2228_model: cannot find valid model models/advancedweaponiser/fbomb/c_fbomb.mdl, skipping
L 01/07/2022 - 13:48:14: [tf2items_giveweapon.smx] [TF2Items GiveWeapon]2228_viewmodel: cannot find valid model models/advancedweaponiser/fbomb/c_fbomb.mdl, skipping
L 01/07/2022 - 13:48:14: [tf2items_giveweapon.smx] [TF2Items GiveWeapon]5142_viewmodel: cannot find valid model models/custom/weapons/goldslinger/c_engineer_gunslinger.mdl, skipping
L 01/07/2022 - 13:48:15: [basecommands.smx] "Console<0><Console><Console>" changed cvar (cvar "nb_update_frequency") (value "0.03")
L 01/07/2022 - 13:48:15: [basecommands.smx] "Console<0><Console><Console>" changed cvar (cvar "fps_max") (value "0")
L 01/07/2022 - 13:48:15: [basecommands.smx] "Console<0><Console><Console>" changed cvar (cvar "mp_waitingforplayers_time") (value "45")
L 01/07/2022 - 13:48:20: [randomcycle.smx] RandomCycle has chosen workshop/cp_snowbase.ugc2081770490 for the nextmap.
L 01/07/2022 - 14:39:55: [mapchooser.smx] Voting for next map has started.
L 01/07/2022 - 14:45:13: [mapchooser.smx] Voting for next map has started.
L 01/07/2022 - 19:08:32: SourceMod log file session started (file "/home/tf2server/hlserver/tf2/tf/addons/sourcemod/logs/L20220107.log") (Version "1.10.0.6528")
L 01/07/2022 - 19:08:32: [TF2ITEMS] "GiveNamedItem" offset = 488
L 01/07/2022 - 19:08:32: [stac.smx] [StAC] File handle invalid!
L 01/07/2022 - 19:08:32: SourceMod log file session started (file "/home/tf2server/hlserver/tf2/tf/addons/sourcemod/logs/L20220107.log") (Version "1.10.0.6528")
L 01/07/2022 - 19:08:32: [TF2ITEMS] "GiveNamedItem" offset = 488
L 01/07/2022 - 19:08:32: [auto_steam_update.smx] HUD text is supported on this mod. The persistant timer will display.
L 01/07/2022 - 19:08:32: [simple-chatprocessor.smx] [SCP] Recognized mod [Team Fortress 2].
L 01/07/2022 - 19:08:32: [simple-chatprocessor.smx] [SCP] Loading translation file [scp.tf.phrases].
L 01/07/2022 - 19:08:32: [stac.smx] [StAC] File handle invalid!
L 01/07/2022 - 19:08:32: [auto_steam_update.smx] HUD text is supported on this mod. The persistant timer will display.
L 01/07/2022 - 19:08:32: [simple-chatprocessor.smx] [SCP] Recognized mod [Team Fortress 2].
L 01/07/2022 - 19:08:32: [simple-chatprocessor.smx] [SCP] Loading translation file [scp.tf.phrases].
L 01/07/2022 - 19:08:39: [tf2items_giveweapon.smx] [TF2Items GiveWeapon]2041_viewmodel: Preparing models/weapons/c_models/c_v_ludmila/c_v_ludmila.mdl
L 01/07/2022 - 19:08:39: [tf2items_giveweapon.smx] [TF2Items GiveWeapon]2058_model: cannot find valid model models/custom/weapons/antehgen/urinejar.mdl, skipping
L 01/07/2022 - 19:08:39: [tf2items_giveweapon.smx] [TF2Items GiveWeapon]2058_viewmodel: cannot find valid model models/custom/weapons/antehgen/urinejar.mdl, skipping
L 01/07/2022 - 19:08:39: [tf2items_giveweapon.smx] [TF2Items GiveWeapon]2171_model: cannot find valid model models/advancedweaponiser/w_sickle_sniper.mdl, skipping
L 01/07/2022 - 19:08:39: [tf2items_giveweapon.smx] [TF2Items GiveWeapon]2171_viewmodel: cannot find valid model models/advancedweaponiser/w_sickle_sniper.mdl, skipping
L 01/07/2022 - 19:08:39: [tf2items_giveweapon.smx] [TF2Items GiveWeapon]2197_model: cannot find valid model models/custom/weapons/rebelscurse/c_wrench_v2.mdl, skipping
L 01/07/2022 - 19:08:39: [tf2items_giveweapon.smx] [TF2Items GiveWeapon]2197_viewmodel: cannot find valid model models/custom/weapons/rebelscurse/c_wrench_v2.mdl, skipping
L 01/07/2022 - 19:08:39: [tf2items_giveweapon.smx] [TF2Items GiveWeapon]2228_model: cannot find valid model models/advancedweaponiser/fbomb/c_fbomb.mdl, skipping
L 01/07/2022 - 19:08:39: [tf2items_giveweapon.smx] [TF2Items GiveWeapon]2228_viewmodel: cannot find valid model models/advancedweaponiser/fbomb/c_fbomb.mdl, skipping
L 01/07/2022 - 19:08:39: [tf2items_giveweapon.smx] [TF2Items GiveWeapon]5142_viewmodel: cannot find valid model models/custom/weapons/goldslinger/c_engineer_gunslinger.mdl, skipping
L 01/07/2022 - 19:08:39: [tf2items_giveweapon.smx] [TF2Items GiveWeapon]2041_viewmodel: Preparing models/weapons/c_models/c_v_ludmila/c_v_ludmila.mdl
L 01/07/2022 - 19:08:39: [tf2items_giveweapon.smx] [TF2Items GiveWeapon]2058_model: cannot find valid model models/custom/weapons/antehgen/urinejar.mdl, skipping
L 01/07/2022 - 19:08:39: [tf2items_giveweapon.smx] [TF2Items GiveWeapon]2058_viewmodel: cannot find valid model models/custom/weapons/antehgen/urinejar.mdl, skipping
L 01/07/2022 - 19:08:39: [tf2items_giveweapon.smx] [TF2Items GiveWeapon]2171_model: cannot find valid model models/advancedweaponiser/w_sickle_sniper.mdl, skipping
L 01/07/2022 - 19:08:39: [tf2items_giveweapon.smx] [TF2Items GiveWeapon]2171_viewmodel: cannot find valid model models/advancedweaponiser/w_sickle_sniper.mdl, skipping
L 01/07/2022 - 19:08:39: [tf2items_giveweapon.smx] [TF2Items GiveWeapon]2197_model: cannot find valid model models/custom/weapons/rebelscurse/c_wrench_v2.mdl, skipping
L 01/07/2022 - 19:08:39: [tf2items_giveweapon.smx] [TF2Items GiveWeapon]2197_viewmodel: cannot find valid model models/custom/weapons/rebelscurse/c_wrench_v2.mdl, skipping
L 01/07/2022 - 19:08:39: [tf2items_giveweapon.smx] [TF2Items GiveWeapon]2228_model: cannot find valid model models/advancedweaponiser/fbomb/c_fbomb.mdl, skipping
L 01/07/2022 - 19:08:39: [tf2items_giveweapon.smx] [TF2Items GiveWeapon]2228_viewmodel: cannot find valid model models/advancedweaponiser/fbomb/c_fbomb.mdl, skipping
L 01/07/2022 - 19:08:39: [tf2items_giveweapon.smx] [TF2Items GiveWeapon]5142_viewmodel: cannot find valid model models/custom/weapons/goldslinger/c_engineer_gunslinger.mdl, skipping
L 01/07/2022 - 19:08:40: [basecommands.smx] "Console<0><Console><Console>" changed cvar (cvar "nb_update_frequency") (value "0.03")
L 01/07/2022 - 19:08:40: [basecommands.smx] "Console<0><Console><Console>" changed cvar (cvar "fps_max") (value "0")
L 01/07/2022 - 19:08:40: [basecommands.smx] "Console<0><Console><Console>" changed cvar (cvar "mp_waitingforplayers_time") (value "45")
L 01/07/2022 - 19:08:40: [basecommands.smx] "Console<0><Console><Console>" changed cvar (cvar "nb_update_frequency") (value "0.03")
L 01/07/2022 - 19:08:40: [basecommands.smx] "Console<0><Console><Console>" changed cvar (cvar "fps_max") (value "0")
L 01/07/2022 - 19:08:40: [basecommands.smx] "Console<0><Console><Console>" changed cvar (cvar "mp_waitingforplayers_time") (value "45")
L 01/07/2022 - 19:08:44: [randomcycle.smx] RandomCycle has chosen cp_snowplow for the nextmap.
L 01/07/2022 - 19:08:44: [randomcycle.smx] RandomCycle has chosen workshop/pl_clifftop.ugc565392839 for the nextmap.
L 01/07/2022 - 20:05:37: [mapchooser.smx] Voting for next map has started.
L 01/07/2022 - 20:05:37: [mapchooser.smx] Voting for next map has started.
L 01/08/2022 - 00:44:14: Log file closed.
