L 01/03/2022 - 00:26:07: SourceMod log file session started (file "/home/tf2server/hlserver/tf2/tf/addons/sourcemod/logs/L20220103.log") (Version "1.10.0.6528")
L 01/03/2022 - 00:26:07: [rockthevote.smx] RTV changing map manually
L 01/03/2022 - 00:26:07: [SM] Changed map to "koth_lazarus"
L 01/03/2022 - 00:26:11: -------- Mapchange to koth_lazarus --------
L 01/03/2022 - 00:26:17: [tf2items_giveweapon.smx] [TF2Items GiveWeapon]2041_viewmodel: Preparing models/weapons/c_models/c_v_ludmila/c_v_ludmila.mdl
L 01/03/2022 - 00:26:17: [tf2items_giveweapon.smx] [TF2Items GiveWeapon]2058_model: cannot find valid model models/custom/weapons/antehgen/urinejar.mdl, skipping
L 01/03/2022 - 00:26:17: [tf2items_giveweapon.smx] [TF2Items GiveWeapon]2058_viewmodel: cannot find valid model models/custom/weapons/antehgen/urinejar.mdl, skipping
L 01/03/2022 - 00:26:17: [tf2items_giveweapon.smx] [TF2Items GiveWeapon]2171_model: cannot find valid model models/advancedweaponiser/w_sickle_sniper.mdl, skipping
L 01/03/2022 - 00:26:17: [tf2items_giveweapon.smx] [TF2Items GiveWeapon]2171_viewmodel: cannot find valid model models/advancedweaponiser/w_sickle_sniper.mdl, skipping
L 01/03/2022 - 00:26:17: [tf2items_giveweapon.smx] [TF2Items GiveWeapon]2197_model: cannot find valid model models/custom/weapons/rebelscurse/c_wrench_v2.mdl, skipping
L 01/03/2022 - 00:26:17: [tf2items_giveweapon.smx] [TF2Items GiveWeapon]2197_viewmodel: cannot find valid model models/custom/weapons/rebelscurse/c_wrench_v2.mdl, skipping
L 01/03/2022 - 00:26:17: [tf2items_giveweapon.smx] [TF2Items GiveWeapon]2228_model: cannot find valid model models/advancedweaponiser/fbomb/c_fbomb.mdl, skipping
L 01/03/2022 - 00:26:17: [tf2items_giveweapon.smx] [TF2Items GiveWeapon]2228_viewmodel: cannot find valid model models/advancedweaponiser/fbomb/c_fbomb.mdl, skipping
L 01/03/2022 - 00:26:17: [tf2items_giveweapon.smx] [TF2Items GiveWeapon]5142_viewmodel: cannot find valid model models/custom/weapons/goldslinger/c_engineer_gunslinger.mdl, skipping
L 01/03/2022 - 00:26:18: [basecommands.smx] "Console<0><Console><Console>" changed cvar (cvar "nb_update_frequency") (value "0.03")
L 01/03/2022 - 00:26:18: [basecommands.smx] "Console<0><Console><Console>" changed cvar (cvar "fps_max") (value "0")
L 01/03/2022 - 00:26:18: [basecommands.smx] "Console<0><Console><Console>" changed cvar (cvar "mp_waitingforplayers_time") (value "45")
L 01/03/2022 - 00:26:23: [randomcycle.smx] RandomCycle has chosen cp_freight_final1 for the nextmap.
L 01/03/2022 - 00:31:19: [mapchooser.smx] Starting map vote because outside request
L 01/03/2022 - 00:31:19: [mapchooser.smx] Voting for next map has started.
L 01/03/2022 - 00:31:31: [mapchooser.smx] Voting for next map has finished. Nextmap: arena_badlands.
L 01/03/2022 - 00:31:33: [SM] Changed map to "arena_badlands"
L 01/03/2022 - 00:31:34: -------- Mapchange to arena_badlands --------
L 01/03/2022 - 00:31:38: [tf2items_giveweapon.smx] [TF2Items GiveWeapon]2041_viewmodel: Preparing models/weapons/c_models/c_v_ludmila/c_v_ludmila.mdl
L 01/03/2022 - 00:31:38: [tf2items_giveweapon.smx] [TF2Items GiveWeapon]2058_model: cannot find valid model models/custom/weapons/antehgen/urinejar.mdl, skipping
L 01/03/2022 - 00:31:38: [tf2items_giveweapon.smx] [TF2Items GiveWeapon]2058_viewmodel: cannot find valid model models/custom/weapons/antehgen/urinejar.mdl, skipping
L 01/03/2022 - 00:31:38: [tf2items_giveweapon.smx] [TF2Items GiveWeapon]2171_model: cannot find valid model models/advancedweaponiser/w_sickle_sniper.mdl, skipping
L 01/03/2022 - 00:31:38: [tf2items_giveweapon.smx] [TF2Items GiveWeapon]2171_viewmodel: cannot find valid model models/advancedweaponiser/w_sickle_sniper.mdl, skipping
L 01/03/2022 - 00:31:38: [tf2items_giveweapon.smx] [TF2Items GiveWeapon]2197_model: cannot find valid model models/custom/weapons/rebelscurse/c_wrench_v2.mdl, skipping
L 01/03/2022 - 00:31:38: [tf2items_giveweapon.smx] [TF2Items GiveWeapon]2197_viewmodel: cannot find valid model models/custom/weapons/rebelscurse/c_wrench_v2.mdl, skipping
L 01/03/2022 - 00:31:38: [tf2items_giveweapon.smx] [TF2Items GiveWeapon]2228_model: cannot find valid model models/advancedweaponiser/fbomb/c_fbomb.mdl, skipping
L 01/03/2022 - 00:31:38: [tf2items_giveweapon.smx] [TF2Items GiveWeapon]2228_viewmodel: cannot find valid model models/advancedweaponiser/fbomb/c_fbomb.mdl, skipping
L 01/03/2022 - 00:31:38: [tf2items_giveweapon.smx] [TF2Items GiveWeapon]5142_viewmodel: cannot find valid model models/custom/weapons/goldslinger/c_engineer_gunslinger.mdl, skipping
L 01/03/2022 - 00:31:39: [basecommands.smx] "Console<0><Console><Console>" changed cvar (cvar "nb_update_frequency") (value "0.03")
L 01/03/2022 - 00:31:39: [basecommands.smx] "Console<0><Console><Console>" changed cvar (cvar "fps_max") (value "0")
L 01/03/2022 - 00:31:39: [basecommands.smx] "Console<0><Console><Console>" changed cvar (cvar "mp_waitingforplayers_time") (value "45")
L 01/03/2022 - 00:31:44: [randomcycle.smx] RandomCycle has chosen workshop/rd_asteroid_redux.ugc2154902912 for the nextmap.
L 01/03/2022 - 01:28:37: [mapchooser.smx] Voting for next map has started.
L 01/03/2022 - 04:00:27: [basecommands.smx] "jiim jaam<12><[U:1:109549249]><>" changed map to "cp_badlands"
L 01/03/2022 - 04:00:30: [SM] Changed map to "cp_badlands"
L 01/03/2022 - 04:00:34: -------- Mapchange to cp_badlands --------
L 01/03/2022 - 04:00:39: [tf2items_giveweapon.smx] [TF2Items GiveWeapon]2041_viewmodel: Preparing models/weapons/c_models/c_v_ludmila/c_v_ludmila.mdl
L 01/03/2022 - 04:00:39: [tf2items_giveweapon.smx] [TF2Items GiveWeapon]2058_model: cannot find valid model models/custom/weapons/antehgen/urinejar.mdl, skipping
L 01/03/2022 - 04:00:39: [tf2items_giveweapon.smx] [TF2Items GiveWeapon]2058_viewmodel: cannot find valid model models/custom/weapons/antehgen/urinejar.mdl, skipping
L 01/03/2022 - 04:00:39: [tf2items_giveweapon.smx] [TF2Items GiveWeapon]2171_model: cannot find valid model models/advancedweaponiser/w_sickle_sniper.mdl, skipping
L 01/03/2022 - 04:00:39: [tf2items_giveweapon.smx] [TF2Items GiveWeapon]2171_viewmodel: cannot find valid model models/advancedweaponiser/w_sickle_sniper.mdl, skipping
L 01/03/2022 - 04:00:39: [tf2items_giveweapon.smx] [TF2Items GiveWeapon]2197_model: cannot find valid model models/custom/weapons/rebelscurse/c_wrench_v2.mdl, skipping
L 01/03/2022 - 04:00:39: [tf2items_giveweapon.smx] [TF2Items GiveWeapon]2197_viewmodel: cannot find valid model models/custom/weapons/rebelscurse/c_wrench_v2.mdl, skipping
L 01/03/2022 - 04:00:39: [tf2items_giveweapon.smx] [TF2Items GiveWeapon]2228_model: cannot find valid model models/advancedweaponiser/fbomb/c_fbomb.mdl, skipping
L 01/03/2022 - 04:00:39: [tf2items_giveweapon.smx] [TF2Items GiveWeapon]2228_viewmodel: cannot find valid model models/advancedweaponiser/fbomb/c_fbomb.mdl, skipping
L 01/03/2022 - 04:00:39: [tf2items_giveweapon.smx] [TF2Items GiveWeapon]5142_viewmodel: cannot find valid model models/custom/weapons/goldslinger/c_engineer_gunslinger.mdl, skipping
L 01/03/2022 - 04:00:40: [basecommands.smx] "Console<0><Console><Console>" changed cvar (cvar "nb_update_frequency") (value "0.03")
L 01/03/2022 - 04:00:40: [basecommands.smx] "Console<0><Console><Console>" changed cvar (cvar "fps_max") (value "0")
L 01/03/2022 - 04:00:40: [basecommands.smx] "Console<0><Console><Console>" changed cvar (cvar "mp_waitingforplayers_time") (value "45")
L 01/03/2022 - 04:00:45: [randomcycle.smx] RandomCycle has chosen pl_waste_v2 for the nextmap.
L 01/03/2022 - 04:58:38: [mapchooser.smx] Voting for next map has started.
L 01/03/2022 - 11:31:09: SourceMod log file session started (file "/home/tf2server/hlserver/tf2/tf/addons/sourcemod/logs/L20220103.log") (Version "1.10.0.6528")
L 01/03/2022 - 11:31:09: [TF2ITEMS] "GiveNamedItem" offset = 488
L 01/03/2022 - 11:31:09: [stac.smx] [StAC] File handle invalid!
L 01/03/2022 - 11:31:09: [auto_steam_update.smx] HUD text is supported on this mod. The persistant timer will display.
L 01/03/2022 - 11:31:09: [simple-chatprocessor.smx] [SCP] Recognized mod [Team Fortress 2].
L 01/03/2022 - 11:31:09: [simple-chatprocessor.smx] [SCP] Loading translation file [scp.tf.phrases].
L 01/03/2022 - 11:31:10: SourceMod log file session started (file "/home/tf2server/hlserver/tf2/tf/addons/sourcemod/logs/L20220103.log") (Version "1.10.0.6528")
L 01/03/2022 - 11:31:10: [TF2ITEMS] "GiveNamedItem" offset = 488
L 01/03/2022 - 11:31:10: [stac.smx] [StAC] File handle invalid!
L 01/03/2022 - 11:31:10: [auto_steam_update.smx] HUD text is supported on this mod. The persistant timer will display.
L 01/03/2022 - 11:31:10: [simple-chatprocessor.smx] [SCP] Recognized mod [Team Fortress 2].
L 01/03/2022 - 11:31:10: [simple-chatprocessor.smx] [SCP] Loading translation file [scp.tf.phrases].
L 01/03/2022 - 11:31:17: [fixtriggerexploits.smx] fixed trigger. ent: 590, iName: cap_c_capturetrigger
L 01/03/2022 - 11:31:17: [tf2items_giveweapon.smx] [TF2Items GiveWeapon]2041_viewmodel: Preparing models/weapons/c_models/c_v_ludmila/c_v_ludmila.mdl
L 01/03/2022 - 11:31:17: [tf2items_giveweapon.smx] [TF2Items GiveWeapon]2058_model: cannot find valid model models/custom/weapons/antehgen/urinejar.mdl, skipping
L 01/03/2022 - 11:31:17: [tf2items_giveweapon.smx] [TF2Items GiveWeapon]2058_viewmodel: cannot find valid model models/custom/weapons/antehgen/urinejar.mdl, skipping
L 01/03/2022 - 11:31:17: [tf2items_giveweapon.smx] [TF2Items GiveWeapon]2171_model: cannot find valid model models/advancedweaponiser/w_sickle_sniper.mdl, skipping
L 01/03/2022 - 11:31:17: [tf2items_giveweapon.smx] [TF2Items GiveWeapon]2171_viewmodel: cannot find valid model models/advancedweaponiser/w_sickle_sniper.mdl, skipping
L 01/03/2022 - 11:31:17: [tf2items_giveweapon.smx] [TF2Items GiveWeapon]2197_model: cannot find valid model models/custom/weapons/rebelscurse/c_wrench_v2.mdl, skipping
L 01/03/2022 - 11:31:17: [tf2items_giveweapon.smx] [TF2Items GiveWeapon]2197_viewmodel: cannot find valid model models/custom/weapons/rebelscurse/c_wrench_v2.mdl, skipping
L 01/03/2022 - 11:31:17: [tf2items_giveweapon.smx] [TF2Items GiveWeapon]2228_model: cannot find valid model models/advancedweaponiser/fbomb/c_fbomb.mdl, skipping
L 01/03/2022 - 11:31:17: [tf2items_giveweapon.smx] [TF2Items GiveWeapon]2228_viewmodel: cannot find valid model models/advancedweaponiser/fbomb/c_fbomb.mdl, skipping
L 01/03/2022 - 11:31:17: [tf2items_giveweapon.smx] [TF2Items GiveWeapon]5142_viewmodel: cannot find valid model models/custom/weapons/goldslinger/c_engineer_gunslinger.mdl, skipping
L 01/03/2022 - 11:31:17: [tf2items_giveweapon.smx] [TF2Items GiveWeapon]2041_viewmodel: Preparing models/weapons/c_models/c_v_ludmila/c_v_ludmila.mdl
L 01/03/2022 - 11:31:17: [tf2items_giveweapon.smx] [TF2Items GiveWeapon]2058_model: cannot find valid model models/custom/weapons/antehgen/urinejar.mdl, skipping
L 01/03/2022 - 11:31:17: [tf2items_giveweapon.smx] [TF2Items GiveWeapon]2058_viewmodel: cannot find valid model models/custom/weapons/antehgen/urinejar.mdl, skipping
L 01/03/2022 - 11:31:17: [tf2items_giveweapon.smx] [TF2Items GiveWeapon]2171_model: cannot find valid model models/advancedweaponiser/w_sickle_sniper.mdl, skipping
L 01/03/2022 - 11:31:17: [tf2items_giveweapon.smx] [TF2Items GiveWeapon]2171_viewmodel: cannot find valid model models/advancedweaponiser/w_sickle_sniper.mdl, skipping
L 01/03/2022 - 11:31:17: [tf2items_giveweapon.smx] [TF2Items GiveWeapon]2197_model: cannot find valid model models/custom/weapons/rebelscurse/c_wrench_v2.mdl, skipping
L 01/03/2022 - 11:31:17: [tf2items_giveweapon.smx] [TF2Items GiveWeapon]2197_viewmodel: cannot find valid model models/custom/weapons/rebelscurse/c_wrench_v2.mdl, skipping
L 01/03/2022 - 11:31:17: [tf2items_giveweapon.smx] [TF2Items GiveWeapon]2228_model: cannot find valid model models/advancedweaponiser/fbomb/c_fbomb.mdl, skipping
L 01/03/2022 - 11:31:17: [tf2items_giveweapon.smx] [TF2Items GiveWeapon]2228_viewmodel: cannot find valid model models/advancedweaponiser/fbomb/c_fbomb.mdl, skipping
L 01/03/2022 - 11:31:17: [tf2items_giveweapon.smx] [TF2Items GiveWeapon]5142_viewmodel: cannot find valid model models/custom/weapons/goldslinger/c_engineer_gunslinger.mdl, skipping
L 01/03/2022 - 11:31:18: [basecommands.smx] "Console<0><Console><Console>" changed cvar (cvar "nb_update_frequency") (value "0.03")
L 01/03/2022 - 11:31:18: [basecommands.smx] "Console<0><Console><Console>" changed cvar (cvar "fps_max") (value "0")
L 01/03/2022 - 11:31:18: [basecommands.smx] "Console<0><Console><Console>" changed cvar (cvar "mp_waitingforplayers_time") (value "45")
L 01/03/2022 - 11:31:18: [basecommands.smx] "Console<0><Console><Console>" changed cvar (cvar "nb_update_frequency") (value "0.03")
L 01/03/2022 - 11:31:18: [basecommands.smx] "Console<0><Console><Console>" changed cvar (cvar "fps_max") (value "0")
L 01/03/2022 - 11:31:18: [basecommands.smx] "Console<0><Console><Console>" changed cvar (cvar "mp_waitingforplayers_time") (value "45")
L 01/03/2022 - 11:31:22: [randomcycle.smx] RandomCycle has chosen workshop/cp_reckoner.ugc674719999 for the nextmap.
L 01/03/2022 - 11:31:22: [randomcycle.smx] RandomCycle has chosen cp_indulge for the nextmap.
L 01/03/2022 - 12:28:15: [mapchooser.smx] Voting for next map has started.
L 01/03/2022 - 12:28:15: [mapchooser.smx] Voting for next map has started.
L 01/03/2022 - 23:27:54: [fixtriggerexploits.smx] fixed trigger. ent: 590, iName: cap_c_capturetrigger
L 01/03/2022 - 23:28:40: [fixtriggerexploits.smx] fixed trigger. ent: 590, iName: cap_c_capturetrigger
L 01/03/2022 - 23:28:40: [fixtriggerexploits.smx] fixed trigger. ent: 590, iName: cap_c_capturetrigger
L 01/03/2022 - 23:34:35: [fixtriggerexploits.smx] fixed trigger. ent: 590, iName: cap_c_capturetrigger
L 01/03/2022 - 23:40:30: [fixtriggerexploits.smx] fixed trigger. ent: 590, iName: cap_c_capturetrigger
L 01/03/2022 - 23:46:25: [fixtriggerexploits.smx] fixed trigger. ent: 590, iName: cap_c_capturetrigger
L 01/03/2022 - 23:52:20: [fixtriggerexploits.smx] fixed trigger. ent: 590, iName: cap_c_capturetrigger
L 01/03/2022 - 23:58:15: [fixtriggerexploits.smx] fixed trigger. ent: 590, iName: cap_c_capturetrigger
L 01/04/2022 - 00:04:10: Log file closed.
