L 10/22/2020 - 22:29:23: SourceMod log file session started (file "/hlserver/tf2/tf/addons/sourcemod/logs/L20201022.log") (Version "1.10.0.6490")
L 10/22/2020 - 22:29:23: [TF2ITEMS] "GiveNamedItem" offset = 484
L 10/22/2020 - 22:29:23: [simple-chatprocessor.smx] [SCP] Recognized mod [Team Fortress 2].
L 10/22/2020 - 22:29:23: [simple-chatprocessor.smx] [SCP] Loading translation file [scp.tf.phrases].
L 10/22/2020 - 22:29:31: [tf2items_giveweapon.smx] [TF2Items GiveWeapon]2041_viewmodel: Preparing models/weapons/c_models/c_v_ludmila/c_v_ludmila.mdl
L 10/22/2020 - 22:29:31: [tf2items_giveweapon.smx] [TF2Items GiveWeapon]2058_model: cannot find valid model models/custom/weapons/antehgen/urinejar.mdl, skipping
L 10/22/2020 - 22:29:31: [tf2items_giveweapon.smx] [TF2Items GiveWeapon]2058_viewmodel: cannot find valid model models/custom/weapons/antehgen/urinejar.mdl, skipping
L 10/22/2020 - 22:29:31: [tf2items_giveweapon.smx] [TF2Items GiveWeapon]2171_model: cannot find valid model models/advancedweaponiser/w_sickle_sniper.mdl, skipping
L 10/22/2020 - 22:29:31: [tf2items_giveweapon.smx] [TF2Items GiveWeapon]2171_viewmodel: cannot find valid model models/advancedweaponiser/w_sickle_sniper.mdl, skipping
L 10/22/2020 - 22:29:31: [tf2items_giveweapon.smx] [TF2Items GiveWeapon]2197_model: cannot find valid model models/custom/weapons/rebelscurse/c_wrench_v2.mdl, skipping
L 10/22/2020 - 22:29:31: [tf2items_giveweapon.smx] [TF2Items GiveWeapon]2197_viewmodel: cannot find valid model models/custom/weapons/rebelscurse/c_wrench_v2.mdl, skipping
L 10/22/2020 - 22:29:31: [tf2items_giveweapon.smx] [TF2Items GiveWeapon]2228_model: cannot find valid model models/advancedweaponiser/fbomb/c_fbomb.mdl, skipping
L 10/22/2020 - 22:29:31: [tf2items_giveweapon.smx] [TF2Items GiveWeapon]2228_viewmodel: cannot find valid model models/advancedweaponiser/fbomb/c_fbomb.mdl, skipping
L 10/22/2020 - 22:29:31: [tf2items_giveweapon.smx] [TF2Items GiveWeapon]5142_viewmodel: cannot find valid model models/custom/weapons/goldslinger/c_engineer_gunslinger.mdl, skipping
L 10/22/2020 - 22:29:32: [basecommands.smx] "Console<0><Console><Console>" changed cvar (cvar "nb_update_frequency") (value "0.03")
L 10/22/2020 - 22:29:32: [UPDATER] Successfully updated gamedata file "sdktools.games/game.zpanic.txt"
L 10/22/2020 - 22:29:32: [UPDATER] Successfully updated gamedata file "sdkhooks.games/game.zpanic.txt"
L 10/22/2020 - 22:29:32: [UPDATER] SourceMod has been updated, please reload it or restart your server.
L 10/22/2020 - 22:29:55: [basecommands.smx] "Console<0><Console><Console>" changed map to "plr_hightower_event"
L 10/22/2020 - 22:29:58: [SM] Changed map to "plr_hightower_event"
L 10/22/2020 - 22:29:59: -------- Mapchange to plr_hightower_event --------
L 10/22/2020 - 22:30:06: [tf2items_giveweapon.smx] [TF2Items GiveWeapon]2041_viewmodel: Preparing models/weapons/c_models/c_v_ludmila/c_v_ludmila.mdl
L 10/22/2020 - 22:30:06: [tf2items_giveweapon.smx] [TF2Items GiveWeapon]2058_model: cannot find valid model models/custom/weapons/antehgen/urinejar.mdl, skipping
L 10/22/2020 - 22:30:06: [tf2items_giveweapon.smx] [TF2Items GiveWeapon]2058_viewmodel: cannot find valid model models/custom/weapons/antehgen/urinejar.mdl, skipping
L 10/22/2020 - 22:30:06: [tf2items_giveweapon.smx] [TF2Items GiveWeapon]2171_model: cannot find valid model models/advancedweaponiser/w_sickle_sniper.mdl, skipping
L 10/22/2020 - 22:30:06: [tf2items_giveweapon.smx] [TF2Items GiveWeapon]2171_viewmodel: cannot find valid model models/advancedweaponiser/w_sickle_sniper.mdl, skipping
L 10/22/2020 - 22:30:06: [tf2items_giveweapon.smx] [TF2Items GiveWeapon]2197_model: cannot find valid model models/custom/weapons/rebelscurse/c_wrench_v2.mdl, skipping
L 10/22/2020 - 22:30:06: [tf2items_giveweapon.smx] [TF2Items GiveWeapon]2197_viewmodel: cannot find valid model models/custom/weapons/rebelscurse/c_wrench_v2.mdl, skipping
L 10/22/2020 - 22:30:06: [tf2items_giveweapon.smx] [TF2Items GiveWeapon]2228_model: cannot find valid model models/advancedweaponiser/fbomb/c_fbomb.mdl, skipping
L 10/22/2020 - 22:30:06: [tf2items_giveweapon.smx] [TF2Items GiveWeapon]2228_viewmodel: cannot find valid model models/advancedweaponiser/fbomb/c_fbomb.mdl, skipping
L 10/22/2020 - 22:30:06: [tf2items_giveweapon.smx] [TF2Items GiveWeapon]5142_viewmodel: cannot find valid model models/custom/weapons/goldslinger/c_engineer_gunslinger.mdl, skipping
L 10/22/2020 - 22:30:07: [basecommands.smx] "Console<0><Console><Console>" changed cvar (cvar "nb_update_frequency") (value "0.03")
L 10/22/2020 - 22:33:13: [basecommands.smx] "Console<0><Console><Console>" changed cvar (cvar "nb_update_frequency") (value "0.03")
L 10/22/2020 - 23:04:21: [mapchooser.smx] Voting for next map has started.
L 10/23/2020 - 22:14:30: Log file closed.
