L 03/13/2021 - 01:29:30: SourceMod log file session started (file "/hlserver/tf2/tf/addons/sourcemod/logs/L20210313.log") (Version "1.10.0.6490")
L 03/13/2021 - 01:29:30: [admincheats.smx] <rshannon315><STEAM_0:0:73880692><74.74.135.209> was prevented from running cheat command 'noclip'
L 03/13/2021 - 04:00:32: [ScheduledShutdown.smx] Server shutdown warning.
L 03/13/2021 - 04:00:42: [ScheduledShutdown.smx] Server shutdown.
L 03/13/2021 - 04:00:43: [stac.smx] [StAC] File handle invalid!
L 03/13/2021 - 04:00:43: [stac.smx] [StAC] Plugin vers. ---- 4.1.4 ---- unloaded
L 03/13/2021 - 04:00:43: Log file closed.
L 03/13/2021 - 04:01:25: SourceMod log file session started (file "/hlserver/tf2/tf/addons/sourcemod/logs/L20210313.log") (Version "1.10.0.6490")
L 03/13/2021 - 04:01:25: [TF2ITEMS] "GiveNamedItem" offset = 484
L 03/13/2021 - 04:01:26: [auto_steam_update.smx] HUD text is supported on this mod. The persistant timer will display.
L 03/13/2021 - 04:01:26: [simple-chatprocessor.smx] [SCP] Recognized mod [Team Fortress 2].
L 03/13/2021 - 04:01:26: [simple-chatprocessor.smx] [SCP] Loading translation file [scp.tf.phrases].
L 03/13/2021 - 04:01:35: [tf2items_giveweapon.smx] [TF2Items GiveWeapon]2041_viewmodel: Preparing models/weapons/c_models/c_v_ludmila/c_v_ludmila.mdl
L 03/13/2021 - 04:01:35: [tf2items_giveweapon.smx] [TF2Items GiveWeapon]2058_model: cannot find valid model models/custom/weapons/antehgen/urinejar.mdl, skipping
L 03/13/2021 - 04:01:35: [tf2items_giveweapon.smx] [TF2Items GiveWeapon]2058_viewmodel: cannot find valid model models/custom/weapons/antehgen/urinejar.mdl, skipping
L 03/13/2021 - 04:01:35: [tf2items_giveweapon.smx] [TF2Items GiveWeapon]2171_model: cannot find valid model models/advancedweaponiser/w_sickle_sniper.mdl, skipping
L 03/13/2021 - 04:01:35: [tf2items_giveweapon.smx] [TF2Items GiveWeapon]2171_viewmodel: cannot find valid model models/advancedweaponiser/w_sickle_sniper.mdl, skipping
L 03/13/2021 - 04:01:35: [tf2items_giveweapon.smx] [TF2Items GiveWeapon]2197_model: cannot find valid model models/custom/weapons/rebelscurse/c_wrench_v2.mdl, skipping
L 03/13/2021 - 04:01:35: [tf2items_giveweapon.smx] [TF2Items GiveWeapon]2197_viewmodel: cannot find valid model models/custom/weapons/rebelscurse/c_wrench_v2.mdl, skipping
L 03/13/2021 - 04:01:35: [tf2items_giveweapon.smx] [TF2Items GiveWeapon]2228_model: cannot find valid model models/advancedweaponiser/fbomb/c_fbomb.mdl, skipping
L 03/13/2021 - 04:01:35: [tf2items_giveweapon.smx] [TF2Items GiveWeapon]2228_viewmodel: cannot find valid model models/advancedweaponiser/fbomb/c_fbomb.mdl, skipping
L 03/13/2021 - 04:01:35: [tf2items_giveweapon.smx] [TF2Items GiveWeapon]5142_viewmodel: cannot find valid model models/custom/weapons/goldslinger/c_engineer_gunslinger.mdl, skipping
L 03/13/2021 - 04:01:35: [basecommands.smx] "Console<0><Console><Console>" changed cvar (cvar "nb_update_frequency") (value "0.03")
L 03/13/2021 - 06:41:03: [sbpp_main.smx] "Console<0><Console><Console>" banned "Spy hack<13><[U:1:3355867]><>" (minutes "0") (reason "[StAC] Banned for NoLerp")
L 03/14/2021 - 04:00:35: Log file closed.
