L 02/07/2021 - 04:00:09: SourceMod log file session started (file "/hlserver/tf2/tf/addons/sourcemod/logs/L20210207.log") (Version "1.10.0.6490")
L 02/07/2021 - 04:00:09: [ScheduledShutdown.smx] Server shutdown warning.
L 02/07/2021 - 04:00:19: [ScheduledShutdown.smx] Server shutdown.
L 02/07/2021 - 04:00:20: Log file closed.
L 02/07/2021 - 04:00:36: SourceMod log file session started (file "/hlserver/tf2/tf/addons/sourcemod/logs/L20210207.log") (Version "1.10.0.6490")
L 02/07/2021 - 04:00:36: [TF2ITEMS] "GiveNamedItem" offset = 484
L 02/07/2021 - 04:00:36: [auto_steam_update.smx] HUD text is supported on this mod. The persistant timer will display.
L 02/07/2021 - 04:00:36: [simple-chatprocessor.smx] [SCP] Recognized mod [Team Fortress 2].
L 02/07/2021 - 04:00:36: [simple-chatprocessor.smx] [SCP] Loading translation file [scp.tf.phrases].
L 02/07/2021 - 04:00:44: [tf2items_giveweapon.smx] [TF2Items GiveWeapon]2041_viewmodel: Preparing models/weapons/c_models/c_v_ludmila/c_v_ludmila.mdl
L 02/07/2021 - 04:00:44: [tf2items_giveweapon.smx] [TF2Items GiveWeapon]2058_model: cannot find valid model models/custom/weapons/antehgen/urinejar.mdl, skipping
L 02/07/2021 - 04:00:44: [tf2items_giveweapon.smx] [TF2Items GiveWeapon]2058_viewmodel: cannot find valid model models/custom/weapons/antehgen/urinejar.mdl, skipping
L 02/07/2021 - 04:00:44: [tf2items_giveweapon.smx] [TF2Items GiveWeapon]2171_model: cannot find valid model models/advancedweaponiser/w_sickle_sniper.mdl, skipping
L 02/07/2021 - 04:00:44: [tf2items_giveweapon.smx] [TF2Items GiveWeapon]2171_viewmodel: cannot find valid model models/advancedweaponiser/w_sickle_sniper.mdl, skipping
L 02/07/2021 - 04:00:44: [tf2items_giveweapon.smx] [TF2Items GiveWeapon]2197_model: cannot find valid model models/custom/weapons/rebelscurse/c_wrench_v2.mdl, skipping
L 02/07/2021 - 04:00:44: [tf2items_giveweapon.smx] [TF2Items GiveWeapon]2197_viewmodel: cannot find valid model models/custom/weapons/rebelscurse/c_wrench_v2.mdl, skipping
L 02/07/2021 - 04:00:44: [tf2items_giveweapon.smx] [TF2Items GiveWeapon]2228_model: cannot find valid model models/advancedweaponiser/fbomb/c_fbomb.mdl, skipping
L 02/07/2021 - 04:00:44: [tf2items_giveweapon.smx] [TF2Items GiveWeapon]2228_viewmodel: cannot find valid model models/advancedweaponiser/fbomb/c_fbomb.mdl, skipping
L 02/07/2021 - 04:00:44: [tf2items_giveweapon.smx] [TF2Items GiveWeapon]5142_viewmodel: cannot find valid model models/custom/weapons/goldslinger/c_engineer_gunslinger.mdl, skipping
L 02/07/2021 - 04:00:45: [basecommands.smx] "Console<0><Console><Console>" changed cvar (cvar "nb_update_frequency") (value "0.03")
L 02/07/2021 - 04:01:45: [ScheduledShutdown.smx] Server shutdown warning.
L 02/07/2021 - 04:01:55: [ScheduledShutdown.smx] Server shutdown.
L 02/07/2021 - 04:01:55: Log file closed.
L 02/07/2021 - 04:02:09: SourceMod log file session started (file "/hlserver/tf2/tf/addons/sourcemod/logs/L20210207.log") (Version "1.10.0.6490")
L 02/07/2021 - 04:02:09: [TF2ITEMS] "GiveNamedItem" offset = 484
L 02/07/2021 - 04:02:10: [auto_steam_update.smx] HUD text is supported on this mod. The persistant timer will display.
L 02/07/2021 - 04:02:10: [simple-chatprocessor.smx] [SCP] Recognized mod [Team Fortress 2].
L 02/07/2021 - 04:02:10: [simple-chatprocessor.smx] [SCP] Loading translation file [scp.tf.phrases].
L 02/07/2021 - 04:02:17: [tf2items_giveweapon.smx] [TF2Items GiveWeapon]2041_viewmodel: Preparing models/weapons/c_models/c_v_ludmila/c_v_ludmila.mdl
L 02/07/2021 - 04:02:17: [tf2items_giveweapon.smx] [TF2Items GiveWeapon]2058_model: cannot find valid model models/custom/weapons/antehgen/urinejar.mdl, skipping
L 02/07/2021 - 04:02:17: [tf2items_giveweapon.smx] [TF2Items GiveWeapon]2058_viewmodel: cannot find valid model models/custom/weapons/antehgen/urinejar.mdl, skipping
L 02/07/2021 - 04:02:17: [tf2items_giveweapon.smx] [TF2Items GiveWeapon]2171_model: cannot find valid model models/advancedweaponiser/w_sickle_sniper.mdl, skipping
L 02/07/2021 - 04:02:17: [tf2items_giveweapon.smx] [TF2Items GiveWeapon]2171_viewmodel: cannot find valid model models/advancedweaponiser/w_sickle_sniper.mdl, skipping
L 02/07/2021 - 04:02:17: [tf2items_giveweapon.smx] [TF2Items GiveWeapon]2197_model: cannot find valid model models/custom/weapons/rebelscurse/c_wrench_v2.mdl, skipping
L 02/07/2021 - 04:02:17: [tf2items_giveweapon.smx] [TF2Items GiveWeapon]2197_viewmodel: cannot find valid model models/custom/weapons/rebelscurse/c_wrench_v2.mdl, skipping
L 02/07/2021 - 04:02:17: [tf2items_giveweapon.smx] [TF2Items GiveWeapon]2228_model: cannot find valid model models/advancedweaponiser/fbomb/c_fbomb.mdl, skipping
L 02/07/2021 - 04:02:17: [tf2items_giveweapon.smx] [TF2Items GiveWeapon]2228_viewmodel: cannot find valid model models/advancedweaponiser/fbomb/c_fbomb.mdl, skipping
L 02/07/2021 - 04:02:17: [tf2items_giveweapon.smx] [TF2Items GiveWeapon]5142_viewmodel: cannot find valid model models/custom/weapons/goldslinger/c_engineer_gunslinger.mdl, skipping
L 02/07/2021 - 04:02:18: [basecommands.smx] "Console<0><Console><Console>" changed cvar (cvar "nb_update_frequency") (value "0.03")
L 02/08/2021 - 00:19:28: Log file closed.
