L 06/08/2021 - 04:00:26: SourceMod log file session started (file "/hlserver/tf2/tf/addons/sourcemod/logs/L20210608.log") (Version "1.10.0.6490")
L 06/08/2021 - 04:00:26: [ScheduledShutdown.smx] Server shutdown warning.
L 06/08/2021 - 04:00:36: [ScheduledShutdown.smx] Server shutdown.
L 06/08/2021 - 04:00:37: [stac.smx] [StAC] File handle invalid!
L 06/08/2021 - 04:00:37: [stac.smx] [StAC] Plugin vers. ---- 5.0.3 ---- unloaded
L 06/08/2021 - 04:00:37: Log file closed.
L 06/08/2021 - 04:01:48: SourceMod log file session started (file "/hlserver/tf2/tf/addons/sourcemod/logs/L20210608.log") (Version "1.10.0.6490")
L 06/08/2021 - 04:01:48: [TF2ITEMS] "GiveNamedItem" offset = 484
L 06/08/2021 - 04:01:48: [auto_steam_update.smx] HUD text is supported on this mod. The persistant timer will display.
L 06/08/2021 - 04:01:49: [simple-chatprocessor.smx] [SCP] Recognized mod [Team Fortress 2].
L 06/08/2021 - 04:01:49: [simple-chatprocessor.smx] [SCP] Loading translation file [scp.tf.phrases].
L 06/08/2021 - 04:01:49: [stac.smx] [StAC] File handle invalid!
L 06/08/2021 - 04:01:49: [stac.smx] [StAC] Plugin vers. ---- 5.0.3 ---- loaded
L 06/08/2021 - 04:02:01: [tf2items_giveweapon.smx] [TF2Items GiveWeapon]2041_viewmodel: Preparing models/weapons/c_models/c_v_ludmila/c_v_ludmila.mdl
L 06/08/2021 - 04:02:01: [tf2items_giveweapon.smx] [TF2Items GiveWeapon]2058_model: cannot find valid model models/custom/weapons/antehgen/urinejar.mdl, skipping
L 06/08/2021 - 04:02:01: [tf2items_giveweapon.smx] [TF2Items GiveWeapon]2058_viewmodel: cannot find valid model models/custom/weapons/antehgen/urinejar.mdl, skipping
L 06/08/2021 - 04:02:01: [tf2items_giveweapon.smx] [TF2Items GiveWeapon]2171_model: cannot find valid model models/advancedweaponiser/w_sickle_sniper.mdl, skipping
L 06/08/2021 - 04:02:01: [tf2items_giveweapon.smx] [TF2Items GiveWeapon]2171_viewmodel: cannot find valid model models/advancedweaponiser/w_sickle_sniper.mdl, skipping
L 06/08/2021 - 04:02:01: [tf2items_giveweapon.smx] [TF2Items GiveWeapon]2197_model: cannot find valid model models/custom/weapons/rebelscurse/c_wrench_v2.mdl, skipping
L 06/08/2021 - 04:02:01: [tf2items_giveweapon.smx] [TF2Items GiveWeapon]2197_viewmodel: cannot find valid model models/custom/weapons/rebelscurse/c_wrench_v2.mdl, skipping
L 06/08/2021 - 04:02:01: [tf2items_giveweapon.smx] [TF2Items GiveWeapon]2228_model: cannot find valid model models/advancedweaponiser/fbomb/c_fbomb.mdl, skipping
L 06/08/2021 - 04:02:01: [tf2items_giveweapon.smx] [TF2Items GiveWeapon]2228_viewmodel: cannot find valid model models/advancedweaponiser/fbomb/c_fbomb.mdl, skipping
L 06/08/2021 - 04:02:01: [tf2items_giveweapon.smx] [TF2Items GiveWeapon]5142_viewmodel: cannot find valid model models/custom/weapons/goldslinger/c_engineer_gunslinger.mdl, skipping
L 06/08/2021 - 04:02:02: [basecommands.smx] "Console<0><Console><Console>" changed cvar (cvar "nb_update_frequency") (value "0.03")
L 06/08/2021 - 21:06:57: [admincheats.smx] <Wojo><STEAM_0:0:61540295><173.62.111.24> was prevented from running cheat command 'noclip'
L 06/09/2021 - 04:00:03: Log file closed.
