L 08/05/2020 - 02:58:48: SourceMod log file session started (file "/hlserver/tf2/tf/addons/sourcemod/logs/L20200805.log") (Version "1.10.0.6490")
L 08/05/2020 - 02:58:48: [tf2items_giveweapon.smx] "jiim jaam<82><[U:1:109549249]><>" gave a permanent weapon 28 to "jiim jaam<82><[U:1:109549249]><>"
L 08/05/2020 - 02:58:52: [funcommands.smx] "jiim jaam<82><[U:1:109549249]><>" toggled noclip on "jiim jaam<82><[U:1:109549249]><>"
L 08/05/2020 - 02:59:49: [basecommands.smx] "jiim jaam<82><[U:1:109549249]><>" changed map to "pl_upward"
L 08/05/2020 - 02:59:52: [SM] Changed map to "pl_upward"
L 08/05/2020 - 02:59:54: -------- Mapchange to pl_upward --------
L 08/05/2020 - 03:00:01: [tf2items_giveweapon.smx] [TF2Items GiveWeapon]2041_viewmodel: Preparing models/weapons/c_models/c_v_ludmila/c_v_ludmila.mdl
L 08/05/2020 - 03:00:01: [tf2items_giveweapon.smx] [TF2Items GiveWeapon]2058_model: cannot find valid model models/custom/weapons/antehgen/urinejar.mdl, skipping
L 08/05/2020 - 03:00:01: [tf2items_giveweapon.smx] [TF2Items GiveWeapon]2058_viewmodel: cannot find valid model models/custom/weapons/antehgen/urinejar.mdl, skipping
L 08/05/2020 - 03:00:01: [tf2items_giveweapon.smx] [TF2Items GiveWeapon]2171_model: cannot find valid model models/advancedweaponiser/w_sickle_sniper.mdl, skipping
L 08/05/2020 - 03:00:01: [tf2items_giveweapon.smx] [TF2Items GiveWeapon]2171_viewmodel: cannot find valid model models/advancedweaponiser/w_sickle_sniper.mdl, skipping
L 08/05/2020 - 03:00:01: [tf2items_giveweapon.smx] [TF2Items GiveWeapon]2197_model: cannot find valid model models/custom/weapons/rebelscurse/c_wrench_v2.mdl, skipping
L 08/05/2020 - 03:00:01: [tf2items_giveweapon.smx] [TF2Items GiveWeapon]2197_viewmodel: cannot find valid model models/custom/weapons/rebelscurse/c_wrench_v2.mdl, skipping
L 08/05/2020 - 03:00:01: [tf2items_giveweapon.smx] [TF2Items GiveWeapon]2228_model: cannot find valid model models/advancedweaponiser/fbomb/c_fbomb.mdl, skipping
L 08/05/2020 - 03:00:01: [tf2items_giveweapon.smx] [TF2Items GiveWeapon]2228_viewmodel: cannot find valid model models/advancedweaponiser/fbomb/c_fbomb.mdl, skipping
L 08/05/2020 - 03:00:01: [tf2items_giveweapon.smx] [TF2Items GiveWeapon]5142_viewmodel: cannot find valid model models/custom/weapons/goldslinger/c_engineer_gunslinger.mdl, skipping
L 08/05/2020 - 03:00:02: [basecommands.smx] "Console<0><Console><Console>" changed cvar (cvar "nb_update_frequency") (value "0")
L 08/05/2020 - 03:57:00: [mapchooser.smx] Voting for next map has started.
L 08/05/2020 - 16:56:31: [SM] Changed map to "arena_ravine"
L 08/05/2020 - 16:56:32: -------- Mapchange to arena_ravine --------
L 08/05/2020 - 16:56:38: [tf2items_giveweapon.smx] [TF2Items GiveWeapon]2041_viewmodel: Preparing models/weapons/c_models/c_v_ludmila/c_v_ludmila.mdl
L 08/05/2020 - 16:56:38: [tf2items_giveweapon.smx] [TF2Items GiveWeapon]2058_model: cannot find valid model models/custom/weapons/antehgen/urinejar.mdl, skipping
L 08/05/2020 - 16:56:38: [tf2items_giveweapon.smx] [TF2Items GiveWeapon]2058_viewmodel: cannot find valid model models/custom/weapons/antehgen/urinejar.mdl, skipping
L 08/05/2020 - 16:56:38: [tf2items_giveweapon.smx] [TF2Items GiveWeapon]2171_model: cannot find valid model models/advancedweaponiser/w_sickle_sniper.mdl, skipping
L 08/05/2020 - 16:56:38: [tf2items_giveweapon.smx] [TF2Items GiveWeapon]2171_viewmodel: cannot find valid model models/advancedweaponiser/w_sickle_sniper.mdl, skipping
L 08/05/2020 - 16:56:38: [tf2items_giveweapon.smx] [TF2Items GiveWeapon]2197_model: cannot find valid model models/custom/weapons/rebelscurse/c_wrench_v2.mdl, skipping
L 08/05/2020 - 16:56:38: [tf2items_giveweapon.smx] [TF2Items GiveWeapon]2197_viewmodel: cannot find valid model models/custom/weapons/rebelscurse/c_wrench_v2.mdl, skipping
L 08/05/2020 - 16:56:38: [tf2items_giveweapon.smx] [TF2Items GiveWeapon]2228_model: cannot find valid model models/advancedweaponiser/fbomb/c_fbomb.mdl, skipping
L 08/05/2020 - 16:56:38: [tf2items_giveweapon.smx] [TF2Items GiveWeapon]2228_viewmodel: cannot find valid model models/advancedweaponiser/fbomb/c_fbomb.mdl, skipping
L 08/05/2020 - 16:56:38: [tf2items_giveweapon.smx] [TF2Items GiveWeapon]5142_viewmodel: cannot find valid model models/custom/weapons/goldslinger/c_engineer_gunslinger.mdl, skipping
L 08/05/2020 - 16:56:39: [basecommands.smx] "Console<0><Console><Console>" changed cvar (cvar "nb_update_frequency") (value "0")
L 08/05/2020 - 17:53:37: [mapchooser.smx] Voting for next map has started.
L 08/06/2020 - 00:06:31: Log file closed.
