L 08/08/2020 - 00:24:50: SourceMod log file session started (file "/hlserver/tf2/tf/addons/sourcemod/logs/L20200808.log") (Version "1.10.0.6490")
L 08/08/2020 - 00:24:50: [SM] Changed map to "pl_enclosure_final"
L 08/08/2020 - 00:24:54: -------- Mapchange to pl_enclosure_final --------
L 08/08/2020 - 00:25:01: [tf2items_giveweapon.smx] [TF2Items GiveWeapon]2041_viewmodel: Preparing models/weapons/c_models/c_v_ludmila/c_v_ludmila.mdl
L 08/08/2020 - 00:25:01: [tf2items_giveweapon.smx] [TF2Items GiveWeapon]2058_model: cannot find valid model models/custom/weapons/antehgen/urinejar.mdl, skipping
L 08/08/2020 - 00:25:01: [tf2items_giveweapon.smx] [TF2Items GiveWeapon]2058_viewmodel: cannot find valid model models/custom/weapons/antehgen/urinejar.mdl, skipping
L 08/08/2020 - 00:25:01: [tf2items_giveweapon.smx] [TF2Items GiveWeapon]2171_model: cannot find valid model models/advancedweaponiser/w_sickle_sniper.mdl, skipping
L 08/08/2020 - 00:25:01: [tf2items_giveweapon.smx] [TF2Items GiveWeapon]2171_viewmodel: cannot find valid model models/advancedweaponiser/w_sickle_sniper.mdl, skipping
L 08/08/2020 - 00:25:01: [tf2items_giveweapon.smx] [TF2Items GiveWeapon]2197_model: cannot find valid model models/custom/weapons/rebelscurse/c_wrench_v2.mdl, skipping
L 08/08/2020 - 00:25:01: [tf2items_giveweapon.smx] [TF2Items GiveWeapon]2197_viewmodel: cannot find valid model models/custom/weapons/rebelscurse/c_wrench_v2.mdl, skipping
L 08/08/2020 - 00:25:01: [tf2items_giveweapon.smx] [TF2Items GiveWeapon]2228_model: cannot find valid model models/advancedweaponiser/fbomb/c_fbomb.mdl, skipping
L 08/08/2020 - 00:25:01: [tf2items_giveweapon.smx] [TF2Items GiveWeapon]2228_viewmodel: cannot find valid model models/advancedweaponiser/fbomb/c_fbomb.mdl, skipping
L 08/08/2020 - 00:25:01: [tf2items_giveweapon.smx] [TF2Items GiveWeapon]5142_viewmodel: cannot find valid model models/custom/weapons/goldslinger/c_engineer_gunslinger.mdl, skipping
L 08/08/2020 - 00:25:02: [basecommands.smx] "Console<0><Console><Console>" changed cvar (cvar "nb_update_frequency") (value "0")
L 08/08/2020 - 01:22:00: [mapchooser.smx] Voting for next map has started.
L 08/08/2020 - 03:49:09: [basecommands.smx] "???<7><[U:1:109549249]><>" changed map to "plr_hightower"
L 08/08/2020 - 03:49:12: [SM] Changed map to "plr_hightower"
L 08/08/2020 - 03:49:13: -------- Mapchange to plr_hightower --------
L 08/08/2020 - 03:49:19: [tf2items_giveweapon.smx] [TF2Items GiveWeapon]2041_viewmodel: Preparing models/weapons/c_models/c_v_ludmila/c_v_ludmila.mdl
L 08/08/2020 - 03:49:19: [tf2items_giveweapon.smx] [TF2Items GiveWeapon]2058_model: cannot find valid model models/custom/weapons/antehgen/urinejar.mdl, skipping
L 08/08/2020 - 03:49:19: [tf2items_giveweapon.smx] [TF2Items GiveWeapon]2058_viewmodel: cannot find valid model models/custom/weapons/antehgen/urinejar.mdl, skipping
L 08/08/2020 - 03:49:19: [tf2items_giveweapon.smx] [TF2Items GiveWeapon]2171_model: cannot find valid model models/advancedweaponiser/w_sickle_sniper.mdl, skipping
L 08/08/2020 - 03:49:19: [tf2items_giveweapon.smx] [TF2Items GiveWeapon]2171_viewmodel: cannot find valid model models/advancedweaponiser/w_sickle_sniper.mdl, skipping
L 08/08/2020 - 03:49:19: [tf2items_giveweapon.smx] [TF2Items GiveWeapon]2197_model: cannot find valid model models/custom/weapons/rebelscurse/c_wrench_v2.mdl, skipping
L 08/08/2020 - 03:49:19: [tf2items_giveweapon.smx] [TF2Items GiveWeapon]2197_viewmodel: cannot find valid model models/custom/weapons/rebelscurse/c_wrench_v2.mdl, skipping
L 08/08/2020 - 03:49:19: [tf2items_giveweapon.smx] [TF2Items GiveWeapon]2228_model: cannot find valid model models/advancedweaponiser/fbomb/c_fbomb.mdl, skipping
L 08/08/2020 - 03:49:19: [tf2items_giveweapon.smx] [TF2Items GiveWeapon]2228_viewmodel: cannot find valid model models/advancedweaponiser/fbomb/c_fbomb.mdl, skipping
L 08/08/2020 - 03:49:19: [tf2items_giveweapon.smx] [TF2Items GiveWeapon]5142_viewmodel: cannot find valid model models/custom/weapons/goldslinger/c_engineer_gunslinger.mdl, skipping
L 08/08/2020 - 03:49:19: [basecommands.smx] "Console<0><Console><Console>" changed cvar (cvar "nb_update_frequency") (value "0")
L 08/08/2020 - 03:49:47: [tf2items_giveweapon.smx] "???<7><[U:1:109549249]><>" gave a permanent weapon 28 to "???<7><[U:1:109549249]><>"
L 08/08/2020 - 03:50:52: [funcommands.smx] "???<7><[U:1:109549249]><>" toggled noclip on "???<7><[U:1:109549249]><>"
L 08/08/2020 - 06:11:36: [mapchooser.smx] Voting for next map has started.
L 08/09/2020 - 03:28:32: Log file closed.
