L 06/02/2021 - 02:54:39: SourceMod log file session started (file "/hlserver/tf2/tf/addons/sourcemod/logs/L20210602.log") (Version "1.10.0.6490")
L 06/02/2021 - 02:54:39: [funcommands.smx] "gal pal<41><[U:1:298643660]><>" toggled noclip on "gal pal<41><[U:1:298643660]><>"
L 06/02/2021 - 02:55:19: [funcommands.smx] "trans gaming<42><[U:1:109549249]><>" toggled noclip on "trans gaming<42><[U:1:109549249]><>"
L 06/02/2021 - 02:55:57: [funcommands.smx] "trans gaming<42><[U:1:109549249]><>" toggled noclip on "trans gaming<42><[U:1:109549249]><>"
L 06/02/2021 - 03:08:34: [funcommands.smx] "trans gaming<42><[U:1:109549249]><>" toggled noclip on "trans gaming<42><[U:1:109549249]><>"
L 06/02/2021 - 03:08:45: [funcommands.smx] "trans gaming<42><[U:1:109549249]><>" toggled noclip on "trans gaming<42><[U:1:109549249]><>"
L 06/02/2021 - 03:16:16: [admincheats.smx] <trans gaming><STEAM_0:1:54774624><71.60.110.145> ran cheat command 'ent_create'
L 06/02/2021 - 03:16:21: [admincheats.smx] <trans gaming><STEAM_0:1:54774624><71.60.110.145> ran cheat command 'ent_remove_all'
L 06/02/2021 - 03:16:28: [funcommands.smx] "trans gaming<42><[U:1:109549249]><>" toggled noclip on "trans gaming<42><[U:1:109549249]><>"
L 06/02/2021 - 03:16:33: [funcommands.smx] "trans gaming<42><[U:1:109549249]><>" toggled noclip on "trans gaming<42><[U:1:109549249]><>"
L 06/02/2021 - 03:16:36: [admincheats.smx] <trans gaming><STEAM_0:1:54774624><71.60.110.145> ran cheat command 'ent_create'
L 06/02/2021 - 03:16:42: [funcommands.smx] "trans gaming<42><[U:1:109549249]><>" toggled noclip on "trans gaming<42><[U:1:109549249]><>"
L 06/02/2021 - 03:20:04: [funcommands.smx] "trans gaming<42><[U:1:109549249]><>" toggled noclip on "trans gaming<42><[U:1:109549249]><>"
L 06/02/2021 - 03:20:09: [funcommands.smx] "trans gaming<42><[U:1:109549249]><>" toggled noclip on "trans gaming<42><[U:1:109549249]><>"
L 06/02/2021 - 03:24:21: [basecommands.smx] "Console<0><Console><Console>" changed map to "plr_hightower"
L 06/02/2021 - 03:24:24: [SM] Changed map to "plr_hightower"
L 06/02/2021 - 03:24:25: -------- Mapchange to plr_hightower --------
L 06/02/2021 - 03:24:34: [tf2items_giveweapon.smx] [TF2Items GiveWeapon]2041_viewmodel: Preparing models/weapons/c_models/c_v_ludmila/c_v_ludmila.mdl
L 06/02/2021 - 03:24:34: [tf2items_giveweapon.smx] [TF2Items GiveWeapon]2058_model: cannot find valid model models/custom/weapons/antehgen/urinejar.mdl, skipping
L 06/02/2021 - 03:24:34: [tf2items_giveweapon.smx] [TF2Items GiveWeapon]2058_viewmodel: cannot find valid model models/custom/weapons/antehgen/urinejar.mdl, skipping
L 06/02/2021 - 03:24:34: [tf2items_giveweapon.smx] [TF2Items GiveWeapon]2171_model: cannot find valid model models/advancedweaponiser/w_sickle_sniper.mdl, skipping
L 06/02/2021 - 03:24:34: [tf2items_giveweapon.smx] [TF2Items GiveWeapon]2171_viewmodel: cannot find valid model models/advancedweaponiser/w_sickle_sniper.mdl, skipping
L 06/02/2021 - 03:24:34: [tf2items_giveweapon.smx] [TF2Items GiveWeapon]2197_model: cannot find valid model models/custom/weapons/rebelscurse/c_wrench_v2.mdl, skipping
L 06/02/2021 - 03:24:34: [tf2items_giveweapon.smx] [TF2Items GiveWeapon]2197_viewmodel: cannot find valid model models/custom/weapons/rebelscurse/c_wrench_v2.mdl, skipping
L 06/02/2021 - 03:24:34: [tf2items_giveweapon.smx] [TF2Items GiveWeapon]2228_model: cannot find valid model models/advancedweaponiser/fbomb/c_fbomb.mdl, skipping
L 06/02/2021 - 03:24:34: [tf2items_giveweapon.smx] [TF2Items GiveWeapon]2228_viewmodel: cannot find valid model models/advancedweaponiser/fbomb/c_fbomb.mdl, skipping
L 06/02/2021 - 03:24:34: [tf2items_giveweapon.smx] [TF2Items GiveWeapon]5142_viewmodel: cannot find valid model models/custom/weapons/goldslinger/c_engineer_gunslinger.mdl, skipping
L 06/02/2021 - 03:24:36: [basecommands.smx] "Console<0><Console><Console>" changed cvar (cvar "nb_update_frequency") (value "0.03")
L 06/02/2021 - 04:00:36: [ScheduledShutdown.smx] Server shutdown warning.
L 06/02/2021 - 04:00:46: [ScheduledShutdown.smx] Server shutdown.
L 06/02/2021 - 04:00:47: [stac.smx] [StAC] File handle invalid!
L 06/02/2021 - 04:00:47: [stac.smx] [StAC] Plugin vers. ---- 4.5.1 ---- unloaded
L 06/02/2021 - 04:00:47: Log file closed.
L 06/02/2021 - 04:01:51: SourceMod log file session started (file "/hlserver/tf2/tf/addons/sourcemod/logs/L20210602.log") (Version "1.10.0.6490")
L 06/02/2021 - 04:01:51: [TF2ITEMS] "GiveNamedItem" offset = 484
L 06/02/2021 - 04:01:51: [auto_steam_update.smx] HUD text is supported on this mod. The persistant timer will display.
L 06/02/2021 - 04:01:51: [simple-chatprocessor.smx] [SCP] Recognized mod [Team Fortress 2].
L 06/02/2021 - 04:01:51: [simple-chatprocessor.smx] [SCP] Loading translation file [scp.tf.phrases].
L 06/02/2021 - 04:02:04: [tf2items_giveweapon.smx] [TF2Items GiveWeapon]2041_viewmodel: Preparing models/weapons/c_models/c_v_ludmila/c_v_ludmila.mdl
L 06/02/2021 - 04:02:04: [tf2items_giveweapon.smx] [TF2Items GiveWeapon]2058_model: cannot find valid model models/custom/weapons/antehgen/urinejar.mdl, skipping
L 06/02/2021 - 04:02:04: [tf2items_giveweapon.smx] [TF2Items GiveWeapon]2058_viewmodel: cannot find valid model models/custom/weapons/antehgen/urinejar.mdl, skipping
L 06/02/2021 - 04:02:04: [tf2items_giveweapon.smx] [TF2Items GiveWeapon]2171_model: cannot find valid model models/advancedweaponiser/w_sickle_sniper.mdl, skipping
L 06/02/2021 - 04:02:04: [tf2items_giveweapon.smx] [TF2Items GiveWeapon]2171_viewmodel: cannot find valid model models/advancedweaponiser/w_sickle_sniper.mdl, skipping
L 06/02/2021 - 04:02:04: [tf2items_giveweapon.smx] [TF2Items GiveWeapon]2197_model: cannot find valid model models/custom/weapons/rebelscurse/c_wrench_v2.mdl, skipping
L 06/02/2021 - 04:02:04: [tf2items_giveweapon.smx] [TF2Items GiveWeapon]2197_viewmodel: cannot find valid model models/custom/weapons/rebelscurse/c_wrench_v2.mdl, skipping
L 06/02/2021 - 04:02:04: [tf2items_giveweapon.smx] [TF2Items GiveWeapon]2228_model: cannot find valid model models/advancedweaponiser/fbomb/c_fbomb.mdl, skipping
L 06/02/2021 - 04:02:04: [tf2items_giveweapon.smx] [TF2Items GiveWeapon]2228_viewmodel: cannot find valid model models/advancedweaponiser/fbomb/c_fbomb.mdl, skipping
L 06/02/2021 - 04:02:04: [tf2items_giveweapon.smx] [TF2Items GiveWeapon]5142_viewmodel: cannot find valid model models/custom/weapons/goldslinger/c_engineer_gunslinger.mdl, skipping
L 06/02/2021 - 04:02:05: [basecommands.smx] "Console<0><Console><Console>" changed cvar (cvar "nb_update_frequency") (value "0.03")
L 06/03/2021 - 04:00:05: Log file closed.
