L 05/25/2021 - 04:00:14: SourceMod log file session started (file "/hlserver/tf2/tf/addons/sourcemod/logs/L20210525.log") (Version "1.10.0.6490")
L 05/25/2021 - 04:00:14: [ScheduledShutdown.smx] Server shutdown warning.
L 05/25/2021 - 04:00:24: [ScheduledShutdown.smx] Server shutdown.
L 05/25/2021 - 04:00:25: [stac.smx] [StAC] File handle invalid!
L 05/25/2021 - 04:00:25: [stac.smx] [StAC] Plugin vers. ---- 4.5.1 ---- unloaded
L 05/25/2021 - 04:00:25: Log file closed.
L 05/25/2021 - 04:01:14: SourceMod log file session started (file "/hlserver/tf2/tf/addons/sourcemod/logs/L20210525.log") (Version "1.10.0.6490")
L 05/25/2021 - 04:01:14: [TF2ITEMS] "GiveNamedItem" offset = 484
L 05/25/2021 - 04:01:14: [auto_steam_update.smx] HUD text is supported on this mod. The persistant timer will display.
L 05/25/2021 - 04:01:14: [simple-chatprocessor.smx] [SCP] Recognized mod [Team Fortress 2].
L 05/25/2021 - 04:01:14: [simple-chatprocessor.smx] [SCP] Loading translation file [scp.tf.phrases].
L 05/25/2021 - 04:01:24: [tf2items_giveweapon.smx] [TF2Items GiveWeapon]2041_viewmodel: Preparing models/weapons/c_models/c_v_ludmila/c_v_ludmila.mdl
L 05/25/2021 - 04:01:24: [tf2items_giveweapon.smx] [TF2Items GiveWeapon]2058_model: cannot find valid model models/custom/weapons/antehgen/urinejar.mdl, skipping
L 05/25/2021 - 04:01:24: [tf2items_giveweapon.smx] [TF2Items GiveWeapon]2058_viewmodel: cannot find valid model models/custom/weapons/antehgen/urinejar.mdl, skipping
L 05/25/2021 - 04:01:24: [tf2items_giveweapon.smx] [TF2Items GiveWeapon]2171_model: cannot find valid model models/advancedweaponiser/w_sickle_sniper.mdl, skipping
L 05/25/2021 - 04:01:24: [tf2items_giveweapon.smx] [TF2Items GiveWeapon]2171_viewmodel: cannot find valid model models/advancedweaponiser/w_sickle_sniper.mdl, skipping
L 05/25/2021 - 04:01:24: [tf2items_giveweapon.smx] [TF2Items GiveWeapon]2197_model: cannot find valid model models/custom/weapons/rebelscurse/c_wrench_v2.mdl, skipping
L 05/25/2021 - 04:01:24: [tf2items_giveweapon.smx] [TF2Items GiveWeapon]2197_viewmodel: cannot find valid model models/custom/weapons/rebelscurse/c_wrench_v2.mdl, skipping
L 05/25/2021 - 04:01:24: [tf2items_giveweapon.smx] [TF2Items GiveWeapon]2228_model: cannot find valid model models/advancedweaponiser/fbomb/c_fbomb.mdl, skipping
L 05/25/2021 - 04:01:24: [tf2items_giveweapon.smx] [TF2Items GiveWeapon]2228_viewmodel: cannot find valid model models/advancedweaponiser/fbomb/c_fbomb.mdl, skipping
L 05/25/2021 - 04:01:24: [tf2items_giveweapon.smx] [TF2Items GiveWeapon]5142_viewmodel: cannot find valid model models/custom/weapons/goldslinger/c_engineer_gunslinger.mdl, skipping
L 05/25/2021 - 04:01:25: [basecommands.smx] "Console<0><Console><Console>" changed cvar (cvar "nb_update_frequency") (value "0.03")
L 05/25/2021 - 19:59:53: [funvotes.smx] "gal pal<8><[U:1:298643660]><>" initiated a gravity vote.
L 05/25/2021 - 20:00:14: [funvotes.smx] Changing gravity to 200 due to vote.
L 05/25/2021 - 20:01:53: [funcommands.smx] "gal pal<8><[U:1:298643660]><>" set blind on "Mogg<4><[U:1:395718153]><>" (amount "240")
L 05/25/2021 - 20:02:50: [funcommands.smx] "gal pal<8><[U:1:298643660]><>" set blind on "Mogg<4><[U:1:395718153]><>" (amount "0")
L 05/25/2021 - 20:03:06: [funvotes.smx] "gal pal<8><[U:1:298643660]><>" initiated a gravity vote.
L 05/25/2021 - 20:03:27: [funvotes.smx] Changing gravity to 800 due to vote.
L 05/25/2021 - 20:05:48: [funcommands.smx] "gal pal<8><[U:1:298643660]><>" toggled noclip on "Gweenie<11><[U:1:1127474078]><>"
L 05/25/2021 - 20:05:55: [admincheats.smx] <Gweenie><STEAM_0:0:563737039><100.33.120.116> was prevented from running cheat command 'noclip'
L 05/25/2021 - 20:06:10: [admincheats.smx] <Gweenie><STEAM_0:0:563737039><100.33.120.116> was prevented from running cheat command 'noclip'
L 05/25/2021 - 20:09:05: [funcommands.smx] "gal pal<8><[U:1:298643660]><>" toggled noclip on "gal pal<8><[U:1:298643660]><>"
L 05/25/2021 - 20:09:09: [funcommands.smx] "gal pal<8><[U:1:298643660]><>" toggled noclip on "Gweenie<11><[U:1:1127474078]><>"
L 05/25/2021 - 20:09:13: [funcommands.smx] "gal pal<8><[U:1:298643660]><>" toggled noclip on "Gweenie<11><[U:1:1127474078]><>"
L 05/25/2021 - 20:13:29: [playercommands.smx] "gal pal<8><[U:1:298643660]><>" slapped "Zumoshijiku<3><[U:1:491485559]><>" (damage "5")
L 05/25/2021 - 20:13:30: [playercommands.smx] "gal pal<8><[U:1:298643660]><>" slapped "Mogg<4><[U:1:395718153]><>" (damage "5")
L 05/25/2021 - 20:13:31: [playercommands.smx] "gal pal<8><[U:1:298643660]><>" slapped "Gweenie<11><[U:1:1127474078]><>" (damage "5")
L 05/25/2021 - 20:13:32: [playercommands.smx] "gal pal<8><[U:1:298643660]><>" slapped "Dr. Cranjis "The Nut Thief"<10><[U:1:392793853]><>" (damage "5")
L 05/25/2021 - 20:13:34: [playercommands.smx] "gal pal<8><[U:1:298643660]><>" slapped "Sleepy Weeb<12><[U:1:111889357]><>" (damage "5")
L 05/26/2021 - 00:02:36: Log file closed.
