L 06/25/2021 - 04:00:27: SourceMod log file session started (file "/hlserver/tf2/tf/addons/sourcemod/logs/L20210625.log") (Version "1.10.0.6490")
L 06/25/2021 - 04:00:27: [ScheduledShutdown.smx] Server shutdown warning.
L 06/25/2021 - 04:00:37: [ScheduledShutdown.smx] Server shutdown.
L 06/25/2021 - 04:00:38: [stac.smx] [StAC] File handle invalid!
L 06/25/2021 - 04:00:38: [stac.smx] [StAC] Plugin vers. ---- 5.0.7 ---- unloaded
L 06/25/2021 - 04:00:38: Log file closed.
L 06/25/2021 - 04:01:25: SourceMod log file session started (file "/hlserver/tf2/tf/addons/sourcemod/logs/L20210625.log") (Version "1.10.0.6490")
L 06/25/2021 - 04:01:25: [TF2ITEMS] "GiveNamedItem" offset = 485
L 06/25/2021 - 04:01:25: [auto_steam_update.smx] HUD text is supported on this mod. The persistant timer will display.
L 06/25/2021 - 04:01:25: [simple-chatprocessor.smx] [SCP] Recognized mod [Team Fortress 2].
L 06/25/2021 - 04:01:25: [simple-chatprocessor.smx] [SCP] Loading translation file [scp.tf.phrases].
L 06/25/2021 - 04:01:25: [stac.smx] [StAC] File handle invalid!
L 06/25/2021 - 04:01:25: [stac.smx] [StAC] Plugin vers. ---- 5.0.7 ---- loaded
L 06/25/2021 - 04:01:33: [tf2items_giveweapon.smx] [TF2Items GiveWeapon]2041_viewmodel: Preparing models/weapons/c_models/c_v_ludmila/c_v_ludmila.mdl
L 06/25/2021 - 04:01:33: [tf2items_giveweapon.smx] [TF2Items GiveWeapon]2058_model: cannot find valid model models/custom/weapons/antehgen/urinejar.mdl, skipping
L 06/25/2021 - 04:01:33: [tf2items_giveweapon.smx] [TF2Items GiveWeapon]2058_viewmodel: cannot find valid model models/custom/weapons/antehgen/urinejar.mdl, skipping
L 06/25/2021 - 04:01:33: [tf2items_giveweapon.smx] [TF2Items GiveWeapon]2171_model: cannot find valid model models/advancedweaponiser/w_sickle_sniper.mdl, skipping
L 06/25/2021 - 04:01:33: [tf2items_giveweapon.smx] [TF2Items GiveWeapon]2171_viewmodel: cannot find valid model models/advancedweaponiser/w_sickle_sniper.mdl, skipping
L 06/25/2021 - 04:01:33: [tf2items_giveweapon.smx] [TF2Items GiveWeapon]2197_model: cannot find valid model models/custom/weapons/rebelscurse/c_wrench_v2.mdl, skipping
L 06/25/2021 - 04:01:33: [tf2items_giveweapon.smx] [TF2Items GiveWeapon]2197_viewmodel: cannot find valid model models/custom/weapons/rebelscurse/c_wrench_v2.mdl, skipping
L 06/25/2021 - 04:01:33: [tf2items_giveweapon.smx] [TF2Items GiveWeapon]2228_model: cannot find valid model models/advancedweaponiser/fbomb/c_fbomb.mdl, skipping
L 06/25/2021 - 04:01:33: [tf2items_giveweapon.smx] [TF2Items GiveWeapon]2228_viewmodel: cannot find valid model models/advancedweaponiser/fbomb/c_fbomb.mdl, skipping
L 06/25/2021 - 04:01:33: [tf2items_giveweapon.smx] [TF2Items GiveWeapon]5142_viewmodel: cannot find valid model models/custom/weapons/goldslinger/c_engineer_gunslinger.mdl, skipping
L 06/25/2021 - 04:01:34: [basecommands.smx] "Console<0><Console><Console>" changed cvar (cvar "nb_update_frequency") (value "0.03")
L 06/25/2021 - 19:30:17: [SM] Changed map to "arena_byre"
L 06/25/2021 - 19:30:19: -------- Mapchange to arena_byre --------
L 06/25/2021 - 19:30:29: [tf2items_giveweapon.smx] [TF2Items GiveWeapon]2041_viewmodel: Preparing models/weapons/c_models/c_v_ludmila/c_v_ludmila.mdl
L 06/25/2021 - 19:30:29: [tf2items_giveweapon.smx] [TF2Items GiveWeapon]2058_model: cannot find valid model models/custom/weapons/antehgen/urinejar.mdl, skipping
L 06/25/2021 - 19:30:29: [tf2items_giveweapon.smx] [TF2Items GiveWeapon]2058_viewmodel: cannot find valid model models/custom/weapons/antehgen/urinejar.mdl, skipping
L 06/25/2021 - 19:30:29: [tf2items_giveweapon.smx] [TF2Items GiveWeapon]2171_model: cannot find valid model models/advancedweaponiser/w_sickle_sniper.mdl, skipping
L 06/25/2021 - 19:30:29: [tf2items_giveweapon.smx] [TF2Items GiveWeapon]2171_viewmodel: cannot find valid model models/advancedweaponiser/w_sickle_sniper.mdl, skipping
L 06/25/2021 - 19:30:29: [tf2items_giveweapon.smx] [TF2Items GiveWeapon]2197_model: cannot find valid model models/custom/weapons/rebelscurse/c_wrench_v2.mdl, skipping
L 06/25/2021 - 19:30:29: [tf2items_giveweapon.smx] [TF2Items GiveWeapon]2197_viewmodel: cannot find valid model models/custom/weapons/rebelscurse/c_wrench_v2.mdl, skipping
L 06/25/2021 - 19:30:29: [tf2items_giveweapon.smx] [TF2Items GiveWeapon]2228_model: cannot find valid model models/advancedweaponiser/fbomb/c_fbomb.mdl, skipping
L 06/25/2021 - 19:30:29: [tf2items_giveweapon.smx] [TF2Items GiveWeapon]2228_viewmodel: cannot find valid model models/advancedweaponiser/fbomb/c_fbomb.mdl, skipping
L 06/25/2021 - 19:30:29: [tf2items_giveweapon.smx] [TF2Items GiveWeapon]5142_viewmodel: cannot find valid model models/custom/weapons/goldslinger/c_engineer_gunslinger.mdl, skipping
L 06/25/2021 - 19:30:30: [basecommands.smx] "Console<0><Console><Console>" changed cvar (cvar "nb_update_frequency") (value "0.03")
L 06/25/2021 - 23:44:24: [admincheats.smx] <I AM THE ONE WHO RUNS><STEAM_0:1:108813807><50.65.119.182> was prevented from running cheat command 'noclip'
L 06/25/2021 - 23:44:24: [admincheats.smx] <I AM THE ONE WHO RUNS><STEAM_0:1:108813807><50.65.119.182> was prevented from running cheat command 'hurtme'
L 06/26/2021 - 04:00:30: Log file closed.
