L 09/09/2021 - 00:09:23: SourceMod log file session started (file "/hlserver/tf2/tf/addons/sourcemod/logs/L20210909.log") (Version "1.10.0.6490")
L 09/09/2021 - 00:09:23: [funcommands.smx] "ashley<13><[U:1:109549249]><>" toggled noclip on "ashley<13><[U:1:109549249]><>"
L 09/09/2021 - 00:09:25: [funcommands.smx] "ashley<13><[U:1:109549249]><>" toggled noclip on "ashley<13><[U:1:109549249]><>"
L 09/09/2021 - 00:11:13: [funcommands.smx] "ashley<13><[U:1:109549249]><>" toggled noclip on "ashley<13><[U:1:109549249]><>"
L 09/09/2021 - 00:11:19: [funcommands.smx] "ashley<13><[U:1:109549249]><>" toggled noclip on "ashley<13><[U:1:109549249]><>"
L 09/09/2021 - 00:12:45: [admincheats.smx] <ashley><STEAM_0:1:54774624><71.60.110.145> ran cheat command 'ent_create'
L 09/09/2021 - 00:12:53: [admincheats.smx] <ashley><STEAM_0:1:54774624><71.60.110.145> ran cheat command 'ent_remove_all'
L 09/09/2021 - 00:28:07: [funcommands.smx] "ashley<13><[U:1:109549249]><>" toggled noclip on "ashley<13><[U:1:109549249]><>"
L 09/09/2021 - 00:28:08: [funcommands.smx] "ashley<13><[U:1:109549249]><>" toggled noclip on "ashley<13><[U:1:109549249]><>"
L 09/09/2021 - 00:28:09: [funcommands.smx] "ashley<13><[U:1:109549249]><>" toggled noclip on "ashley<13><[U:1:109549249]><>"
L 09/09/2021 - 00:28:11: [funcommands.smx] "ashley<13><[U:1:109549249]><>" toggled noclip on "ashley<13><[U:1:109549249]><>"
L 09/09/2021 - 00:28:14: [funcommands.smx] "ashley<13><[U:1:109549249]><>" toggled noclip on "ashley<13><[U:1:109549249]><>"
L 09/09/2021 - 00:28:18: [funcommands.smx] "ashley<13><[U:1:109549249]><>" toggled noclip on "ashley<13><[U:1:109549249]><>"
L 09/09/2021 - 00:28:23: [funcommands.smx] "Bryony<20><[U:1:298643660]><>" toggled noclip on "Bryony<20><[U:1:298643660]><>"
L 09/09/2021 - 04:00:07: [ScheduledShutdown.smx] Server shutdown warning.
L 09/09/2021 - 04:00:17: [ScheduledShutdown.smx] Server shutdown.
L 09/09/2021 - 04:00:17: [stac.smx] [StAC] File handle invalid!
L 09/09/2021 - 04:00:17: [stac.smx] [StAC] Plugin vers. ---- 5.1.1 ---- unloaded
L 09/09/2021 - 04:00:18: Log file closed.
L 09/09/2021 - 04:00:57: SourceMod log file session started (file "/hlserver/tf2/tf/addons/sourcemod/logs/L20210909.log") (Version "1.10.0.6490")
L 09/09/2021 - 04:00:57: [TF2ITEMS] "GiveNamedItem" offset = 485
L 09/09/2021 - 04:00:57: [auto_steam_update.smx] HUD text is supported on this mod. The persistant timer will display.
L 09/09/2021 - 04:00:57: [simple-chatprocessor.smx] [SCP] Recognized mod [Team Fortress 2].
L 09/09/2021 - 04:00:57: [simple-chatprocessor.smx] [SCP] Loading translation file [scp.tf.phrases].
L 09/09/2021 - 04:00:57: [stac.smx] [StAC] File handle invalid!
L 09/09/2021 - 04:00:57: [stac.smx] [StAC] Plugin vers. ---- 5.1.1 ---- loaded
L 09/09/2021 - 04:01:07: [tf2items_giveweapon.smx] [TF2Items GiveWeapon]2041_viewmodel: Preparing models/weapons/c_models/c_v_ludmila/c_v_ludmila.mdl
L 09/09/2021 - 04:01:07: [tf2items_giveweapon.smx] [TF2Items GiveWeapon]2058_model: cannot find valid model models/custom/weapons/antehgen/urinejar.mdl, skipping
L 09/09/2021 - 04:01:07: [tf2items_giveweapon.smx] [TF2Items GiveWeapon]2058_viewmodel: cannot find valid model models/custom/weapons/antehgen/urinejar.mdl, skipping
L 09/09/2021 - 04:01:07: [tf2items_giveweapon.smx] [TF2Items GiveWeapon]2171_model: cannot find valid model models/advancedweaponiser/w_sickle_sniper.mdl, skipping
L 09/09/2021 - 04:01:07: [tf2items_giveweapon.smx] [TF2Items GiveWeapon]2171_viewmodel: cannot find valid model models/advancedweaponiser/w_sickle_sniper.mdl, skipping
L 09/09/2021 - 04:01:07: [tf2items_giveweapon.smx] [TF2Items GiveWeapon]2197_model: cannot find valid model models/custom/weapons/rebelscurse/c_wrench_v2.mdl, skipping
L 09/09/2021 - 04:01:07: [tf2items_giveweapon.smx] [TF2Items GiveWeapon]2197_viewmodel: cannot find valid model models/custom/weapons/rebelscurse/c_wrench_v2.mdl, skipping
L 09/09/2021 - 04:01:07: [tf2items_giveweapon.smx] [TF2Items GiveWeapon]2228_model: cannot find valid model models/advancedweaponiser/fbomb/c_fbomb.mdl, skipping
L 09/09/2021 - 04:01:07: [tf2items_giveweapon.smx] [TF2Items GiveWeapon]2228_viewmodel: cannot find valid model models/advancedweaponiser/fbomb/c_fbomb.mdl, skipping
L 09/09/2021 - 04:01:07: [tf2items_giveweapon.smx] [TF2Items GiveWeapon]5142_viewmodel: cannot find valid model models/custom/weapons/goldslinger/c_engineer_gunslinger.mdl, skipping
L 09/09/2021 - 04:01:07: [basecommands.smx] "Console<0><Console><Console>" changed cvar (cvar "nb_update_frequency") (value "0.03")
L 09/09/2021 - 04:01:07: [basecommands.smx] "Console<0><Console><Console>" changed cvar (cvar "fps_max") (value "0")
L 09/10/2021 - 04:00:08: Log file closed.
