L 12/04/2021 - 01:59:59: SourceMod log file session started (file "/hlserver/tf2/tf/addons/sourcemod/logs/L20211204.log") (Version "1.10.0.6512")
L 12/04/2021 - 01:59:59: [admincheats.smx] <rodrigez><STEAM_0:1:223772675><73.233.5.248> was prevented from running cheat command 'noclip'
L 12/04/2021 - 04:00:29: [ScheduledShutdown.smx] Server shutdown warning.
L 12/04/2021 - 04:00:39: [ScheduledShutdown.smx] Server shutdown.
L 12/04/2021 - 04:00:40: Log file closed.
L 12/04/2021 - 04:01:05: SourceMod log file session started (file "/hlserver/tf2/tf/addons/sourcemod/logs/L20211204.log") (Version "1.10.0.6512")
L 12/04/2021 - 04:01:05: [TF2ITEMS] "GiveNamedItem" offset = 488
L 12/04/2021 - 04:01:06: [auto_steam_update.smx] HUD text is supported on this mod. The persistant timer will display.
L 12/04/2021 - 04:01:06: [simple-chatprocessor.smx] [SCP] Recognized mod [Team Fortress 2].
L 12/04/2021 - 04:01:06: [simple-chatprocessor.smx] [SCP] Loading translation file [scp.tf.phrases].
L 12/04/2021 - 04:01:06: [stac.smx] [StAC] File handle invalid!
L 12/04/2021 - 04:01:15: [tf2items_giveweapon.smx] [TF2Items GiveWeapon]2041_viewmodel: Preparing models/weapons/c_models/c_v_ludmila/c_v_ludmila.mdl
L 12/04/2021 - 04:01:15: [tf2items_giveweapon.smx] [TF2Items GiveWeapon]2058_model: cannot find valid model models/custom/weapons/antehgen/urinejar.mdl, skipping
L 12/04/2021 - 04:01:15: [tf2items_giveweapon.smx] [TF2Items GiveWeapon]2058_viewmodel: cannot find valid model models/custom/weapons/antehgen/urinejar.mdl, skipping
L 12/04/2021 - 04:01:15: [tf2items_giveweapon.smx] [TF2Items GiveWeapon]2171_model: cannot find valid model models/advancedweaponiser/w_sickle_sniper.mdl, skipping
L 12/04/2021 - 04:01:15: [tf2items_giveweapon.smx] [TF2Items GiveWeapon]2171_viewmodel: cannot find valid model models/advancedweaponiser/w_sickle_sniper.mdl, skipping
L 12/04/2021 - 04:01:15: [tf2items_giveweapon.smx] [TF2Items GiveWeapon]2197_model: cannot find valid model models/custom/weapons/rebelscurse/c_wrench_v2.mdl, skipping
L 12/04/2021 - 04:01:15: [tf2items_giveweapon.smx] [TF2Items GiveWeapon]2197_viewmodel: cannot find valid model models/custom/weapons/rebelscurse/c_wrench_v2.mdl, skipping
L 12/04/2021 - 04:01:15: [tf2items_giveweapon.smx] [TF2Items GiveWeapon]2228_model: cannot find valid model models/advancedweaponiser/fbomb/c_fbomb.mdl, skipping
L 12/04/2021 - 04:01:15: [tf2items_giveweapon.smx] [TF2Items GiveWeapon]2228_viewmodel: cannot find valid model models/advancedweaponiser/fbomb/c_fbomb.mdl, skipping
L 12/04/2021 - 04:01:15: [tf2items_giveweapon.smx] [TF2Items GiveWeapon]5142_viewmodel: cannot find valid model models/custom/weapons/goldslinger/c_engineer_gunslinger.mdl, skipping
L 12/04/2021 - 04:01:16: [basecommands.smx] "Console<0><Console><Console>" changed cvar (cvar "nb_update_frequency") (value "0.03")
L 12/04/2021 - 04:01:16: [basecommands.smx] "Console<0><Console><Console>" changed cvar (cvar "fps_max") (value "0")
L 12/04/2021 - 06:34:14: SourceMod log file session started (file "/hlserver/tf2/tf/addons/sourcemod/logs/L20211204.log") (Version "1.10.0.6512")
L 12/04/2021 - 06:34:14: [TF2ITEMS] "GiveNamedItem" offset = 488
L 12/04/2021 - 06:34:14: [auto_steam_update.smx] HUD text is supported on this mod. The persistant timer will display.
L 12/04/2021 - 06:34:14: [simple-chatprocessor.smx] [SCP] Recognized mod [Team Fortress 2].
L 12/04/2021 - 06:34:14: [simple-chatprocessor.smx] [SCP] Loading translation file [scp.tf.phrases].
L 12/04/2021 - 06:34:15: [stac.smx] [StAC] File handle invalid!
L 12/04/2021 - 06:34:23: [tf2items_giveweapon.smx] [TF2Items GiveWeapon]2041_viewmodel: Preparing models/weapons/c_models/c_v_ludmila/c_v_ludmila.mdl
L 12/04/2021 - 06:34:23: [tf2items_giveweapon.smx] [TF2Items GiveWeapon]2058_model: cannot find valid model models/custom/weapons/antehgen/urinejar.mdl, skipping
L 12/04/2021 - 06:34:23: [tf2items_giveweapon.smx] [TF2Items GiveWeapon]2058_viewmodel: cannot find valid model models/custom/weapons/antehgen/urinejar.mdl, skipping
L 12/04/2021 - 06:34:23: [tf2items_giveweapon.smx] [TF2Items GiveWeapon]2171_model: cannot find valid model models/advancedweaponiser/w_sickle_sniper.mdl, skipping
L 12/04/2021 - 06:34:23: [tf2items_giveweapon.smx] [TF2Items GiveWeapon]2171_viewmodel: cannot find valid model models/advancedweaponiser/w_sickle_sniper.mdl, skipping
L 12/04/2021 - 06:34:23: [tf2items_giveweapon.smx] [TF2Items GiveWeapon]2197_model: cannot find valid model models/custom/weapons/rebelscurse/c_wrench_v2.mdl, skipping
L 12/04/2021 - 06:34:23: [tf2items_giveweapon.smx] [TF2Items GiveWeapon]2197_viewmodel: cannot find valid model models/custom/weapons/rebelscurse/c_wrench_v2.mdl, skipping
L 12/04/2021 - 06:34:23: [tf2items_giveweapon.smx] [TF2Items GiveWeapon]2228_model: cannot find valid model models/advancedweaponiser/fbomb/c_fbomb.mdl, skipping
L 12/04/2021 - 06:34:23: [tf2items_giveweapon.smx] [TF2Items GiveWeapon]2228_viewmodel: cannot find valid model models/advancedweaponiser/fbomb/c_fbomb.mdl, skipping
L 12/04/2021 - 06:34:23: [tf2items_giveweapon.smx] [TF2Items GiveWeapon]5142_viewmodel: cannot find valid model models/custom/weapons/goldslinger/c_engineer_gunslinger.mdl, skipping
L 12/04/2021 - 06:34:24: [basecommands.smx] "Console<0><Console><Console>" changed cvar (cvar "nb_update_frequency") (value "0.03")
L 12/04/2021 - 06:34:24: [basecommands.smx] "Console<0><Console><Console>" changed cvar (cvar "fps_max") (value "0")
L 12/04/2021 - 08:26:30: [funcommands.smx] "jiim jaam<7><[U:1:109549249]><>" toggled noclip on "jiim jaam<7><[U:1:109549249]><>"
L 12/04/2021 - 08:26:45: [admincheats.smx] <jiim jaam><STEAM_0:1:54774624><71.60.110.145> ran cheat command 'ent_create'
L 12/05/2021 - 01:22:44: Log file closed.
