L 12/22/2021 - 04:00:24: SourceMod log file session started (file "/home/tf2server/hlserver/tf2/tf/addons/sourcemod/logs/L20211222.log") (Version "1.10.0.6512")
L 12/22/2021 - 04:00:24: [ScheduledShutdown.smx] Server shutdown warning.
L 12/22/2021 - 04:00:34: [ScheduledShutdown.smx] Server shutdown.
L 12/22/2021 - 04:00:35: Log file closed.
L 12/22/2021 - 04:00:57: SourceMod log file session started (file "/home/tf2server/hlserver/tf2/tf/addons/sourcemod/logs/L20211222.log") (Version "1.10.0.6512")
L 12/22/2021 - 04:00:57: [TF2ITEMS] "GiveNamedItem" offset = 488
L 12/22/2021 - 04:00:57: [stac.smx] [StAC] File handle invalid!
L 12/22/2021 - 04:00:57: [simple-chatprocessor.smx] [SCP] Recognized mod [Team Fortress 2].
L 12/22/2021 - 04:00:57: [simple-chatprocessor.smx] [SCP] Loading translation file [scp.tf.phrases].
L 12/22/2021 - 04:01:08: [tf2items_giveweapon.smx] [TF2Items GiveWeapon]2041_viewmodel: Preparing models/weapons/c_models/c_v_ludmila/c_v_ludmila.mdl
L 12/22/2021 - 04:01:08: [tf2items_giveweapon.smx] [TF2Items GiveWeapon]2058_model: cannot find valid model models/custom/weapons/antehgen/urinejar.mdl, skipping
L 12/22/2021 - 04:01:08: [tf2items_giveweapon.smx] [TF2Items GiveWeapon]2058_viewmodel: cannot find valid model models/custom/weapons/antehgen/urinejar.mdl, skipping
L 12/22/2021 - 04:01:08: [tf2items_giveweapon.smx] [TF2Items GiveWeapon]2171_model: cannot find valid model models/advancedweaponiser/w_sickle_sniper.mdl, skipping
L 12/22/2021 - 04:01:08: [tf2items_giveweapon.smx] [TF2Items GiveWeapon]2171_viewmodel: cannot find valid model models/advancedweaponiser/w_sickle_sniper.mdl, skipping
L 12/22/2021 - 04:01:08: [tf2items_giveweapon.smx] [TF2Items GiveWeapon]2197_model: cannot find valid model models/custom/weapons/rebelscurse/c_wrench_v2.mdl, skipping
L 12/22/2021 - 04:01:08: [tf2items_giveweapon.smx] [TF2Items GiveWeapon]2197_viewmodel: cannot find valid model models/custom/weapons/rebelscurse/c_wrench_v2.mdl, skipping
L 12/22/2021 - 04:01:08: [tf2items_giveweapon.smx] [TF2Items GiveWeapon]2228_model: cannot find valid model models/advancedweaponiser/fbomb/c_fbomb.mdl, skipping
L 12/22/2021 - 04:01:08: [tf2items_giveweapon.smx] [TF2Items GiveWeapon]2228_viewmodel: cannot find valid model models/advancedweaponiser/fbomb/c_fbomb.mdl, skipping
L 12/22/2021 - 04:01:08: [tf2items_giveweapon.smx] [TF2Items GiveWeapon]5142_viewmodel: cannot find valid model models/custom/weapons/goldslinger/c_engineer_gunslinger.mdl, skipping
L 12/22/2021 - 04:01:09: [basecommands.smx] "Console<0><Console><Console>" changed cvar (cvar "nb_update_frequency") (value "0.03")
L 12/22/2021 - 04:01:09: [basecommands.smx] "Console<0><Console><Console>" changed cvar (cvar "fps_max") (value "0")
L 12/22/2021 - 05:14:29: [basecommands.smx] "jiim jaam<8><[U:1:109549249]><>" console command (cmdline "mp_autoteambalance 0")
L 12/22/2021 - 05:14:29: [basecommands.smx] "jiim jaam<8><[U:1:109549249]><>" console command (cmdline "mp_teams_unbalance_limit 999")
L 12/22/2021 - 05:14:29: [basecommands.smx] "jiim jaam<8><[U:1:109549249]><>" console command (cmdline "mp_disable_respawn_times 1")
L 12/22/2021 - 05:14:37: [basecommands.smx] "jiim jaam<8><[U:1:109549249]><>" console command (cmdline "mp_autoteambalance 1")
L 12/22/2021 - 05:14:59: [basecommands.smx] "jiim jaam<8><[U:1:109549249]><>" changed map to "plr_hightower"
L 12/22/2021 - 05:15:02: [SM] Changed map to "plr_hightower"
L 12/22/2021 - 05:15:03: -------- Mapchange to plr_hightower --------
L 12/22/2021 - 05:15:10: [tf2items_giveweapon.smx] [TF2Items GiveWeapon]2041_viewmodel: Preparing models/weapons/c_models/c_v_ludmila/c_v_ludmila.mdl
L 12/22/2021 - 05:15:10: [tf2items_giveweapon.smx] [TF2Items GiveWeapon]2058_model: cannot find valid model models/custom/weapons/antehgen/urinejar.mdl, skipping
L 12/22/2021 - 05:15:10: [tf2items_giveweapon.smx] [TF2Items GiveWeapon]2058_viewmodel: cannot find valid model models/custom/weapons/antehgen/urinejar.mdl, skipping
L 12/22/2021 - 05:15:10: [tf2items_giveweapon.smx] [TF2Items GiveWeapon]2171_model: cannot find valid model models/advancedweaponiser/w_sickle_sniper.mdl, skipping
L 12/22/2021 - 05:15:10: [tf2items_giveweapon.smx] [TF2Items GiveWeapon]2171_viewmodel: cannot find valid model models/advancedweaponiser/w_sickle_sniper.mdl, skipping
L 12/22/2021 - 05:15:10: [tf2items_giveweapon.smx] [TF2Items GiveWeapon]2197_model: cannot find valid model models/custom/weapons/rebelscurse/c_wrench_v2.mdl, skipping
L 12/22/2021 - 05:15:10: [tf2items_giveweapon.smx] [TF2Items GiveWeapon]2197_viewmodel: cannot find valid model models/custom/weapons/rebelscurse/c_wrench_v2.mdl, skipping
L 12/22/2021 - 05:15:10: [tf2items_giveweapon.smx] [TF2Items GiveWeapon]2228_model: cannot find valid model models/advancedweaponiser/fbomb/c_fbomb.mdl, skipping
L 12/22/2021 - 05:15:10: [tf2items_giveweapon.smx] [TF2Items GiveWeapon]2228_viewmodel: cannot find valid model models/advancedweaponiser/fbomb/c_fbomb.mdl, skipping
L 12/22/2021 - 05:15:10: [tf2items_giveweapon.smx] [TF2Items GiveWeapon]5142_viewmodel: cannot find valid model models/custom/weapons/goldslinger/c_engineer_gunslinger.mdl, skipping
L 12/22/2021 - 05:15:11: [basecommands.smx] "Console<0><Console><Console>" changed cvar (cvar "nb_update_frequency") (value "0.03")
L 12/22/2021 - 05:15:11: [basecommands.smx] "Console<0><Console><Console>" changed cvar (cvar "fps_max") (value "0")
L 12/23/2021 - 01:24:40: Log file closed.
