L 01/10/2022 - 00:20:24: SourceMod log file session started (file "/home/tf2server/hlserver/tf2/tf/addons/sourcemod/logs/L20220110.log") (Version "1.10.0.6528")
L 01/10/2022 - 00:20:24: [TF2ITEMS] "GiveNamedItem" offset = 488
L 01/10/2022 - 00:20:24: SourceMod log file session started (file "/home/tf2server/hlserver/tf2/tf/addons/sourcemod/logs/L20220110.log") (Version "1.10.0.6528")
L 01/10/2022 - 00:20:24: [TF2ITEMS] "GiveNamedItem" offset = 488
L 01/10/2022 - 00:20:24: [stac.smx] [StAC] File handle invalid!
L 01/10/2022 - 00:20:24: [stac.smx] [StAC] File handle invalid!
L 01/10/2022 - 00:20:24: [auto_steam_update.smx] HUD text is supported on this mod. The persistant timer will display.
L 01/10/2022 - 00:20:24: [auto_steam_update.smx] HUD text is supported on this mod. The persistant timer will display.
L 01/10/2022 - 00:20:24: [simple-chatprocessor.smx] [SCP] Recognized mod [Team Fortress 2].
L 01/10/2022 - 00:20:24: [simple-chatprocessor.smx] [SCP] Loading translation file [scp.tf.phrases].
L 01/10/2022 - 00:20:24: [simple-chatprocessor.smx] [SCP] Recognized mod [Team Fortress 2].
L 01/10/2022 - 00:20:24: [simple-chatprocessor.smx] [SCP] Loading translation file [scp.tf.phrases].
L 01/10/2022 - 00:20:32: [tf2items_giveweapon.smx] [TF2Items GiveWeapon]2041_viewmodel: Preparing models/weapons/c_models/c_v_ludmila/c_v_ludmila.mdl
L 01/10/2022 - 00:20:32: [tf2items_giveweapon.smx] [TF2Items GiveWeapon]2058_model: cannot find valid model models/custom/weapons/antehgen/urinejar.mdl, skipping
L 01/10/2022 - 00:20:32: [tf2items_giveweapon.smx] [TF2Items GiveWeapon]2058_viewmodel: cannot find valid model models/custom/weapons/antehgen/urinejar.mdl, skipping
L 01/10/2022 - 00:20:32: [tf2items_giveweapon.smx] [TF2Items GiveWeapon]2171_model: cannot find valid model models/advancedweaponiser/w_sickle_sniper.mdl, skipping
L 01/10/2022 - 00:20:32: [tf2items_giveweapon.smx] [TF2Items GiveWeapon]2171_viewmodel: cannot find valid model models/advancedweaponiser/w_sickle_sniper.mdl, skipping
L 01/10/2022 - 00:20:32: [tf2items_giveweapon.smx] [TF2Items GiveWeapon]2197_model: cannot find valid model models/custom/weapons/rebelscurse/c_wrench_v2.mdl, skipping
L 01/10/2022 - 00:20:32: [tf2items_giveweapon.smx] [TF2Items GiveWeapon]2197_viewmodel: cannot find valid model models/custom/weapons/rebelscurse/c_wrench_v2.mdl, skipping
L 01/10/2022 - 00:20:32: [tf2items_giveweapon.smx] [TF2Items GiveWeapon]2228_model: cannot find valid model models/advancedweaponiser/fbomb/c_fbomb.mdl, skipping
L 01/10/2022 - 00:20:32: [tf2items_giveweapon.smx] [TF2Items GiveWeapon]2228_viewmodel: cannot find valid model models/advancedweaponiser/fbomb/c_fbomb.mdl, skipping
L 01/10/2022 - 00:20:32: [tf2items_giveweapon.smx] [TF2Items GiveWeapon]5142_viewmodel: cannot find valid model models/custom/weapons/goldslinger/c_engineer_gunslinger.mdl, skipping
L 01/10/2022 - 00:20:33: [basecommands.smx] "Console<0><Console><Console>" changed cvar (cvar "nb_update_frequency") (value "0.03")
L 01/10/2022 - 00:20:33: [basecommands.smx] "Console<0><Console><Console>" changed cvar (cvar "fps_max") (value "0")
L 01/10/2022 - 00:20:33: [basecommands.smx] "Console<0><Console><Console>" changed cvar (cvar "mp_waitingforplayers_time") (value "45")
L 01/10/2022 - 00:20:33: [tf2items_giveweapon.smx] [TF2Items GiveWeapon]2041_viewmodel: Preparing models/weapons/c_models/c_v_ludmila/c_v_ludmila.mdl
L 01/10/2022 - 00:20:33: [tf2items_giveweapon.smx] [TF2Items GiveWeapon]2058_model: cannot find valid model models/custom/weapons/antehgen/urinejar.mdl, skipping
L 01/10/2022 - 00:20:33: [tf2items_giveweapon.smx] [TF2Items GiveWeapon]2058_viewmodel: cannot find valid model models/custom/weapons/antehgen/urinejar.mdl, skipping
L 01/10/2022 - 00:20:33: [tf2items_giveweapon.smx] [TF2Items GiveWeapon]2171_model: cannot find valid model models/advancedweaponiser/w_sickle_sniper.mdl, skipping
L 01/10/2022 - 00:20:33: [tf2items_giveweapon.smx] [TF2Items GiveWeapon]2171_viewmodel: cannot find valid model models/advancedweaponiser/w_sickle_sniper.mdl, skipping
L 01/10/2022 - 00:20:33: [tf2items_giveweapon.smx] [TF2Items GiveWeapon]2197_model: cannot find valid model models/custom/weapons/rebelscurse/c_wrench_v2.mdl, skipping
L 01/10/2022 - 00:20:33: [tf2items_giveweapon.smx] [TF2Items GiveWeapon]2197_viewmodel: cannot find valid model models/custom/weapons/rebelscurse/c_wrench_v2.mdl, skipping
L 01/10/2022 - 00:20:33: [tf2items_giveweapon.smx] [TF2Items GiveWeapon]2228_model: cannot find valid model models/advancedweaponiser/fbomb/c_fbomb.mdl, skipping
L 01/10/2022 - 00:20:33: [tf2items_giveweapon.smx] [TF2Items GiveWeapon]2228_viewmodel: cannot find valid model models/advancedweaponiser/fbomb/c_fbomb.mdl, skipping
L 01/10/2022 - 00:20:33: [tf2items_giveweapon.smx] [TF2Items GiveWeapon]5142_viewmodel: cannot find valid model models/custom/weapons/goldslinger/c_engineer_gunslinger.mdl, skipping
L 01/10/2022 - 00:20:34: [basecommands.smx] "Console<0><Console><Console>" changed cvar (cvar "nb_update_frequency") (value "0.03")
L 01/10/2022 - 00:20:34: [basecommands.smx] "Console<0><Console><Console>" changed cvar (cvar "fps_max") (value "0")
L 01/10/2022 - 00:20:34: [basecommands.smx] "Console<0><Console><Console>" changed cvar (cvar "mp_waitingforplayers_time") (value "45")
L 01/10/2022 - 00:20:37: [randomcycle.smx] RandomCycle has chosen arena_offblast_final for the nextmap.
L 01/10/2022 - 00:20:38: [randomcycle.smx] RandomCycle has chosen workshop/cp_overgrown.ugc503939302 for the nextmap.
L 01/10/2022 - 01:17:30: [mapchooser.smx] Voting for next map has started.
L 01/10/2022 - 01:17:31: [mapchooser.smx] Voting for next map has started.
L 01/11/2022 - 15:37:14: Log file closed.
L 01/12/2022 - 00:45:41: Log file closed.
