L 09/03/2020 - 03:46:12: SourceMod log file session started (file "/hlserver/tf2/tf/addons/sourcemod/logs/L20200903.log") (Version "1.10.0.6490")
L 09/03/2020 - 03:46:12: [admincheats.smx] <video game><STEAM_0:1:54774624><71.60.109.75> ran cheat command 'ent_create'
L 09/03/2020 - 22:18:29: Log file closed.
L 09/03/2020 - 22:18:44: SourceMod log file session started (file "/hlserver/tf2/tf/addons/sourcemod/logs/L20200903.log") (Version "1.10.0.6490")
L 09/03/2020 - 22:18:44: [TF2ITEMS] "GiveNamedItem" offset = 484
L 09/03/2020 - 22:18:44: [simple-chatprocessor.smx] [SCP] Recognized mod [Team Fortress 2].
L 09/03/2020 - 22:18:44: [simple-chatprocessor.smx] [SCP] Loading translation file [scp.tf.phrases].
L 09/03/2020 - 22:18:53: [tf2items_giveweapon.smx] [TF2Items GiveWeapon]2041_viewmodel: Preparing models/weapons/c_models/c_v_ludmila/c_v_ludmila.mdl
L 09/03/2020 - 22:18:53: [tf2items_giveweapon.smx] [TF2Items GiveWeapon]2058_model: cannot find valid model models/custom/weapons/antehgen/urinejar.mdl, skipping
L 09/03/2020 - 22:18:53: [tf2items_giveweapon.smx] [TF2Items GiveWeapon]2058_viewmodel: cannot find valid model models/custom/weapons/antehgen/urinejar.mdl, skipping
L 09/03/2020 - 22:18:53: [tf2items_giveweapon.smx] [TF2Items GiveWeapon]2171_model: cannot find valid model models/advancedweaponiser/w_sickle_sniper.mdl, skipping
L 09/03/2020 - 22:18:53: [tf2items_giveweapon.smx] [TF2Items GiveWeapon]2171_viewmodel: cannot find valid model models/advancedweaponiser/w_sickle_sniper.mdl, skipping
L 09/03/2020 - 22:18:53: [tf2items_giveweapon.smx] [TF2Items GiveWeapon]2197_model: cannot find valid model models/custom/weapons/rebelscurse/c_wrench_v2.mdl, skipping
L 09/03/2020 - 22:18:53: [tf2items_giveweapon.smx] [TF2Items GiveWeapon]2197_viewmodel: cannot find valid model models/custom/weapons/rebelscurse/c_wrench_v2.mdl, skipping
L 09/03/2020 - 22:18:53: [tf2items_giveweapon.smx] [TF2Items GiveWeapon]2228_model: cannot find valid model models/advancedweaponiser/fbomb/c_fbomb.mdl, skipping
L 09/03/2020 - 22:18:53: [tf2items_giveweapon.smx] [TF2Items GiveWeapon]2228_viewmodel: cannot find valid model models/advancedweaponiser/fbomb/c_fbomb.mdl, skipping
L 09/03/2020 - 22:18:53: [tf2items_giveweapon.smx] [TF2Items GiveWeapon]5142_viewmodel: cannot find valid model models/custom/weapons/goldslinger/c_engineer_gunslinger.mdl, skipping
L 09/03/2020 - 22:18:53: [basecommands.smx] "Console<0><Console><Console>" changed cvar (cvar "nb_update_frequency") (value "0")
L 09/03/2020 - 23:15:52: [mapchooser.smx] Voting for next map has started.
L 09/04/2020 - 06:49:47: Log file closed.
